[02:25:06] ========== C.elegans seed=4000 models=gin ==========
[02:25:06] START HAG-DTA GIN
Diff_DTA_GIN
dataset: Celegans
Learning rate: 0.0005
Epochs: 1000
Validation interval: 1
Early stop patience: 200

running on Celegans, seed=4000
Pre-processed data found: /root/autodl-tmp/HAG-DTA-cache/processed/Celegans_train.pt, loading ...
Pre-processed data found: /root/autodl-tmp/HAG-DTA-cache/processed/Celegans_val.pt, loading ...
Pre-processed data found: /root/autodl-tmp/HAG-DTA-cache/processed/Celegans_test.pt, loading ...
/root/HAG-DTA/py38_env/lib/python3.8/site-packages/torch_geometric/deprecation.py:26: UserWarning: 'data.DenseDataLoader' is deprecated, use 'loader.DenseDataLoader' instead
  warnings.warn(out)
Hierarchical pooling: n1=6, n2=3
[FIND BEST!] epoch 1 | val AUROC=0.9146 AUPRC=0.9024 Precision=0.8786 Recall=0.7546|
test AUROC=0.9383 AUPRC=0.9279 Precision=0.9141 Recall=0.8041
[FIND BEST!] epoch 2 | val AUROC=0.9686 AUPRC=0.9653 Precision=0.8441 Recall=0.9632|
test AUROC=0.9811 AUPRC=0.9779 Precision=0.8225 Recall=0.9553
[FIND BEST!] epoch 3 | val AUROC=0.9771 AUPRC=0.9762 Precision=0.9226 Recall=0.9141|
test AUROC=0.9838 AUPRC=0.9825 Precision=0.9373 Recall=0.9244
[FIND BEST!] epoch 4 | val AUROC=0.9827 AUPRC=0.9812 Precision=0.9661 Recall=0.8742|
test AUROC=0.9854 AUPRC=0.9839 Precision=0.9700 Recall=0.8900
[FIND BEST!] epoch 5 | val AUROC=0.9864 AUPRC=0.9850 Precision=0.8672 Recall=0.9816|
test AUROC=0.9882 AUPRC=0.9856 Precision=0.8494 Recall=0.9691
epoch 6 | val AUROC=0.9831 AUPRC=0.9809 Precision=0.9352 Recall=0.9294
[FIND BEST!] epoch 7 | val AUROC=0.9913 AUPRC=0.9902 Precision=0.9538 Recall=0.9509|
test AUROC=0.9865 AUPRC=0.9856 Precision=0.9512 Recall=0.9381
epoch 8 | val AUROC=0.9906 AUPRC=0.9898 Precision=0.9401 Recall=0.9632
[FIND BEST!] epoch 9 | val AUROC=0.9921 AUPRC=0.9913 Precision=0.9742 Recall=0.9264|
test AUROC=0.9890 AUPRC=0.9886 Precision=0.9819 Recall=0.9347
[FIND BEST!] epoch 10 | val AUROC=0.9935 AUPRC=0.9927 Precision=0.9515 Recall=0.9632|
test AUROC=0.9892 AUPRC=0.9886 Precision=0.9525 Recall=0.9656
epoch 11 | val AUROC=0.9927 AUPRC=0.9918 Precision=0.9433 Recall=0.9693
epoch 12 | val AUROC=0.9924 AUPRC=0.9917 Precision=0.9493 Recall=0.9755
epoch 13 | val AUROC=0.9882 AUPRC=0.9894 Precision=0.9868 Recall=0.9172
epoch 14 | val AUROC=0.9906 AUPRC=0.9913 Precision=0.9353 Recall=0.9755
epoch 15 | val AUROC=0.9892 AUPRC=0.9907 Precision=0.9836 Recall=0.9172
epoch 16 | val AUROC=0.9881 AUPRC=0.9899 Precision=0.9602 Recall=0.9632
epoch 17 | val AUROC=0.9895 AUPRC=0.9872 Precision=0.9514 Recall=0.9601
epoch 18 | val AUROC=0.9884 AUPRC=0.9864 Precision=0.9267 Recall=0.9693
epoch 19 | val AUROC=0.9906 AUPRC=0.9876 Precision=0.9572 Recall=0.9601
epoch 20 | val AUROC=0.9918 AUPRC=0.9912 Precision=0.9659 Recall=0.9571
epoch 21 | val AUROC=0.9891 AUPRC=0.9902 Precision=0.9606 Recall=0.9724
epoch 22 | val AUROC=0.9911 AUPRC=0.9905 Precision=0.9193 Recall=0.9785
epoch 23 | val AUROC=0.9902 AUPRC=0.9901 Precision=0.9548 Recall=0.9724
epoch 24 | val AUROC=0.9917 AUPRC=0.9921 Precision=0.9302 Recall=0.9816
epoch 25 | val AUROC=0.9880 AUPRC=0.9851 Precision=0.9747 Recall=0.9448
epoch 26 | val AUROC=0.9902 AUPRC=0.9910 Precision=0.9455 Recall=0.9571
epoch 27 | val AUROC=0.9899 AUPRC=0.9905 Precision=0.9515 Recall=0.9632
epoch 28 | val AUROC=0.9898 AUPRC=0.9904 Precision=0.9664 Recall=0.9693
epoch 29 | val AUROC=0.9910 AUPRC=0.9909 Precision=0.9269 Recall=0.9724
epoch 30 | val AUROC=0.9919 AUPRC=0.9928 Precision=0.9435 Recall=0.9724
[FIND BEST!] epoch 31 | val AUROC=0.9945 AUPRC=0.9942 Precision=0.9839 Recall=0.9387|
test AUROC=0.9884 AUPRC=0.9898 Precision=0.9819 Recall=0.9347
epoch 32 | val AUROC=0.9928 AUPRC=0.9921 Precision=0.9355 Recall=0.9785
epoch 33 | val AUROC=0.9926 AUPRC=0.9920 Precision=0.9601 Recall=0.9601
epoch 34 | val AUROC=0.9941 AUPRC=0.9938 Precision=0.9429 Recall=0.9632
epoch 35 | val AUROC=0.9919 AUPRC=0.9905 Precision=0.9631 Recall=0.9601
epoch 36 | val AUROC=0.9920 AUPRC=0.9912 Precision=0.9381 Recall=0.9755
epoch 37 | val AUROC=0.9925 AUPRC=0.9921 Precision=0.9463 Recall=0.9724
epoch 38 | val AUROC=0.9918 AUPRC=0.9902 Precision=0.9781 Recall=0.9601
epoch 39 | val AUROC=0.9919 AUPRC=0.9917 Precision=0.9714 Recall=0.9387
epoch 40 | val AUROC=0.9897 AUPRC=0.9872 Precision=0.9544 Recall=0.9632
epoch 41 | val AUROC=0.9885 AUPRC=0.9844 Precision=0.9377 Recall=0.9693
epoch 42 | val AUROC=0.9932 AUPRC=0.9926 Precision=0.9713 Recall=0.9356
epoch 43 | val AUROC=0.9934 AUPRC=0.9928 Precision=0.9633 Recall=0.9663
epoch 44 | val AUROC=0.9910 AUPRC=0.9892 Precision=0.9433 Recall=0.9693
epoch 45 | val AUROC=0.9930 AUPRC=0.9913 Precision=0.9692 Recall=0.9663
epoch 46 | val AUROC=0.9934 AUPRC=0.9928 Precision=0.9384 Recall=0.9816
epoch 47 | val AUROC=0.9921 AUPRC=0.9900 Precision=0.9627 Recall=0.9509
epoch 48 | val AUROC=0.9912 AUPRC=0.9895 Precision=0.9493 Recall=0.9755
epoch 49 | val AUROC=0.9925 AUPRC=0.9922 Precision=0.9574 Recall=0.9663
epoch 50 | val AUROC=0.9939 AUPRC=0.9940 Precision=0.9691 Recall=0.9632
epoch 51 | val AUROC=0.9937 AUPRC=0.9925 Precision=0.9548 Recall=0.9724
[FIND BEST!] epoch 52 | val AUROC=0.9946 AUPRC=0.9947 Precision=0.9811 Recall=0.9571|
test AUROC=0.9875 AUPRC=0.9882 Precision=0.9754 Recall=0.9519
[FIND BEST!] epoch 53 | val AUROC=0.9949 AUPRC=0.9946 Precision=0.9663 Recall=0.9663|
test AUROC=0.9899 AUPRC=0.9898 Precision=0.9589 Recall=0.9622
epoch 54 | val AUROC=0.9932 AUPRC=0.9924 Precision=0.9574 Recall=0.9663
epoch 55 | val AUROC=0.9925 AUPRC=0.9916 Precision=0.9577 Recall=0.9724
epoch 56 | val AUROC=0.9930 AUPRC=0.9925 Precision=0.9410 Recall=0.9785
epoch 57 | val AUROC=0.9927 AUPRC=0.9919 Precision=0.9601 Recall=0.9601
epoch 58 | val AUROC=0.9918 AUPRC=0.9921 Precision=0.9600 Recall=0.9571
epoch 59 | val AUROC=0.9904 AUPRC=0.9871 Precision=0.9485 Recall=0.9601
epoch 60 | val AUROC=0.9911 AUPRC=0.9900 Precision=0.9458 Recall=0.9632
epoch 61 | val AUROC=0.9898 AUPRC=0.9884 Precision=0.9433 Recall=0.9693
epoch 62 | val AUROC=0.9896 AUPRC=0.9883 Precision=0.9517 Recall=0.9663
epoch 63 | val AUROC=0.9913 AUPRC=0.9908 Precision=0.9438 Recall=0.9785
epoch 64 | val AUROC=0.9912 AUPRC=0.9901 Precision=0.9466 Recall=0.9785
epoch 65 | val AUROC=0.9936 AUPRC=0.9938 Precision=0.9691 Recall=0.9632
epoch 66 | val AUROC=0.9919 AUPRC=0.9893 Precision=0.9602 Recall=0.9632
epoch 67 | val AUROC=0.9879 AUPRC=0.9856 Precision=0.9224 Recall=0.9479
epoch 68 | val AUROC=0.9907 AUPRC=0.9888 Precision=0.9704 Recall=0.9049
epoch 69 | val AUROC=0.9908 AUPRC=0.9878 Precision=0.8972 Recall=0.9908
epoch 70 | val AUROC=0.9914 AUPRC=0.9891 Precision=0.9573 Recall=0.9632
epoch 71 | val AUROC=0.9893 AUPRC=0.9850 Precision=0.9351 Recall=0.9724
epoch 72 | val AUROC=0.9929 AUPRC=0.9917 Precision=0.9599 Recall=0.9540
epoch 73 | val AUROC=0.9921 AUPRC=0.9904 Precision=0.9686 Recall=0.9448
epoch 74 | val AUROC=0.9927 AUPRC=0.9917 Precision=0.9485 Recall=0.9601
epoch 75 | val AUROC=0.9939 AUPRC=0.9929 Precision=0.9548 Recall=0.9724
epoch 76 | val AUROC=0.9934 AUPRC=0.9923 Precision=0.9459 Recall=0.9663
epoch 77 | val AUROC=0.9934 AUPRC=0.9911 Precision=0.9548 Recall=0.9724
epoch 78 | val AUROC=0.9930 AUPRC=0.9917 Precision=0.9518 Recall=0.9693
epoch 79 | val AUROC=0.9937 AUPRC=0.9929 Precision=0.9601 Recall=0.9601
epoch 80 | val AUROC=0.9944 AUPRC=0.9941 Precision=0.9600 Recall=0.9571
epoch 81 | val AUROC=0.9900 AUPRC=0.9873 Precision=0.9653 Recall=0.9387
epoch 82 | val AUROC=0.9926 AUPRC=0.9912 Precision=0.9688 Recall=0.9509
epoch 83 | val AUROC=0.9926 AUPRC=0.9920 Precision=0.9548 Recall=0.9724
epoch 84 | val AUROC=0.9932 AUPRC=0.9934 Precision=0.9690 Recall=0.9601
epoch 85 | val AUROC=0.9930 AUPRC=0.9933 Precision=0.9664 Recall=0.9693
epoch 86 | val AUROC=0.9943 AUPRC=0.9941 Precision=0.9691 Recall=0.9632
epoch 87 | val AUROC=0.9928 AUPRC=0.9921 Precision=0.9600 Recall=0.9571
epoch 88 | val AUROC=0.9932 AUPRC=0.9927 Precision=0.9632 Recall=0.9632
epoch 89 | val AUROC=0.9938 AUPRC=0.9933 Precision=0.9545 Recall=0.9663
epoch 90 | val AUROC=0.9934 AUPRC=0.9924 Precision=0.9464 Recall=0.9755
epoch 91 | val AUROC=0.9941 AUPRC=0.9941 Precision=0.9752 Recall=0.9632
epoch 92 | val AUROC=0.9927 AUPRC=0.9917 Precision=0.9550 Recall=0.9755
epoch 93 | val AUROC=0.9936 AUPRC=0.9935 Precision=0.9658 Recall=0.9540
epoch 94 | val AUROC=0.9936 AUPRC=0.9934 Precision=0.9578 Recall=0.9755
epoch 95 | val AUROC=0.9935 AUPRC=0.9940 Precision=0.9811 Recall=0.9571
epoch 96 | val AUROC=0.9944 AUPRC=0.9945 Precision=0.9384 Recall=0.9816
epoch 97 | val AUROC=0.9938 AUPRC=0.9940 Precision=0.9780 Recall=0.9540
epoch 98 | val AUROC=0.9934 AUPRC=0.9929 Precision=0.9515 Recall=0.9632
epoch 99 | val AUROC=0.9946 AUPRC=0.9945 Precision=0.9750 Recall=0.9571
epoch 100 | val AUROC=0.9931 AUPRC=0.9936 Precision=0.9631 Recall=0.9601
epoch 101 | val AUROC=0.9935 AUPRC=0.9927 Precision=0.9435 Recall=0.9724
epoch 102 | val AUROC=0.9939 AUPRC=0.9936 Precision=0.9576 Recall=0.9693
epoch 103 | val AUROC=0.9938 AUPRC=0.9930 Precision=0.9602 Recall=0.9632
epoch 104 | val AUROC=0.9935 AUPRC=0.9927 Precision=0.9518 Recall=0.9693
epoch 105 | val AUROC=0.9935 AUPRC=0.9935 Precision=0.9606 Recall=0.9724
epoch 106 | val AUROC=0.9935 AUPRC=0.9927 Precision=0.9605 Recall=0.9693
epoch 107 | val AUROC=0.9948 AUPRC=0.9945 Precision=0.9545 Recall=0.9663
epoch 108 | val AUROC=0.9946 AUPRC=0.9938 Precision=0.9520 Recall=0.9724
[FIND BEST!] epoch 109 | val AUROC=0.9954 AUPRC=0.9953 Precision=0.9693 Recall=0.9693|
test AUROC=0.9891 AUPRC=0.9905 Precision=0.9619 Recall=0.9553
epoch 110 | val AUROC=0.9950 AUPRC=0.9948 Precision=0.9660 Recall=0.9601
epoch 111 | val AUROC=0.9947 AUPRC=0.9940 Precision=0.9664 Recall=0.9693
epoch 112 | val AUROC=0.9930 AUPRC=0.9925 Precision=0.9630 Recall=0.9571
epoch 113 | val AUROC=0.9937 AUPRC=0.9930 Precision=0.9721 Recall=0.9632
epoch 114 | val AUROC=0.9941 AUPRC=0.9940 Precision=0.9632 Recall=0.9632
epoch 115 | val AUROC=0.9930 AUPRC=0.9929 Precision=0.9576 Recall=0.9693
epoch 116 | val AUROC=0.9926 AUPRC=0.9924 Precision=0.9751 Recall=0.9601
epoch 117 | val AUROC=0.9948 AUPRC=0.9943 Precision=0.9663 Recall=0.9663
[FIND BEST!] epoch 118 | val AUROC=0.9956 AUPRC=0.9951 Precision=0.9496 Recall=0.9816|
test AUROC=0.9903 AUPRC=0.9916 Precision=0.9338 Recall=0.9691
epoch 119 | val AUROC=0.9942 AUPRC=0.9944 Precision=0.9658 Recall=0.9540
epoch 120 | val AUROC=0.9925 AUPRC=0.9919 Precision=0.9688 Recall=0.9509
epoch 121 | val AUROC=0.9892 AUPRC=0.9884 Precision=0.9626 Recall=0.9479
epoch 122 | val AUROC=0.9942 AUPRC=0.9942 Precision=0.9604 Recall=0.9663
epoch 123 | val AUROC=0.9943 AUPRC=0.9937 Precision=0.9353 Recall=0.9755
epoch 124 | val AUROC=0.9939 AUPRC=0.9919 Precision=0.9578 Recall=0.9755
epoch 125 | val AUROC=0.9942 AUPRC=0.9927 Precision=0.9782 Recall=0.9632
epoch 126 | val AUROC=0.9918 AUPRC=0.9895 Precision=0.9467 Recall=0.9816
epoch 127 | val AUROC=0.9932 AUPRC=0.9914 Precision=0.9660 Recall=0.9601
epoch 128 | val AUROC=0.9931 AUPRC=0.9918 Precision=0.9522 Recall=0.9785
epoch 129 | val AUROC=0.9947 AUPRC=0.9937 Precision=0.9633 Recall=0.9663
epoch 130 | val AUROC=0.9948 AUPRC=0.9936 Precision=0.9578 Recall=0.9755
epoch 131 | val AUROC=0.9951 AUPRC=0.9945 Precision=0.9550 Recall=0.9755
epoch 132 | val AUROC=0.9951 AUPRC=0.9941 Precision=0.9632 Recall=0.9632
epoch 133 | val AUROC=0.9940 AUPRC=0.9927 Precision=0.9631 Recall=0.9601
epoch 134 | val AUROC=0.9955 AUPRC=0.9949 Precision=0.9690 Recall=0.9601
epoch 135 | val AUROC=0.9948 AUPRC=0.9938 Precision=0.9605 Recall=0.9693
epoch 136 | val AUROC=0.9952 AUPRC=0.9947 Precision=0.9660 Recall=0.9601
epoch 137 | val AUROC=0.9947 AUPRC=0.9934 Precision=0.9521 Recall=0.9755
epoch 138 | val AUROC=0.9949 AUPRC=0.9936 Precision=0.9635 Recall=0.9724
epoch 139 | val AUROC=0.9946 AUPRC=0.9934 Precision=0.9691 Recall=0.9632
epoch 140 | val AUROC=0.9949 AUPRC=0.9940 Precision=0.9691 Recall=0.9632
epoch 141 | val AUROC=0.9942 AUPRC=0.9925 Precision=0.9720 Recall=0.9601
epoch 142 | val AUROC=0.9949 AUPRC=0.9937 Precision=0.9692 Recall=0.9663
epoch 143 | val AUROC=0.9938 AUPRC=0.9922 Precision=0.9602 Recall=0.9632
epoch 144 | val AUROC=0.9948 AUPRC=0.9936 Precision=0.9779 Recall=0.9509
epoch 145 | val AUROC=0.9946 AUPRC=0.9941 Precision=0.9547 Recall=0.9693
epoch 146 | val AUROC=0.9952 AUPRC=0.9947 Precision=0.9662 Recall=0.9632
epoch 147 | val AUROC=0.9947 AUPRC=0.9936 Precision=0.9722 Recall=0.9663
epoch 148 | val AUROC=0.9937 AUPRC=0.9925 Precision=0.9663 Recall=0.9663
epoch 149 | val AUROC=0.9952 AUPRC=0.9945 Precision=0.9720 Recall=0.9571
epoch 150 | val AUROC=0.9951 AUPRC=0.9949 Precision=0.9752 Recall=0.9632
epoch 151 | val AUROC=0.9940 AUPRC=0.9929 Precision=0.9692 Recall=0.9663
epoch 152 | val AUROC=0.9939 AUPRC=0.9938 Precision=0.9660 Recall=0.9601
epoch 153 | val AUROC=0.9931 AUPRC=0.9921 Precision=0.9781 Recall=0.9571
epoch 154 | val AUROC=0.9947 AUPRC=0.9945 Precision=0.9721 Recall=0.9632
epoch 155 | val AUROC=0.9946 AUPRC=0.9944 Precision=0.9693 Recall=0.9693
epoch 156 | val AUROC=0.9925 AUPRC=0.9916 Precision=0.9491 Recall=0.9724
epoch 157 | val AUROC=0.9941 AUPRC=0.9934 Precision=0.9658 Recall=0.9540
epoch 158 | val AUROC=0.9944 AUPRC=0.9942 Precision=0.9691 Recall=0.9632
[FIND BEST!] epoch 159 | val AUROC=0.9962 AUPRC=0.9958 Precision=0.9379 Recall=0.9724|
test AUROC=0.9912 AUPRC=0.9915 Precision=0.9402 Recall=0.9725
epoch 160 | val AUROC=0.9935 AUPRC=0.9937 Precision=0.9781 Recall=0.9571
epoch 161 | val AUROC=0.9945 AUPRC=0.9939 Precision=0.9548 Recall=0.9724
epoch 162 | val AUROC=0.9913 AUPRC=0.9893 Precision=0.9665 Recall=0.9724
epoch 163 | val AUROC=0.9939 AUPRC=0.9934 Precision=0.9550 Recall=0.9755
epoch 164 | val AUROC=0.9947 AUPRC=0.9943 Precision=0.9693 Recall=0.9693
epoch 165 | val AUROC=0.9927 AUPRC=0.9917 Precision=0.9379 Recall=0.9724
epoch 166 | val AUROC=0.9941 AUPRC=0.9934 Precision=0.9604 Recall=0.9663
epoch 167 | val AUROC=0.9953 AUPRC=0.9946 Precision=0.9632 Recall=0.9632
epoch 168 | val AUROC=0.9953 AUPRC=0.9949 Precision=0.9608 Recall=0.9785
epoch 169 | val AUROC=0.9958 AUPRC=0.9956 Precision=0.9524 Recall=0.9816
epoch 170 | val AUROC=0.9953 AUPRC=0.9954 Precision=0.9606 Recall=0.9724
epoch 171 | val AUROC=0.9944 AUPRC=0.9938 Precision=0.9635 Recall=0.9724
epoch 172 | val AUROC=0.9938 AUPRC=0.9929 Precision=0.9605 Recall=0.9693
epoch 173 | val AUROC=0.9937 AUPRC=0.9934 Precision=0.9666 Recall=0.9755
epoch 174 | val AUROC=0.9939 AUPRC=0.9935 Precision=0.9551 Recall=0.9785
epoch 175 | val AUROC=0.9935 AUPRC=0.9941 Precision=0.9581 Recall=0.9816
epoch 176 | val AUROC=0.9928 AUPRC=0.9926 Precision=0.9607 Recall=0.9755
epoch 177 | val AUROC=0.9925 AUPRC=0.9928 Precision=0.9668 Recall=0.9816
epoch 178 | val AUROC=0.9933 AUPRC=0.9938 Precision=0.9663 Recall=0.9663
epoch 179 | val AUROC=0.9946 AUPRC=0.9948 Precision=0.9664 Recall=0.9693
epoch 180 | val AUROC=0.9943 AUPRC=0.9944 Precision=0.9521 Recall=0.9755
epoch 181 | val AUROC=0.9935 AUPRC=0.9930 Precision=0.9689 Recall=0.9571
epoch 182 | val AUROC=0.9941 AUPRC=0.9937 Precision=0.9663 Recall=0.9663
epoch 183 | val AUROC=0.9937 AUPRC=0.9934 Precision=0.9547 Recall=0.9693
epoch 184 | val AUROC=0.9945 AUPRC=0.9944 Precision=0.9574 Recall=0.9663
epoch 185 | val AUROC=0.9944 AUPRC=0.9946 Precision=0.9605 Recall=0.9693
epoch 186 | val AUROC=0.9946 AUPRC=0.9945 Precision=0.9607 Recall=0.9755
epoch 187 | val AUROC=0.9943 AUPRC=0.9942 Precision=0.9604 Recall=0.9663
epoch 188 | val AUROC=0.9940 AUPRC=0.9937 Precision=0.9659 Recall=0.9571
epoch 189 | val AUROC=0.9937 AUPRC=0.9937 Precision=0.9634 Recall=0.9693
epoch 190 | val AUROC=0.9940 AUPRC=0.9939 Precision=0.9577 Recall=0.9724
epoch 191 | val AUROC=0.9943 AUPRC=0.9942 Precision=0.9602 Recall=0.9632
epoch 192 | val AUROC=0.9945 AUPRC=0.9941 Precision=0.9607 Recall=0.9755
epoch 193 | val AUROC=0.9938 AUPRC=0.9937 Precision=0.9606 Recall=0.9724
epoch 194 | val AUROC=0.9943 AUPRC=0.9940 Precision=0.9690 Recall=0.9601
epoch 195 | val AUROC=0.9944 AUPRC=0.9939 Precision=0.9633 Recall=0.9663
epoch 196 | val AUROC=0.9943 AUPRC=0.9937 Precision=0.9493 Recall=0.9755
epoch 197 | val AUROC=0.9942 AUPRC=0.9938 Precision=0.9634 Recall=0.9693
epoch 198 | val AUROC=0.9908 AUPRC=0.9889 Precision=0.9459 Recall=0.9663
epoch 199 | val AUROC=0.9890 AUPRC=0.9885 Precision=0.9651 Recall=0.9325
epoch 200 | val AUROC=0.9926 AUPRC=0.9913 Precision=0.9601 Recall=0.9601
epoch 201 | val AUROC=0.9934 AUPRC=0.9920 Precision=0.9617 Recall=0.9233
epoch 202 | val AUROC=0.9934 AUPRC=0.9917 Precision=0.9435 Recall=0.9724
epoch 203 | val AUROC=0.9932 AUPRC=0.9916 Precision=0.9544 Recall=0.9632
epoch 204 | val AUROC=0.9945 AUPRC=0.9936 Precision=0.9547 Recall=0.9693
epoch 205 | val AUROC=0.9950 AUPRC=0.9939 Precision=0.9633 Recall=0.9663
epoch 206 | val AUROC=0.9940 AUPRC=0.9925 Precision=0.9572 Recall=0.9601
epoch 207 | val AUROC=0.9943 AUPRC=0.9931 Precision=0.9606 Recall=0.9724
epoch 208 | val AUROC=0.9950 AUPRC=0.9940 Precision=0.9518 Recall=0.9693
epoch 209 | val AUROC=0.9942 AUPRC=0.9929 Precision=0.9464 Recall=0.9755
epoch 210 | val AUROC=0.9933 AUPRC=0.9917 Precision=0.9515 Recall=0.9632
epoch 211 | val AUROC=0.9939 AUPRC=0.9929 Precision=0.9541 Recall=0.9571
epoch 212 | val AUROC=0.9934 AUPRC=0.9913 Precision=0.9514 Recall=0.9601
epoch 213 | val AUROC=0.9940 AUPRC=0.9925 Precision=0.9547 Recall=0.9693
epoch 214 | val AUROC=0.9941 AUPRC=0.9930 Precision=0.9574 Recall=0.9663
epoch 215 | val AUROC=0.9927 AUPRC=0.9916 Precision=0.9683 Recall=0.9356
epoch 216 | val AUROC=0.9930 AUPRC=0.9918 Precision=0.9540 Recall=0.9540
epoch 217 | val AUROC=0.9913 AUPRC=0.9882 Precision=0.9518 Recall=0.9693
epoch 218 | val AUROC=0.9907 AUPRC=0.9881 Precision=0.9632 Recall=0.9632
epoch 219 | val AUROC=0.9895 AUPRC=0.9859 Precision=0.9463 Recall=0.9724
epoch 220 | val AUROC=0.9915 AUPRC=0.9902 Precision=0.9565 Recall=0.9448
epoch 221 | val AUROC=0.9916 AUPRC=0.9904 Precision=0.9489 Recall=0.9693
epoch 222 | val AUROC=0.9902 AUPRC=0.9863 Precision=0.9631 Recall=0.9601
epoch 223 | val AUROC=0.9904 AUPRC=0.9862 Precision=0.9627 Recall=0.9509
epoch 224 | val AUROC=0.9901 AUPRC=0.9855 Precision=0.9541 Recall=0.9571
epoch 225 | val AUROC=0.9897 AUPRC=0.9837 Precision=0.9534 Recall=0.9417
epoch 226 | val AUROC=0.9939 AUPRC=0.9926 Precision=0.9572 Recall=0.9601
epoch 227 | val AUROC=0.9916 AUPRC=0.9874 Precision=0.9436 Recall=0.9755
epoch 228 | val AUROC=0.9928 AUPRC=0.9899 Precision=0.9685 Recall=0.9417
epoch 229 | val AUROC=0.9917 AUPRC=0.9838 Precision=0.9545 Recall=0.9663
epoch 230 | val AUROC=0.9919 AUPRC=0.9873 Precision=0.9599 Recall=0.9540
epoch 231 | val AUROC=0.9926 AUPRC=0.9882 Precision=0.9543 Recall=0.9601
epoch 232 | val AUROC=0.9930 AUPRC=0.9905 Precision=0.9458 Recall=0.9632
epoch 233 | val AUROC=0.9950 AUPRC=0.9936 Precision=0.9659 Recall=0.9571
epoch 234 | val AUROC=0.9936 AUPRC=0.9904 Precision=0.9461 Recall=0.9693
epoch 235 | val AUROC=0.9911 AUPRC=0.9780 Precision=0.9632 Recall=0.9632
epoch 236 | val AUROC=0.9934 AUPRC=0.9869 Precision=0.9687 Recall=0.9479
epoch 237 | val AUROC=0.9937 AUPRC=0.9901 Precision=0.9572 Recall=0.9601
epoch 238 | val AUROC=0.9927 AUPRC=0.9904 Precision=0.9543 Recall=0.9601
epoch 239 | val AUROC=0.9923 AUPRC=0.9898 Precision=0.9596 Recall=0.9479
epoch 240 | val AUROC=0.9907 AUPRC=0.9849 Precision=0.9576 Recall=0.9693
epoch 241 | val AUROC=0.9903 AUPRC=0.9821 Precision=0.9543 Recall=0.9601
epoch 242 | val AUROC=0.9911 AUPRC=0.9856 Precision=0.9625 Recall=0.9448
epoch 243 | val AUROC=0.9912 AUPRC=0.9847 Precision=0.9599 Recall=0.9540
epoch 244 | val AUROC=0.9910 AUPRC=0.9868 Precision=0.9688 Recall=0.9509
epoch 245 | val AUROC=0.9915 AUPRC=0.9875 Precision=0.9604 Recall=0.9663
epoch 246 | val AUROC=0.9903 AUPRC=0.9859 Precision=0.9604 Recall=0.9663
epoch 247 | val AUROC=0.9888 AUPRC=0.9801 Precision=0.9564 Recall=0.9417
epoch 248 | val AUROC=0.9907 AUPRC=0.9819 Precision=0.9633 Recall=0.9663
epoch 249 | val AUROC=0.9915 AUPRC=0.9830 Precision=0.9664 Recall=0.9693
epoch 250 | val AUROC=0.9921 AUPRC=0.9846 Precision=0.9691 Recall=0.9632
epoch 251 | val AUROC=0.9902 AUPRC=0.9845 Precision=0.9633 Recall=0.9663
epoch 252 | val AUROC=0.9935 AUPRC=0.9901 Precision=0.9574 Recall=0.9663
epoch 253 | val AUROC=0.9920 AUPRC=0.9870 Precision=0.9604 Recall=0.9663
epoch 254 | val AUROC=0.9907 AUPRC=0.9885 Precision=0.9687 Recall=0.9479
epoch 255 | val AUROC=0.9950 AUPRC=0.9940 Precision=0.9605 Recall=0.9693
epoch 256 | val AUROC=0.9941 AUPRC=0.9928 Precision=0.9488 Recall=0.9663
epoch 257 | val AUROC=0.9950 AUPRC=0.9908 Precision=0.9467 Recall=0.9816
epoch 258 | val AUROC=0.9922 AUPRC=0.9881 Precision=0.9360 Recall=0.9877
epoch 259 | val AUROC=0.9924 AUPRC=0.9889 Precision=0.9574 Recall=0.9663
epoch 260 | val AUROC=0.9926 AUPRC=0.9895 Precision=0.9545 Recall=0.9663
epoch 261 | val AUROC=0.9947 AUPRC=0.9935 Precision=0.9574 Recall=0.9663
epoch 262 | val AUROC=0.9915 AUPRC=0.9898 Precision=0.9324 Recall=0.9724
epoch 263 | val AUROC=0.9881 AUPRC=0.9826 Precision=0.9528 Recall=0.9294
epoch 264 | val AUROC=0.9918 AUPRC=0.9880 Precision=0.9491 Recall=0.9724
epoch 265 | val AUROC=0.9915 AUPRC=0.9890 Precision=0.9601 Recall=0.9601
epoch 266 | val AUROC=0.9915 AUPRC=0.9851 Precision=0.9573 Recall=0.9632
epoch 267 | val AUROC=0.9929 AUPRC=0.9919 Precision=0.9660 Recall=0.9601
epoch 268 | val AUROC=0.9943 AUPRC=0.9934 Precision=0.9605 Recall=0.9693
epoch 269 | val AUROC=0.9934 AUPRC=0.9925 Precision=0.9509 Recall=0.9509
epoch 270 | val AUROC=0.9934 AUPRC=0.9915 Precision=0.9543 Recall=0.9601
epoch 271 | val AUROC=0.9923 AUPRC=0.9909 Precision=0.9433 Recall=0.9693
epoch 272 | val AUROC=0.9941 AUPRC=0.9934 Precision=0.9634 Recall=0.9693
epoch 273 | val AUROC=0.9940 AUPRC=0.9934 Precision=0.9634 Recall=0.9693
epoch 274 | val AUROC=0.9940 AUPRC=0.9933 Precision=0.9550 Recall=0.9755
epoch 275 | val AUROC=0.9936 AUPRC=0.9931 Precision=0.9664 Recall=0.9693
epoch 276 | val AUROC=0.9937 AUPRC=0.9927 Precision=0.9601 Recall=0.9601
epoch 277 | val AUROC=0.9939 AUPRC=0.9930 Precision=0.9515 Recall=0.9632
epoch 278 | val AUROC=0.9943 AUPRC=0.9933 Precision=0.9604 Recall=0.9663
epoch 279 | val AUROC=0.9946 AUPRC=0.9939 Precision=0.9720 Recall=0.9571
epoch 280 | val AUROC=0.9939 AUPRC=0.9930 Precision=0.9604 Recall=0.9663
epoch 281 | val AUROC=0.9946 AUPRC=0.9936 Precision=0.9604 Recall=0.9663
epoch 282 | val AUROC=0.9950 AUPRC=0.9943 Precision=0.9633 Recall=0.9663
epoch 283 | val AUROC=0.9953 AUPRC=0.9945 Precision=0.9632 Recall=0.9632
epoch 284 | val AUROC=0.9956 AUPRC=0.9950 Precision=0.9752 Recall=0.9632
epoch 285 | val AUROC=0.9951 AUPRC=0.9946 Precision=0.9721 Recall=0.9632
epoch 286 | val AUROC=0.9947 AUPRC=0.9938 Precision=0.9720 Recall=0.9601
epoch 287 | val AUROC=0.9960 AUPRC=0.9954 Precision=0.9522 Recall=0.9785
epoch 288 | val AUROC=0.9946 AUPRC=0.9939 Precision=0.9688 Recall=0.9540
epoch 289 | val AUROC=0.9938 AUPRC=0.9923 Precision=0.9722 Recall=0.9663
epoch 290 | val AUROC=0.9933 AUPRC=0.9898 Precision=0.9550 Recall=0.9755
epoch 291 | val AUROC=0.9934 AUPRC=0.9914 Precision=0.9660 Recall=0.9601
epoch 292 | val AUROC=0.9933 AUPRC=0.9919 Precision=0.9547 Recall=0.9693
epoch 293 | val AUROC=0.9912 AUPRC=0.9892 Precision=0.9683 Recall=0.9356
epoch 294 | val AUROC=0.9908 AUPRC=0.9874 Precision=0.9438 Recall=0.9785
epoch 295 | val AUROC=0.9930 AUPRC=0.9914 Precision=0.9545 Recall=0.9663
epoch 296 | val AUROC=0.9903 AUPRC=0.9874 Precision=0.9213 Recall=0.9693
epoch 297 | val AUROC=0.9936 AUPRC=0.9924 Precision=0.9600 Recall=0.9571
epoch 298 | val AUROC=0.9890 AUPRC=0.9872 Precision=0.9371 Recall=0.9601
epoch 299 | val AUROC=0.9908 AUPRC=0.9889 Precision=0.9431 Recall=0.9663
epoch 300 | val AUROC=0.9919 AUPRC=0.9909 Precision=0.9451 Recall=0.9509
epoch 301 | val AUROC=0.9912 AUPRC=0.9894 Precision=0.9455 Recall=0.9571
epoch 302 | val AUROC=0.9908 AUPRC=0.9891 Precision=0.9428 Recall=0.9601
epoch 303 | val AUROC=0.9923 AUPRC=0.9908 Precision=0.9459 Recall=0.9663
epoch 304 | val AUROC=0.9899 AUPRC=0.9863 Precision=0.9540 Recall=0.9540
epoch 305 | val AUROC=0.9893 AUPRC=0.9846 Precision=0.9322 Recall=0.9693
epoch 306 | val AUROC=0.9888 AUPRC=0.9824 Precision=0.9571 Recall=0.9571
epoch 307 | val AUROC=0.9882 AUPRC=0.9820 Precision=0.9065 Recall=0.9816
epoch 308 | val AUROC=0.9929 AUPRC=0.9908 Precision=0.9511 Recall=0.9540
epoch 309 | val AUROC=0.9948 AUPRC=0.9942 Precision=0.9482 Recall=0.9540
epoch 310 | val AUROC=0.9930 AUPRC=0.9912 Precision=0.9435 Recall=0.9724
epoch 311 | val AUROC=0.9931 AUPRC=0.9918 Precision=0.9515 Recall=0.9632
epoch 312 | val AUROC=0.9930 AUPRC=0.9913 Precision=0.9433 Recall=0.9693
epoch 313 | val AUROC=0.9932 AUPRC=0.9920 Precision=0.9598 Recall=0.9509
epoch 314 | val AUROC=0.9929 AUPRC=0.9922 Precision=0.9456 Recall=0.9601
epoch 315 | val AUROC=0.9941 AUPRC=0.9935 Precision=0.9506 Recall=0.9448
epoch 316 | val AUROC=0.9937 AUPRC=0.9928 Precision=0.9456 Recall=0.9601
epoch 317 | val AUROC=0.9946 AUPRC=0.9938 Precision=0.9459 Recall=0.9663
epoch 318 | val AUROC=0.9918 AUPRC=0.9902 Precision=0.9567 Recall=0.9479
epoch 319 | val AUROC=0.9922 AUPRC=0.9909 Precision=0.9290 Recall=0.9632
epoch 320 | val AUROC=0.9931 AUPRC=0.9911 Precision=0.9543 Recall=0.9601
epoch 321 | val AUROC=0.9943 AUPRC=0.9929 Precision=0.9488 Recall=0.9663
epoch 322 | val AUROC=0.9938 AUPRC=0.9923 Precision=0.9382 Recall=0.9785
epoch 323 | val AUROC=0.9918 AUPRC=0.9894 Precision=0.9431 Recall=0.9663
epoch 324 | val AUROC=0.9931 AUPRC=0.9906 Precision=0.9405 Recall=0.9693
epoch 325 | val AUROC=0.9939 AUPRC=0.9921 Precision=0.9625 Recall=0.9448
epoch 326 | val AUROC=0.9926 AUPRC=0.9905 Precision=0.9573 Recall=0.9632
epoch 327 | val AUROC=0.9925 AUPRC=0.9899 Precision=0.9459 Recall=0.9663
epoch 328 | val AUROC=0.9929 AUPRC=0.9912 Precision=0.9453 Recall=0.9540
epoch 329 | val AUROC=0.9935 AUPRC=0.9913 Precision=0.9455 Recall=0.9571
epoch 330 | val AUROC=0.9930 AUPRC=0.9909 Precision=0.9398 Recall=0.9571
epoch 331 | val AUROC=0.9914 AUPRC=0.9878 Precision=0.9451 Recall=0.9509
epoch 332 | val AUROC=0.9929 AUPRC=0.9902 Precision=0.9596 Recall=0.9479
epoch 333 | val AUROC=0.9913 AUPRC=0.9851 Precision=0.9429 Recall=0.9632
epoch 334 | val AUROC=0.9904 AUPRC=0.9819 Precision=0.9486 Recall=0.9632
epoch 335 | val AUROC=0.9934 AUPRC=0.9908 Precision=0.9515 Recall=0.9632
epoch 336 | val AUROC=0.9932 AUPRC=0.9904 Precision=0.9440 Recall=0.9816
epoch 337 | val AUROC=0.9936 AUPRC=0.9915 Precision=0.9517 Recall=0.9663
epoch 338 | val AUROC=0.9916 AUPRC=0.9876 Precision=0.9489 Recall=0.9693
epoch 339 | val AUROC=0.9929 AUPRC=0.9906 Precision=0.9657 Recall=0.9509
epoch 340 | val AUROC=0.9930 AUPRC=0.9903 Precision=0.9463 Recall=0.9724
epoch 341 | val AUROC=0.9945 AUPRC=0.9939 Precision=0.9627 Recall=0.9509
epoch 342 | val AUROC=0.9934 AUPRC=0.9923 Precision=0.9486 Recall=0.9632
epoch 343 | val AUROC=0.9927 AUPRC=0.9908 Precision=0.9399 Recall=0.9601
epoch 344 | val AUROC=0.9917 AUPRC=0.9891 Precision=0.9485 Recall=0.9601
epoch 345 | val AUROC=0.9927 AUPRC=0.9916 Precision=0.9483 Recall=0.9571
epoch 346 | val AUROC=0.9920 AUPRC=0.9903 Precision=0.9483 Recall=0.9571
epoch 347 | val AUROC=0.9916 AUPRC=0.9895 Precision=0.9573 Recall=0.9632
epoch 348 | val AUROC=0.9915 AUPRC=0.9903 Precision=0.9459 Recall=0.9663
epoch 349 | val AUROC=0.9912 AUPRC=0.9895 Precision=0.9296 Recall=0.9724
epoch 350 | val AUROC=0.9908 AUPRC=0.9866 Precision=0.9489 Recall=0.9693
epoch 351 | val AUROC=0.9922 AUPRC=0.9902 Precision=0.9545 Recall=0.9663
epoch 352 | val AUROC=0.9919 AUPRC=0.9890 Precision=0.9480 Recall=0.9509
epoch 353 | val AUROC=0.9913 AUPRC=0.9878 Precision=0.9403 Recall=0.9663
epoch 354 | val AUROC=0.9934 AUPRC=0.9924 Precision=0.9431 Recall=0.9663
epoch 355 | val AUROC=0.9930 AUPRC=0.9905 Precision=0.9436 Recall=0.9755
epoch 356 | val AUROC=0.9943 AUPRC=0.9929 Precision=0.9461 Recall=0.9693
epoch 357 | val AUROC=0.9932 AUPRC=0.9907 Precision=0.9482 Recall=0.9540
epoch 358 | val AUROC=0.9952 AUPRC=0.9943 Precision=0.9515 Recall=0.9632
epoch 359 | val AUROC=0.9936 AUPRC=0.9922 Precision=0.9461 Recall=0.9693
early stopping at epoch 359
[02:59:14] DONE  HAG-DTA GIN
[02:59:14] ========== C.elegans seed=4000 COMPLETE ==========
