[00:55:18] ========== C.elegans seed=1000 models=gin ==========
[00:55:18] START HAG-DTA GIN
Diff_DTA_GIN
dataset: Celegans
Learning rate: 0.0005
Epochs: 1000
Validation interval: 1
Early stop patience: 200

running on Celegans, seed=1000
Pre-processed data found: /root/autodl-tmp/HAG-DTA-cache/processed/Celegans_train.pt, loading ...
Pre-processed data found: /root/autodl-tmp/HAG-DTA-cache/processed/Celegans_val.pt, loading ...
Pre-processed data found: /root/autodl-tmp/HAG-DTA-cache/processed/Celegans_test.pt, loading ...
/root/HAG-DTA/py38_env/lib/python3.8/site-packages/torch_geometric/deprecation.py:26: UserWarning: 'data.DenseDataLoader' is deprecated, use 'loader.DenseDataLoader' instead
  warnings.warn(out)
Hierarchical pooling: n1=6, n2=3
[FIND BEST!] epoch 1 | val AUROC=0.9398 AUPRC=0.9324 Precision=0.9180 Recall=0.6871|
test AUROC=0.9383 AUPRC=0.9385 Precision=0.9399 Recall=0.7526
[FIND BEST!] epoch 2 | val AUROC=0.9700 AUPRC=0.9583 Precision=0.8663 Recall=0.9540|
test AUROC=0.9753 AUPRC=0.9675 Precision=0.8589 Recall=0.9416
[FIND BEST!] epoch 3 | val AUROC=0.9796 AUPRC=0.9771 Precision=0.8889 Recall=0.9325|
test AUROC=0.9843 AUPRC=0.9835 Precision=0.8903 Recall=0.9485
[FIND BEST!] epoch 4 | val AUROC=0.9826 AUPRC=0.9795 Precision=0.9147 Recall=0.9540|
test AUROC=0.9849 AUPRC=0.9834 Precision=0.9167 Recall=0.9450
epoch 5 | val AUROC=0.9804 AUPRC=0.9787 Precision=0.9056 Recall=0.9417
[FIND BEST!] epoch 6 | val AUROC=0.9842 AUPRC=0.9812 Precision=0.9462 Recall=0.9172|
test AUROC=0.9815 AUPRC=0.9808 Precision=0.9509 Recall=0.9313
[FIND BEST!] epoch 7 | val AUROC=0.9884 AUPRC=0.9869 Precision=0.9553 Recall=0.9172|
test AUROC=0.9860 AUPRC=0.9859 Precision=0.9669 Recall=0.9038
[FIND BEST!] epoch 8 | val AUROC=0.9895 AUPRC=0.9873 Precision=0.9538 Recall=0.9509|
test AUROC=0.9868 AUPRC=0.9864 Precision=0.9547 Recall=0.9416
[FIND BEST!] epoch 9 | val AUROC=0.9905 AUPRC=0.9888 Precision=0.9375 Recall=0.9663|
test AUROC=0.9869 AUPRC=0.9852 Precision=0.9112 Recall=0.9519
epoch 10 | val AUROC=0.9896 AUPRC=0.9876 Precision=0.9515 Recall=0.9632
epoch 11 | val AUROC=0.9882 AUPRC=0.9789 Precision=0.9215 Recall=0.9724
epoch 12 | val AUROC=0.9894 AUPRC=0.9867 Precision=0.9401 Recall=0.9632
epoch 13 | val AUROC=0.9884 AUPRC=0.9848 Precision=0.9456 Recall=0.9601
[FIND BEST!] epoch 14 | val AUROC=0.9914 AUPRC=0.9898 Precision=0.9242 Recall=0.9724|
test AUROC=0.9884 AUPRC=0.9893 Precision=0.9614 Recall=0.9416
epoch 15 | val AUROC=0.9913 AUPRC=0.9908 Precision=0.9736 Recall=0.9049
[FIND BEST!] epoch 16 | val AUROC=0.9923 AUPRC=0.9912 Precision=0.9479 Recall=0.9479|
test AUROC=0.9866 AUPRC=0.9859 Precision=0.9517 Recall=0.9485
[FIND BEST!] epoch 17 | val AUROC=0.9925 AUPRC=0.9912 Precision=0.9573 Recall=0.9632|
test AUROC=0.9899 AUPRC=0.9890 Precision=0.9619 Recall=0.9553
[FIND BEST!] epoch 18 | val AUROC=0.9928 AUPRC=0.9917 Precision=0.9708 Recall=0.9172|
test AUROC=0.9887 AUPRC=0.9891 Precision=0.9818 Recall=0.9244
[FIND BEST!] epoch 19 | val AUROC=0.9938 AUPRC=0.9931 Precision=0.9458 Recall=0.9632|
test AUROC=0.9887 AUPRC=0.9889 Precision=0.9485 Recall=0.9485
[FIND BEST!] epoch 20 | val AUROC=0.9943 AUPRC=0.9938 Precision=0.9509 Recall=0.9509|
test AUROC=0.9869 AUPRC=0.9872 Precision=0.9721 Recall=0.9588
epoch 21 | val AUROC=0.9938 AUPRC=0.9933 Precision=0.9467 Recall=0.9816
epoch 22 | val AUROC=0.9938 AUPRC=0.9932 Precision=0.9659 Recall=0.9571
epoch 23 | val AUROC=0.9903 AUPRC=0.9893 Precision=0.9339 Recall=0.9540
epoch 24 | val AUROC=0.9926 AUPRC=0.9920 Precision=0.9463 Recall=0.9724
epoch 25 | val AUROC=0.9927 AUPRC=0.9918 Precision=0.9294 Recall=0.9693
epoch 26 | val AUROC=0.9935 AUPRC=0.9929 Precision=0.9657 Recall=0.9509
epoch 27 | val AUROC=0.9928 AUPRC=0.9920 Precision=0.9601 Recall=0.9601
[FIND BEST!] epoch 28 | val AUROC=0.9946 AUPRC=0.9939 Precision=0.9222 Recall=0.9816|
test AUROC=0.9881 AUPRC=0.9878 Precision=0.9238 Recall=0.9588
epoch 29 | val AUROC=0.9905 AUPRC=0.9893 Precision=0.9277 Recall=0.9847
epoch 30 | val AUROC=0.9932 AUPRC=0.9928 Precision=0.9461 Recall=0.9693
epoch 31 | val AUROC=0.9926 AUPRC=0.9921 Precision=0.9171 Recall=0.9847
epoch 32 | val AUROC=0.9921 AUPRC=0.9918 Precision=0.9541 Recall=0.9571
epoch 33 | val AUROC=0.9935 AUPRC=0.9930 Precision=0.9528 Recall=0.9294
epoch 34 | val AUROC=0.9918 AUPRC=0.9909 Precision=0.9592 Recall=0.9387
epoch 35 | val AUROC=0.9930 AUPRC=0.9922 Precision=0.9037 Recall=0.9785
epoch 36 | val AUROC=0.9941 AUPRC=0.9936 Precision=0.9624 Recall=0.9417
epoch 37 | val AUROC=0.9924 AUPRC=0.9913 Precision=0.9456 Recall=0.9601
epoch 38 | val AUROC=0.9920 AUPRC=0.9917 Precision=0.9541 Recall=0.9571
epoch 39 | val AUROC=0.9933 AUPRC=0.9930 Precision=0.9379 Recall=0.9724
epoch 40 | val AUROC=0.9935 AUPRC=0.9929 Precision=0.9806 Recall=0.9325
epoch 41 | val AUROC=0.9937 AUPRC=0.9931 Precision=0.9488 Recall=0.9663
epoch 42 | val AUROC=0.9932 AUPRC=0.9934 Precision=0.9718 Recall=0.9509
epoch 43 | val AUROC=0.9915 AUPRC=0.9899 Precision=0.9294 Recall=0.9693
epoch 44 | val AUROC=0.9921 AUPRC=0.9910 Precision=0.9573 Recall=0.9632
epoch 45 | val AUROC=0.9923 AUPRC=0.9915 Precision=0.9650 Recall=0.9294
epoch 46 | val AUROC=0.9917 AUPRC=0.9919 Precision=0.9544 Recall=0.9632
epoch 47 | val AUROC=0.9928 AUPRC=0.9925 Precision=0.9662 Recall=0.9632
epoch 48 | val AUROC=0.9917 AUPRC=0.9904 Precision=0.9324 Recall=0.9724
epoch 49 | val AUROC=0.9936 AUPRC=0.9929 Precision=0.9515 Recall=0.9632
epoch 50 | val AUROC=0.9915 AUPRC=0.9908 Precision=0.9455 Recall=0.9571
epoch 51 | val AUROC=0.9928 AUPRC=0.9918 Precision=0.9514 Recall=0.9601
epoch 52 | val AUROC=0.9925 AUPRC=0.9918 Precision=0.9514 Recall=0.9601
epoch 53 | val AUROC=0.9938 AUPRC=0.9932 Precision=0.9630 Recall=0.9571
epoch 54 | val AUROC=0.9937 AUPRC=0.9934 Precision=0.9485 Recall=0.9601
epoch 55 | val AUROC=0.9944 AUPRC=0.9942 Precision=0.9662 Recall=0.9632
epoch 56 | val AUROC=0.9935 AUPRC=0.9931 Precision=0.9694 Recall=0.9724
epoch 57 | val AUROC=0.9925 AUPRC=0.9925 Precision=0.9573 Recall=0.9632
epoch 58 | val AUROC=0.9935 AUPRC=0.9933 Precision=0.9574 Recall=0.9663
epoch 59 | val AUROC=0.9916 AUPRC=0.9919 Precision=0.9573 Recall=0.9632
epoch 60 | val AUROC=0.9926 AUPRC=0.9930 Precision=0.9655 Recall=0.9448
epoch 61 | val AUROC=0.9918 AUPRC=0.9917 Precision=0.9408 Recall=0.9755
epoch 62 | val AUROC=0.9931 AUPRC=0.9935 Precision=0.9808 Recall=0.9387
epoch 63 | val AUROC=0.9902 AUPRC=0.9895 Precision=0.9088 Recall=0.9785
epoch 64 | val AUROC=0.9928 AUPRC=0.9933 Precision=0.9580 Recall=0.9785
epoch 65 | val AUROC=0.9913 AUPRC=0.9913 Precision=0.9544 Recall=0.9632
epoch 66 | val AUROC=0.9921 AUPRC=0.9923 Precision=0.9514 Recall=0.9601
epoch 67 | val AUROC=0.9921 AUPRC=0.9918 Precision=0.9538 Recall=0.9509
epoch 68 | val AUROC=0.9928 AUPRC=0.9928 Precision=0.9326 Recall=0.9755
epoch 69 | val AUROC=0.9931 AUPRC=0.9934 Precision=0.9463 Recall=0.9724
epoch 70 | val AUROC=0.9923 AUPRC=0.9931 Precision=0.9373 Recall=0.9632
epoch 71 | val AUROC=0.9913 AUPRC=0.9923 Precision=0.9517 Recall=0.9663
epoch 72 | val AUROC=0.9914 AUPRC=0.9920 Precision=0.9596 Recall=0.9479
epoch 73 | val AUROC=0.9916 AUPRC=0.9922 Precision=0.9544 Recall=0.9632
epoch 74 | val AUROC=0.9912 AUPRC=0.9904 Precision=0.9384 Recall=0.9816
epoch 75 | val AUROC=0.9931 AUPRC=0.9932 Precision=0.9509 Recall=0.9509
epoch 76 | val AUROC=0.9916 AUPRC=0.9909 Precision=0.9429 Recall=0.9632
epoch 77 | val AUROC=0.9905 AUPRC=0.9892 Precision=0.9271 Recall=0.9755
epoch 78 | val AUROC=0.9937 AUPRC=0.9933 Precision=0.9685 Recall=0.9417
epoch 79 | val AUROC=0.9908 AUPRC=0.9883 Precision=0.9122 Recall=0.9877
epoch 80 | val AUROC=0.9940 AUPRC=0.9934 Precision=0.9545 Recall=0.9663
epoch 81 | val AUROC=0.9937 AUPRC=0.9932 Precision=0.9899 Recall=0.8988
[FIND BEST!] epoch 82 | val AUROC=0.9952 AUPRC=0.9948 Precision=0.9436 Recall=0.9755|
test AUROC=0.9890 AUPRC=0.9889 Precision=0.9172 Recall=0.9519
epoch 83 | val AUROC=0.9937 AUPRC=0.9934 Precision=0.9298 Recall=0.9755
epoch 84 | val AUROC=0.9936 AUPRC=0.9934 Precision=0.9464 Recall=0.9755
epoch 85 | val AUROC=0.9919 AUPRC=0.9902 Precision=0.9493 Recall=0.9755
epoch 86 | val AUROC=0.9922 AUPRC=0.9919 Precision=0.9564 Recall=0.9417
epoch 87 | val AUROC=0.9913 AUPRC=0.9915 Precision=0.9545 Recall=0.9663
epoch 88 | val AUROC=0.9925 AUPRC=0.9926 Precision=0.9665 Recall=0.9724
epoch 89 | val AUROC=0.9929 AUPRC=0.9920 Precision=0.9324 Recall=0.9724
epoch 90 | val AUROC=0.9925 AUPRC=0.9918 Precision=0.9600 Recall=0.9571
epoch 91 | val AUROC=0.9911 AUPRC=0.9902 Precision=0.9517 Recall=0.9663
epoch 92 | val AUROC=0.9919 AUPRC=0.9906 Precision=0.9300 Recall=0.9785
epoch 93 | val AUROC=0.9919 AUPRC=0.9911 Precision=0.9660 Recall=0.9601
epoch 94 | val AUROC=0.9908 AUPRC=0.9893 Precision=0.9347 Recall=0.9663
epoch 95 | val AUROC=0.9921 AUPRC=0.9913 Precision=0.9483 Recall=0.9571
epoch 96 | val AUROC=0.9917 AUPRC=0.9917 Precision=0.9628 Recall=0.9540
epoch 97 | val AUROC=0.9929 AUPRC=0.9928 Precision=0.9517 Recall=0.9663
epoch 98 | val AUROC=0.9924 AUPRC=0.9924 Precision=0.9545 Recall=0.9663
epoch 99 | val AUROC=0.9918 AUPRC=0.9910 Precision=0.9327 Recall=0.9785
epoch 100 | val AUROC=0.9930 AUPRC=0.9926 Precision=0.9569 Recall=0.9540
epoch 101 | val AUROC=0.9921 AUPRC=0.9919 Precision=0.9482 Recall=0.9540
epoch 102 | val AUROC=0.9928 AUPRC=0.9932 Precision=0.9604 Recall=0.9663
epoch 103 | val AUROC=0.9918 AUPRC=0.9916 Precision=0.9604 Recall=0.9663
epoch 104 | val AUROC=0.9918 AUPRC=0.9915 Precision=0.9545 Recall=0.9663
epoch 105 | val AUROC=0.9915 AUPRC=0.9911 Precision=0.9601 Recall=0.9601
epoch 106 | val AUROC=0.9914 AUPRC=0.9908 Precision=0.9687 Recall=0.9479
epoch 107 | val AUROC=0.9929 AUPRC=0.9925 Precision=0.9548 Recall=0.9724
epoch 108 | val AUROC=0.9903 AUPRC=0.9895 Precision=0.9461 Recall=0.9693
epoch 109 | val AUROC=0.9931 AUPRC=0.9935 Precision=0.9657 Recall=0.9509
epoch 110 | val AUROC=0.9916 AUPRC=0.9910 Precision=0.9512 Recall=0.9571
epoch 111 | val AUROC=0.9930 AUPRC=0.9930 Precision=0.9514 Recall=0.9601
epoch 112 | val AUROC=0.9926 AUPRC=0.9930 Precision=0.9600 Recall=0.9571
epoch 113 | val AUROC=0.9925 AUPRC=0.9926 Precision=0.9541 Recall=0.9571
epoch 114 | val AUROC=0.9924 AUPRC=0.9928 Precision=0.9486 Recall=0.9632
epoch 115 | val AUROC=0.9923 AUPRC=0.9924 Precision=0.9632 Recall=0.9632
epoch 116 | val AUROC=0.9906 AUPRC=0.9909 Precision=0.9193 Recall=0.9785
epoch 117 | val AUROC=0.9891 AUPRC=0.9896 Precision=0.9399 Recall=0.9601
epoch 118 | val AUROC=0.9906 AUPRC=0.9890 Precision=0.9720 Recall=0.8528
epoch 119 | val AUROC=0.9921 AUPRC=0.9927 Precision=0.9574 Recall=0.9663
epoch 120 | val AUROC=0.9927 AUPRC=0.9933 Precision=0.9433 Recall=0.9693
epoch 121 | val AUROC=0.9933 AUPRC=0.9930 Precision=0.9489 Recall=0.9693
epoch 122 | val AUROC=0.9907 AUPRC=0.9916 Precision=0.9628 Recall=0.9540
epoch 123 | val AUROC=0.9902 AUPRC=0.9916 Precision=0.9571 Recall=0.9571
epoch 124 | val AUROC=0.9923 AUPRC=0.9935 Precision=0.9720 Recall=0.9571
epoch 125 | val AUROC=0.9915 AUPRC=0.9924 Precision=0.9355 Recall=0.9785
epoch 126 | val AUROC=0.9921 AUPRC=0.9920 Precision=0.9491 Recall=0.9724
epoch 127 | val AUROC=0.9932 AUPRC=0.9927 Precision=0.9714 Recall=0.9387
epoch 128 | val AUROC=0.9906 AUPRC=0.9910 Precision=0.9327 Recall=0.9785
epoch 129 | val AUROC=0.9923 AUPRC=0.9936 Precision=0.9689 Recall=0.9571
epoch 130 | val AUROC=0.9910 AUPRC=0.9921 Precision=0.9628 Recall=0.9540
epoch 131 | val AUROC=0.9904 AUPRC=0.9919 Precision=0.9433 Recall=0.9693
epoch 132 | val AUROC=0.9916 AUPRC=0.9913 Precision=0.9660 Recall=0.9601
epoch 133 | val AUROC=0.9922 AUPRC=0.9918 Precision=0.9324 Recall=0.9724
epoch 134 | val AUROC=0.9931 AUPRC=0.9925 Precision=0.9574 Recall=0.9663
epoch 135 | val AUROC=0.9939 AUPRC=0.9936 Precision=0.9464 Recall=0.9755
epoch 136 | val AUROC=0.9927 AUPRC=0.9923 Precision=0.9573 Recall=0.9632
epoch 137 | val AUROC=0.9943 AUPRC=0.9943 Precision=0.9660 Recall=0.9601
epoch 138 | val AUROC=0.9943 AUPRC=0.9943 Precision=0.9838 Recall=0.9325
epoch 139 | val AUROC=0.9927 AUPRC=0.9928 Precision=0.9520 Recall=0.9724
epoch 140 | val AUROC=0.9943 AUPRC=0.9945 Precision=0.9688 Recall=0.9509
epoch 141 | val AUROC=0.9930 AUPRC=0.9937 Precision=0.9550 Recall=0.9755
epoch 142 | val AUROC=0.9934 AUPRC=0.9935 Precision=0.9568 Recall=0.9509
epoch 143 | val AUROC=0.9938 AUPRC=0.9938 Precision=0.9569 Recall=0.9540
epoch 144 | val AUROC=0.9929 AUPRC=0.9935 Precision=0.9630 Recall=0.9571
epoch 145 | val AUROC=0.9936 AUPRC=0.9937 Precision=0.9489 Recall=0.9693
epoch 146 | val AUROC=0.9929 AUPRC=0.9930 Precision=0.9631 Recall=0.9601
epoch 147 | val AUROC=0.9938 AUPRC=0.9926 Precision=0.9431 Recall=0.9663
epoch 148 | val AUROC=0.9941 AUPRC=0.9939 Precision=0.9486 Recall=0.9632
epoch 149 | val AUROC=0.9942 AUPRC=0.9939 Precision=0.9486 Recall=0.9632
epoch 150 | val AUROC=0.9946 AUPRC=0.9942 Precision=0.9685 Recall=0.9417
epoch 151 | val AUROC=0.9946 AUPRC=0.9944 Precision=0.9552 Recall=0.9816
epoch 152 | val AUROC=0.9922 AUPRC=0.9913 Precision=0.9653 Recall=0.9387
epoch 153 | val AUROC=0.9940 AUPRC=0.9939 Precision=0.9639 Recall=0.9816
epoch 154 | val AUROC=0.9949 AUPRC=0.9945 Precision=0.9633 Recall=0.9663
epoch 155 | val AUROC=0.9950 AUPRC=0.9947 Precision=0.9606 Recall=0.9724
epoch 156 | val AUROC=0.9952 AUPRC=0.9949 Precision=0.9690 Recall=0.9601
epoch 157 | val AUROC=0.9948 AUPRC=0.9942 Precision=0.9548 Recall=0.9724
epoch 158 | val AUROC=0.9936 AUPRC=0.9931 Precision=0.9778 Recall=0.9448
epoch 159 | val AUROC=0.9934 AUPRC=0.9932 Precision=0.9382 Recall=0.9785
epoch 160 | val AUROC=0.9928 AUPRC=0.9924 Precision=0.9435 Recall=0.9724
epoch 161 | val AUROC=0.9925 AUPRC=0.9928 Precision=0.9663 Recall=0.9663
epoch 162 | val AUROC=0.9920 AUPRC=0.9924 Precision=0.9466 Recall=0.9785
epoch 163 | val AUROC=0.9940 AUPRC=0.9936 Precision=0.9688 Recall=0.9540
epoch 164 | val AUROC=0.9917 AUPRC=0.9918 Precision=0.9551 Recall=0.9785
epoch 165 | val AUROC=0.9914 AUPRC=0.9921 Precision=0.9408 Recall=0.9755
epoch 166 | val AUROC=0.9929 AUPRC=0.9933 Precision=0.9746 Recall=0.9417
epoch 167 | val AUROC=0.9917 AUPRC=0.9916 Precision=0.9367 Recall=0.9540
epoch 168 | val AUROC=0.9936 AUPRC=0.9921 Precision=0.9625 Recall=0.9448
epoch 169 | val AUROC=0.9924 AUPRC=0.9889 Precision=0.9601 Recall=0.9601
epoch 170 | val AUROC=0.9924 AUPRC=0.9898 Precision=0.9599 Recall=0.9540
epoch 171 | val AUROC=0.9920 AUPRC=0.9894 Precision=0.9512 Recall=0.9571
epoch 172 | val AUROC=0.9936 AUPRC=0.9931 Precision=0.9660 Recall=0.9601
epoch 173 | val AUROC=0.9924 AUPRC=0.9917 Precision=0.9543 Recall=0.9601
epoch 174 | val AUROC=0.9938 AUPRC=0.9934 Precision=0.9655 Recall=0.9448
epoch 175 | val AUROC=0.9924 AUPRC=0.9908 Precision=0.9577 Recall=0.9724
epoch 176 | val AUROC=0.9914 AUPRC=0.9897 Precision=0.9458 Recall=0.9632
epoch 177 | val AUROC=0.9928 AUPRC=0.9920 Precision=0.9431 Recall=0.9663
epoch 178 | val AUROC=0.9916 AUPRC=0.9908 Precision=0.9296 Recall=0.9724
epoch 179 | val AUROC=0.9916 AUPRC=0.9907 Precision=0.9568 Recall=0.9509
epoch 180 | val AUROC=0.9903 AUPRC=0.9891 Precision=0.9543 Recall=0.9601
epoch 181 | val AUROC=0.9911 AUPRC=0.9913 Precision=0.9514 Recall=0.9601
epoch 182 | val AUROC=0.9919 AUPRC=0.9924 Precision=0.9720 Recall=0.9571
epoch 183 | val AUROC=0.9909 AUPRC=0.9912 Precision=0.9483 Recall=0.9571
epoch 184 | val AUROC=0.9924 AUPRC=0.9917 Precision=0.9572 Recall=0.9601
epoch 185 | val AUROC=0.9922 AUPRC=0.9920 Precision=0.9520 Recall=0.9724
epoch 186 | val AUROC=0.9923 AUPRC=0.9913 Precision=0.9461 Recall=0.9693
epoch 187 | val AUROC=0.9927 AUPRC=0.9924 Precision=0.9633 Recall=0.9663
epoch 188 | val AUROC=0.9928 AUPRC=0.9926 Precision=0.9574 Recall=0.9663
epoch 189 | val AUROC=0.9926 AUPRC=0.9923 Precision=0.9576 Recall=0.9693
epoch 190 | val AUROC=0.9894 AUPRC=0.9874 Precision=0.9326 Recall=0.9755
epoch 191 | val AUROC=0.9910 AUPRC=0.9899 Precision=0.9399 Recall=0.9601
epoch 192 | val AUROC=0.9922 AUPRC=0.9914 Precision=0.9599 Recall=0.9540
epoch 193 | val AUROC=0.9913 AUPRC=0.9903 Precision=0.9659 Recall=0.9571
epoch 194 | val AUROC=0.9898 AUPRC=0.9901 Precision=0.9628 Recall=0.9540
epoch 195 | val AUROC=0.9906 AUPRC=0.9903 Precision=0.9685 Recall=0.9417
epoch 196 | val AUROC=0.9909 AUPRC=0.9898 Precision=0.9435 Recall=0.9724
epoch 197 | val AUROC=0.9916 AUPRC=0.9915 Precision=0.9511 Recall=0.9540
epoch 198 | val AUROC=0.9933 AUPRC=0.9931 Precision=0.9571 Recall=0.9571
epoch 199 | val AUROC=0.9922 AUPRC=0.9913 Precision=0.9628 Recall=0.9540
epoch 200 | val AUROC=0.9920 AUPRC=0.9924 Precision=0.9403 Recall=0.9663
epoch 201 | val AUROC=0.9921 AUPRC=0.9921 Precision=0.9686 Recall=0.9448
epoch 202 | val AUROC=0.9920 AUPRC=0.9923 Precision=0.9353 Recall=0.9755
epoch 203 | val AUROC=0.9897 AUPRC=0.9878 Precision=0.9459 Recall=0.9663
epoch 204 | val AUROC=0.9909 AUPRC=0.9911 Precision=0.9486 Recall=0.9632
epoch 205 | val AUROC=0.9923 AUPRC=0.9915 Precision=0.9543 Recall=0.9601
epoch 206 | val AUROC=0.9917 AUPRC=0.9925 Precision=0.9574 Recall=0.9663
epoch 207 | val AUROC=0.9900 AUPRC=0.9892 Precision=0.9691 Recall=0.9632
epoch 208 | val AUROC=0.9912 AUPRC=0.9921 Precision=0.9605 Recall=0.9693
epoch 209 | val AUROC=0.9917 AUPRC=0.9928 Precision=0.9550 Recall=0.9755
epoch 210 | val AUROC=0.9915 AUPRC=0.9917 Precision=0.9605 Recall=0.9693
epoch 211 | val AUROC=0.9929 AUPRC=0.9919 Precision=0.9634 Recall=0.9693
epoch 212 | val AUROC=0.9933 AUPRC=0.9924 Precision=0.9572 Recall=0.9601
epoch 213 | val AUROC=0.9929 AUPRC=0.9923 Precision=0.9602 Recall=0.9632
epoch 214 | val AUROC=0.9925 AUPRC=0.9915 Precision=0.9517 Recall=0.9663
epoch 215 | val AUROC=0.9938 AUPRC=0.9934 Precision=0.9779 Recall=0.9509
epoch 216 | val AUROC=0.9921 AUPRC=0.9913 Precision=0.9605 Recall=0.9693
epoch 217 | val AUROC=0.9900 AUPRC=0.9889 Precision=0.9604 Recall=0.9663
epoch 218 | val AUROC=0.9920 AUPRC=0.9914 Precision=0.9665 Recall=0.9724
epoch 219 | val AUROC=0.9934 AUPRC=0.9927 Precision=0.9660 Recall=0.9601
epoch 220 | val AUROC=0.9937 AUPRC=0.9929 Precision=0.9665 Recall=0.9724
epoch 221 | val AUROC=0.9925 AUPRC=0.9914 Precision=0.9691 Recall=0.9632
epoch 222 | val AUROC=0.9930 AUPRC=0.9921 Precision=0.9602 Recall=0.9632
epoch 223 | val AUROC=0.9926 AUPRC=0.9916 Precision=0.9605 Recall=0.9693
epoch 224 | val AUROC=0.9924 AUPRC=0.9907 Precision=0.9548 Recall=0.9724
epoch 225 | val AUROC=0.9912 AUPRC=0.9890 Precision=0.9646 Recall=0.9202
epoch 226 | val AUROC=0.9900 AUPRC=0.9877 Precision=0.9438 Recall=0.9785
epoch 227 | val AUROC=0.9921 AUPRC=0.9910 Precision=0.9600 Recall=0.9571
epoch 228 | val AUROC=0.9912 AUPRC=0.9883 Precision=0.9410 Recall=0.9785
epoch 229 | val AUROC=0.9934 AUPRC=0.9926 Precision=0.9712 Recall=0.9294
epoch 230 | val AUROC=0.9913 AUPRC=0.9896 Precision=0.9296 Recall=0.9724
epoch 231 | val AUROC=0.9914 AUPRC=0.9901 Precision=0.9459 Recall=0.9663
epoch 232 | val AUROC=0.9933 AUPRC=0.9924 Precision=0.9408 Recall=0.9755
epoch 233 | val AUROC=0.9913 AUPRC=0.9907 Precision=0.9740 Recall=0.9202
epoch 234 | val AUROC=0.9877 AUPRC=0.9857 Precision=0.9167 Recall=0.9785
epoch 235 | val AUROC=0.9931 AUPRC=0.9918 Precision=0.9567 Recall=0.9479
epoch 236 | val AUROC=0.9914 AUPRC=0.9907 Precision=0.9326 Recall=0.9755
epoch 237 | val AUROC=0.9916 AUPRC=0.9905 Precision=0.9716 Recall=0.9448
epoch 238 | val AUROC=0.9919 AUPRC=0.9922 Precision=0.9631 Recall=0.9601
epoch 239 | val AUROC=0.9923 AUPRC=0.9927 Precision=0.9517 Recall=0.9663
epoch 240 | val AUROC=0.9928 AUPRC=0.9926 Precision=0.9602 Recall=0.9632
epoch 241 | val AUROC=0.9926 AUPRC=0.9928 Precision=0.9631 Recall=0.9601
epoch 242 | val AUROC=0.9919 AUPRC=0.9917 Precision=0.9543 Recall=0.9601
epoch 243 | val AUROC=0.9919 AUPRC=0.9922 Precision=0.9544 Recall=0.9632
epoch 244 | val AUROC=0.9927 AUPRC=0.9926 Precision=0.9541 Recall=0.9571
epoch 245 | val AUROC=0.9934 AUPRC=0.9929 Precision=0.9654 Recall=0.9417
epoch 246 | val AUROC=0.9920 AUPRC=0.9914 Precision=0.9512 Recall=0.9571
epoch 247 | val AUROC=0.9903 AUPRC=0.9877 Precision=0.9512 Recall=0.9571
epoch 248 | val AUROC=0.9910 AUPRC=0.9909 Precision=0.9486 Recall=0.9632
epoch 249 | val AUROC=0.9920 AUPRC=0.9921 Precision=0.9520 Recall=0.9724
epoch 250 | val AUROC=0.9928 AUPRC=0.9930 Precision=0.9602 Recall=0.9632
epoch 251 | val AUROC=0.9915 AUPRC=0.9914 Precision=0.9433 Recall=0.9693
epoch 252 | val AUROC=0.9925 AUPRC=0.9929 Precision=0.9568 Recall=0.9509
epoch 253 | val AUROC=0.9901 AUPRC=0.9885 Precision=0.9347 Recall=0.9663
epoch 254 | val AUROC=0.9916 AUPRC=0.9912 Precision=0.9571 Recall=0.9571
epoch 255 | val AUROC=0.9921 AUPRC=0.9916 Precision=0.9688 Recall=0.9509
epoch 256 | val AUROC=0.9932 AUPRC=0.9927 Precision=0.9630 Recall=0.9571
epoch 257 | val AUROC=0.9924 AUPRC=0.9921 Precision=0.9569 Recall=0.9540
epoch 258 | val AUROC=0.9928 AUPRC=0.9927 Precision=0.9719 Recall=0.9540
epoch 259 | val AUROC=0.9940 AUPRC=0.9940 Precision=0.9548 Recall=0.9724
epoch 260 | val AUROC=0.9916 AUPRC=0.9918 Precision=0.9435 Recall=0.9724
epoch 261 | val AUROC=0.9906 AUPRC=0.9911 Precision=0.9631 Recall=0.9601
epoch 262 | val AUROC=0.9911 AUPRC=0.9915 Precision=0.9631 Recall=0.9601
epoch 263 | val AUROC=0.9909 AUPRC=0.9915 Precision=0.9656 Recall=0.9479
epoch 264 | val AUROC=0.9919 AUPRC=0.9919 Precision=0.9574 Recall=0.9663
epoch 265 | val AUROC=0.9924 AUPRC=0.9927 Precision=0.9518 Recall=0.9693
epoch 266 | val AUROC=0.9923 AUPRC=0.9931 Precision=0.9601 Recall=0.9601
epoch 267 | val AUROC=0.9928 AUPRC=0.9937 Precision=0.9576 Recall=0.9693
epoch 268 | val AUROC=0.9923 AUPRC=0.9933 Precision=0.9719 Recall=0.9540
epoch 269 | val AUROC=0.9919 AUPRC=0.9931 Precision=0.9541 Recall=0.9571
epoch 270 | val AUROC=0.9916 AUPRC=0.9924 Precision=0.9574 Recall=0.9663
epoch 271 | val AUROC=0.9901 AUPRC=0.9908 Precision=0.9405 Recall=0.9693
epoch 272 | val AUROC=0.9919 AUPRC=0.9909 Precision=0.9512 Recall=0.9571
epoch 273 | val AUROC=0.9912 AUPRC=0.9879 Precision=0.9601 Recall=0.9601
epoch 274 | val AUROC=0.9905 AUPRC=0.9884 Precision=0.9536 Recall=0.9448
epoch 275 | val AUROC=0.9905 AUPRC=0.9871 Precision=0.9455 Recall=0.9571
epoch 276 | val AUROC=0.9913 AUPRC=0.9900 Precision=0.9458 Recall=0.9632
epoch 277 | val AUROC=0.9912 AUPRC=0.9884 Precision=0.9655 Recall=0.9448
epoch 278 | val AUROC=0.9915 AUPRC=0.9917 Precision=0.9634 Recall=0.9693
epoch 279 | val AUROC=0.9917 AUPRC=0.9924 Precision=0.9604 Recall=0.9663
epoch 280 | val AUROC=0.9922 AUPRC=0.9927 Precision=0.9634 Recall=0.9693
epoch 281 | val AUROC=0.9925 AUPRC=0.9916 Precision=0.9573 Recall=0.9632
epoch 282 | val AUROC=0.9930 AUPRC=0.9929 Precision=0.9353 Recall=0.9755
early stopping at epoch 282
[01:32:50] DONE  HAG-DTA GIN
[01:32:50] ========== C.elegans seed=1000 COMPLETE ==========
