[01:52:52] ========== C.elegans seed=3000 models=gin ==========
[01:52:52] START HAG-DTA GIN
Diff_DTA_GIN
dataset: Celegans
Learning rate: 0.0005
Epochs: 1000
Validation interval: 1
Early stop patience: 200

running on Celegans, seed=3000
Pre-processed data found: /root/autodl-tmp/HAG-DTA-cache/processed/Celegans_train.pt, loading ...
Pre-processed data found: /root/autodl-tmp/HAG-DTA-cache/processed/Celegans_val.pt, loading ...
Pre-processed data found: /root/autodl-tmp/HAG-DTA-cache/processed/Celegans_test.pt, loading ...
/root/HAG-DTA/py38_env/lib/python3.8/site-packages/torch_geometric/deprecation.py:26: UserWarning: 'data.DenseDataLoader' is deprecated, use 'loader.DenseDataLoader' instead
  warnings.warn(out)
Hierarchical pooling: n1=6, n2=3
[FIND BEST!] epoch 1 | val AUROC=0.9243 AUPRC=0.9252 Precision=0.8623 Recall=0.8067|
test AUROC=0.9367 AUPRC=0.9367 Precision=0.8746 Recall=0.8385
[FIND BEST!] epoch 2 | val AUROC=0.9670 AUPRC=0.9662 Precision=0.9366 Recall=0.8160|
test AUROC=0.9749 AUPRC=0.9701 Precision=0.9605 Recall=0.8351
[FIND BEST!] epoch 3 | val AUROC=0.9789 AUPRC=0.9764 Precision=0.8810 Recall=0.9540|
test AUROC=0.9829 AUPRC=0.9806 Precision=0.8882 Recall=0.9553
[FIND BEST!] epoch 4 | val AUROC=0.9821 AUPRC=0.9786 Precision=0.9248 Recall=0.9049|
test AUROC=0.9800 AUPRC=0.9766 Precision=0.9420 Recall=0.8935
[FIND BEST!] epoch 5 | val AUROC=0.9825 AUPRC=0.9801 Precision=0.9518 Recall=0.9080|
test AUROC=0.9856 AUPRC=0.9842 Precision=0.9706 Recall=0.9072
[FIND BEST!] epoch 6 | val AUROC=0.9886 AUPRC=0.9866 Precision=0.9503 Recall=0.9387|
test AUROC=0.9873 AUPRC=0.9858 Precision=0.9606 Recall=0.9210
[FIND BEST!] epoch 7 | val AUROC=0.9901 AUPRC=0.9886 Precision=0.9453 Recall=0.9540|
test AUROC=0.9903 AUPRC=0.9892 Precision=0.9712 Recall=0.9278
[FIND BEST!] epoch 8 | val AUROC=0.9904 AUPRC=0.9894 Precision=0.9561 Recall=0.9356|
test AUROC=0.9890 AUPRC=0.9890 Precision=0.9647 Recall=0.9381
epoch 9 | val AUROC=0.9889 AUPRC=0.9885 Precision=0.9800 Recall=0.9018
[FIND BEST!] epoch 10 | val AUROC=0.9925 AUPRC=0.9910 Precision=0.9188 Recall=0.9724|
test AUROC=0.9916 AUPRC=0.9902 Precision=0.9329 Recall=0.9553
[FIND BEST!] epoch 11 | val AUROC=0.9928 AUPRC=0.9914 Precision=0.9592 Recall=0.9387|
test AUROC=0.9908 AUPRC=0.9899 Precision=0.9579 Recall=0.9381
epoch 12 | val AUROC=0.9914 AUPRC=0.9897 Precision=0.9480 Recall=0.9509
[FIND BEST!] epoch 13 | val AUROC=0.9954 AUPRC=0.9950 Precision=0.9489 Recall=0.9693|
test AUROC=0.9921 AUPRC=0.9918 Precision=0.9652 Recall=0.9519
epoch 14 | val AUROC=0.9923 AUPRC=0.9909 Precision=0.9482 Recall=0.9540
epoch 15 | val AUROC=0.9938 AUPRC=0.9927 Precision=0.9294 Recall=0.9693
epoch 16 | val AUROC=0.9880 AUPRC=0.9856 Precision=0.9537 Recall=0.9479
epoch 17 | val AUROC=0.9912 AUPRC=0.9903 Precision=0.9459 Recall=0.9663
epoch 18 | val AUROC=0.9899 AUPRC=0.9845 Precision=0.9242 Recall=0.9724
epoch 19 | val AUROC=0.9932 AUPRC=0.9922 Precision=0.9485 Recall=0.9601
epoch 20 | val AUROC=0.9923 AUPRC=0.9905 Precision=0.9381 Recall=0.9755
epoch 21 | val AUROC=0.9928 AUPRC=0.9909 Precision=0.9746 Recall=0.9417
epoch 22 | val AUROC=0.9913 AUPRC=0.9889 Precision=0.9403 Recall=0.9663
epoch 23 | val AUROC=0.9909 AUPRC=0.9860 Precision=0.9635 Recall=0.9724
epoch 24 | val AUROC=0.9908 AUPRC=0.9855 Precision=0.9461 Recall=0.9693
epoch 25 | val AUROC=0.9901 AUPRC=0.9887 Precision=0.9298 Recall=0.9755
epoch 26 | val AUROC=0.9856 AUPRC=0.9814 Precision=0.9034 Recall=0.9755
epoch 27 | val AUROC=0.9900 AUPRC=0.9892 Precision=0.9600 Recall=0.9571
epoch 28 | val AUROC=0.9886 AUPRC=0.9878 Precision=0.9453 Recall=0.9540
epoch 29 | val AUROC=0.9920 AUPRC=0.9899 Precision=0.9091 Recall=0.9816
epoch 30 | val AUROC=0.9918 AUPRC=0.9909 Precision=0.9627 Recall=0.9509
epoch 31 | val AUROC=0.9941 AUPRC=0.9916 Precision=0.9600 Recall=0.9571
epoch 32 | val AUROC=0.9916 AUPRC=0.9889 Precision=0.9541 Recall=0.9571
epoch 33 | val AUROC=0.9927 AUPRC=0.9893 Precision=0.9574 Recall=0.9663
epoch 34 | val AUROC=0.9913 AUPRC=0.9888 Precision=0.9117 Recall=0.9816
epoch 35 | val AUROC=0.9941 AUPRC=0.9939 Precision=0.9547 Recall=0.9693
epoch 36 | val AUROC=0.9951 AUPRC=0.9946 Precision=0.9746 Recall=0.9417
epoch 37 | val AUROC=0.9947 AUPRC=0.9939 Precision=0.9605 Recall=0.9693
epoch 38 | val AUROC=0.9930 AUPRC=0.9921 Precision=0.9488 Recall=0.9663
epoch 39 | val AUROC=0.9940 AUPRC=0.9929 Precision=0.9169 Recall=0.9816
[FIND BEST!] epoch 40 | val AUROC=0.9956 AUPRC=0.9950 Precision=0.9543 Recall=0.9601|
test AUROC=0.9862 AUPRC=0.9876 Precision=0.9586 Recall=0.9553
epoch 41 | val AUROC=0.9949 AUPRC=0.9948 Precision=0.9491 Recall=0.9724
epoch 42 | val AUROC=0.9940 AUPRC=0.9941 Precision=0.9633 Recall=0.9663
epoch 43 | val AUROC=0.9936 AUPRC=0.9938 Precision=0.9748 Recall=0.9509
epoch 44 | val AUROC=0.9915 AUPRC=0.9909 Precision=0.9630 Recall=0.9571
epoch 45 | val AUROC=0.9941 AUPRC=0.9936 Precision=0.9572 Recall=0.9601
epoch 46 | val AUROC=0.9933 AUPRC=0.9934 Precision=0.9721 Recall=0.9632
epoch 47 | val AUROC=0.9933 AUPRC=0.9931 Precision=0.9436 Recall=0.9755
epoch 48 | val AUROC=0.9934 AUPRC=0.9933 Precision=0.9723 Recall=0.9693
epoch 49 | val AUROC=0.9919 AUPRC=0.9914 Precision=0.9459 Recall=0.9663
epoch 50 | val AUROC=0.9935 AUPRC=0.9922 Precision=0.9464 Recall=0.9755
epoch 51 | val AUROC=0.9942 AUPRC=0.9932 Precision=0.9693 Recall=0.9693
epoch 52 | val AUROC=0.9929 AUPRC=0.9912 Precision=0.9663 Recall=0.9663
epoch 53 | val AUROC=0.9911 AUPRC=0.9884 Precision=0.9403 Recall=0.9663
epoch 54 | val AUROC=0.9909 AUPRC=0.9893 Precision=0.9343 Recall=0.9601
epoch 55 | val AUROC=0.9941 AUPRC=0.9939 Precision=0.9778 Recall=0.9479
epoch 56 | val AUROC=0.9926 AUPRC=0.9912 Precision=0.9567 Recall=0.9479
epoch 57 | val AUROC=0.9915 AUPRC=0.9903 Precision=0.8964 Recall=0.9816
epoch 58 | val AUROC=0.9937 AUPRC=0.9924 Precision=0.9568 Recall=0.9509
epoch 59 | val AUROC=0.9927 AUPRC=0.9905 Precision=0.9522 Recall=0.9785
epoch 60 | val AUROC=0.9893 AUPRC=0.9843 Precision=0.9456 Recall=0.9601
epoch 61 | val AUROC=0.9910 AUPRC=0.9858 Precision=0.9145 Recall=0.9847
epoch 62 | val AUROC=0.9931 AUPRC=0.9923 Precision=0.9122 Recall=0.9877
epoch 63 | val AUROC=0.9936 AUPRC=0.9927 Precision=0.9630 Recall=0.9571
epoch 64 | val AUROC=0.9941 AUPRC=0.9936 Precision=0.9514 Recall=0.9601
epoch 65 | val AUROC=0.9942 AUPRC=0.9936 Precision=0.9463 Recall=0.9724
epoch 66 | val AUROC=0.9915 AUPRC=0.9885 Precision=0.9600 Recall=0.9571
epoch 67 | val AUROC=0.9927 AUPRC=0.9916 Precision=0.9359 Recall=0.9847
epoch 68 | val AUROC=0.9940 AUPRC=0.9926 Precision=0.9720 Recall=0.9571
epoch 69 | val AUROC=0.9942 AUPRC=0.9938 Precision=0.9455 Recall=0.9571
epoch 70 | val AUROC=0.9942 AUPRC=0.9934 Precision=0.9435 Recall=0.9724
epoch 71 | val AUROC=0.9931 AUPRC=0.9923 Precision=0.9681 Recall=0.9294
epoch 72 | val AUROC=0.9944 AUPRC=0.9939 Precision=0.9429 Recall=0.9632
epoch 73 | val AUROC=0.9937 AUPRC=0.9928 Precision=0.9429 Recall=0.9632
epoch 74 | val AUROC=0.9955 AUPRC=0.9949 Precision=0.9489 Recall=0.9693
epoch 75 | val AUROC=0.9950 AUPRC=0.9944 Precision=0.9628 Recall=0.9540
epoch 76 | val AUROC=0.9955 AUPRC=0.9949 Precision=0.9631 Recall=0.9601
epoch 77 | val AUROC=0.9950 AUPRC=0.9943 Precision=0.9436 Recall=0.9755
epoch 78 | val AUROC=0.9944 AUPRC=0.9935 Precision=0.9548 Recall=0.9724
epoch 79 | val AUROC=0.9947 AUPRC=0.9940 Precision=0.9573 Recall=0.9632
epoch 80 | val AUROC=0.9939 AUPRC=0.9930 Precision=0.9459 Recall=0.9663
epoch 81 | val AUROC=0.9933 AUPRC=0.9923 Precision=0.9689 Recall=0.9571
epoch 82 | val AUROC=0.9944 AUPRC=0.9939 Precision=0.9664 Recall=0.9693
epoch 83 | val AUROC=0.9940 AUPRC=0.9929 Precision=0.9810 Recall=0.9479
epoch 84 | val AUROC=0.9946 AUPRC=0.9939 Precision=0.9438 Recall=0.9785
epoch 85 | val AUROC=0.9949 AUPRC=0.9940 Precision=0.9551 Recall=0.9785
epoch 86 | val AUROC=0.9943 AUPRC=0.9943 Precision=0.9576 Recall=0.9693
epoch 87 | val AUROC=0.9954 AUPRC=0.9949 Precision=0.9688 Recall=0.9509
epoch 88 | val AUROC=0.9951 AUPRC=0.9944 Precision=0.9685 Recall=0.9417
epoch 89 | val AUROC=0.9950 AUPRC=0.9945 Precision=0.9780 Recall=0.9540
epoch 90 | val AUROC=0.9933 AUPRC=0.9928 Precision=0.9242 Recall=0.9724
epoch 91 | val AUROC=0.9940 AUPRC=0.9933 Precision=0.9486 Recall=0.9632
epoch 92 | val AUROC=0.9928 AUPRC=0.9926 Precision=0.9751 Recall=0.9601
epoch 93 | val AUROC=0.9953 AUPRC=0.9950 Precision=0.9494 Recall=0.9785
epoch 94 | val AUROC=0.9953 AUPRC=0.9950 Precision=0.9811 Recall=0.9571
epoch 95 | val AUROC=0.9925 AUPRC=0.9916 Precision=0.9405 Recall=0.9693
epoch 96 | val AUROC=0.9936 AUPRC=0.9930 Precision=0.9322 Recall=0.9693
epoch 97 | val AUROC=0.9944 AUPRC=0.9941 Precision=0.9464 Recall=0.9755
epoch 98 | val AUROC=0.9947 AUPRC=0.9942 Precision=0.9302 Recall=0.9816
epoch 99 | val AUROC=0.9953 AUPRC=0.9949 Precision=0.9631 Recall=0.9601
epoch 100 | val AUROC=0.9927 AUPRC=0.9921 Precision=0.9461 Recall=0.9693
epoch 101 | val AUROC=0.9935 AUPRC=0.9924 Precision=0.9456 Recall=0.9601
epoch 102 | val AUROC=0.9932 AUPRC=0.9914 Precision=0.9517 Recall=0.9663
epoch 103 | val AUROC=0.9917 AUPRC=0.9881 Precision=0.9429 Recall=0.9632
epoch 104 | val AUROC=0.9925 AUPRC=0.9902 Precision=0.9543 Recall=0.9601
epoch 105 | val AUROC=0.9924 AUPRC=0.9913 Precision=0.9540 Recall=0.9540
epoch 106 | val AUROC=0.9941 AUPRC=0.9940 Precision=0.9717 Recall=0.9479
epoch 107 | val AUROC=0.9948 AUPRC=0.9943 Precision=0.9403 Recall=0.9663
epoch 108 | val AUROC=0.9955 AUPRC=0.9950 Precision=0.9601 Recall=0.9601
epoch 109 | val AUROC=0.9950 AUPRC=0.9945 Precision=0.9431 Recall=0.9663
epoch 110 | val AUROC=0.9945 AUPRC=0.9938 Precision=0.9600 Recall=0.9571
epoch 111 | val AUROC=0.9949 AUPRC=0.9943 Precision=0.9631 Recall=0.9601
epoch 112 | val AUROC=0.9941 AUPRC=0.9932 Precision=0.9624 Recall=0.9417
epoch 113 | val AUROC=0.9911 AUPRC=0.9891 Precision=0.9486 Recall=0.9632
epoch 114 | val AUROC=0.9929 AUPRC=0.9927 Precision=0.9599 Recall=0.9540
epoch 115 | val AUROC=0.9930 AUPRC=0.9925 Precision=0.9541 Recall=0.9571
epoch 116 | val AUROC=0.9941 AUPRC=0.9936 Precision=0.9403 Recall=0.9663
epoch 117 | val AUROC=0.9929 AUPRC=0.9922 Precision=0.9624 Recall=0.9417
epoch 118 | val AUROC=0.9934 AUPRC=0.9928 Precision=0.9488 Recall=0.9663
epoch 119 | val AUROC=0.9943 AUPRC=0.9944 Precision=0.9749 Recall=0.9540
epoch 120 | val AUROC=0.9934 AUPRC=0.9935 Precision=0.9778 Recall=0.9448
epoch 121 | val AUROC=0.9933 AUPRC=0.9933 Precision=0.9573 Recall=0.9632
epoch 122 | val AUROC=0.9934 AUPRC=0.9927 Precision=0.9517 Recall=0.9663
epoch 123 | val AUROC=0.9914 AUPRC=0.9899 Precision=0.9568 Recall=0.9509
epoch 124 | val AUROC=0.9923 AUPRC=0.9916 Precision=0.9407 Recall=0.9724
epoch 125 | val AUROC=0.9900 AUPRC=0.9836 Precision=0.9485 Recall=0.9601
epoch 126 | val AUROC=0.9905 AUPRC=0.9890 Precision=0.9435 Recall=0.9724
epoch 127 | val AUROC=0.9933 AUPRC=0.9923 Precision=0.9687 Recall=0.9479
epoch 128 | val AUROC=0.9925 AUPRC=0.9914 Precision=0.9324 Recall=0.9724
epoch 129 | val AUROC=0.9939 AUPRC=0.9932 Precision=0.9573 Recall=0.9632
epoch 130 | val AUROC=0.9929 AUPRC=0.9903 Precision=0.9515 Recall=0.9632
epoch 131 | val AUROC=0.9939 AUPRC=0.9930 Precision=0.9463 Recall=0.9724
epoch 132 | val AUROC=0.9940 AUPRC=0.9930 Precision=0.9602 Recall=0.9632
epoch 133 | val AUROC=0.9925 AUPRC=0.9912 Precision=0.9403 Recall=0.9663
epoch 134 | val AUROC=0.9936 AUPRC=0.9927 Precision=0.9544 Recall=0.9632
epoch 135 | val AUROC=0.9939 AUPRC=0.9930 Precision=0.9518 Recall=0.9693
epoch 136 | val AUROC=0.9938 AUPRC=0.9930 Precision=0.9408 Recall=0.9755
epoch 137 | val AUROC=0.9935 AUPRC=0.9926 Precision=0.9545 Recall=0.9663
epoch 138 | val AUROC=0.9927 AUPRC=0.9910 Precision=0.9351 Recall=0.9724
epoch 139 | val AUROC=0.9941 AUPRC=0.9932 Precision=0.9408 Recall=0.9755
epoch 140 | val AUROC=0.9941 AUPRC=0.9934 Precision=0.9515 Recall=0.9632
epoch 141 | val AUROC=0.9950 AUPRC=0.9945 Precision=0.9407 Recall=0.9724
epoch 142 | val AUROC=0.9924 AUPRC=0.9910 Precision=0.9599 Recall=0.9540
epoch 143 | val AUROC=0.9933 AUPRC=0.9926 Precision=0.9347 Recall=0.9663
epoch 144 | val AUROC=0.9930 AUPRC=0.9928 Precision=0.9773 Recall=0.9233
epoch 145 | val AUROC=0.9921 AUPRC=0.9907 Precision=0.9345 Recall=0.9632
epoch 146 | val AUROC=0.9936 AUPRC=0.9929 Precision=0.9515 Recall=0.9632
epoch 147 | val AUROC=0.9926 AUPRC=0.9918 Precision=0.9509 Recall=0.9509
epoch 148 | val AUROC=0.9907 AUPRC=0.9889 Precision=0.9617 Recall=0.9233
epoch 149 | val AUROC=0.9917 AUPRC=0.9900 Precision=0.9564 Recall=0.9417
epoch 150 | val AUROC=0.9931 AUPRC=0.9924 Precision=0.9605 Recall=0.9693
epoch 151 | val AUROC=0.9914 AUPRC=0.9906 Precision=0.9031 Recall=0.9724
epoch 152 | val AUROC=0.9939 AUPRC=0.9932 Precision=0.9624 Recall=0.9417
epoch 153 | val AUROC=0.9941 AUPRC=0.9933 Precision=0.9659 Recall=0.9571
epoch 154 | val AUROC=0.9930 AUPRC=0.9904 Precision=0.9602 Recall=0.9632
epoch 155 | val AUROC=0.9924 AUPRC=0.9910 Precision=0.9290 Recall=0.9632
epoch 156 | val AUROC=0.9936 AUPRC=0.9927 Precision=0.9572 Recall=0.9601
epoch 157 | val AUROC=0.9930 AUPRC=0.9925 Precision=0.9324 Recall=0.9724
epoch 158 | val AUROC=0.9920 AUPRC=0.9913 Precision=0.9541 Recall=0.9571
epoch 159 | val AUROC=0.9935 AUPRC=0.9929 Precision=0.9569 Recall=0.9540
epoch 160 | val AUROC=0.9937 AUPRC=0.9930 Precision=0.9601 Recall=0.9601
epoch 161 | val AUROC=0.9943 AUPRC=0.9939 Precision=0.9405 Recall=0.9693
epoch 162 | val AUROC=0.9936 AUPRC=0.9927 Precision=0.9515 Recall=0.9632
epoch 163 | val AUROC=0.9945 AUPRC=0.9940 Precision=0.9489 Recall=0.9693
epoch 164 | val AUROC=0.9940 AUPRC=0.9934 Precision=0.9541 Recall=0.9571
epoch 165 | val AUROC=0.9938 AUPRC=0.9930 Precision=0.9540 Recall=0.9540
epoch 166 | val AUROC=0.9944 AUPRC=0.9937 Precision=0.9572 Recall=0.9601
epoch 167 | val AUROC=0.9918 AUPRC=0.9884 Precision=0.9604 Recall=0.9663
epoch 168 | val AUROC=0.9939 AUPRC=0.9920 Precision=0.9627 Recall=0.9509
epoch 169 | val AUROC=0.9953 AUPRC=0.9946 Precision=0.9458 Recall=0.9632
epoch 170 | val AUROC=0.9934 AUPRC=0.9926 Precision=0.9514 Recall=0.9601
epoch 171 | val AUROC=0.9939 AUPRC=0.9933 Precision=0.9379 Recall=0.9724
epoch 172 | val AUROC=0.9930 AUPRC=0.9918 Precision=0.9717 Recall=0.9479
epoch 173 | val AUROC=0.9910 AUPRC=0.9889 Precision=0.9062 Recall=0.9785
epoch 174 | val AUROC=0.9933 AUPRC=0.9918 Precision=0.9436 Recall=0.9755
epoch 175 | val AUROC=0.9928 AUPRC=0.9910 Precision=0.9600 Recall=0.9571
epoch 176 | val AUROC=0.9890 AUPRC=0.9856 Precision=0.9324 Recall=0.9724
epoch 177 | val AUROC=0.9913 AUPRC=0.9897 Precision=0.9514 Recall=0.9601
epoch 178 | val AUROC=0.9897 AUPRC=0.9876 Precision=0.9394 Recall=0.9509
epoch 179 | val AUROC=0.9911 AUPRC=0.9901 Precision=0.9486 Recall=0.9632
epoch 180 | val AUROC=0.9918 AUPRC=0.9905 Precision=0.9654 Recall=0.9417
epoch 181 | val AUROC=0.9903 AUPRC=0.9843 Precision=0.9322 Recall=0.9693
epoch 182 | val AUROC=0.9913 AUPRC=0.9869 Precision=0.9602 Recall=0.9632
epoch 183 | val AUROC=0.9917 AUPRC=0.9878 Precision=0.9655 Recall=0.9448
epoch 184 | val AUROC=0.9921 AUPRC=0.9897 Precision=0.9545 Recall=0.9663
epoch 185 | val AUROC=0.9921 AUPRC=0.9898 Precision=0.9377 Recall=0.9693
epoch 186 | val AUROC=0.9921 AUPRC=0.9906 Precision=0.9517 Recall=0.9663
epoch 187 | val AUROC=0.9916 AUPRC=0.9892 Precision=0.9687 Recall=0.9479
epoch 188 | val AUROC=0.9921 AUPRC=0.9907 Precision=0.9545 Recall=0.9663
epoch 189 | val AUROC=0.9924 AUPRC=0.9910 Precision=0.9630 Recall=0.9571
epoch 190 | val AUROC=0.9921 AUPRC=0.9891 Precision=0.9548 Recall=0.9724
epoch 191 | val AUROC=0.9916 AUPRC=0.9901 Precision=0.9544 Recall=0.9632
epoch 192 | val AUROC=0.9924 AUPRC=0.9917 Precision=0.9659 Recall=0.9571
epoch 193 | val AUROC=0.9900 AUPRC=0.9880 Precision=0.9318 Recall=0.9632
epoch 194 | val AUROC=0.9923 AUPRC=0.9909 Precision=0.9690 Recall=0.9601
epoch 195 | val AUROC=0.9913 AUPRC=0.9900 Precision=0.9717 Recall=0.9479
epoch 196 | val AUROC=0.9933 AUPRC=0.9926 Precision=0.9246 Recall=0.9785
epoch 197 | val AUROC=0.9912 AUPRC=0.9881 Precision=0.9630 Recall=0.9571
epoch 198 | val AUROC=0.9923 AUPRC=0.9893 Precision=0.9659 Recall=0.9571
epoch 199 | val AUROC=0.9931 AUPRC=0.9898 Precision=0.9407 Recall=0.9724
epoch 200 | val AUROC=0.9925 AUPRC=0.9903 Precision=0.9543 Recall=0.9601
epoch 201 | val AUROC=0.9925 AUPRC=0.9907 Precision=0.9656 Recall=0.9479
epoch 202 | val AUROC=0.9924 AUPRC=0.9849 Precision=0.9463 Recall=0.9724
epoch 203 | val AUROC=0.9926 AUPRC=0.9885 Precision=0.9548 Recall=0.9724
epoch 204 | val AUROC=0.9930 AUPRC=0.9889 Precision=0.9545 Recall=0.9663
epoch 205 | val AUROC=0.9921 AUPRC=0.9872 Precision=0.9435 Recall=0.9724
epoch 206 | val AUROC=0.9936 AUPRC=0.9920 Precision=0.9574 Recall=0.9663
epoch 207 | val AUROC=0.9947 AUPRC=0.9937 Precision=0.9548 Recall=0.9724
epoch 208 | val AUROC=0.9921 AUPRC=0.9879 Precision=0.9410 Recall=0.9785
epoch 209 | val AUROC=0.9928 AUPRC=0.9900 Precision=0.9598 Recall=0.9509
epoch 210 | val AUROC=0.9919 AUPRC=0.9895 Precision=0.9486 Recall=0.9632
epoch 211 | val AUROC=0.9928 AUPRC=0.9907 Precision=0.9488 Recall=0.9663
epoch 212 | val AUROC=0.9931 AUPRC=0.9918 Precision=0.9543 Recall=0.9601
epoch 213 | val AUROC=0.9928 AUPRC=0.9896 Precision=0.9463 Recall=0.9724
epoch 214 | val AUROC=0.9924 AUPRC=0.9893 Precision=0.9269 Recall=0.9724
epoch 215 | val AUROC=0.9934 AUPRC=0.9923 Precision=0.9461 Recall=0.9693
epoch 216 | val AUROC=0.9934 AUPRC=0.9929 Precision=0.9687 Recall=0.9479
epoch 217 | val AUROC=0.9946 AUPRC=0.9940 Precision=0.9167 Recall=0.9785
epoch 218 | val AUROC=0.9946 AUPRC=0.9940 Precision=0.9488 Recall=0.9663
epoch 219 | val AUROC=0.9916 AUPRC=0.9893 Precision=0.9483 Recall=0.9571
epoch 220 | val AUROC=0.9912 AUPRC=0.9847 Precision=0.9655 Recall=0.9448
epoch 221 | val AUROC=0.9924 AUPRC=0.9875 Precision=0.9630 Recall=0.9571
epoch 222 | val AUROC=0.9945 AUPRC=0.9938 Precision=0.9686 Recall=0.9448
epoch 223 | val AUROC=0.9945 AUPRC=0.9938 Precision=0.9244 Recall=0.9755
epoch 224 | val AUROC=0.9936 AUPRC=0.9925 Precision=0.9632 Recall=0.9632
epoch 225 | val AUROC=0.9940 AUPRC=0.9932 Precision=0.9658 Recall=0.9540
epoch 226 | val AUROC=0.9945 AUPRC=0.9939 Precision=0.9663 Recall=0.9663
epoch 227 | val AUROC=0.9953 AUPRC=0.9947 Precision=0.9435 Recall=0.9724
epoch 228 | val AUROC=0.9949 AUPRC=0.9944 Precision=0.9604 Recall=0.9663
epoch 229 | val AUROC=0.9944 AUPRC=0.9937 Precision=0.9576 Recall=0.9693
epoch 230 | val AUROC=0.9952 AUPRC=0.9947 Precision=0.9574 Recall=0.9663
[FIND BEST!] epoch 231 | val AUROC=0.9956 AUPRC=0.9953 Precision=0.9577 Recall=0.9724|
test AUROC=0.9909 AUPRC=0.9903 Precision=0.9456 Recall=0.9553
epoch 232 | val AUROC=0.9953 AUPRC=0.9947 Precision=0.9604 Recall=0.9663
[FIND BEST!] epoch 233 | val AUROC=0.9957 AUPRC=0.9953 Precision=0.9517 Recall=0.9663|
test AUROC=0.9912 AUPRC=0.9909 Precision=0.9424 Recall=0.9553
epoch 234 | val AUROC=0.9952 AUPRC=0.9946 Precision=0.9494 Recall=0.9785
epoch 235 | val AUROC=0.9955 AUPRC=0.9950 Precision=0.9630 Recall=0.9571
[FIND BEST!] epoch 236 | val AUROC=0.9958 AUPRC=0.9952 Precision=0.9489 Recall=0.9693|
test AUROC=0.9905 AUPRC=0.9900 Precision=0.9456 Recall=0.9553
epoch 237 | val AUROC=0.9952 AUPRC=0.9947 Precision=0.9458 Recall=0.9632
epoch 238 | val AUROC=0.9949 AUPRC=0.9944 Precision=0.9659 Recall=0.9571
epoch 239 | val AUROC=0.9942 AUPRC=0.9936 Precision=0.9688 Recall=0.9540
epoch 240 | val AUROC=0.9920 AUPRC=0.9844 Precision=0.9375 Recall=0.9663
epoch 241 | val AUROC=0.9934 AUPRC=0.9920 Precision=0.9686 Recall=0.9448
epoch 242 | val AUROC=0.9897 AUPRC=0.9872 Precision=0.9322 Recall=0.9693
epoch 243 | val AUROC=0.9935 AUPRC=0.9927 Precision=0.9676 Recall=0.9172
epoch 244 | val AUROC=0.9897 AUPRC=0.9879 Precision=0.9191 Recall=0.9755
epoch 245 | val AUROC=0.9942 AUPRC=0.9933 Precision=0.9689 Recall=0.9571
epoch 246 | val AUROC=0.9938 AUPRC=0.9930 Precision=0.9318 Recall=0.9632
epoch 247 | val AUROC=0.9922 AUPRC=0.9901 Precision=0.9534 Recall=0.9417
epoch 248 | val AUROC=0.9928 AUPRC=0.9908 Precision=0.9538 Recall=0.9509
epoch 249 | val AUROC=0.9935 AUPRC=0.9921 Precision=0.9599 Recall=0.9540
epoch 250 | val AUROC=0.9927 AUPRC=0.9909 Precision=0.9429 Recall=0.9632
epoch 251 | val AUROC=0.9942 AUPRC=0.9934 Precision=0.9515 Recall=0.9632
epoch 252 | val AUROC=0.9929 AUPRC=0.9917 Precision=0.9512 Recall=0.9571
epoch 253 | val AUROC=0.9941 AUPRC=0.9933 Precision=0.9485 Recall=0.9601
epoch 254 | val AUROC=0.9932 AUPRC=0.9921 Precision=0.9399 Recall=0.9601
epoch 255 | val AUROC=0.9933 AUPRC=0.9921 Precision=0.9485 Recall=0.9601
epoch 256 | val AUROC=0.9942 AUPRC=0.9932 Precision=0.9485 Recall=0.9601
epoch 257 | val AUROC=0.9931 AUPRC=0.9918 Precision=0.9292 Recall=0.9663
epoch 258 | val AUROC=0.9920 AUPRC=0.9907 Precision=0.9366 Recall=0.9509
epoch 259 | val AUROC=0.9931 AUPRC=0.9918 Precision=0.9569 Recall=0.9540
epoch 260 | val AUROC=0.9942 AUPRC=0.9932 Precision=0.9514 Recall=0.9601
epoch 261 | val AUROC=0.9926 AUPRC=0.9907 Precision=0.9483 Recall=0.9571
epoch 262 | val AUROC=0.9945 AUPRC=0.9935 Precision=0.9571 Recall=0.9571
epoch 263 | val AUROC=0.9938 AUPRC=0.9922 Precision=0.9543 Recall=0.9601
epoch 264 | val AUROC=0.9936 AUPRC=0.9925 Precision=0.9459 Recall=0.9663
epoch 265 | val AUROC=0.9902 AUPRC=0.9874 Precision=0.9743 Recall=0.9294
epoch 266 | val AUROC=0.9929 AUPRC=0.9920 Precision=0.9456 Recall=0.9601
epoch 267 | val AUROC=0.9943 AUPRC=0.9935 Precision=0.9602 Recall=0.9632
epoch 268 | val AUROC=0.9932 AUPRC=0.9919 Precision=0.9631 Recall=0.9601
epoch 269 | val AUROC=0.9935 AUPRC=0.9927 Precision=0.9543 Recall=0.9601
epoch 270 | val AUROC=0.9922 AUPRC=0.9903 Precision=0.9540 Recall=0.9540
epoch 271 | val AUROC=0.9938 AUPRC=0.9932 Precision=0.9482 Recall=0.9540
epoch 272 | val AUROC=0.9930 AUPRC=0.9917 Precision=0.9688 Recall=0.9509
epoch 273 | val AUROC=0.9946 AUPRC=0.9940 Precision=0.9458 Recall=0.9632
epoch 274 | val AUROC=0.9916 AUPRC=0.9896 Precision=0.9455 Recall=0.9571
epoch 275 | val AUROC=0.9883 AUPRC=0.9850 Precision=0.9269 Recall=0.9724
epoch 276 | val AUROC=0.9913 AUPRC=0.9894 Precision=0.9511 Recall=0.9540
epoch 277 | val AUROC=0.9945 AUPRC=0.9940 Precision=0.9458 Recall=0.9632
epoch 278 | val AUROC=0.9942 AUPRC=0.9937 Precision=0.9540 Recall=0.9540
epoch 279 | val AUROC=0.9942 AUPRC=0.9937 Precision=0.9543 Recall=0.9601
epoch 280 | val AUROC=0.9927 AUPRC=0.9917 Precision=0.9656 Recall=0.9479
epoch 281 | val AUROC=0.9927 AUPRC=0.9919 Precision=0.9514 Recall=0.9601
epoch 282 | val AUROC=0.9923 AUPRC=0.9905 Precision=0.9595 Recall=0.9448
epoch 283 | val AUROC=0.9937 AUPRC=0.9930 Precision=0.9623 Recall=0.9387
epoch 284 | val AUROC=0.9940 AUPRC=0.9931 Precision=0.9627 Recall=0.9509
epoch 285 | val AUROC=0.9927 AUPRC=0.9913 Precision=0.9686 Recall=0.9448
epoch 286 | val AUROC=0.9933 AUPRC=0.9922 Precision=0.9686 Recall=0.9448
epoch 287 | val AUROC=0.9930 AUPRC=0.9919 Precision=0.9656 Recall=0.9479
epoch 288 | val AUROC=0.9936 AUPRC=0.9929 Precision=0.9571 Recall=0.9571
epoch 289 | val AUROC=0.9941 AUPRC=0.9932 Precision=0.9405 Recall=0.9693
epoch 290 | val AUROC=0.9940 AUPRC=0.9930 Precision=0.9545 Recall=0.9663
epoch 291 | val AUROC=0.9935 AUPRC=0.9926 Precision=0.9652 Recall=0.9356
epoch 292 | val AUROC=0.9944 AUPRC=0.9938 Precision=0.9748 Recall=0.9479
epoch 293 | val AUROC=0.9952 AUPRC=0.9946 Precision=0.9574 Recall=0.9663
epoch 294 | val AUROC=0.9937 AUPRC=0.9919 Precision=0.9220 Recall=0.9785
epoch 295 | val AUROC=0.9934 AUPRC=0.9919 Precision=0.9491 Recall=0.9724
epoch 296 | val AUROC=0.9932 AUPRC=0.9915 Precision=0.9632 Recall=0.9632
epoch 297 | val AUROC=0.9930 AUPRC=0.9912 Precision=0.9405 Recall=0.9693
epoch 298 | val AUROC=0.9936 AUPRC=0.9929 Precision=0.9540 Recall=0.9540
epoch 299 | val AUROC=0.9938 AUPRC=0.9928 Precision=0.9656 Recall=0.9479
epoch 300 | val AUROC=0.9937 AUPRC=0.9933 Precision=0.9461 Recall=0.9693
epoch 301 | val AUROC=0.9931 AUPRC=0.9918 Precision=0.9537 Recall=0.9479
epoch 302 | val AUROC=0.9931 AUPRC=0.9917 Precision=0.9627 Recall=0.9509
epoch 303 | val AUROC=0.9941 AUPRC=0.9934 Precision=0.9401 Recall=0.9632
epoch 304 | val AUROC=0.9938 AUPRC=0.9931 Precision=0.9621 Recall=0.9356
epoch 305 | val AUROC=0.9936 AUPRC=0.9929 Precision=0.9407 Recall=0.9724
epoch 306 | val AUROC=0.9928 AUPRC=0.9917 Precision=0.9488 Recall=0.9663
epoch 307 | val AUROC=0.9924 AUPRC=0.9910 Precision=0.9717 Recall=0.9479
epoch 308 | val AUROC=0.9909 AUPRC=0.9882 Precision=0.9518 Recall=0.9693
epoch 309 | val AUROC=0.9899 AUPRC=0.9864 Precision=0.9294 Recall=0.9693
epoch 310 | val AUROC=0.9897 AUPRC=0.9813 Precision=0.9653 Recall=0.9387
epoch 311 | val AUROC=0.9876 AUPRC=0.9848 Precision=0.9135 Recall=0.9724
epoch 312 | val AUROC=0.9920 AUPRC=0.9909 Precision=0.9483 Recall=0.9571
epoch 313 | val AUROC=0.9904 AUPRC=0.9876 Precision=0.9512 Recall=0.9571
epoch 314 | val AUROC=0.9897 AUPRC=0.9839 Precision=0.9626 Recall=0.9479
epoch 315 | val AUROC=0.9911 AUPRC=0.9880 Precision=0.9351 Recall=0.9724
epoch 316 | val AUROC=0.9907 AUPRC=0.9872 Precision=0.9512 Recall=0.9571
epoch 317 | val AUROC=0.9901 AUPRC=0.9871 Precision=0.9573 Recall=0.9632
epoch 318 | val AUROC=0.9905 AUPRC=0.9869 Precision=0.9600 Recall=0.9571
epoch 319 | val AUROC=0.9906 AUPRC=0.9873 Precision=0.9514 Recall=0.9601
epoch 320 | val AUROC=0.9898 AUPRC=0.9849 Precision=0.9514 Recall=0.9601
epoch 321 | val AUROC=0.9906 AUPRC=0.9873 Precision=0.9654 Recall=0.9417
epoch 322 | val AUROC=0.9901 AUPRC=0.9869 Precision=0.9600 Recall=0.9571
epoch 323 | val AUROC=0.9904 AUPRC=0.9834 Precision=0.9632 Recall=0.9632
epoch 324 | val AUROC=0.9902 AUPRC=0.9838 Precision=0.9573 Recall=0.9632
epoch 325 | val AUROC=0.9907 AUPRC=0.9848 Precision=0.9573 Recall=0.9632
epoch 326 | val AUROC=0.9904 AUPRC=0.9877 Precision=0.9485 Recall=0.9601
epoch 327 | val AUROC=0.9904 AUPRC=0.9890 Precision=0.9518 Recall=0.9693
epoch 328 | val AUROC=0.9898 AUPRC=0.9874 Precision=0.9604 Recall=0.9663
epoch 329 | val AUROC=0.9901 AUPRC=0.9875 Precision=0.9428 Recall=0.9601
epoch 330 | val AUROC=0.9923 AUPRC=0.9915 Precision=0.9509 Recall=0.9509
epoch 331 | val AUROC=0.9917 AUPRC=0.9909 Precision=0.9538 Recall=0.9509
epoch 332 | val AUROC=0.9927 AUPRC=0.9918 Precision=0.9568 Recall=0.9509
epoch 333 | val AUROC=0.9927 AUPRC=0.9915 Precision=0.9403 Recall=0.9663
epoch 334 | val AUROC=0.9934 AUPRC=0.9925 Precision=0.9571 Recall=0.9571
epoch 335 | val AUROC=0.9936 AUPRC=0.9925 Precision=0.9602 Recall=0.9632
epoch 336 | val AUROC=0.9944 AUPRC=0.9936 Precision=0.9573 Recall=0.9632
epoch 337 | val AUROC=0.9943 AUPRC=0.9936 Precision=0.9658 Recall=0.9540
epoch 338 | val AUROC=0.9948 AUPRC=0.9943 Precision=0.9517 Recall=0.9663
epoch 339 | val AUROC=0.9940 AUPRC=0.9935 Precision=0.9433 Recall=0.9693
epoch 340 | val AUROC=0.9939 AUPRC=0.9932 Precision=0.9571 Recall=0.9571
epoch 341 | val AUROC=0.9906 AUPRC=0.9867 Precision=0.9512 Recall=0.9571
epoch 342 | val AUROC=0.9935 AUPRC=0.9932 Precision=0.9461 Recall=0.9693
epoch 343 | val AUROC=0.9925 AUPRC=0.9920 Precision=0.9543 Recall=0.9601
epoch 344 | val AUROC=0.9930 AUPRC=0.9924 Precision=0.9628 Recall=0.9540
epoch 345 | val AUROC=0.9928 AUPRC=0.9919 Precision=0.9598 Recall=0.9509
epoch 346 | val AUROC=0.9914 AUPRC=0.9897 Precision=0.9489 Recall=0.9693
epoch 347 | val AUROC=0.9930 AUPRC=0.9917 Precision=0.9633 Recall=0.9663
epoch 348 | val AUROC=0.9927 AUPRC=0.9912 Precision=0.9602 Recall=0.9632
epoch 349 | val AUROC=0.9940 AUPRC=0.9930 Precision=0.9602 Recall=0.9632
epoch 350 | val AUROC=0.9930 AUPRC=0.9918 Precision=0.9599 Recall=0.9540
epoch 351 | val AUROC=0.9928 AUPRC=0.9916 Precision=0.9371 Recall=0.9601
epoch 352 | val AUROC=0.9934 AUPRC=0.9927 Precision=0.9518 Recall=0.9693
epoch 353 | val AUROC=0.9942 AUPRC=0.9930 Precision=0.9690 Recall=0.9601
epoch 354 | val AUROC=0.9935 AUPRC=0.9925 Precision=0.9660 Recall=0.9601
epoch 355 | val AUROC=0.9923 AUPRC=0.9899 Precision=0.9403 Recall=0.9663
epoch 356 | val AUROC=0.9911 AUPRC=0.9887 Precision=0.9486 Recall=0.9632
epoch 357 | val AUROC=0.9937 AUPRC=0.9926 Precision=0.9543 Recall=0.9601
epoch 358 | val AUROC=0.9949 AUPRC=0.9941 Precision=0.9381 Recall=0.9755
epoch 359 | val AUROC=0.9943 AUPRC=0.9934 Precision=0.9517 Recall=0.9663
epoch 360 | val AUROC=0.9945 AUPRC=0.9936 Precision=0.9543 Recall=0.9601
epoch 361 | val AUROC=0.9949 AUPRC=0.9942 Precision=0.9548 Recall=0.9724
epoch 362 | val AUROC=0.9955 AUPRC=0.9948 Precision=0.9606 Recall=0.9724
epoch 363 | val AUROC=0.9952 AUPRC=0.9945 Precision=0.9664 Recall=0.9693
epoch 364 | val AUROC=0.9944 AUPRC=0.9936 Precision=0.9688 Recall=0.9540
epoch 365 | val AUROC=0.9929 AUPRC=0.9919 Precision=0.9571 Recall=0.9571
epoch 366 | val AUROC=0.9935 AUPRC=0.9927 Precision=0.9571 Recall=0.9571
epoch 367 | val AUROC=0.9920 AUPRC=0.9909 Precision=0.9572 Recall=0.9601
epoch 368 | val AUROC=0.9923 AUPRC=0.9919 Precision=0.9320 Recall=0.9663
epoch 369 | val AUROC=0.9937 AUPRC=0.9932 Precision=0.9657 Recall=0.9509
epoch 370 | val AUROC=0.9918 AUPRC=0.9915 Precision=0.9133 Recall=0.9693
epoch 371 | val AUROC=0.9927 AUPRC=0.9918 Precision=0.9565 Recall=0.9448
epoch 372 | val AUROC=0.9939 AUPRC=0.9939 Precision=0.9379 Recall=0.9724
epoch 373 | val AUROC=0.9946 AUPRC=0.9939 Precision=0.9630 Recall=0.9571
epoch 374 | val AUROC=0.9950 AUPRC=0.9942 Precision=0.9461 Recall=0.9693
epoch 375 | val AUROC=0.9927 AUPRC=0.9914 Precision=0.9489 Recall=0.9693
epoch 376 | val AUROC=0.9937 AUPRC=0.9928 Precision=0.9571 Recall=0.9571
epoch 377 | val AUROC=0.9934 AUPRC=0.9920 Precision=0.9599 Recall=0.9540
epoch 378 | val AUROC=0.9949 AUPRC=0.9940 Precision=0.9604 Recall=0.9663
epoch 379 | val AUROC=0.9940 AUPRC=0.9930 Precision=0.9692 Recall=0.9663
epoch 380 | val AUROC=0.9945 AUPRC=0.9938 Precision=0.9604 Recall=0.9663
epoch 381 | val AUROC=0.9940 AUPRC=0.9930 Precision=0.9571 Recall=0.9571
epoch 382 | val AUROC=0.9945 AUPRC=0.9938 Precision=0.9632 Recall=0.9632
epoch 383 | val AUROC=0.9935 AUPRC=0.9924 Precision=0.9569 Recall=0.9540
epoch 384 | val AUROC=0.9939 AUPRC=0.9932 Precision=0.9407 Recall=0.9724
epoch 385 | val AUROC=0.9926 AUPRC=0.9923 Precision=0.9485 Recall=0.9601
epoch 386 | val AUROC=0.9921 AUPRC=0.9916 Precision=0.9573 Recall=0.9632
epoch 387 | val AUROC=0.9923 AUPRC=0.9916 Precision=0.9517 Recall=0.9663
epoch 388 | val AUROC=0.9933 AUPRC=0.9927 Precision=0.9488 Recall=0.9663
epoch 389 | val AUROC=0.9941 AUPRC=0.9936 Precision=0.9601 Recall=0.9601
epoch 390 | val AUROC=0.9949 AUPRC=0.9945 Precision=0.9576 Recall=0.9693
epoch 391 | val AUROC=0.9948 AUPRC=0.9944 Precision=0.9604 Recall=0.9663
epoch 392 | val AUROC=0.9938 AUPRC=0.9929 Precision=0.9601 Recall=0.9601
epoch 393 | val AUROC=0.9943 AUPRC=0.9937 Precision=0.9436 Recall=0.9755
epoch 394 | val AUROC=0.9949 AUPRC=0.9943 Precision=0.9545 Recall=0.9663
epoch 395 | val AUROC=0.9949 AUPRC=0.9943 Precision=0.9459 Recall=0.9663
epoch 396 | val AUROC=0.9954 AUPRC=0.9949 Precision=0.9518 Recall=0.9693
epoch 397 | val AUROC=0.9955 AUPRC=0.9950 Precision=0.9576 Recall=0.9693
epoch 398 | val AUROC=0.9943 AUPRC=0.9935 Precision=0.9517 Recall=0.9663
epoch 399 | val AUROC=0.9947 AUPRC=0.9938 Precision=0.9574 Recall=0.9663
epoch 400 | val AUROC=0.9944 AUPRC=0.9934 Precision=0.9488 Recall=0.9663
epoch 401 | val AUROC=0.9949 AUPRC=0.9942 Precision=0.9601 Recall=0.9601
epoch 402 | val AUROC=0.9938 AUPRC=0.9930 Precision=0.9626 Recall=0.9479
epoch 403 | val AUROC=0.9939 AUPRC=0.9931 Precision=0.9486 Recall=0.9632
epoch 404 | val AUROC=0.9936 AUPRC=0.9925 Precision=0.9626 Recall=0.9479
epoch 405 | val AUROC=0.9936 AUPRC=0.9932 Precision=0.9518 Recall=0.9693
epoch 406 | val AUROC=0.9944 AUPRC=0.9941 Precision=0.9601 Recall=0.9601
epoch 407 | val AUROC=0.9944 AUPRC=0.9941 Precision=0.9601 Recall=0.9601
epoch 408 | val AUROC=0.9944 AUPRC=0.9942 Precision=0.9518 Recall=0.9693
epoch 409 | val AUROC=0.9943 AUPRC=0.9939 Precision=0.9662 Recall=0.9632
epoch 410 | val AUROC=0.9947 AUPRC=0.9943 Precision=0.9518 Recall=0.9693
epoch 411 | val AUROC=0.9947 AUPRC=0.9945 Precision=0.9602 Recall=0.9632
epoch 412 | val AUROC=0.9943 AUPRC=0.9939 Precision=0.9602 Recall=0.9632
epoch 413 | val AUROC=0.9951 AUPRC=0.9947 Precision=0.9632 Recall=0.9632
epoch 414 | val AUROC=0.9952 AUPRC=0.9946 Precision=0.9602 Recall=0.9632
epoch 415 | val AUROC=0.9936 AUPRC=0.9934 Precision=0.9720 Recall=0.9571
epoch 416 | val AUROC=0.9945 AUPRC=0.9942 Precision=0.9436 Recall=0.9755
epoch 417 | val AUROC=0.9957 AUPRC=0.9951 Precision=0.9631 Recall=0.9601
epoch 418 | val AUROC=0.9933 AUPRC=0.9935 Precision=0.9485 Recall=0.9601
epoch 419 | val AUROC=0.9939 AUPRC=0.9934 Precision=0.9628 Recall=0.9540
epoch 420 | val AUROC=0.9943 AUPRC=0.9938 Precision=0.9688 Recall=0.9509
epoch 421 | val AUROC=0.9940 AUPRC=0.9937 Precision=0.9461 Recall=0.9693
epoch 422 | val AUROC=0.9943 AUPRC=0.9940 Precision=0.9512 Recall=0.9571
epoch 423 | val AUROC=0.9947 AUPRC=0.9941 Precision=0.9511 Recall=0.9540
epoch 424 | val AUROC=0.9943 AUPRC=0.9938 Precision=0.9458 Recall=0.9632
epoch 425 | val AUROC=0.9947 AUPRC=0.9941 Precision=0.9488 Recall=0.9663
epoch 426 | val AUROC=0.9949 AUPRC=0.9943 Precision=0.9574 Recall=0.9663
epoch 427 | val AUROC=0.9948 AUPRC=0.9941 Precision=0.9601 Recall=0.9601
epoch 428 | val AUROC=0.9946 AUPRC=0.9943 Precision=0.9520 Recall=0.9724
epoch 429 | val AUROC=0.9925 AUPRC=0.9927 Precision=0.9399 Recall=0.9601
epoch 430 | val AUROC=0.9938 AUPRC=0.9930 Precision=0.9621 Recall=0.9356
epoch 431 | val AUROC=0.9944 AUPRC=0.9937 Precision=0.9688 Recall=0.9509
epoch 432 | val AUROC=0.9950 AUPRC=0.9945 Precision=0.9461 Recall=0.9693
epoch 433 | val AUROC=0.9950 AUPRC=0.9948 Precision=0.9662 Recall=0.9632
epoch 434 | val AUROC=0.9949 AUPRC=0.9947 Precision=0.9267 Recall=0.9693
epoch 435 | val AUROC=0.9950 AUPRC=0.9947 Precision=0.9631 Recall=0.9601
epoch 436 | val AUROC=0.9954 AUPRC=0.9952 Precision=0.9633 Recall=0.9663
early stopping at epoch 436
[02:25:06] DONE  HAG-DTA GIN
[02:25:06] ========== C.elegans seed=3000 COMPLETE ==========
