[09:23:03] ========== Davis HAG-DTA seed=4000 models=gin ==========
[09:23:03] START HAG-DTA GIN
Diff_DTA_GIN | davis | classic | cuda=cuda:0
LR=0.0005 epochs=1000 val_interval=1 patience=200

--- davis seed=4000 ---
Pre-processed data found: /root/autodl-tmp/HAG-DTA-cache/processed/davis_train.pt, loading ...
Pre-processed data found: /root/autodl-tmp/HAG-DTA-cache/processed/davis_test.pt, loading ...
/root/HAG-DTA/py38_env/lib/python3.8/site-packages/torch_geometric/deprecation.py:26: UserWarning: 'data.DenseDataLoader' is deprecated, use 'loader.DenseDataLoader' instead
  warnings.warn(out)
n1=6 n2=2
[FIND BEST!] epoch    1 | mse=4.0535 ci=0.6646 rm2=-0.0294
[FIND BEST!] epoch    2 | mse=3.1030 ci=0.6980 rm2=-0.0055
[FIND BEST!] epoch    3 | mse=1.0761 ci=0.7244 rm2=0.1697
[FIND BEST!] epoch    4 | mse=0.6852 ci=0.7566 rm2=0.2303
[FIND BEST!] epoch    5 | mse=0.6679 ci=0.7927 rm2=0.3170
[FIND BEST!] epoch    6 | mse=0.5743 ci=0.7734 rm2=0.2756
[FIND BEST!] epoch    7 | mse=0.5572 ci=0.7924 rm2=0.3240
[FIND BEST!] epoch    8 | mse=0.5471 ci=0.7932 rm2=0.3643
epoch    9 | mse=0.5665 ci=0.7652 rm2=0.3013
[FIND BEST!] epoch   10 | mse=0.5132 ci=0.7989 rm2=0.3317
[FIND BEST!] epoch   11 | mse=0.4557 ci=0.8207 rm2=0.4067
[FIND BEST!] epoch   12 | mse=0.4449 ci=0.8165 rm2=0.4270
epoch   13 | mse=0.4798 ci=0.8171 rm2=0.4238
[FIND BEST!] epoch   14 | mse=0.4209 ci=0.8305 rm2=0.4675
epoch   15 | mse=0.4275 ci=0.8147 rm2=0.4715
[FIND BEST!] epoch   16 | mse=0.3943 ci=0.8378 rm2=0.5048
epoch   17 | mse=0.4105 ci=0.8300 rm2=0.4825
epoch   18 | mse=0.4027 ci=0.8264 rm2=0.4644
[FIND BEST!] epoch   19 | mse=0.3642 ci=0.8515 rm2=0.5127
epoch   20 | mse=0.3701 ci=0.8517 rm2=0.5191
epoch   21 | mse=0.3703 ci=0.8501 rm2=0.5223
epoch   22 | mse=0.3668 ci=0.8542 rm2=0.5533
[FIND BEST!] epoch   23 | mse=0.3450 ci=0.8557 rm2=0.5731
epoch   24 | mse=0.3694 ci=0.8426 rm2=0.5384
[FIND BEST!] epoch   25 | mse=0.3365 ci=0.8577 rm2=0.5783
epoch   26 | mse=0.3577 ci=0.8463 rm2=0.5265
[FIND BEST!] epoch   27 | mse=0.3275 ci=0.8658 rm2=0.5701
[FIND BEST!] epoch   28 | mse=0.3235 ci=0.8610 rm2=0.5785
epoch   29 | mse=0.3254 ci=0.8690 rm2=0.5644
epoch   30 | mse=0.3331 ci=0.8549 rm2=0.5468
epoch   31 | mse=0.3343 ci=0.8471 rm2=0.5653
epoch   32 | mse=0.3544 ci=0.8257 rm2=0.5610
[FIND BEST!] epoch   33 | mse=0.3146 ci=0.8553 rm2=0.5855
epoch   34 | mse=0.3163 ci=0.8602 rm2=0.5814
epoch   35 | mse=0.3318 ci=0.8453 rm2=0.5874
[FIND BEST!] epoch   36 | mse=0.3090 ci=0.8595 rm2=0.5906
[FIND BEST!] epoch   37 | mse=0.2915 ci=0.8627 rm2=0.6159
epoch   38 | mse=0.2931 ci=0.8774 rm2=0.6288
[FIND BEST!] epoch   39 | mse=0.2894 ci=0.8745 rm2=0.6274
epoch   40 | mse=0.2927 ci=0.8695 rm2=0.6207
epoch   41 | mse=0.3030 ci=0.8601 rm2=0.6072
[FIND BEST!] epoch   42 | mse=0.2827 ci=0.8736 rm2=0.6441
epoch   43 | mse=0.2833 ci=0.8718 rm2=0.6521
[FIND BEST!] epoch   44 | mse=0.2734 ci=0.8736 rm2=0.6441
epoch   45 | mse=0.2876 ci=0.8674 rm2=0.6263
epoch   46 | mse=0.2788 ci=0.8794 rm2=0.6130
epoch   47 | mse=0.2826 ci=0.8657 rm2=0.6459
epoch   48 | mse=0.2744 ci=0.8749 rm2=0.6493
epoch   49 | mse=0.2773 ci=0.8800 rm2=0.6682
[FIND BEST!] epoch   50 | mse=0.2719 ci=0.8730 rm2=0.6486
epoch   51 | mse=0.2740 ci=0.8764 rm2=0.6161
epoch   52 | mse=0.2720 ci=0.8733 rm2=0.6672
[FIND BEST!] epoch   53 | mse=0.2662 ci=0.8755 rm2=0.6369
epoch   54 | mse=0.2727 ci=0.8673 rm2=0.6332
[FIND BEST!] epoch   55 | mse=0.2635 ci=0.8738 rm2=0.6583
[FIND BEST!] epoch   56 | mse=0.2562 ci=0.8797 rm2=0.6672
epoch   57 | mse=0.2668 ci=0.8637 rm2=0.6525
epoch   58 | mse=0.2863 ci=0.8724 rm2=0.5686
epoch   59 | mse=0.2720 ci=0.8736 rm2=0.6361
[FIND BEST!] epoch   60 | mse=0.2529 ci=0.8772 rm2=0.6668
epoch   61 | mse=0.2543 ci=0.8747 rm2=0.6797
epoch   62 | mse=0.2534 ci=0.8730 rm2=0.6734
epoch   63 | mse=0.2677 ci=0.8714 rm2=0.6460
epoch   64 | mse=0.2582 ci=0.8819 rm2=0.6310
epoch   65 | mse=0.2557 ci=0.8725 rm2=0.6551
epoch   66 | mse=0.2699 ci=0.8731 rm2=0.6110
epoch   67 | mse=0.2575 ci=0.8855 rm2=0.6190
[FIND BEST!] epoch   68 | mse=0.2509 ci=0.8790 rm2=0.6741
epoch   69 | mse=0.2518 ci=0.8867 rm2=0.6476
epoch   70 | mse=0.2574 ci=0.8855 rm2=0.6149
[FIND BEST!] epoch   71 | mse=0.2477 ci=0.8821 rm2=0.6727
epoch   72 | mse=0.2532 ci=0.8742 rm2=0.6663
epoch   73 | mse=0.2504 ci=0.8812 rm2=0.6491
epoch   74 | mse=0.2504 ci=0.8797 rm2=0.6848
[FIND BEST!] epoch   75 | mse=0.2395 ci=0.8800 rm2=0.6897
epoch   76 | mse=0.2488 ci=0.8849 rm2=0.6377
epoch   77 | mse=0.2435 ci=0.8869 rm2=0.6558
epoch   78 | mse=0.2437 ci=0.8741 rm2=0.6792
epoch   79 | mse=0.2469 ci=0.8796 rm2=0.6927
epoch   80 | mse=0.2561 ci=0.8769 rm2=0.6651
epoch   81 | mse=0.2450 ci=0.8867 rm2=0.6397
epoch   82 | mse=0.2468 ci=0.8851 rm2=0.6444
epoch   83 | mse=0.2398 ci=0.8852 rm2=0.6673
[FIND BEST!] epoch   84 | mse=0.2393 ci=0.8790 rm2=0.6964
[FIND BEST!] epoch   85 | mse=0.2331 ci=0.8896 rm2=0.6715
epoch   86 | mse=0.2399 ci=0.8818 rm2=0.7003
epoch   87 | mse=0.2363 ci=0.8833 rm2=0.6979
epoch   88 | mse=0.2351 ci=0.8921 rm2=0.6729
epoch   89 | mse=0.2444 ci=0.8856 rm2=0.6603
epoch   90 | mse=0.2381 ci=0.8876 rm2=0.6823
epoch   91 | mse=0.2425 ci=0.8873 rm2=0.6789
epoch   92 | mse=0.2396 ci=0.8777 rm2=0.6871
[FIND BEST!] epoch   93 | mse=0.2314 ci=0.8882 rm2=0.6809
epoch   94 | mse=0.2320 ci=0.8900 rm2=0.6802
epoch   95 | mse=0.2356 ci=0.8894 rm2=0.6766
[FIND BEST!] epoch   96 | mse=0.2297 ci=0.8888 rm2=0.6714
epoch   97 | mse=0.2335 ci=0.8858 rm2=0.7017
[FIND BEST!] epoch   98 | mse=0.2250 ci=0.8923 rm2=0.6909
epoch   99 | mse=0.2302 ci=0.8897 rm2=0.6974
epoch  100 | mse=0.2281 ci=0.8869 rm2=0.7004
epoch  101 | mse=0.2293 ci=0.8869 rm2=0.7108
epoch  102 | mse=0.2331 ci=0.8834 rm2=0.6920
epoch  103 | mse=0.2420 ci=0.8792 rm2=0.6630
epoch  104 | mse=0.2360 ci=0.8848 rm2=0.6839
epoch  105 | mse=0.2314 ci=0.8813 rm2=0.7095
epoch  106 | mse=0.2458 ci=0.8846 rm2=0.6582
[FIND BEST!] epoch  107 | mse=0.2221 ci=0.8902 rm2=0.7000
epoch  108 | mse=0.2305 ci=0.8895 rm2=0.6876
epoch  109 | mse=0.2304 ci=0.8839 rm2=0.7102
epoch  110 | mse=0.2337 ci=0.8842 rm2=0.7096
epoch  111 | mse=0.2257 ci=0.8890 rm2=0.6892
epoch  112 | mse=0.2329 ci=0.8888 rm2=0.6822
epoch  113 | mse=0.2341 ci=0.8767 rm2=0.6889
epoch  114 | mse=0.2314 ci=0.8804 rm2=0.6858
epoch  115 | mse=0.2265 ci=0.8936 rm2=0.6643
epoch  116 | mse=0.2338 ci=0.8860 rm2=0.6937
epoch  117 | mse=0.2305 ci=0.8891 rm2=0.7087
epoch  118 | mse=0.2363 ci=0.8864 rm2=0.6726
epoch  119 | mse=0.2298 ci=0.8886 rm2=0.6933
epoch  120 | mse=0.2374 ci=0.8908 rm2=0.6881
epoch  121 | mse=0.2296 ci=0.8851 rm2=0.6808
epoch  122 | mse=0.2264 ci=0.8904 rm2=0.6811
epoch  123 | mse=0.2270 ci=0.8877 rm2=0.6936
epoch  124 | mse=0.2296 ci=0.8883 rm2=0.6990
epoch  125 | mse=0.2230 ci=0.8924 rm2=0.6941
epoch  126 | mse=0.2380 ci=0.8837 rm2=0.6632
epoch  127 | mse=0.2239 ci=0.8896 rm2=0.6996
epoch  128 | mse=0.2260 ci=0.8874 rm2=0.6972
epoch  129 | mse=0.2391 ci=0.8863 rm2=0.6372
epoch  130 | mse=0.2298 ci=0.8827 rm2=0.7152
epoch  131 | mse=0.2280 ci=0.8875 rm2=0.6844
epoch  132 | mse=0.2289 ci=0.8940 rm2=0.6627
[FIND BEST!] epoch  133 | mse=0.2159 ci=0.8929 rm2=0.7268
epoch  134 | mse=0.2212 ci=0.8938 rm2=0.6937
epoch  135 | mse=0.2243 ci=0.8929 rm2=0.6808
epoch  136 | mse=0.2304 ci=0.8859 rm2=0.6992
epoch  137 | mse=0.2215 ci=0.8954 rm2=0.6863
epoch  138 | mse=0.2324 ci=0.8862 rm2=0.6645
epoch  139 | mse=0.2225 ci=0.8924 rm2=0.6744
epoch  140 | mse=0.2245 ci=0.8912 rm2=0.7023
epoch  141 | mse=0.2273 ci=0.8848 rm2=0.6920
epoch  142 | mse=0.2208 ci=0.8959 rm2=0.7020
epoch  143 | mse=0.2288 ci=0.8899 rm2=0.6861
epoch  144 | mse=0.2276 ci=0.8928 rm2=0.6872
epoch  145 | mse=0.2237 ci=0.8819 rm2=0.7092
[FIND BEST!] epoch  146 | mse=0.2155 ci=0.8956 rm2=0.7099
epoch  147 | mse=0.2324 ci=0.8905 rm2=0.7059
epoch  148 | mse=0.2217 ci=0.8878 rm2=0.6970
epoch  149 | mse=0.2329 ci=0.8880 rm2=0.7048
epoch  150 | mse=0.2244 ci=0.8838 rm2=0.6943
epoch  151 | mse=0.2247 ci=0.8894 rm2=0.7133
epoch  152 | mse=0.2260 ci=0.8917 rm2=0.6868
epoch  153 | mse=0.2191 ci=0.8928 rm2=0.7050
epoch  154 | mse=0.2179 ci=0.8944 rm2=0.7029
epoch  155 | mse=0.2205 ci=0.8917 rm2=0.6909
epoch  156 | mse=0.2251 ci=0.8912 rm2=0.6806
epoch  157 | mse=0.2167 ci=0.8917 rm2=0.6943
[FIND BEST!] epoch  158 | mse=0.2144 ci=0.8975 rm2=0.6830
epoch  159 | mse=0.2167 ci=0.8917 rm2=0.7102
epoch  160 | mse=0.2230 ci=0.8934 rm2=0.6988
epoch  161 | mse=0.2241 ci=0.8933 rm2=0.6756
epoch  162 | mse=0.2280 ci=0.8929 rm2=0.6681
epoch  163 | mse=0.2220 ci=0.8878 rm2=0.7082
epoch  164 | mse=0.2240 ci=0.8923 rm2=0.7021
epoch  165 | mse=0.2212 ci=0.8954 rm2=0.7007
epoch  166 | mse=0.2202 ci=0.8907 rm2=0.7244
epoch  167 | mse=0.2286 ci=0.8910 rm2=0.6722
epoch  168 | mse=0.2145 ci=0.8942 rm2=0.7037
epoch  169 | mse=0.2186 ci=0.8919 rm2=0.7088
epoch  170 | mse=0.2220 ci=0.8928 rm2=0.6913
epoch  171 | mse=0.2230 ci=0.8945 rm2=0.6746
epoch  172 | mse=0.2235 ci=0.8940 rm2=0.7029
epoch  173 | mse=0.2196 ci=0.8936 rm2=0.6859
epoch  174 | mse=0.2176 ci=0.8975 rm2=0.6927
epoch  175 | mse=0.2222 ci=0.8953 rm2=0.6850
epoch  176 | mse=0.2279 ci=0.8873 rm2=0.6740
epoch  177 | mse=0.2220 ci=0.8927 rm2=0.6966
epoch  178 | mse=0.2264 ci=0.8882 rm2=0.6758
epoch  179 | mse=0.2203 ci=0.8930 rm2=0.6962
epoch  180 | mse=0.2183 ci=0.8921 rm2=0.7039
[FIND BEST!] epoch  181 | mse=0.2120 ci=0.8973 rm2=0.6959
epoch  182 | mse=0.2201 ci=0.8875 rm2=0.7011
epoch  183 | mse=0.2151 ci=0.8957 rm2=0.7023
epoch  184 | mse=0.2202 ci=0.8959 rm2=0.7129
epoch  185 | mse=0.2175 ci=0.8992 rm2=0.6841
epoch  186 | mse=0.2274 ci=0.8930 rm2=0.6870
epoch  187 | mse=0.2233 ci=0.8932 rm2=0.6949
epoch  188 | mse=0.2331 ci=0.8926 rm2=0.6689
epoch  189 | mse=0.2224 ci=0.8863 rm2=0.7030
epoch  190 | mse=0.2139 ci=0.8958 rm2=0.7032
epoch  191 | mse=0.2161 ci=0.8922 rm2=0.7128
[FIND BEST!] epoch  192 | mse=0.2111 ci=0.8960 rm2=0.7020
epoch  193 | mse=0.2115 ci=0.8956 rm2=0.7107
epoch  194 | mse=0.2139 ci=0.8964 rm2=0.7205
epoch  195 | mse=0.2183 ci=0.8923 rm2=0.7069
epoch  196 | mse=0.2138 ci=0.8989 rm2=0.6953
epoch  197 | mse=0.2191 ci=0.8896 rm2=0.7000
epoch  198 | mse=0.2272 ci=0.8859 rm2=0.6888
epoch  199 | mse=0.2180 ci=0.8994 rm2=0.6799
epoch  200 | mse=0.2192 ci=0.8970 rm2=0.6867
epoch  201 | mse=0.2198 ci=0.8963 rm2=0.6920
epoch  202 | mse=0.2259 ci=0.8943 rm2=0.6873
epoch  203 | mse=0.2160 ci=0.8962 rm2=0.7065
epoch  204 | mse=0.2189 ci=0.8981 rm2=0.6838
epoch  205 | mse=0.2196 ci=0.8972 rm2=0.6845
epoch  206 | mse=0.2159 ci=0.8933 rm2=0.7309
epoch  207 | mse=0.2186 ci=0.8989 rm2=0.6908
epoch  208 | mse=0.2206 ci=0.8955 rm2=0.6980
epoch  209 | mse=0.2214 ci=0.8966 rm2=0.6782
epoch  210 | mse=0.2182 ci=0.8912 rm2=0.7098
epoch  211 | mse=0.2190 ci=0.8976 rm2=0.6892
epoch  212 | mse=0.2136 ci=0.8986 rm2=0.6973
epoch  213 | mse=0.2207 ci=0.8956 rm2=0.6783
epoch  214 | mse=0.2156 ci=0.8982 rm2=0.7021
epoch  215 | mse=0.2278 ci=0.8951 rm2=0.6763
epoch  216 | mse=0.2158 ci=0.8989 rm2=0.6993
epoch  217 | mse=0.2198 ci=0.8952 rm2=0.6845
epoch  218 | mse=0.2173 ci=0.8921 rm2=0.7236
[FIND BEST!] epoch  219 | mse=0.2110 ci=0.8991 rm2=0.7188
epoch  220 | mse=0.2170 ci=0.8960 rm2=0.7034
epoch  221 | mse=0.2153 ci=0.8951 rm2=0.7157
epoch  222 | mse=0.2148 ci=0.8940 rm2=0.7054
epoch  223 | mse=0.2187 ci=0.8961 rm2=0.6931
epoch  224 | mse=0.2174 ci=0.8929 rm2=0.6987
epoch  225 | mse=0.2161 ci=0.8942 rm2=0.6979
epoch  226 | mse=0.2163 ci=0.8987 rm2=0.6988
epoch  227 | mse=0.2157 ci=0.8974 rm2=0.6954
[FIND BEST!] epoch  228 | mse=0.2102 ci=0.8990 rm2=0.7174
epoch  229 | mse=0.2168 ci=0.8980 rm2=0.6838
epoch  230 | mse=0.2134 ci=0.8973 rm2=0.7009
epoch  231 | mse=0.2193 ci=0.8980 rm2=0.6759
epoch  232 | mse=0.2243 ci=0.8975 rm2=0.6927
epoch  233 | mse=0.2155 ci=0.8994 rm2=0.6957
epoch  234 | mse=0.2229 ci=0.9014 rm2=0.6703
epoch  235 | mse=0.2231 ci=0.8978 rm2=0.6868
epoch  236 | mse=0.2188 ci=0.8952 rm2=0.6803
epoch  237 | mse=0.2140 ci=0.8947 rm2=0.7010
[FIND BEST!] epoch  238 | mse=0.2067 ci=0.8991 rm2=0.7196
epoch  239 | mse=0.2205 ci=0.8974 rm2=0.6918
epoch  240 | mse=0.2197 ci=0.8953 rm2=0.6911
epoch  241 | mse=0.2230 ci=0.8969 rm2=0.6916
epoch  242 | mse=0.2189 ci=0.8995 rm2=0.7083
epoch  243 | mse=0.2160 ci=0.8955 rm2=0.7111
epoch  244 | mse=0.2187 ci=0.8993 rm2=0.6912
epoch  245 | mse=0.2285 ci=0.8910 rm2=0.7296
epoch  246 | mse=0.2187 ci=0.8976 rm2=0.7045
epoch  247 | mse=0.2179 ci=0.8940 rm2=0.7191
epoch  248 | mse=0.2171 ci=0.8928 rm2=0.7148
epoch  249 | mse=0.2162 ci=0.8985 rm2=0.6899
epoch  250 | mse=0.2133 ci=0.8975 rm2=0.7084
epoch  251 | mse=0.2189 ci=0.8983 rm2=0.6839
epoch  252 | mse=0.2147 ci=0.8993 rm2=0.7002
epoch  253 | mse=0.2140 ci=0.8976 rm2=0.7027
epoch  254 | mse=0.2134 ci=0.8956 rm2=0.7039
epoch  255 | mse=0.2153 ci=0.8943 rm2=0.7020
epoch  256 | mse=0.2147 ci=0.8974 rm2=0.6812
epoch  257 | mse=0.2149 ci=0.8982 rm2=0.7222
epoch  258 | mse=0.2190 ci=0.9009 rm2=0.6646
epoch  259 | mse=0.2138 ci=0.9008 rm2=0.7020
epoch  260 | mse=0.2178 ci=0.8969 rm2=0.7114
epoch  261 | mse=0.2150 ci=0.8984 rm2=0.6940
epoch  262 | mse=0.2129 ci=0.8962 rm2=0.7228
epoch  263 | mse=0.2118 ci=0.9013 rm2=0.7125
epoch  264 | mse=0.2123 ci=0.9037 rm2=0.6922
epoch  265 | mse=0.2155 ci=0.8998 rm2=0.7016
epoch  266 | mse=0.2154 ci=0.9015 rm2=0.6791
epoch  267 | mse=0.2098 ci=0.9034 rm2=0.6959
epoch  268 | mse=0.2138 ci=0.8957 rm2=0.7055
epoch  269 | mse=0.2136 ci=0.9008 rm2=0.7073
epoch  270 | mse=0.2100 ci=0.8981 rm2=0.7097
epoch  271 | mse=0.2109 ci=0.9013 rm2=0.7016
epoch  272 | mse=0.2134 ci=0.9013 rm2=0.7079
epoch  273 | mse=0.2163 ci=0.9008 rm2=0.6942
epoch  274 | mse=0.2196 ci=0.8988 rm2=0.7244
epoch  275 | mse=0.2126 ci=0.9024 rm2=0.7014
epoch  276 | mse=0.2128 ci=0.9011 rm2=0.6999
epoch  277 | mse=0.2139 ci=0.8985 rm2=0.7168
epoch  278 | mse=0.2110 ci=0.9025 rm2=0.7091
epoch  279 | mse=0.2121 ci=0.8987 rm2=0.6896
epoch  280 | mse=0.2175 ci=0.8969 rm2=0.7050
epoch  281 | mse=0.2129 ci=0.8989 rm2=0.6953
epoch  282 | mse=0.2143 ci=0.8999 rm2=0.7010
epoch  283 | mse=0.2111 ci=0.8983 rm2=0.7172
epoch  284 | mse=0.2175 ci=0.8954 rm2=0.7190
epoch  285 | mse=0.2113 ci=0.8974 rm2=0.7130
epoch  286 | mse=0.2142 ci=0.8983 rm2=0.6955
epoch  287 | mse=0.2117 ci=0.8999 rm2=0.6989
epoch  288 | mse=0.2105 ci=0.8997 rm2=0.7078
epoch  289 | mse=0.2195 ci=0.8949 rm2=0.7205
epoch  290 | mse=0.2202 ci=0.8964 rm2=0.6941
epoch  291 | mse=0.2207 ci=0.8960 rm2=0.6915
epoch  292 | mse=0.2208 ci=0.8953 rm2=0.6886
epoch  293 | mse=0.2181 ci=0.9007 rm2=0.6814
epoch  294 | mse=0.2153 ci=0.8978 rm2=0.7005
epoch  295 | mse=0.2108 ci=0.9000 rm2=0.6955
epoch  296 | mse=0.2196 ci=0.8945 rm2=0.7176
epoch  297 | mse=0.2157 ci=0.8995 rm2=0.7078
epoch  298 | mse=0.2174 ci=0.8939 rm2=0.7052
epoch  299 | mse=0.2142 ci=0.8989 rm2=0.6929
epoch  300 | mse=0.2144 ci=0.8984 rm2=0.6851
epoch  301 | mse=0.2128 ci=0.8995 rm2=0.7008
epoch  302 | mse=0.2125 ci=0.8988 rm2=0.6917
epoch  303 | mse=0.2108 ci=0.9012 rm2=0.7013
epoch  304 | mse=0.2123 ci=0.8980 rm2=0.7000
epoch  305 | mse=0.2101 ci=0.9007 rm2=0.7166
epoch  306 | mse=0.2123 ci=0.9000 rm2=0.7003
epoch  307 | mse=0.2126 ci=0.9019 rm2=0.6936
epoch  308 | mse=0.2083 ci=0.9001 rm2=0.7216
epoch  309 | mse=0.2206 ci=0.9037 rm2=0.7050
epoch  310 | mse=0.2121 ci=0.9009 rm2=0.7050
epoch  311 | mse=0.2135 ci=0.8970 rm2=0.7049
epoch  312 | mse=0.2153 ci=0.8987 rm2=0.6970
epoch  313 | mse=0.2121 ci=0.8999 rm2=0.7196
epoch  314 | mse=0.2149 ci=0.8967 rm2=0.7075
epoch  315 | mse=0.2157 ci=0.8976 rm2=0.7019
epoch  316 | mse=0.2175 ci=0.8978 rm2=0.7228
epoch  317 | mse=0.2121 ci=0.8943 rm2=0.7140
epoch  318 | mse=0.2095 ci=0.8983 rm2=0.7309
epoch  319 | mse=0.2128 ci=0.8964 rm2=0.7042
epoch  320 | mse=0.2084 ci=0.9003 rm2=0.6933
epoch  321 | mse=0.2147 ci=0.8996 rm2=0.6973
epoch  322 | mse=0.2121 ci=0.8990 rm2=0.7062
epoch  323 | mse=0.2191 ci=0.8961 rm2=0.6980
epoch  324 | mse=0.2119 ci=0.9019 rm2=0.6841
epoch  325 | mse=0.2138 ci=0.8996 rm2=0.6837
epoch  326 | mse=0.2090 ci=0.9021 rm2=0.7036
epoch  327 | mse=0.2095 ci=0.9011 rm2=0.7031
epoch  328 | mse=0.2126 ci=0.8977 rm2=0.7180
epoch  329 | mse=0.2105 ci=0.9008 rm2=0.7104
epoch  330 | mse=0.2133 ci=0.8997 rm2=0.6965
epoch  331 | mse=0.2169 ci=0.9001 rm2=0.6956
epoch  332 | mse=0.2079 ci=0.9000 rm2=0.7075
epoch  333 | mse=0.2141 ci=0.8996 rm2=0.6860
epoch  334 | mse=0.2168 ci=0.8948 rm2=0.6918
epoch  335 | mse=0.2175 ci=0.8944 rm2=0.7064
epoch  336 | mse=0.2149 ci=0.9009 rm2=0.6939
epoch  337 | mse=0.2084 ci=0.8984 rm2=0.7132
epoch  338 | mse=0.2099 ci=0.9028 rm2=0.7095
epoch  339 | mse=0.2092 ci=0.8991 rm2=0.7208
epoch  340 | mse=0.2106 ci=0.8982 rm2=0.7076
epoch  341 | mse=0.2124 ci=0.8987 rm2=0.7328
epoch  342 | mse=0.2133 ci=0.9000 rm2=0.6823
epoch  343 | mse=0.2191 ci=0.9005 rm2=0.6798
epoch  344 | mse=0.2126 ci=0.8962 rm2=0.7199
epoch  345 | mse=0.2106 ci=0.8977 rm2=0.7143
epoch  346 | mse=0.2112 ci=0.8962 rm2=0.7252
epoch  347 | mse=0.2102 ci=0.8998 rm2=0.7187
epoch  348 | mse=0.2115 ci=0.8970 rm2=0.7018
epoch  349 | mse=0.2080 ci=0.8982 rm2=0.7356
epoch  350 | mse=0.2082 ci=0.9003 rm2=0.7162
epoch  351 | mse=0.2167 ci=0.8977 rm2=0.6981
epoch  352 | mse=0.2159 ci=0.8909 rm2=0.7280
epoch  353 | mse=0.2093 ci=0.9000 rm2=0.7169
epoch  354 | mse=0.2140 ci=0.8990 rm2=0.7036
epoch  355 | mse=0.2129 ci=0.9028 rm2=0.6920
epoch  356 | mse=0.2095 ci=0.9025 rm2=0.7035
epoch  357 | mse=0.2087 ci=0.8992 rm2=0.7249
epoch  358 | mse=0.2098 ci=0.8975 rm2=0.7164
epoch  359 | mse=0.2101 ci=0.8997 rm2=0.7087
epoch  360 | mse=0.2128 ci=0.8988 rm2=0.7168
epoch  361 | mse=0.2076 ci=0.9037 rm2=0.7231
epoch  362 | mse=0.2109 ci=0.8984 rm2=0.7128
epoch  363 | mse=0.2105 ci=0.8980 rm2=0.7229
[FIND BEST!] epoch  364 | mse=0.2065 ci=0.9007 rm2=0.7123
epoch  365 | mse=0.2099 ci=0.9046 rm2=0.7131
epoch  366 | mse=0.2133 ci=0.8954 rm2=0.7090
epoch  367 | mse=0.2121 ci=0.9001 rm2=0.6957
epoch  368 | mse=0.2144 ci=0.8963 rm2=0.6883
epoch  369 | mse=0.2091 ci=0.9027 rm2=0.7052
epoch  370 | mse=0.2079 ci=0.9012 rm2=0.7347
epoch  371 | mse=0.2134 ci=0.8996 rm2=0.7066
epoch  372 | mse=0.2101 ci=0.9007 rm2=0.7093
epoch  373 | mse=0.2080 ci=0.8996 rm2=0.7115
epoch  374 | mse=0.2133 ci=0.8977 rm2=0.7019
epoch  375 | mse=0.2145 ci=0.8968 rm2=0.6990
epoch  376 | mse=0.2161 ci=0.8951 rm2=0.7063
epoch  377 | mse=0.2224 ci=0.8989 rm2=0.7228
epoch  378 | mse=0.2157 ci=0.8971 rm2=0.7161
epoch  379 | mse=0.2115 ci=0.8970 rm2=0.7036
epoch  380 | mse=0.2110 ci=0.8990 rm2=0.7181
epoch  381 | mse=0.2089 ci=0.8984 rm2=0.7166
epoch  382 | mse=0.2094 ci=0.9014 rm2=0.7359
epoch  383 | mse=0.2082 ci=0.9029 rm2=0.7306
epoch  384 | mse=0.2142 ci=0.9024 rm2=0.6999
epoch  385 | mse=0.2108 ci=0.9061 rm2=0.6996
epoch  386 | mse=0.2081 ci=0.8983 rm2=0.7285
epoch  387 | mse=0.2077 ci=0.9011 rm2=0.6985
[FIND BEST!] epoch  388 | mse=0.2055 ci=0.9020 rm2=0.7208
epoch  389 | mse=0.2061 ci=0.8963 rm2=0.7134
epoch  390 | mse=0.2120 ci=0.8979 rm2=0.7229
epoch  391 | mse=0.2100 ci=0.9024 rm2=0.7112
epoch  392 | mse=0.2085 ci=0.9003 rm2=0.7135
epoch  393 | mse=0.2103 ci=0.8993 rm2=0.7076
epoch  394 | mse=0.2130 ci=0.9011 rm2=0.7199
epoch  395 | mse=0.2128 ci=0.8978 rm2=0.7136
epoch  396 | mse=0.2105 ci=0.8958 rm2=0.7109
epoch  397 | mse=0.2129 ci=0.9000 rm2=0.7101
epoch  398 | mse=0.2088 ci=0.9015 rm2=0.7054
epoch  399 | mse=0.2129 ci=0.9026 rm2=0.7084
epoch  400 | mse=0.2057 ci=0.9027 rm2=0.7254
epoch  401 | mse=0.2109 ci=0.8989 rm2=0.7171
epoch  402 | mse=0.2130 ci=0.8988 rm2=0.7166
epoch  403 | mse=0.2098 ci=0.9007 rm2=0.6959
epoch  404 | mse=0.2120 ci=0.9013 rm2=0.7008
epoch  405 | mse=0.2065 ci=0.9006 rm2=0.7088
epoch  406 | mse=0.2130 ci=0.8981 rm2=0.7118
epoch  407 | mse=0.2082 ci=0.9019 rm2=0.7115
epoch  408 | mse=0.2069 ci=0.9008 rm2=0.7254
epoch  409 | mse=0.2102 ci=0.9014 rm2=0.7052
epoch  410 | mse=0.2124 ci=0.8956 rm2=0.7163
epoch  411 | mse=0.2092 ci=0.9009 rm2=0.7238
epoch  412 | mse=0.2060 ci=0.8976 rm2=0.7321
epoch  413 | mse=0.2066 ci=0.9031 rm2=0.7229
epoch  414 | mse=0.2100 ci=0.8993 rm2=0.6928
epoch  415 | mse=0.2082 ci=0.9029 rm2=0.7150
epoch  416 | mse=0.2079 ci=0.9001 rm2=0.7256
epoch  417 | mse=0.2125 ci=0.8989 rm2=0.7206
epoch  418 | mse=0.2096 ci=0.9044 rm2=0.7037
epoch  419 | mse=0.2056 ci=0.9033 rm2=0.7232
epoch  420 | mse=0.2075 ci=0.9044 rm2=0.6956
epoch  421 | mse=0.2128 ci=0.8982 rm2=0.7053
epoch  422 | mse=0.2079 ci=0.9016 rm2=0.7127
epoch  423 | mse=0.2133 ci=0.8963 rm2=0.7193
epoch  424 | mse=0.2074 ci=0.9029 rm2=0.6960
[FIND BEST!] epoch  425 | mse=0.2047 ci=0.9024 rm2=0.7183
epoch  426 | mse=0.2051 ci=0.9019 rm2=0.7214
epoch  427 | mse=0.2087 ci=0.8990 rm2=0.7178
epoch  428 | mse=0.2104 ci=0.8985 rm2=0.7249
epoch  429 | mse=0.2103 ci=0.9007 rm2=0.6982
epoch  430 | mse=0.2095 ci=0.9050 rm2=0.7310
epoch  431 | mse=0.2073 ci=0.8995 rm2=0.7200
epoch  432 | mse=0.2107 ci=0.8992 rm2=0.7214
epoch  433 | mse=0.2098 ci=0.8979 rm2=0.7169
epoch  434 | mse=0.2063 ci=0.9000 rm2=0.7271
epoch  435 | mse=0.2160 ci=0.9028 rm2=0.7190
epoch  436 | mse=0.2107 ci=0.9028 rm2=0.7009
epoch  437 | mse=0.2050 ci=0.9004 rm2=0.7219
epoch  438 | mse=0.2123 ci=0.9001 rm2=0.7015
epoch  439 | mse=0.2082 ci=0.9008 rm2=0.6998
epoch  440 | mse=0.2088 ci=0.9010 rm2=0.7169
epoch  441 | mse=0.2085 ci=0.8980 rm2=0.7302
epoch  442 | mse=0.2090 ci=0.9020 rm2=0.7245
epoch  443 | mse=0.2081 ci=0.9017 rm2=0.7255
epoch  444 | mse=0.2092 ci=0.8987 rm2=0.7258
epoch  445 | mse=0.2089 ci=0.9024 rm2=0.7221
epoch  446 | mse=0.2109 ci=0.8988 rm2=0.7365
epoch  447 | mse=0.2122 ci=0.8992 rm2=0.7072
epoch  448 | mse=0.2125 ci=0.9009 rm2=0.7019
epoch  449 | mse=0.2108 ci=0.9018 rm2=0.7125
epoch  450 | mse=0.2057 ci=0.9018 rm2=0.7263
epoch  451 | mse=0.2084 ci=0.9032 rm2=0.6995
epoch  452 | mse=0.2051 ci=0.9021 rm2=0.7188
epoch  453 | mse=0.2072 ci=0.9008 rm2=0.7128
epoch  454 | mse=0.2056 ci=0.9015 rm2=0.7262
epoch  455 | mse=0.2056 ci=0.9030 rm2=0.7223
[FIND BEST!] epoch  456 | mse=0.2045 ci=0.9023 rm2=0.7166
epoch  457 | mse=0.2067 ci=0.9044 rm2=0.7178
epoch  458 | mse=0.2105 ci=0.9026 rm2=0.7183
epoch  459 | mse=0.2065 ci=0.9017 rm2=0.7130
epoch  460 | mse=0.2065 ci=0.9014 rm2=0.7307
epoch  461 | mse=0.2136 ci=0.9022 rm2=0.7112
epoch  462 | mse=0.2048 ci=0.9019 rm2=0.7156
[FIND BEST!] epoch  463 | mse=0.2039 ci=0.9054 rm2=0.7223
epoch  464 | mse=0.2056 ci=0.9046 rm2=0.7068
epoch  465 | mse=0.2077 ci=0.9035 rm2=0.7086
epoch  466 | mse=0.2067 ci=0.9012 rm2=0.7224
epoch  467 | mse=0.2054 ci=0.9056 rm2=0.7055
epoch  468 | mse=0.2045 ci=0.9004 rm2=0.7241
epoch  469 | mse=0.2077 ci=0.9006 rm2=0.7252
epoch  470 | mse=0.2095 ci=0.9011 rm2=0.7068
epoch  471 | mse=0.2061 ci=0.9059 rm2=0.7198
epoch  472 | mse=0.2052 ci=0.9028 rm2=0.7202
epoch  473 | mse=0.2059 ci=0.9018 rm2=0.7193
epoch  474 | mse=0.2048 ci=0.9020 rm2=0.7305
epoch  475 | mse=0.2060 ci=0.9010 rm2=0.7185
epoch  476 | mse=0.2065 ci=0.9036 rm2=0.7253
epoch  477 | mse=0.2084 ci=0.9036 rm2=0.6982
epoch  478 | mse=0.2065 ci=0.9039 rm2=0.7075
epoch  479 | mse=0.2047 ci=0.9024 rm2=0.7257
[FIND BEST!] epoch  480 | mse=0.2019 ci=0.9035 rm2=0.7333
epoch  481 | mse=0.2043 ci=0.9027 rm2=0.7192
epoch  482 | mse=0.2037 ci=0.9012 rm2=0.7256
epoch  483 | mse=0.2036 ci=0.9043 rm2=0.7294
epoch  484 | mse=0.2087 ci=0.9025 rm2=0.7085
epoch  485 | mse=0.2074 ci=0.9036 rm2=0.7026
epoch  486 | mse=0.2028 ci=0.9011 rm2=0.7252
epoch  487 | mse=0.2037 ci=0.9003 rm2=0.7352
epoch  488 | mse=0.2094 ci=0.9022 rm2=0.7228
epoch  489 | mse=0.2051 ci=0.9004 rm2=0.7270
epoch  490 | mse=0.2068 ci=0.9046 rm2=0.7006
epoch  491 | mse=0.2074 ci=0.9028 rm2=0.7242
epoch  492 | mse=0.2114 ci=0.9020 rm2=0.7101
epoch  493 | mse=0.2101 ci=0.9018 rm2=0.7267
[FIND BEST!] epoch  494 | mse=0.2019 ci=0.9055 rm2=0.7278
epoch  495 | mse=0.2079 ci=0.9002 rm2=0.7085
epoch  496 | mse=0.2062 ci=0.9073 rm2=0.7270
epoch  497 | mse=0.2067 ci=0.9039 rm2=0.7201
epoch  498 | mse=0.2057 ci=0.9058 rm2=0.7136
epoch  499 | mse=0.2044 ci=0.9016 rm2=0.7440
epoch  500 | mse=0.2072 ci=0.9040 rm2=0.7021
epoch  501 | mse=0.2086 ci=0.8995 rm2=0.7165
epoch  502 | mse=0.2046 ci=0.9054 rm2=0.7255
epoch  503 | mse=0.2081 ci=0.9004 rm2=0.7222
epoch  504 | mse=0.2114 ci=0.9011 rm2=0.6966
epoch  505 | mse=0.2067 ci=0.9033 rm2=0.7319
epoch  506 | mse=0.2037 ci=0.9082 rm2=0.7119
epoch  507 | mse=0.2075 ci=0.9027 rm2=0.7373
epoch  508 | mse=0.2029 ci=0.9039 rm2=0.7111
epoch  509 | mse=0.2035 ci=0.9021 rm2=0.7299
[FIND BEST!] epoch  510 | mse=0.2016 ci=0.9029 rm2=0.7308
epoch  511 | mse=0.2035 ci=0.9026 rm2=0.7347
epoch  512 | mse=0.2045 ci=0.9023 rm2=0.7169
epoch  513 | mse=0.2037 ci=0.8998 rm2=0.7324
epoch  514 | mse=0.2072 ci=0.9012 rm2=0.7417
epoch  515 | mse=0.2033 ci=0.9028 rm2=0.7394
epoch  516 | mse=0.2065 ci=0.9030 rm2=0.7208
epoch  517 | mse=0.2046 ci=0.9051 rm2=0.7230
epoch  518 | mse=0.2040 ci=0.9031 rm2=0.7323
epoch  519 | mse=0.2071 ci=0.9011 rm2=0.7251
epoch  520 | mse=0.2050 ci=0.9029 rm2=0.7123
epoch  521 | mse=0.2053 ci=0.9025 rm2=0.7333
[FIND BEST!] epoch  522 | mse=0.1996 ci=0.9069 rm2=0.7234
epoch  523 | mse=0.2045 ci=0.9029 rm2=0.7363
epoch  524 | mse=0.2046 ci=0.9019 rm2=0.7327
epoch  525 | mse=0.2066 ci=0.9040 rm2=0.7327
epoch  526 | mse=0.2120 ci=0.9011 rm2=0.7163
epoch  527 | mse=0.2075 ci=0.9031 rm2=0.7214
epoch  528 | mse=0.2078 ci=0.9004 rm2=0.7294
epoch  529 | mse=0.2110 ci=0.9029 rm2=0.7084
epoch  530 | mse=0.2046 ci=0.9039 rm2=0.7177
epoch  531 | mse=0.2113 ci=0.9005 rm2=0.7153
epoch  532 | mse=0.2041 ci=0.9032 rm2=0.7191
epoch  533 | mse=0.2045 ci=0.9018 rm2=0.7112
epoch  534 | mse=0.2087 ci=0.9025 rm2=0.7305
epoch  535 | mse=0.2078 ci=0.9012 rm2=0.7244
epoch  536 | mse=0.2049 ci=0.9040 rm2=0.7173
epoch  537 | mse=0.2053 ci=0.9056 rm2=0.7318
epoch  538 | mse=0.2066 ci=0.9033 rm2=0.7113
epoch  539 | mse=0.2075 ci=0.9037 rm2=0.7254
epoch  540 | mse=0.2035 ci=0.9026 rm2=0.7245
epoch  541 | mse=0.2021 ci=0.9031 rm2=0.7253
epoch  542 | mse=0.2065 ci=0.9014 rm2=0.7218
epoch  543 | mse=0.2067 ci=0.9041 rm2=0.7208
epoch  544 | mse=0.2058 ci=0.9027 rm2=0.7399
epoch  545 | mse=0.2051 ci=0.9011 rm2=0.7350
epoch  546 | mse=0.2035 ci=0.9036 rm2=0.7212
epoch  547 | mse=0.2051 ci=0.9057 rm2=0.7405
epoch  548 | mse=0.2064 ci=0.9016 rm2=0.7231
epoch  549 | mse=0.2045 ci=0.9054 rm2=0.7155
epoch  550 | mse=0.2041 ci=0.9055 rm2=0.7227
epoch  551 | mse=0.2090 ci=0.9025 rm2=0.7040
epoch  552 | mse=0.2070 ci=0.9054 rm2=0.7210
epoch  553 | mse=0.2049 ci=0.9053 rm2=0.7225
epoch  554 | mse=0.2069 ci=0.9013 rm2=0.7220
epoch  555 | mse=0.2059 ci=0.9007 rm2=0.7270
epoch  556 | mse=0.2067 ci=0.9049 rm2=0.7184
epoch  557 | mse=0.2049 ci=0.9032 rm2=0.7447
epoch  558 | mse=0.2065 ci=0.9034 rm2=0.7097
epoch  559 | mse=0.2107 ci=0.9018 rm2=0.7102
epoch  560 | mse=0.2057 ci=0.9048 rm2=0.7221
epoch  561 | mse=0.2054 ci=0.9048 rm2=0.7225
epoch  562 | mse=0.2077 ci=0.9039 rm2=0.7207
epoch  563 | mse=0.2044 ci=0.9038 rm2=0.7377
epoch  564 | mse=0.2065 ci=0.9061 rm2=0.7078
epoch  565 | mse=0.2086 ci=0.9022 rm2=0.7233
epoch  566 | mse=0.2056 ci=0.9031 rm2=0.7174
epoch  567 | mse=0.2062 ci=0.9057 rm2=0.7090
epoch  568 | mse=0.2080 ci=0.9028 rm2=0.7128
epoch  569 | mse=0.2095 ci=0.9035 rm2=0.7099
epoch  570 | mse=0.2065 ci=0.9035 rm2=0.7046
epoch  571 | mse=0.2107 ci=0.9046 rm2=0.7385
epoch  572 | mse=0.2078 ci=0.9052 rm2=0.7223
epoch  573 | mse=0.2077 ci=0.9018 rm2=0.7154
epoch  574 | mse=0.2087 ci=0.8993 rm2=0.7326
epoch  575 | mse=0.2087 ci=0.9035 rm2=0.6975
epoch  576 | mse=0.2082 ci=0.9019 rm2=0.7200
epoch  577 | mse=0.2073 ci=0.9040 rm2=0.7261
epoch  578 | mse=0.2064 ci=0.9044 rm2=0.7284
epoch  579 | mse=0.2025 ci=0.9064 rm2=0.7241
epoch  580 | mse=0.2066 ci=0.9055 rm2=0.7230
epoch  581 | mse=0.2020 ci=0.9046 rm2=0.7312
epoch  582 | mse=0.2070 ci=0.9047 rm2=0.7078
epoch  583 | mse=0.2061 ci=0.9043 rm2=0.7288
epoch  584 | mse=0.2034 ci=0.9042 rm2=0.7279
epoch  585 | mse=0.2037 ci=0.9042 rm2=0.7303
epoch  586 | mse=0.2092 ci=0.9036 rm2=0.7325
epoch  587 | mse=0.2036 ci=0.9049 rm2=0.7455
epoch  588 | mse=0.2080 ci=0.9036 rm2=0.7199
epoch  589 | mse=0.2043 ci=0.9031 rm2=0.7235
epoch  590 | mse=0.2055 ci=0.9084 rm2=0.7027
epoch  591 | mse=0.2066 ci=0.9055 rm2=0.7070
epoch  592 | mse=0.2018 ci=0.9055 rm2=0.7221
epoch  593 | mse=0.2031 ci=0.9041 rm2=0.7346
epoch  594 | mse=0.2056 ci=0.9067 rm2=0.7297
epoch  595 | mse=0.2064 ci=0.9021 rm2=0.7284
epoch  596 | mse=0.2026 ci=0.9038 rm2=0.7199
epoch  597 | mse=0.2068 ci=0.9061 rm2=0.7010
epoch  598 | mse=0.2078 ci=0.9052 rm2=0.7044
epoch  599 | mse=0.2052 ci=0.9041 rm2=0.7134
epoch  600 | mse=0.2044 ci=0.9059 rm2=0.7255
epoch  601 | mse=0.2074 ci=0.9066 rm2=0.7171
epoch  602 | mse=0.2037 ci=0.9084 rm2=0.7177
epoch  603 | mse=0.2039 ci=0.9029 rm2=0.7310
epoch  604 | mse=0.2017 ci=0.9060 rm2=0.7297
epoch  605 | mse=0.2072 ci=0.9017 rm2=0.7340
epoch  606 | mse=0.2057 ci=0.9053 rm2=0.7324
epoch  607 | mse=0.2061 ci=0.9062 rm2=0.7038
epoch  608 | mse=0.2034 ci=0.9054 rm2=0.7178
epoch  609 | mse=0.2064 ci=0.9056 rm2=0.7223
epoch  610 | mse=0.2093 ci=0.9006 rm2=0.7351
epoch  611 | mse=0.2035 ci=0.9060 rm2=0.7107
epoch  612 | mse=0.2012 ci=0.9044 rm2=0.7367
epoch  613 | mse=0.2082 ci=0.9017 rm2=0.7204
epoch  614 | mse=0.2113 ci=0.9027 rm2=0.7121
epoch  615 | mse=0.2036 ci=0.9020 rm2=0.7193
epoch  616 | mse=0.2060 ci=0.9033 rm2=0.7399
epoch  617 | mse=0.2056 ci=0.9027 rm2=0.7219
epoch  618 | mse=0.2055 ci=0.9048 rm2=0.7281
epoch  619 | mse=0.2028 ci=0.9043 rm2=0.7283
epoch  620 | mse=0.2034 ci=0.9061 rm2=0.7168
epoch  621 | mse=0.2081 ci=0.9043 rm2=0.7306
epoch  622 | mse=0.2045 ci=0.9043 rm2=0.7091
epoch  623 | mse=0.2031 ci=0.9043 rm2=0.7193
epoch  624 | mse=0.2043 ci=0.9039 rm2=0.7216
epoch  625 | mse=0.2031 ci=0.9037 rm2=0.7234
epoch  626 | mse=0.2033 ci=0.9068 rm2=0.7259
epoch  627 | mse=0.2047 ci=0.9014 rm2=0.7223
epoch  628 | mse=0.2036 ci=0.9026 rm2=0.7363
epoch  629 | mse=0.2064 ci=0.9040 rm2=0.7141
epoch  630 | mse=0.2042 ci=0.9053 rm2=0.7235
epoch  631 | mse=0.2050 ci=0.9057 rm2=0.7395
epoch  632 | mse=0.2085 ci=0.9055 rm2=0.7112
epoch  633 | mse=0.2022 ci=0.9047 rm2=0.7214
epoch  634 | mse=0.2030 ci=0.9039 rm2=0.7219
epoch  635 | mse=0.2083 ci=0.9038 rm2=0.7370
epoch  636 | mse=0.2007 ci=0.9041 rm2=0.7318
epoch  637 | mse=0.2066 ci=0.9036 rm2=0.7199
epoch  638 | mse=0.2071 ci=0.9032 rm2=0.7214
epoch  639 | mse=0.2039 ci=0.9028 rm2=0.7426
epoch  640 | mse=0.2043 ci=0.9051 rm2=0.7234
epoch  641 | mse=0.2042 ci=0.9039 rm2=0.7219
epoch  642 | mse=0.2071 ci=0.9027 rm2=0.7282
epoch  643 | mse=0.2067 ci=0.9014 rm2=0.7408
epoch  644 | mse=0.2020 ci=0.9067 rm2=0.7202
epoch  645 | mse=0.2034 ci=0.9064 rm2=0.7262
epoch  646 | mse=0.2035 ci=0.9026 rm2=0.7216
epoch  647 | mse=0.2008 ci=0.9065 rm2=0.7260
epoch  648 | mse=0.2058 ci=0.9058 rm2=0.7075
epoch  649 | mse=0.2033 ci=0.9069 rm2=0.7264
epoch  650 | mse=0.2042 ci=0.9061 rm2=0.7203
epoch  651 | mse=0.2035 ci=0.9041 rm2=0.7114
epoch  652 | mse=0.2043 ci=0.9069 rm2=0.7203
epoch  653 | mse=0.2040 ci=0.9063 rm2=0.7280
epoch  654 | mse=0.2034 ci=0.9040 rm2=0.7310
epoch  655 | mse=0.2009 ci=0.9040 rm2=0.7410
epoch  656 | mse=0.2053 ci=0.9065 rm2=0.7466
epoch  657 | mse=0.2036 ci=0.9049 rm2=0.7237
epoch  658 | mse=0.2034 ci=0.9061 rm2=0.7273
epoch  659 | mse=0.2040 ci=0.9049 rm2=0.7363
epoch  660 | mse=0.2003 ci=0.9047 rm2=0.7489
epoch  661 | mse=0.2034 ci=0.9061 rm2=0.7365
epoch  662 | mse=0.2048 ci=0.9050 rm2=0.7255
epoch  663 | mse=0.2048 ci=0.9027 rm2=0.7102
epoch  664 | mse=0.2025 ci=0.9050 rm2=0.7304
epoch  665 | mse=0.2021 ci=0.9093 rm2=0.7318
epoch  666 | mse=0.2025 ci=0.9059 rm2=0.7367
epoch  667 | mse=0.2046 ci=0.9047 rm2=0.7287
epoch  668 | mse=0.2019 ci=0.9056 rm2=0.7218
epoch  669 | mse=0.2026 ci=0.9059 rm2=0.7359
epoch  670 | mse=0.2032 ci=0.9058 rm2=0.7281
epoch  671 | mse=0.2050 ci=0.9017 rm2=0.7468
epoch  672 | mse=0.2030 ci=0.9053 rm2=0.7305
epoch  673 | mse=0.2012 ci=0.9071 rm2=0.7250
epoch  674 | mse=0.2019 ci=0.9082 rm2=0.7310
epoch  675 | mse=0.2029 ci=0.9061 rm2=0.7178
epoch  676 | mse=0.2040 ci=0.9064 rm2=0.7271
epoch  677 | mse=0.2030 ci=0.9091 rm2=0.7159
epoch  678 | mse=0.2030 ci=0.9063 rm2=0.7150
epoch  679 | mse=0.2077 ci=0.9068 rm2=0.7338
epoch  680 | mse=0.2024 ci=0.9062 rm2=0.7299
epoch  681 | mse=0.2042 ci=0.9054 rm2=0.7341
epoch  682 | mse=0.2059 ci=0.9049 rm2=0.7378
epoch  683 | mse=0.2023 ci=0.9059 rm2=0.7357
epoch  684 | mse=0.2075 ci=0.9014 rm2=0.7384
epoch  685 | mse=0.2027 ci=0.9040 rm2=0.7243
epoch  686 | mse=0.2011 ci=0.9032 rm2=0.7390
epoch  687 | mse=0.2031 ci=0.9051 rm2=0.7408
epoch  688 | mse=0.2003 ci=0.9057 rm2=0.7337
epoch  689 | mse=0.2020 ci=0.9077 rm2=0.7479
epoch  690 | mse=0.2067 ci=0.9030 rm2=0.7321
epoch  691 | mse=0.2040 ci=0.9057 rm2=0.7188
epoch  692 | mse=0.2017 ci=0.9052 rm2=0.7202
epoch  693 | mse=0.2035 ci=0.9068 rm2=0.7150
epoch  694 | mse=0.2071 ci=0.9048 rm2=0.7017
epoch  695 | mse=0.2046 ci=0.9064 rm2=0.7234
[FIND BEST!] epoch  696 | mse=0.1994 ci=0.9080 rm2=0.7258
epoch  697 | mse=0.2034 ci=0.9065 rm2=0.7148
epoch  698 | mse=0.2046 ci=0.9053 rm2=0.7279
epoch  699 | mse=0.2049 ci=0.9045 rm2=0.7239
epoch  700 | mse=0.2030 ci=0.9068 rm2=0.7310
epoch  701 | mse=0.2012 ci=0.9094 rm2=0.7265
epoch  702 | mse=0.2043 ci=0.9056 rm2=0.7238
epoch  703 | mse=0.2011 ci=0.9079 rm2=0.7252
epoch  704 | mse=0.2019 ci=0.9065 rm2=0.7181
epoch  705 | mse=0.2042 ci=0.9061 rm2=0.7181
epoch  706 | mse=0.2062 ci=0.9043 rm2=0.7245
epoch  707 | mse=0.2017 ci=0.9036 rm2=0.7367
epoch  708 | mse=0.2014 ci=0.9063 rm2=0.7146
[FIND BEST!] epoch  709 | mse=0.1992 ci=0.9089 rm2=0.7216
epoch  710 | mse=0.2014 ci=0.9068 rm2=0.7313
epoch  711 | mse=0.1995 ci=0.9075 rm2=0.7357
epoch  712 | mse=0.2041 ci=0.9049 rm2=0.7137
epoch  713 | mse=0.2030 ci=0.9079 rm2=0.7052
epoch  714 | mse=0.2024 ci=0.9064 rm2=0.7254
epoch  715 | mse=0.2029 ci=0.9097 rm2=0.7263
epoch  716 | mse=0.2038 ci=0.9058 rm2=0.7212
epoch  717 | mse=0.2008 ci=0.9078 rm2=0.7170
epoch  718 | mse=0.2051 ci=0.9043 rm2=0.7244
epoch  719 | mse=0.2093 ci=0.9060 rm2=0.7310
epoch  720 | mse=0.2012 ci=0.9081 rm2=0.7263
epoch  721 | mse=0.2017 ci=0.9087 rm2=0.7255
epoch  722 | mse=0.2009 ci=0.9070 rm2=0.7267
epoch  723 | mse=0.2009 ci=0.9063 rm2=0.7231
epoch  724 | mse=0.2031 ci=0.9058 rm2=0.7348
epoch  725 | mse=0.2050 ci=0.9059 rm2=0.7341
epoch  726 | mse=0.2029 ci=0.9071 rm2=0.7125
epoch  727 | mse=0.2033 ci=0.9052 rm2=0.7276
epoch  728 | mse=0.2026 ci=0.9056 rm2=0.7340
epoch  729 | mse=0.2026 ci=0.9059 rm2=0.7278
epoch  730 | mse=0.2029 ci=0.9065 rm2=0.7149
epoch  731 | mse=0.2056 ci=0.9045 rm2=0.7202
epoch  732 | mse=0.2027 ci=0.9053 rm2=0.7268
epoch  733 | mse=0.2027 ci=0.9057 rm2=0.7299
epoch  734 | mse=0.2025 ci=0.9067 rm2=0.7278
epoch  735 | mse=0.2081 ci=0.9025 rm2=0.7306
epoch  736 | mse=0.2050 ci=0.9023 rm2=0.7309
epoch  737 | mse=0.2046 ci=0.9055 rm2=0.7366
epoch  738 | mse=0.2116 ci=0.9010 rm2=0.7236
epoch  739 | mse=0.2089 ci=0.9045 rm2=0.7251
epoch  740 | mse=0.2069 ci=0.9069 rm2=0.7190
epoch  741 | mse=0.2047 ci=0.9031 rm2=0.7281
epoch  742 | mse=0.2067 ci=0.9064 rm2=0.7075
epoch  743 | mse=0.2037 ci=0.9061 rm2=0.7183
epoch  744 | mse=0.2010 ci=0.9082 rm2=0.7239
epoch  745 | mse=0.2060 ci=0.9043 rm2=0.7179
epoch  746 | mse=0.2056 ci=0.9035 rm2=0.7426
epoch  747 | mse=0.2014 ci=0.9076 rm2=0.7302
epoch  748 | mse=0.2021 ci=0.9084 rm2=0.7224
epoch  749 | mse=0.2062 ci=0.9055 rm2=0.7351
epoch  750 | mse=0.2045 ci=0.9060 rm2=0.7382
epoch  751 | mse=0.2031 ci=0.9068 rm2=0.7322
epoch  752 | mse=0.2020 ci=0.9089 rm2=0.7297
epoch  753 | mse=0.2019 ci=0.9052 rm2=0.7341
epoch  754 | mse=0.2025 ci=0.9066 rm2=0.7239
epoch  755 | mse=0.2048 ci=0.9064 rm2=0.7490
epoch  756 | mse=0.2047 ci=0.9056 rm2=0.7383
epoch  757 | mse=0.2017 ci=0.9048 rm2=0.7449
epoch  758 | mse=0.2076 ci=0.9061 rm2=0.7377
epoch  759 | mse=0.2016 ci=0.9046 rm2=0.7373
epoch  760 | mse=0.2007 ci=0.9058 rm2=0.7322
epoch  761 | mse=0.2033 ci=0.9059 rm2=0.7298
[FIND BEST!] epoch  762 | mse=0.1977 ci=0.9049 rm2=0.7525
epoch  763 | mse=0.2008 ci=0.9061 rm2=0.7388
epoch  764 | mse=0.2028 ci=0.9086 rm2=0.7186
epoch  765 | mse=0.2057 ci=0.9056 rm2=0.7336
epoch  766 | mse=0.2017 ci=0.9056 rm2=0.7301
epoch  767 | mse=0.2035 ci=0.9054 rm2=0.7316
epoch  768 | mse=0.2012 ci=0.9087 rm2=0.7364
epoch  769 | mse=0.2007 ci=0.9081 rm2=0.7353
epoch  770 | mse=0.2017 ci=0.9066 rm2=0.7342
epoch  771 | mse=0.2021 ci=0.9039 rm2=0.7275
epoch  772 | mse=0.2048 ci=0.9080 rm2=0.7289
epoch  773 | mse=0.1999 ci=0.9061 rm2=0.7317
epoch  774 | mse=0.2022 ci=0.9077 rm2=0.7299
epoch  775 | mse=0.2028 ci=0.9072 rm2=0.7161
epoch  776 | mse=0.2017 ci=0.9066 rm2=0.7265
epoch  777 | mse=0.2008 ci=0.9044 rm2=0.7289
epoch  778 | mse=0.2090 ci=0.9049 rm2=0.7448
epoch  779 | mse=0.2027 ci=0.9039 rm2=0.7344
epoch  780 | mse=0.2041 ci=0.9058 rm2=0.7399
epoch  781 | mse=0.2097 ci=0.9026 rm2=0.7435
epoch  782 | mse=0.2031 ci=0.9037 rm2=0.7302
epoch  783 | mse=0.2003 ci=0.9064 rm2=0.7304
epoch  784 | mse=0.2059 ci=0.9062 rm2=0.7273
epoch  785 | mse=0.2026 ci=0.9088 rm2=0.7169
epoch  786 | mse=0.2055 ci=0.9031 rm2=0.7349
epoch  787 | mse=0.2052 ci=0.9039 rm2=0.7474
epoch  788 | mse=0.2019 ci=0.9055 rm2=0.7294
epoch  789 | mse=0.2042 ci=0.9060 rm2=0.7113
epoch  790 | mse=0.2031 ci=0.9072 rm2=0.7283
epoch  791 | mse=0.2022 ci=0.9041 rm2=0.7286
epoch  792 | mse=0.1990 ci=0.9059 rm2=0.7404
epoch  793 | mse=0.2021 ci=0.9051 rm2=0.7282
epoch  794 | mse=0.2044 ci=0.9052 rm2=0.7266
epoch  795 | mse=0.2019 ci=0.9064 rm2=0.7322
epoch  796 | mse=0.2067 ci=0.9054 rm2=0.7239
epoch  797 | mse=0.2055 ci=0.9036 rm2=0.7432
epoch  798 | mse=0.2015 ci=0.9059 rm2=0.7221
epoch  799 | mse=0.2060 ci=0.9027 rm2=0.7171
epoch  800 | mse=0.2039 ci=0.9058 rm2=0.7297
epoch  801 | mse=0.2018 ci=0.9064 rm2=0.7364
epoch  802 | mse=0.2001 ci=0.9062 rm2=0.7331
epoch  803 | mse=0.2018 ci=0.9064 rm2=0.7250
epoch  804 | mse=0.1993 ci=0.9064 rm2=0.7220
epoch  805 | mse=0.2012 ci=0.9066 rm2=0.7425
epoch  806 | mse=0.1982 ci=0.9052 rm2=0.7359
epoch  807 | mse=0.2000 ci=0.9037 rm2=0.7362
epoch  808 | mse=0.2027 ci=0.9075 rm2=0.7195
epoch  809 | mse=0.2081 ci=0.9061 rm2=0.7212
epoch  810 | mse=0.2010 ci=0.9052 rm2=0.7209
epoch  811 | mse=0.2026 ci=0.9041 rm2=0.7361
epoch  812 | mse=0.2019 ci=0.9051 rm2=0.7468
epoch  813 | mse=0.1983 ci=0.9086 rm2=0.7436
epoch  814 | mse=0.1986 ci=0.9054 rm2=0.7401
epoch  815 | mse=0.2005 ci=0.9043 rm2=0.7294
epoch  816 | mse=0.2000 ci=0.9068 rm2=0.7437
epoch  817 | mse=0.2021 ci=0.9070 rm2=0.7478
epoch  818 | mse=0.1993 ci=0.9074 rm2=0.7246
epoch  819 | mse=0.2024 ci=0.9062 rm2=0.7257
epoch  820 | mse=0.2008 ci=0.9064 rm2=0.7268
epoch  821 | mse=0.2039 ci=0.9051 rm2=0.7328
epoch  822 | mse=0.2019 ci=0.9088 rm2=0.7172
epoch  823 | mse=0.2008 ci=0.9071 rm2=0.7269
epoch  824 | mse=0.2007 ci=0.9065 rm2=0.7295
epoch  825 | mse=0.2031 ci=0.9088 rm2=0.7158
epoch  826 | mse=0.2036 ci=0.9068 rm2=0.7293
epoch  827 | mse=0.2033 ci=0.9069 rm2=0.7247
epoch  828 | mse=0.2020 ci=0.9047 rm2=0.7259
epoch  829 | mse=0.2046 ci=0.9054 rm2=0.7331
epoch  830 | mse=0.2008 ci=0.9063 rm2=0.7255
epoch  831 | mse=0.2047 ci=0.9083 rm2=0.7208
epoch  832 | mse=0.2023 ci=0.9071 rm2=0.7420
epoch  833 | mse=0.1993 ci=0.9088 rm2=0.7329
epoch  834 | mse=0.2009 ci=0.9062 rm2=0.7356
epoch  835 | mse=0.2023 ci=0.9060 rm2=0.7186
epoch  836 | mse=0.2055 ci=0.9041 rm2=0.7376
epoch  837 | mse=0.2037 ci=0.9059 rm2=0.7190
epoch  838 | mse=0.2012 ci=0.9065 rm2=0.7179
epoch  839 | mse=0.2031 ci=0.9060 rm2=0.7353
epoch  840 | mse=0.2050 ci=0.9040 rm2=0.7412
epoch  841 | mse=0.2014 ci=0.9084 rm2=0.7326
epoch  842 | mse=0.2002 ci=0.9072 rm2=0.7302
epoch  843 | mse=0.2058 ci=0.9063 rm2=0.7352
epoch  844 | mse=0.1982 ci=0.9088 rm2=0.7395
epoch  845 | mse=0.2013 ci=0.9090 rm2=0.7216
epoch  846 | mse=0.2024 ci=0.9082 rm2=0.7478
epoch  847 | mse=0.2021 ci=0.9061 rm2=0.7307
epoch  848 | mse=0.2011 ci=0.9074 rm2=0.7269
epoch  849 | mse=0.2063 ci=0.9053 rm2=0.7352
epoch  850 | mse=0.2008 ci=0.9079 rm2=0.7395
epoch  851 | mse=0.2010 ci=0.9103 rm2=0.7165
epoch  852 | mse=0.1999 ci=0.9096 rm2=0.7231
epoch  853 | mse=0.2032 ci=0.9037 rm2=0.7417
epoch  854 | mse=0.2021 ci=0.9069 rm2=0.7282
epoch  855 | mse=0.2077 ci=0.9041 rm2=0.7429
epoch  856 | mse=0.2048 ci=0.9074 rm2=0.7358
epoch  857 | mse=0.2044 ci=0.9039 rm2=0.7363
epoch  858 | mse=0.1994 ci=0.9097 rm2=0.7331
epoch  859 | mse=0.2017 ci=0.9060 rm2=0.7401
epoch  860 | mse=0.2028 ci=0.9074 rm2=0.7278
epoch  861 | mse=0.2026 ci=0.9067 rm2=0.7282
epoch  862 | mse=0.2048 ci=0.9043 rm2=0.7402
epoch  863 | mse=0.2050 ci=0.9077 rm2=0.7420
epoch  864 | mse=0.2023 ci=0.9061 rm2=0.7406
epoch  865 | mse=0.2011 ci=0.9048 rm2=0.7314
epoch  866 | mse=0.2034 ci=0.9052 rm2=0.7372
epoch  867 | mse=0.2020 ci=0.9065 rm2=0.7281
epoch  868 | mse=0.2023 ci=0.9029 rm2=0.7327
epoch  869 | mse=0.2015 ci=0.9076 rm2=0.7258
epoch  870 | mse=0.1986 ci=0.9082 rm2=0.7364
epoch  871 | mse=0.2028 ci=0.9063 rm2=0.7308
epoch  872 | mse=0.1995 ci=0.9082 rm2=0.7351
epoch  873 | mse=0.2003 ci=0.9077 rm2=0.7437
epoch  874 | mse=0.2002 ci=0.9077 rm2=0.7255
epoch  875 | mse=0.2033 ci=0.9061 rm2=0.7278
epoch  876 | mse=0.2029 ci=0.9067 rm2=0.7307
epoch  877 | mse=0.2009 ci=0.9045 rm2=0.7255
epoch  878 | mse=0.2000 ci=0.9057 rm2=0.7324
epoch  879 | mse=0.1994 ci=0.9044 rm2=0.7313
epoch  880 | mse=0.2041 ci=0.9063 rm2=0.7447
epoch  881 | mse=0.2046 ci=0.9042 rm2=0.7440
epoch  882 | mse=0.2015 ci=0.9043 rm2=0.7321
epoch  883 | mse=0.2015 ci=0.9060 rm2=0.7320
epoch  884 | mse=0.2031 ci=0.9063 rm2=0.7239
epoch  885 | mse=0.2002 ci=0.9068 rm2=0.7295
epoch  886 | mse=0.2003 ci=0.9056 rm2=0.7249
epoch  887 | mse=0.2020 ci=0.9080 rm2=0.7303
epoch  888 | mse=0.2015 ci=0.9051 rm2=0.7385
epoch  889 | mse=0.2031 ci=0.9061 rm2=0.7331
epoch  890 | mse=0.2019 ci=0.9062 rm2=0.7217
epoch  891 | mse=0.2027 ci=0.9061 rm2=0.7435
epoch  892 | mse=0.2027 ci=0.9048 rm2=0.7414
epoch  893 | mse=0.2004 ci=0.9078 rm2=0.7346
epoch  894 | mse=0.2023 ci=0.9075 rm2=0.7325
epoch  895 | mse=0.2063 ci=0.9044 rm2=0.7306
epoch  896 | mse=0.2003 ci=0.9049 rm2=0.7302
epoch  897 | mse=0.2023 ci=0.9087 rm2=0.7222
epoch  898 | mse=0.2022 ci=0.9067 rm2=0.7266
epoch  899 | mse=0.2020 ci=0.9074 rm2=0.7217
epoch  900 | mse=0.2046 ci=0.9057 rm2=0.7269
epoch  901 | mse=0.2026 ci=0.9040 rm2=0.7237
epoch  902 | mse=0.2029 ci=0.9063 rm2=0.7256
epoch  903 | mse=0.1991 ci=0.9080 rm2=0.7353
epoch  904 | mse=0.2029 ci=0.9070 rm2=0.7323
epoch  905 | mse=0.2031 ci=0.9054 rm2=0.7308
epoch  906 | mse=0.2042 ci=0.9050 rm2=0.7429
epoch  907 | mse=0.2028 ci=0.9072 rm2=0.7249
epoch  908 | mse=0.2038 ci=0.9054 rm2=0.7211
epoch  909 | mse=0.2060 ci=0.9067 rm2=0.7465
epoch  910 | mse=0.2010 ci=0.9076 rm2=0.7219
epoch  911 | mse=0.2021 ci=0.9051 rm2=0.7262
epoch  912 | mse=0.2045 ci=0.9056 rm2=0.7219
epoch  913 | mse=0.2024 ci=0.9054 rm2=0.7235
epoch  914 | mse=0.2003 ci=0.9079 rm2=0.7373
epoch  915 | mse=0.2034 ci=0.9057 rm2=0.7250
epoch  916 | mse=0.2021 ci=0.9061 rm2=0.7154
epoch  917 | mse=0.2033 ci=0.9062 rm2=0.7116
epoch  918 | mse=0.2013 ci=0.9068 rm2=0.7371
epoch  919 | mse=0.1995 ci=0.9069 rm2=0.7327
epoch  920 | mse=0.1992 ci=0.9067 rm2=0.7473
epoch  921 | mse=0.1985 ci=0.9080 rm2=0.7279
epoch  922 | mse=0.2016 ci=0.9082 rm2=0.7348
epoch  923 | mse=0.2012 ci=0.9054 rm2=0.7377
epoch  924 | mse=0.2034 ci=0.9074 rm2=0.7342
epoch  925 | mse=0.1989 ci=0.9080 rm2=0.7315
epoch  926 | mse=0.2031 ci=0.9075 rm2=0.7230
epoch  927 | mse=0.2009 ci=0.9066 rm2=0.7345
epoch  928 | mse=0.2031 ci=0.9069 rm2=0.7422
epoch  929 | mse=0.2002 ci=0.9077 rm2=0.7270
epoch  930 | mse=0.2022 ci=0.9058 rm2=0.7477
epoch  931 | mse=0.1993 ci=0.9071 rm2=0.7365
epoch  932 | mse=0.1995 ci=0.9087 rm2=0.7214
epoch  933 | mse=0.2015 ci=0.9074 rm2=0.7207
epoch  934 | mse=0.2043 ci=0.9084 rm2=0.7241
epoch  935 | mse=0.2011 ci=0.9050 rm2=0.7459
epoch  936 | mse=0.1999 ci=0.9083 rm2=0.7282
epoch  937 | mse=0.2025 ci=0.9083 rm2=0.7222
epoch  938 | mse=0.1998 ci=0.9064 rm2=0.7354
epoch  939 | mse=0.2006 ci=0.9060 rm2=0.7338
epoch  940 | mse=0.2010 ci=0.9064 rm2=0.7294
epoch  941 | mse=0.1996 ci=0.9083 rm2=0.7296
epoch  942 | mse=0.2037 ci=0.9090 rm2=0.7185
epoch  943 | mse=0.2010 ci=0.9075 rm2=0.7398
epoch  944 | mse=0.1996 ci=0.9092 rm2=0.7368
epoch  945 | mse=0.2034 ci=0.9078 rm2=0.7420
epoch  946 | mse=0.2037 ci=0.9085 rm2=0.7273
epoch  947 | mse=0.2022 ci=0.9076 rm2=0.7459
epoch  948 | mse=0.2005 ci=0.9064 rm2=0.7318
epoch  949 | mse=0.2042 ci=0.9066 rm2=0.7326
epoch  950 | mse=0.2011 ci=0.9070 rm2=0.7297
epoch  951 | mse=0.2003 ci=0.9048 rm2=0.7441
epoch  952 | mse=0.2022 ci=0.9039 rm2=0.7359
epoch  953 | mse=0.2063 ci=0.9064 rm2=0.7448
epoch  954 | mse=0.2002 ci=0.9042 rm2=0.7477
epoch  955 | mse=0.2060 ci=0.9075 rm2=0.7044
epoch  956 | mse=0.2029 ci=0.9073 rm2=0.7188
epoch  957 | mse=0.2005 ci=0.9060 rm2=0.7389
epoch  958 | mse=0.2043 ci=0.9076 rm2=0.7238
epoch  959 | mse=0.2007 ci=0.9095 rm2=0.7342
epoch  960 | mse=0.2018 ci=0.9050 rm2=0.7314
epoch  961 | mse=0.2015 ci=0.9065 rm2=0.7233
epoch  962 | mse=0.2012 ci=0.9079 rm2=0.7277
early stop at epoch 962
final test | epoch 762 | mse=0.1977 ci=0.9049 rm2=0.7525
[19:29:30] DONE  HAG-DTA GIN
[19:29:30] ========== Davis HAG-DTA seed=4000 COMPLETE ==========
