[09:29:05] ========== Davis HAG-DTA seed=100 models=gin ==========
[09:29:05] START HAG-DTA GIN
Diff_DTA_GIN | davis | classic | cuda=cuda:0
LR=0.0005 epochs=1000 val_interval=1 patience=200

--- davis seed=100 ---
Pre-processed data found: /root/autodl-tmp/HAG-DTA-cache/processed/davis_train.pt, loading ...
Pre-processed data found: /root/autodl-tmp/HAG-DTA-cache/processed/davis_test.pt, loading ...
/root/HAG-DTA/py38_env/lib/python3.8/site-packages/torch_geometric/deprecation.py:26: UserWarning: 'data.DenseDataLoader' is deprecated, use 'loader.DenseDataLoader' instead
  warnings.warn(out)
n1=6 n2=2
[FIND BEST!] epoch    1 | mse=4.9940 ci=0.6387 rm2=0.0353
[FIND BEST!] epoch    2 | mse=1.7672 ci=0.6641 rm2=0.0695
[FIND BEST!] epoch    3 | mse=0.8592 ci=0.6790 rm2=0.1077
[FIND BEST!] epoch    4 | mse=0.5863 ci=0.7807 rm2=0.2658
[FIND BEST!] epoch    5 | mse=0.5450 ci=0.7960 rm2=0.3075
epoch    6 | mse=0.5933 ci=0.7765 rm2=0.2858
[FIND BEST!] epoch    7 | mse=0.5110 ci=0.8086 rm2=0.3841
[FIND BEST!] epoch    8 | mse=0.4942 ci=0.8089 rm2=0.3889
epoch    9 | mse=0.6432 ci=0.7609 rm2=0.3060
[FIND BEST!] epoch   10 | mse=0.4738 ci=0.8184 rm2=0.3895
[FIND BEST!] epoch   11 | mse=0.4640 ci=0.8154 rm2=0.4191
epoch   12 | mse=0.4694 ci=0.8143 rm2=0.3852
[FIND BEST!] epoch   13 | mse=0.4562 ci=0.8111 rm2=0.4307
[FIND BEST!] epoch   14 | mse=0.4340 ci=0.8231 rm2=0.4522
epoch   15 | mse=0.4481 ci=0.8244 rm2=0.4500
[FIND BEST!] epoch   16 | mse=0.4004 ci=0.8265 rm2=0.4742
[FIND BEST!] epoch   17 | mse=0.3679 ci=0.8405 rm2=0.5271
epoch   18 | mse=0.3884 ci=0.8372 rm2=0.4814
epoch   19 | mse=0.3803 ci=0.8437 rm2=0.4976
epoch   20 | mse=0.3984 ci=0.8324 rm2=0.4704
[FIND BEST!] epoch   21 | mse=0.3574 ci=0.8437 rm2=0.5349
epoch   22 | mse=0.3663 ci=0.8444 rm2=0.5529
[FIND BEST!] epoch   23 | mse=0.3549 ci=0.8475 rm2=0.5573
epoch   24 | mse=0.3805 ci=0.8456 rm2=0.5017
[FIND BEST!] epoch   25 | mse=0.3372 ci=0.8556 rm2=0.5683
epoch   26 | mse=0.3504 ci=0.8583 rm2=0.5192
[FIND BEST!] epoch   27 | mse=0.3335 ci=0.8563 rm2=0.5767
[FIND BEST!] epoch   28 | mse=0.3333 ci=0.8547 rm2=0.5790
[FIND BEST!] epoch   29 | mse=0.3312 ci=0.8568 rm2=0.5799
epoch   30 | mse=0.3327 ci=0.8544 rm2=0.5876
[FIND BEST!] epoch   31 | mse=0.3287 ci=0.8590 rm2=0.5672
[FIND BEST!] epoch   32 | mse=0.3111 ci=0.8673 rm2=0.5764
epoch   33 | mse=0.3297 ci=0.8504 rm2=0.5658
[FIND BEST!] epoch   34 | mse=0.3086 ci=0.8616 rm2=0.5954
epoch   35 | mse=0.3093 ci=0.8700 rm2=0.6147
epoch   36 | mse=0.3258 ci=0.8641 rm2=0.5446
[FIND BEST!] epoch   37 | mse=0.3029 ci=0.8725 rm2=0.6184
epoch   38 | mse=0.3085 ci=0.8607 rm2=0.6041
[FIND BEST!] epoch   39 | mse=0.2953 ci=0.8704 rm2=0.6057
epoch   40 | mse=0.2959 ci=0.8703 rm2=0.6119
epoch   41 | mse=0.3073 ci=0.8635 rm2=0.6122
epoch   42 | mse=0.2970 ci=0.8709 rm2=0.6261
epoch   43 | mse=0.2994 ci=0.8685 rm2=0.6278
epoch   44 | mse=0.3008 ci=0.8716 rm2=0.6311
[FIND BEST!] epoch   45 | mse=0.2841 ci=0.8796 rm2=0.6438
[FIND BEST!] epoch   46 | mse=0.2799 ci=0.8782 rm2=0.6384
epoch   47 | mse=0.2925 ci=0.8817 rm2=0.6068
epoch   48 | mse=0.2905 ci=0.8683 rm2=0.6197
epoch   49 | mse=0.2992 ci=0.8692 rm2=0.6152
[FIND BEST!] epoch   50 | mse=0.2665 ci=0.8792 rm2=0.6561
epoch   51 | mse=0.2847 ci=0.8779 rm2=0.6116
epoch   52 | mse=0.2847 ci=0.8682 rm2=0.6380
epoch   53 | mse=0.2719 ci=0.8795 rm2=0.6286
epoch   54 | mse=0.2698 ci=0.8781 rm2=0.6538
epoch   55 | mse=0.2719 ci=0.8686 rm2=0.6579
epoch   56 | mse=0.2678 ci=0.8805 rm2=0.6537
epoch   57 | mse=0.2700 ci=0.8784 rm2=0.6263
[FIND BEST!] epoch   58 | mse=0.2527 ci=0.8853 rm2=0.6647
epoch   59 | mse=0.2603 ci=0.8849 rm2=0.6343
epoch   60 | mse=0.2671 ci=0.8726 rm2=0.6360
epoch   61 | mse=0.2554 ci=0.8829 rm2=0.6528
epoch   62 | mse=0.2551 ci=0.8787 rm2=0.6773
epoch   63 | mse=0.2543 ci=0.8877 rm2=0.6649
epoch   64 | mse=0.2606 ci=0.8827 rm2=0.6489
epoch   65 | mse=0.2750 ci=0.8858 rm2=0.6094
epoch   66 | mse=0.2732 ci=0.8724 rm2=0.6283
epoch   67 | mse=0.2603 ci=0.8770 rm2=0.6748
epoch   68 | mse=0.2717 ci=0.8822 rm2=0.6226
epoch   69 | mse=0.2585 ci=0.8846 rm2=0.6560
epoch   70 | mse=0.2554 ci=0.8797 rm2=0.6502
epoch   71 | mse=0.2531 ci=0.8885 rm2=0.6452
[FIND BEST!] epoch   72 | mse=0.2510 ci=0.8832 rm2=0.6633
epoch   73 | mse=0.2550 ci=0.8870 rm2=0.6216
epoch   74 | mse=0.2579 ci=0.8709 rm2=0.6620
epoch   75 | mse=0.2667 ci=0.8828 rm2=0.5986
[FIND BEST!] epoch   76 | mse=0.2452 ci=0.8855 rm2=0.6907
[FIND BEST!] epoch   77 | mse=0.2439 ci=0.8878 rm2=0.6744
epoch   78 | mse=0.2573 ci=0.8807 rm2=0.6512
[FIND BEST!] epoch   79 | mse=0.2426 ci=0.8825 rm2=0.6778
epoch   80 | mse=0.2461 ci=0.8811 rm2=0.6842
epoch   81 | mse=0.2477 ci=0.8831 rm2=0.6566
epoch   82 | mse=0.2511 ci=0.8845 rm2=0.6330
epoch   83 | mse=0.2450 ci=0.8836 rm2=0.6855
epoch   84 | mse=0.2612 ci=0.8797 rm2=0.6129
epoch   85 | mse=0.2544 ci=0.8856 rm2=0.6352
epoch   86 | mse=0.2449 ci=0.8875 rm2=0.6550
epoch   87 | mse=0.2447 ci=0.8763 rm2=0.6922
epoch   88 | mse=0.2427 ci=0.8832 rm2=0.6691
[FIND BEST!] epoch   89 | mse=0.2347 ci=0.8898 rm2=0.6733
epoch   90 | mse=0.2430 ci=0.8862 rm2=0.6474
epoch   91 | mse=0.2541 ci=0.8684 rm2=0.6689
epoch   92 | mse=0.2402 ci=0.8843 rm2=0.6982
epoch   93 | mse=0.2356 ci=0.8882 rm2=0.6807
epoch   94 | mse=0.2554 ci=0.8792 rm2=0.6197
epoch   95 | mse=0.2415 ci=0.8880 rm2=0.6581
epoch   96 | mse=0.2386 ci=0.8806 rm2=0.6839
epoch   97 | mse=0.2359 ci=0.8890 rm2=0.6601
epoch   98 | mse=0.2409 ci=0.8850 rm2=0.6602
epoch   99 | mse=0.2568 ci=0.8853 rm2=0.6464
[FIND BEST!] epoch  100 | mse=0.2336 ci=0.8886 rm2=0.6880
epoch  101 | mse=0.2452 ci=0.8829 rm2=0.6764
epoch  102 | mse=0.2345 ci=0.8818 rm2=0.6879
epoch  103 | mse=0.2472 ci=0.8767 rm2=0.6907
epoch  104 | mse=0.2370 ci=0.8878 rm2=0.6901
epoch  105 | mse=0.2342 ci=0.8860 rm2=0.6890
epoch  106 | mse=0.2382 ci=0.8885 rm2=0.6784
epoch  107 | mse=0.2376 ci=0.8866 rm2=0.6665
[FIND BEST!] epoch  108 | mse=0.2327 ci=0.8892 rm2=0.6913
[FIND BEST!] epoch  109 | mse=0.2285 ci=0.8888 rm2=0.6910
epoch  110 | mse=0.2330 ci=0.8883 rm2=0.6780
epoch  111 | mse=0.2331 ci=0.8875 rm2=0.6647
epoch  112 | mse=0.2365 ci=0.8892 rm2=0.6615
epoch  113 | mse=0.2412 ci=0.8883 rm2=0.6670
epoch  114 | mse=0.2431 ci=0.8895 rm2=0.6426
epoch  115 | mse=0.2432 ci=0.8854 rm2=0.6926
epoch  116 | mse=0.2334 ci=0.8909 rm2=0.6732
epoch  117 | mse=0.2424 ci=0.8823 rm2=0.6521
epoch  118 | mse=0.2326 ci=0.8837 rm2=0.6855
epoch  119 | mse=0.2335 ci=0.8928 rm2=0.6551
epoch  120 | mse=0.2325 ci=0.8865 rm2=0.7055
epoch  121 | mse=0.2357 ci=0.8857 rm2=0.6708
epoch  122 | mse=0.2366 ci=0.8774 rm2=0.7108
epoch  123 | mse=0.2356 ci=0.8852 rm2=0.6816
epoch  124 | mse=0.2321 ci=0.8873 rm2=0.6840
epoch  125 | mse=0.2338 ci=0.8818 rm2=0.6821
epoch  126 | mse=0.2457 ci=0.8725 rm2=0.6971
epoch  127 | mse=0.2388 ci=0.8791 rm2=0.6693
[FIND BEST!] epoch  128 | mse=0.2243 ci=0.8923 rm2=0.6824
epoch  129 | mse=0.2313 ci=0.8812 rm2=0.6934
epoch  130 | mse=0.2302 ci=0.8865 rm2=0.6926
epoch  131 | mse=0.2438 ci=0.8909 rm2=0.6409
epoch  132 | mse=0.2298 ci=0.8867 rm2=0.6787
epoch  133 | mse=0.2265 ci=0.8965 rm2=0.6662
epoch  134 | mse=0.2344 ci=0.8849 rm2=0.6964
epoch  135 | mse=0.2294 ci=0.8896 rm2=0.6900
epoch  136 | mse=0.2252 ci=0.8873 rm2=0.6944
[FIND BEST!] epoch  137 | mse=0.2228 ci=0.8911 rm2=0.6910
epoch  138 | mse=0.2389 ci=0.8822 rm2=0.6877
epoch  139 | mse=0.2234 ci=0.8882 rm2=0.6850
epoch  140 | mse=0.2274 ci=0.8884 rm2=0.6951
[FIND BEST!] epoch  141 | mse=0.2207 ci=0.8923 rm2=0.7147
epoch  142 | mse=0.2240 ci=0.8898 rm2=0.6818
epoch  143 | mse=0.2253 ci=0.8909 rm2=0.6915
epoch  144 | mse=0.2367 ci=0.8892 rm2=0.6882
epoch  145 | mse=0.2242 ci=0.8935 rm2=0.6820
epoch  146 | mse=0.2263 ci=0.8903 rm2=0.6822
epoch  147 | mse=0.2240 ci=0.8909 rm2=0.6866
epoch  148 | mse=0.2395 ci=0.8817 rm2=0.6830
epoch  149 | mse=0.2216 ci=0.8948 rm2=0.7045
epoch  150 | mse=0.2242 ci=0.8931 rm2=0.6781
epoch  151 | mse=0.2357 ci=0.8825 rm2=0.6730
epoch  152 | mse=0.2233 ci=0.8872 rm2=0.6868
epoch  153 | mse=0.2224 ci=0.8921 rm2=0.6981
epoch  154 | mse=0.2252 ci=0.8949 rm2=0.6781
epoch  155 | mse=0.2217 ci=0.8919 rm2=0.6874
epoch  156 | mse=0.2395 ci=0.8941 rm2=0.6392
epoch  157 | mse=0.2305 ci=0.8943 rm2=0.6692
epoch  158 | mse=0.2280 ci=0.8930 rm2=0.6536
epoch  159 | mse=0.2243 ci=0.8926 rm2=0.6929
epoch  160 | mse=0.2353 ci=0.8930 rm2=0.6349
epoch  161 | mse=0.2245 ci=0.8897 rm2=0.6934
epoch  162 | mse=0.2332 ci=0.8953 rm2=0.6413
epoch  163 | mse=0.2251 ci=0.8903 rm2=0.7089
epoch  164 | mse=0.2237 ci=0.8932 rm2=0.6882
epoch  165 | mse=0.2251 ci=0.8935 rm2=0.6884
epoch  166 | mse=0.2275 ci=0.8936 rm2=0.6773
[FIND BEST!] epoch  167 | mse=0.2186 ci=0.8909 rm2=0.6939
epoch  168 | mse=0.2292 ci=0.8943 rm2=0.6681
epoch  169 | mse=0.2296 ci=0.8933 rm2=0.6689
epoch  170 | mse=0.2294 ci=0.8949 rm2=0.6677
epoch  171 | mse=0.2241 ci=0.8858 rm2=0.7106
epoch  172 | mse=0.2223 ci=0.8981 rm2=0.6961
epoch  173 | mse=0.2232 ci=0.8961 rm2=0.6926
epoch  174 | mse=0.2236 ci=0.8960 rm2=0.6792
epoch  175 | mse=0.2289 ci=0.8935 rm2=0.6716
epoch  176 | mse=0.2235 ci=0.8944 rm2=0.6916
epoch  177 | mse=0.2290 ci=0.8865 rm2=0.6991
epoch  178 | mse=0.2246 ci=0.8947 rm2=0.6594
epoch  179 | mse=0.2256 ci=0.8837 rm2=0.6963
epoch  180 | mse=0.2244 ci=0.8951 rm2=0.6823
epoch  181 | mse=0.2190 ci=0.8970 rm2=0.6817
epoch  182 | mse=0.2218 ci=0.8972 rm2=0.6758
epoch  183 | mse=0.2212 ci=0.8970 rm2=0.6836
epoch  184 | mse=0.2293 ci=0.8916 rm2=0.6730
epoch  185 | mse=0.2246 ci=0.8837 rm2=0.6967
epoch  186 | mse=0.2250 ci=0.8916 rm2=0.6893
epoch  187 | mse=0.2241 ci=0.8896 rm2=0.6827
epoch  188 | mse=0.2193 ci=0.8944 rm2=0.6936
[FIND BEST!] epoch  189 | mse=0.2118 ci=0.8995 rm2=0.7126
epoch  190 | mse=0.2189 ci=0.8969 rm2=0.6811
epoch  191 | mse=0.2246 ci=0.8908 rm2=0.7002
epoch  192 | mse=0.2274 ci=0.8898 rm2=0.6673
epoch  193 | mse=0.2156 ci=0.8975 rm2=0.6973
epoch  194 | mse=0.2180 ci=0.8890 rm2=0.7297
epoch  195 | mse=0.2185 ci=0.8970 rm2=0.7037
epoch  196 | mse=0.2261 ci=0.8866 rm2=0.6764
epoch  197 | mse=0.2190 ci=0.8998 rm2=0.6883
epoch  198 | mse=0.2169 ci=0.8951 rm2=0.7005
epoch  199 | mse=0.2177 ci=0.8990 rm2=0.6837
epoch  200 | mse=0.2204 ci=0.8954 rm2=0.6920
epoch  201 | mse=0.2157 ci=0.8953 rm2=0.6937
epoch  202 | mse=0.2162 ci=0.9007 rm2=0.6810
epoch  203 | mse=0.2162 ci=0.8984 rm2=0.6965
epoch  204 | mse=0.2259 ci=0.8943 rm2=0.6670
epoch  205 | mse=0.2188 ci=0.8963 rm2=0.6830
epoch  206 | mse=0.2195 ci=0.8992 rm2=0.6981
epoch  207 | mse=0.2167 ci=0.8971 rm2=0.6974
epoch  208 | mse=0.2154 ci=0.8959 rm2=0.7140
epoch  209 | mse=0.2189 ci=0.8985 rm2=0.6807
epoch  210 | mse=0.2122 ci=0.8965 rm2=0.7185
epoch  211 | mse=0.2123 ci=0.8951 rm2=0.7368
epoch  212 | mse=0.2242 ci=0.8962 rm2=0.6775
epoch  213 | mse=0.2181 ci=0.8948 rm2=0.7075
epoch  214 | mse=0.2190 ci=0.9021 rm2=0.6663
epoch  215 | mse=0.2173 ci=0.8975 rm2=0.7015
epoch  216 | mse=0.2130 ci=0.8946 rm2=0.7199
epoch  217 | mse=0.2211 ci=0.8908 rm2=0.7062
epoch  218 | mse=0.2219 ci=0.8899 rm2=0.6916
epoch  219 | mse=0.2192 ci=0.8947 rm2=0.7038
epoch  220 | mse=0.2204 ci=0.8935 rm2=0.7047
epoch  221 | mse=0.2184 ci=0.8994 rm2=0.6779
epoch  222 | mse=0.2131 ci=0.8946 rm2=0.7063
epoch  223 | mse=0.2125 ci=0.8986 rm2=0.7233
epoch  224 | mse=0.2171 ci=0.8973 rm2=0.6866
epoch  225 | mse=0.2163 ci=0.8935 rm2=0.7066
epoch  226 | mse=0.2173 ci=0.8937 rm2=0.6799
epoch  227 | mse=0.2157 ci=0.8935 rm2=0.7154
epoch  228 | mse=0.2234 ci=0.8912 rm2=0.6704
epoch  229 | mse=0.2159 ci=0.8936 rm2=0.6911
epoch  230 | mse=0.2158 ci=0.8926 rm2=0.6995
epoch  231 | mse=0.2149 ci=0.8987 rm2=0.6952
epoch  232 | mse=0.2207 ci=0.8984 rm2=0.6822
epoch  233 | mse=0.2170 ci=0.8944 rm2=0.6993
epoch  234 | mse=0.2167 ci=0.8992 rm2=0.6785
[FIND BEST!] epoch  235 | mse=0.2077 ci=0.8992 rm2=0.7178
epoch  236 | mse=0.2154 ci=0.8987 rm2=0.6854
epoch  237 | mse=0.2143 ci=0.8952 rm2=0.7138
epoch  238 | mse=0.2178 ci=0.9007 rm2=0.6800
epoch  239 | mse=0.2100 ci=0.8989 rm2=0.7032
epoch  240 | mse=0.2105 ci=0.8970 rm2=0.7306
epoch  241 | mse=0.2110 ci=0.8978 rm2=0.7024
epoch  242 | mse=0.2186 ci=0.8980 rm2=0.6916
epoch  243 | mse=0.2155 ci=0.8985 rm2=0.6922
epoch  244 | mse=0.2142 ci=0.8999 rm2=0.6936
epoch  245 | mse=0.2190 ci=0.8970 rm2=0.6719
epoch  246 | mse=0.2215 ci=0.8983 rm2=0.6809
epoch  247 | mse=0.2127 ci=0.8995 rm2=0.6963
epoch  248 | mse=0.2164 ci=0.8912 rm2=0.7009
epoch  249 | mse=0.2170 ci=0.8952 rm2=0.6888
epoch  250 | mse=0.2122 ci=0.9028 rm2=0.6911
epoch  251 | mse=0.2116 ci=0.8955 rm2=0.7131
epoch  252 | mse=0.2166 ci=0.8972 rm2=0.6741
epoch  253 | mse=0.2178 ci=0.8986 rm2=0.6824
epoch  254 | mse=0.2156 ci=0.9018 rm2=0.6733
epoch  255 | mse=0.2199 ci=0.8996 rm2=0.6858
epoch  256 | mse=0.2114 ci=0.8968 rm2=0.7075
epoch  257 | mse=0.2087 ci=0.9036 rm2=0.6981
epoch  258 | mse=0.2123 ci=0.8998 rm2=0.6886
epoch  259 | mse=0.2094 ci=0.8984 rm2=0.7229
epoch  260 | mse=0.2128 ci=0.8958 rm2=0.7013
epoch  261 | mse=0.2091 ci=0.9015 rm2=0.7215
epoch  262 | mse=0.2113 ci=0.9037 rm2=0.6905
epoch  263 | mse=0.2085 ci=0.8982 rm2=0.7154
epoch  264 | mse=0.2147 ci=0.8993 rm2=0.6907
epoch  265 | mse=0.2157 ci=0.8926 rm2=0.7273
epoch  266 | mse=0.2130 ci=0.9014 rm2=0.6917
epoch  267 | mse=0.2147 ci=0.8979 rm2=0.7024
epoch  268 | mse=0.2149 ci=0.8967 rm2=0.6894
epoch  269 | mse=0.2125 ci=0.8973 rm2=0.7069
epoch  270 | mse=0.2148 ci=0.8948 rm2=0.6975
epoch  271 | mse=0.2128 ci=0.8979 rm2=0.6990
epoch  272 | mse=0.2161 ci=0.8936 rm2=0.7068
epoch  273 | mse=0.2247 ci=0.8956 rm2=0.7052
epoch  274 | mse=0.2193 ci=0.8983 rm2=0.6915
epoch  275 | mse=0.2172 ci=0.8967 rm2=0.6778
epoch  276 | mse=0.2152 ci=0.8973 rm2=0.6939
epoch  277 | mse=0.2172 ci=0.8975 rm2=0.7057
epoch  278 | mse=0.2135 ci=0.8980 rm2=0.7041
epoch  279 | mse=0.2151 ci=0.8927 rm2=0.7066
epoch  280 | mse=0.2167 ci=0.8985 rm2=0.6813
epoch  281 | mse=0.2195 ci=0.8970 rm2=0.6694
epoch  282 | mse=0.2173 ci=0.9008 rm2=0.7015
epoch  283 | mse=0.2118 ci=0.8986 rm2=0.6965
epoch  284 | mse=0.2141 ci=0.8992 rm2=0.7101
epoch  285 | mse=0.2173 ci=0.8956 rm2=0.6916
epoch  286 | mse=0.2139 ci=0.9024 rm2=0.6896
epoch  287 | mse=0.2125 ci=0.9031 rm2=0.6962
epoch  288 | mse=0.2140 ci=0.8998 rm2=0.6915
epoch  289 | mse=0.2156 ci=0.8914 rm2=0.7093
epoch  290 | mse=0.2154 ci=0.8985 rm2=0.7066
epoch  291 | mse=0.2125 ci=0.9039 rm2=0.7028
epoch  292 | mse=0.2136 ci=0.9013 rm2=0.7099
epoch  293 | mse=0.2135 ci=0.8935 rm2=0.7259
epoch  294 | mse=0.2142 ci=0.8960 rm2=0.7101
epoch  295 | mse=0.2153 ci=0.9022 rm2=0.6874
epoch  296 | mse=0.2107 ci=0.9014 rm2=0.7258
epoch  297 | mse=0.2139 ci=0.8948 rm2=0.7187
epoch  298 | mse=0.2133 ci=0.9026 rm2=0.6990
epoch  299 | mse=0.2139 ci=0.8984 rm2=0.6944
epoch  300 | mse=0.2138 ci=0.8970 rm2=0.7087
epoch  301 | mse=0.2142 ci=0.9000 rm2=0.7182
epoch  302 | mse=0.2131 ci=0.8970 rm2=0.7083
epoch  303 | mse=0.2113 ci=0.9021 rm2=0.7147
epoch  304 | mse=0.2202 ci=0.8964 rm2=0.6799
epoch  305 | mse=0.2136 ci=0.8981 rm2=0.7028
epoch  306 | mse=0.2103 ci=0.9004 rm2=0.7050
epoch  307 | mse=0.2107 ci=0.9016 rm2=0.6988
epoch  308 | mse=0.2125 ci=0.9029 rm2=0.6983
epoch  309 | mse=0.2102 ci=0.9016 rm2=0.7002
epoch  310 | mse=0.2148 ci=0.8958 rm2=0.6970
epoch  311 | mse=0.2118 ci=0.8920 rm2=0.7112
epoch  312 | mse=0.2118 ci=0.9040 rm2=0.6983
epoch  313 | mse=0.2118 ci=0.9047 rm2=0.6957
epoch  314 | mse=0.2173 ci=0.9035 rm2=0.6814
epoch  315 | mse=0.2085 ci=0.9006 rm2=0.7081
epoch  316 | mse=0.2177 ci=0.8979 rm2=0.6987
epoch  317 | mse=0.2166 ci=0.8983 rm2=0.7038
epoch  318 | mse=0.2106 ci=0.9026 rm2=0.7044
epoch  319 | mse=0.2150 ci=0.9054 rm2=0.6875
epoch  320 | mse=0.2133 ci=0.8979 rm2=0.6990
epoch  321 | mse=0.2156 ci=0.9021 rm2=0.6990
epoch  322 | mse=0.2134 ci=0.9048 rm2=0.6932
epoch  323 | mse=0.2094 ci=0.9050 rm2=0.7044
epoch  324 | mse=0.2128 ci=0.9028 rm2=0.7199
epoch  325 | mse=0.2088 ci=0.9005 rm2=0.7349
epoch  326 | mse=0.2128 ci=0.9016 rm2=0.7047
epoch  327 | mse=0.2121 ci=0.9015 rm2=0.7183
epoch  328 | mse=0.2187 ci=0.8922 rm2=0.7125
epoch  329 | mse=0.2200 ci=0.9004 rm2=0.6757
epoch  330 | mse=0.2119 ci=0.9060 rm2=0.6904
epoch  331 | mse=0.2227 ci=0.9019 rm2=0.6723
epoch  332 | mse=0.2138 ci=0.9024 rm2=0.7044
epoch  333 | mse=0.2182 ci=0.9032 rm2=0.6840
epoch  334 | mse=0.2108 ci=0.9033 rm2=0.7117
epoch  335 | mse=0.2123 ci=0.9023 rm2=0.7026
epoch  336 | mse=0.2117 ci=0.9056 rm2=0.6943
epoch  337 | mse=0.2129 ci=0.9031 rm2=0.6996
epoch  338 | mse=0.2131 ci=0.9027 rm2=0.6879
epoch  339 | mse=0.2109 ci=0.9047 rm2=0.6939
[FIND BEST!] epoch  340 | mse=0.2073 ci=0.9030 rm2=0.7095
epoch  341 | mse=0.2097 ci=0.9032 rm2=0.7093
epoch  342 | mse=0.2126 ci=0.8992 rm2=0.7051
epoch  343 | mse=0.2106 ci=0.8977 rm2=0.7215
epoch  344 | mse=0.2209 ci=0.8995 rm2=0.6909
epoch  345 | mse=0.2086 ci=0.9015 rm2=0.7072
epoch  346 | mse=0.2099 ci=0.9052 rm2=0.7094
epoch  347 | mse=0.2115 ci=0.9026 rm2=0.6908
[FIND BEST!] epoch  348 | mse=0.2072 ci=0.9042 rm2=0.7179
epoch  349 | mse=0.2099 ci=0.8987 rm2=0.7181
epoch  350 | mse=0.2102 ci=0.9060 rm2=0.6978
epoch  351 | mse=0.2094 ci=0.8985 rm2=0.7159
epoch  352 | mse=0.2079 ci=0.9041 rm2=0.7040
epoch  353 | mse=0.2081 ci=0.8983 rm2=0.7177
epoch  354 | mse=0.2100 ci=0.9043 rm2=0.6920
epoch  355 | mse=0.2096 ci=0.9034 rm2=0.7134
epoch  356 | mse=0.2106 ci=0.9026 rm2=0.7077
epoch  357 | mse=0.2117 ci=0.9027 rm2=0.7006
epoch  358 | mse=0.2108 ci=0.9029 rm2=0.6937
epoch  359 | mse=0.2120 ci=0.9029 rm2=0.7165
epoch  360 | mse=0.2079 ci=0.9016 rm2=0.7124
epoch  361 | mse=0.2101 ci=0.9053 rm2=0.7000
epoch  362 | mse=0.2133 ci=0.9020 rm2=0.7111
epoch  363 | mse=0.2102 ci=0.9024 rm2=0.7129
epoch  364 | mse=0.2141 ci=0.8983 rm2=0.6952
epoch  365 | mse=0.2133 ci=0.9000 rm2=0.6987
epoch  366 | mse=0.2133 ci=0.9023 rm2=0.6947
epoch  367 | mse=0.2086 ci=0.9030 rm2=0.7140
epoch  368 | mse=0.2091 ci=0.9039 rm2=0.6939
epoch  369 | mse=0.2117 ci=0.8974 rm2=0.7069
epoch  370 | mse=0.2115 ci=0.9035 rm2=0.7045
[FIND BEST!] epoch  371 | mse=0.2066 ci=0.8996 rm2=0.7339
epoch  372 | mse=0.2102 ci=0.9012 rm2=0.7049
epoch  373 | mse=0.2164 ci=0.8979 rm2=0.6922
epoch  374 | mse=0.2090 ci=0.9063 rm2=0.7085
epoch  375 | mse=0.2120 ci=0.9039 rm2=0.6939
epoch  376 | mse=0.2126 ci=0.9041 rm2=0.6988
epoch  377 | mse=0.2110 ci=0.9043 rm2=0.6980
epoch  378 | mse=0.2110 ci=0.9031 rm2=0.7053
epoch  379 | mse=0.2156 ci=0.8987 rm2=0.7345
epoch  380 | mse=0.2109 ci=0.9043 rm2=0.6907
epoch  381 | mse=0.2120 ci=0.9040 rm2=0.7044
epoch  382 | mse=0.2112 ci=0.9044 rm2=0.6947
epoch  383 | mse=0.2212 ci=0.8917 rm2=0.6834
epoch  384 | mse=0.2134 ci=0.9023 rm2=0.6959
epoch  385 | mse=0.2182 ci=0.8978 rm2=0.7216
epoch  386 | mse=0.2105 ci=0.9032 rm2=0.7091
epoch  387 | mse=0.2158 ci=0.9051 rm2=0.7027
epoch  388 | mse=0.2111 ci=0.8990 rm2=0.7198
epoch  389 | mse=0.2099 ci=0.9044 rm2=0.7175
epoch  390 | mse=0.2091 ci=0.9056 rm2=0.6883
epoch  391 | mse=0.2099 ci=0.9070 rm2=0.6929
epoch  392 | mse=0.2110 ci=0.9047 rm2=0.6908
epoch  393 | mse=0.2072 ci=0.9059 rm2=0.7210
epoch  394 | mse=0.2067 ci=0.9052 rm2=0.7132
[FIND BEST!] epoch  395 | mse=0.2052 ci=0.9060 rm2=0.7220
epoch  396 | mse=0.2161 ci=0.9007 rm2=0.7124
epoch  397 | mse=0.2094 ci=0.9062 rm2=0.7177
epoch  398 | mse=0.2114 ci=0.9043 rm2=0.7103
[FIND BEST!] epoch  399 | mse=0.2037 ci=0.9035 rm2=0.7134
[FIND BEST!] epoch  400 | mse=0.2024 ci=0.9067 rm2=0.7305
epoch  401 | mse=0.2092 ci=0.9066 rm2=0.7052
epoch  402 | mse=0.2093 ci=0.9035 rm2=0.7098
epoch  403 | mse=0.2058 ci=0.9069 rm2=0.7187
epoch  404 | mse=0.2079 ci=0.9042 rm2=0.7170
epoch  405 | mse=0.2093 ci=0.9033 rm2=0.7055
epoch  406 | mse=0.2088 ci=0.9029 rm2=0.7109
epoch  407 | mse=0.2127 ci=0.9053 rm2=0.7110
epoch  408 | mse=0.2079 ci=0.9044 rm2=0.7073
epoch  409 | mse=0.2072 ci=0.9054 rm2=0.7157
epoch  410 | mse=0.2080 ci=0.9025 rm2=0.7233
epoch  411 | mse=0.2120 ci=0.9035 rm2=0.7195
epoch  412 | mse=0.2099 ci=0.9047 rm2=0.7137
epoch  413 | mse=0.2072 ci=0.9029 rm2=0.7167
epoch  414 | mse=0.2123 ci=0.9005 rm2=0.7077
epoch  415 | mse=0.2100 ci=0.9091 rm2=0.6997
epoch  416 | mse=0.2066 ci=0.9027 rm2=0.7279
epoch  417 | mse=0.2076 ci=0.9035 rm2=0.7268
epoch  418 | mse=0.2050 ci=0.9067 rm2=0.7222
epoch  419 | mse=0.2108 ci=0.9021 rm2=0.7244
epoch  420 | mse=0.2107 ci=0.9041 rm2=0.7080
epoch  421 | mse=0.2065 ci=0.9081 rm2=0.7084
epoch  422 | mse=0.2075 ci=0.9072 rm2=0.7012
epoch  423 | mse=0.2088 ci=0.9033 rm2=0.7166
epoch  424 | mse=0.2055 ci=0.9048 rm2=0.7210
epoch  425 | mse=0.2088 ci=0.9040 rm2=0.7277
epoch  426 | mse=0.2073 ci=0.9039 rm2=0.7152
epoch  427 | mse=0.2149 ci=0.8994 rm2=0.7262
epoch  428 | mse=0.2102 ci=0.9022 rm2=0.7040
epoch  429 | mse=0.2124 ci=0.9059 rm2=0.7038
epoch  430 | mse=0.2075 ci=0.8996 rm2=0.7250
epoch  431 | mse=0.2081 ci=0.9049 rm2=0.6960
epoch  432 | mse=0.2091 ci=0.9024 rm2=0.7178
epoch  433 | mse=0.2067 ci=0.9063 rm2=0.7108
epoch  434 | mse=0.2071 ci=0.9078 rm2=0.7088
epoch  435 | mse=0.2076 ci=0.9000 rm2=0.7234
epoch  436 | mse=0.2070 ci=0.8979 rm2=0.7239
epoch  437 | mse=0.2064 ci=0.9049 rm2=0.7125
epoch  438 | mse=0.2083 ci=0.9015 rm2=0.7146
epoch  439 | mse=0.2108 ci=0.9029 rm2=0.7093
epoch  440 | mse=0.2099 ci=0.9044 rm2=0.7030
epoch  441 | mse=0.2065 ci=0.9045 rm2=0.7165
epoch  442 | mse=0.2061 ci=0.9078 rm2=0.7092
epoch  443 | mse=0.2116 ci=0.9014 rm2=0.7101
epoch  444 | mse=0.2080 ci=0.8955 rm2=0.7222
epoch  445 | mse=0.2081 ci=0.9061 rm2=0.7042
epoch  446 | mse=0.2041 ci=0.9059 rm2=0.7213
epoch  447 | mse=0.2076 ci=0.9024 rm2=0.7266
epoch  448 | mse=0.2100 ci=0.9035 rm2=0.7270
epoch  449 | mse=0.2117 ci=0.9037 rm2=0.7079
epoch  450 | mse=0.2119 ci=0.9029 rm2=0.6967
epoch  451 | mse=0.2096 ci=0.9044 rm2=0.7192
epoch  452 | mse=0.2050 ci=0.9026 rm2=0.7207
epoch  453 | mse=0.2056 ci=0.9062 rm2=0.7149
epoch  454 | mse=0.2092 ci=0.9066 rm2=0.7121
epoch  455 | mse=0.2134 ci=0.9031 rm2=0.7125
epoch  456 | mse=0.2122 ci=0.9056 rm2=0.6960
epoch  457 | mse=0.2126 ci=0.9023 rm2=0.7166
epoch  458 | mse=0.2109 ci=0.9024 rm2=0.6992
epoch  459 | mse=0.2081 ci=0.9050 rm2=0.7039
epoch  460 | mse=0.2100 ci=0.9010 rm2=0.7091
epoch  461 | mse=0.2091 ci=0.9049 rm2=0.7334
epoch  462 | mse=0.2107 ci=0.9073 rm2=0.6948
epoch  463 | mse=0.2071 ci=0.9035 rm2=0.7308
epoch  464 | mse=0.2090 ci=0.9047 rm2=0.7049
epoch  465 | mse=0.2093 ci=0.9074 rm2=0.6917
epoch  466 | mse=0.2133 ci=0.9065 rm2=0.6992
epoch  467 | mse=0.2109 ci=0.9024 rm2=0.7100
epoch  468 | mse=0.2113 ci=0.9021 rm2=0.7092
epoch  469 | mse=0.2071 ci=0.9053 rm2=0.7126
epoch  470 | mse=0.2068 ci=0.9063 rm2=0.7158
epoch  471 | mse=0.2084 ci=0.9043 rm2=0.7081
epoch  472 | mse=0.2071 ci=0.9064 rm2=0.7214
epoch  473 | mse=0.2108 ci=0.9047 rm2=0.7059
epoch  474 | mse=0.2140 ci=0.9070 rm2=0.7035
epoch  475 | mse=0.2030 ci=0.9064 rm2=0.7304
epoch  476 | mse=0.2100 ci=0.9055 rm2=0.7033
epoch  477 | mse=0.2093 ci=0.9037 rm2=0.7218
epoch  478 | mse=0.2073 ci=0.9085 rm2=0.6942
epoch  479 | mse=0.2072 ci=0.9068 rm2=0.7138
epoch  480 | mse=0.2068 ci=0.9057 rm2=0.7084
epoch  481 | mse=0.2032 ci=0.9066 rm2=0.7385
epoch  482 | mse=0.2058 ci=0.9061 rm2=0.7210
epoch  483 | mse=0.2092 ci=0.9077 rm2=0.7017
epoch  484 | mse=0.2087 ci=0.9018 rm2=0.7137
epoch  485 | mse=0.2095 ci=0.9079 rm2=0.7041
epoch  486 | mse=0.2102 ci=0.9060 rm2=0.7003
epoch  487 | mse=0.2030 ci=0.9055 rm2=0.7113
epoch  488 | mse=0.2043 ci=0.9048 rm2=0.7280
epoch  489 | mse=0.2060 ci=0.9051 rm2=0.7152
epoch  490 | mse=0.2057 ci=0.9078 rm2=0.7014
epoch  491 | mse=0.2134 ci=0.9060 rm2=0.7100
epoch  492 | mse=0.2062 ci=0.9065 rm2=0.7106
epoch  493 | mse=0.2037 ci=0.9056 rm2=0.7114
epoch  494 | mse=0.2085 ci=0.9071 rm2=0.7025
epoch  495 | mse=0.2048 ci=0.9055 rm2=0.7186
epoch  496 | mse=0.2065 ci=0.9037 rm2=0.7400
epoch  497 | mse=0.2095 ci=0.9068 rm2=0.6900
epoch  498 | mse=0.2102 ci=0.9041 rm2=0.7091
epoch  499 | mse=0.2108 ci=0.9050 rm2=0.7167
epoch  500 | mse=0.2138 ci=0.9050 rm2=0.7147
epoch  501 | mse=0.2091 ci=0.9054 rm2=0.7020
epoch  502 | mse=0.2102 ci=0.9043 rm2=0.7017
epoch  503 | mse=0.2105 ci=0.9069 rm2=0.7079
epoch  504 | mse=0.2044 ci=0.9022 rm2=0.7296
epoch  505 | mse=0.2050 ci=0.9080 rm2=0.7113
epoch  506 | mse=0.2063 ci=0.9080 rm2=0.7153
epoch  507 | mse=0.2082 ci=0.9012 rm2=0.7271
epoch  508 | mse=0.2033 ci=0.9092 rm2=0.7223
epoch  509 | mse=0.2050 ci=0.9055 rm2=0.7200
epoch  510 | mse=0.2050 ci=0.9092 rm2=0.7226
epoch  511 | mse=0.2120 ci=0.9033 rm2=0.7311
epoch  512 | mse=0.2087 ci=0.9071 rm2=0.7029
epoch  513 | mse=0.2110 ci=0.9064 rm2=0.6972
epoch  514 | mse=0.2065 ci=0.9049 rm2=0.7175
epoch  515 | mse=0.2102 ci=0.9035 rm2=0.7199
epoch  516 | mse=0.2077 ci=0.9074 rm2=0.7020
epoch  517 | mse=0.2089 ci=0.9069 rm2=0.7051
epoch  518 | mse=0.2090 ci=0.9070 rm2=0.7146
epoch  519 | mse=0.2120 ci=0.9027 rm2=0.7149
epoch  520 | mse=0.2065 ci=0.9037 rm2=0.7300
epoch  521 | mse=0.2045 ci=0.9051 rm2=0.7299
epoch  522 | mse=0.2079 ci=0.9065 rm2=0.7163
epoch  523 | mse=0.2087 ci=0.9068 rm2=0.7125
epoch  524 | mse=0.2069 ci=0.9053 rm2=0.7251
epoch  525 | mse=0.2086 ci=0.9058 rm2=0.7014
epoch  526 | mse=0.2077 ci=0.9052 rm2=0.7153
epoch  527 | mse=0.2094 ci=0.9075 rm2=0.7004
epoch  528 | mse=0.2110 ci=0.9036 rm2=0.6981
epoch  529 | mse=0.2087 ci=0.9041 rm2=0.7127
epoch  530 | mse=0.2042 ci=0.9053 rm2=0.7239
epoch  531 | mse=0.2052 ci=0.9061 rm2=0.7132
epoch  532 | mse=0.2230 ci=0.8997 rm2=0.7264
epoch  533 | mse=0.2068 ci=0.9046 rm2=0.7151
epoch  534 | mse=0.2083 ci=0.9056 rm2=0.7098
epoch  535 | mse=0.2094 ci=0.9071 rm2=0.7101
epoch  536 | mse=0.2155 ci=0.9042 rm2=0.7134
epoch  537 | mse=0.2053 ci=0.9069 rm2=0.7126
epoch  538 | mse=0.2092 ci=0.9020 rm2=0.7266
epoch  539 | mse=0.2068 ci=0.9060 rm2=0.7132
epoch  540 | mse=0.2052 ci=0.9054 rm2=0.7172
epoch  541 | mse=0.2049 ci=0.9038 rm2=0.7299
epoch  542 | mse=0.2076 ci=0.9070 rm2=0.7071
epoch  543 | mse=0.2112 ci=0.9030 rm2=0.7005
epoch  544 | mse=0.2094 ci=0.9068 rm2=0.7025
epoch  545 | mse=0.2048 ci=0.9053 rm2=0.7206
epoch  546 | mse=0.2056 ci=0.9083 rm2=0.7066
epoch  547 | mse=0.2032 ci=0.9041 rm2=0.7296
epoch  548 | mse=0.2082 ci=0.9049 rm2=0.6980
epoch  549 | mse=0.2069 ci=0.9057 rm2=0.7142
epoch  550 | mse=0.2096 ci=0.9075 rm2=0.6942
epoch  551 | mse=0.2062 ci=0.9071 rm2=0.7209
epoch  552 | mse=0.2078 ci=0.9092 rm2=0.7021
epoch  553 | mse=0.2086 ci=0.9086 rm2=0.7015
epoch  554 | mse=0.2072 ci=0.9048 rm2=0.7246
epoch  555 | mse=0.2061 ci=0.9071 rm2=0.6980
epoch  556 | mse=0.2096 ci=0.9071 rm2=0.7245
epoch  557 | mse=0.2060 ci=0.9081 rm2=0.7209
epoch  558 | mse=0.2063 ci=0.9032 rm2=0.7233
epoch  559 | mse=0.2068 ci=0.9046 rm2=0.7229
epoch  560 | mse=0.2074 ci=0.9042 rm2=0.7290
epoch  561 | mse=0.2042 ci=0.9065 rm2=0.7121
epoch  562 | mse=0.2126 ci=0.9066 rm2=0.7101
epoch  563 | mse=0.2071 ci=0.8999 rm2=0.7217
epoch  564 | mse=0.2093 ci=0.9043 rm2=0.7129
epoch  565 | mse=0.2096 ci=0.9055 rm2=0.7104
epoch  566 | mse=0.2086 ci=0.9047 rm2=0.7143
epoch  567 | mse=0.2103 ci=0.9055 rm2=0.7019
epoch  568 | mse=0.2062 ci=0.9059 rm2=0.7231
epoch  569 | mse=0.2072 ci=0.9093 rm2=0.6885
epoch  570 | mse=0.2040 ci=0.9059 rm2=0.7201
epoch  571 | mse=0.2069 ci=0.9074 rm2=0.7216
epoch  572 | mse=0.2074 ci=0.9047 rm2=0.7260
epoch  573 | mse=0.2155 ci=0.9052 rm2=0.7161
epoch  574 | mse=0.2095 ci=0.9078 rm2=0.7128
epoch  575 | mse=0.2118 ci=0.9051 rm2=0.7291
epoch  576 | mse=0.2088 ci=0.9066 rm2=0.7094
epoch  577 | mse=0.2072 ci=0.9071 rm2=0.7026
epoch  578 | mse=0.2076 ci=0.9089 rm2=0.7076
epoch  579 | mse=0.2054 ci=0.9083 rm2=0.7326
epoch  580 | mse=0.2159 ci=0.9067 rm2=0.7160
epoch  581 | mse=0.2138 ci=0.9045 rm2=0.7098
epoch  582 | mse=0.2071 ci=0.9099 rm2=0.7257
epoch  583 | mse=0.2100 ci=0.9075 rm2=0.7169
epoch  584 | mse=0.2085 ci=0.9075 rm2=0.7089
epoch  585 | mse=0.2061 ci=0.9082 rm2=0.7195
epoch  586 | mse=0.2078 ci=0.9068 rm2=0.7112
epoch  587 | mse=0.2121 ci=0.9051 rm2=0.7217
epoch  588 | mse=0.2089 ci=0.9049 rm2=0.7156
epoch  589 | mse=0.2096 ci=0.9012 rm2=0.7135
epoch  590 | mse=0.2090 ci=0.9085 rm2=0.7049
epoch  591 | mse=0.2082 ci=0.9099 rm2=0.6957
epoch  592 | mse=0.2102 ci=0.9055 rm2=0.7159
epoch  593 | mse=0.2064 ci=0.9090 rm2=0.7145
epoch  594 | mse=0.2062 ci=0.9083 rm2=0.7152
epoch  595 | mse=0.2055 ci=0.9071 rm2=0.7276
epoch  596 | mse=0.2074 ci=0.9027 rm2=0.7176
epoch  597 | mse=0.2088 ci=0.9027 rm2=0.7291
epoch  598 | mse=0.2107 ci=0.9036 rm2=0.7107
epoch  599 | mse=0.2032 ci=0.9053 rm2=0.7370
epoch  600 | mse=0.2040 ci=0.9095 rm2=0.7264
early stop at epoch 600
final test | epoch 400 | mse=0.2024 ci=0.9067 rm2=0.7305
[16:13:23] DONE  HAG-DTA GIN
[16:13:23] ========== Davis HAG-DTA seed=100 COMPLETE ==========
