[01:32:43] ========== Human seed=3000 models=gin ==========
[01:32:43] START HAG-DTA GIN
Diff_DTA_GIN
dataset: Human
Learning rate: 0.0005
Epochs: 1000
Validation interval: 1
Early stop patience: 200

running on Human, seed=3000
Pre-processed data found: /root/autodl-tmp/HAG-DTA-cache/processed/Human_train.pt, loading ...
Pre-processed data found: /root/autodl-tmp/HAG-DTA-cache/processed/Human_val.pt, loading ...
Pre-processed data found: /root/autodl-tmp/HAG-DTA-cache/processed/Human_test.pt, loading ...
/root/HAG-DTA/py38_env/lib/python3.8/site-packages/torch_geometric/deprecation.py:26: UserWarning: 'data.DenseDataLoader' is deprecated, use 'loader.DenseDataLoader' instead
  warnings.warn(out)
Hierarchical pooling: n1=6, n2=3
[FIND BEST!] epoch 1 | val AUROC=0.9112 AUPRC=0.9252 Precision=0.6550 Recall=0.9461|
test AUROC=0.8962 AUPRC=0.9040 Precision=0.6265 Recall=0.9498
[FIND BEST!] epoch 2 | val AUROC=0.9519 AUPRC=0.9603 Precision=0.9952 Recall=0.6936|
test AUROC=0.9383 AUPRC=0.9427 Precision=0.9837 Recall=0.6487
[FIND BEST!] epoch 3 | val AUROC=0.9637 AUPRC=0.9685 Precision=0.9440 Recall=0.8519|
test AUROC=0.9513 AUPRC=0.9536 Precision=0.9395 Recall=0.8351
[FIND BEST!] epoch 4 | val AUROC=0.9742 AUPRC=0.9779 Precision=0.9088 Recall=0.9057|
test AUROC=0.9609 AUPRC=0.9617 Precision=0.8873 Recall=0.8746
[FIND BEST!] epoch 5 | val AUROC=0.9787 AUPRC=0.9820 Precision=0.9880 Recall=0.8316|
test AUROC=0.9659 AUPRC=0.9664 Precision=0.9576 Recall=0.8100
[FIND BEST!] epoch 6 | val AUROC=0.9843 AUPRC=0.9861 Precision=0.9439 Recall=0.9057|
test AUROC=0.9689 AUPRC=0.9697 Precision=0.9288 Recall=0.8889
epoch 7 | val AUROC=0.9806 AUPRC=0.9825 Precision=0.8805 Recall=0.9428
[FIND BEST!] epoch 8 | val AUROC=0.9846 AUPRC=0.9857 Precision=0.9336 Recall=0.8990|
test AUROC=0.9691 AUPRC=0.9688 Precision=0.9299 Recall=0.9032
epoch 9 | val AUROC=0.9825 AUPRC=0.9853 Precision=0.9424 Recall=0.9360
[FIND BEST!] epoch 10 | val AUROC=0.9865 AUPRC=0.9874 Precision=0.9208 Recall=0.9394|
test AUROC=0.9723 AUPRC=0.9736 Precision=0.9149 Recall=0.9247
epoch 11 | val AUROC=0.9853 AUPRC=0.9875 Precision=0.9367 Recall=0.9461
epoch 12 | val AUROC=0.9843 AUPRC=0.9861 Precision=0.9813 Recall=0.8855
epoch 13 | val AUROC=0.9864 AUPRC=0.9873 Precision=0.9398 Recall=0.9461
epoch 14 | val AUROC=0.9843 AUPRC=0.9859 Precision=0.8649 Recall=0.9697
epoch 15 | val AUROC=0.9860 AUPRC=0.9872 Precision=0.9354 Recall=0.9259
[FIND BEST!] epoch 16 | val AUROC=0.9885 AUPRC=0.9892 Precision=0.9420 Recall=0.9293|
test AUROC=0.9758 AUPRC=0.9770 Precision=0.9126 Recall=0.9355
[FIND BEST!] epoch 17 | val AUROC=0.9897 AUPRC=0.9900 Precision=0.9490 Recall=0.9394|
test AUROC=0.9742 AUPRC=0.9748 Precision=0.9247 Recall=0.9247
[FIND BEST!] epoch 18 | val AUROC=0.9903 AUPRC=0.9909 Precision=0.9750 Recall=0.9192|
test AUROC=0.9776 AUPRC=0.9781 Precision=0.9485 Recall=0.9247
[FIND BEST!] epoch 19 | val AUROC=0.9912 AUPRC=0.9917 Precision=0.9031 Recall=0.9731|
test AUROC=0.9755 AUPRC=0.9746 Precision=0.8812 Recall=0.9570
epoch 20 | val AUROC=0.9880 AUPRC=0.9898 Precision=0.9555 Recall=0.9394
epoch 21 | val AUROC=0.9868 AUPRC=0.9879 Precision=0.9553 Recall=0.9360
epoch 22 | val AUROC=0.9875 AUPRC=0.9895 Precision=0.9588 Recall=0.9394
epoch 23 | val AUROC=0.9883 AUPRC=0.9898 Precision=0.9320 Recall=0.9697
epoch 24 | val AUROC=0.9904 AUPRC=0.9911 Precision=0.9617 Recall=0.9293
epoch 25 | val AUROC=0.9894 AUPRC=0.9909 Precision=0.9720 Recall=0.9360
epoch 26 | val AUROC=0.9865 AUPRC=0.9881 Precision=0.9682 Recall=0.9226
epoch 27 | val AUROC=0.9877 AUPRC=0.9890 Precision=0.9283 Recall=0.9596
epoch 28 | val AUROC=0.9873 AUPRC=0.9890 Precision=0.9135 Recall=0.9596
epoch 29 | val AUROC=0.9885 AUPRC=0.9892 Precision=0.9356 Recall=0.9293
epoch 30 | val AUROC=0.9881 AUPRC=0.9884 Precision=0.9673 Recall=0.8956
epoch 31 | val AUROC=0.9874 AUPRC=0.9890 Precision=0.9307 Recall=0.9495
epoch 32 | val AUROC=0.9853 AUPRC=0.9845 Precision=0.9122 Recall=0.9798
epoch 33 | val AUROC=0.9885 AUPRC=0.9893 Precision=0.9655 Recall=0.9428
epoch 34 | val AUROC=0.9858 AUPRC=0.9868 Precision=0.9476 Recall=0.9125
epoch 35 | val AUROC=0.9886 AUPRC=0.9897 Precision=0.8899 Recall=0.9798
epoch 36 | val AUROC=0.9880 AUPRC=0.9887 Precision=0.9740 Recall=0.8822
epoch 37 | val AUROC=0.9898 AUPRC=0.9903 Precision=0.8936 Recall=0.9899
epoch 38 | val AUROC=0.9898 AUPRC=0.9903 Precision=0.9283 Recall=0.9596
epoch 39 | val AUROC=0.9897 AUPRC=0.9911 Precision=0.9718 Recall=0.9293
epoch 40 | val AUROC=0.9885 AUPRC=0.9901 Precision=0.9553 Recall=0.9360
epoch 41 | val AUROC=0.9871 AUPRC=0.9894 Precision=0.9371 Recall=0.9529
epoch 42 | val AUROC=0.9872 AUPRC=0.9881 Precision=0.9410 Recall=0.9663
epoch 43 | val AUROC=0.9887 AUPRC=0.9896 Precision=0.9206 Recall=0.9764
epoch 44 | val AUROC=0.9908 AUPRC=0.9917 Precision=0.9435 Recall=0.9562
epoch 45 | val AUROC=0.9896 AUPRC=0.9900 Precision=0.9283 Recall=0.9596
epoch 46 | val AUROC=0.9877 AUPRC=0.9889 Precision=0.9221 Recall=0.9562
epoch 47 | val AUROC=0.9877 AUPRC=0.9891 Precision=0.9338 Recall=0.9495
epoch 48 | val AUROC=0.9856 AUPRC=0.9873 Precision=0.9448 Recall=0.9226
epoch 49 | val AUROC=0.9829 AUPRC=0.9847 Precision=0.9329 Recall=0.9360
epoch 50 | val AUROC=0.9893 AUPRC=0.9899 Precision=0.9493 Recall=0.9461
epoch 51 | val AUROC=0.9866 AUPRC=0.9871 Precision=0.9172 Recall=0.9697
epoch 52 | val AUROC=0.9893 AUPRC=0.9897 Precision=0.9260 Recall=0.9697
epoch 53 | val AUROC=0.9882 AUPRC=0.9887 Precision=0.9146 Recall=0.9731
epoch 54 | val AUROC=0.9894 AUPRC=0.9896 Precision=0.9082 Recall=0.9663
epoch 55 | val AUROC=0.9837 AUPRC=0.9835 Precision=0.9238 Recall=0.9394
epoch 56 | val AUROC=0.9845 AUPRC=0.9860 Precision=0.9035 Recall=0.9461
epoch 57 | val AUROC=0.9873 AUPRC=0.9880 Precision=0.8694 Recall=0.9865
epoch 58 | val AUROC=0.9887 AUPRC=0.9896 Precision=0.9394 Recall=0.9394
epoch 59 | val AUROC=0.9877 AUPRC=0.9881 Precision=0.9369 Recall=0.9495
epoch 60 | val AUROC=0.9880 AUPRC=0.9882 Precision=0.9396 Recall=0.9428
epoch 61 | val AUROC=0.9885 AUPRC=0.9888 Precision=0.9196 Recall=0.9630
epoch 62 | val AUROC=0.9905 AUPRC=0.9910 Precision=0.9524 Recall=0.9428
epoch 63 | val AUROC=0.9866 AUPRC=0.9882 Precision=0.9814 Recall=0.8889
epoch 64 | val AUROC=0.9855 AUPRC=0.9863 Precision=0.8954 Recall=0.9798
epoch 65 | val AUROC=0.9874 AUPRC=0.9877 Precision=0.9643 Recall=0.9091
epoch 66 | val AUROC=0.9857 AUPRC=0.9864 Precision=0.9272 Recall=0.9428
epoch 67 | val AUROC=0.9856 AUPRC=0.9871 Precision=0.9295 Recall=0.9327
epoch 68 | val AUROC=0.9870 AUPRC=0.9876 Precision=0.9311 Recall=0.9562
epoch 69 | val AUROC=0.9850 AUPRC=0.9850 Precision=0.9302 Recall=0.9428
epoch 70 | val AUROC=0.9877 AUPRC=0.9887 Precision=0.9754 Recall=0.9360
epoch 71 | val AUROC=0.9878 AUPRC=0.9891 Precision=0.9258 Recall=0.9663
epoch 72 | val AUROC=0.9873 AUPRC=0.9880 Precision=0.9167 Recall=0.9630
epoch 73 | val AUROC=0.9839 AUPRC=0.9845 Precision=0.9400 Recall=0.9495
epoch 74 | val AUROC=0.9880 AUPRC=0.9894 Precision=0.9590 Recall=0.9461
epoch 75 | val AUROC=0.9894 AUPRC=0.9900 Precision=0.9588 Recall=0.9394
epoch 76 | val AUROC=0.9865 AUPRC=0.9871 Precision=0.8981 Recall=0.9798
epoch 77 | val AUROC=0.9870 AUPRC=0.9883 Precision=0.9450 Recall=0.9259
epoch 78 | val AUROC=0.9876 AUPRC=0.9890 Precision=0.9267 Recall=0.9360
epoch 79 | val AUROC=0.9864 AUPRC=0.9876 Precision=0.9456 Recall=0.9360
epoch 80 | val AUROC=0.9883 AUPRC=0.9896 Precision=0.9290 Recall=0.9697
epoch 81 | val AUROC=0.9868 AUPRC=0.9874 Precision=0.9577 Recall=0.9158
epoch 82 | val AUROC=0.9867 AUPRC=0.9887 Precision=0.9428 Recall=0.9428
epoch 83 | val AUROC=0.9876 AUPRC=0.9885 Precision=0.9522 Recall=0.9394
[FIND BEST!] epoch 84 | val AUROC=0.9921 AUPRC=0.9925 Precision=0.9592 Recall=0.9495|
test AUROC=0.9748 AUPRC=0.9744 Precision=0.9321 Recall=0.9355
epoch 85 | val AUROC=0.9889 AUPRC=0.9897 Precision=0.9654 Recall=0.9394
epoch 86 | val AUROC=0.9876 AUPRC=0.9890 Precision=0.9309 Recall=0.9529
epoch 87 | val AUROC=0.9882 AUPRC=0.9897 Precision=0.9550 Recall=0.9293
epoch 88 | val AUROC=0.9905 AUPRC=0.9913 Precision=0.9585 Recall=0.9327
epoch 89 | val AUROC=0.9902 AUPRC=0.9909 Precision=0.9263 Recall=0.9731
epoch 90 | val AUROC=0.9886 AUPRC=0.9893 Precision=0.9809 Recall=0.8653
epoch 91 | val AUROC=0.9895 AUPRC=0.9907 Precision=0.9094 Recall=0.9798
epoch 92 | val AUROC=0.9864 AUPRC=0.9880 Precision=0.9507 Recall=0.9091
epoch 93 | val AUROC=0.9881 AUPRC=0.9889 Precision=0.9408 Recall=0.9630
epoch 94 | val AUROC=0.9883 AUPRC=0.9894 Precision=0.9431 Recall=0.9495
epoch 95 | val AUROC=0.9874 AUPRC=0.9885 Precision=0.9431 Recall=0.9495
epoch 96 | val AUROC=0.9902 AUPRC=0.9911 Precision=0.9402 Recall=0.9529
epoch 97 | val AUROC=0.9878 AUPRC=0.9886 Precision=0.9371 Recall=0.9529
epoch 98 | val AUROC=0.9875 AUPRC=0.9883 Precision=0.9311 Recall=0.9562
epoch 99 | val AUROC=0.9892 AUPRC=0.9900 Precision=0.9650 Recall=0.9293
epoch 100 | val AUROC=0.9884 AUPRC=0.9897 Precision=0.9105 Recall=0.9596
epoch 101 | val AUROC=0.9873 AUPRC=0.9887 Precision=0.9459 Recall=0.9428
epoch 102 | val AUROC=0.9886 AUPRC=0.9898 Precision=0.9431 Recall=0.9495
epoch 103 | val AUROC=0.9881 AUPRC=0.9893 Precision=0.9283 Recall=0.9596
epoch 104 | val AUROC=0.9883 AUPRC=0.9896 Precision=0.9521 Recall=0.9360
epoch 105 | val AUROC=0.9878 AUPRC=0.9884 Precision=0.9346 Recall=0.9630
epoch 106 | val AUROC=0.9866 AUPRC=0.9874 Precision=0.9223 Recall=0.9596
epoch 107 | val AUROC=0.9907 AUPRC=0.9920 Precision=0.9527 Recall=0.9495
[FIND BEST!] epoch 108 | val AUROC=0.9923 AUPRC=0.9929 Precision=0.9623 Recall=0.9461|
test AUROC=0.9769 AUPRC=0.9781 Precision=0.9526 Recall=0.9355
epoch 109 | val AUROC=0.9908 AUPRC=0.9915 Precision=0.9248 Recall=0.9529
epoch 110 | val AUROC=0.9884 AUPRC=0.9905 Precision=0.9467 Recall=0.9562
epoch 111 | val AUROC=0.9897 AUPRC=0.9910 Precision=0.9228 Recall=0.9663
epoch 112 | val AUROC=0.9895 AUPRC=0.9907 Precision=0.9519 Recall=0.9327
epoch 113 | val AUROC=0.9899 AUPRC=0.9912 Precision=0.9431 Recall=0.9495
epoch 114 | val AUROC=0.9890 AUPRC=0.9901 Precision=0.9586 Recall=0.9360
epoch 115 | val AUROC=0.9882 AUPRC=0.9900 Precision=0.9522 Recall=0.9394
epoch 116 | val AUROC=0.9872 AUPRC=0.9893 Precision=0.9362 Recall=0.9394
epoch 117 | val AUROC=0.9893 AUPRC=0.9901 Precision=0.9580 Recall=0.9226
epoch 118 | val AUROC=0.9883 AUPRC=0.9896 Precision=0.9199 Recall=0.9663
epoch 119 | val AUROC=0.9896 AUPRC=0.9913 Precision=0.9689 Recall=0.9428
epoch 120 | val AUROC=0.9878 AUPRC=0.9894 Precision=0.9527 Recall=0.9495
epoch 121 | val AUROC=0.9908 AUPRC=0.9921 Precision=0.9233 Recall=0.9731
epoch 122 | val AUROC=0.9904 AUPRC=0.9912 Precision=0.9379 Recall=0.9663
epoch 123 | val AUROC=0.9873 AUPRC=0.9881 Precision=0.9690 Recall=0.9461
epoch 124 | val AUROC=0.9900 AUPRC=0.9905 Precision=0.9615 Recall=0.9259
epoch 125 | val AUROC=0.9908 AUPRC=0.9915 Precision=0.9253 Recall=0.9596
epoch 126 | val AUROC=0.9901 AUPRC=0.9912 Precision=0.9583 Recall=0.9293
epoch 127 | val AUROC=0.9885 AUPRC=0.9896 Precision=0.9331 Recall=0.9394
epoch 128 | val AUROC=0.9895 AUPRC=0.9903 Precision=0.9424 Recall=0.9360
epoch 129 | val AUROC=0.9892 AUPRC=0.9895 Precision=0.9186 Recall=0.9495
epoch 130 | val AUROC=0.9902 AUPRC=0.9907 Precision=0.9589 Recall=0.9428
epoch 131 | val AUROC=0.9904 AUPRC=0.9909 Precision=0.9340 Recall=0.9529
epoch 132 | val AUROC=0.9895 AUPRC=0.9892 Precision=0.9549 Recall=0.9259
epoch 133 | val AUROC=0.9912 AUPRC=0.9914 Precision=0.9379 Recall=0.9663
epoch 134 | val AUROC=0.9878 AUPRC=0.9892 Precision=0.9618 Recall=0.9327
epoch 135 | val AUROC=0.9888 AUPRC=0.9893 Precision=0.9054 Recall=0.9663
epoch 136 | val AUROC=0.9849 AUPRC=0.9834 Precision=0.9022 Recall=0.9630
epoch 137 | val AUROC=0.9863 AUPRC=0.9865 Precision=0.9649 Recall=0.9259
epoch 138 | val AUROC=0.9857 AUPRC=0.9844 Precision=0.9091 Recall=0.9764
epoch 139 | val AUROC=0.9886 AUPRC=0.9883 Precision=0.9617 Recall=0.9293
epoch 140 | val AUROC=0.9901 AUPRC=0.9908 Precision=0.9028 Recall=0.9697
epoch 141 | val AUROC=0.9875 AUPRC=0.9877 Precision=0.9529 Recall=0.9529
epoch 142 | val AUROC=0.9880 AUPRC=0.9882 Precision=0.9488 Recall=0.9360
epoch 143 | val AUROC=0.9901 AUPRC=0.9905 Precision=0.9270 Recall=0.9832
epoch 144 | val AUROC=0.9890 AUPRC=0.9894 Precision=0.9034 Recall=0.9764
epoch 145 | val AUROC=0.9896 AUPRC=0.9899 Precision=0.9367 Recall=0.9461
epoch 146 | val AUROC=0.9886 AUPRC=0.9895 Precision=0.9369 Recall=0.9495
epoch 147 | val AUROC=0.9892 AUPRC=0.9901 Precision=0.9497 Recall=0.9529
epoch 148 | val AUROC=0.9910 AUPRC=0.9913 Precision=0.9437 Recall=0.9596
epoch 149 | val AUROC=0.9913 AUPRC=0.9917 Precision=0.9623 Recall=0.9461
epoch 150 | val AUROC=0.9877 AUPRC=0.9883 Precision=0.9527 Recall=0.9495
epoch 151 | val AUROC=0.9887 AUPRC=0.9895 Precision=0.9555 Recall=0.9394
epoch 152 | val AUROC=0.9904 AUPRC=0.9906 Precision=0.9468 Recall=0.9596
epoch 153 | val AUROC=0.9913 AUPRC=0.9916 Precision=0.9502 Recall=0.9630
epoch 154 | val AUROC=0.9895 AUPRC=0.9905 Precision=0.9493 Recall=0.9461
epoch 155 | val AUROC=0.9882 AUPRC=0.9896 Precision=0.9459 Recall=0.9428
epoch 156 | val AUROC=0.9906 AUPRC=0.9919 Precision=0.9468 Recall=0.9596
epoch 157 | val AUROC=0.9903 AUPRC=0.9909 Precision=0.9684 Recall=0.9293
epoch 158 | val AUROC=0.9921 AUPRC=0.9928 Precision=0.9443 Recall=0.9697
[FIND BEST!] epoch 159 | val AUROC=0.9927 AUPRC=0.9927 Precision=0.9599 Recall=0.9663|
test AUROC=0.9765 AUPRC=0.9754 Precision=0.9357 Recall=0.9391
epoch 160 | val AUROC=0.9919 AUPRC=0.9919 Precision=0.9595 Recall=0.9562
epoch 161 | val AUROC=0.9906 AUPRC=0.9902 Precision=0.9626 Recall=0.9529
epoch 162 | val AUROC=0.9907 AUPRC=0.9896 Precision=0.9519 Recall=0.9327
epoch 163 | val AUROC=0.9914 AUPRC=0.9909 Precision=0.9377 Recall=0.9630
epoch 164 | val AUROC=0.9899 AUPRC=0.9902 Precision=0.9404 Recall=0.9562
epoch 165 | val AUROC=0.9907 AUPRC=0.9913 Precision=0.9524 Recall=0.9428
epoch 166 | val AUROC=0.9904 AUPRC=0.9906 Precision=0.9650 Recall=0.9293
epoch 167 | val AUROC=0.9914 AUPRC=0.9918 Precision=0.9585 Recall=0.9327
epoch 168 | val AUROC=0.9918 AUPRC=0.9925 Precision=0.9558 Recall=0.9461
epoch 169 | val AUROC=0.9899 AUPRC=0.9908 Precision=0.9344 Recall=0.9596
epoch 170 | val AUROC=0.9892 AUPRC=0.9904 Precision=0.9492 Recall=0.9428
epoch 171 | val AUROC=0.9904 AUPRC=0.9912 Precision=0.9792 Recall=0.9495
epoch 172 | val AUROC=0.9909 AUPRC=0.9915 Precision=0.9502 Recall=0.9630
epoch 173 | val AUROC=0.9923 AUPRC=0.9930 Precision=0.9527 Recall=0.9495
[FIND BEST!] epoch 174 | val AUROC=0.9929 AUPRC=0.9936 Precision=0.9439 Recall=0.9630|
test AUROC=0.9803 AUPRC=0.9775 Precision=0.9038 Recall=0.9427
epoch 175 | val AUROC=0.9928 AUPRC=0.9937 Precision=0.9562 Recall=0.9562
epoch 176 | val AUROC=0.9921 AUPRC=0.9930 Precision=0.9623 Recall=0.9461
epoch 177 | val AUROC=0.9910 AUPRC=0.9917 Precision=0.9689 Recall=0.9428
epoch 178 | val AUROC=0.9923 AUPRC=0.9926 Precision=0.9555 Recall=0.9394
epoch 179 | val AUROC=0.9909 AUPRC=0.9905 Precision=0.9558 Recall=0.9461
epoch 180 | val AUROC=0.9900 AUPRC=0.9894 Precision=0.9435 Recall=0.9562
epoch 181 | val AUROC=0.9887 AUPRC=0.9880 Precision=0.9498 Recall=0.9562
epoch 182 | val AUROC=0.9915 AUPRC=0.9913 Precision=0.9625 Recall=0.9495
epoch 183 | val AUROC=0.9912 AUPRC=0.9914 Precision=0.9561 Recall=0.9529
epoch 184 | val AUROC=0.9913 AUPRC=0.9915 Precision=0.9404 Recall=0.9562
epoch 185 | val AUROC=0.9885 AUPRC=0.9877 Precision=0.9530 Recall=0.9562
epoch 186 | val AUROC=0.9886 AUPRC=0.9881 Precision=0.9493 Recall=0.9461
epoch 187 | val AUROC=0.9889 AUPRC=0.9877 Precision=0.9467 Recall=0.9562
epoch 188 | val AUROC=0.9891 AUPRC=0.9880 Precision=0.9589 Recall=0.9428
epoch 189 | val AUROC=0.9891 AUPRC=0.9867 Precision=0.9527 Recall=0.9495
epoch 190 | val AUROC=0.9894 AUPRC=0.9887 Precision=0.9406 Recall=0.9596
epoch 191 | val AUROC=0.9880 AUPRC=0.9861 Precision=0.9653 Recall=0.9360
epoch 192 | val AUROC=0.9890 AUPRC=0.9883 Precision=0.9318 Recall=0.9663
epoch 193 | val AUROC=0.9904 AUPRC=0.9895 Precision=0.9500 Recall=0.9596
epoch 194 | val AUROC=0.9919 AUPRC=0.9916 Precision=0.9593 Recall=0.9529
epoch 195 | val AUROC=0.9922 AUPRC=0.9917 Precision=0.9562 Recall=0.9562
epoch 196 | val AUROC=0.9923 AUPRC=0.9917 Precision=0.9530 Recall=0.9562
epoch 197 | val AUROC=0.9920 AUPRC=0.9913 Precision=0.9656 Recall=0.9461
epoch 198 | val AUROC=0.9898 AUPRC=0.9884 Precision=0.9470 Recall=0.9630
epoch 199 | val AUROC=0.9905 AUPRC=0.9898 Precision=0.9625 Recall=0.9495
epoch 200 | val AUROC=0.9906 AUPRC=0.9903 Precision=0.9497 Recall=0.9529
epoch 201 | val AUROC=0.9924 AUPRC=0.9925 Precision=0.9723 Recall=0.9461
epoch 202 | val AUROC=0.9869 AUPRC=0.9847 Precision=0.9260 Recall=0.9697
epoch 203 | val AUROC=0.9888 AUPRC=0.9889 Precision=0.9559 Recall=0.9495
epoch 204 | val AUROC=0.9896 AUPRC=0.9889 Precision=0.9492 Recall=0.9428
epoch 205 | val AUROC=0.9916 AUPRC=0.9919 Precision=0.9377 Recall=0.9630
epoch 206 | val AUROC=0.9920 AUPRC=0.9915 Precision=0.9685 Recall=0.9327
epoch 207 | val AUROC=0.9897 AUPRC=0.9891 Precision=0.9410 Recall=0.9663
epoch 208 | val AUROC=0.9896 AUPRC=0.9897 Precision=0.9564 Recall=0.9596
epoch 209 | val AUROC=0.9913 AUPRC=0.9914 Precision=0.9533 Recall=0.9630
epoch 210 | val AUROC=0.9918 AUPRC=0.9921 Precision=0.9623 Recall=0.9461
epoch 211 | val AUROC=0.9893 AUPRC=0.9900 Precision=0.9320 Recall=0.9697
epoch 212 | val AUROC=0.9922 AUPRC=0.9924 Precision=0.9524 Recall=0.9428
epoch 213 | val AUROC=0.9925 AUPRC=0.9926 Precision=0.9562 Recall=0.9562
epoch 214 | val AUROC=0.9928 AUPRC=0.9928 Precision=0.9530 Recall=0.9562
epoch 215 | val AUROC=0.9907 AUPRC=0.9905 Precision=0.9721 Recall=0.9394
epoch 216 | val AUROC=0.9902 AUPRC=0.9905 Precision=0.9626 Recall=0.9529
[FIND BEST!] epoch 217 | val AUROC=0.9931 AUPRC=0.9930 Precision=0.9626 Recall=0.9529|
test AUROC=0.9763 AUPRC=0.9761 Precision=0.9225 Recall=0.9391
epoch 218 | val AUROC=0.9886 AUPRC=0.9892 Precision=0.9650 Recall=0.9293
epoch 219 | val AUROC=0.9926 AUPRC=0.9926 Precision=0.9659 Recall=0.9529
epoch 220 | val AUROC=0.9916 AUPRC=0.9919 Precision=0.9433 Recall=0.9529
epoch 221 | val AUROC=0.9909 AUPRC=0.9912 Precision=0.9532 Recall=0.9596
epoch 222 | val AUROC=0.9909 AUPRC=0.9914 Precision=0.9529 Recall=0.9529
epoch 223 | val AUROC=0.9909 AUPRC=0.9911 Precision=0.9535 Recall=0.9663
epoch 224 | val AUROC=0.9899 AUPRC=0.9900 Precision=0.9498 Recall=0.9562
epoch 225 | val AUROC=0.9903 AUPRC=0.9903 Precision=0.9441 Recall=0.9663
epoch 226 | val AUROC=0.9891 AUPRC=0.9895 Precision=0.9561 Recall=0.9529
epoch 227 | val AUROC=0.9878 AUPRC=0.9887 Precision=0.9468 Recall=0.9596
epoch 228 | val AUROC=0.9882 AUPRC=0.9883 Precision=0.9472 Recall=0.9663
epoch 229 | val AUROC=0.9909 AUPRC=0.9913 Precision=0.9527 Recall=0.9495
[FIND BEST!] epoch 230 | val AUROC=0.9933 AUPRC=0.9934 Precision=0.9532 Recall=0.9596|
test AUROC=0.9771 AUPRC=0.9761 Precision=0.9547 Recall=0.9068
epoch 231 | val AUROC=0.9916 AUPRC=0.9915 Precision=0.9498 Recall=0.9562
epoch 232 | val AUROC=0.9922 AUPRC=0.9926 Precision=0.9497 Recall=0.9529
epoch 233 | val AUROC=0.9916 AUPRC=0.9915 Precision=0.9283 Recall=0.9596
epoch 234 | val AUROC=0.9910 AUPRC=0.9911 Precision=0.9318 Recall=0.9663
epoch 235 | val AUROC=0.9912 AUPRC=0.9913 Precision=0.9402 Recall=0.9529
epoch 236 | val AUROC=0.9881 AUPRC=0.9835 Precision=0.9586 Recall=0.9360
epoch 237 | val AUROC=0.9856 AUPRC=0.9791 Precision=0.9248 Recall=0.9529
epoch 238 | val AUROC=0.9846 AUPRC=0.9833 Precision=0.9579 Recall=0.9192
epoch 239 | val AUROC=0.9864 AUPRC=0.9865 Precision=0.9253 Recall=0.9596
epoch 240 | val AUROC=0.9863 AUPRC=0.9874 Precision=0.9682 Recall=0.9226
epoch 241 | val AUROC=0.9878 AUPRC=0.9887 Precision=0.9420 Recall=0.9293
epoch 242 | val AUROC=0.9866 AUPRC=0.9877 Precision=0.9213 Recall=0.9461
epoch 243 | val AUROC=0.9881 AUPRC=0.9890 Precision=0.9426 Recall=0.9394
epoch 244 | val AUROC=0.9873 AUPRC=0.9880 Precision=0.9422 Recall=0.9327
epoch 245 | val AUROC=0.9881 AUPRC=0.9892 Precision=0.9486 Recall=0.9327
epoch 246 | val AUROC=0.9890 AUPRC=0.9900 Precision=0.9233 Recall=0.9327
epoch 247 | val AUROC=0.9892 AUPRC=0.9901 Precision=0.9340 Recall=0.9529
epoch 248 | val AUROC=0.9898 AUPRC=0.9905 Precision=0.9468 Recall=0.9596
epoch 249 | val AUROC=0.9911 AUPRC=0.9918 Precision=0.9406 Recall=0.9596
epoch 250 | val AUROC=0.9910 AUPRC=0.9914 Precision=0.9684 Recall=0.9293
epoch 251 | val AUROC=0.9884 AUPRC=0.9897 Precision=0.9550 Recall=0.9293
epoch 252 | val AUROC=0.9913 AUPRC=0.9921 Precision=0.9529 Recall=0.9529
epoch 253 | val AUROC=0.9910 AUPRC=0.9913 Precision=0.9586 Recall=0.9360
epoch 254 | val AUROC=0.9907 AUPRC=0.9910 Precision=0.9456 Recall=0.9360
epoch 255 | val AUROC=0.9920 AUPRC=0.9924 Precision=0.9558 Recall=0.9461
epoch 256 | val AUROC=0.9906 AUPRC=0.9915 Precision=0.9680 Recall=0.9158
epoch 257 | val AUROC=0.9915 AUPRC=0.9921 Precision=0.9340 Recall=0.9529
epoch 258 | val AUROC=0.9914 AUPRC=0.9916 Precision=0.9618 Recall=0.9327
epoch 259 | val AUROC=0.9908 AUPRC=0.9916 Precision=0.9492 Recall=0.9428
epoch 260 | val AUROC=0.9918 AUPRC=0.9922 Precision=0.9585 Recall=0.9327
epoch 261 | val AUROC=0.9920 AUPRC=0.9924 Precision=0.9593 Recall=0.9529
epoch 262 | val AUROC=0.9915 AUPRC=0.9917 Precision=0.9618 Recall=0.9327
epoch 263 | val AUROC=0.9916 AUPRC=0.9916 Precision=0.9650 Recall=0.9293
epoch 264 | val AUROC=0.9925 AUPRC=0.9927 Precision=0.9493 Recall=0.9461
[FIND BEST!] epoch 265 | val AUROC=0.9934 AUPRC=0.9936 Precision=0.9593 Recall=0.9529|
test AUROC=0.9781 AUPRC=0.9754 Precision=0.9384 Recall=0.9283
[FIND BEST!] epoch 266 | val AUROC=0.9938 AUPRC=0.9939 Precision=0.9561 Recall=0.9529|
test AUROC=0.9792 AUPRC=0.9756 Precision=0.9288 Recall=0.9355
epoch 267 | val AUROC=0.9918 AUPRC=0.9922 Precision=0.9535 Recall=0.9663
epoch 268 | val AUROC=0.9921 AUPRC=0.9923 Precision=0.9590 Recall=0.9461
epoch 269 | val AUROC=0.9919 AUPRC=0.9920 Precision=0.9586 Recall=0.9360
epoch 270 | val AUROC=0.9894 AUPRC=0.9903 Precision=0.9648 Recall=0.9226
epoch 271 | val AUROC=0.9900 AUPRC=0.9914 Precision=0.9458 Recall=0.9394
epoch 272 | val AUROC=0.9904 AUPRC=0.9920 Precision=0.9435 Recall=0.9562
epoch 273 | val AUROC=0.9900 AUPRC=0.9917 Precision=0.9588 Recall=0.9394
epoch 274 | val AUROC=0.9896 AUPRC=0.9909 Precision=0.9385 Recall=0.9764
epoch 275 | val AUROC=0.9896 AUPRC=0.9911 Precision=0.9618 Recall=0.9327
epoch 276 | val AUROC=0.9872 AUPRC=0.9887 Precision=0.9618 Recall=0.9327
epoch 277 | val AUROC=0.9885 AUPRC=0.9899 Precision=0.9402 Recall=0.9529
epoch 278 | val AUROC=0.9879 AUPRC=0.9899 Precision=0.9680 Recall=0.9158
epoch 279 | val AUROC=0.9881 AUPRC=0.9896 Precision=0.9433 Recall=0.9529
epoch 280 | val AUROC=0.9889 AUPRC=0.9898 Precision=0.9522 Recall=0.9394
epoch 281 | val AUROC=0.9905 AUPRC=0.9910 Precision=0.9589 Recall=0.9428
epoch 282 | val AUROC=0.9902 AUPRC=0.9913 Precision=0.9590 Recall=0.9461
epoch 283 | val AUROC=0.9883 AUPRC=0.9895 Precision=0.9497 Recall=0.9529
epoch 284 | val AUROC=0.9900 AUPRC=0.9910 Precision=0.9562 Recall=0.9562
epoch 285 | val AUROC=0.9902 AUPRC=0.9914 Precision=0.9590 Recall=0.9461
epoch 286 | val AUROC=0.9906 AUPRC=0.9918 Precision=0.9595 Recall=0.9562
epoch 287 | val AUROC=0.9881 AUPRC=0.9890 Precision=0.9404 Recall=0.9562
epoch 288 | val AUROC=0.9888 AUPRC=0.9906 Precision=0.9561 Recall=0.9529
epoch 289 | val AUROC=0.9846 AUPRC=0.9856 Precision=0.9279 Recall=0.9529
epoch 290 | val AUROC=0.9903 AUPRC=0.9915 Precision=0.9559 Recall=0.9495
epoch 291 | val AUROC=0.9893 AUPRC=0.9905 Precision=0.9406 Recall=0.9596
epoch 292 | val AUROC=0.9817 AUPRC=0.9854 Precision=0.9645 Recall=0.9158
epoch 293 | val AUROC=0.9878 AUPRC=0.9895 Precision=0.9293 Recall=0.9731
epoch 294 | val AUROC=0.9881 AUPRC=0.9898 Precision=0.9653 Recall=0.9360
epoch 295 | val AUROC=0.9860 AUPRC=0.9885 Precision=0.9463 Recall=0.9495
epoch 296 | val AUROC=0.9889 AUPRC=0.9905 Precision=0.9406 Recall=0.9596
epoch 297 | val AUROC=0.9900 AUPRC=0.9911 Precision=0.9529 Recall=0.9529
epoch 298 | val AUROC=0.9894 AUPRC=0.9910 Precision=0.9589 Recall=0.9428
epoch 299 | val AUROC=0.9896 AUPRC=0.9911 Precision=0.9435 Recall=0.9562
epoch 300 | val AUROC=0.9894 AUPRC=0.9910 Precision=0.9437 Recall=0.9596
epoch 301 | val AUROC=0.9896 AUPRC=0.9907 Precision=0.9400 Recall=0.9495
epoch 302 | val AUROC=0.9914 AUPRC=0.9922 Precision=0.9530 Recall=0.9562
epoch 303 | val AUROC=0.9906 AUPRC=0.9918 Precision=0.9493 Recall=0.9461
epoch 304 | val AUROC=0.9904 AUPRC=0.9916 Precision=0.9495 Recall=0.9495
epoch 305 | val AUROC=0.9900 AUPRC=0.9913 Precision=0.9585 Recall=0.9327
epoch 306 | val AUROC=0.9892 AUPRC=0.9907 Precision=0.9556 Recall=0.9428
epoch 307 | val AUROC=0.9888 AUPRC=0.9904 Precision=0.9593 Recall=0.9529
epoch 308 | val AUROC=0.9879 AUPRC=0.9898 Precision=0.9655 Recall=0.9428
epoch 309 | val AUROC=0.9900 AUPRC=0.9911 Precision=0.9564 Recall=0.9596
epoch 310 | val AUROC=0.9907 AUPRC=0.9916 Precision=0.9592 Recall=0.9495
epoch 311 | val AUROC=0.9902 AUPRC=0.9911 Precision=0.9588 Recall=0.9394
epoch 312 | val AUROC=0.9913 AUPRC=0.9922 Precision=0.9649 Recall=0.9259
epoch 313 | val AUROC=0.9898 AUPRC=0.9910 Precision=0.9592 Recall=0.9495
epoch 314 | val AUROC=0.9900 AUPRC=0.9909 Precision=0.9527 Recall=0.9495
epoch 315 | val AUROC=0.9900 AUPRC=0.9910 Precision=0.9556 Recall=0.9428
epoch 316 | val AUROC=0.9896 AUPRC=0.9908 Precision=0.9524 Recall=0.9428
epoch 317 | val AUROC=0.9905 AUPRC=0.9918 Precision=0.9525 Recall=0.9461
epoch 318 | val AUROC=0.9910 AUPRC=0.9918 Precision=0.9527 Recall=0.9495
epoch 319 | val AUROC=0.9843 AUPRC=0.9844 Precision=0.9490 Recall=0.9394
epoch 320 | val AUROC=0.9893 AUPRC=0.9903 Precision=0.9371 Recall=0.9529
epoch 321 | val AUROC=0.9892 AUPRC=0.9902 Precision=0.9336 Recall=0.9461
epoch 322 | val AUROC=0.9901 AUPRC=0.9917 Precision=0.9619 Recall=0.9360
epoch 323 | val AUROC=0.9896 AUPRC=0.9911 Precision=0.9248 Recall=0.9529
epoch 324 | val AUROC=0.9871 AUPRC=0.9886 Precision=0.9426 Recall=0.9394
epoch 325 | val AUROC=0.9838 AUPRC=0.9837 Precision=0.9461 Recall=0.9461
epoch 326 | val AUROC=0.9866 AUPRC=0.9864 Precision=0.9495 Recall=0.9495
epoch 327 | val AUROC=0.9867 AUPRC=0.9861 Precision=0.9615 Recall=0.9259
epoch 328 | val AUROC=0.9870 AUPRC=0.9870 Precision=0.9325 Recall=0.9764
epoch 329 | val AUROC=0.9899 AUPRC=0.9907 Precision=0.9459 Recall=0.9428
epoch 330 | val AUROC=0.9867 AUPRC=0.9869 Precision=0.9556 Recall=0.9428
epoch 331 | val AUROC=0.9792 AUPRC=0.9780 Precision=0.8944 Recall=0.9697
epoch 332 | val AUROC=0.9889 AUPRC=0.9903 Precision=0.9493 Recall=0.9461
epoch 333 | val AUROC=0.9888 AUPRC=0.9899 Precision=0.9404 Recall=0.9562
epoch 334 | val AUROC=0.9883 AUPRC=0.9893 Precision=0.9459 Recall=0.9428
epoch 335 | val AUROC=0.9888 AUPRC=0.9898 Precision=0.9318 Recall=0.9663
epoch 336 | val AUROC=0.9889 AUPRC=0.9901 Precision=0.9582 Recall=0.9259
epoch 337 | val AUROC=0.9895 AUPRC=0.9909 Precision=0.9465 Recall=0.9529
epoch 338 | val AUROC=0.9887 AUPRC=0.9903 Precision=0.9527 Recall=0.9495
epoch 339 | val AUROC=0.9907 AUPRC=0.9922 Precision=0.9618 Recall=0.9327
epoch 340 | val AUROC=0.9889 AUPRC=0.9904 Precision=0.9371 Recall=0.9529
epoch 341 | val AUROC=0.9902 AUPRC=0.9914 Precision=0.9719 Recall=0.9327
epoch 342 | val AUROC=0.9893 AUPRC=0.9904 Precision=0.9588 Recall=0.9394
epoch 343 | val AUROC=0.9899 AUPRC=0.9909 Precision=0.9529 Recall=0.9529
epoch 344 | val AUROC=0.9900 AUPRC=0.9910 Precision=0.9527 Recall=0.9495
epoch 345 | val AUROC=0.9900 AUPRC=0.9909 Precision=0.9522 Recall=0.9394
epoch 346 | val AUROC=0.9905 AUPRC=0.9917 Precision=0.9492 Recall=0.9428
epoch 347 | val AUROC=0.9897 AUPRC=0.9902 Precision=0.9318 Recall=0.9663
epoch 348 | val AUROC=0.9898 AUPRC=0.9903 Precision=0.9458 Recall=0.9394
epoch 349 | val AUROC=0.9914 AUPRC=0.9920 Precision=0.9340 Recall=0.9529
epoch 350 | val AUROC=0.9929 AUPRC=0.9935 Precision=0.9653 Recall=0.9360
epoch 351 | val AUROC=0.9907 AUPRC=0.9911 Precision=0.9439 Recall=0.9630
epoch 352 | val AUROC=0.9913 AUPRC=0.9915 Precision=0.9211 Recall=0.9832
epoch 353 | val AUROC=0.9910 AUPRC=0.9914 Precision=0.9558 Recall=0.9461
epoch 354 | val AUROC=0.9912 AUPRC=0.9920 Precision=0.9529 Recall=0.9529
epoch 355 | val AUROC=0.9911 AUPRC=0.9916 Precision=0.9495 Recall=0.9495
epoch 356 | val AUROC=0.9878 AUPRC=0.9875 Precision=0.9497 Recall=0.9529
epoch 357 | val AUROC=0.9883 AUPRC=0.9888 Precision=0.9344 Recall=0.9596
epoch 358 | val AUROC=0.9890 AUPRC=0.9904 Precision=0.9680 Recall=0.9158
epoch 359 | val AUROC=0.9900 AUPRC=0.9912 Precision=0.9437 Recall=0.9596
epoch 360 | val AUROC=0.9921 AUPRC=0.9924 Precision=0.9465 Recall=0.9529
epoch 361 | val AUROC=0.9887 AUPRC=0.9871 Precision=0.9595 Recall=0.9562
epoch 362 | val AUROC=0.9914 AUPRC=0.9919 Precision=0.9626 Recall=0.9529
epoch 363 | val AUROC=0.9880 AUPRC=0.9901 Precision=0.9406 Recall=0.9596
epoch 364 | val AUROC=0.9879 AUPRC=0.9885 Precision=0.9458 Recall=0.9394
epoch 365 | val AUROC=0.9886 AUPRC=0.9890 Precision=0.9649 Recall=0.9259
epoch 366 | val AUROC=0.9899 AUPRC=0.9906 Precision=0.9561 Recall=0.9529
epoch 367 | val AUROC=0.9894 AUPRC=0.9894 Precision=0.9470 Recall=0.9630
epoch 368 | val AUROC=0.9892 AUPRC=0.9886 Precision=0.9533 Recall=0.9630
epoch 369 | val AUROC=0.9898 AUPRC=0.9896 Precision=0.9689 Recall=0.9428
epoch 370 | val AUROC=0.9880 AUPRC=0.9878 Precision=0.9505 Recall=0.9697
epoch 371 | val AUROC=0.9902 AUPRC=0.9899 Precision=0.9656 Recall=0.9461
epoch 372 | val AUROC=0.9906 AUPRC=0.9906 Precision=0.9690 Recall=0.9461
epoch 373 | val AUROC=0.9893 AUPRC=0.9896 Precision=0.9502 Recall=0.9630
epoch 374 | val AUROC=0.9896 AUPRC=0.9896 Precision=0.9497 Recall=0.9529
epoch 375 | val AUROC=0.9903 AUPRC=0.9910 Precision=0.9559 Recall=0.9495
epoch 376 | val AUROC=0.9907 AUPRC=0.9916 Precision=0.9622 Recall=0.9428
epoch 377 | val AUROC=0.9897 AUPRC=0.9904 Precision=0.9493 Recall=0.9461
epoch 378 | val AUROC=0.9901 AUPRC=0.9902 Precision=0.9470 Recall=0.9630
epoch 379 | val AUROC=0.9885 AUPRC=0.9878 Precision=0.9785 Recall=0.9192
epoch 380 | val AUROC=0.9854 AUPRC=0.9858 Precision=0.9218 Recall=0.9529
epoch 381 | val AUROC=0.9885 AUPRC=0.9901 Precision=0.9589 Recall=0.9428
epoch 382 | val AUROC=0.9856 AUPRC=0.9873 Precision=0.9618 Recall=0.9327
epoch 383 | val AUROC=0.9879 AUPRC=0.9902 Precision=0.9468 Recall=0.9596
epoch 384 | val AUROC=0.9886 AUPRC=0.9904 Precision=0.9595 Recall=0.9562
epoch 385 | val AUROC=0.9882 AUPRC=0.9900 Precision=0.9500 Recall=0.9596
epoch 386 | val AUROC=0.9882 AUPRC=0.9897 Precision=0.9468 Recall=0.9596
epoch 387 | val AUROC=0.9897 AUPRC=0.9915 Precision=0.9467 Recall=0.9562
epoch 388 | val AUROC=0.9914 AUPRC=0.9928 Precision=0.9656 Recall=0.9461
epoch 389 | val AUROC=0.9910 AUPRC=0.9924 Precision=0.9465 Recall=0.9529
epoch 390 | val AUROC=0.9915 AUPRC=0.9927 Precision=0.9590 Recall=0.9461
epoch 391 | val AUROC=0.9917 AUPRC=0.9927 Precision=0.9495 Recall=0.9495
epoch 392 | val AUROC=0.9899 AUPRC=0.9910 Precision=0.9529 Recall=0.9529
epoch 393 | val AUROC=0.9893 AUPRC=0.9899 Precision=0.9495 Recall=0.9495
epoch 394 | val AUROC=0.9892 AUPRC=0.9894 Precision=0.9622 Recall=0.9428
epoch 395 | val AUROC=0.9887 AUPRC=0.9889 Precision=0.9559 Recall=0.9495
epoch 396 | val AUROC=0.9899 AUPRC=0.9907 Precision=0.9555 Recall=0.9394
epoch 397 | val AUROC=0.9896 AUPRC=0.9900 Precision=0.9463 Recall=0.9495
epoch 398 | val AUROC=0.9896 AUPRC=0.9901 Precision=0.9402 Recall=0.9529
epoch 399 | val AUROC=0.9903 AUPRC=0.9910 Precision=0.9492 Recall=0.9428
epoch 400 | val AUROC=0.9889 AUPRC=0.9893 Precision=0.9588 Recall=0.9394
epoch 401 | val AUROC=0.9857 AUPRC=0.9870 Precision=0.9450 Recall=0.9259
epoch 402 | val AUROC=0.9868 AUPRC=0.9875 Precision=0.9369 Recall=0.9495
epoch 403 | val AUROC=0.9872 AUPRC=0.9883 Precision=0.9684 Recall=0.9293
epoch 404 | val AUROC=0.9888 AUPRC=0.9897 Precision=0.9555 Recall=0.9394
epoch 405 | val AUROC=0.9897 AUPRC=0.9907 Precision=0.9558 Recall=0.9461
epoch 406 | val AUROC=0.9884 AUPRC=0.9895 Precision=0.9340 Recall=0.9529
epoch 407 | val AUROC=0.9888 AUPRC=0.9898 Precision=0.9524 Recall=0.9428
epoch 408 | val AUROC=0.9894 AUPRC=0.9903 Precision=0.9524 Recall=0.9428
epoch 409 | val AUROC=0.9892 AUPRC=0.9901 Precision=0.9367 Recall=0.9461
epoch 410 | val AUROC=0.9894 AUPRC=0.9904 Precision=0.9492 Recall=0.9428
epoch 411 | val AUROC=0.9878 AUPRC=0.9885 Precision=0.9431 Recall=0.9495
epoch 412 | val AUROC=0.9891 AUPRC=0.9902 Precision=0.9527 Recall=0.9495
epoch 413 | val AUROC=0.9867 AUPRC=0.9882 Precision=0.9400 Recall=0.9495
epoch 414 | val AUROC=0.9851 AUPRC=0.9863 Precision=0.9279 Recall=0.9529
epoch 415 | val AUROC=0.9857 AUPRC=0.9868 Precision=0.9430 Recall=0.9461
epoch 416 | val AUROC=0.9846 AUPRC=0.9851 Precision=0.9329 Recall=0.9360
epoch 417 | val AUROC=0.9867 AUPRC=0.9868 Precision=0.9369 Recall=0.9495
epoch 418 | val AUROC=0.9859 AUPRC=0.9862 Precision=0.9426 Recall=0.9394
epoch 419 | val AUROC=0.9855 AUPRC=0.9852 Precision=0.9585 Recall=0.9327
epoch 420 | val AUROC=0.9858 AUPRC=0.9861 Precision=0.9459 Recall=0.9428
epoch 421 | val AUROC=0.9871 AUPRC=0.9877 Precision=0.9525 Recall=0.9461
epoch 422 | val AUROC=0.9863 AUPRC=0.9871 Precision=0.9617 Recall=0.9293
epoch 423 | val AUROC=0.9874 AUPRC=0.9875 Precision=0.9521 Recall=0.9360
epoch 424 | val AUROC=0.9885 AUPRC=0.9894 Precision=0.9340 Recall=0.9529
epoch 425 | val AUROC=0.9885 AUPRC=0.9893 Precision=0.9458 Recall=0.9394
epoch 426 | val AUROC=0.9894 AUPRC=0.9901 Precision=0.9463 Recall=0.9495
epoch 427 | val AUROC=0.9899 AUPRC=0.9910 Precision=0.9435 Recall=0.9562
epoch 428 | val AUROC=0.9909 AUPRC=0.9916 Precision=0.9655 Recall=0.9428
epoch 429 | val AUROC=0.9890 AUPRC=0.9897 Precision=0.9433 Recall=0.9529
epoch 430 | val AUROC=0.9897 AUPRC=0.9905 Precision=0.9819 Recall=0.9125
epoch 431 | val AUROC=0.9875 AUPRC=0.9887 Precision=0.9398 Recall=0.9461
epoch 432 | val AUROC=0.9879 AUPRC=0.9892 Precision=0.9362 Recall=0.9394
epoch 433 | val AUROC=0.9872 AUPRC=0.9884 Precision=0.9390 Recall=0.9327
epoch 434 | val AUROC=0.9871 AUPRC=0.9875 Precision=0.9424 Recall=0.9360
epoch 435 | val AUROC=0.9860 AUPRC=0.9871 Precision=0.9586 Recall=0.9360
epoch 436 | val AUROC=0.9856 AUPRC=0.9843 Precision=0.9521 Recall=0.9360
epoch 437 | val AUROC=0.9817 AUPRC=0.9814 Precision=0.9420 Recall=0.9293
epoch 438 | val AUROC=0.9843 AUPRC=0.9838 Precision=0.9346 Recall=0.9630
epoch 439 | val AUROC=0.9876 AUPRC=0.9883 Precision=0.9530 Recall=0.9562
epoch 440 | val AUROC=0.9853 AUPRC=0.9852 Precision=0.9622 Recall=0.9428
epoch 441 | val AUROC=0.9863 AUPRC=0.9859 Precision=0.9529 Recall=0.9529
epoch 442 | val AUROC=0.9867 AUPRC=0.9870 Precision=0.9558 Recall=0.9461
epoch 443 | val AUROC=0.9831 AUPRC=0.9836 Precision=0.9426 Recall=0.9394
epoch 444 | val AUROC=0.9859 AUPRC=0.9862 Precision=0.9497 Recall=0.9529
epoch 445 | val AUROC=0.9884 AUPRC=0.9890 Precision=0.9529 Recall=0.9529
epoch 446 | val AUROC=0.9891 AUPRC=0.9896 Precision=0.9586 Recall=0.9360
epoch 447 | val AUROC=0.9839 AUPRC=0.9834 Precision=0.9398 Recall=0.9461
epoch 448 | val AUROC=0.9860 AUPRC=0.9854 Precision=0.9492 Recall=0.9428
epoch 449 | val AUROC=0.9875 AUPRC=0.9877 Precision=0.9558 Recall=0.9461
epoch 450 | val AUROC=0.9869 AUPRC=0.9877 Precision=0.9481 Recall=0.9226
epoch 451 | val AUROC=0.9846 AUPRC=0.9852 Precision=0.9550 Recall=0.9293
epoch 452 | val AUROC=0.9877 AUPRC=0.9891 Precision=0.9683 Recall=0.9259
epoch 453 | val AUROC=0.9900 AUPRC=0.9911 Precision=0.9463 Recall=0.9495
epoch 454 | val AUROC=0.9867 AUPRC=0.9873 Precision=0.9623 Recall=0.9461
epoch 455 | val AUROC=0.9858 AUPRC=0.9867 Precision=0.9589 Recall=0.9428
epoch 456 | val AUROC=0.9859 AUPRC=0.9870 Precision=0.9652 Recall=0.9327
epoch 457 | val AUROC=0.9851 AUPRC=0.9863 Precision=0.9618 Recall=0.9327
epoch 458 | val AUROC=0.9846 AUPRC=0.9851 Precision=0.9521 Recall=0.9360
epoch 459 | val AUROC=0.9834 AUPRC=0.9848 Precision=0.9752 Recall=0.9259
epoch 460 | val AUROC=0.9862 AUPRC=0.9871 Precision=0.9311 Recall=0.9562
epoch 461 | val AUROC=0.9866 AUPRC=0.9881 Precision=0.9621 Recall=0.9394
epoch 462 | val AUROC=0.9860 AUPRC=0.9878 Precision=0.9753 Recall=0.9293
epoch 463 | val AUROC=0.9836 AUPRC=0.9847 Precision=0.9586 Recall=0.9360
epoch 464 | val AUROC=0.9835 AUPRC=0.9838 Precision=0.9340 Recall=0.9529
epoch 465 | val AUROC=0.9862 AUPRC=0.9871 Precision=0.9686 Recall=0.9360
epoch 466 | val AUROC=0.9875 AUPRC=0.9882 Precision=0.9404 Recall=0.9562
early stopping at epoch 466
[02:02:57] DONE  HAG-DTA GIN
[02:02:57] ========== Human seed=3000 COMPLETE ==========
