[01:55:34] ========== Davis GraphDTA seed=3000 models=gin ==========
[01:55:34] START GraphDTA GIN
GraphDTA_GIN | davis | classic | cuda=cuda:0
LR=0.0005 epochs=1000 val_interval=1 patience=200

--- davis seed=3000 ---
Pre-processed data found: /root/autodl-tmp/HAG-DTA-cache/processed/davis_train.pt, loading ...
Pre-processed data found: /root/autodl-tmp/HAG-DTA-cache/processed/davis_test.pt, loading ...
/root/HAG-DTA/py38_env/lib/python3.8/site-packages/torch_geometric/deprecation.py:26: UserWarning: 'data.DenseDataLoader' is deprecated, use 'loader.DenseDataLoader' instead
  warnings.warn(out)
[FIND BEST!] epoch    1 | mse=0.7362 ci=0.6948 rm2=0.1362
[FIND BEST!] epoch    2 | mse=0.6315 ci=0.7633 rm2=0.2272
[FIND BEST!] epoch    3 | mse=0.6199 ci=0.7774 rm2=0.2591
epoch    4 | mse=0.7077 ci=0.7494 rm2=0.2410
[FIND BEST!] epoch    5 | mse=0.5291 ci=0.7909 rm2=0.3321
[FIND BEST!] epoch    6 | mse=0.4945 ci=0.8002 rm2=0.3797
[FIND BEST!] epoch    7 | mse=0.4519 ci=0.8161 rm2=0.4197
[FIND BEST!] epoch    8 | mse=0.4340 ci=0.8282 rm2=0.4655
epoch    9 | mse=0.4361 ci=0.8352 rm2=0.4438
[FIND BEST!] epoch   10 | mse=0.3882 ci=0.8383 rm2=0.5053
epoch   11 | mse=0.4228 ci=0.8499 rm2=0.4839
epoch   12 | mse=0.3993 ci=0.8443 rm2=0.5160
[FIND BEST!] epoch   13 | mse=0.3508 ci=0.8518 rm2=0.5295
epoch   14 | mse=0.4603 ci=0.8456 rm2=0.5167
epoch   15 | mse=0.3966 ci=0.8492 rm2=0.5420
epoch   16 | mse=0.3670 ci=0.8475 rm2=0.5478
[FIND BEST!] epoch   17 | mse=0.3389 ci=0.8515 rm2=0.5328
[FIND BEST!] epoch   18 | mse=0.3226 ci=0.8575 rm2=0.5515
epoch   19 | mse=0.3372 ci=0.8487 rm2=0.5292
epoch   20 | mse=0.3351 ci=0.8551 rm2=0.5480
[FIND BEST!] epoch   21 | mse=0.3145 ci=0.8654 rm2=0.5640
epoch   22 | mse=0.3768 ci=0.8593 rm2=0.5785
[FIND BEST!] epoch   23 | mse=0.2961 ci=0.8698 rm2=0.5963
epoch   24 | mse=0.3157 ci=0.8618 rm2=0.5931
epoch   25 | mse=0.3152 ci=0.8612 rm2=0.5546
epoch   26 | mse=0.3075 ci=0.8587 rm2=0.5872
epoch   27 | mse=0.3315 ci=0.8681 rm2=0.5616
epoch   28 | mse=0.3565 ci=0.8636 rm2=0.5492
epoch   29 | mse=0.2964 ci=0.8703 rm2=0.5836
epoch   30 | mse=0.3859 ci=0.8664 rm2=0.5750
epoch   31 | mse=0.3879 ci=0.8645 rm2=0.5451
epoch   32 | mse=0.3703 ci=0.8508 rm2=0.5565
epoch   33 | mse=0.4214 ci=0.8558 rm2=0.5615
epoch   34 | mse=0.2972 ci=0.8646 rm2=0.5989
epoch   35 | mse=0.3088 ci=0.8705 rm2=0.5756
epoch   36 | mse=0.3284 ci=0.8558 rm2=0.6087
epoch   37 | mse=0.3302 ci=0.8678 rm2=0.5738
[FIND BEST!] epoch   38 | mse=0.2842 ci=0.8660 rm2=0.6077
epoch   39 | mse=0.3031 ci=0.8632 rm2=0.6038
epoch   40 | mse=0.3023 ci=0.8605 rm2=0.5890
epoch   41 | mse=0.3685 ci=0.8654 rm2=0.5880
epoch   42 | mse=0.3022 ci=0.8697 rm2=0.6182
epoch   43 | mse=0.3059 ci=0.8669 rm2=0.6117
epoch   44 | mse=0.3149 ci=0.8771 rm2=0.5309
epoch   45 | mse=0.2956 ci=0.8726 rm2=0.6072
epoch   46 | mse=0.3317 ci=0.8634 rm2=0.6015
[FIND BEST!] epoch   47 | mse=0.2840 ci=0.8647 rm2=0.6144
[FIND BEST!] epoch   48 | mse=0.2789 ci=0.8765 rm2=0.5880
epoch   49 | mse=0.2880 ci=0.8699 rm2=0.6037
epoch   50 | mse=0.2791 ci=0.8700 rm2=0.6051
epoch   51 | mse=0.2844 ci=0.8680 rm2=0.6155
epoch   52 | mse=0.2986 ci=0.8717 rm2=0.6011
epoch   53 | mse=0.2926 ci=0.8701 rm2=0.5644
[FIND BEST!] epoch   54 | mse=0.2774 ci=0.8639 rm2=0.6226
epoch   55 | mse=0.2831 ci=0.8531 rm2=0.6491
epoch   56 | mse=0.2891 ci=0.8628 rm2=0.6196
epoch   57 | mse=0.2824 ci=0.8736 rm2=0.5998
epoch   58 | mse=0.2871 ci=0.8725 rm2=0.6464
epoch   59 | mse=0.2786 ci=0.8710 rm2=0.6128
epoch   60 | mse=0.3037 ci=0.8719 rm2=0.5962
[FIND BEST!] epoch   61 | mse=0.2754 ci=0.8715 rm2=0.6127
epoch   62 | mse=0.2973 ci=0.8755 rm2=0.5962
[FIND BEST!] epoch   63 | mse=0.2607 ci=0.8796 rm2=0.6691
epoch   64 | mse=0.2981 ci=0.8710 rm2=0.6480
epoch   65 | mse=0.2781 ci=0.8715 rm2=0.6008
epoch   66 | mse=0.2859 ci=0.8765 rm2=0.5895
epoch   67 | mse=0.3038 ci=0.8686 rm2=0.5861
epoch   68 | mse=0.2813 ci=0.8732 rm2=0.6069
epoch   69 | mse=0.2696 ci=0.8760 rm2=0.6298
epoch   70 | mse=0.2842 ci=0.8773 rm2=0.5979
epoch   71 | mse=0.2789 ci=0.8782 rm2=0.6180
epoch   72 | mse=0.3236 ci=0.8671 rm2=0.6198
epoch   73 | mse=0.2796 ci=0.8729 rm2=0.6187
epoch   74 | mse=0.2676 ci=0.8730 rm2=0.6253
epoch   75 | mse=0.2678 ci=0.8704 rm2=0.6555
epoch   76 | mse=0.2666 ci=0.8777 rm2=0.6100
epoch   77 | mse=0.2653 ci=0.8731 rm2=0.6504
epoch   78 | mse=0.2687 ci=0.8754 rm2=0.6246
epoch   79 | mse=0.2765 ci=0.8737 rm2=0.6430
epoch   80 | mse=0.2681 ci=0.8788 rm2=0.6183
epoch   81 | mse=0.2613 ci=0.8784 rm2=0.6288
epoch   82 | mse=0.2762 ci=0.8737 rm2=0.6605
epoch   83 | mse=0.2662 ci=0.8727 rm2=0.6194
epoch   84 | mse=0.2700 ci=0.8676 rm2=0.6518
epoch   85 | mse=0.2751 ci=0.8770 rm2=0.6388
epoch   86 | mse=0.2760 ci=0.8759 rm2=0.6205
epoch   87 | mse=0.2652 ci=0.8844 rm2=0.6478
epoch   88 | mse=0.2907 ci=0.8693 rm2=0.6635
epoch   89 | mse=0.2762 ci=0.8741 rm2=0.6479
[FIND BEST!] epoch   90 | mse=0.2563 ci=0.8772 rm2=0.6340
epoch   91 | mse=0.2658 ci=0.8820 rm2=0.6306
epoch   92 | mse=0.2890 ci=0.8678 rm2=0.6486
epoch   93 | mse=0.2931 ci=0.8708 rm2=0.6290
epoch   94 | mse=0.2691 ci=0.8817 rm2=0.6061
epoch   95 | mse=0.2786 ci=0.8736 rm2=0.6256
epoch   96 | mse=0.2772 ci=0.8679 rm2=0.6472
epoch   97 | mse=0.2614 ci=0.8687 rm2=0.6579
epoch   98 | mse=0.2854 ci=0.8714 rm2=0.6488
epoch   99 | mse=0.2727 ci=0.8713 rm2=0.6433
epoch  100 | mse=0.2659 ci=0.8727 rm2=0.6586
epoch  101 | mse=0.2711 ci=0.8669 rm2=0.6547
epoch  102 | mse=0.2684 ci=0.8745 rm2=0.6512
epoch  103 | mse=0.2755 ci=0.8674 rm2=0.6448
epoch  104 | mse=0.2685 ci=0.8748 rm2=0.6478
epoch  105 | mse=0.2705 ci=0.8797 rm2=0.6677
epoch  106 | mse=0.3003 ci=0.8730 rm2=0.6537
epoch  107 | mse=0.2694 ci=0.8706 rm2=0.6645
epoch  108 | mse=0.2611 ci=0.8762 rm2=0.6326
epoch  109 | mse=0.2642 ci=0.8736 rm2=0.6323
epoch  110 | mse=0.2812 ci=0.8730 rm2=0.6682
[FIND BEST!] epoch  111 | mse=0.2546 ci=0.8723 rm2=0.6800
[FIND BEST!] epoch  112 | mse=0.2494 ci=0.8707 rm2=0.6722
epoch  113 | mse=0.3102 ci=0.8779 rm2=0.6232
epoch  114 | mse=0.2607 ci=0.8779 rm2=0.6670
epoch  115 | mse=0.2526 ci=0.8806 rm2=0.6439
epoch  116 | mse=0.2661 ci=0.8781 rm2=0.6656
epoch  117 | mse=0.2670 ci=0.8749 rm2=0.6639
epoch  118 | mse=0.2518 ci=0.8790 rm2=0.6730
epoch  119 | mse=0.2548 ci=0.8757 rm2=0.6772
epoch  120 | mse=0.2613 ci=0.8781 rm2=0.6397
epoch  121 | mse=0.2821 ci=0.8679 rm2=0.6436
epoch  122 | mse=0.2845 ci=0.8706 rm2=0.6205
epoch  123 | mse=0.2665 ci=0.8707 rm2=0.6563
epoch  124 | mse=0.2880 ci=0.8749 rm2=0.6603
epoch  125 | mse=0.2598 ci=0.8763 rm2=0.6535
epoch  126 | mse=0.2733 ci=0.8755 rm2=0.6187
epoch  127 | mse=0.2694 ci=0.8718 rm2=0.6476
epoch  128 | mse=0.2704 ci=0.8747 rm2=0.6209
epoch  129 | mse=0.2590 ci=0.8757 rm2=0.6550
epoch  130 | mse=0.2560 ci=0.8802 rm2=0.6748
epoch  131 | mse=0.2903 ci=0.8743 rm2=0.6607
epoch  132 | mse=0.2717 ci=0.8773 rm2=0.6505
epoch  133 | mse=0.2596 ci=0.8773 rm2=0.6752
epoch  134 | mse=0.2545 ci=0.8842 rm2=0.6425
epoch  135 | mse=0.2629 ci=0.8782 rm2=0.6573
epoch  136 | mse=0.2867 ci=0.8732 rm2=0.6575
epoch  137 | mse=0.2633 ci=0.8781 rm2=0.6430
epoch  138 | mse=0.2604 ci=0.8815 rm2=0.6505
epoch  139 | mse=0.2895 ci=0.8831 rm2=0.6467
epoch  140 | mse=0.2616 ci=0.8814 rm2=0.6345
epoch  141 | mse=0.2575 ci=0.8824 rm2=0.6635
epoch  142 | mse=0.2517 ci=0.8782 rm2=0.6662
epoch  143 | mse=0.2765 ci=0.8810 rm2=0.5976
[FIND BEST!] epoch  144 | mse=0.2433 ci=0.8792 rm2=0.6875
epoch  145 | mse=0.2588 ci=0.8801 rm2=0.6641
epoch  146 | mse=0.2566 ci=0.8762 rm2=0.6602
epoch  147 | mse=0.2530 ci=0.8844 rm2=0.6492
epoch  148 | mse=0.2576 ci=0.8802 rm2=0.6664
epoch  149 | mse=0.2616 ci=0.8810 rm2=0.6736
epoch  150 | mse=0.2532 ci=0.8827 rm2=0.6487
epoch  151 | mse=0.2632 ci=0.8780 rm2=0.6334
epoch  152 | mse=0.2517 ci=0.8790 rm2=0.6488
epoch  153 | mse=0.2509 ci=0.8813 rm2=0.6654
epoch  154 | mse=0.2502 ci=0.8850 rm2=0.6486
epoch  155 | mse=0.2502 ci=0.8780 rm2=0.6616
epoch  156 | mse=0.2441 ci=0.8847 rm2=0.6732
epoch  157 | mse=0.2480 ci=0.8857 rm2=0.6681
epoch  158 | mse=0.2656 ci=0.8828 rm2=0.6329
epoch  159 | mse=0.2591 ci=0.8832 rm2=0.6691
epoch  160 | mse=0.2604 ci=0.8788 rm2=0.6746
epoch  161 | mse=0.2481 ci=0.8753 rm2=0.6874
epoch  162 | mse=0.2581 ci=0.8822 rm2=0.6526
epoch  163 | mse=0.2475 ci=0.8778 rm2=0.6774
epoch  164 | mse=0.2512 ci=0.8793 rm2=0.6756
epoch  165 | mse=0.2512 ci=0.8799 rm2=0.6753
epoch  166 | mse=0.2482 ci=0.8771 rm2=0.6814
epoch  167 | mse=0.2541 ci=0.8828 rm2=0.6541
epoch  168 | mse=0.2531 ci=0.8819 rm2=0.6606
epoch  169 | mse=0.2646 ci=0.8818 rm2=0.6728
epoch  170 | mse=0.2646 ci=0.8808 rm2=0.6408
epoch  171 | mse=0.2512 ci=0.8829 rm2=0.6729
epoch  172 | mse=0.2660 ci=0.8803 rm2=0.6746
epoch  173 | mse=0.2440 ci=0.8846 rm2=0.6572
epoch  174 | mse=0.2506 ci=0.8801 rm2=0.6590
[FIND BEST!] epoch  175 | mse=0.2417 ci=0.8832 rm2=0.6867
epoch  176 | mse=0.2506 ci=0.8872 rm2=0.6491
epoch  177 | mse=0.2454 ci=0.8821 rm2=0.6919
epoch  178 | mse=0.2924 ci=0.8812 rm2=0.6547
epoch  179 | mse=0.2788 ci=0.8799 rm2=0.6492
epoch  180 | mse=0.2502 ci=0.8794 rm2=0.6630
epoch  181 | mse=0.2476 ci=0.8844 rm2=0.6507
epoch  182 | mse=0.2545 ci=0.8798 rm2=0.6805
epoch  183 | mse=0.2502 ci=0.8779 rm2=0.6611
epoch  184 | mse=0.2441 ci=0.8790 rm2=0.6853
epoch  185 | mse=0.2625 ci=0.8822 rm2=0.6875
epoch  186 | mse=0.2572 ci=0.8827 rm2=0.6668
epoch  187 | mse=0.2526 ci=0.8773 rm2=0.6752
epoch  188 | mse=0.2478 ci=0.8761 rm2=0.6739
epoch  189 | mse=0.2548 ci=0.8781 rm2=0.6658
epoch  190 | mse=0.2514 ci=0.8781 rm2=0.6581
epoch  191 | mse=0.2465 ci=0.8825 rm2=0.6613
epoch  192 | mse=0.2575 ci=0.8776 rm2=0.6757
epoch  193 | mse=0.2574 ci=0.8788 rm2=0.6557
epoch  194 | mse=0.2547 ci=0.8811 rm2=0.6544
epoch  195 | mse=0.2585 ci=0.8816 rm2=0.6915
epoch  196 | mse=0.2496 ci=0.8742 rm2=0.6885
epoch  197 | mse=0.2599 ci=0.8712 rm2=0.6759
epoch  198 | mse=0.2491 ci=0.8767 rm2=0.6883
epoch  199 | mse=0.2683 ci=0.8795 rm2=0.6495
epoch  200 | mse=0.2542 ci=0.8819 rm2=0.6575
epoch  201 | mse=0.2418 ci=0.8824 rm2=0.6748
epoch  202 | mse=0.2478 ci=0.8785 rm2=0.6902
epoch  203 | mse=0.2429 ci=0.8853 rm2=0.6567
epoch  204 | mse=0.2497 ci=0.8843 rm2=0.6596
epoch  205 | mse=0.2488 ci=0.8804 rm2=0.6812
epoch  206 | mse=0.2513 ci=0.8817 rm2=0.6622
epoch  207 | mse=0.2490 ci=0.8801 rm2=0.6894
epoch  208 | mse=0.2454 ci=0.8798 rm2=0.6866
epoch  209 | mse=0.2563 ci=0.8664 rm2=0.6426
epoch  210 | mse=0.2509 ci=0.8816 rm2=0.6834
epoch  211 | mse=0.2627 ci=0.8821 rm2=0.6306
epoch  212 | mse=0.2422 ci=0.8852 rm2=0.6634
epoch  213 | mse=0.2544 ci=0.8785 rm2=0.6483
epoch  214 | mse=0.3069 ci=0.8824 rm2=0.6884
epoch  215 | mse=0.2549 ci=0.8847 rm2=0.6710
epoch  216 | mse=0.2469 ci=0.8777 rm2=0.6860
epoch  217 | mse=0.2454 ci=0.8848 rm2=0.6614
[FIND BEST!] epoch  218 | mse=0.2394 ci=0.8837 rm2=0.6897
epoch  219 | mse=0.2480 ci=0.8810 rm2=0.6768
epoch  220 | mse=0.2734 ci=0.8835 rm2=0.6915
epoch  221 | mse=0.2464 ci=0.8788 rm2=0.6861
epoch  222 | mse=0.2671 ci=0.8844 rm2=0.6728
epoch  223 | mse=0.2530 ci=0.8812 rm2=0.6443
epoch  224 | mse=0.2481 ci=0.8845 rm2=0.6586
epoch  225 | mse=0.2747 ci=0.8814 rm2=0.6634
epoch  226 | mse=0.2748 ci=0.8829 rm2=0.6973
epoch  227 | mse=0.2428 ci=0.8852 rm2=0.6663
epoch  228 | mse=0.2613 ci=0.8804 rm2=0.6858
epoch  229 | mse=0.2440 ci=0.8820 rm2=0.6817
epoch  230 | mse=0.2560 ci=0.8858 rm2=0.6590
epoch  231 | mse=0.2527 ci=0.8845 rm2=0.6634
epoch  232 | mse=0.2503 ci=0.8833 rm2=0.6769
epoch  233 | mse=0.2473 ci=0.8837 rm2=0.6815
epoch  234 | mse=0.2425 ci=0.8856 rm2=0.6880
epoch  235 | mse=0.2489 ci=0.8783 rm2=0.6919
epoch  236 | mse=0.2461 ci=0.8856 rm2=0.6971
epoch  237 | mse=0.2483 ci=0.8876 rm2=0.6694
epoch  238 | mse=0.2500 ci=0.8858 rm2=0.6998
epoch  239 | mse=0.2582 ci=0.8844 rm2=0.6803
epoch  240 | mse=0.2535 ci=0.8773 rm2=0.6856
epoch  241 | mse=0.2712 ci=0.8925 rm2=0.6788
[FIND BEST!] epoch  242 | mse=0.2392 ci=0.8893 rm2=0.6761
epoch  243 | mse=0.2543 ci=0.8839 rm2=0.6831
epoch  244 | mse=0.2456 ci=0.8908 rm2=0.6435
epoch  245 | mse=0.2432 ci=0.8854 rm2=0.6804
epoch  246 | mse=0.2456 ci=0.8861 rm2=0.6442
epoch  247 | mse=0.2483 ci=0.8857 rm2=0.6896
epoch  248 | mse=0.2482 ci=0.8807 rm2=0.6982
epoch  249 | mse=0.2489 ci=0.8868 rm2=0.6720
epoch  250 | mse=0.2428 ci=0.8838 rm2=0.6873
epoch  251 | mse=0.2444 ci=0.8852 rm2=0.6791
epoch  252 | mse=0.2914 ci=0.8764 rm2=0.6932
epoch  253 | mse=0.2429 ci=0.8794 rm2=0.6790
epoch  254 | mse=0.2527 ci=0.8782 rm2=0.6747
epoch  255 | mse=0.2410 ci=0.8848 rm2=0.6958
epoch  256 | mse=0.2401 ci=0.8816 rm2=0.6994
epoch  257 | mse=0.2576 ci=0.8883 rm2=0.6853
epoch  258 | mse=0.2748 ci=0.8833 rm2=0.6391
epoch  259 | mse=0.2396 ci=0.8823 rm2=0.7023
epoch  260 | mse=0.2893 ci=0.8820 rm2=0.6782
epoch  261 | mse=0.2534 ci=0.8785 rm2=0.6508
[FIND BEST!] epoch  262 | mse=0.2361 ci=0.8852 rm2=0.6914
epoch  263 | mse=0.2385 ci=0.8847 rm2=0.6998
epoch  264 | mse=0.2435 ci=0.8839 rm2=0.6630
epoch  265 | mse=0.2804 ci=0.8834 rm2=0.6844
epoch  266 | mse=0.2448 ci=0.8827 rm2=0.6771
epoch  267 | mse=0.2669 ci=0.8814 rm2=0.6576
epoch  268 | mse=0.2631 ci=0.8814 rm2=0.6797
epoch  269 | mse=0.2434 ci=0.8860 rm2=0.7035
epoch  270 | mse=0.2620 ci=0.8812 rm2=0.6884
epoch  271 | mse=0.2445 ci=0.8858 rm2=0.6764
epoch  272 | mse=0.2427 ci=0.8834 rm2=0.6880
epoch  273 | mse=0.2394 ci=0.8841 rm2=0.6865
epoch  274 | mse=0.2405 ci=0.8822 rm2=0.6748
epoch  275 | mse=0.2477 ci=0.8816 rm2=0.6780
epoch  276 | mse=0.2407 ci=0.8865 rm2=0.6933
epoch  277 | mse=0.2398 ci=0.8864 rm2=0.7017
epoch  278 | mse=0.2445 ci=0.8791 rm2=0.6855
epoch  279 | mse=0.2421 ci=0.8788 rm2=0.6748
epoch  280 | mse=0.2649 ci=0.8849 rm2=0.6863
epoch  281 | mse=0.2597 ci=0.8845 rm2=0.6951
epoch  282 | mse=0.2465 ci=0.8848 rm2=0.6897
epoch  283 | mse=0.2375 ci=0.8863 rm2=0.6912
epoch  284 | mse=0.2434 ci=0.8836 rm2=0.6830
epoch  285 | mse=0.2793 ci=0.8826 rm2=0.6915
epoch  286 | mse=0.2554 ci=0.8890 rm2=0.6982
[FIND BEST!] epoch  287 | mse=0.2359 ci=0.8866 rm2=0.6790
epoch  288 | mse=0.2430 ci=0.8859 rm2=0.6898
epoch  289 | mse=0.2415 ci=0.8812 rm2=0.6774
epoch  290 | mse=0.2511 ci=0.8865 rm2=0.6491
epoch  291 | mse=0.2483 ci=0.8819 rm2=0.6662
epoch  292 | mse=0.2432 ci=0.8822 rm2=0.6930
epoch  293 | mse=0.2421 ci=0.8820 rm2=0.6895
epoch  294 | mse=0.2436 ci=0.8829 rm2=0.6820
epoch  295 | mse=0.2416 ci=0.8878 rm2=0.6857
epoch  296 | mse=0.2412 ci=0.8832 rm2=0.6916
epoch  297 | mse=0.2441 ci=0.8861 rm2=0.6748
epoch  298 | mse=0.2424 ci=0.8827 rm2=0.6841
epoch  299 | mse=0.2437 ci=0.8855 rm2=0.6771
epoch  300 | mse=0.2419 ci=0.8893 rm2=0.6843
epoch  301 | mse=0.2419 ci=0.8813 rm2=0.6942
epoch  302 | mse=0.2425 ci=0.8809 rm2=0.6956
epoch  303 | mse=0.2631 ci=0.8830 rm2=0.6909
epoch  304 | mse=0.2425 ci=0.8866 rm2=0.6826
epoch  305 | mse=0.2518 ci=0.8821 rm2=0.6578
epoch  306 | mse=0.2418 ci=0.8832 rm2=0.7004
epoch  307 | mse=0.2502 ci=0.8820 rm2=0.6847
epoch  308 | mse=0.2400 ci=0.8872 rm2=0.6677
epoch  309 | mse=0.2373 ci=0.8840 rm2=0.6993
epoch  310 | mse=0.2419 ci=0.8846 rm2=0.6582
epoch  311 | mse=0.2575 ci=0.8839 rm2=0.6839
[FIND BEST!] epoch  312 | mse=0.2351 ci=0.8923 rm2=0.6967
epoch  313 | mse=0.2411 ci=0.8847 rm2=0.6844
epoch  314 | mse=0.2778 ci=0.8865 rm2=0.6706
epoch  315 | mse=0.2489 ci=0.8810 rm2=0.6516
epoch  316 | mse=0.2435 ci=0.8851 rm2=0.6879
epoch  317 | mse=0.2412 ci=0.8849 rm2=0.6848
epoch  318 | mse=0.2415 ci=0.8861 rm2=0.6988
epoch  319 | mse=0.2478 ci=0.8842 rm2=0.6853
epoch  320 | mse=0.2357 ci=0.8827 rm2=0.7021
epoch  321 | mse=0.2363 ci=0.8843 rm2=0.7013
epoch  322 | mse=0.2519 ci=0.8830 rm2=0.7014
[FIND BEST!] epoch  323 | mse=0.2329 ci=0.8887 rm2=0.7017
epoch  324 | mse=0.2383 ci=0.8817 rm2=0.6966
epoch  325 | mse=0.2504 ci=0.8834 rm2=0.6756
epoch  326 | mse=0.2439 ci=0.8861 rm2=0.6841
epoch  327 | mse=0.2459 ci=0.8885 rm2=0.6583
epoch  328 | mse=0.2433 ci=0.8834 rm2=0.6971
epoch  329 | mse=0.2396 ci=0.8844 rm2=0.6985
epoch  330 | mse=0.2491 ci=0.8824 rm2=0.6843
epoch  331 | mse=0.2418 ci=0.8834 rm2=0.6769
epoch  332 | mse=0.2409 ci=0.8857 rm2=0.6870
epoch  333 | mse=0.2452 ci=0.8870 rm2=0.6584
epoch  334 | mse=0.2499 ci=0.8841 rm2=0.6942
epoch  335 | mse=0.2601 ci=0.8854 rm2=0.6768
epoch  336 | mse=0.2436 ci=0.8868 rm2=0.6697
epoch  337 | mse=0.2381 ci=0.8855 rm2=0.6884
epoch  338 | mse=0.2494 ci=0.8845 rm2=0.6976
epoch  339 | mse=0.2614 ci=0.8848 rm2=0.6863
epoch  340 | mse=0.2483 ci=0.8880 rm2=0.6908
epoch  341 | mse=0.2529 ci=0.8891 rm2=0.6693
epoch  342 | mse=0.2401 ci=0.8872 rm2=0.6927
epoch  343 | mse=0.2575 ci=0.8910 rm2=0.6983
epoch  344 | mse=0.2420 ci=0.8867 rm2=0.7005
epoch  345 | mse=0.2829 ci=0.8869 rm2=0.6868
epoch  346 | mse=0.2583 ci=0.8847 rm2=0.7045
epoch  347 | mse=0.2481 ci=0.8861 rm2=0.6795
epoch  348 | mse=0.2365 ci=0.8867 rm2=0.6960
epoch  349 | mse=0.2517 ci=0.8847 rm2=0.6822
epoch  350 | mse=0.2411 ci=0.8820 rm2=0.6947
epoch  351 | mse=0.2370 ci=0.8907 rm2=0.6649
epoch  352 | mse=0.2384 ci=0.8845 rm2=0.6985
epoch  353 | mse=0.2439 ci=0.8910 rm2=0.6655
epoch  354 | mse=0.2638 ci=0.8863 rm2=0.6532
epoch  355 | mse=0.2486 ci=0.8860 rm2=0.6801
epoch  356 | mse=0.2493 ci=0.8877 rm2=0.6932
epoch  357 | mse=0.2421 ci=0.8895 rm2=0.6816
epoch  358 | mse=0.2541 ci=0.8849 rm2=0.6921
epoch  359 | mse=0.2998 ci=0.8857 rm2=0.6692
epoch  360 | mse=0.2477 ci=0.8873 rm2=0.6969
epoch  361 | mse=0.2397 ci=0.8895 rm2=0.6939
epoch  362 | mse=0.2707 ci=0.8858 rm2=0.6963
epoch  363 | mse=0.2584 ci=0.8876 rm2=0.6846
epoch  364 | mse=0.2396 ci=0.8803 rm2=0.6843
epoch  365 | mse=0.2381 ci=0.8902 rm2=0.6722
epoch  366 | mse=0.2396 ci=0.8861 rm2=0.7059
epoch  367 | mse=0.2383 ci=0.8870 rm2=0.6855
epoch  368 | mse=0.2494 ci=0.8845 rm2=0.6884
epoch  369 | mse=0.2464 ci=0.8811 rm2=0.6654
epoch  370 | mse=0.2420 ci=0.8835 rm2=0.6809
epoch  371 | mse=0.2520 ci=0.8772 rm2=0.6851
epoch  372 | mse=0.2458 ci=0.8838 rm2=0.6566
epoch  373 | mse=0.2378 ci=0.8868 rm2=0.6984
epoch  374 | mse=0.2391 ci=0.8842 rm2=0.7001
epoch  375 | mse=0.2407 ci=0.8867 rm2=0.6629
epoch  376 | mse=0.2452 ci=0.8861 rm2=0.7010
epoch  377 | mse=0.2537 ci=0.8860 rm2=0.6983
epoch  378 | mse=0.2426 ci=0.8875 rm2=0.6617
epoch  379 | mse=0.2580 ci=0.8891 rm2=0.6948
epoch  380 | mse=0.2374 ci=0.8852 rm2=0.7033
epoch  381 | mse=0.2447 ci=0.8886 rm2=0.6948
epoch  382 | mse=0.2364 ci=0.8844 rm2=0.7018
epoch  383 | mse=0.2401 ci=0.8904 rm2=0.6747
epoch  384 | mse=0.2428 ci=0.8857 rm2=0.6723
epoch  385 | mse=0.2410 ci=0.8877 rm2=0.7021
epoch  386 | mse=0.2408 ci=0.8877 rm2=0.6782
epoch  387 | mse=0.2674 ci=0.8914 rm2=0.6826
epoch  388 | mse=0.2358 ci=0.8892 rm2=0.6913
epoch  389 | mse=0.2457 ci=0.8871 rm2=0.6946
epoch  390 | mse=0.2386 ci=0.8870 rm2=0.6906
epoch  391 | mse=0.2378 ci=0.8868 rm2=0.6874
epoch  392 | mse=0.2624 ci=0.8913 rm2=0.6784
epoch  393 | mse=0.2825 ci=0.8876 rm2=0.6906
epoch  394 | mse=0.2453 ci=0.8851 rm2=0.6993
epoch  395 | mse=0.2404 ci=0.8914 rm2=0.6936
epoch  396 | mse=0.2526 ci=0.8917 rm2=0.6528
epoch  397 | mse=0.2406 ci=0.8885 rm2=0.6667
epoch  398 | mse=0.2394 ci=0.8928 rm2=0.6887
epoch  399 | mse=0.2442 ci=0.8888 rm2=0.6830
epoch  400 | mse=0.2394 ci=0.8882 rm2=0.6976
epoch  401 | mse=0.2606 ci=0.8907 rm2=0.6838
epoch  402 | mse=0.2383 ci=0.8864 rm2=0.6957
epoch  403 | mse=0.2392 ci=0.8868 rm2=0.6824
epoch  404 | mse=0.2525 ci=0.8883 rm2=0.6758
epoch  405 | mse=0.2414 ci=0.8929 rm2=0.6836
epoch  406 | mse=0.2426 ci=0.8889 rm2=0.7009
epoch  407 | mse=0.2350 ci=0.8902 rm2=0.6974
epoch  408 | mse=0.2400 ci=0.8877 rm2=0.6713
epoch  409 | mse=0.2517 ci=0.8888 rm2=0.6842
epoch  410 | mse=0.2394 ci=0.8892 rm2=0.6958
epoch  411 | mse=0.2432 ci=0.8853 rm2=0.6807
epoch  412 | mse=0.2709 ci=0.8845 rm2=0.6823
epoch  413 | mse=0.2406 ci=0.8846 rm2=0.6888
epoch  414 | mse=0.2490 ci=0.8875 rm2=0.6854
epoch  415 | mse=0.2418 ci=0.8896 rm2=0.6784
epoch  416 | mse=0.2423 ci=0.8883 rm2=0.6860
epoch  417 | mse=0.2397 ci=0.8902 rm2=0.6963
epoch  418 | mse=0.2437 ci=0.8831 rm2=0.6955
epoch  419 | mse=0.2456 ci=0.8852 rm2=0.6957
epoch  420 | mse=0.2480 ci=0.8830 rm2=0.6953
epoch  421 | mse=0.2586 ci=0.8813 rm2=0.6545
epoch  422 | mse=0.2398 ci=0.8883 rm2=0.6871
epoch  423 | mse=0.2410 ci=0.8866 rm2=0.6947
epoch  424 | mse=0.2427 ci=0.8824 rm2=0.6891
epoch  425 | mse=0.2385 ci=0.8908 rm2=0.6849
epoch  426 | mse=0.2389 ci=0.8899 rm2=0.6993
epoch  427 | mse=0.2399 ci=0.8903 rm2=0.6989
[FIND BEST!] epoch  428 | mse=0.2328 ci=0.8953 rm2=0.6911
epoch  429 | mse=0.2409 ci=0.8885 rm2=0.6877
epoch  430 | mse=0.2624 ci=0.8902 rm2=0.6642
epoch  431 | mse=0.2420 ci=0.8923 rm2=0.6604
epoch  432 | mse=0.2445 ci=0.8867 rm2=0.6666
epoch  433 | mse=0.2394 ci=0.8904 rm2=0.6986
epoch  434 | mse=0.2385 ci=0.8857 rm2=0.7018
epoch  435 | mse=0.2452 ci=0.8869 rm2=0.6800
epoch  436 | mse=0.2627 ci=0.8908 rm2=0.6869
epoch  437 | mse=0.2406 ci=0.8848 rm2=0.6894
epoch  438 | mse=0.2425 ci=0.8888 rm2=0.6787
epoch  439 | mse=0.2394 ci=0.8874 rm2=0.7018
epoch  440 | mse=0.2459 ci=0.8872 rm2=0.6567
epoch  441 | mse=0.2366 ci=0.8917 rm2=0.6734
epoch  442 | mse=0.2329 ci=0.8848 rm2=0.6971
epoch  443 | mse=0.2391 ci=0.8849 rm2=0.6964
epoch  444 | mse=0.2474 ci=0.8871 rm2=0.6991
epoch  445 | mse=0.2418 ci=0.8829 rm2=0.6954
epoch  446 | mse=0.2461 ci=0.8870 rm2=0.6983
epoch  447 | mse=0.2408 ci=0.8868 rm2=0.6969
epoch  448 | mse=0.2494 ci=0.8881 rm2=0.6890
epoch  449 | mse=0.2420 ci=0.8911 rm2=0.6953
epoch  450 | mse=0.2408 ci=0.8848 rm2=0.6832
epoch  451 | mse=0.2426 ci=0.8808 rm2=0.6960
epoch  452 | mse=0.2562 ci=0.8875 rm2=0.6883
epoch  453 | mse=0.2433 ci=0.8852 rm2=0.6822
epoch  454 | mse=0.2406 ci=0.8883 rm2=0.6903
epoch  455 | mse=0.2390 ci=0.8868 rm2=0.6753
epoch  456 | mse=0.2449 ci=0.8871 rm2=0.7016
epoch  457 | mse=0.2583 ci=0.8915 rm2=0.6949
epoch  458 | mse=0.2360 ci=0.8869 rm2=0.7082
epoch  459 | mse=0.2408 ci=0.8868 rm2=0.6877
epoch  460 | mse=0.2426 ci=0.8860 rm2=0.6990
epoch  461 | mse=0.2397 ci=0.8871 rm2=0.6710
epoch  462 | mse=0.2416 ci=0.8853 rm2=0.7009
epoch  463 | mse=0.2735 ci=0.8897 rm2=0.6947
epoch  464 | mse=0.2399 ci=0.8859 rm2=0.6933
epoch  465 | mse=0.2427 ci=0.8853 rm2=0.6901
epoch  466 | mse=0.2365 ci=0.8861 rm2=0.6951
epoch  467 | mse=0.2415 ci=0.8858 rm2=0.6902
epoch  468 | mse=0.2432 ci=0.8880 rm2=0.6727
epoch  469 | mse=0.2412 ci=0.8921 rm2=0.7049
epoch  470 | mse=0.2401 ci=0.8911 rm2=0.7016
epoch  471 | mse=0.2402 ci=0.8873 rm2=0.7007
epoch  472 | mse=0.2433 ci=0.8878 rm2=0.6807
epoch  473 | mse=0.2398 ci=0.8888 rm2=0.7028
epoch  474 | mse=0.2489 ci=0.8880 rm2=0.6664
epoch  475 | mse=0.2472 ci=0.8829 rm2=0.6836
epoch  476 | mse=0.2470 ci=0.8898 rm2=0.6539
epoch  477 | mse=0.2368 ci=0.8885 rm2=0.7016
epoch  478 | mse=0.2410 ci=0.8886 rm2=0.6649
epoch  479 | mse=0.2461 ci=0.8874 rm2=0.6703
epoch  480 | mse=0.2410 ci=0.8855 rm2=0.7005
epoch  481 | mse=0.2434 ci=0.8843 rm2=0.6813
epoch  482 | mse=0.2522 ci=0.8910 rm2=0.6631
epoch  483 | mse=0.2426 ci=0.8868 rm2=0.6895
epoch  484 | mse=0.2507 ci=0.8850 rm2=0.6796
epoch  485 | mse=0.2367 ci=0.8877 rm2=0.6931
epoch  486 | mse=0.2601 ci=0.8858 rm2=0.6721
epoch  487 | mse=0.2366 ci=0.8879 rm2=0.6893
epoch  488 | mse=0.2407 ci=0.8894 rm2=0.7046
epoch  489 | mse=0.2507 ci=0.8918 rm2=0.6824
epoch  490 | mse=0.2397 ci=0.8863 rm2=0.6791
epoch  491 | mse=0.2481 ci=0.8892 rm2=0.6986
epoch  492 | mse=0.2394 ci=0.8888 rm2=0.6801
epoch  493 | mse=0.2519 ci=0.8826 rm2=0.7037
epoch  494 | mse=0.2359 ci=0.8899 rm2=0.6908
epoch  495 | mse=0.2613 ci=0.8860 rm2=0.6891
epoch  496 | mse=0.2516 ci=0.8879 rm2=0.6853
epoch  497 | mse=0.2447 ci=0.8896 rm2=0.6846
epoch  498 | mse=0.2396 ci=0.8898 rm2=0.6962
epoch  499 | mse=0.2384 ci=0.8871 rm2=0.6928
epoch  500 | mse=0.2388 ci=0.8868 rm2=0.6967
epoch  501 | mse=0.2405 ci=0.8879 rm2=0.6914
epoch  502 | mse=0.2370 ci=0.8852 rm2=0.7037
epoch  503 | mse=0.2369 ci=0.8868 rm2=0.6881
epoch  504 | mse=0.2359 ci=0.8921 rm2=0.6744
epoch  505 | mse=0.2493 ci=0.8882 rm2=0.6990
epoch  506 | mse=0.2368 ci=0.8926 rm2=0.6748
epoch  507 | mse=0.2391 ci=0.8867 rm2=0.6890
epoch  508 | mse=0.2388 ci=0.8890 rm2=0.6748
epoch  509 | mse=0.2423 ci=0.8901 rm2=0.6887
epoch  510 | mse=0.2401 ci=0.8862 rm2=0.6960
epoch  511 | mse=0.2460 ci=0.8866 rm2=0.6939
epoch  512 | mse=0.2477 ci=0.8879 rm2=0.7011
epoch  513 | mse=0.2429 ci=0.8877 rm2=0.7015
epoch  514 | mse=0.2402 ci=0.8822 rm2=0.6853
epoch  515 | mse=0.2458 ci=0.8830 rm2=0.7040
epoch  516 | mse=0.2467 ci=0.8882 rm2=0.6987
epoch  517 | mse=0.2405 ci=0.8942 rm2=0.6603
epoch  518 | mse=0.2382 ci=0.8872 rm2=0.6854
epoch  519 | mse=0.2370 ci=0.8897 rm2=0.7009
epoch  520 | mse=0.2344 ci=0.8918 rm2=0.7068
epoch  521 | mse=0.2361 ci=0.8895 rm2=0.6881
epoch  522 | mse=0.2393 ci=0.8876 rm2=0.6839
epoch  523 | mse=0.2415 ci=0.8859 rm2=0.6981
[FIND BEST!] epoch  524 | mse=0.2326 ci=0.8927 rm2=0.6896
epoch  525 | mse=0.2360 ci=0.8913 rm2=0.6977
epoch  526 | mse=0.2417 ci=0.8875 rm2=0.7020
epoch  527 | mse=0.2352 ci=0.8922 rm2=0.6863
epoch  528 | mse=0.2367 ci=0.8876 rm2=0.7041
epoch  529 | mse=0.2369 ci=0.8866 rm2=0.6896
epoch  530 | mse=0.2393 ci=0.8889 rm2=0.6908
epoch  531 | mse=0.2676 ci=0.8857 rm2=0.6911
epoch  532 | mse=0.2532 ci=0.8900 rm2=0.6852
epoch  533 | mse=0.2400 ci=0.8874 rm2=0.7012
epoch  534 | mse=0.2351 ci=0.8880 rm2=0.7007
epoch  535 | mse=0.2414 ci=0.8866 rm2=0.7011
epoch  536 | mse=0.2344 ci=0.8854 rm2=0.7044
epoch  537 | mse=0.2359 ci=0.8854 rm2=0.7014
epoch  538 | mse=0.2379 ci=0.8882 rm2=0.7028
epoch  539 | mse=0.2387 ci=0.8874 rm2=0.7094
epoch  540 | mse=0.2602 ci=0.8879 rm2=0.7050
epoch  541 | mse=0.2394 ci=0.8869 rm2=0.6864
epoch  542 | mse=0.2328 ci=0.8919 rm2=0.6997
epoch  543 | mse=0.2536 ci=0.8906 rm2=0.6774
epoch  544 | mse=0.2387 ci=0.8874 rm2=0.6803
epoch  545 | mse=0.2395 ci=0.8885 rm2=0.6905
epoch  546 | mse=0.2409 ci=0.8808 rm2=0.6940
epoch  547 | mse=0.2437 ci=0.8890 rm2=0.6825
epoch  548 | mse=0.2404 ci=0.8903 rm2=0.6690
epoch  549 | mse=0.2449 ci=0.8874 rm2=0.6848
epoch  550 | mse=0.2479 ci=0.8853 rm2=0.6766
epoch  551 | mse=0.2405 ci=0.8888 rm2=0.6914
epoch  552 | mse=0.2438 ci=0.8900 rm2=0.6969
epoch  553 | mse=0.2520 ci=0.8851 rm2=0.7024
epoch  554 | mse=0.2388 ci=0.8860 rm2=0.6886
epoch  555 | mse=0.2503 ci=0.8865 rm2=0.6789
epoch  556 | mse=0.2431 ci=0.8863 rm2=0.6995
epoch  557 | mse=0.2423 ci=0.8915 rm2=0.7064
epoch  558 | mse=0.2493 ci=0.8886 rm2=0.6959
epoch  559 | mse=0.2387 ci=0.8913 rm2=0.6902
epoch  560 | mse=0.2359 ci=0.8871 rm2=0.6927
epoch  561 | mse=0.2779 ci=0.8832 rm2=0.6951
epoch  562 | mse=0.2433 ci=0.8876 rm2=0.6632
epoch  563 | mse=0.2442 ci=0.8886 rm2=0.6725
epoch  564 | mse=0.2361 ci=0.8905 rm2=0.6939
epoch  565 | mse=0.2437 ci=0.8890 rm2=0.6722
epoch  566 | mse=0.2404 ci=0.8877 rm2=0.6930
epoch  567 | mse=0.2720 ci=0.8959 rm2=0.7001
epoch  568 | mse=0.2403 ci=0.8882 rm2=0.6816
epoch  569 | mse=0.2346 ci=0.8891 rm2=0.7023
epoch  570 | mse=0.2363 ci=0.8903 rm2=0.7101
epoch  571 | mse=0.2383 ci=0.8872 rm2=0.6894
epoch  572 | mse=0.2477 ci=0.8884 rm2=0.6841
epoch  573 | mse=0.2449 ci=0.8847 rm2=0.6915
epoch  574 | mse=0.2330 ci=0.8881 rm2=0.6861
epoch  575 | mse=0.2454 ci=0.8899 rm2=0.6758
epoch  576 | mse=0.2503 ci=0.8843 rm2=0.6803
epoch  577 | mse=0.2446 ci=0.8851 rm2=0.6882
epoch  578 | mse=0.2441 ci=0.8919 rm2=0.6773
epoch  579 | mse=0.2366 ci=0.8878 rm2=0.7026
epoch  580 | mse=0.2469 ci=0.8865 rm2=0.6969
epoch  581 | mse=0.2352 ci=0.8873 rm2=0.6993
[FIND BEST!] epoch  582 | mse=0.2323 ci=0.8925 rm2=0.7051
epoch  583 | mse=0.2402 ci=0.8906 rm2=0.6981
epoch  584 | mse=0.2413 ci=0.8874 rm2=0.6808
epoch  585 | mse=0.2396 ci=0.8873 rm2=0.6897
epoch  586 | mse=0.2427 ci=0.8889 rm2=0.6915
epoch  587 | mse=0.2350 ci=0.8885 rm2=0.7043
epoch  588 | mse=0.2438 ci=0.8845 rm2=0.6927
epoch  589 | mse=0.2388 ci=0.8882 rm2=0.6950
epoch  590 | mse=0.2388 ci=0.8902 rm2=0.6898
epoch  591 | mse=0.2364 ci=0.8909 rm2=0.6973
epoch  592 | mse=0.2377 ci=0.8856 rm2=0.7030
epoch  593 | mse=0.2369 ci=0.8870 rm2=0.7026
epoch  594 | mse=0.2340 ci=0.8918 rm2=0.6773
epoch  595 | mse=0.2386 ci=0.8853 rm2=0.6938
epoch  596 | mse=0.2435 ci=0.8881 rm2=0.6991
epoch  597 | mse=0.2527 ci=0.8860 rm2=0.6942
epoch  598 | mse=0.2582 ci=0.8907 rm2=0.6995
epoch  599 | mse=0.2411 ci=0.8869 rm2=0.6921
epoch  600 | mse=0.2370 ci=0.8931 rm2=0.6790
epoch  601 | mse=0.2399 ci=0.8889 rm2=0.6871
epoch  602 | mse=0.2424 ci=0.8911 rm2=0.6652
epoch  603 | mse=0.2325 ci=0.8870 rm2=0.7074
epoch  604 | mse=0.2368 ci=0.8877 rm2=0.7057
epoch  605 | mse=0.2516 ci=0.8899 rm2=0.7014
epoch  606 | mse=0.2396 ci=0.8900 rm2=0.6898
epoch  607 | mse=0.2397 ci=0.8826 rm2=0.6869
epoch  608 | mse=0.2379 ci=0.8888 rm2=0.6800
epoch  609 | mse=0.2390 ci=0.8882 rm2=0.6882
epoch  610 | mse=0.2535 ci=0.8839 rm2=0.6791
epoch  611 | mse=0.2566 ci=0.8896 rm2=0.6955
epoch  612 | mse=0.2394 ci=0.8868 rm2=0.6996
epoch  613 | mse=0.2375 ci=0.8908 rm2=0.6815
epoch  614 | mse=0.2551 ci=0.8874 rm2=0.6870
epoch  615 | mse=0.2338 ci=0.8876 rm2=0.6838
epoch  616 | mse=0.2390 ci=0.8853 rm2=0.6976
epoch  617 | mse=0.2450 ci=0.8845 rm2=0.6849
epoch  618 | mse=0.2370 ci=0.8829 rm2=0.7009
epoch  619 | mse=0.2422 ci=0.8887 rm2=0.6801
epoch  620 | mse=0.2423 ci=0.8885 rm2=0.6903
epoch  621 | mse=0.2400 ci=0.8872 rm2=0.6880
epoch  622 | mse=0.2341 ci=0.8872 rm2=0.6906
epoch  623 | mse=0.2374 ci=0.8875 rm2=0.6962
epoch  624 | mse=0.2420 ci=0.8912 rm2=0.6881
[FIND BEST!] epoch  625 | mse=0.2316 ci=0.8905 rm2=0.7010
epoch  626 | mse=0.2369 ci=0.8910 rm2=0.6999
epoch  627 | mse=0.2410 ci=0.8864 rm2=0.7000
epoch  628 | mse=0.2369 ci=0.8887 rm2=0.7027
epoch  629 | mse=0.2377 ci=0.8904 rm2=0.7007
epoch  630 | mse=0.2485 ci=0.8873 rm2=0.6827
epoch  631 | mse=0.2466 ci=0.8904 rm2=0.6803
epoch  632 | mse=0.2357 ci=0.8910 rm2=0.6958
epoch  633 | mse=0.2335 ci=0.8936 rm2=0.6811
epoch  634 | mse=0.2352 ci=0.8915 rm2=0.6958
epoch  635 | mse=0.2376 ci=0.8916 rm2=0.6900
epoch  636 | mse=0.2418 ci=0.8924 rm2=0.6751
epoch  637 | mse=0.2340 ci=0.8915 rm2=0.7017
epoch  638 | mse=0.2391 ci=0.8944 rm2=0.6955
epoch  639 | mse=0.2435 ci=0.8891 rm2=0.6842
epoch  640 | mse=0.2375 ci=0.8894 rm2=0.6907
epoch  641 | mse=0.2497 ci=0.8904 rm2=0.7045
epoch  642 | mse=0.2420 ci=0.8906 rm2=0.6784
epoch  643 | mse=0.2344 ci=0.8898 rm2=0.7064
epoch  644 | mse=0.2360 ci=0.8897 rm2=0.6994
epoch  645 | mse=0.2389 ci=0.8930 rm2=0.6703
epoch  646 | mse=0.2405 ci=0.8915 rm2=0.6824
epoch  647 | mse=0.3039 ci=0.8895 rm2=0.7078
epoch  648 | mse=0.2402 ci=0.8835 rm2=0.6781
epoch  649 | mse=0.2425 ci=0.8938 rm2=0.6817
epoch  650 | mse=0.2469 ci=0.8895 rm2=0.7040
epoch  651 | mse=0.2429 ci=0.8896 rm2=0.6681
epoch  652 | mse=0.2423 ci=0.8856 rm2=0.6932
epoch  653 | mse=0.2365 ci=0.8873 rm2=0.7017
epoch  654 | mse=0.2358 ci=0.8886 rm2=0.6964
epoch  655 | mse=0.2352 ci=0.8932 rm2=0.6917
epoch  656 | mse=0.2420 ci=0.8881 rm2=0.6896
epoch  657 | mse=0.2555 ci=0.8867 rm2=0.6815
epoch  658 | mse=0.2375 ci=0.8840 rm2=0.6849
epoch  659 | mse=0.2491 ci=0.8892 rm2=0.6786
epoch  660 | mse=0.2405 ci=0.8900 rm2=0.7050
epoch  661 | mse=0.2562 ci=0.8887 rm2=0.7064
epoch  662 | mse=0.2358 ci=0.8878 rm2=0.7063
epoch  663 | mse=0.2399 ci=0.8858 rm2=0.7032
epoch  664 | mse=0.2390 ci=0.8957 rm2=0.6912
epoch  665 | mse=0.2409 ci=0.8925 rm2=0.7029
epoch  666 | mse=0.2334 ci=0.8909 rm2=0.6989
epoch  667 | mse=0.2383 ci=0.8879 rm2=0.6999
[FIND BEST!] epoch  668 | mse=0.2304 ci=0.8909 rm2=0.6973
epoch  669 | mse=0.2336 ci=0.8945 rm2=0.6832
epoch  670 | mse=0.2386 ci=0.8896 rm2=0.7061
epoch  671 | mse=0.2395 ci=0.8886 rm2=0.6978
epoch  672 | mse=0.2348 ci=0.8902 rm2=0.7045
epoch  673 | mse=0.2385 ci=0.8901 rm2=0.6873
epoch  674 | mse=0.2367 ci=0.8897 rm2=0.7056
epoch  675 | mse=0.2337 ci=0.8929 rm2=0.7033
epoch  676 | mse=0.2409 ci=0.8913 rm2=0.7035
epoch  677 | mse=0.2367 ci=0.8886 rm2=0.6904
epoch  678 | mse=0.2392 ci=0.8888 rm2=0.7008
epoch  679 | mse=0.2492 ci=0.8907 rm2=0.6978
epoch  680 | mse=0.2445 ci=0.8930 rm2=0.7059
epoch  681 | mse=0.2398 ci=0.8893 rm2=0.6952
epoch  682 | mse=0.2417 ci=0.8882 rm2=0.6912
epoch  683 | mse=0.2365 ci=0.8929 rm2=0.7016
epoch  684 | mse=0.2450 ci=0.8913 rm2=0.7004
epoch  685 | mse=0.2431 ci=0.8930 rm2=0.7010
epoch  686 | mse=0.2377 ci=0.8899 rm2=0.6995
epoch  687 | mse=0.2368 ci=0.8940 rm2=0.6858
epoch  688 | mse=0.2741 ci=0.8843 rm2=0.6903
epoch  689 | mse=0.2373 ci=0.8911 rm2=0.6972
epoch  690 | mse=0.2391 ci=0.8914 rm2=0.6964
epoch  691 | mse=0.2358 ci=0.8930 rm2=0.6960
epoch  692 | mse=0.2365 ci=0.8905 rm2=0.6921
epoch  693 | mse=0.2441 ci=0.8936 rm2=0.7038
epoch  694 | mse=0.2489 ci=0.8916 rm2=0.6976
epoch  695 | mse=0.2457 ci=0.8928 rm2=0.6919
epoch  696 | mse=0.2351 ci=0.8928 rm2=0.6995
epoch  697 | mse=0.2427 ci=0.8911 rm2=0.6906
epoch  698 | mse=0.2386 ci=0.8913 rm2=0.6689
epoch  699 | mse=0.2341 ci=0.8911 rm2=0.7006
epoch  700 | mse=0.2330 ci=0.8908 rm2=0.6967
epoch  701 | mse=0.2440 ci=0.8900 rm2=0.6554
epoch  702 | mse=0.2375 ci=0.8901 rm2=0.6871
epoch  703 | mse=0.2473 ci=0.8872 rm2=0.6911
epoch  704 | mse=0.2578 ci=0.8892 rm2=0.6969
epoch  705 | mse=0.2739 ci=0.8919 rm2=0.7031
epoch  706 | mse=0.2336 ci=0.8913 rm2=0.6963
epoch  707 | mse=0.2420 ci=0.8876 rm2=0.6994
epoch  708 | mse=0.2322 ci=0.8924 rm2=0.6893
epoch  709 | mse=0.2359 ci=0.8907 rm2=0.6979
epoch  710 | mse=0.2325 ci=0.8876 rm2=0.7041
epoch  711 | mse=0.2389 ci=0.8930 rm2=0.7067
epoch  712 | mse=0.2377 ci=0.8908 rm2=0.6896
epoch  713 | mse=0.2374 ci=0.8870 rm2=0.7081
epoch  714 | mse=0.2487 ci=0.8891 rm2=0.6994
epoch  715 | mse=0.2369 ci=0.8900 rm2=0.7053
epoch  716 | mse=0.2369 ci=0.8894 rm2=0.6962
epoch  717 | mse=0.2387 ci=0.8929 rm2=0.7080
epoch  718 | mse=0.2352 ci=0.8946 rm2=0.6883
epoch  719 | mse=0.2413 ci=0.8836 rm2=0.6903
epoch  720 | mse=0.2366 ci=0.8905 rm2=0.6924
epoch  721 | mse=0.2314 ci=0.8905 rm2=0.7084
epoch  722 | mse=0.2416 ci=0.8867 rm2=0.6733
epoch  723 | mse=0.2369 ci=0.8895 rm2=0.7049
epoch  724 | mse=0.2385 ci=0.8905 rm2=0.6844
epoch  725 | mse=0.2397 ci=0.8888 rm2=0.6757
epoch  726 | mse=0.2339 ci=0.8903 rm2=0.7070
epoch  727 | mse=0.2377 ci=0.8926 rm2=0.6815
epoch  728 | mse=0.2416 ci=0.8911 rm2=0.6885
epoch  729 | mse=0.2378 ci=0.8913 rm2=0.6994
epoch  730 | mse=0.2346 ci=0.8915 rm2=0.6814
epoch  731 | mse=0.2438 ci=0.8906 rm2=0.6987
epoch  732 | mse=0.2361 ci=0.8887 rm2=0.7050
epoch  733 | mse=0.2402 ci=0.8906 rm2=0.6765
epoch  734 | mse=0.2562 ci=0.8921 rm2=0.6984
epoch  735 | mse=0.2336 ci=0.8903 rm2=0.6968
epoch  736 | mse=0.2493 ci=0.8874 rm2=0.6828
epoch  737 | mse=0.2414 ci=0.8858 rm2=0.7013
epoch  738 | mse=0.2361 ci=0.8917 rm2=0.6980
epoch  739 | mse=0.2381 ci=0.8909 rm2=0.6983
epoch  740 | mse=0.2388 ci=0.8920 rm2=0.6922
epoch  741 | mse=0.2340 ci=0.8942 rm2=0.6967
epoch  742 | mse=0.2381 ci=0.8912 rm2=0.6972
epoch  743 | mse=0.2394 ci=0.8922 rm2=0.6946
epoch  744 | mse=0.2537 ci=0.8946 rm2=0.7002
epoch  745 | mse=0.2465 ci=0.8919 rm2=0.6964
epoch  746 | mse=0.2327 ci=0.8910 rm2=0.7010
epoch  747 | mse=0.2379 ci=0.8921 rm2=0.6891
epoch  748 | mse=0.2368 ci=0.8937 rm2=0.6728
epoch  749 | mse=0.2382 ci=0.8918 rm2=0.6773
epoch  750 | mse=0.2362 ci=0.8912 rm2=0.6968
epoch  751 | mse=0.2364 ci=0.8929 rm2=0.7042
epoch  752 | mse=0.2328 ci=0.8937 rm2=0.7066
epoch  753 | mse=0.2388 ci=0.8909 rm2=0.7005
epoch  754 | mse=0.2378 ci=0.8919 rm2=0.6963
epoch  755 | mse=0.2380 ci=0.8903 rm2=0.6951
epoch  756 | mse=0.2359 ci=0.8881 rm2=0.6947
epoch  757 | mse=0.2413 ci=0.8894 rm2=0.7018
epoch  758 | mse=0.2360 ci=0.8911 rm2=0.6804
epoch  759 | mse=0.2370 ci=0.8925 rm2=0.7026
epoch  760 | mse=0.2450 ci=0.8926 rm2=0.6563
epoch  761 | mse=0.2375 ci=0.8892 rm2=0.6950
epoch  762 | mse=0.2377 ci=0.8916 rm2=0.7048
epoch  763 | mse=0.2511 ci=0.8864 rm2=0.7080
epoch  764 | mse=0.2354 ci=0.8907 rm2=0.6894
epoch  765 | mse=0.2355 ci=0.8876 rm2=0.7095
epoch  766 | mse=0.2380 ci=0.8904 rm2=0.6940
epoch  767 | mse=0.2392 ci=0.8894 rm2=0.6930
epoch  768 | mse=0.2377 ci=0.8900 rm2=0.6892
epoch  769 | mse=0.2342 ci=0.8914 rm2=0.6989
epoch  770 | mse=0.2341 ci=0.8941 rm2=0.7091
epoch  771 | mse=0.2356 ci=0.8944 rm2=0.6977
epoch  772 | mse=0.2395 ci=0.8918 rm2=0.6925
epoch  773 | mse=0.2336 ci=0.8943 rm2=0.6976
epoch  774 | mse=0.2356 ci=0.8888 rm2=0.6998
epoch  775 | mse=0.2398 ci=0.8952 rm2=0.6995
epoch  776 | mse=0.2329 ci=0.8951 rm2=0.7045
epoch  777 | mse=0.2334 ci=0.8923 rm2=0.6940
epoch  778 | mse=0.2397 ci=0.8925 rm2=0.6935
epoch  779 | mse=0.2358 ci=0.8915 rm2=0.6992
epoch  780 | mse=0.2363 ci=0.8904 rm2=0.7044
epoch  781 | mse=0.2355 ci=0.8892 rm2=0.7043
epoch  782 | mse=0.2349 ci=0.8938 rm2=0.6831
epoch  783 | mse=0.2385 ci=0.8969 rm2=0.6969
epoch  784 | mse=0.2369 ci=0.8922 rm2=0.7110
epoch  785 | mse=0.2355 ci=0.8915 rm2=0.7019
epoch  786 | mse=0.2326 ci=0.8920 rm2=0.7004
epoch  787 | mse=0.2371 ci=0.8891 rm2=0.6907
epoch  788 | mse=0.2401 ci=0.8915 rm2=0.6731
epoch  789 | mse=0.2315 ci=0.8925 rm2=0.7113
[FIND BEST!] epoch  790 | mse=0.2292 ci=0.8908 rm2=0.7019
epoch  791 | mse=0.2366 ci=0.8932 rm2=0.7007
epoch  792 | mse=0.2346 ci=0.8918 rm2=0.7031
[FIND BEST!] epoch  793 | mse=0.2277 ci=0.8926 rm2=0.7136
epoch  794 | mse=0.2363 ci=0.8937 rm2=0.7096
epoch  795 | mse=0.2351 ci=0.8899 rm2=0.6968
epoch  796 | mse=0.2357 ci=0.8899 rm2=0.7126
epoch  797 | mse=0.2332 ci=0.8911 rm2=0.7100
epoch  798 | mse=0.2358 ci=0.8912 rm2=0.6904
epoch  799 | mse=0.2338 ci=0.8929 rm2=0.6865
epoch  800 | mse=0.2468 ci=0.8946 rm2=0.7037
epoch  801 | mse=0.2323 ci=0.8920 rm2=0.7004
epoch  802 | mse=0.2358 ci=0.8927 rm2=0.6874
epoch  803 | mse=0.2353 ci=0.8919 rm2=0.7057
epoch  804 | mse=0.2300 ci=0.8920 rm2=0.6874
epoch  805 | mse=0.2311 ci=0.8900 rm2=0.7112
epoch  806 | mse=0.2346 ci=0.8916 rm2=0.7000
epoch  807 | mse=0.2327 ci=0.8906 rm2=0.6770
epoch  808 | mse=0.2321 ci=0.8935 rm2=0.7110
epoch  809 | mse=0.2314 ci=0.8927 rm2=0.6974
epoch  810 | mse=0.2421 ci=0.8926 rm2=0.6935
epoch  811 | mse=0.2339 ci=0.8947 rm2=0.7096
epoch  812 | mse=0.2412 ci=0.8925 rm2=0.7003
epoch  813 | mse=0.2391 ci=0.8889 rm2=0.7072
epoch  814 | mse=0.2397 ci=0.8903 rm2=0.7066
epoch  815 | mse=0.2335 ci=0.8909 rm2=0.7121
epoch  816 | mse=0.2340 ci=0.8930 rm2=0.7009
epoch  817 | mse=0.2420 ci=0.8923 rm2=0.7005
epoch  818 | mse=0.2400 ci=0.8918 rm2=0.7051
epoch  819 | mse=0.2326 ci=0.8916 rm2=0.6995
epoch  820 | mse=0.2473 ci=0.8930 rm2=0.6796
epoch  821 | mse=0.2363 ci=0.8911 rm2=0.7026
epoch  822 | mse=0.2339 ci=0.8897 rm2=0.6903
[FIND BEST!] epoch  823 | mse=0.2263 ci=0.8917 rm2=0.7094
epoch  824 | mse=0.2365 ci=0.8923 rm2=0.7071
epoch  825 | mse=0.2351 ci=0.8915 rm2=0.6998
epoch  826 | mse=0.2307 ci=0.8922 rm2=0.7033
epoch  827 | mse=0.2376 ci=0.8901 rm2=0.7027
epoch  828 | mse=0.2307 ci=0.8960 rm2=0.6959
epoch  829 | mse=0.2323 ci=0.8925 rm2=0.6944
epoch  830 | mse=0.2439 ci=0.8918 rm2=0.7032
epoch  831 | mse=0.2447 ci=0.8924 rm2=0.6688
epoch  832 | mse=0.2387 ci=0.8900 rm2=0.6751
epoch  833 | mse=0.2386 ci=0.8894 rm2=0.7014
epoch  834 | mse=0.2323 ci=0.8907 rm2=0.7034
epoch  835 | mse=0.2385 ci=0.8890 rm2=0.6977
epoch  836 | mse=0.2384 ci=0.8963 rm2=0.7086
epoch  837 | mse=0.2353 ci=0.8918 rm2=0.7003
epoch  838 | mse=0.2433 ci=0.8861 rm2=0.6897
epoch  839 | mse=0.2428 ci=0.8955 rm2=0.6958
epoch  840 | mse=0.2382 ci=0.8927 rm2=0.6903
epoch  841 | mse=0.2331 ci=0.8934 rm2=0.7097
epoch  842 | mse=0.2409 ci=0.8947 rm2=0.6914
epoch  843 | mse=0.2318 ci=0.8962 rm2=0.7019
epoch  844 | mse=0.2297 ci=0.8925 rm2=0.7060
epoch  845 | mse=0.2317 ci=0.8922 rm2=0.7109
epoch  846 | mse=0.2347 ci=0.8927 rm2=0.6958
epoch  847 | mse=0.2349 ci=0.8903 rm2=0.7068
epoch  848 | mse=0.2368 ci=0.8928 rm2=0.6839
epoch  849 | mse=0.2365 ci=0.8896 rm2=0.6828
epoch  850 | mse=0.2384 ci=0.8921 rm2=0.6992
epoch  851 | mse=0.2356 ci=0.8923 rm2=0.7071
epoch  852 | mse=0.2495 ci=0.8904 rm2=0.6953
epoch  853 | mse=0.2337 ci=0.8915 rm2=0.7104
epoch  854 | mse=0.2337 ci=0.8932 rm2=0.7035
epoch  855 | mse=0.2362 ci=0.8900 rm2=0.6980
epoch  856 | mse=0.2307 ci=0.8930 rm2=0.6878
epoch  857 | mse=0.2327 ci=0.8937 rm2=0.6945
epoch  858 | mse=0.2399 ci=0.8918 rm2=0.7045
epoch  859 | mse=0.2347 ci=0.8906 rm2=0.7055
epoch  860 | mse=0.2333 ci=0.8916 rm2=0.6986
epoch  861 | mse=0.2435 ci=0.8896 rm2=0.6970
epoch  862 | mse=0.2357 ci=0.8903 rm2=0.6947
epoch  863 | mse=0.2368 ci=0.8898 rm2=0.6968
epoch  864 | mse=0.2457 ci=0.8864 rm2=0.6903
epoch  865 | mse=0.2478 ci=0.8881 rm2=0.6723
epoch  866 | mse=0.2342 ci=0.8866 rm2=0.6962
epoch  867 | mse=0.2354 ci=0.8870 rm2=0.7054
epoch  868 | mse=0.2358 ci=0.8928 rm2=0.7061
epoch  869 | mse=0.2342 ci=0.8912 rm2=0.6952
epoch  870 | mse=0.2324 ci=0.8903 rm2=0.6883
epoch  871 | mse=0.2340 ci=0.8913 rm2=0.7061
epoch  872 | mse=0.2317 ci=0.8946 rm2=0.7062
epoch  873 | mse=0.2382 ci=0.8923 rm2=0.6924
epoch  874 | mse=0.2360 ci=0.8940 rm2=0.6897
epoch  875 | mse=0.2359 ci=0.8899 rm2=0.7064
epoch  876 | mse=0.2379 ci=0.8885 rm2=0.7008
epoch  877 | mse=0.2366 ci=0.8912 rm2=0.7048
epoch  878 | mse=0.2342 ci=0.8917 rm2=0.6895
epoch  879 | mse=0.2348 ci=0.8915 rm2=0.6881
epoch  880 | mse=0.2355 ci=0.8920 rm2=0.6968
epoch  881 | mse=0.2385 ci=0.8906 rm2=0.6719
epoch  882 | mse=0.2362 ci=0.8919 rm2=0.7005
epoch  883 | mse=0.2374 ci=0.8916 rm2=0.7004
epoch  884 | mse=0.2455 ci=0.8918 rm2=0.6986
epoch  885 | mse=0.2392 ci=0.8918 rm2=0.7068
epoch  886 | mse=0.2373 ci=0.8893 rm2=0.6968
epoch  887 | mse=0.2389 ci=0.8937 rm2=0.6935
epoch  888 | mse=0.2447 ci=0.8932 rm2=0.6943
epoch  889 | mse=0.2398 ci=0.8898 rm2=0.6892
epoch  890 | mse=0.2402 ci=0.8913 rm2=0.6966
epoch  891 | mse=0.2382 ci=0.8930 rm2=0.6981
epoch  892 | mse=0.2380 ci=0.8885 rm2=0.6755
epoch  893 | mse=0.2371 ci=0.8890 rm2=0.6858
epoch  894 | mse=0.2411 ci=0.8871 rm2=0.6982
epoch  895 | mse=0.2439 ci=0.8876 rm2=0.6920
epoch  896 | mse=0.2404 ci=0.8877 rm2=0.6973
epoch  897 | mse=0.2355 ci=0.8937 rm2=0.7062
epoch  898 | mse=0.2339 ci=0.8897 rm2=0.6971
epoch  899 | mse=0.2322 ci=0.8890 rm2=0.6988
epoch  900 | mse=0.2332 ci=0.8900 rm2=0.6920
epoch  901 | mse=0.2426 ci=0.8950 rm2=0.7048
epoch  902 | mse=0.2420 ci=0.8888 rm2=0.6907
epoch  903 | mse=0.2400 ci=0.8922 rm2=0.6915
epoch  904 | mse=0.2366 ci=0.8908 rm2=0.7004
epoch  905 | mse=0.2379 ci=0.8909 rm2=0.6928
epoch  906 | mse=0.2416 ci=0.8887 rm2=0.6937
epoch  907 | mse=0.2540 ci=0.8910 rm2=0.6973
epoch  908 | mse=0.2496 ci=0.8889 rm2=0.6830
epoch  909 | mse=0.2432 ci=0.8892 rm2=0.7003
epoch  910 | mse=0.2367 ci=0.8900 rm2=0.7022
epoch  911 | mse=0.2329 ci=0.8936 rm2=0.6947
epoch  912 | mse=0.2375 ci=0.8909 rm2=0.7031
epoch  913 | mse=0.2384 ci=0.8921 rm2=0.7033
epoch  914 | mse=0.2400 ci=0.8902 rm2=0.6894
epoch  915 | mse=0.2394 ci=0.8912 rm2=0.6873
epoch  916 | mse=0.2394 ci=0.8897 rm2=0.6920
epoch  917 | mse=0.2370 ci=0.8916 rm2=0.7008
epoch  918 | mse=0.2507 ci=0.8929 rm2=0.7028
epoch  919 | mse=0.2388 ci=0.8912 rm2=0.6827
epoch  920 | mse=0.2554 ci=0.8895 rm2=0.6925
epoch  921 | mse=0.2367 ci=0.8896 rm2=0.6940
epoch  922 | mse=0.2389 ci=0.8877 rm2=0.6865
epoch  923 | mse=0.2369 ci=0.8883 rm2=0.6857
epoch  924 | mse=0.2412 ci=0.8916 rm2=0.6828
epoch  925 | mse=0.2400 ci=0.8904 rm2=0.6918
epoch  926 | mse=0.2388 ci=0.8890 rm2=0.6970
epoch  927 | mse=0.2362 ci=0.8953 rm2=0.7060
epoch  928 | mse=0.2411 ci=0.8894 rm2=0.7031
epoch  929 | mse=0.2443 ci=0.8900 rm2=0.7047
epoch  930 | mse=0.2331 ci=0.8932 rm2=0.7086
epoch  931 | mse=0.2385 ci=0.8903 rm2=0.6994
epoch  932 | mse=0.2362 ci=0.8932 rm2=0.7040
epoch  933 | mse=0.2420 ci=0.8909 rm2=0.7002
epoch  934 | mse=0.2326 ci=0.8922 rm2=0.7046
epoch  935 | mse=0.2350 ci=0.8895 rm2=0.7013
epoch  936 | mse=0.2377 ci=0.8917 rm2=0.7056
epoch  937 | mse=0.2374 ci=0.8928 rm2=0.6892
epoch  938 | mse=0.2368 ci=0.8923 rm2=0.6993
epoch  939 | mse=0.2366 ci=0.8893 rm2=0.6898
epoch  940 | mse=0.2364 ci=0.8941 rm2=0.6794
epoch  941 | mse=0.2367 ci=0.8948 rm2=0.6974
epoch  942 | mse=0.2320 ci=0.8923 rm2=0.6957
epoch  943 | mse=0.2343 ci=0.8891 rm2=0.6949
epoch  944 | mse=0.2389 ci=0.8923 rm2=0.7049
epoch  945 | mse=0.2370 ci=0.8910 rm2=0.6960
epoch  946 | mse=0.2372 ci=0.8912 rm2=0.7096
epoch  947 | mse=0.2326 ci=0.8940 rm2=0.7011
epoch  948 | mse=0.2384 ci=0.8911 rm2=0.7006
epoch  949 | mse=0.2348 ci=0.8920 rm2=0.7056
epoch  950 | mse=0.2339 ci=0.8906 rm2=0.7031
epoch  951 | mse=0.2365 ci=0.8880 rm2=0.6858
epoch  952 | mse=0.2357 ci=0.8916 rm2=0.6961
epoch  953 | mse=0.2352 ci=0.8924 rm2=0.6993
epoch  954 | mse=0.2361 ci=0.8935 rm2=0.6939
epoch  955 | mse=0.2369 ci=0.8905 rm2=0.7049
epoch  956 | mse=0.2382 ci=0.8920 rm2=0.6892
epoch  957 | mse=0.2340 ci=0.8898 rm2=0.6822
epoch  958 | mse=0.2373 ci=0.8925 rm2=0.6978
epoch  959 | mse=0.2401 ci=0.8893 rm2=0.6886
epoch  960 | mse=0.2369 ci=0.8906 rm2=0.7046
epoch  961 | mse=0.2422 ci=0.8901 rm2=0.6887
epoch  962 | mse=0.2402 ci=0.8928 rm2=0.6856
epoch  963 | mse=0.2406 ci=0.8897 rm2=0.7005
epoch  964 | mse=0.2401 ci=0.8936 rm2=0.7000
epoch  965 | mse=0.2373 ci=0.8905 rm2=0.6972
epoch  966 | mse=0.2399 ci=0.8888 rm2=0.6977
epoch  967 | mse=0.2503 ci=0.8912 rm2=0.6953
epoch  968 | mse=0.2391 ci=0.8910 rm2=0.6992
epoch  969 | mse=0.2399 ci=0.8889 rm2=0.6977
epoch  970 | mse=0.2438 ci=0.8909 rm2=0.6966
epoch  971 | mse=0.2402 ci=0.8913 rm2=0.6977
epoch  972 | mse=0.2331 ci=0.8898 rm2=0.6990
epoch  973 | mse=0.2336 ci=0.8921 rm2=0.6907
epoch  974 | mse=0.2369 ci=0.8911 rm2=0.7009
epoch  975 | mse=0.2397 ci=0.8910 rm2=0.7065
epoch  976 | mse=0.2378 ci=0.8924 rm2=0.6984
epoch  977 | mse=0.2374 ci=0.8873 rm2=0.6989
epoch  978 | mse=0.2333 ci=0.8912 rm2=0.7081
epoch  979 | mse=0.2428 ci=0.8916 rm2=0.6951
epoch  980 | mse=0.2347 ci=0.8941 rm2=0.6842
epoch  981 | mse=0.2382 ci=0.8927 rm2=0.6834
epoch  982 | mse=0.2364 ci=0.8926 rm2=0.6937
epoch  983 | mse=0.2366 ci=0.8914 rm2=0.6927
epoch  984 | mse=0.2400 ci=0.8896 rm2=0.6776
epoch  985 | mse=0.2403 ci=0.8893 rm2=0.7027
epoch  986 | mse=0.2371 ci=0.8901 rm2=0.6854
epoch  987 | mse=0.2347 ci=0.8927 rm2=0.7046
epoch  988 | mse=0.2406 ci=0.8960 rm2=0.6872
epoch  989 | mse=0.2367 ci=0.8959 rm2=0.6984
epoch  990 | mse=0.2359 ci=0.8935 rm2=0.7029
epoch  991 | mse=0.2470 ci=0.8928 rm2=0.6933
epoch  992 | mse=0.2352 ci=0.8920 rm2=0.6937
epoch  993 | mse=0.2357 ci=0.8949 rm2=0.6997
epoch  994 | mse=0.2362 ci=0.8928 rm2=0.7024
epoch  995 | mse=0.2350 ci=0.8919 rm2=0.6928
epoch  996 | mse=0.2403 ci=0.8945 rm2=0.7083
epoch  997 | mse=0.2437 ci=0.8932 rm2=0.6985
epoch  998 | mse=0.2400 ci=0.8890 rm2=0.6957
epoch  999 | mse=0.2325 ci=0.8927 rm2=0.6813
epoch 1000 | mse=0.2323 ci=0.8913 rm2=0.7061
final test | epoch 823 | mse=0.2263 ci=0.8917 rm2=0.7094
[07:06:34] DONE  GraphDTA GIN
[07:06:34] ========== Davis GraphDTA seed=3000 COMPLETE ==========
