[01:36:45] ========== Davis GraphDTA seed=2000 models=gin ==========
[01:36:45] START GraphDTA GIN
GraphDTA_GIN | davis | classic | cuda=cuda:0
LR=0.0005 epochs=1000 val_interval=1 patience=200

--- davis seed=2000 ---
Pre-processed data found: /root/autodl-tmp/HAG-DTA-cache/processed/davis_train.pt, loading ...
Pre-processed data found: /root/autodl-tmp/HAG-DTA-cache/processed/davis_test.pt, loading ...
/root/HAG-DTA/py38_env/lib/python3.8/site-packages/torch_geometric/deprecation.py:26: UserWarning: 'data.DenseDataLoader' is deprecated, use 'loader.DenseDataLoader' instead
  warnings.warn(out)
[FIND BEST!] epoch    1 | mse=0.7603 ci=0.6954 rm2=0.1213
[FIND BEST!] epoch    2 | mse=0.6152 ci=0.7602 rm2=0.2268
[FIND BEST!] epoch    3 | mse=0.6030 ci=0.7751 rm2=0.2512
[FIND BEST!] epoch    4 | mse=0.5678 ci=0.7672 rm2=0.2881
[FIND BEST!] epoch    5 | mse=0.5108 ci=0.8037 rm2=0.3811
[FIND BEST!] epoch    6 | mse=0.4679 ci=0.8067 rm2=0.3956
[FIND BEST!] epoch    7 | mse=0.4585 ci=0.8134 rm2=0.4391
[FIND BEST!] epoch    8 | mse=0.4263 ci=0.8093 rm2=0.4509
[FIND BEST!] epoch    9 | mse=0.4207 ci=0.8226 rm2=0.4851
[FIND BEST!] epoch   10 | mse=0.4129 ci=0.8209 rm2=0.4679
[FIND BEST!] epoch   11 | mse=0.3795 ci=0.8313 rm2=0.5213
epoch   12 | mse=0.4551 ci=0.8402 rm2=0.4820
[FIND BEST!] epoch   13 | mse=0.3519 ci=0.8518 rm2=0.5366
epoch   14 | mse=0.3729 ci=0.8554 rm2=0.4755
epoch   15 | mse=0.4260 ci=0.8493 rm2=0.5068
epoch   16 | mse=0.3919 ci=0.8426 rm2=0.5256
epoch   17 | mse=0.3559 ci=0.8489 rm2=0.5497
epoch   18 | mse=0.4206 ci=0.8294 rm2=0.5305
[FIND BEST!] epoch   19 | mse=0.3294 ci=0.8582 rm2=0.5496
epoch   20 | mse=0.3371 ci=0.8534 rm2=0.5545
epoch   21 | mse=0.3404 ci=0.8523 rm2=0.5514
epoch   22 | mse=0.3726 ci=0.8592 rm2=0.5655
[FIND BEST!] epoch   23 | mse=0.3206 ci=0.8627 rm2=0.5412
[FIND BEST!] epoch   24 | mse=0.3190 ci=0.8613 rm2=0.5464
epoch   25 | mse=0.3421 ci=0.8661 rm2=0.5305
epoch   26 | mse=0.3452 ci=0.8645 rm2=0.5595
epoch   27 | mse=0.3243 ci=0.8561 rm2=0.5654
[FIND BEST!] epoch   28 | mse=0.2946 ci=0.8679 rm2=0.6093
epoch   29 | mse=0.3040 ci=0.8619 rm2=0.5853
epoch   30 | mse=0.2996 ci=0.8710 rm2=0.5605
epoch   31 | mse=0.3217 ci=0.8635 rm2=0.5648
[FIND BEST!] epoch   32 | mse=0.2933 ci=0.8719 rm2=0.5741
epoch   33 | mse=0.3044 ci=0.8648 rm2=0.5831
epoch   34 | mse=0.2990 ci=0.8666 rm2=0.5731
epoch   35 | mse=0.3051 ci=0.8575 rm2=0.6011
epoch   36 | mse=0.3478 ci=0.8623 rm2=0.5898
[FIND BEST!] epoch   37 | mse=0.2882 ci=0.8755 rm2=0.5766
epoch   38 | mse=0.3115 ci=0.8626 rm2=0.5411
epoch   39 | mse=0.3008 ci=0.8719 rm2=0.6093
epoch   40 | mse=0.3004 ci=0.8726 rm2=0.5967
epoch   41 | mse=0.2924 ci=0.8645 rm2=0.6086
epoch   42 | mse=0.2929 ci=0.8696 rm2=0.5994
epoch   43 | mse=0.2960 ci=0.8689 rm2=0.5600
epoch   44 | mse=0.3104 ci=0.8570 rm2=0.6041
[FIND BEST!] epoch   45 | mse=0.2766 ci=0.8663 rm2=0.6091
epoch   46 | mse=0.2908 ci=0.8688 rm2=0.6209
epoch   47 | mse=0.3559 ci=0.8700 rm2=0.5515
[FIND BEST!] epoch   48 | mse=0.2764 ci=0.8668 rm2=0.6349
epoch   49 | mse=0.3015 ci=0.8668 rm2=0.5938
epoch   50 | mse=0.2923 ci=0.8700 rm2=0.5941
epoch   51 | mse=0.2924 ci=0.8704 rm2=0.5982
epoch   52 | mse=0.2997 ci=0.8668 rm2=0.5882
epoch   53 | mse=0.2811 ci=0.8680 rm2=0.5987
epoch   54 | mse=0.2791 ci=0.8691 rm2=0.6049
epoch   55 | mse=0.2775 ci=0.8695 rm2=0.6109
epoch   56 | mse=0.2890 ci=0.8630 rm2=0.6066
epoch   57 | mse=0.3062 ci=0.8717 rm2=0.5986
epoch   58 | mse=0.3041 ci=0.8640 rm2=0.5851
epoch   59 | mse=0.2973 ci=0.8684 rm2=0.5996
epoch   60 | mse=0.2976 ci=0.8707 rm2=0.6166
[FIND BEST!] epoch   61 | mse=0.2749 ci=0.8752 rm2=0.6061
epoch   62 | mse=0.2852 ci=0.8619 rm2=0.6239
epoch   63 | mse=0.2882 ci=0.8687 rm2=0.5808
epoch   64 | mse=0.2817 ci=0.8650 rm2=0.6377
epoch   65 | mse=0.2903 ci=0.8755 rm2=0.5980
epoch   66 | mse=0.2757 ci=0.8662 rm2=0.6255
epoch   67 | mse=0.2857 ci=0.8738 rm2=0.5810
epoch   68 | mse=0.2781 ci=0.8666 rm2=0.6132
epoch   69 | mse=0.2774 ci=0.8750 rm2=0.6458
epoch   70 | mse=0.3167 ci=0.8600 rm2=0.6232
epoch   71 | mse=0.2872 ci=0.8706 rm2=0.6089
epoch   72 | mse=0.2827 ci=0.8735 rm2=0.5831
[FIND BEST!] epoch   73 | mse=0.2748 ci=0.8755 rm2=0.6090
[FIND BEST!] epoch   74 | mse=0.2704 ci=0.8730 rm2=0.6434
epoch   75 | mse=0.2742 ci=0.8795 rm2=0.6067
epoch   76 | mse=0.2739 ci=0.8725 rm2=0.6376
epoch   77 | mse=0.2765 ci=0.8735 rm2=0.5986
[FIND BEST!] epoch   78 | mse=0.2677 ci=0.8776 rm2=0.6331
epoch   79 | mse=0.2887 ci=0.8739 rm2=0.6292
epoch   80 | mse=0.2917 ci=0.8644 rm2=0.6553
epoch   81 | mse=0.2825 ci=0.8773 rm2=0.6212
epoch   82 | mse=0.3069 ci=0.8591 rm2=0.5838
epoch   83 | mse=0.2831 ci=0.8653 rm2=0.6269
epoch   84 | mse=0.2768 ci=0.8764 rm2=0.6083
epoch   85 | mse=0.2817 ci=0.8739 rm2=0.6253
epoch   86 | mse=0.2801 ci=0.8717 rm2=0.6039
epoch   87 | mse=0.2685 ci=0.8771 rm2=0.6344
epoch   88 | mse=0.2760 ci=0.8754 rm2=0.6359
epoch   89 | mse=0.2811 ci=0.8817 rm2=0.6242
epoch   90 | mse=0.2685 ci=0.8733 rm2=0.6365
[FIND BEST!] epoch   91 | mse=0.2672 ci=0.8747 rm2=0.6401
epoch   92 | mse=0.2765 ci=0.8783 rm2=0.5809
[FIND BEST!] epoch   93 | mse=0.2640 ci=0.8796 rm2=0.6458
epoch   94 | mse=0.2661 ci=0.8760 rm2=0.6611
epoch   95 | mse=0.2751 ci=0.8728 rm2=0.6648
epoch   96 | mse=0.2867 ci=0.8632 rm2=0.6264
epoch   97 | mse=0.2698 ci=0.8751 rm2=0.6068
epoch   98 | mse=0.2928 ci=0.8789 rm2=0.6184
epoch   99 | mse=0.2693 ci=0.8745 rm2=0.6524
epoch  100 | mse=0.2654 ci=0.8779 rm2=0.6302
epoch  101 | mse=0.2738 ci=0.8754 rm2=0.6307
epoch  102 | mse=0.2665 ci=0.8793 rm2=0.6516
epoch  103 | mse=0.2663 ci=0.8730 rm2=0.6696
epoch  104 | mse=0.2745 ci=0.8770 rm2=0.6658
epoch  105 | mse=0.2777 ci=0.8693 rm2=0.6464
[FIND BEST!] epoch  106 | mse=0.2602 ci=0.8769 rm2=0.6472
epoch  107 | mse=0.2624 ci=0.8767 rm2=0.6280
epoch  108 | mse=0.2953 ci=0.8770 rm2=0.6270
epoch  109 | mse=0.2727 ci=0.8760 rm2=0.6198
epoch  110 | mse=0.2930 ci=0.8814 rm2=0.6165
epoch  111 | mse=0.2745 ci=0.8793 rm2=0.6665
epoch  112 | mse=0.2879 ci=0.8857 rm2=0.6363
epoch  113 | mse=0.2730 ci=0.8737 rm2=0.6183
epoch  114 | mse=0.2644 ci=0.8774 rm2=0.6459
epoch  115 | mse=0.2641 ci=0.8846 rm2=0.6242
epoch  116 | mse=0.2803 ci=0.8819 rm2=0.6414
epoch  117 | mse=0.2750 ci=0.8736 rm2=0.6657
epoch  118 | mse=0.2848 ci=0.8851 rm2=0.6217
epoch  119 | mse=0.2672 ci=0.8769 rm2=0.6292
[FIND BEST!] epoch  120 | mse=0.2598 ci=0.8755 rm2=0.6478
epoch  121 | mse=0.2859 ci=0.8808 rm2=0.6506
epoch  122 | mse=0.2679 ci=0.8804 rm2=0.6213
epoch  123 | mse=0.2733 ci=0.8708 rm2=0.6470
epoch  124 | mse=0.2623 ci=0.8776 rm2=0.6844
[FIND BEST!] epoch  125 | mse=0.2576 ci=0.8783 rm2=0.6499
epoch  126 | mse=0.2694 ci=0.8776 rm2=0.6443
epoch  127 | mse=0.2709 ci=0.8735 rm2=0.6583
epoch  128 | mse=0.2783 ci=0.8832 rm2=0.6778
epoch  129 | mse=0.2684 ci=0.8721 rm2=0.6221
epoch  130 | mse=0.2593 ci=0.8794 rm2=0.6436
[FIND BEST!] epoch  131 | mse=0.2562 ci=0.8834 rm2=0.6507
[FIND BEST!] epoch  132 | mse=0.2533 ci=0.8805 rm2=0.6686
[FIND BEST!] epoch  133 | mse=0.2533 ci=0.8770 rm2=0.6562
epoch  134 | mse=0.2648 ci=0.8724 rm2=0.6520
epoch  135 | mse=0.2578 ci=0.8814 rm2=0.6451
epoch  136 | mse=0.2542 ci=0.8837 rm2=0.6584
epoch  137 | mse=0.2583 ci=0.8710 rm2=0.6467
epoch  138 | mse=0.2556 ci=0.8839 rm2=0.6456
epoch  139 | mse=0.2551 ci=0.8834 rm2=0.6533
epoch  140 | mse=0.2547 ci=0.8891 rm2=0.6770
epoch  141 | mse=0.2539 ci=0.8778 rm2=0.6864
epoch  142 | mse=0.2584 ci=0.8836 rm2=0.6432
epoch  143 | mse=0.2655 ci=0.8787 rm2=0.6636
[FIND BEST!] epoch  144 | mse=0.2504 ci=0.8783 rm2=0.6559
epoch  145 | mse=0.3104 ci=0.8826 rm2=0.6461
epoch  146 | mse=0.2610 ci=0.8803 rm2=0.6349
epoch  147 | mse=0.2512 ci=0.8846 rm2=0.6630
epoch  148 | mse=0.2929 ci=0.8837 rm2=0.6256
[FIND BEST!] epoch  149 | mse=0.2497 ci=0.8817 rm2=0.6663
epoch  150 | mse=0.2596 ci=0.8824 rm2=0.6587
epoch  151 | mse=0.2562 ci=0.8883 rm2=0.6725
epoch  152 | mse=0.2798 ci=0.8811 rm2=0.6806
epoch  153 | mse=0.2722 ci=0.8829 rm2=0.6583
epoch  154 | mse=0.2547 ci=0.8820 rm2=0.6908
[FIND BEST!] epoch  155 | mse=0.2486 ci=0.8874 rm2=0.6739
epoch  156 | mse=0.2675 ci=0.8760 rm2=0.6878
epoch  157 | mse=0.2849 ci=0.8627 rm2=0.6065
epoch  158 | mse=0.2589 ci=0.8691 rm2=0.6734
epoch  159 | mse=0.2614 ci=0.8736 rm2=0.6578
epoch  160 | mse=0.2613 ci=0.8706 rm2=0.6684
epoch  161 | mse=0.2530 ci=0.8825 rm2=0.6432
epoch  162 | mse=0.2617 ci=0.8821 rm2=0.6186
epoch  163 | mse=0.2619 ci=0.8789 rm2=0.6679
epoch  164 | mse=0.2589 ci=0.8735 rm2=0.6392
epoch  165 | mse=0.2814 ci=0.8801 rm2=0.6396
epoch  166 | mse=0.2675 ci=0.8736 rm2=0.6247
epoch  167 | mse=0.2507 ci=0.8818 rm2=0.6449
epoch  168 | mse=0.2663 ci=0.8742 rm2=0.6690
epoch  169 | mse=0.2684 ci=0.8825 rm2=0.6155
[FIND BEST!] epoch  170 | mse=0.2461 ci=0.8784 rm2=0.6862
epoch  171 | mse=0.2623 ci=0.8786 rm2=0.6390
epoch  172 | mse=0.2527 ci=0.8791 rm2=0.6782
epoch  173 | mse=0.2528 ci=0.8808 rm2=0.6788
epoch  174 | mse=0.2513 ci=0.8780 rm2=0.6598
epoch  175 | mse=0.2502 ci=0.8813 rm2=0.6934
epoch  176 | mse=0.2504 ci=0.8808 rm2=0.6489
epoch  177 | mse=0.2487 ci=0.8794 rm2=0.6643
epoch  178 | mse=0.2511 ci=0.8843 rm2=0.6896
epoch  179 | mse=0.2554 ci=0.8807 rm2=0.6443
epoch  180 | mse=0.2558 ci=0.8811 rm2=0.6623
epoch  181 | mse=0.2659 ci=0.8732 rm2=0.6707
epoch  182 | mse=0.2481 ci=0.8830 rm2=0.6686
epoch  183 | mse=0.2471 ci=0.8821 rm2=0.6830
epoch  184 | mse=0.2567 ci=0.8792 rm2=0.6856
epoch  185 | mse=0.2548 ci=0.8803 rm2=0.6739
epoch  186 | mse=0.2518 ci=0.8826 rm2=0.6796
epoch  187 | mse=0.2501 ci=0.8874 rm2=0.6553
epoch  188 | mse=0.2479 ci=0.8865 rm2=0.6669
epoch  189 | mse=0.2630 ci=0.8834 rm2=0.6536
epoch  190 | mse=0.2655 ci=0.8865 rm2=0.6706
epoch  191 | mse=0.2469 ci=0.8852 rm2=0.6882
epoch  192 | mse=0.2503 ci=0.8874 rm2=0.6691
epoch  193 | mse=0.2534 ci=0.8778 rm2=0.6754
[FIND BEST!] epoch  194 | mse=0.2431 ci=0.8870 rm2=0.6960
epoch  195 | mse=0.2460 ci=0.8847 rm2=0.6666
epoch  196 | mse=0.2498 ci=0.8815 rm2=0.6865
epoch  197 | mse=0.2532 ci=0.8833 rm2=0.6810
epoch  198 | mse=0.2495 ci=0.8828 rm2=0.6707
epoch  199 | mse=0.2572 ci=0.8817 rm2=0.6598
epoch  200 | mse=0.2909 ci=0.8797 rm2=0.6600
epoch  201 | mse=0.2514 ci=0.8821 rm2=0.6659
epoch  202 | mse=0.2531 ci=0.8825 rm2=0.6543
epoch  203 | mse=0.2479 ci=0.8854 rm2=0.6508
epoch  204 | mse=0.2677 ci=0.8903 rm2=0.6505
epoch  205 | mse=0.2509 ci=0.8812 rm2=0.6905
epoch  206 | mse=0.2638 ci=0.8764 rm2=0.6673
[FIND BEST!] epoch  207 | mse=0.2430 ci=0.8853 rm2=0.6899
epoch  208 | mse=0.2476 ci=0.8830 rm2=0.6878
epoch  209 | mse=0.2774 ci=0.8805 rm2=0.6937
epoch  210 | mse=0.2646 ci=0.8859 rm2=0.6627
epoch  211 | mse=0.2693 ci=0.8888 rm2=0.6727
epoch  212 | mse=0.2809 ci=0.8804 rm2=0.6674
epoch  213 | mse=0.2473 ci=0.8883 rm2=0.6921
epoch  214 | mse=0.2869 ci=0.8830 rm2=0.6472
epoch  215 | mse=0.2551 ci=0.8832 rm2=0.6610
epoch  216 | mse=0.2431 ci=0.8855 rm2=0.6956
epoch  217 | mse=0.2545 ci=0.8745 rm2=0.6615
epoch  218 | mse=0.2502 ci=0.8795 rm2=0.6669
epoch  219 | mse=0.2636 ci=0.8843 rm2=0.6651
epoch  220 | mse=0.2993 ci=0.8816 rm2=0.6515
epoch  221 | mse=0.2466 ci=0.8847 rm2=0.6828
epoch  222 | mse=0.2443 ci=0.8830 rm2=0.6876
epoch  223 | mse=0.2497 ci=0.8819 rm2=0.6968
[FIND BEST!] epoch  224 | mse=0.2426 ci=0.8797 rm2=0.6779
epoch  225 | mse=0.2452 ci=0.8799 rm2=0.6844
epoch  226 | mse=0.2440 ci=0.8888 rm2=0.6902
[FIND BEST!] epoch  227 | mse=0.2419 ci=0.8862 rm2=0.6844
epoch  228 | mse=0.2613 ci=0.8878 rm2=0.6745
epoch  229 | mse=0.3089 ci=0.8868 rm2=0.6899
epoch  230 | mse=0.2443 ci=0.8897 rm2=0.6968
epoch  231 | mse=0.2437 ci=0.8879 rm2=0.6602
[FIND BEST!] epoch  232 | mse=0.2375 ci=0.8898 rm2=0.6989
epoch  233 | mse=0.2407 ci=0.8887 rm2=0.6875
[FIND BEST!] epoch  234 | mse=0.2351 ci=0.8901 rm2=0.6989
epoch  235 | mse=0.2434 ci=0.8910 rm2=0.6617
epoch  236 | mse=0.2425 ci=0.8806 rm2=0.6765
epoch  237 | mse=0.2431 ci=0.8885 rm2=0.6951
epoch  238 | mse=0.2416 ci=0.8848 rm2=0.6881
epoch  239 | mse=0.2417 ci=0.8852 rm2=0.6964
epoch  240 | mse=0.2409 ci=0.8956 rm2=0.6928
epoch  241 | mse=0.2467 ci=0.8879 rm2=0.6983
epoch  242 | mse=0.2448 ci=0.8876 rm2=0.6890
epoch  243 | mse=0.2449 ci=0.8910 rm2=0.6925
epoch  244 | mse=0.2391 ci=0.8888 rm2=0.6840
epoch  245 | mse=0.2450 ci=0.8839 rm2=0.6875
epoch  246 | mse=0.2425 ci=0.8865 rm2=0.6760
epoch  247 | mse=0.2523 ci=0.8833 rm2=0.6882
epoch  248 | mse=0.2400 ci=0.8930 rm2=0.6827
epoch  249 | mse=0.2398 ci=0.8870 rm2=0.6992
epoch  250 | mse=0.2581 ci=0.8879 rm2=0.6665
epoch  251 | mse=0.2402 ci=0.8903 rm2=0.6815
epoch  252 | mse=0.2491 ci=0.8863 rm2=0.6561
epoch  253 | mse=0.2450 ci=0.8840 rm2=0.6819
epoch  254 | mse=0.2446 ci=0.8886 rm2=0.7009
epoch  255 | mse=0.2473 ci=0.8841 rm2=0.6690
epoch  256 | mse=0.2488 ci=0.8894 rm2=0.6951
epoch  257 | mse=0.2523 ci=0.8830 rm2=0.6881
epoch  258 | mse=0.2514 ci=0.8875 rm2=0.6699
epoch  259 | mse=0.2501 ci=0.8913 rm2=0.6726
epoch  260 | mse=0.2415 ci=0.8879 rm2=0.6681
epoch  261 | mse=0.2379 ci=0.8869 rm2=0.6935
epoch  262 | mse=0.2560 ci=0.8855 rm2=0.6984
epoch  263 | mse=0.2522 ci=0.8896 rm2=0.6916
epoch  264 | mse=0.2500 ci=0.8838 rm2=0.6888
epoch  265 | mse=0.2433 ci=0.8869 rm2=0.6620
epoch  266 | mse=0.2496 ci=0.8911 rm2=0.6401
epoch  267 | mse=0.3269 ci=0.8884 rm2=0.6680
epoch  268 | mse=0.2640 ci=0.8798 rm2=0.6773
epoch  269 | mse=0.2416 ci=0.8902 rm2=0.6875
epoch  270 | mse=0.2391 ci=0.8874 rm2=0.6921
epoch  271 | mse=0.2400 ci=0.8830 rm2=0.6982
epoch  272 | mse=0.2453 ci=0.8898 rm2=0.6624
epoch  273 | mse=0.2435 ci=0.8850 rm2=0.6931
epoch  274 | mse=0.2418 ci=0.8785 rm2=0.6875
epoch  275 | mse=0.2513 ci=0.8870 rm2=0.6547
epoch  276 | mse=0.2407 ci=0.8888 rm2=0.6909
epoch  277 | mse=0.2472 ci=0.8864 rm2=0.6950
epoch  278 | mse=0.2404 ci=0.8877 rm2=0.6994
epoch  279 | mse=0.2448 ci=0.8805 rm2=0.6836
epoch  280 | mse=0.2475 ci=0.8837 rm2=0.6710
epoch  281 | mse=0.2405 ci=0.8874 rm2=0.6611
epoch  282 | mse=0.2459 ci=0.8851 rm2=0.7062
epoch  283 | mse=0.2468 ci=0.8824 rm2=0.7041
epoch  284 | mse=0.2417 ci=0.8847 rm2=0.6927
epoch  285 | mse=0.2471 ci=0.8744 rm2=0.6873
epoch  286 | mse=0.2458 ci=0.8877 rm2=0.6715
epoch  287 | mse=0.2461 ci=0.8887 rm2=0.6782
[FIND BEST!] epoch  288 | mse=0.2350 ci=0.8882 rm2=0.7000
epoch  289 | mse=0.2509 ci=0.8861 rm2=0.6932
epoch  290 | mse=0.2430 ci=0.8830 rm2=0.6772
epoch  291 | mse=0.2498 ci=0.8913 rm2=0.7015
epoch  292 | mse=0.2380 ci=0.8868 rm2=0.7054
epoch  293 | mse=0.2364 ci=0.8907 rm2=0.6844
epoch  294 | mse=0.2667 ci=0.8876 rm2=0.6676
epoch  295 | mse=0.2386 ci=0.8800 rm2=0.6829
[FIND BEST!] epoch  296 | mse=0.2342 ci=0.8911 rm2=0.6901
epoch  297 | mse=0.2360 ci=0.8876 rm2=0.6936
epoch  298 | mse=0.2343 ci=0.8857 rm2=0.7004
epoch  299 | mse=0.2518 ci=0.8850 rm2=0.6842
epoch  300 | mse=0.2382 ci=0.8893 rm2=0.6946
epoch  301 | mse=0.2363 ci=0.8892 rm2=0.6943
epoch  302 | mse=0.2372 ci=0.8880 rm2=0.6939
epoch  303 | mse=0.2440 ci=0.8823 rm2=0.6964
epoch  304 | mse=0.2384 ci=0.8889 rm2=0.6813
epoch  305 | mse=0.2827 ci=0.8859 rm2=0.6714
epoch  306 | mse=0.2460 ci=0.8893 rm2=0.7035
epoch  307 | mse=0.2402 ci=0.8914 rm2=0.6683
epoch  308 | mse=0.2445 ci=0.8886 rm2=0.6632
epoch  309 | mse=0.2390 ci=0.8912 rm2=0.6750
epoch  310 | mse=0.2484 ci=0.8843 rm2=0.6928
epoch  311 | mse=0.2471 ci=0.8886 rm2=0.6745
epoch  312 | mse=0.2410 ci=0.8866 rm2=0.6945
epoch  313 | mse=0.2354 ci=0.8858 rm2=0.6951
epoch  314 | mse=0.2345 ci=0.8881 rm2=0.6914
epoch  315 | mse=0.2370 ci=0.8822 rm2=0.7014
epoch  316 | mse=0.2495 ci=0.8864 rm2=0.6985
epoch  317 | mse=0.2359 ci=0.8910 rm2=0.7072
epoch  318 | mse=0.2436 ci=0.8789 rm2=0.6920
epoch  319 | mse=0.2840 ci=0.8877 rm2=0.6935
epoch  320 | mse=0.2693 ci=0.8852 rm2=0.6651
epoch  321 | mse=0.2365 ci=0.8911 rm2=0.6971
epoch  322 | mse=0.2413 ci=0.8843 rm2=0.6828
epoch  323 | mse=0.2486 ci=0.8883 rm2=0.7034
epoch  324 | mse=0.2495 ci=0.8921 rm2=0.6798
epoch  325 | mse=0.2499 ci=0.8846 rm2=0.6978
epoch  326 | mse=0.2465 ci=0.8891 rm2=0.6650
epoch  327 | mse=0.2367 ci=0.8875 rm2=0.6817
epoch  328 | mse=0.2389 ci=0.8833 rm2=0.6891
epoch  329 | mse=0.2359 ci=0.8888 rm2=0.6975
epoch  330 | mse=0.2587 ci=0.8875 rm2=0.7055
epoch  331 | mse=0.2566 ci=0.8901 rm2=0.6620
epoch  332 | mse=0.2456 ci=0.8886 rm2=0.7053
epoch  333 | mse=0.2422 ci=0.8878 rm2=0.7019
epoch  334 | mse=0.2517 ci=0.8936 rm2=0.6802
epoch  335 | mse=0.2374 ci=0.8817 rm2=0.7045
[FIND BEST!] epoch  336 | mse=0.2337 ci=0.8921 rm2=0.7073
[FIND BEST!] epoch  337 | mse=0.2333 ci=0.8933 rm2=0.6891
epoch  338 | mse=0.2510 ci=0.8883 rm2=0.6947
[FIND BEST!] epoch  339 | mse=0.2315 ci=0.8889 rm2=0.7053
[FIND BEST!] epoch  340 | mse=0.2299 ci=0.8916 rm2=0.6983
epoch  341 | mse=0.2405 ci=0.8878 rm2=0.6605
epoch  342 | mse=0.2366 ci=0.8903 rm2=0.7023
epoch  343 | mse=0.2356 ci=0.8853 rm2=0.6870
epoch  344 | mse=0.2331 ci=0.8895 rm2=0.7009
epoch  345 | mse=0.2306 ci=0.8927 rm2=0.7106
epoch  346 | mse=0.2325 ci=0.8887 rm2=0.7092
epoch  347 | mse=0.2463 ci=0.8921 rm2=0.6970
epoch  348 | mse=0.2410 ci=0.8835 rm2=0.6950
epoch  349 | mse=0.2589 ci=0.8896 rm2=0.6876
epoch  350 | mse=0.2385 ci=0.8874 rm2=0.6816
epoch  351 | mse=0.2408 ci=0.8878 rm2=0.6932
[FIND BEST!] epoch  352 | mse=0.2278 ci=0.8938 rm2=0.7098
epoch  353 | mse=0.2395 ci=0.8824 rm2=0.7008
epoch  354 | mse=0.2328 ci=0.8952 rm2=0.6921
epoch  355 | mse=0.2359 ci=0.8847 rm2=0.6968
epoch  356 | mse=0.2424 ci=0.8881 rm2=0.6942
epoch  357 | mse=0.2374 ci=0.8933 rm2=0.6725
epoch  358 | mse=0.2380 ci=0.8925 rm2=0.6923
epoch  359 | mse=0.2564 ci=0.8913 rm2=0.7028
epoch  360 | mse=0.2549 ci=0.8896 rm2=0.6936
epoch  361 | mse=0.2336 ci=0.8931 rm2=0.6943
epoch  362 | mse=0.2404 ci=0.8882 rm2=0.6931
epoch  363 | mse=0.2386 ci=0.8915 rm2=0.7085
epoch  364 | mse=0.2465 ci=0.8890 rm2=0.7066
epoch  365 | mse=0.2336 ci=0.8921 rm2=0.6947
epoch  366 | mse=0.2344 ci=0.8940 rm2=0.6823
epoch  367 | mse=0.2424 ci=0.8886 rm2=0.6865
epoch  368 | mse=0.2322 ci=0.8899 rm2=0.6988
epoch  369 | mse=0.2494 ci=0.8933 rm2=0.6823
epoch  370 | mse=0.2576 ci=0.8869 rm2=0.6753
epoch  371 | mse=0.2372 ci=0.8871 rm2=0.6942
epoch  372 | mse=0.2434 ci=0.8866 rm2=0.6924
epoch  373 | mse=0.2539 ci=0.8885 rm2=0.6946
epoch  374 | mse=0.2369 ci=0.8938 rm2=0.7066
epoch  375 | mse=0.2437 ci=0.8858 rm2=0.6940
epoch  376 | mse=0.2344 ci=0.8910 rm2=0.6954
epoch  377 | mse=0.2471 ci=0.8900 rm2=0.6844
epoch  378 | mse=0.2337 ci=0.8886 rm2=0.7077
epoch  379 | mse=0.2381 ci=0.8888 rm2=0.6974
epoch  380 | mse=0.2478 ci=0.8879 rm2=0.7007
epoch  381 | mse=0.2331 ci=0.8881 rm2=0.6993
epoch  382 | mse=0.2373 ci=0.8909 rm2=0.6858
epoch  383 | mse=0.2377 ci=0.8945 rm2=0.6644
epoch  384 | mse=0.2733 ci=0.8906 rm2=0.7028
epoch  385 | mse=0.2387 ci=0.8910 rm2=0.6999
epoch  386 | mse=0.2366 ci=0.8862 rm2=0.6857
epoch  387 | mse=0.2339 ci=0.8888 rm2=0.6669
epoch  388 | mse=0.2327 ci=0.8888 rm2=0.7077
epoch  389 | mse=0.2545 ci=0.8866 rm2=0.7007
epoch  390 | mse=0.2320 ci=0.8881 rm2=0.7000
epoch  391 | mse=0.2514 ci=0.8873 rm2=0.7011
epoch  392 | mse=0.2355 ci=0.8888 rm2=0.7021
epoch  393 | mse=0.2670 ci=0.8879 rm2=0.6680
epoch  394 | mse=0.2380 ci=0.8907 rm2=0.6830
epoch  395 | mse=0.2351 ci=0.8912 rm2=0.7050
epoch  396 | mse=0.2497 ci=0.8883 rm2=0.6747
epoch  397 | mse=0.2377 ci=0.8920 rm2=0.6984
epoch  398 | mse=0.2403 ci=0.8909 rm2=0.6829
epoch  399 | mse=0.2474 ci=0.8932 rm2=0.6901
epoch  400 | mse=0.2367 ci=0.8930 rm2=0.6896
epoch  401 | mse=0.2430 ci=0.8886 rm2=0.6672
epoch  402 | mse=0.2325 ci=0.8884 rm2=0.7116
epoch  403 | mse=0.2342 ci=0.8879 rm2=0.6993
epoch  404 | mse=0.2608 ci=0.8903 rm2=0.6820
epoch  405 | mse=0.2350 ci=0.8920 rm2=0.6940
epoch  406 | mse=0.2332 ci=0.8920 rm2=0.6916
epoch  407 | mse=0.2468 ci=0.8905 rm2=0.6994
epoch  408 | mse=0.2337 ci=0.8914 rm2=0.6969
epoch  409 | mse=0.2648 ci=0.8876 rm2=0.7098
epoch  410 | mse=0.2330 ci=0.8930 rm2=0.7091
epoch  411 | mse=0.2382 ci=0.8911 rm2=0.7081
[FIND BEST!] epoch  412 | mse=0.2274 ci=0.8925 rm2=0.7166
epoch  413 | mse=0.2309 ci=0.8966 rm2=0.7130
epoch  414 | mse=0.2305 ci=0.8940 rm2=0.7085
epoch  415 | mse=0.2361 ci=0.8934 rm2=0.6808
epoch  416 | mse=0.2401 ci=0.8863 rm2=0.6816
epoch  417 | mse=0.2381 ci=0.8883 rm2=0.7062
epoch  418 | mse=0.2360 ci=0.8890 rm2=0.7033
epoch  419 | mse=0.2403 ci=0.8844 rm2=0.6836
epoch  420 | mse=0.2440 ci=0.8933 rm2=0.7030
epoch  421 | mse=0.2423 ci=0.8842 rm2=0.6839
epoch  422 | mse=0.2379 ci=0.8891 rm2=0.6877
epoch  423 | mse=0.2335 ci=0.8909 rm2=0.6934
epoch  424 | mse=0.2298 ci=0.8920 rm2=0.7088
epoch  425 | mse=0.2402 ci=0.8843 rm2=0.7061
epoch  426 | mse=0.2569 ci=0.8921 rm2=0.6978
epoch  427 | mse=0.2301 ci=0.8913 rm2=0.7027
epoch  428 | mse=0.2278 ci=0.8900 rm2=0.6967
epoch  429 | mse=0.2348 ci=0.8898 rm2=0.6915
epoch  430 | mse=0.2354 ci=0.8899 rm2=0.7021
epoch  431 | mse=0.2351 ci=0.8914 rm2=0.6811
epoch  432 | mse=0.2480 ci=0.8871 rm2=0.6845
epoch  433 | mse=0.2301 ci=0.8917 rm2=0.7052
epoch  434 | mse=0.2358 ci=0.8934 rm2=0.6953
epoch  435 | mse=0.2364 ci=0.8906 rm2=0.7096
epoch  436 | mse=0.2319 ci=0.8913 rm2=0.7004
epoch  437 | mse=0.2564 ci=0.8885 rm2=0.6886
epoch  438 | mse=0.2715 ci=0.8925 rm2=0.6939
epoch  439 | mse=0.2504 ci=0.8896 rm2=0.6994
epoch  440 | mse=0.2385 ci=0.8903 rm2=0.7094
epoch  441 | mse=0.2292 ci=0.8905 rm2=0.7095
epoch  442 | mse=0.2313 ci=0.8900 rm2=0.6983
epoch  443 | mse=0.2449 ci=0.8910 rm2=0.6945
epoch  444 | mse=0.2383 ci=0.8912 rm2=0.7074
epoch  445 | mse=0.2325 ci=0.8905 rm2=0.6976
epoch  446 | mse=0.2336 ci=0.8882 rm2=0.6925
epoch  447 | mse=0.2351 ci=0.8890 rm2=0.7017
epoch  448 | mse=0.2300 ci=0.8905 rm2=0.7134
epoch  449 | mse=0.2306 ci=0.8926 rm2=0.7049
epoch  450 | mse=0.2332 ci=0.8931 rm2=0.6849
epoch  451 | mse=0.2386 ci=0.8937 rm2=0.7099
epoch  452 | mse=0.2432 ci=0.8945 rm2=0.6992
epoch  453 | mse=0.2289 ci=0.8930 rm2=0.7033
epoch  454 | mse=0.2347 ci=0.8917 rm2=0.7011
epoch  455 | mse=0.2332 ci=0.8936 rm2=0.7030
epoch  456 | mse=0.2488 ci=0.8932 rm2=0.7025
epoch  457 | mse=0.2366 ci=0.8908 rm2=0.6972
epoch  458 | mse=0.2429 ci=0.8902 rm2=0.6896
epoch  459 | mse=0.2345 ci=0.8932 rm2=0.6688
epoch  460 | mse=0.2620 ci=0.8917 rm2=0.7025
epoch  461 | mse=0.2324 ci=0.8904 rm2=0.6915
epoch  462 | mse=0.2290 ci=0.8897 rm2=0.7115
epoch  463 | mse=0.2338 ci=0.8859 rm2=0.6859
epoch  464 | mse=0.2363 ci=0.8939 rm2=0.7002
epoch  465 | mse=0.2378 ci=0.8890 rm2=0.6836
epoch  466 | mse=0.2349 ci=0.8920 rm2=0.7108
epoch  467 | mse=0.2433 ci=0.8907 rm2=0.7086
epoch  468 | mse=0.2335 ci=0.8911 rm2=0.7021
epoch  469 | mse=0.2376 ci=0.8910 rm2=0.7035
epoch  470 | mse=0.2574 ci=0.8900 rm2=0.6998
epoch  471 | mse=0.2581 ci=0.8847 rm2=0.6973
epoch  472 | mse=0.2331 ci=0.8939 rm2=0.7024
epoch  473 | mse=0.2418 ci=0.8901 rm2=0.6950
epoch  474 | mse=0.2353 ci=0.8929 rm2=0.7061
epoch  475 | mse=0.2368 ci=0.8926 rm2=0.7004
epoch  476 | mse=0.2352 ci=0.8922 rm2=0.6935
epoch  477 | mse=0.2654 ci=0.8854 rm2=0.7068
epoch  478 | mse=0.2381 ci=0.8904 rm2=0.7026
epoch  479 | mse=0.2372 ci=0.8891 rm2=0.7059
epoch  480 | mse=0.2320 ci=0.8899 rm2=0.7101
epoch  481 | mse=0.2323 ci=0.8912 rm2=0.7007
epoch  482 | mse=0.2354 ci=0.8941 rm2=0.7074
epoch  483 | mse=0.2560 ci=0.8889 rm2=0.7125
epoch  484 | mse=0.2317 ci=0.8923 rm2=0.7154
epoch  485 | mse=0.2293 ci=0.8941 rm2=0.6984
epoch  486 | mse=0.2359 ci=0.8908 rm2=0.7069
epoch  487 | mse=0.2342 ci=0.8907 rm2=0.6887
epoch  488 | mse=0.2571 ci=0.8871 rm2=0.7007
epoch  489 | mse=0.2285 ci=0.8944 rm2=0.6853
epoch  490 | mse=0.2303 ci=0.8896 rm2=0.6981
epoch  491 | mse=0.2423 ci=0.8886 rm2=0.6981
epoch  492 | mse=0.2375 ci=0.8838 rm2=0.6994
[FIND BEST!] epoch  493 | mse=0.2270 ci=0.8913 rm2=0.7041
epoch  494 | mse=0.2315 ci=0.8909 rm2=0.7097
epoch  495 | mse=0.2270 ci=0.8911 rm2=0.7025
epoch  496 | mse=0.2326 ci=0.8940 rm2=0.7059
epoch  497 | mse=0.2347 ci=0.8905 rm2=0.7054
epoch  498 | mse=0.2368 ci=0.8919 rm2=0.7031
epoch  499 | mse=0.2361 ci=0.8899 rm2=0.7010
epoch  500 | mse=0.2402 ci=0.8870 rm2=0.6861
epoch  501 | mse=0.2287 ci=0.8916 rm2=0.6952
epoch  502 | mse=0.2368 ci=0.8895 rm2=0.6978
epoch  503 | mse=0.2720 ci=0.8924 rm2=0.6921
epoch  504 | mse=0.2329 ci=0.8937 rm2=0.6904
epoch  505 | mse=0.2469 ci=0.8916 rm2=0.7107
epoch  506 | mse=0.2437 ci=0.8879 rm2=0.7039
epoch  507 | mse=0.2404 ci=0.8884 rm2=0.7032
epoch  508 | mse=0.2378 ci=0.8963 rm2=0.7139
epoch  509 | mse=0.2355 ci=0.8917 rm2=0.7098
epoch  510 | mse=0.2275 ci=0.8921 rm2=0.7102
epoch  511 | mse=0.2316 ci=0.8917 rm2=0.7120
epoch  512 | mse=0.2334 ci=0.8931 rm2=0.7025
epoch  513 | mse=0.2340 ci=0.8921 rm2=0.6940
epoch  514 | mse=0.2424 ci=0.8944 rm2=0.7016
epoch  515 | mse=0.2328 ci=0.8956 rm2=0.6988
epoch  516 | mse=0.2324 ci=0.8888 rm2=0.7045
epoch  517 | mse=0.2431 ci=0.8874 rm2=0.7080
epoch  518 | mse=0.2290 ci=0.8938 rm2=0.7022
epoch  519 | mse=0.2519 ci=0.8927 rm2=0.6914
epoch  520 | mse=0.2347 ci=0.8896 rm2=0.6998
epoch  521 | mse=0.2340 ci=0.8881 rm2=0.7101
epoch  522 | mse=0.2277 ci=0.8897 rm2=0.7173
epoch  523 | mse=0.2305 ci=0.8947 rm2=0.7019
epoch  524 | mse=0.2319 ci=0.8926 rm2=0.6905
epoch  525 | mse=0.2350 ci=0.8920 rm2=0.7030
epoch  526 | mse=0.2376 ci=0.8869 rm2=0.7077
epoch  527 | mse=0.2339 ci=0.8919 rm2=0.6975
epoch  528 | mse=0.2316 ci=0.8899 rm2=0.6980
epoch  529 | mse=0.2282 ci=0.8937 rm2=0.6942
epoch  530 | mse=0.2317 ci=0.8920 rm2=0.6860
epoch  531 | mse=0.2327 ci=0.8907 rm2=0.7002
epoch  532 | mse=0.2339 ci=0.8917 rm2=0.7008
epoch  533 | mse=0.2288 ci=0.8907 rm2=0.7091
epoch  534 | mse=0.2320 ci=0.8918 rm2=0.6919
epoch  535 | mse=0.2338 ci=0.8886 rm2=0.6992
epoch  536 | mse=0.2423 ci=0.8845 rm2=0.7051
epoch  537 | mse=0.2412 ci=0.8877 rm2=0.7020
epoch  538 | mse=0.2287 ci=0.8928 rm2=0.7169
epoch  539 | mse=0.2463 ci=0.8861 rm2=0.6975
epoch  540 | mse=0.2489 ci=0.8898 rm2=0.7049
epoch  541 | mse=0.2328 ci=0.8877 rm2=0.7045
epoch  542 | mse=0.2290 ci=0.8894 rm2=0.7098
epoch  543 | mse=0.2430 ci=0.8876 rm2=0.7071
epoch  544 | mse=0.2441 ci=0.8892 rm2=0.6979
epoch  545 | mse=0.2321 ci=0.8892 rm2=0.7047
epoch  546 | mse=0.2339 ci=0.8891 rm2=0.6977
epoch  547 | mse=0.2346 ci=0.8900 rm2=0.6903
epoch  548 | mse=0.2308 ci=0.8904 rm2=0.6975
epoch  549 | mse=0.2313 ci=0.8897 rm2=0.7025
epoch  550 | mse=0.2309 ci=0.8915 rm2=0.7015
epoch  551 | mse=0.2363 ci=0.8904 rm2=0.7124
epoch  552 | mse=0.2356 ci=0.8869 rm2=0.6962
epoch  553 | mse=0.2338 ci=0.8962 rm2=0.6964
epoch  554 | mse=0.2365 ci=0.8935 rm2=0.6740
epoch  555 | mse=0.2371 ci=0.8934 rm2=0.7085
epoch  556 | mse=0.2296 ci=0.8932 rm2=0.7142
epoch  557 | mse=0.2346 ci=0.8925 rm2=0.6977
epoch  558 | mse=0.2397 ci=0.8914 rm2=0.6913
epoch  559 | mse=0.2378 ci=0.8936 rm2=0.6944
epoch  560 | mse=0.2314 ci=0.8996 rm2=0.7023
epoch  561 | mse=0.2345 ci=0.8889 rm2=0.6958
epoch  562 | mse=0.2328 ci=0.8869 rm2=0.7067
epoch  563 | mse=0.2338 ci=0.8903 rm2=0.6978
epoch  564 | mse=0.2295 ci=0.8949 rm2=0.7081
epoch  565 | mse=0.2488 ci=0.8896 rm2=0.7032
epoch  566 | mse=0.2326 ci=0.8873 rm2=0.7069
epoch  567 | mse=0.2283 ci=0.8954 rm2=0.7117
epoch  568 | mse=0.2437 ci=0.8919 rm2=0.6999
epoch  569 | mse=0.2479 ci=0.8887 rm2=0.7008
epoch  570 | mse=0.2311 ci=0.8895 rm2=0.6953
epoch  571 | mse=0.2462 ci=0.8931 rm2=0.7159
epoch  572 | mse=0.2354 ci=0.8892 rm2=0.6846
epoch  573 | mse=0.2383 ci=0.8894 rm2=0.7030
epoch  574 | mse=0.2312 ci=0.8916 rm2=0.7122
epoch  575 | mse=0.2429 ci=0.8946 rm2=0.7107
epoch  576 | mse=0.2338 ci=0.8930 rm2=0.7073
epoch  577 | mse=0.2552 ci=0.8880 rm2=0.7067
epoch  578 | mse=0.2431 ci=0.8885 rm2=0.6994
epoch  579 | mse=0.2391 ci=0.8889 rm2=0.7025
epoch  580 | mse=0.2350 ci=0.8950 rm2=0.6669
epoch  581 | mse=0.2753 ci=0.8927 rm2=0.7011
epoch  582 | mse=0.2285 ci=0.8934 rm2=0.7158
epoch  583 | mse=0.2305 ci=0.8937 rm2=0.7060
epoch  584 | mse=0.2312 ci=0.8896 rm2=0.6858
epoch  585 | mse=0.2590 ci=0.8881 rm2=0.6917
epoch  586 | mse=0.2311 ci=0.8940 rm2=0.6891
epoch  587 | mse=0.2316 ci=0.8906 rm2=0.6974
epoch  588 | mse=0.2330 ci=0.8879 rm2=0.6995
epoch  589 | mse=0.2385 ci=0.8917 rm2=0.7002
epoch  590 | mse=0.2362 ci=0.8878 rm2=0.7054
epoch  591 | mse=0.2428 ci=0.8908 rm2=0.6977
epoch  592 | mse=0.2369 ci=0.8907 rm2=0.7097
epoch  593 | mse=0.2293 ci=0.8928 rm2=0.6895
epoch  594 | mse=0.2342 ci=0.8936 rm2=0.6923
epoch  595 | mse=0.2384 ci=0.8938 rm2=0.7100
epoch  596 | mse=0.2351 ci=0.8849 rm2=0.7034
epoch  597 | mse=0.2326 ci=0.8892 rm2=0.6940
epoch  598 | mse=0.2340 ci=0.8935 rm2=0.7055
epoch  599 | mse=0.2585 ci=0.8907 rm2=0.7052
epoch  600 | mse=0.2358 ci=0.8917 rm2=0.7053
epoch  601 | mse=0.2362 ci=0.8912 rm2=0.7001
epoch  602 | mse=0.2483 ci=0.8907 rm2=0.7065
epoch  603 | mse=0.2370 ci=0.8897 rm2=0.6890
epoch  604 | mse=0.2364 ci=0.8946 rm2=0.6863
epoch  605 | mse=0.2321 ci=0.8940 rm2=0.6984
epoch  606 | mse=0.2404 ci=0.8948 rm2=0.7066
epoch  607 | mse=0.2323 ci=0.8918 rm2=0.7070
epoch  608 | mse=0.2341 ci=0.8948 rm2=0.6725
epoch  609 | mse=0.2393 ci=0.8926 rm2=0.7058
epoch  610 | mse=0.2351 ci=0.8950 rm2=0.7012
epoch  611 | mse=0.2383 ci=0.8915 rm2=0.7007
epoch  612 | mse=0.2430 ci=0.8881 rm2=0.6932
epoch  613 | mse=0.2357 ci=0.8913 rm2=0.6978
epoch  614 | mse=0.2339 ci=0.8943 rm2=0.7081
epoch  615 | mse=0.2313 ci=0.8934 rm2=0.6867
epoch  616 | mse=0.2377 ci=0.8910 rm2=0.7009
epoch  617 | mse=0.2320 ci=0.8898 rm2=0.6977
epoch  618 | mse=0.2408 ci=0.8924 rm2=0.7126
epoch  619 | mse=0.2514 ci=0.8925 rm2=0.6903
epoch  620 | mse=0.2356 ci=0.8876 rm2=0.7009
epoch  621 | mse=0.2343 ci=0.8944 rm2=0.6986
epoch  622 | mse=0.2384 ci=0.8932 rm2=0.6856
epoch  623 | mse=0.2346 ci=0.8911 rm2=0.7074
epoch  624 | mse=0.2557 ci=0.8926 rm2=0.6939
epoch  625 | mse=0.2334 ci=0.8915 rm2=0.7041
epoch  626 | mse=0.2367 ci=0.8919 rm2=0.7038
epoch  627 | mse=0.2367 ci=0.8902 rm2=0.6851
epoch  628 | mse=0.2324 ci=0.8963 rm2=0.7075
epoch  629 | mse=0.2402 ci=0.8935 rm2=0.6726
epoch  630 | mse=0.2386 ci=0.8956 rm2=0.6742
epoch  631 | mse=0.2378 ci=0.8911 rm2=0.7076
epoch  632 | mse=0.2327 ci=0.8926 rm2=0.7024
epoch  633 | mse=0.2421 ci=0.8940 rm2=0.6966
epoch  634 | mse=0.2387 ci=0.8938 rm2=0.7012
epoch  635 | mse=0.2450 ci=0.8902 rm2=0.6985
epoch  636 | mse=0.2430 ci=0.8891 rm2=0.6990
epoch  637 | mse=0.2346 ci=0.8907 rm2=0.6917
epoch  638 | mse=0.2383 ci=0.8927 rm2=0.6987
epoch  639 | mse=0.2318 ci=0.8887 rm2=0.7085
epoch  640 | mse=0.2381 ci=0.8918 rm2=0.6933
epoch  641 | mse=0.2552 ci=0.8907 rm2=0.6924
epoch  642 | mse=0.2562 ci=0.8912 rm2=0.6970
epoch  643 | mse=0.2319 ci=0.8962 rm2=0.6929
epoch  644 | mse=0.2371 ci=0.8916 rm2=0.7058
epoch  645 | mse=0.2308 ci=0.8913 rm2=0.7086
epoch  646 | mse=0.2352 ci=0.8940 rm2=0.6951
epoch  647 | mse=0.2384 ci=0.8941 rm2=0.6681
epoch  648 | mse=0.2329 ci=0.8913 rm2=0.7002
epoch  649 | mse=0.2352 ci=0.8945 rm2=0.6959
epoch  650 | mse=0.2338 ci=0.8918 rm2=0.7031
epoch  651 | mse=0.2300 ci=0.8948 rm2=0.7069
epoch  652 | mse=0.2310 ci=0.8933 rm2=0.7026
epoch  653 | mse=0.2357 ci=0.8896 rm2=0.7008
epoch  654 | mse=0.2343 ci=0.8908 rm2=0.7019
epoch  655 | mse=0.2342 ci=0.8961 rm2=0.6865
epoch  656 | mse=0.2353 ci=0.8917 rm2=0.6945
epoch  657 | mse=0.2310 ci=0.8914 rm2=0.7073
epoch  658 | mse=0.2439 ci=0.8954 rm2=0.7098
epoch  659 | mse=0.2323 ci=0.8918 rm2=0.6845
epoch  660 | mse=0.2368 ci=0.8962 rm2=0.6974
epoch  661 | mse=0.2326 ci=0.8941 rm2=0.6961
epoch  662 | mse=0.2318 ci=0.8909 rm2=0.7110
epoch  663 | mse=0.2296 ci=0.8949 rm2=0.7139
epoch  664 | mse=0.2400 ci=0.8903 rm2=0.7011
epoch  665 | mse=0.2353 ci=0.8922 rm2=0.6963
epoch  666 | mse=0.2298 ci=0.8927 rm2=0.7019
epoch  667 | mse=0.2309 ci=0.8924 rm2=0.7031
epoch  668 | mse=0.2322 ci=0.8898 rm2=0.6941
epoch  669 | mse=0.2308 ci=0.8889 rm2=0.7108
epoch  670 | mse=0.2320 ci=0.8928 rm2=0.7017
epoch  671 | mse=0.2346 ci=0.8946 rm2=0.6855
epoch  672 | mse=0.2343 ci=0.8915 rm2=0.6951
epoch  673 | mse=0.2311 ci=0.8922 rm2=0.7025
epoch  674 | mse=0.2323 ci=0.8949 rm2=0.6920
epoch  675 | mse=0.2384 ci=0.8904 rm2=0.6975
epoch  676 | mse=0.2447 ci=0.8910 rm2=0.6943
epoch  677 | mse=0.2402 ci=0.8948 rm2=0.6999
epoch  678 | mse=0.2392 ci=0.8942 rm2=0.6992
epoch  679 | mse=0.2358 ci=0.8910 rm2=0.6980
epoch  680 | mse=0.2350 ci=0.8926 rm2=0.6953
epoch  681 | mse=0.2405 ci=0.8927 rm2=0.6963
epoch  682 | mse=0.2365 ci=0.8911 rm2=0.7052
epoch  683 | mse=0.2370 ci=0.8968 rm2=0.6902
epoch  684 | mse=0.2402 ci=0.8921 rm2=0.7028
epoch  685 | mse=0.2352 ci=0.8901 rm2=0.7004
epoch  686 | mse=0.2281 ci=0.8927 rm2=0.7118
epoch  687 | mse=0.2308 ci=0.8924 rm2=0.6959
epoch  688 | mse=0.2397 ci=0.8959 rm2=0.7058
epoch  689 | mse=0.2328 ci=0.8993 rm2=0.7105
epoch  690 | mse=0.2352 ci=0.8923 rm2=0.7141
epoch  691 | mse=0.2376 ci=0.8913 rm2=0.7045
epoch  692 | mse=0.2296 ci=0.8950 rm2=0.7100
epoch  693 | mse=0.2330 ci=0.8932 rm2=0.7073
early stop at epoch 693
final test | epoch 493 | mse=0.2270 ci=0.8913 rm2=0.7041
[05:26:08] DONE  GraphDTA GIN
[05:26:08] ========== Davis GraphDTA seed=2000 COMPLETE ==========
