[01:56:44] ========== Davis GraphDTA seed=100 models=gin ==========
[01:56:44] START GraphDTA GIN
GraphDTA_GIN | davis | classic | cuda=cuda:0
LR=0.0005 epochs=1000 val_interval=1 patience=200

--- davis seed=100 ---
Pre-processed data found: /root/autodl-tmp/HAG-DTA-cache/processed/davis_train.pt, loading ...
Pre-processed data found: /root/autodl-tmp/HAG-DTA-cache/processed/davis_test.pt, loading ...
/root/HAG-DTA/py38_env/lib/python3.8/site-packages/torch_geometric/deprecation.py:26: UserWarning: 'data.DenseDataLoader' is deprecated, use 'loader.DenseDataLoader' instead
  warnings.warn(out)
[FIND BEST!] epoch    1 | mse=0.7737 ci=0.6873 rm2=0.1260
[FIND BEST!] epoch    2 | mse=0.6693 ci=0.7302 rm2=0.1780
[FIND BEST!] epoch    3 | mse=0.6249 ci=0.7648 rm2=0.2542
[FIND BEST!] epoch    4 | mse=0.5726 ci=0.7608 rm2=0.2779
epoch    5 | mse=0.6465 ci=0.7869 rm2=0.3137
[FIND BEST!] epoch    6 | mse=0.5362 ci=0.7829 rm2=0.3226
[FIND BEST!] epoch    7 | mse=0.4656 ci=0.8101 rm2=0.3995
[FIND BEST!] epoch    8 | mse=0.4396 ci=0.8229 rm2=0.4310
epoch    9 | mse=0.4496 ci=0.8139 rm2=0.4420
[FIND BEST!] epoch   10 | mse=0.3800 ci=0.8315 rm2=0.5224
epoch   11 | mse=0.4290 ci=0.8381 rm2=0.4860
epoch   12 | mse=0.4894 ci=0.8468 rm2=0.4871
[FIND BEST!] epoch   13 | mse=0.3700 ci=0.8452 rm2=0.5459
[FIND BEST!] epoch   14 | mse=0.3694 ci=0.8498 rm2=0.4863
epoch   15 | mse=0.4024 ci=0.8533 rm2=0.5140
[FIND BEST!] epoch   16 | mse=0.3366 ci=0.8494 rm2=0.5701
[FIND BEST!] epoch   17 | mse=0.3218 ci=0.8620 rm2=0.5682
epoch   18 | mse=0.3988 ci=0.8428 rm2=0.5154
epoch   19 | mse=0.3323 ci=0.8532 rm2=0.5582
epoch   20 | mse=0.3690 ci=0.8251 rm2=0.5356
[FIND BEST!] epoch   21 | mse=0.3213 ci=0.8577 rm2=0.5904
epoch   22 | mse=0.3620 ci=0.8581 rm2=0.5397
[FIND BEST!] epoch   23 | mse=0.3180 ci=0.8654 rm2=0.5745
epoch   24 | mse=0.3191 ci=0.8528 rm2=0.5938
[FIND BEST!] epoch   25 | mse=0.3040 ci=0.8612 rm2=0.5998
epoch   26 | mse=0.3296 ci=0.8716 rm2=0.5751
epoch   27 | mse=0.3385 ci=0.8560 rm2=0.5470
epoch   28 | mse=0.3062 ci=0.8617 rm2=0.6190
epoch   29 | mse=0.3202 ci=0.8612 rm2=0.5850
[FIND BEST!] epoch   30 | mse=0.3020 ci=0.8613 rm2=0.5815
epoch   31 | mse=0.3624 ci=0.8631 rm2=0.5441
[FIND BEST!] epoch   32 | mse=0.2976 ci=0.8613 rm2=0.6198
epoch   33 | mse=0.3043 ci=0.8706 rm2=0.5714
[FIND BEST!] epoch   34 | mse=0.2843 ci=0.8668 rm2=0.5991
epoch   35 | mse=0.2999 ci=0.8692 rm2=0.5984
[FIND BEST!] epoch   36 | mse=0.2819 ci=0.8673 rm2=0.6318
epoch   37 | mse=0.3045 ci=0.8597 rm2=0.5835
epoch   38 | mse=0.2914 ci=0.8683 rm2=0.5912
epoch   39 | mse=0.2836 ci=0.8650 rm2=0.6313
epoch   40 | mse=0.2955 ci=0.8685 rm2=0.6135
[FIND BEST!] epoch   41 | mse=0.2814 ci=0.8663 rm2=0.6444
[FIND BEST!] epoch   42 | mse=0.2750 ci=0.8736 rm2=0.6131
epoch   43 | mse=0.2811 ci=0.8658 rm2=0.6183
epoch   44 | mse=0.3215 ci=0.8499 rm2=0.5441
epoch   45 | mse=0.2863 ci=0.8711 rm2=0.6250
epoch   46 | mse=0.2885 ci=0.8693 rm2=0.5854
epoch   47 | mse=0.3160 ci=0.8688 rm2=0.5940
epoch   48 | mse=0.2840 ci=0.8741 rm2=0.5867
epoch   49 | mse=0.2761 ci=0.8710 rm2=0.6413
epoch   50 | mse=0.2969 ci=0.8685 rm2=0.6305
epoch   51 | mse=0.2919 ci=0.8630 rm2=0.6373
epoch   52 | mse=0.2952 ci=0.8736 rm2=0.6034
[FIND BEST!] epoch   53 | mse=0.2657 ci=0.8738 rm2=0.6285
epoch   54 | mse=0.3061 ci=0.8756 rm2=0.6086
epoch   55 | mse=0.2887 ci=0.8728 rm2=0.5960
epoch   56 | mse=0.2731 ci=0.8755 rm2=0.6069
epoch   57 | mse=0.2731 ci=0.8740 rm2=0.6527
epoch   58 | mse=0.2756 ci=0.8672 rm2=0.6231
epoch   59 | mse=0.2826 ci=0.8693 rm2=0.6249
epoch   60 | mse=0.3102 ci=0.8725 rm2=0.5989
epoch   61 | mse=0.3128 ci=0.8724 rm2=0.6330
epoch   62 | mse=0.2750 ci=0.8735 rm2=0.6192
epoch   63 | mse=0.2751 ci=0.8769 rm2=0.6024
epoch   64 | mse=0.2827 ci=0.8698 rm2=0.5925
epoch   65 | mse=0.3117 ci=0.8698 rm2=0.5838
epoch   66 | mse=0.3063 ci=0.8534 rm2=0.5901
epoch   67 | mse=0.3101 ci=0.8598 rm2=0.5861
epoch   68 | mse=0.2831 ci=0.8686 rm2=0.5935
epoch   69 | mse=0.2910 ci=0.8770 rm2=0.5795
epoch   70 | mse=0.2826 ci=0.8666 rm2=0.6177
epoch   71 | mse=0.2769 ci=0.8739 rm2=0.6283
epoch   72 | mse=0.2825 ci=0.8639 rm2=0.6282
epoch   73 | mse=0.3009 ci=0.8722 rm2=0.6321
epoch   74 | mse=0.2787 ci=0.8703 rm2=0.6158
epoch   75 | mse=0.2770 ci=0.8779 rm2=0.6143
epoch   76 | mse=0.2806 ci=0.8741 rm2=0.5852
epoch   77 | mse=0.2735 ci=0.8707 rm2=0.6576
epoch   78 | mse=0.2668 ci=0.8735 rm2=0.6453
epoch   79 | mse=0.2924 ci=0.8759 rm2=0.6319
epoch   80 | mse=0.2676 ci=0.8761 rm2=0.6241
epoch   81 | mse=0.2724 ci=0.8794 rm2=0.6267
epoch   82 | mse=0.3378 ci=0.8768 rm2=0.6285
epoch   83 | mse=0.2766 ci=0.8766 rm2=0.6334
epoch   84 | mse=0.2729 ci=0.8792 rm2=0.5957
epoch   85 | mse=0.2803 ci=0.8691 rm2=0.6406
epoch   86 | mse=0.2832 ci=0.8795 rm2=0.6208
epoch   87 | mse=0.2788 ci=0.8804 rm2=0.6615
epoch   88 | mse=0.2979 ci=0.8749 rm2=0.6248
epoch   89 | mse=0.2761 ci=0.8787 rm2=0.6222
epoch   90 | mse=0.2674 ci=0.8761 rm2=0.6552
epoch   91 | mse=0.2751 ci=0.8745 rm2=0.6266
epoch   92 | mse=0.2717 ci=0.8797 rm2=0.6307
epoch   93 | mse=0.2765 ci=0.8738 rm2=0.6398
epoch   94 | mse=0.2934 ci=0.8747 rm2=0.6382
epoch   95 | mse=0.2818 ci=0.8732 rm2=0.6254
epoch   96 | mse=0.2692 ci=0.8851 rm2=0.6120
epoch   97 | mse=0.2872 ci=0.8729 rm2=0.6196
epoch   98 | mse=0.3013 ci=0.8789 rm2=0.5929
epoch   99 | mse=0.2772 ci=0.8828 rm2=0.6121
epoch  100 | mse=0.2742 ci=0.8677 rm2=0.6567
[FIND BEST!] epoch  101 | mse=0.2535 ci=0.8825 rm2=0.6549
epoch  102 | mse=0.2650 ci=0.8811 rm2=0.6196
epoch  103 | mse=0.2684 ci=0.8807 rm2=0.6091
epoch  104 | mse=0.2638 ci=0.8807 rm2=0.6470
epoch  105 | mse=0.2665 ci=0.8735 rm2=0.6491
epoch  106 | mse=0.2634 ci=0.8805 rm2=0.6388
epoch  107 | mse=0.2608 ci=0.8751 rm2=0.6522
epoch  108 | mse=0.2939 ci=0.8775 rm2=0.6182
epoch  109 | mse=0.2929 ci=0.8794 rm2=0.6093
epoch  110 | mse=0.2659 ci=0.8796 rm2=0.6417
epoch  111 | mse=0.2691 ci=0.8750 rm2=0.6168
epoch  112 | mse=0.2679 ci=0.8725 rm2=0.6548
epoch  113 | mse=0.2602 ci=0.8818 rm2=0.6427
epoch  114 | mse=0.2673 ci=0.8876 rm2=0.6029
epoch  115 | mse=0.2611 ci=0.8800 rm2=0.6548
epoch  116 | mse=0.2793 ci=0.8801 rm2=0.6435
epoch  117 | mse=0.2558 ci=0.8789 rm2=0.6508
epoch  118 | mse=0.2668 ci=0.8761 rm2=0.6472
epoch  119 | mse=0.2748 ci=0.8846 rm2=0.6274
epoch  120 | mse=0.2738 ci=0.8738 rm2=0.6498
epoch  121 | mse=0.2718 ci=0.8817 rm2=0.6384
epoch  122 | mse=0.2660 ci=0.8798 rm2=0.6212
epoch  123 | mse=0.2683 ci=0.8755 rm2=0.6217
epoch  124 | mse=0.2646 ci=0.8794 rm2=0.6587
epoch  125 | mse=0.2629 ci=0.8790 rm2=0.6711
epoch  126 | mse=0.2647 ci=0.8776 rm2=0.6480
epoch  127 | mse=0.2881 ci=0.8830 rm2=0.6635
epoch  128 | mse=0.2741 ci=0.8807 rm2=0.6636
epoch  129 | mse=0.2555 ci=0.8749 rm2=0.6792
epoch  130 | mse=0.2587 ci=0.8799 rm2=0.6521
epoch  131 | mse=0.2841 ci=0.8778 rm2=0.6459
epoch  132 | mse=0.2581 ci=0.8820 rm2=0.6502
epoch  133 | mse=0.2691 ci=0.8737 rm2=0.6438
epoch  134 | mse=0.2821 ci=0.8749 rm2=0.6473
epoch  135 | mse=0.2687 ci=0.8806 rm2=0.6472
epoch  136 | mse=0.2628 ci=0.8836 rm2=0.6204
epoch  137 | mse=0.2740 ci=0.8712 rm2=0.6430
epoch  138 | mse=0.2591 ci=0.8792 rm2=0.6220
epoch  139 | mse=0.2643 ci=0.8739 rm2=0.6637
epoch  140 | mse=0.2610 ci=0.8841 rm2=0.6275
epoch  141 | mse=0.2603 ci=0.8758 rm2=0.6694
epoch  142 | mse=0.2584 ci=0.8843 rm2=0.6372
epoch  143 | mse=0.2590 ci=0.8792 rm2=0.6728
epoch  144 | mse=0.3070 ci=0.8723 rm2=0.6270
epoch  145 | mse=0.2685 ci=0.8781 rm2=0.6471
epoch  146 | mse=0.2641 ci=0.8798 rm2=0.6514
epoch  147 | mse=0.2595 ci=0.8810 rm2=0.6687
epoch  148 | mse=0.2660 ci=0.8824 rm2=0.6705
epoch  149 | mse=0.2646 ci=0.8838 rm2=0.6276
epoch  150 | mse=0.2603 ci=0.8799 rm2=0.6500
epoch  151 | mse=0.2670 ci=0.8754 rm2=0.6694
epoch  152 | mse=0.2732 ci=0.8744 rm2=0.6599
[FIND BEST!] epoch  153 | mse=0.2530 ci=0.8824 rm2=0.6584
epoch  154 | mse=0.2630 ci=0.8765 rm2=0.6530
epoch  155 | mse=0.2577 ci=0.8845 rm2=0.6476
epoch  156 | mse=0.2690 ci=0.8857 rm2=0.6585
epoch  157 | mse=0.2590 ci=0.8815 rm2=0.6615
epoch  158 | mse=0.2695 ci=0.8828 rm2=0.6653
epoch  159 | mse=0.2590 ci=0.8819 rm2=0.6481
epoch  160 | mse=0.2609 ci=0.8785 rm2=0.6710
epoch  161 | mse=0.2569 ci=0.8795 rm2=0.6688
[FIND BEST!] epoch  162 | mse=0.2530 ci=0.8841 rm2=0.6622
epoch  163 | mse=0.2654 ci=0.8802 rm2=0.6157
epoch  164 | mse=0.2549 ci=0.8780 rm2=0.6665
epoch  165 | mse=0.2566 ci=0.8803 rm2=0.6759
[FIND BEST!] epoch  166 | mse=0.2524 ci=0.8813 rm2=0.6641
epoch  167 | mse=0.2550 ci=0.8841 rm2=0.6708
epoch  168 | mse=0.2696 ci=0.8811 rm2=0.6765
epoch  169 | mse=0.2575 ci=0.8837 rm2=0.6407
epoch  170 | mse=0.2760 ci=0.8745 rm2=0.6778
epoch  171 | mse=0.2551 ci=0.8804 rm2=0.6871
epoch  172 | mse=0.2766 ci=0.8832 rm2=0.6270
epoch  173 | mse=0.2706 ci=0.8771 rm2=0.6718
epoch  174 | mse=0.2611 ci=0.8824 rm2=0.6451
[FIND BEST!] epoch  175 | mse=0.2519 ci=0.8821 rm2=0.6675
[FIND BEST!] epoch  176 | mse=0.2516 ci=0.8843 rm2=0.6535
epoch  177 | mse=0.2538 ci=0.8838 rm2=0.6545
epoch  178 | mse=0.2651 ci=0.8810 rm2=0.6169
epoch  179 | mse=0.2646 ci=0.8742 rm2=0.6689
epoch  180 | mse=0.2523 ci=0.8794 rm2=0.6751
epoch  181 | mse=0.2654 ci=0.8778 rm2=0.6497
[FIND BEST!] epoch  182 | mse=0.2510 ci=0.8833 rm2=0.6472
epoch  183 | mse=0.2586 ci=0.8839 rm2=0.6481
epoch  184 | mse=0.2819 ci=0.8749 rm2=0.6603
epoch  185 | mse=0.2557 ci=0.8819 rm2=0.6475
epoch  186 | mse=0.2606 ci=0.8830 rm2=0.6340
epoch  187 | mse=0.2513 ci=0.8826 rm2=0.6933
[FIND BEST!] epoch  188 | mse=0.2441 ci=0.8819 rm2=0.6927
epoch  189 | mse=0.2511 ci=0.8862 rm2=0.6682
epoch  190 | mse=0.2718 ci=0.8843 rm2=0.6710
epoch  191 | mse=0.2680 ci=0.8805 rm2=0.6463
epoch  192 | mse=0.2532 ci=0.8797 rm2=0.6780
epoch  193 | mse=0.2506 ci=0.8846 rm2=0.6786
epoch  194 | mse=0.2652 ci=0.8836 rm2=0.6421
epoch  195 | mse=0.2694 ci=0.8834 rm2=0.6560
epoch  196 | mse=0.2453 ci=0.8869 rm2=0.6617
epoch  197 | mse=0.2507 ci=0.8886 rm2=0.6890
epoch  198 | mse=0.2504 ci=0.8891 rm2=0.6924
epoch  199 | mse=0.2647 ci=0.8837 rm2=0.6812
epoch  200 | mse=0.2618 ci=0.8811 rm2=0.6353
epoch  201 | mse=0.2522 ci=0.8859 rm2=0.6493
[FIND BEST!] epoch  202 | mse=0.2392 ci=0.8844 rm2=0.6969
epoch  203 | mse=0.2468 ci=0.8848 rm2=0.6936
epoch  204 | mse=0.2590 ci=0.8799 rm2=0.6841
epoch  205 | mse=0.2583 ci=0.8881 rm2=0.6521
epoch  206 | mse=0.2488 ci=0.8804 rm2=0.6843
epoch  207 | mse=0.2533 ci=0.8841 rm2=0.6713
epoch  208 | mse=0.2571 ci=0.8863 rm2=0.6767
epoch  209 | mse=0.2520 ci=0.8844 rm2=0.6648
epoch  210 | mse=0.3055 ci=0.8845 rm2=0.6546
epoch  211 | mse=0.2511 ci=0.8849 rm2=0.6490
epoch  212 | mse=0.2637 ci=0.8823 rm2=0.6604
epoch  213 | mse=0.2508 ci=0.8805 rm2=0.6625
epoch  214 | mse=0.2635 ci=0.8809 rm2=0.6577
epoch  215 | mse=0.3115 ci=0.8836 rm2=0.6876
epoch  216 | mse=0.2556 ci=0.8850 rm2=0.6791
epoch  217 | mse=0.2504 ci=0.8882 rm2=0.6853
epoch  218 | mse=0.2822 ci=0.8841 rm2=0.6587
epoch  219 | mse=0.2434 ci=0.8854 rm2=0.6896
epoch  220 | mse=0.2512 ci=0.8872 rm2=0.6781
epoch  221 | mse=0.2506 ci=0.8874 rm2=0.6513
epoch  222 | mse=0.2603 ci=0.8848 rm2=0.6874
epoch  223 | mse=0.2504 ci=0.8860 rm2=0.6681
epoch  224 | mse=0.2662 ci=0.8746 rm2=0.6605
epoch  225 | mse=0.2548 ci=0.8844 rm2=0.6795
epoch  226 | mse=0.2640 ci=0.8857 rm2=0.6272
epoch  227 | mse=0.2556 ci=0.8854 rm2=0.6809
epoch  228 | mse=0.2695 ci=0.8897 rm2=0.6637
epoch  229 | mse=0.2545 ci=0.8848 rm2=0.6310
epoch  230 | mse=0.2770 ci=0.8832 rm2=0.6713
epoch  231 | mse=0.2474 ci=0.8871 rm2=0.6739
epoch  232 | mse=0.2455 ci=0.8895 rm2=0.6837
epoch  233 | mse=0.2719 ci=0.8868 rm2=0.6702
epoch  234 | mse=0.2508 ci=0.8887 rm2=0.6679
epoch  235 | mse=0.2568 ci=0.8832 rm2=0.6713
epoch  236 | mse=0.2535 ci=0.8817 rm2=0.6908
epoch  237 | mse=0.2550 ci=0.8845 rm2=0.6639
epoch  238 | mse=0.2454 ci=0.8831 rm2=0.6823
epoch  239 | mse=0.2518 ci=0.8889 rm2=0.6768
epoch  240 | mse=0.2891 ci=0.8724 rm2=0.6777
epoch  241 | mse=0.2624 ci=0.8861 rm2=0.6349
epoch  242 | mse=0.2512 ci=0.8842 rm2=0.6592
epoch  243 | mse=0.2524 ci=0.8886 rm2=0.6322
epoch  244 | mse=0.2891 ci=0.8840 rm2=0.6713
epoch  245 | mse=0.2473 ci=0.8881 rm2=0.6725
epoch  246 | mse=0.2613 ci=0.8807 rm2=0.6835
epoch  247 | mse=0.2596 ci=0.8845 rm2=0.6335
epoch  248 | mse=0.2461 ci=0.8841 rm2=0.6842
epoch  249 | mse=0.2462 ci=0.8870 rm2=0.6950
epoch  250 | mse=0.2536 ci=0.8825 rm2=0.6817
epoch  251 | mse=0.2578 ci=0.8857 rm2=0.6295
epoch  252 | mse=0.2501 ci=0.8844 rm2=0.6648
epoch  253 | mse=0.2620 ci=0.8857 rm2=0.6572
epoch  254 | mse=0.2508 ci=0.8878 rm2=0.6324
epoch  255 | mse=0.2524 ci=0.8824 rm2=0.6631
epoch  256 | mse=0.2526 ci=0.8812 rm2=0.6795
epoch  257 | mse=0.3270 ci=0.8885 rm2=0.6666
epoch  258 | mse=0.2658 ci=0.8808 rm2=0.6882
epoch  259 | mse=0.2469 ci=0.8839 rm2=0.6935
epoch  260 | mse=0.2482 ci=0.8856 rm2=0.6683
epoch  261 | mse=0.2875 ci=0.8855 rm2=0.6760
epoch  262 | mse=0.2490 ci=0.8894 rm2=0.6890
epoch  263 | mse=0.2453 ci=0.8858 rm2=0.6845
epoch  264 | mse=0.2612 ci=0.8851 rm2=0.6821
epoch  265 | mse=0.2701 ci=0.8818 rm2=0.6842
epoch  266 | mse=0.2571 ci=0.8836 rm2=0.6690
epoch  267 | mse=0.2835 ci=0.8869 rm2=0.6776
epoch  268 | mse=0.2672 ci=0.8828 rm2=0.6818
epoch  269 | mse=0.2507 ci=0.8867 rm2=0.6548
epoch  270 | mse=0.2583 ci=0.8780 rm2=0.6721
epoch  271 | mse=0.2430 ci=0.8882 rm2=0.6673
epoch  272 | mse=0.2515 ci=0.8850 rm2=0.6674
epoch  273 | mse=0.2613 ci=0.8858 rm2=0.6749
epoch  274 | mse=0.2689 ci=0.8863 rm2=0.6741
epoch  275 | mse=0.2703 ci=0.8847 rm2=0.6777
epoch  276 | mse=0.2418 ci=0.8895 rm2=0.6760
epoch  277 | mse=0.2449 ci=0.8889 rm2=0.6748
epoch  278 | mse=0.2556 ci=0.8863 rm2=0.6449
epoch  279 | mse=0.2536 ci=0.8867 rm2=0.6793
epoch  280 | mse=0.2510 ci=0.8852 rm2=0.6819
epoch  281 | mse=0.2680 ci=0.8857 rm2=0.6600
epoch  282 | mse=0.2444 ci=0.8844 rm2=0.6861
epoch  283 | mse=0.2444 ci=0.8874 rm2=0.6905
epoch  284 | mse=0.2628 ci=0.8874 rm2=0.6803
epoch  285 | mse=0.2589 ci=0.8903 rm2=0.6697
epoch  286 | mse=0.2458 ci=0.8904 rm2=0.6699
epoch  287 | mse=0.2577 ci=0.8851 rm2=0.6897
epoch  288 | mse=0.2434 ci=0.8860 rm2=0.6946
epoch  289 | mse=0.2448 ci=0.8898 rm2=0.6538
epoch  290 | mse=0.2468 ci=0.8901 rm2=0.6652
epoch  291 | mse=0.2422 ci=0.8910 rm2=0.6769
epoch  292 | mse=0.2611 ci=0.8879 rm2=0.6766
epoch  293 | mse=0.2476 ci=0.8894 rm2=0.6866
epoch  294 | mse=0.2470 ci=0.8882 rm2=0.6690
epoch  295 | mse=0.2494 ci=0.8915 rm2=0.6775
epoch  296 | mse=0.2436 ci=0.8831 rm2=0.6925
epoch  297 | mse=0.2467 ci=0.8876 rm2=0.6566
epoch  298 | mse=0.2689 ci=0.8881 rm2=0.7011
epoch  299 | mse=0.2448 ci=0.8899 rm2=0.6939
[FIND BEST!] epoch  300 | mse=0.2386 ci=0.8911 rm2=0.6898
epoch  301 | mse=0.2661 ci=0.8910 rm2=0.6882
epoch  302 | mse=0.2607 ci=0.8918 rm2=0.6602
epoch  303 | mse=0.2464 ci=0.8893 rm2=0.6846
epoch  304 | mse=0.2399 ci=0.8884 rm2=0.6921
epoch  305 | mse=0.2597 ci=0.8890 rm2=0.6871
epoch  306 | mse=0.2431 ci=0.8903 rm2=0.6751
epoch  307 | mse=0.2445 ci=0.8905 rm2=0.7022
epoch  308 | mse=0.2436 ci=0.8870 rm2=0.6946
epoch  309 | mse=0.2437 ci=0.8921 rm2=0.6835
epoch  310 | mse=0.2771 ci=0.8888 rm2=0.6832
epoch  311 | mse=0.2441 ci=0.8915 rm2=0.6435
epoch  312 | mse=0.2506 ci=0.8892 rm2=0.6918
epoch  313 | mse=0.2520 ci=0.8848 rm2=0.6792
epoch  314 | mse=0.2617 ci=0.8910 rm2=0.6700
epoch  315 | mse=0.2492 ci=0.8855 rm2=0.6786
epoch  316 | mse=0.2501 ci=0.8866 rm2=0.6541
epoch  317 | mse=0.2446 ci=0.8920 rm2=0.6923
epoch  318 | mse=0.2468 ci=0.8866 rm2=0.6807
epoch  319 | mse=0.2463 ci=0.8899 rm2=0.6970
epoch  320 | mse=0.2438 ci=0.8926 rm2=0.6715
epoch  321 | mse=0.2465 ci=0.8876 rm2=0.6700
epoch  322 | mse=0.2408 ci=0.8865 rm2=0.6905
epoch  323 | mse=0.2618 ci=0.8876 rm2=0.6970
epoch  324 | mse=0.2472 ci=0.8840 rm2=0.6858
epoch  325 | mse=0.2619 ci=0.8860 rm2=0.6919
epoch  326 | mse=0.2483 ci=0.8835 rm2=0.6887
epoch  327 | mse=0.2567 ci=0.8936 rm2=0.6615
epoch  328 | mse=0.2432 ci=0.8887 rm2=0.6682
epoch  329 | mse=0.2448 ci=0.8922 rm2=0.6545
epoch  330 | mse=0.2455 ci=0.8867 rm2=0.6877
epoch  331 | mse=0.2574 ci=0.8860 rm2=0.6804
epoch  332 | mse=0.2474 ci=0.8874 rm2=0.6653
epoch  333 | mse=0.2579 ci=0.8891 rm2=0.6707
epoch  334 | mse=0.2496 ci=0.8873 rm2=0.6635
epoch  335 | mse=0.2524 ci=0.8900 rm2=0.6820
epoch  336 | mse=0.2472 ci=0.8909 rm2=0.6707
epoch  337 | mse=0.2479 ci=0.8897 rm2=0.6655
epoch  338 | mse=0.2509 ci=0.8861 rm2=0.6896
epoch  339 | mse=0.2392 ci=0.8924 rm2=0.6758
epoch  340 | mse=0.2422 ci=0.8910 rm2=0.6751
epoch  341 | mse=0.2507 ci=0.8871 rm2=0.6642
epoch  342 | mse=0.2426 ci=0.8874 rm2=0.6960
epoch  343 | mse=0.2420 ci=0.8907 rm2=0.6852
epoch  344 | mse=0.2417 ci=0.8939 rm2=0.6832
epoch  345 | mse=0.2422 ci=0.8900 rm2=0.6874
epoch  346 | mse=0.2387 ci=0.8918 rm2=0.6826
epoch  347 | mse=0.2439 ci=0.8908 rm2=0.6921
epoch  348 | mse=0.2544 ci=0.8915 rm2=0.6910
epoch  349 | mse=0.2392 ci=0.8895 rm2=0.6914
epoch  350 | mse=0.2401 ci=0.8900 rm2=0.6733
epoch  351 | mse=0.2400 ci=0.8894 rm2=0.6698
epoch  352 | mse=0.2453 ci=0.8881 rm2=0.6905
epoch  353 | mse=0.2396 ci=0.8873 rm2=0.6751
epoch  354 | mse=0.2507 ci=0.8874 rm2=0.6900
epoch  355 | mse=0.2480 ci=0.8861 rm2=0.6834
epoch  356 | mse=0.2533 ci=0.8896 rm2=0.6907
epoch  357 | mse=0.2492 ci=0.8888 rm2=0.6856
epoch  358 | mse=0.2532 ci=0.8866 rm2=0.7006
epoch  359 | mse=0.2387 ci=0.8920 rm2=0.6988
epoch  360 | mse=0.2469 ci=0.8890 rm2=0.6743
epoch  361 | mse=0.2429 ci=0.8894 rm2=0.6802
epoch  362 | mse=0.2839 ci=0.8896 rm2=0.6998
epoch  363 | mse=0.2442 ci=0.8861 rm2=0.6882
epoch  364 | mse=0.2473 ci=0.8879 rm2=0.6878
epoch  365 | mse=0.2413 ci=0.8892 rm2=0.6934
epoch  366 | mse=0.2512 ci=0.8905 rm2=0.6523
epoch  367 | mse=0.2498 ci=0.8890 rm2=0.6763
epoch  368 | mse=0.2459 ci=0.8853 rm2=0.6782
epoch  369 | mse=0.2610 ci=0.8883 rm2=0.6618
epoch  370 | mse=0.2406 ci=0.8905 rm2=0.6863
epoch  371 | mse=0.2721 ci=0.8888 rm2=0.6835
epoch  372 | mse=0.2419 ci=0.8839 rm2=0.6974
epoch  373 | mse=0.2583 ci=0.8904 rm2=0.6943
epoch  374 | mse=0.2509 ci=0.8869 rm2=0.6649
epoch  375 | mse=0.2511 ci=0.8862 rm2=0.6804
epoch  376 | mse=0.2469 ci=0.8910 rm2=0.6727
epoch  377 | mse=0.2423 ci=0.8875 rm2=0.6888
epoch  378 | mse=0.2415 ci=0.8889 rm2=0.6905
epoch  379 | mse=0.2404 ci=0.8909 rm2=0.6838
epoch  380 | mse=0.2441 ci=0.8893 rm2=0.6902
epoch  381 | mse=0.2487 ci=0.8898 rm2=0.6991
epoch  382 | mse=0.2655 ci=0.8887 rm2=0.6902
epoch  383 | mse=0.2595 ci=0.8853 rm2=0.6948
epoch  384 | mse=0.2614 ci=0.8878 rm2=0.6787
epoch  385 | mse=0.2480 ci=0.8891 rm2=0.6981
epoch  386 | mse=0.2464 ci=0.8896 rm2=0.6641
epoch  387 | mse=0.2517 ci=0.8849 rm2=0.6876
epoch  388 | mse=0.2486 ci=0.8852 rm2=0.6926
[FIND BEST!] epoch  389 | mse=0.2381 ci=0.8899 rm2=0.6833
epoch  390 | mse=0.2839 ci=0.8891 rm2=0.6774
epoch  391 | mse=0.2457 ci=0.8926 rm2=0.6589
epoch  392 | mse=0.2474 ci=0.8918 rm2=0.6928
epoch  393 | mse=0.2445 ci=0.8911 rm2=0.6806
epoch  394 | mse=0.2426 ci=0.8877 rm2=0.6808
epoch  395 | mse=0.2442 ci=0.8864 rm2=0.6876
epoch  396 | mse=0.2588 ci=0.8886 rm2=0.6581
epoch  397 | mse=0.2502 ci=0.8893 rm2=0.6584
epoch  398 | mse=0.2537 ci=0.8884 rm2=0.6780
epoch  399 | mse=0.2389 ci=0.8896 rm2=0.6838
epoch  400 | mse=0.2517 ci=0.8871 rm2=0.6927
epoch  401 | mse=0.2493 ci=0.8911 rm2=0.6686
epoch  402 | mse=0.2468 ci=0.8899 rm2=0.6873
epoch  403 | mse=0.2635 ci=0.8905 rm2=0.6534
epoch  404 | mse=0.2531 ci=0.8883 rm2=0.6956
epoch  405 | mse=0.2473 ci=0.8834 rm2=0.6810
epoch  406 | mse=0.2462 ci=0.8858 rm2=0.6772
epoch  407 | mse=0.2396 ci=0.8941 rm2=0.6645
epoch  408 | mse=0.2407 ci=0.8905 rm2=0.6954
epoch  409 | mse=0.2496 ci=0.8889 rm2=0.6885
epoch  410 | mse=0.2418 ci=0.8921 rm2=0.6912
epoch  411 | mse=0.2392 ci=0.8875 rm2=0.6977
[FIND BEST!] epoch  412 | mse=0.2369 ci=0.8876 rm2=0.6984
epoch  413 | mse=0.2474 ci=0.8853 rm2=0.6745
epoch  414 | mse=0.2436 ci=0.8860 rm2=0.6833
epoch  415 | mse=0.2392 ci=0.8888 rm2=0.6930
epoch  416 | mse=0.2539 ci=0.8886 rm2=0.6777
epoch  417 | mse=0.2410 ci=0.8904 rm2=0.6848
[FIND BEST!] epoch  418 | mse=0.2359 ci=0.8886 rm2=0.6838
epoch  419 | mse=0.2432 ci=0.8920 rm2=0.6922
epoch  420 | mse=0.2411 ci=0.8891 rm2=0.6847
epoch  421 | mse=0.2513 ci=0.8926 rm2=0.6497
epoch  422 | mse=0.2379 ci=0.8902 rm2=0.6904
epoch  423 | mse=0.2456 ci=0.8911 rm2=0.6816
epoch  424 | mse=0.2412 ci=0.8878 rm2=0.7007
epoch  425 | mse=0.2397 ci=0.8917 rm2=0.6975
epoch  426 | mse=0.2426 ci=0.8899 rm2=0.6726
epoch  427 | mse=0.2493 ci=0.8877 rm2=0.6921
epoch  428 | mse=0.2407 ci=0.8907 rm2=0.6749
epoch  429 | mse=0.2490 ci=0.8866 rm2=0.7000
epoch  430 | mse=0.2400 ci=0.8927 rm2=0.6751
epoch  431 | mse=0.2411 ci=0.8938 rm2=0.6805
epoch  432 | mse=0.2538 ci=0.8889 rm2=0.6876
epoch  433 | mse=0.2422 ci=0.8931 rm2=0.6829
epoch  434 | mse=0.2407 ci=0.8921 rm2=0.6922
epoch  435 | mse=0.2447 ci=0.8913 rm2=0.6936
epoch  436 | mse=0.2428 ci=0.8888 rm2=0.6980
epoch  437 | mse=0.2403 ci=0.8910 rm2=0.6763
epoch  438 | mse=0.2412 ci=0.8902 rm2=0.6654
epoch  439 | mse=0.2456 ci=0.8899 rm2=0.6749
epoch  440 | mse=0.2488 ci=0.8863 rm2=0.6604
epoch  441 | mse=0.2416 ci=0.8911 rm2=0.6713
epoch  442 | mse=0.2500 ci=0.8890 rm2=0.6985
epoch  443 | mse=0.2471 ci=0.8905 rm2=0.6899
epoch  444 | mse=0.2402 ci=0.8869 rm2=0.6897
epoch  445 | mse=0.2564 ci=0.8852 rm2=0.6961
epoch  446 | mse=0.2406 ci=0.8914 rm2=0.7025
epoch  447 | mse=0.2406 ci=0.8894 rm2=0.6763
epoch  448 | mse=0.2403 ci=0.8851 rm2=0.6950
epoch  449 | mse=0.2399 ci=0.8924 rm2=0.6916
epoch  450 | mse=0.2549 ci=0.8864 rm2=0.6928
epoch  451 | mse=0.2360 ci=0.8951 rm2=0.6882
epoch  452 | mse=0.2387 ci=0.8928 rm2=0.6824
epoch  453 | mse=0.2394 ci=0.8919 rm2=0.6992
epoch  454 | mse=0.2542 ci=0.8912 rm2=0.6887
epoch  455 | mse=0.2594 ci=0.8925 rm2=0.7008
epoch  456 | mse=0.2444 ci=0.8876 rm2=0.6743
epoch  457 | mse=0.2426 ci=0.8913 rm2=0.6882
epoch  458 | mse=0.2412 ci=0.8914 rm2=0.6899
epoch  459 | mse=0.2460 ci=0.8895 rm2=0.6880
epoch  460 | mse=0.2444 ci=0.8884 rm2=0.6892
epoch  461 | mse=0.2401 ci=0.8913 rm2=0.6689
epoch  462 | mse=0.2387 ci=0.8938 rm2=0.6779
epoch  463 | mse=0.2419 ci=0.8925 rm2=0.6750
epoch  464 | mse=0.2396 ci=0.8937 rm2=0.7003
epoch  465 | mse=0.2401 ci=0.8914 rm2=0.6973
epoch  466 | mse=0.2646 ci=0.8916 rm2=0.6831
epoch  467 | mse=0.2390 ci=0.8944 rm2=0.6967
epoch  468 | mse=0.2433 ci=0.8937 rm2=0.6792
epoch  469 | mse=0.2374 ci=0.8920 rm2=0.6937
epoch  470 | mse=0.2393 ci=0.8907 rm2=0.6909
epoch  471 | mse=0.2381 ci=0.8913 rm2=0.6824
epoch  472 | mse=0.2443 ci=0.8932 rm2=0.7021
epoch  473 | mse=0.2444 ci=0.8936 rm2=0.6861
epoch  474 | mse=0.2425 ci=0.8903 rm2=0.6991
epoch  475 | mse=0.2367 ci=0.8915 rm2=0.6878
epoch  476 | mse=0.2397 ci=0.8931 rm2=0.6621
epoch  477 | mse=0.2490 ci=0.8927 rm2=0.6928
epoch  478 | mse=0.2457 ci=0.8938 rm2=0.6959
[FIND BEST!] epoch  479 | mse=0.2356 ci=0.8920 rm2=0.6816
[FIND BEST!] epoch  480 | mse=0.2349 ci=0.8929 rm2=0.6835
epoch  481 | mse=0.2354 ci=0.8937 rm2=0.6884
epoch  482 | mse=0.2383 ci=0.8923 rm2=0.6971
epoch  483 | mse=0.2418 ci=0.8956 rm2=0.7017
epoch  484 | mse=0.2400 ci=0.8940 rm2=0.6814
epoch  485 | mse=0.2445 ci=0.8872 rm2=0.6823
epoch  486 | mse=0.2358 ci=0.8922 rm2=0.7041
epoch  487 | mse=0.2367 ci=0.8931 rm2=0.6927
epoch  488 | mse=0.2354 ci=0.8904 rm2=0.6908
epoch  489 | mse=0.2403 ci=0.8937 rm2=0.7000
epoch  490 | mse=0.2437 ci=0.8895 rm2=0.6835
[FIND BEST!] epoch  491 | mse=0.2335 ci=0.8936 rm2=0.6789
epoch  492 | mse=0.2830 ci=0.8945 rm2=0.6998
epoch  493 | mse=0.2418 ci=0.8942 rm2=0.7020
epoch  494 | mse=0.2405 ci=0.8929 rm2=0.6819
epoch  495 | mse=0.2543 ci=0.8908 rm2=0.6988
epoch  496 | mse=0.2466 ci=0.8920 rm2=0.6939
[FIND BEST!] epoch  497 | mse=0.2332 ci=0.8940 rm2=0.7053
epoch  498 | mse=0.2398 ci=0.8932 rm2=0.6805
epoch  499 | mse=0.2350 ci=0.8925 rm2=0.7000
[FIND BEST!] epoch  500 | mse=0.2306 ci=0.8881 rm2=0.7080
epoch  501 | mse=0.2372 ci=0.8946 rm2=0.6995
epoch  502 | mse=0.2371 ci=0.8889 rm2=0.6854
epoch  503 | mse=0.2498 ci=0.8884 rm2=0.6985
epoch  504 | mse=0.2418 ci=0.8896 rm2=0.6941
epoch  505 | mse=0.2411 ci=0.8898 rm2=0.7003
epoch  506 | mse=0.2375 ci=0.8925 rm2=0.6988
epoch  507 | mse=0.2342 ci=0.8922 rm2=0.7066
epoch  508 | mse=0.2460 ci=0.8905 rm2=0.7016
epoch  509 | mse=0.2482 ci=0.8891 rm2=0.6892
epoch  510 | mse=0.2376 ci=0.8905 rm2=0.6935
epoch  511 | mse=0.2568 ci=0.8946 rm2=0.6961
epoch  512 | mse=0.2372 ci=0.8925 rm2=0.6762
epoch  513 | mse=0.2408 ci=0.8899 rm2=0.6994
epoch  514 | mse=0.2372 ci=0.8876 rm2=0.6938
epoch  515 | mse=0.2476 ci=0.8885 rm2=0.6944
epoch  516 | mse=0.2361 ci=0.8921 rm2=0.6801
epoch  517 | mse=0.2450 ci=0.8930 rm2=0.6878
epoch  518 | mse=0.2379 ci=0.8895 rm2=0.7043
epoch  519 | mse=0.2362 ci=0.8958 rm2=0.6985
epoch  520 | mse=0.2326 ci=0.8944 rm2=0.6925
epoch  521 | mse=0.2338 ci=0.8926 rm2=0.6972
epoch  522 | mse=0.2438 ci=0.8931 rm2=0.7051
epoch  523 | mse=0.2412 ci=0.8908 rm2=0.6940
epoch  524 | mse=0.2674 ci=0.8910 rm2=0.6872
epoch  525 | mse=0.2411 ci=0.8943 rm2=0.6779
epoch  526 | mse=0.2492 ci=0.8930 rm2=0.6891
epoch  527 | mse=0.2395 ci=0.8893 rm2=0.6780
epoch  528 | mse=0.2459 ci=0.8884 rm2=0.7037
epoch  529 | mse=0.2432 ci=0.8869 rm2=0.6848
epoch  530 | mse=0.2532 ci=0.8925 rm2=0.6894
epoch  531 | mse=0.2379 ci=0.8930 rm2=0.7021
epoch  532 | mse=0.2393 ci=0.8910 rm2=0.7038
epoch  533 | mse=0.2306 ci=0.8932 rm2=0.7013
epoch  534 | mse=0.2338 ci=0.8933 rm2=0.7041
epoch  535 | mse=0.2357 ci=0.8946 rm2=0.7014
epoch  536 | mse=0.2416 ci=0.8915 rm2=0.6972
epoch  537 | mse=0.2350 ci=0.8922 rm2=0.6766
epoch  538 | mse=0.2464 ci=0.8925 rm2=0.6952
epoch  539 | mse=0.2387 ci=0.8930 rm2=0.7062
epoch  540 | mse=0.2343 ci=0.8919 rm2=0.7055
epoch  541 | mse=0.2357 ci=0.8954 rm2=0.6968
epoch  542 | mse=0.2478 ci=0.8923 rm2=0.7069
epoch  543 | mse=0.2373 ci=0.8945 rm2=0.6910
epoch  544 | mse=0.2383 ci=0.8923 rm2=0.6966
epoch  545 | mse=0.2455 ci=0.8921 rm2=0.7020
epoch  546 | mse=0.2370 ci=0.8927 rm2=0.7047
epoch  547 | mse=0.2363 ci=0.8905 rm2=0.7041
epoch  548 | mse=0.2348 ci=0.8921 rm2=0.7041
epoch  549 | mse=0.2713 ci=0.8917 rm2=0.6994
epoch  550 | mse=0.2386 ci=0.8926 rm2=0.6836
epoch  551 | mse=0.2349 ci=0.8941 rm2=0.7040
epoch  552 | mse=0.2405 ci=0.8905 rm2=0.6941
epoch  553 | mse=0.2345 ci=0.8938 rm2=0.6978
epoch  554 | mse=0.2415 ci=0.8948 rm2=0.6883
epoch  555 | mse=0.2797 ci=0.8922 rm2=0.6857
epoch  556 | mse=0.2479 ci=0.8924 rm2=0.6829
epoch  557 | mse=0.2401 ci=0.8895 rm2=0.7049
epoch  558 | mse=0.2615 ci=0.8863 rm2=0.7017
epoch  559 | mse=0.2561 ci=0.8943 rm2=0.6870
epoch  560 | mse=0.2353 ci=0.8935 rm2=0.7026
epoch  561 | mse=0.2367 ci=0.8924 rm2=0.6779
epoch  562 | mse=0.2417 ci=0.8942 rm2=0.7016
epoch  563 | mse=0.2373 ci=0.8923 rm2=0.6772
epoch  564 | mse=0.2366 ci=0.8943 rm2=0.6818
epoch  565 | mse=0.2345 ci=0.8938 rm2=0.6915
epoch  566 | mse=0.2341 ci=0.8937 rm2=0.7040
epoch  567 | mse=0.2530 ci=0.8955 rm2=0.6959
epoch  568 | mse=0.2387 ci=0.8939 rm2=0.6867
epoch  569 | mse=0.2318 ci=0.8920 rm2=0.6945
epoch  570 | mse=0.2385 ci=0.8858 rm2=0.7003
epoch  571 | mse=0.2407 ci=0.8923 rm2=0.7023
epoch  572 | mse=0.2382 ci=0.8963 rm2=0.6994
epoch  573 | mse=0.2393 ci=0.8887 rm2=0.6894
epoch  574 | mse=0.2348 ci=0.8921 rm2=0.6913
epoch  575 | mse=0.2341 ci=0.8961 rm2=0.7002
epoch  576 | mse=0.2367 ci=0.8905 rm2=0.6804
epoch  577 | mse=0.2334 ci=0.8951 rm2=0.7053
epoch  578 | mse=0.2366 ci=0.8974 rm2=0.6907
epoch  579 | mse=0.2347 ci=0.8882 rm2=0.7023
epoch  580 | mse=0.2455 ci=0.8936 rm2=0.6943
epoch  581 | mse=0.2332 ci=0.8969 rm2=0.6828
epoch  582 | mse=0.2404 ci=0.8917 rm2=0.6973
epoch  583 | mse=0.2380 ci=0.8954 rm2=0.6875
epoch  584 | mse=0.2460 ci=0.8918 rm2=0.6899
epoch  585 | mse=0.2344 ci=0.8928 rm2=0.7023
epoch  586 | mse=0.2374 ci=0.8936 rm2=0.7058
epoch  587 | mse=0.2315 ci=0.8938 rm2=0.7123
epoch  588 | mse=0.2396 ci=0.8958 rm2=0.7045
epoch  589 | mse=0.2387 ci=0.8898 rm2=0.6899
epoch  590 | mse=0.2364 ci=0.8936 rm2=0.7028
epoch  591 | mse=0.2356 ci=0.8918 rm2=0.6854
epoch  592 | mse=0.2409 ci=0.8958 rm2=0.6911
epoch  593 | mse=0.2354 ci=0.8950 rm2=0.6868
epoch  594 | mse=0.2492 ci=0.8943 rm2=0.7026
epoch  595 | mse=0.2398 ci=0.8935 rm2=0.6971
epoch  596 | mse=0.2368 ci=0.8964 rm2=0.6956
epoch  597 | mse=0.2347 ci=0.8948 rm2=0.6858
epoch  598 | mse=0.2396 ci=0.8916 rm2=0.7017
epoch  599 | mse=0.2420 ci=0.8927 rm2=0.6863
epoch  600 | mse=0.2307 ci=0.8935 rm2=0.6911
epoch  601 | mse=0.2332 ci=0.8914 rm2=0.7071
epoch  602 | mse=0.2411 ci=0.8955 rm2=0.7043
epoch  603 | mse=0.2372 ci=0.8948 rm2=0.6854
epoch  604 | mse=0.2329 ci=0.8935 rm2=0.6915
epoch  605 | mse=0.2332 ci=0.8931 rm2=0.7085
epoch  606 | mse=0.2423 ci=0.8871 rm2=0.6748
epoch  607 | mse=0.2429 ci=0.8923 rm2=0.6956
epoch  608 | mse=0.2345 ci=0.8907 rm2=0.7030
epoch  609 | mse=0.2444 ci=0.8909 rm2=0.6995
epoch  610 | mse=0.2350 ci=0.8901 rm2=0.7029
epoch  611 | mse=0.2439 ci=0.8916 rm2=0.6886
epoch  612 | mse=0.2485 ci=0.8881 rm2=0.6933
epoch  613 | mse=0.2395 ci=0.8890 rm2=0.6860
epoch  614 | mse=0.2505 ci=0.8894 rm2=0.7031
epoch  615 | mse=0.2404 ci=0.8923 rm2=0.7023
epoch  616 | mse=0.2469 ci=0.8949 rm2=0.6997
epoch  617 | mse=0.2380 ci=0.8922 rm2=0.6974
epoch  618 | mse=0.2409 ci=0.8928 rm2=0.6919
epoch  619 | mse=0.2370 ci=0.8927 rm2=0.7039
epoch  620 | mse=0.2444 ci=0.8934 rm2=0.6798
epoch  621 | mse=0.2367 ci=0.8945 rm2=0.6801
epoch  622 | mse=0.2382 ci=0.8931 rm2=0.6884
epoch  623 | mse=0.2358 ci=0.8917 rm2=0.6752
epoch  624 | mse=0.2397 ci=0.8898 rm2=0.6923
epoch  625 | mse=0.2393 ci=0.8894 rm2=0.6928
epoch  626 | mse=0.2395 ci=0.8932 rm2=0.6825
epoch  627 | mse=0.2369 ci=0.8899 rm2=0.7022
epoch  628 | mse=0.2457 ci=0.8873 rm2=0.6914
epoch  629 | mse=0.2362 ci=0.8934 rm2=0.6854
epoch  630 | mse=0.2372 ci=0.8927 rm2=0.6906
epoch  631 | mse=0.2353 ci=0.8960 rm2=0.6885
epoch  632 | mse=0.2366 ci=0.8948 rm2=0.6838
epoch  633 | mse=0.2456 ci=0.8925 rm2=0.7049
epoch  634 | mse=0.2472 ci=0.8894 rm2=0.6863
epoch  635 | mse=0.2342 ci=0.8924 rm2=0.6851
epoch  636 | mse=0.2364 ci=0.8898 rm2=0.6832
epoch  637 | mse=0.2385 ci=0.8917 rm2=0.7003
epoch  638 | mse=0.2353 ci=0.8943 rm2=0.7044
epoch  639 | mse=0.2409 ci=0.8939 rm2=0.6822
epoch  640 | mse=0.2377 ci=0.8911 rm2=0.6769
epoch  641 | mse=0.2446 ci=0.8939 rm2=0.6788
epoch  642 | mse=0.2375 ci=0.8935 rm2=0.6903
epoch  643 | mse=0.2399 ci=0.8902 rm2=0.6778
epoch  644 | mse=0.2394 ci=0.8931 rm2=0.6954
epoch  645 | mse=0.2328 ci=0.8953 rm2=0.6931
epoch  646 | mse=0.2376 ci=0.8918 rm2=0.6881
epoch  647 | mse=0.2424 ci=0.8929 rm2=0.6804
epoch  648 | mse=0.2323 ci=0.8955 rm2=0.6922
epoch  649 | mse=0.2430 ci=0.8952 rm2=0.6899
epoch  650 | mse=0.2369 ci=0.8932 rm2=0.6784
epoch  651 | mse=0.2478 ci=0.8875 rm2=0.6997
epoch  652 | mse=0.2322 ci=0.8941 rm2=0.7026
epoch  653 | mse=0.2371 ci=0.8919 rm2=0.6846
epoch  654 | mse=0.2402 ci=0.8876 rm2=0.6887
epoch  655 | mse=0.2358 ci=0.8941 rm2=0.6939
epoch  656 | mse=0.2374 ci=0.8905 rm2=0.7065
epoch  657 | mse=0.2373 ci=0.8934 rm2=0.6983
epoch  658 | mse=0.2401 ci=0.8949 rm2=0.6881
epoch  659 | mse=0.2441 ci=0.8934 rm2=0.6899
epoch  660 | mse=0.2390 ci=0.8931 rm2=0.6786
epoch  661 | mse=0.2344 ci=0.8911 rm2=0.7055
epoch  662 | mse=0.2468 ci=0.8936 rm2=0.7049
epoch  663 | mse=0.2393 ci=0.8900 rm2=0.6931
epoch  664 | mse=0.2390 ci=0.8927 rm2=0.6950
epoch  665 | mse=0.2329 ci=0.8925 rm2=0.6867
epoch  666 | mse=0.2344 ci=0.8958 rm2=0.6942
epoch  667 | mse=0.2313 ci=0.8940 rm2=0.7020
epoch  668 | mse=0.2358 ci=0.8946 rm2=0.6923
epoch  669 | mse=0.2346 ci=0.8952 rm2=0.7016
epoch  670 | mse=0.2388 ci=0.8941 rm2=0.6855
epoch  671 | mse=0.2393 ci=0.8919 rm2=0.7070
epoch  672 | mse=0.2398 ci=0.8938 rm2=0.6913
epoch  673 | mse=0.2552 ci=0.8898 rm2=0.6990
epoch  674 | mse=0.2497 ci=0.8915 rm2=0.7029
epoch  675 | mse=0.2422 ci=0.8941 rm2=0.6656
epoch  676 | mse=0.2388 ci=0.8892 rm2=0.6885
epoch  677 | mse=0.2498 ci=0.8893 rm2=0.6857
epoch  678 | mse=0.2485 ci=0.8933 rm2=0.6940
epoch  679 | mse=0.2496 ci=0.8875 rm2=0.6735
epoch  680 | mse=0.2390 ci=0.8901 rm2=0.6812
epoch  681 | mse=0.2383 ci=0.8882 rm2=0.6849
epoch  682 | mse=0.2378 ci=0.8941 rm2=0.6970
epoch  683 | mse=0.2396 ci=0.8912 rm2=0.7040
epoch  684 | mse=0.2328 ci=0.8904 rm2=0.7003
epoch  685 | mse=0.2400 ci=0.8940 rm2=0.6863
epoch  686 | mse=0.2369 ci=0.8910 rm2=0.6892
epoch  687 | mse=0.2426 ci=0.8924 rm2=0.6928
epoch  688 | mse=0.2350 ci=0.8893 rm2=0.7066
epoch  689 | mse=0.2336 ci=0.8953 rm2=0.7052
epoch  690 | mse=0.2437 ci=0.8904 rm2=0.6973
epoch  691 | mse=0.2511 ci=0.8924 rm2=0.7002
epoch  692 | mse=0.2344 ci=0.8898 rm2=0.7078
epoch  693 | mse=0.2400 ci=0.8924 rm2=0.7000
epoch  694 | mse=0.2389 ci=0.8928 rm2=0.7042
epoch  695 | mse=0.2437 ci=0.8917 rm2=0.6758
epoch  696 | mse=0.2429 ci=0.8927 rm2=0.7044
epoch  697 | mse=0.2362 ci=0.8914 rm2=0.6890
epoch  698 | mse=0.2389 ci=0.8948 rm2=0.6979
epoch  699 | mse=0.2357 ci=0.8957 rm2=0.6924
epoch  700 | mse=0.2374 ci=0.8924 rm2=0.6914
early stop at epoch 700
final test | epoch 500 | mse=0.2306 ci=0.8881 rm2=0.7080
[05:43:25] DONE  GraphDTA GIN
[05:43:25] ========== Davis GraphDTA seed=100 COMPLETE ==========
