[09:29:42] ========== Davis HAG-DTA seed=1000 models=gin ==========
[09:29:42] START HAG-DTA GIN
Diff_DTA_GIN | davis | classic | cuda=cuda:0
LR=0.0005 epochs=1000 val_interval=1 patience=200

--- davis seed=1000 ---
Pre-processed data found: /root/autodl-tmp/HAG-DTA-cache/processed/davis_train.pt, loading ...
Pre-processed data found: /root/autodl-tmp/HAG-DTA-cache/processed/davis_test.pt, loading ...
/root/HAG-DTA/py38_env/lib/python3.8/site-packages/torch_geometric/deprecation.py:26: UserWarning: 'data.DenseDataLoader' is deprecated, use 'loader.DenseDataLoader' instead
  warnings.warn(out)
n1=6 n2=2
[FIND BEST!] epoch    1 | mse=3.1347 ci=0.6740 rm2=0.0698
[FIND BEST!] epoch    2 | mse=1.1845 ci=0.7238 rm2=0.1158
[FIND BEST!] epoch    3 | mse=0.7688 ci=0.7112 rm2=0.1478
[FIND BEST!] epoch    4 | mse=0.6855 ci=0.7361 rm2=0.1674
[FIND BEST!] epoch    5 | mse=0.6813 ci=0.7342 rm2=0.1708
[FIND BEST!] epoch    6 | mse=0.6006 ci=0.7633 rm2=0.2441
[FIND BEST!] epoch    7 | mse=0.5968 ci=0.7890 rm2=0.3016
[FIND BEST!] epoch    8 | mse=0.5940 ci=0.7977 rm2=0.3443
[FIND BEST!] epoch    9 | mse=0.5158 ci=0.8066 rm2=0.3430
epoch   10 | mse=0.5326 ci=0.8022 rm2=0.3349
[FIND BEST!] epoch   11 | mse=0.5132 ci=0.8045 rm2=0.3435
epoch   12 | mse=0.5475 ci=0.7954 rm2=0.3035
[FIND BEST!] epoch   13 | mse=0.5024 ci=0.7995 rm2=0.3748
[FIND BEST!] epoch   14 | mse=0.4818 ci=0.8164 rm2=0.3695
[FIND BEST!] epoch   15 | mse=0.4703 ci=0.8205 rm2=0.3986
epoch   16 | mse=0.5182 ci=0.7857 rm2=0.3736
[FIND BEST!] epoch   17 | mse=0.4288 ci=0.8246 rm2=0.4600
epoch   18 | mse=0.4573 ci=0.8210 rm2=0.4203
epoch   19 | mse=0.4538 ci=0.8140 rm2=0.4019
[FIND BEST!] epoch   20 | mse=0.4077 ci=0.8241 rm2=0.4712
[FIND BEST!] epoch   21 | mse=0.3870 ci=0.8289 rm2=0.5166
[FIND BEST!] epoch   22 | mse=0.3865 ci=0.8356 rm2=0.5208
epoch   23 | mse=0.4021 ci=0.8082 rm2=0.4970
epoch   24 | mse=0.4010 ci=0.8160 rm2=0.4966
[FIND BEST!] epoch   25 | mse=0.3622 ci=0.8444 rm2=0.5396
epoch   26 | mse=0.3734 ci=0.8230 rm2=0.5221
[FIND BEST!] epoch   27 | mse=0.3504 ci=0.8513 rm2=0.5476
[FIND BEST!] epoch   28 | mse=0.3397 ci=0.8538 rm2=0.5662
epoch   29 | mse=0.3492 ci=0.8593 rm2=0.5349
epoch   30 | mse=0.3617 ci=0.8572 rm2=0.5189
[FIND BEST!] epoch   31 | mse=0.3335 ci=0.8605 rm2=0.5710
epoch   32 | mse=0.3490 ci=0.8511 rm2=0.5653
epoch   33 | mse=0.3487 ci=0.8607 rm2=0.5705
epoch   34 | mse=0.3383 ci=0.8598 rm2=0.5561
[FIND BEST!] epoch   35 | mse=0.3261 ci=0.8612 rm2=0.5829
epoch   36 | mse=0.3339 ci=0.8624 rm2=0.5608
[FIND BEST!] epoch   37 | mse=0.3257 ci=0.8645 rm2=0.5518
epoch   38 | mse=0.3283 ci=0.8612 rm2=0.5549
[FIND BEST!] epoch   39 | mse=0.3132 ci=0.8664 rm2=0.5921
[FIND BEST!] epoch   40 | mse=0.3079 ci=0.8719 rm2=0.6000
[FIND BEST!] epoch   41 | mse=0.3059 ci=0.8633 rm2=0.6143
epoch   42 | mse=0.3190 ci=0.8617 rm2=0.5990
[FIND BEST!] epoch   43 | mse=0.3038 ci=0.8634 rm2=0.6048
epoch   44 | mse=0.3158 ci=0.8476 rm2=0.6006
[FIND BEST!] epoch   45 | mse=0.2966 ci=0.8652 rm2=0.5992
epoch   46 | mse=0.2999 ci=0.8609 rm2=0.6078
[FIND BEST!] epoch   47 | mse=0.2915 ci=0.8716 rm2=0.6389
epoch   48 | mse=0.2946 ci=0.8699 rm2=0.6082
[FIND BEST!] epoch   49 | mse=0.2903 ci=0.8698 rm2=0.6313
[FIND BEST!] epoch   50 | mse=0.2900 ci=0.8703 rm2=0.6092
epoch   51 | mse=0.3009 ci=0.8673 rm2=0.5807
[FIND BEST!] epoch   52 | mse=0.2822 ci=0.8721 rm2=0.6279
[FIND BEST!] epoch   53 | mse=0.2804 ci=0.8650 rm2=0.6427
[FIND BEST!] epoch   54 | mse=0.2711 ci=0.8756 rm2=0.6440
epoch   55 | mse=0.2735 ci=0.8725 rm2=0.6543
epoch   56 | mse=0.2759 ci=0.8655 rm2=0.6571
epoch   57 | mse=0.2819 ci=0.8742 rm2=0.5766
epoch   58 | mse=0.2802 ci=0.8601 rm2=0.6411
epoch   59 | mse=0.2732 ci=0.8747 rm2=0.6628
[FIND BEST!] epoch   60 | mse=0.2650 ci=0.8781 rm2=0.6215
[FIND BEST!] epoch   61 | mse=0.2580 ci=0.8830 rm2=0.6447
epoch   62 | mse=0.2665 ci=0.8791 rm2=0.6376
[FIND BEST!] epoch   63 | mse=0.2506 ci=0.8817 rm2=0.6808
epoch   64 | mse=0.2610 ci=0.8773 rm2=0.6687
epoch   65 | mse=0.2569 ci=0.8822 rm2=0.6477
epoch   66 | mse=0.2620 ci=0.8785 rm2=0.6392
epoch   67 | mse=0.2552 ci=0.8751 rm2=0.6719
epoch   68 | mse=0.2593 ci=0.8792 rm2=0.6290
epoch   69 | mse=0.2562 ci=0.8812 rm2=0.6293
epoch   70 | mse=0.2680 ci=0.8800 rm2=0.6014
[FIND BEST!] epoch   71 | mse=0.2505 ci=0.8791 rm2=0.6622
[FIND BEST!] epoch   72 | mse=0.2476 ci=0.8836 rm2=0.6661
epoch   73 | mse=0.2557 ci=0.8818 rm2=0.6446
epoch   74 | mse=0.2487 ci=0.8783 rm2=0.6823
epoch   75 | mse=0.2522 ci=0.8748 rm2=0.6737
epoch   76 | mse=0.2479 ci=0.8825 rm2=0.6692
epoch   77 | mse=0.2524 ci=0.8815 rm2=0.6453
[FIND BEST!] epoch   78 | mse=0.2448 ci=0.8827 rm2=0.6708
[FIND BEST!] epoch   79 | mse=0.2418 ci=0.8869 rm2=0.6679
[FIND BEST!] epoch   80 | mse=0.2411 ci=0.8844 rm2=0.6627
[FIND BEST!] epoch   81 | mse=0.2368 ci=0.8855 rm2=0.6810
epoch   82 | mse=0.2478 ci=0.8828 rm2=0.6555
epoch   83 | mse=0.2391 ci=0.8815 rm2=0.6811
epoch   84 | mse=0.2458 ci=0.8803 rm2=0.6646
epoch   85 | mse=0.2406 ci=0.8847 rm2=0.6656
epoch   86 | mse=0.2410 ci=0.8849 rm2=0.6611
[FIND BEST!] epoch   87 | mse=0.2361 ci=0.8917 rm2=0.6580
epoch   88 | mse=0.2439 ci=0.8863 rm2=0.6450
[FIND BEST!] epoch   89 | mse=0.2356 ci=0.8871 rm2=0.6794
[FIND BEST!] epoch   90 | mse=0.2344 ci=0.8902 rm2=0.6745
epoch   91 | mse=0.2500 ci=0.8775 rm2=0.6643
epoch   92 | mse=0.2416 ci=0.8812 rm2=0.6447
epoch   93 | mse=0.2427 ci=0.8829 rm2=0.6793
epoch   94 | mse=0.2411 ci=0.8816 rm2=0.6573
epoch   95 | mse=0.2423 ci=0.8857 rm2=0.6647
[FIND BEST!] epoch   96 | mse=0.2305 ci=0.8899 rm2=0.6965
epoch   97 | mse=0.2359 ci=0.8857 rm2=0.6793
epoch   98 | mse=0.2594 ci=0.8739 rm2=0.6345
epoch   99 | mse=0.2346 ci=0.8883 rm2=0.6630
[FIND BEST!] epoch  100 | mse=0.2300 ci=0.8830 rm2=0.7051
epoch  101 | mse=0.2337 ci=0.8840 rm2=0.6865
epoch  102 | mse=0.2314 ci=0.8899 rm2=0.6807
epoch  103 | mse=0.2384 ci=0.8776 rm2=0.6849
epoch  104 | mse=0.2317 ci=0.8865 rm2=0.6856
epoch  105 | mse=0.2321 ci=0.8842 rm2=0.6633
[FIND BEST!] epoch  106 | mse=0.2270 ci=0.8888 rm2=0.7065
epoch  107 | mse=0.2288 ci=0.8847 rm2=0.7038
epoch  108 | mse=0.2377 ci=0.8839 rm2=0.6816
epoch  109 | mse=0.2335 ci=0.8850 rm2=0.6844
epoch  110 | mse=0.2344 ci=0.8841 rm2=0.6841
epoch  111 | mse=0.2277 ci=0.8854 rm2=0.6824
epoch  112 | mse=0.2422 ci=0.8853 rm2=0.6635
epoch  113 | mse=0.2504 ci=0.8790 rm2=0.7019
epoch  114 | mse=0.2351 ci=0.8910 rm2=0.6690
epoch  115 | mse=0.2393 ci=0.8758 rm2=0.6897
epoch  116 | mse=0.2332 ci=0.8896 rm2=0.6697
epoch  117 | mse=0.2328 ci=0.8915 rm2=0.6708
epoch  118 | mse=0.2274 ci=0.8880 rm2=0.6775
epoch  119 | mse=0.2364 ci=0.8887 rm2=0.6517
[FIND BEST!] epoch  120 | mse=0.2253 ci=0.8833 rm2=0.7186
epoch  121 | mse=0.2380 ci=0.8871 rm2=0.6726
epoch  122 | mse=0.2317 ci=0.8797 rm2=0.7081
epoch  123 | mse=0.2305 ci=0.8903 rm2=0.6580
[FIND BEST!] epoch  124 | mse=0.2234 ci=0.8925 rm2=0.6892
[FIND BEST!] epoch  125 | mse=0.2223 ci=0.8929 rm2=0.7112
epoch  126 | mse=0.2279 ci=0.8900 rm2=0.6862
epoch  127 | mse=0.2272 ci=0.8898 rm2=0.6646
epoch  128 | mse=0.2236 ci=0.8908 rm2=0.6789
epoch  129 | mse=0.2307 ci=0.8901 rm2=0.6611
epoch  130 | mse=0.2232 ci=0.8937 rm2=0.6771
[FIND BEST!] epoch  131 | mse=0.2220 ci=0.8909 rm2=0.6924
epoch  132 | mse=0.2236 ci=0.8883 rm2=0.7015
[FIND BEST!] epoch  133 | mse=0.2168 ci=0.8932 rm2=0.7104
epoch  134 | mse=0.2184 ci=0.8914 rm2=0.6947
[FIND BEST!] epoch  135 | mse=0.2158 ci=0.8963 rm2=0.6841
[FIND BEST!] epoch  136 | mse=0.2152 ci=0.8943 rm2=0.7215
epoch  137 | mse=0.2229 ci=0.8938 rm2=0.6556
epoch  138 | mse=0.2238 ci=0.8904 rm2=0.6777
epoch  139 | mse=0.2173 ci=0.8903 rm2=0.7104
epoch  140 | mse=0.2153 ci=0.8940 rm2=0.6988
epoch  141 | mse=0.2168 ci=0.8959 rm2=0.6824
epoch  142 | mse=0.2213 ci=0.8933 rm2=0.6790
epoch  143 | mse=0.2198 ci=0.8928 rm2=0.6927
[FIND BEST!] epoch  144 | mse=0.2136 ci=0.8960 rm2=0.7091
epoch  145 | mse=0.2211 ci=0.8896 rm2=0.7045
epoch  146 | mse=0.2191 ci=0.8928 rm2=0.7016
epoch  147 | mse=0.2219 ci=0.8893 rm2=0.6949
epoch  148 | mse=0.2168 ci=0.8931 rm2=0.7215
epoch  149 | mse=0.2311 ci=0.8867 rm2=0.7071
epoch  150 | mse=0.2194 ci=0.8947 rm2=0.6731
epoch  151 | mse=0.2207 ci=0.8923 rm2=0.6876
epoch  152 | mse=0.2201 ci=0.8947 rm2=0.6844
epoch  153 | mse=0.2224 ci=0.8837 rm2=0.7030
epoch  154 | mse=0.2288 ci=0.8885 rm2=0.6532
epoch  155 | mse=0.2182 ci=0.8918 rm2=0.7057
epoch  156 | mse=0.2206 ci=0.8880 rm2=0.7018
epoch  157 | mse=0.2186 ci=0.8852 rm2=0.7192
epoch  158 | mse=0.2178 ci=0.8948 rm2=0.6746
epoch  159 | mse=0.2226 ci=0.8849 rm2=0.6964
epoch  160 | mse=0.2317 ci=0.8788 rm2=0.6849
epoch  161 | mse=0.2194 ci=0.8897 rm2=0.6822
epoch  162 | mse=0.2192 ci=0.8911 rm2=0.6866
epoch  163 | mse=0.2208 ci=0.8963 rm2=0.6909
epoch  164 | mse=0.2179 ci=0.8900 rm2=0.6933
epoch  165 | mse=0.2173 ci=0.8902 rm2=0.7125
epoch  166 | mse=0.2259 ci=0.8903 rm2=0.6755
epoch  167 | mse=0.2273 ci=0.8891 rm2=0.6496
epoch  168 | mse=0.2177 ci=0.8912 rm2=0.6980
[FIND BEST!] epoch  169 | mse=0.2121 ci=0.8976 rm2=0.7148
epoch  170 | mse=0.2136 ci=0.8928 rm2=0.7174
epoch  171 | mse=0.2219 ci=0.8892 rm2=0.7039
epoch  172 | mse=0.2228 ci=0.8912 rm2=0.6641
epoch  173 | mse=0.2177 ci=0.8919 rm2=0.7020
epoch  174 | mse=0.2136 ci=0.8985 rm2=0.6873
epoch  175 | mse=0.2149 ci=0.8944 rm2=0.7090
epoch  176 | mse=0.2205 ci=0.8931 rm2=0.6831
epoch  177 | mse=0.2154 ci=0.8929 rm2=0.7176
[FIND BEST!] epoch  178 | mse=0.2116 ci=0.8980 rm2=0.7103
epoch  179 | mse=0.2192 ci=0.8936 rm2=0.6984
epoch  180 | mse=0.2177 ci=0.8976 rm2=0.6862
epoch  181 | mse=0.2121 ci=0.8986 rm2=0.6995
epoch  182 | mse=0.2161 ci=0.8923 rm2=0.7098
epoch  183 | mse=0.2184 ci=0.8934 rm2=0.6923
epoch  184 | mse=0.2203 ci=0.8855 rm2=0.7004
epoch  185 | mse=0.2177 ci=0.8914 rm2=0.6789
epoch  186 | mse=0.2200 ci=0.8889 rm2=0.7039
epoch  187 | mse=0.2211 ci=0.8909 rm2=0.6865
epoch  188 | mse=0.2174 ci=0.8925 rm2=0.6884
epoch  189 | mse=0.2198 ci=0.8879 rm2=0.7133
epoch  190 | mse=0.2183 ci=0.8934 rm2=0.6959
epoch  191 | mse=0.2204 ci=0.8877 rm2=0.7010
epoch  192 | mse=0.2209 ci=0.8874 rm2=0.6829
epoch  193 | mse=0.2124 ci=0.8938 rm2=0.6991
epoch  194 | mse=0.2162 ci=0.8906 rm2=0.7124
epoch  195 | mse=0.2179 ci=0.8963 rm2=0.6851
epoch  196 | mse=0.2171 ci=0.8955 rm2=0.7046
epoch  197 | mse=0.2256 ci=0.8917 rm2=0.6710
epoch  198 | mse=0.2188 ci=0.8976 rm2=0.6758
epoch  199 | mse=0.2143 ci=0.8936 rm2=0.7083
epoch  200 | mse=0.2190 ci=0.8966 rm2=0.6720
epoch  201 | mse=0.2159 ci=0.8968 rm2=0.7003
epoch  202 | mse=0.2184 ci=0.8946 rm2=0.6917
epoch  203 | mse=0.2261 ci=0.8903 rm2=0.6720
epoch  204 | mse=0.2170 ci=0.8927 rm2=0.6972
epoch  205 | mse=0.2122 ci=0.8967 rm2=0.7071
epoch  206 | mse=0.2152 ci=0.8920 rm2=0.7158
epoch  207 | mse=0.2189 ci=0.8926 rm2=0.7064
epoch  208 | mse=0.2179 ci=0.8983 rm2=0.6846
epoch  209 | mse=0.2179 ci=0.8998 rm2=0.6911
epoch  210 | mse=0.2191 ci=0.8925 rm2=0.6993
epoch  211 | mse=0.2136 ci=0.8956 rm2=0.6812
epoch  212 | mse=0.2155 ci=0.8941 rm2=0.6892
epoch  213 | mse=0.2143 ci=0.8970 rm2=0.6911
epoch  214 | mse=0.2139 ci=0.8952 rm2=0.7171
epoch  215 | mse=0.2182 ci=0.8964 rm2=0.6927
epoch  216 | mse=0.2153 ci=0.8991 rm2=0.6975
epoch  217 | mse=0.2148 ci=0.8940 rm2=0.6826
epoch  218 | mse=0.2182 ci=0.8980 rm2=0.6861
epoch  219 | mse=0.2152 ci=0.8964 rm2=0.6878
epoch  220 | mse=0.2155 ci=0.8965 rm2=0.6916
epoch  221 | mse=0.2186 ci=0.8947 rm2=0.6940
epoch  222 | mse=0.2162 ci=0.8953 rm2=0.7161
epoch  223 | mse=0.2220 ci=0.8927 rm2=0.7078
epoch  224 | mse=0.2158 ci=0.8959 rm2=0.7117
epoch  225 | mse=0.2136 ci=0.8972 rm2=0.6897
epoch  226 | mse=0.2195 ci=0.8936 rm2=0.7279
epoch  227 | mse=0.2257 ci=0.8953 rm2=0.6945
epoch  228 | mse=0.2156 ci=0.8960 rm2=0.7034
epoch  229 | mse=0.2117 ci=0.8945 rm2=0.7084
[FIND BEST!] epoch  230 | mse=0.2110 ci=0.8961 rm2=0.7037
epoch  231 | mse=0.2125 ci=0.8955 rm2=0.6996
epoch  232 | mse=0.2125 ci=0.8940 rm2=0.7052
epoch  233 | mse=0.2136 ci=0.8939 rm2=0.7149
[FIND BEST!] epoch  234 | mse=0.2080 ci=0.9001 rm2=0.7082
epoch  235 | mse=0.2128 ci=0.8968 rm2=0.7288
epoch  236 | mse=0.2115 ci=0.8940 rm2=0.7148
epoch  237 | mse=0.2188 ci=0.8909 rm2=0.6750
epoch  238 | mse=0.2109 ci=0.8970 rm2=0.7010
epoch  239 | mse=0.2109 ci=0.8989 rm2=0.7057
epoch  240 | mse=0.2169 ci=0.8933 rm2=0.7017
epoch  241 | mse=0.2265 ci=0.8948 rm2=0.6808
epoch  242 | mse=0.2159 ci=0.8893 rm2=0.7088
epoch  243 | mse=0.2300 ci=0.8980 rm2=0.6417
epoch  244 | mse=0.2179 ci=0.8928 rm2=0.7140
epoch  245 | mse=0.2245 ci=0.8946 rm2=0.6935
epoch  246 | mse=0.2216 ci=0.8965 rm2=0.6545
epoch  247 | mse=0.2324 ci=0.8930 rm2=0.6858
epoch  248 | mse=0.2186 ci=0.8961 rm2=0.7122
epoch  249 | mse=0.2179 ci=0.8968 rm2=0.6823
epoch  250 | mse=0.2152 ci=0.8973 rm2=0.6970
epoch  251 | mse=0.2164 ci=0.9000 rm2=0.6760
epoch  252 | mse=0.2147 ci=0.8970 rm2=0.6846
epoch  253 | mse=0.2171 ci=0.8993 rm2=0.6749
epoch  254 | mse=0.2199 ci=0.8955 rm2=0.6943
epoch  255 | mse=0.2158 ci=0.8970 rm2=0.6948
epoch  256 | mse=0.2083 ci=0.8960 rm2=0.7093
epoch  257 | mse=0.2130 ci=0.8984 rm2=0.6881
epoch  258 | mse=0.2156 ci=0.8970 rm2=0.6949
epoch  259 | mse=0.2162 ci=0.8996 rm2=0.6776
epoch  260 | mse=0.2152 ci=0.8984 rm2=0.6893
epoch  261 | mse=0.2112 ci=0.8960 rm2=0.7038
epoch  262 | mse=0.2126 ci=0.8948 rm2=0.7121
epoch  263 | mse=0.2122 ci=0.8966 rm2=0.7007
epoch  264 | mse=0.2084 ci=0.8982 rm2=0.7104
epoch  265 | mse=0.2113 ci=0.8972 rm2=0.7060
epoch  266 | mse=0.2128 ci=0.8981 rm2=0.6887
epoch  267 | mse=0.2117 ci=0.8973 rm2=0.7003
epoch  268 | mse=0.2113 ci=0.8958 rm2=0.7149
epoch  269 | mse=0.2103 ci=0.8965 rm2=0.7160
epoch  270 | mse=0.2138 ci=0.8993 rm2=0.6860
epoch  271 | mse=0.2140 ci=0.8965 rm2=0.6952
epoch  272 | mse=0.2108 ci=0.8974 rm2=0.7088
epoch  273 | mse=0.2082 ci=0.8983 rm2=0.7108
epoch  274 | mse=0.2102 ci=0.8986 rm2=0.7030
epoch  275 | mse=0.2103 ci=0.8984 rm2=0.7272
epoch  276 | mse=0.2106 ci=0.9007 rm2=0.6988
epoch  277 | mse=0.2122 ci=0.8975 rm2=0.6943
epoch  278 | mse=0.2117 ci=0.8969 rm2=0.6971
epoch  279 | mse=0.2109 ci=0.8926 rm2=0.7101
epoch  280 | mse=0.2133 ci=0.8952 rm2=0.7279
epoch  281 | mse=0.2122 ci=0.8975 rm2=0.6946
epoch  282 | mse=0.2114 ci=0.8974 rm2=0.6964
epoch  283 | mse=0.2151 ci=0.8963 rm2=0.6958
epoch  284 | mse=0.2095 ci=0.8980 rm2=0.7220
epoch  285 | mse=0.2121 ci=0.8975 rm2=0.6937
epoch  286 | mse=0.2122 ci=0.8955 rm2=0.7033
epoch  287 | mse=0.2101 ci=0.9012 rm2=0.7111
epoch  288 | mse=0.2122 ci=0.8971 rm2=0.7112
epoch  289 | mse=0.2165 ci=0.8913 rm2=0.7180
epoch  290 | mse=0.2151 ci=0.8961 rm2=0.6891
epoch  291 | mse=0.2196 ci=0.8960 rm2=0.6959
epoch  292 | mse=0.2146 ci=0.8969 rm2=0.6970
epoch  293 | mse=0.2168 ci=0.8955 rm2=0.6897
epoch  294 | mse=0.2144 ci=0.8989 rm2=0.7141
epoch  295 | mse=0.2164 ci=0.8896 rm2=0.7049
epoch  296 | mse=0.2180 ci=0.8925 rm2=0.6870
epoch  297 | mse=0.2149 ci=0.8971 rm2=0.7005
epoch  298 | mse=0.2112 ci=0.8995 rm2=0.7186
epoch  299 | mse=0.2161 ci=0.8991 rm2=0.6940
epoch  300 | mse=0.2094 ci=0.8985 rm2=0.6975
epoch  301 | mse=0.2097 ci=0.8938 rm2=0.7209
epoch  302 | mse=0.2189 ci=0.8906 rm2=0.7063
epoch  303 | mse=0.2134 ci=0.8951 rm2=0.6919
[FIND BEST!] epoch  304 | mse=0.2076 ci=0.9012 rm2=0.7133
epoch  305 | mse=0.2119 ci=0.8967 rm2=0.7094
epoch  306 | mse=0.2119 ci=0.8948 rm2=0.7191
epoch  307 | mse=0.2101 ci=0.8945 rm2=0.7053
epoch  308 | mse=0.2149 ci=0.8954 rm2=0.6986
epoch  309 | mse=0.2137 ci=0.8998 rm2=0.6981
epoch  310 | mse=0.2182 ci=0.8964 rm2=0.7116
epoch  311 | mse=0.2117 ci=0.8986 rm2=0.7005
epoch  312 | mse=0.2096 ci=0.8980 rm2=0.7153
epoch  313 | mse=0.2135 ci=0.8915 rm2=0.7085
epoch  314 | mse=0.2091 ci=0.8982 rm2=0.7102
epoch  315 | mse=0.2159 ci=0.8955 rm2=0.6952
[FIND BEST!] epoch  316 | mse=0.2047 ci=0.8980 rm2=0.7151
epoch  317 | mse=0.2049 ci=0.9025 rm2=0.7131
epoch  318 | mse=0.2067 ci=0.8996 rm2=0.7305
epoch  319 | mse=0.2131 ci=0.9009 rm2=0.7062
epoch  320 | mse=0.2089 ci=0.9003 rm2=0.6934
epoch  321 | mse=0.2145 ci=0.8992 rm2=0.6826
epoch  322 | mse=0.2087 ci=0.8982 rm2=0.7099
epoch  323 | mse=0.2048 ci=0.8962 rm2=0.7285
epoch  324 | mse=0.2081 ci=0.9019 rm2=0.6977
epoch  325 | mse=0.2094 ci=0.8993 rm2=0.7227
epoch  326 | mse=0.2059 ci=0.8988 rm2=0.7158
epoch  327 | mse=0.2064 ci=0.8947 rm2=0.7245
epoch  328 | mse=0.2130 ci=0.8985 rm2=0.6805
epoch  329 | mse=0.2123 ci=0.8957 rm2=0.7100
epoch  330 | mse=0.2095 ci=0.8986 rm2=0.7013
epoch  331 | mse=0.2049 ci=0.9003 rm2=0.7137
epoch  332 | mse=0.2089 ci=0.8994 rm2=0.7048
epoch  333 | mse=0.2085 ci=0.8984 rm2=0.6962
epoch  334 | mse=0.2095 ci=0.9012 rm2=0.7038
epoch  335 | mse=0.2068 ci=0.8984 rm2=0.7150
epoch  336 | mse=0.2117 ci=0.8935 rm2=0.7094
epoch  337 | mse=0.2064 ci=0.8966 rm2=0.7259
epoch  338 | mse=0.2085 ci=0.8939 rm2=0.7290
epoch  339 | mse=0.2135 ci=0.9018 rm2=0.6834
epoch  340 | mse=0.2083 ci=0.8971 rm2=0.7134
epoch  341 | mse=0.2137 ci=0.8918 rm2=0.7130
epoch  342 | mse=0.2155 ci=0.8954 rm2=0.6917
epoch  343 | mse=0.2111 ci=0.8986 rm2=0.7059
epoch  344 | mse=0.2062 ci=0.9017 rm2=0.7014
epoch  345 | mse=0.2121 ci=0.8954 rm2=0.7092
epoch  346 | mse=0.2090 ci=0.8997 rm2=0.6991
epoch  347 | mse=0.2124 ci=0.9035 rm2=0.7093
epoch  348 | mse=0.2073 ci=0.9004 rm2=0.7153
epoch  349 | mse=0.2103 ci=0.8988 rm2=0.7119
epoch  350 | mse=0.2088 ci=0.8969 rm2=0.7239
epoch  351 | mse=0.2107 ci=0.8990 rm2=0.7049
epoch  352 | mse=0.2095 ci=0.9001 rm2=0.7015
epoch  353 | mse=0.2101 ci=0.9002 rm2=0.6954
epoch  354 | mse=0.2145 ci=0.8975 rm2=0.7023
epoch  355 | mse=0.2070 ci=0.8987 rm2=0.7137
epoch  356 | mse=0.2090 ci=0.9000 rm2=0.7157
epoch  357 | mse=0.2080 ci=0.8999 rm2=0.7197
epoch  358 | mse=0.2119 ci=0.9006 rm2=0.7058
epoch  359 | mse=0.2106 ci=0.8955 rm2=0.7164
epoch  360 | mse=0.2122 ci=0.8969 rm2=0.7040
epoch  361 | mse=0.2127 ci=0.8944 rm2=0.7144
epoch  362 | mse=0.2104 ci=0.8979 rm2=0.6971
epoch  363 | mse=0.2100 ci=0.8966 rm2=0.7016
epoch  364 | mse=0.2122 ci=0.8982 rm2=0.7050
epoch  365 | mse=0.2080 ci=0.9015 rm2=0.7218
epoch  366 | mse=0.2100 ci=0.8982 rm2=0.7149
epoch  367 | mse=0.2063 ci=0.9011 rm2=0.7088
epoch  368 | mse=0.2144 ci=0.9009 rm2=0.6921
epoch  369 | mse=0.2111 ci=0.9006 rm2=0.7267
epoch  370 | mse=0.2129 ci=0.9012 rm2=0.7058
epoch  371 | mse=0.2070 ci=0.9033 rm2=0.6941
epoch  372 | mse=0.2083 ci=0.9007 rm2=0.7168
epoch  373 | mse=0.2122 ci=0.8975 rm2=0.7098
epoch  374 | mse=0.2055 ci=0.8995 rm2=0.7077
[FIND BEST!] epoch  375 | mse=0.2022 ci=0.9036 rm2=0.7059
epoch  376 | mse=0.2097 ci=0.9034 rm2=0.6974
epoch  377 | mse=0.2091 ci=0.9028 rm2=0.7049
epoch  378 | mse=0.2086 ci=0.8956 rm2=0.7190
epoch  379 | mse=0.2113 ci=0.8997 rm2=0.6999
epoch  380 | mse=0.2122 ci=0.9018 rm2=0.6866
epoch  381 | mse=0.2072 ci=0.8984 rm2=0.7388
epoch  382 | mse=0.2133 ci=0.8996 rm2=0.7035
epoch  383 | mse=0.2095 ci=0.9009 rm2=0.7006
epoch  384 | mse=0.2191 ci=0.8980 rm2=0.6708
epoch  385 | mse=0.2098 ci=0.9016 rm2=0.7189
epoch  386 | mse=0.2057 ci=0.8998 rm2=0.7222
epoch  387 | mse=0.2063 ci=0.9035 rm2=0.7249
epoch  388 | mse=0.2155 ci=0.8996 rm2=0.6996
epoch  389 | mse=0.2082 ci=0.9011 rm2=0.7180
epoch  390 | mse=0.2086 ci=0.9008 rm2=0.7054
epoch  391 | mse=0.2071 ci=0.8998 rm2=0.7020
epoch  392 | mse=0.2093 ci=0.8993 rm2=0.7054
epoch  393 | mse=0.2102 ci=0.8957 rm2=0.7157
epoch  394 | mse=0.2055 ci=0.8972 rm2=0.7194
epoch  395 | mse=0.2046 ci=0.9043 rm2=0.7276
epoch  396 | mse=0.2089 ci=0.8985 rm2=0.7151
epoch  397 | mse=0.2084 ci=0.8991 rm2=0.7019
epoch  398 | mse=0.2052 ci=0.9009 rm2=0.7207
epoch  399 | mse=0.2054 ci=0.8992 rm2=0.7300
epoch  400 | mse=0.2078 ci=0.9013 rm2=0.6979
epoch  401 | mse=0.2045 ci=0.9032 rm2=0.7181
epoch  402 | mse=0.2069 ci=0.8980 rm2=0.7203
epoch  403 | mse=0.2118 ci=0.8985 rm2=0.7027
epoch  404 | mse=0.2075 ci=0.9012 rm2=0.6925
epoch  405 | mse=0.2063 ci=0.9046 rm2=0.7182
epoch  406 | mse=0.2071 ci=0.9019 rm2=0.7089
epoch  407 | mse=0.2131 ci=0.8992 rm2=0.7106
epoch  408 | mse=0.2077 ci=0.9006 rm2=0.7122
epoch  409 | mse=0.2046 ci=0.9016 rm2=0.7173
epoch  410 | mse=0.2061 ci=0.8988 rm2=0.7179
epoch  411 | mse=0.2041 ci=0.8982 rm2=0.7231
epoch  412 | mse=0.2078 ci=0.8989 rm2=0.7079
epoch  413 | mse=0.2062 ci=0.9029 rm2=0.7078
epoch  414 | mse=0.2058 ci=0.8999 rm2=0.7235
epoch  415 | mse=0.2049 ci=0.9021 rm2=0.7192
epoch  416 | mse=0.2113 ci=0.8997 rm2=0.6982
epoch  417 | mse=0.2095 ci=0.8974 rm2=0.6997
epoch  418 | mse=0.2095 ci=0.9018 rm2=0.7294
epoch  419 | mse=0.2095 ci=0.8978 rm2=0.6993
epoch  420 | mse=0.2087 ci=0.9006 rm2=0.7154
epoch  421 | mse=0.2092 ci=0.9029 rm2=0.7000
epoch  422 | mse=0.2119 ci=0.8957 rm2=0.6939
epoch  423 | mse=0.2095 ci=0.9024 rm2=0.6943
epoch  424 | mse=0.2081 ci=0.9013 rm2=0.6966
epoch  425 | mse=0.2106 ci=0.8944 rm2=0.7319
epoch  426 | mse=0.2095 ci=0.9012 rm2=0.6875
epoch  427 | mse=0.2052 ci=0.9006 rm2=0.7201
epoch  428 | mse=0.2067 ci=0.9021 rm2=0.7197
epoch  429 | mse=0.2129 ci=0.8957 rm2=0.7144
epoch  430 | mse=0.2046 ci=0.9029 rm2=0.7376
epoch  431 | mse=0.2035 ci=0.9010 rm2=0.7220
epoch  432 | mse=0.2087 ci=0.9029 rm2=0.7200
epoch  433 | mse=0.2083 ci=0.9037 rm2=0.6856
epoch  434 | mse=0.2089 ci=0.9006 rm2=0.7055
epoch  435 | mse=0.2086 ci=0.9020 rm2=0.7117
epoch  436 | mse=0.2060 ci=0.9012 rm2=0.7146
epoch  437 | mse=0.2040 ci=0.9010 rm2=0.7120
epoch  438 | mse=0.2049 ci=0.9006 rm2=0.7237
epoch  439 | mse=0.2127 ci=0.8967 rm2=0.7170
epoch  440 | mse=0.2064 ci=0.9014 rm2=0.7322
epoch  441 | mse=0.2040 ci=0.9005 rm2=0.7190
epoch  442 | mse=0.2054 ci=0.8962 rm2=0.7251
epoch  443 | mse=0.2030 ci=0.9024 rm2=0.7222
epoch  444 | mse=0.2069 ci=0.8956 rm2=0.7150
epoch  445 | mse=0.2061 ci=0.9012 rm2=0.7174
epoch  446 | mse=0.2081 ci=0.9017 rm2=0.7431
epoch  447 | mse=0.2050 ci=0.9015 rm2=0.7085
epoch  448 | mse=0.2048 ci=0.9039 rm2=0.7110
epoch  449 | mse=0.2037 ci=0.9033 rm2=0.7181
epoch  450 | mse=0.2047 ci=0.9021 rm2=0.7183
epoch  451 | mse=0.2041 ci=0.9060 rm2=0.6994
epoch  452 | mse=0.2031 ci=0.8982 rm2=0.7397
epoch  453 | mse=0.2048 ci=0.8989 rm2=0.7216
epoch  454 | mse=0.2051 ci=0.9012 rm2=0.7222
epoch  455 | mse=0.2080 ci=0.9027 rm2=0.7334
epoch  456 | mse=0.2057 ci=0.9017 rm2=0.7234
epoch  457 | mse=0.2045 ci=0.9026 rm2=0.7227
epoch  458 | mse=0.2042 ci=0.9023 rm2=0.7092
epoch  459 | mse=0.2077 ci=0.9039 rm2=0.7088
epoch  460 | mse=0.2063 ci=0.8993 rm2=0.7256
epoch  461 | mse=0.2079 ci=0.9023 rm2=0.6965
epoch  462 | mse=0.2107 ci=0.9036 rm2=0.6963
epoch  463 | mse=0.2065 ci=0.9019 rm2=0.7271
epoch  464 | mse=0.2099 ci=0.9007 rm2=0.7101
epoch  465 | mse=0.2074 ci=0.9015 rm2=0.7138
epoch  466 | mse=0.2075 ci=0.9045 rm2=0.7106
epoch  467 | mse=0.2075 ci=0.9009 rm2=0.7096
epoch  468 | mse=0.2068 ci=0.9080 rm2=0.6980
epoch  469 | mse=0.2039 ci=0.9005 rm2=0.7345
epoch  470 | mse=0.2085 ci=0.9036 rm2=0.7086
epoch  471 | mse=0.2074 ci=0.8955 rm2=0.7299
epoch  472 | mse=0.2080 ci=0.9035 rm2=0.6962
epoch  473 | mse=0.2084 ci=0.9006 rm2=0.7175
epoch  474 | mse=0.2063 ci=0.8964 rm2=0.7264
epoch  475 | mse=0.2096 ci=0.9002 rm2=0.7111
epoch  476 | mse=0.2085 ci=0.9007 rm2=0.7165
epoch  477 | mse=0.2071 ci=0.9002 rm2=0.7119
epoch  478 | mse=0.2037 ci=0.8973 rm2=0.7259
epoch  479 | mse=0.2096 ci=0.9012 rm2=0.7009
epoch  480 | mse=0.2084 ci=0.9029 rm2=0.7036
epoch  481 | mse=0.2077 ci=0.9011 rm2=0.7155
epoch  482 | mse=0.2081 ci=0.9024 rm2=0.7157
epoch  483 | mse=0.2036 ci=0.9035 rm2=0.7223
epoch  484 | mse=0.2037 ci=0.9019 rm2=0.7161
epoch  485 | mse=0.2029 ci=0.9058 rm2=0.7203
epoch  486 | mse=0.2116 ci=0.9020 rm2=0.6979
epoch  487 | mse=0.2050 ci=0.9042 rm2=0.7151
epoch  488 | mse=0.2045 ci=0.9030 rm2=0.7072
epoch  489 | mse=0.2043 ci=0.9007 rm2=0.7162
epoch  490 | mse=0.2087 ci=0.9004 rm2=0.7104
epoch  491 | mse=0.2068 ci=0.9021 rm2=0.7130
epoch  492 | mse=0.2047 ci=0.8996 rm2=0.7363
epoch  493 | mse=0.2091 ci=0.9001 rm2=0.7042
epoch  494 | mse=0.2061 ci=0.9015 rm2=0.7259
epoch  495 | mse=0.2092 ci=0.9030 rm2=0.6901
epoch  496 | mse=0.2077 ci=0.9025 rm2=0.6963
epoch  497 | mse=0.2088 ci=0.9004 rm2=0.7140
epoch  498 | mse=0.2033 ci=0.9035 rm2=0.7280
epoch  499 | mse=0.2088 ci=0.8984 rm2=0.7219
epoch  500 | mse=0.2096 ci=0.9001 rm2=0.7159
epoch  501 | mse=0.2055 ci=0.9044 rm2=0.7120
epoch  502 | mse=0.2130 ci=0.9032 rm2=0.7241
epoch  503 | mse=0.2055 ci=0.9031 rm2=0.7184
epoch  504 | mse=0.2059 ci=0.9007 rm2=0.7280
epoch  505 | mse=0.2077 ci=0.9048 rm2=0.7112
epoch  506 | mse=0.2060 ci=0.9024 rm2=0.7120
epoch  507 | mse=0.2037 ci=0.9019 rm2=0.7184
epoch  508 | mse=0.2044 ci=0.9009 rm2=0.7275
epoch  509 | mse=0.2054 ci=0.9028 rm2=0.7195
epoch  510 | mse=0.2063 ci=0.9042 rm2=0.7109
epoch  511 | mse=0.2076 ci=0.9025 rm2=0.7090
epoch  512 | mse=0.2108 ci=0.8982 rm2=0.7205
epoch  513 | mse=0.2054 ci=0.9004 rm2=0.7117
epoch  514 | mse=0.2056 ci=0.8973 rm2=0.7221
epoch  515 | mse=0.2041 ci=0.9016 rm2=0.7300
epoch  516 | mse=0.2031 ci=0.9013 rm2=0.7233
epoch  517 | mse=0.2045 ci=0.9016 rm2=0.7317
epoch  518 | mse=0.2085 ci=0.9013 rm2=0.7191
epoch  519 | mse=0.2049 ci=0.8981 rm2=0.7331
epoch  520 | mse=0.2046 ci=0.8997 rm2=0.7226
epoch  521 | mse=0.2092 ci=0.9030 rm2=0.7029
epoch  522 | mse=0.2074 ci=0.9018 rm2=0.7106
epoch  523 | mse=0.2064 ci=0.9023 rm2=0.7017
epoch  524 | mse=0.2078 ci=0.9026 rm2=0.7041
epoch  525 | mse=0.2081 ci=0.9025 rm2=0.7191
epoch  526 | mse=0.2037 ci=0.9056 rm2=0.7284
epoch  527 | mse=0.2179 ci=0.8992 rm2=0.7158
epoch  528 | mse=0.2062 ci=0.9003 rm2=0.7196
epoch  529 | mse=0.2063 ci=0.9002 rm2=0.7153
epoch  530 | mse=0.2079 ci=0.9014 rm2=0.7013
epoch  531 | mse=0.2103 ci=0.9022 rm2=0.7062
epoch  532 | mse=0.2050 ci=0.9015 rm2=0.7267
epoch  533 | mse=0.2067 ci=0.9003 rm2=0.7095
epoch  534 | mse=0.2076 ci=0.9024 rm2=0.7144
epoch  535 | mse=0.2074 ci=0.9041 rm2=0.7109
epoch  536 | mse=0.2045 ci=0.9016 rm2=0.7173
epoch  537 | mse=0.2111 ci=0.9039 rm2=0.7054
epoch  538 | mse=0.2057 ci=0.9037 rm2=0.7165
[FIND BEST!] epoch  539 | mse=0.1995 ci=0.9032 rm2=0.7406
epoch  540 | mse=0.2046 ci=0.8994 rm2=0.7206
epoch  541 | mse=0.2024 ci=0.9016 rm2=0.7289
epoch  542 | mse=0.2031 ci=0.9026 rm2=0.7326
epoch  543 | mse=0.2088 ci=0.8995 rm2=0.7208
epoch  544 | mse=0.2034 ci=0.9016 rm2=0.7224
epoch  545 | mse=0.2045 ci=0.9013 rm2=0.7371
epoch  546 | mse=0.2039 ci=0.9023 rm2=0.7170
epoch  547 | mse=0.2169 ci=0.9015 rm2=0.7013
epoch  548 | mse=0.2071 ci=0.9027 rm2=0.7100
epoch  549 | mse=0.2070 ci=0.9021 rm2=0.7162
epoch  550 | mse=0.2062 ci=0.9004 rm2=0.7108
epoch  551 | mse=0.2050 ci=0.9023 rm2=0.7096
epoch  552 | mse=0.2076 ci=0.8981 rm2=0.7184
epoch  553 | mse=0.2060 ci=0.9025 rm2=0.7109
epoch  554 | mse=0.2074 ci=0.8982 rm2=0.7157
epoch  555 | mse=0.2064 ci=0.9011 rm2=0.7023
epoch  556 | mse=0.2032 ci=0.9009 rm2=0.7145
epoch  557 | mse=0.2024 ci=0.9019 rm2=0.7304
epoch  558 | mse=0.2033 ci=0.9012 rm2=0.7234
epoch  559 | mse=0.2031 ci=0.9049 rm2=0.7252
epoch  560 | mse=0.2061 ci=0.9038 rm2=0.7014
epoch  561 | mse=0.2060 ci=0.9039 rm2=0.7013
epoch  562 | mse=0.2070 ci=0.9033 rm2=0.7177
epoch  563 | mse=0.2060 ci=0.9016 rm2=0.7009
epoch  564 | mse=0.2044 ci=0.9057 rm2=0.7150
epoch  565 | mse=0.2060 ci=0.9019 rm2=0.7268
epoch  566 | mse=0.2054 ci=0.9044 rm2=0.7180
epoch  567 | mse=0.2042 ci=0.9070 rm2=0.7084
epoch  568 | mse=0.2021 ci=0.9071 rm2=0.7138
epoch  569 | mse=0.2030 ci=0.9030 rm2=0.7333
epoch  570 | mse=0.2064 ci=0.9022 rm2=0.7131
epoch  571 | mse=0.2026 ci=0.9036 rm2=0.7143
epoch  572 | mse=0.2089 ci=0.8993 rm2=0.7436
epoch  573 | mse=0.2043 ci=0.9021 rm2=0.7145
epoch  574 | mse=0.2073 ci=0.9034 rm2=0.6933
epoch  575 | mse=0.2065 ci=0.9037 rm2=0.7162
epoch  576 | mse=0.2038 ci=0.9051 rm2=0.7233
epoch  577 | mse=0.2080 ci=0.9021 rm2=0.7223
epoch  578 | mse=0.2074 ci=0.9015 rm2=0.7191
epoch  579 | mse=0.2014 ci=0.9045 rm2=0.7193
epoch  580 | mse=0.2043 ci=0.8997 rm2=0.7159
epoch  581 | mse=0.2019 ci=0.9035 rm2=0.7216
epoch  582 | mse=0.2058 ci=0.9013 rm2=0.7196
epoch  583 | mse=0.2043 ci=0.9056 rm2=0.7145
epoch  584 | mse=0.2046 ci=0.9041 rm2=0.7075
epoch  585 | mse=0.2065 ci=0.9010 rm2=0.7307
epoch  586 | mse=0.2038 ci=0.9041 rm2=0.7263
epoch  587 | mse=0.2033 ci=0.9003 rm2=0.7369
epoch  588 | mse=0.2025 ci=0.9021 rm2=0.7325
epoch  589 | mse=0.2041 ci=0.9034 rm2=0.7269
epoch  590 | mse=0.2021 ci=0.9026 rm2=0.7195
epoch  591 | mse=0.2028 ci=0.9043 rm2=0.7153
epoch  592 | mse=0.2062 ci=0.9001 rm2=0.7059
epoch  593 | mse=0.2036 ci=0.9003 rm2=0.7427
epoch  594 | mse=0.2011 ci=0.9024 rm2=0.7240
epoch  595 | mse=0.1997 ci=0.9019 rm2=0.7474
epoch  596 | mse=0.2041 ci=0.9035 rm2=0.7160
epoch  597 | mse=0.2004 ci=0.9040 rm2=0.7199
epoch  598 | mse=0.2063 ci=0.9007 rm2=0.7167
epoch  599 | mse=0.2022 ci=0.9029 rm2=0.7157
epoch  600 | mse=0.2047 ci=0.9017 rm2=0.7111
epoch  601 | mse=0.2038 ci=0.9020 rm2=0.7292
epoch  602 | mse=0.2046 ci=0.9034 rm2=0.7231
epoch  603 | mse=0.2062 ci=0.8995 rm2=0.7101
epoch  604 | mse=0.2020 ci=0.9009 rm2=0.7241
epoch  605 | mse=0.2040 ci=0.9011 rm2=0.7263
epoch  606 | mse=0.2039 ci=0.9020 rm2=0.7170
epoch  607 | mse=0.2052 ci=0.9011 rm2=0.7119
epoch  608 | mse=0.2030 ci=0.9050 rm2=0.7230
epoch  609 | mse=0.2023 ci=0.9043 rm2=0.7314
epoch  610 | mse=0.2010 ci=0.9046 rm2=0.7147
epoch  611 | mse=0.2000 ci=0.9051 rm2=0.7261
epoch  612 | mse=0.2069 ci=0.9006 rm2=0.7145
epoch  613 | mse=0.2074 ci=0.8997 rm2=0.7339
epoch  614 | mse=0.2046 ci=0.9039 rm2=0.7222
epoch  615 | mse=0.2057 ci=0.9039 rm2=0.7228
epoch  616 | mse=0.2010 ci=0.9030 rm2=0.7336
epoch  617 | mse=0.2048 ci=0.9027 rm2=0.7197
epoch  618 | mse=0.2026 ci=0.9037 rm2=0.7328
epoch  619 | mse=0.2066 ci=0.9031 rm2=0.7178
epoch  620 | mse=0.2016 ci=0.9011 rm2=0.7398
epoch  621 | mse=0.2041 ci=0.9047 rm2=0.7200
epoch  622 | mse=0.2046 ci=0.9003 rm2=0.7224
epoch  623 | mse=0.2023 ci=0.8984 rm2=0.7223
epoch  624 | mse=0.2020 ci=0.9026 rm2=0.7396
epoch  625 | mse=0.2026 ci=0.9030 rm2=0.7253
epoch  626 | mse=0.2032 ci=0.8982 rm2=0.7183
epoch  627 | mse=0.2040 ci=0.9013 rm2=0.7227
epoch  628 | mse=0.2039 ci=0.9007 rm2=0.7247
epoch  629 | mse=0.2043 ci=0.8989 rm2=0.7288
epoch  630 | mse=0.2017 ci=0.9007 rm2=0.7303
epoch  631 | mse=0.2039 ci=0.9017 rm2=0.7350
epoch  632 | mse=0.2046 ci=0.9023 rm2=0.7283
epoch  633 | mse=0.2043 ci=0.9019 rm2=0.7283
epoch  634 | mse=0.2047 ci=0.9030 rm2=0.7183
epoch  635 | mse=0.2037 ci=0.9081 rm2=0.7126
epoch  636 | mse=0.2021 ci=0.9039 rm2=0.7252
epoch  637 | mse=0.2017 ci=0.9038 rm2=0.7417
epoch  638 | mse=0.2045 ci=0.9050 rm2=0.7144
epoch  639 | mse=0.2053 ci=0.9032 rm2=0.7170
epoch  640 | mse=0.2008 ci=0.9049 rm2=0.7314
epoch  641 | mse=0.2037 ci=0.9019 rm2=0.7420
epoch  642 | mse=0.2040 ci=0.9051 rm2=0.7134
epoch  643 | mse=0.2015 ci=0.9024 rm2=0.7280
epoch  644 | mse=0.2033 ci=0.9046 rm2=0.7291
epoch  645 | mse=0.2067 ci=0.9044 rm2=0.7056
epoch  646 | mse=0.2024 ci=0.9050 rm2=0.7225
epoch  647 | mse=0.2030 ci=0.9065 rm2=0.7185
epoch  648 | mse=0.2042 ci=0.9033 rm2=0.7160
epoch  649 | mse=0.2047 ci=0.9038 rm2=0.7239
epoch  650 | mse=0.2047 ci=0.9040 rm2=0.7347
epoch  651 | mse=0.2116 ci=0.9032 rm2=0.7231
epoch  652 | mse=0.2018 ci=0.9056 rm2=0.7354
epoch  653 | mse=0.2024 ci=0.9054 rm2=0.7286
epoch  654 | mse=0.2074 ci=0.9034 rm2=0.7025
epoch  655 | mse=0.2074 ci=0.9037 rm2=0.7000
epoch  656 | mse=0.2070 ci=0.9016 rm2=0.7172
epoch  657 | mse=0.2042 ci=0.9027 rm2=0.7132
epoch  658 | mse=0.2069 ci=0.9024 rm2=0.7159
epoch  659 | mse=0.2055 ci=0.9046 rm2=0.7229
epoch  660 | mse=0.2062 ci=0.9070 rm2=0.7078
epoch  661 | mse=0.2037 ci=0.9054 rm2=0.7344
epoch  662 | mse=0.2046 ci=0.9052 rm2=0.7144
epoch  663 | mse=0.2055 ci=0.9031 rm2=0.7238
epoch  664 | mse=0.2057 ci=0.9034 rm2=0.7242
epoch  665 | mse=0.2062 ci=0.9054 rm2=0.7213
epoch  666 | mse=0.2062 ci=0.9043 rm2=0.7081
epoch  667 | mse=0.2037 ci=0.9051 rm2=0.7138
epoch  668 | mse=0.2054 ci=0.9034 rm2=0.7217
epoch  669 | mse=0.2052 ci=0.9055 rm2=0.7235
epoch  670 | mse=0.2052 ci=0.9023 rm2=0.7226
epoch  671 | mse=0.2049 ci=0.9035 rm2=0.7093
epoch  672 | mse=0.2056 ci=0.9009 rm2=0.7286
epoch  673 | mse=0.2063 ci=0.9045 rm2=0.7209
epoch  674 | mse=0.2016 ci=0.9018 rm2=0.7308
epoch  675 | mse=0.2041 ci=0.8984 rm2=0.7330
epoch  676 | mse=0.2068 ci=0.9029 rm2=0.7290
epoch  677 | mse=0.2055 ci=0.9032 rm2=0.7196
epoch  678 | mse=0.2076 ci=0.9040 rm2=0.7185
epoch  679 | mse=0.2031 ci=0.9064 rm2=0.7166
epoch  680 | mse=0.2046 ci=0.9045 rm2=0.7207
epoch  681 | mse=0.2025 ci=0.9013 rm2=0.7288
epoch  682 | mse=0.2012 ci=0.9064 rm2=0.7313
epoch  683 | mse=0.1997 ci=0.9061 rm2=0.7258
epoch  684 | mse=0.2032 ci=0.9060 rm2=0.7161
epoch  685 | mse=0.2034 ci=0.9068 rm2=0.7199
epoch  686 | mse=0.2082 ci=0.8999 rm2=0.7240
epoch  687 | mse=0.2051 ci=0.9025 rm2=0.7238
epoch  688 | mse=0.2106 ci=0.9041 rm2=0.7330
epoch  689 | mse=0.2039 ci=0.9033 rm2=0.7207
epoch  690 | mse=0.2070 ci=0.9032 rm2=0.7311
epoch  691 | mse=0.2067 ci=0.8959 rm2=0.7369
epoch  692 | mse=0.2012 ci=0.9039 rm2=0.7238
epoch  693 | mse=0.2046 ci=0.9049 rm2=0.7098
epoch  694 | mse=0.2033 ci=0.9023 rm2=0.7215
epoch  695 | mse=0.2036 ci=0.9038 rm2=0.7269
epoch  696 | mse=0.2012 ci=0.9024 rm2=0.7376
epoch  697 | mse=0.2027 ci=0.9036 rm2=0.7333
epoch  698 | mse=0.2025 ci=0.9031 rm2=0.7266
epoch  699 | mse=0.2034 ci=0.9048 rm2=0.7216
epoch  700 | mse=0.2028 ci=0.9041 rm2=0.7220
epoch  701 | mse=0.2012 ci=0.9040 rm2=0.7428
epoch  702 | mse=0.2018 ci=0.9037 rm2=0.7184
epoch  703 | mse=0.2023 ci=0.9061 rm2=0.7282
epoch  704 | mse=0.2057 ci=0.9040 rm2=0.7243
epoch  705 | mse=0.2045 ci=0.9038 rm2=0.7293
epoch  706 | mse=0.2054 ci=0.9004 rm2=0.7226
epoch  707 | mse=0.2010 ci=0.9018 rm2=0.7427
epoch  708 | mse=0.2052 ci=0.9049 rm2=0.7245
epoch  709 | mse=0.2016 ci=0.9062 rm2=0.7352
[FIND BEST!] epoch  710 | mse=0.1986 ci=0.9078 rm2=0.7288
epoch  711 | mse=0.2004 ci=0.9037 rm2=0.7262
epoch  712 | mse=0.2004 ci=0.9047 rm2=0.7405
epoch  713 | mse=0.2050 ci=0.9054 rm2=0.7224
epoch  714 | mse=0.2008 ci=0.9060 rm2=0.7177
epoch  715 | mse=0.2008 ci=0.9031 rm2=0.7300
epoch  716 | mse=0.2015 ci=0.9030 rm2=0.7405
epoch  717 | mse=0.2027 ci=0.9060 rm2=0.7101
epoch  718 | mse=0.2017 ci=0.9045 rm2=0.7291
epoch  719 | mse=0.2025 ci=0.9032 rm2=0.7297
epoch  720 | mse=0.2038 ci=0.9079 rm2=0.7117
epoch  721 | mse=0.2044 ci=0.9041 rm2=0.7339
epoch  722 | mse=0.2023 ci=0.9031 rm2=0.7314
epoch  723 | mse=0.2026 ci=0.9043 rm2=0.7213
epoch  724 | mse=0.2032 ci=0.9048 rm2=0.7144
epoch  725 | mse=0.2017 ci=0.9074 rm2=0.7218
epoch  726 | mse=0.2014 ci=0.9033 rm2=0.7449
epoch  727 | mse=0.2027 ci=0.9039 rm2=0.7193
epoch  728 | mse=0.2035 ci=0.9076 rm2=0.7228
epoch  729 | mse=0.2078 ci=0.9048 rm2=0.7246
epoch  730 | mse=0.2028 ci=0.9051 rm2=0.7275
epoch  731 | mse=0.2040 ci=0.9060 rm2=0.7297
epoch  732 | mse=0.2052 ci=0.9039 rm2=0.7196
epoch  733 | mse=0.2094 ci=0.9041 rm2=0.7405
epoch  734 | mse=0.2009 ci=0.9046 rm2=0.7152
epoch  735 | mse=0.2018 ci=0.9078 rm2=0.7237
epoch  736 | mse=0.1998 ci=0.9064 rm2=0.7410
epoch  737 | mse=0.2022 ci=0.9052 rm2=0.7289
epoch  738 | mse=0.1997 ci=0.9087 rm2=0.7163
epoch  739 | mse=0.2010 ci=0.9070 rm2=0.7322
epoch  740 | mse=0.1999 ci=0.9073 rm2=0.7396
epoch  741 | mse=0.2051 ci=0.9058 rm2=0.7253
epoch  742 | mse=0.2045 ci=0.9021 rm2=0.7381
epoch  743 | mse=0.2000 ci=0.9063 rm2=0.7429
epoch  744 | mse=0.2033 ci=0.9066 rm2=0.7363
epoch  745 | mse=0.2008 ci=0.9066 rm2=0.7279
epoch  746 | mse=0.2067 ci=0.9042 rm2=0.7256
epoch  747 | mse=0.2027 ci=0.9024 rm2=0.7305
epoch  748 | mse=0.2021 ci=0.9035 rm2=0.7187
epoch  749 | mse=0.2015 ci=0.9034 rm2=0.7334
epoch  750 | mse=0.2008 ci=0.9063 rm2=0.7326
epoch  751 | mse=0.2038 ci=0.9062 rm2=0.7287
epoch  752 | mse=0.2029 ci=0.9036 rm2=0.7348
epoch  753 | mse=0.2001 ci=0.9061 rm2=0.7275
epoch  754 | mse=0.2029 ci=0.9052 rm2=0.7311
epoch  755 | mse=0.2087 ci=0.9004 rm2=0.7405
epoch  756 | mse=0.2060 ci=0.9047 rm2=0.7229
epoch  757 | mse=0.2028 ci=0.9063 rm2=0.7191
epoch  758 | mse=0.2029 ci=0.9053 rm2=0.7168
epoch  759 | mse=0.2041 ci=0.9027 rm2=0.7271
epoch  760 | mse=0.2025 ci=0.9054 rm2=0.7243
epoch  761 | mse=0.2007 ci=0.9016 rm2=0.7372
epoch  762 | mse=0.2022 ci=0.9037 rm2=0.7294
epoch  763 | mse=0.2007 ci=0.9037 rm2=0.7295
epoch  764 | mse=0.2044 ci=0.9051 rm2=0.7387
epoch  765 | mse=0.2030 ci=0.9036 rm2=0.7360
epoch  766 | mse=0.2058 ci=0.9037 rm2=0.7109
epoch  767 | mse=0.2046 ci=0.9045 rm2=0.7142
epoch  768 | mse=0.2033 ci=0.9046 rm2=0.7222
epoch  769 | mse=0.2027 ci=0.9029 rm2=0.7221
epoch  770 | mse=0.2043 ci=0.9059 rm2=0.7160
epoch  771 | mse=0.2018 ci=0.9094 rm2=0.7263
epoch  772 | mse=0.2037 ci=0.9058 rm2=0.7166
epoch  773 | mse=0.2017 ci=0.9056 rm2=0.7247
epoch  774 | mse=0.1998 ci=0.9073 rm2=0.7171
epoch  775 | mse=0.2032 ci=0.9060 rm2=0.7218
epoch  776 | mse=0.2035 ci=0.9062 rm2=0.7282
epoch  777 | mse=0.2033 ci=0.9040 rm2=0.7214
epoch  778 | mse=0.2039 ci=0.9065 rm2=0.7250
epoch  779 | mse=0.2028 ci=0.9052 rm2=0.7204
epoch  780 | mse=0.2023 ci=0.9047 rm2=0.7336
epoch  781 | mse=0.2028 ci=0.9057 rm2=0.7228
epoch  782 | mse=0.2019 ci=0.9027 rm2=0.7437
epoch  783 | mse=0.2018 ci=0.9063 rm2=0.7292
epoch  784 | mse=0.2002 ci=0.9073 rm2=0.7309
epoch  785 | mse=0.2031 ci=0.9038 rm2=0.7213
epoch  786 | mse=0.2003 ci=0.9063 rm2=0.7305
epoch  787 | mse=0.2034 ci=0.9051 rm2=0.7278
epoch  788 | mse=0.2027 ci=0.9035 rm2=0.7276
epoch  789 | mse=0.2021 ci=0.9057 rm2=0.7264
epoch  790 | mse=0.2060 ci=0.9068 rm2=0.7232
epoch  791 | mse=0.2011 ci=0.9048 rm2=0.7374
epoch  792 | mse=0.2028 ci=0.9081 rm2=0.7247
epoch  793 | mse=0.2012 ci=0.9088 rm2=0.7158
epoch  794 | mse=0.2028 ci=0.9071 rm2=0.7374
epoch  795 | mse=0.2001 ci=0.9040 rm2=0.7373
epoch  796 | mse=0.2002 ci=0.9086 rm2=0.7231
epoch  797 | mse=0.2006 ci=0.9052 rm2=0.7310
[FIND BEST!] epoch  798 | mse=0.1984 ci=0.9068 rm2=0.7485
epoch  799 | mse=0.2012 ci=0.9076 rm2=0.7259
epoch  800 | mse=0.2005 ci=0.9068 rm2=0.7226
epoch  801 | mse=0.2030 ci=0.9043 rm2=0.7344
epoch  802 | mse=0.2012 ci=0.9060 rm2=0.7188
epoch  803 | mse=0.2017 ci=0.9046 rm2=0.7266
epoch  804 | mse=0.2012 ci=0.9060 rm2=0.7317
epoch  805 | mse=0.1999 ci=0.9065 rm2=0.7291
epoch  806 | mse=0.2006 ci=0.9077 rm2=0.7218
epoch  807 | mse=0.2012 ci=0.9044 rm2=0.7355
epoch  808 | mse=0.2049 ci=0.9008 rm2=0.7420
epoch  809 | mse=0.1991 ci=0.9056 rm2=0.7331
epoch  810 | mse=0.1994 ci=0.9074 rm2=0.7346
epoch  811 | mse=0.2032 ci=0.9037 rm2=0.7302
epoch  812 | mse=0.1992 ci=0.9080 rm2=0.7295
epoch  813 | mse=0.2019 ci=0.9049 rm2=0.7222
epoch  814 | mse=0.2037 ci=0.9021 rm2=0.7362
epoch  815 | mse=0.2045 ci=0.9054 rm2=0.7402
epoch  816 | mse=0.1990 ci=0.9070 rm2=0.7284
epoch  817 | mse=0.2042 ci=0.9043 rm2=0.7299
epoch  818 | mse=0.1994 ci=0.9042 rm2=0.7305
epoch  819 | mse=0.1997 ci=0.9052 rm2=0.7321
epoch  820 | mse=0.2044 ci=0.9024 rm2=0.7198
[FIND BEST!] epoch  821 | mse=0.1980 ci=0.9058 rm2=0.7398
epoch  822 | mse=0.2016 ci=0.9026 rm2=0.7287
epoch  823 | mse=0.2057 ci=0.9035 rm2=0.7267
epoch  824 | mse=0.2028 ci=0.9042 rm2=0.7318
epoch  825 | mse=0.2020 ci=0.9053 rm2=0.7173
epoch  826 | mse=0.1998 ci=0.9051 rm2=0.7319
epoch  827 | mse=0.2036 ci=0.9062 rm2=0.7127
epoch  828 | mse=0.2034 ci=0.9065 rm2=0.7145
epoch  829 | mse=0.2005 ci=0.9082 rm2=0.7245
epoch  830 | mse=0.1999 ci=0.9056 rm2=0.7331
epoch  831 | mse=0.1998 ci=0.9054 rm2=0.7328
epoch  832 | mse=0.2005 ci=0.9068 rm2=0.7264
[FIND BEST!] epoch  833 | mse=0.1978 ci=0.9092 rm2=0.7276
epoch  834 | mse=0.2016 ci=0.9080 rm2=0.7139
epoch  835 | mse=0.1985 ci=0.9069 rm2=0.7323
epoch  836 | mse=0.2013 ci=0.9086 rm2=0.7292
epoch  837 | mse=0.2022 ci=0.9063 rm2=0.7228
epoch  838 | mse=0.2008 ci=0.9082 rm2=0.7203
epoch  839 | mse=0.2004 ci=0.9071 rm2=0.7218
epoch  840 | mse=0.2019 ci=0.9028 rm2=0.7433
epoch  841 | mse=0.1982 ci=0.9074 rm2=0.7310
epoch  842 | mse=0.2010 ci=0.9079 rm2=0.7294
epoch  843 | mse=0.2010 ci=0.9042 rm2=0.7353
epoch  844 | mse=0.2031 ci=0.9055 rm2=0.7301
epoch  845 | mse=0.1997 ci=0.9058 rm2=0.7319
epoch  846 | mse=0.2004 ci=0.9071 rm2=0.7382
epoch  847 | mse=0.1997 ci=0.9055 rm2=0.7170
epoch  848 | mse=0.2015 ci=0.9050 rm2=0.7421
epoch  849 | mse=0.2062 ci=0.9045 rm2=0.7315
epoch  850 | mse=0.2021 ci=0.9030 rm2=0.7307
epoch  851 | mse=0.2019 ci=0.9068 rm2=0.7264
epoch  852 | mse=0.2016 ci=0.9069 rm2=0.7312
epoch  853 | mse=0.2034 ci=0.9044 rm2=0.7339
epoch  854 | mse=0.2016 ci=0.9040 rm2=0.7345
epoch  855 | mse=0.2031 ci=0.9017 rm2=0.7403
epoch  856 | mse=0.2006 ci=0.9089 rm2=0.7388
epoch  857 | mse=0.2047 ci=0.9076 rm2=0.7236
epoch  858 | mse=0.2008 ci=0.9056 rm2=0.7298
epoch  859 | mse=0.2023 ci=0.9067 rm2=0.7131
epoch  860 | mse=0.2025 ci=0.9075 rm2=0.7175
epoch  861 | mse=0.1985 ci=0.9067 rm2=0.7385
[FIND BEST!] epoch  862 | mse=0.1967 ci=0.9058 rm2=0.7353
epoch  863 | mse=0.2013 ci=0.9075 rm2=0.7293
epoch  864 | mse=0.2018 ci=0.9059 rm2=0.7355
epoch  865 | mse=0.1999 ci=0.9079 rm2=0.7280
epoch  866 | mse=0.1970 ci=0.9086 rm2=0.7376
epoch  867 | mse=0.1993 ci=0.9045 rm2=0.7516
epoch  868 | mse=0.2038 ci=0.9064 rm2=0.7427
epoch  869 | mse=0.1998 ci=0.9073 rm2=0.7257
epoch  870 | mse=0.2012 ci=0.9056 rm2=0.7356
epoch  871 | mse=0.2023 ci=0.9041 rm2=0.7447
epoch  872 | mse=0.1998 ci=0.9073 rm2=0.7227
epoch  873 | mse=0.2023 ci=0.9065 rm2=0.7154
epoch  874 | mse=0.2043 ci=0.9071 rm2=0.7243
epoch  875 | mse=0.2030 ci=0.9053 rm2=0.7298
epoch  876 | mse=0.2024 ci=0.9075 rm2=0.7284
epoch  877 | mse=0.2013 ci=0.9068 rm2=0.7412
epoch  878 | mse=0.2002 ci=0.9079 rm2=0.7202
epoch  879 | mse=0.2033 ci=0.9084 rm2=0.7161
epoch  880 | mse=0.2005 ci=0.9041 rm2=0.7340
epoch  881 | mse=0.1978 ci=0.9037 rm2=0.7512
epoch  882 | mse=0.2004 ci=0.9058 rm2=0.7200
epoch  883 | mse=0.1980 ci=0.9061 rm2=0.7436
epoch  884 | mse=0.1979 ci=0.9068 rm2=0.7422
epoch  885 | mse=0.2012 ci=0.9077 rm2=0.7404
epoch  886 | mse=0.2002 ci=0.9052 rm2=0.7314
epoch  887 | mse=0.2003 ci=0.9055 rm2=0.7310
epoch  888 | mse=0.1976 ci=0.9085 rm2=0.7381
epoch  889 | mse=0.2002 ci=0.9091 rm2=0.7265
epoch  890 | mse=0.2012 ci=0.9078 rm2=0.7296
[FIND BEST!] epoch  891 | mse=0.1964 ci=0.9104 rm2=0.7401
epoch  892 | mse=0.1992 ci=0.9072 rm2=0.7247
epoch  893 | mse=0.1981 ci=0.9052 rm2=0.7412
epoch  894 | mse=0.1991 ci=0.9091 rm2=0.7488
epoch  895 | mse=0.2009 ci=0.9091 rm2=0.7194
epoch  896 | mse=0.1993 ci=0.9073 rm2=0.7279
epoch  897 | mse=0.1995 ci=0.9083 rm2=0.7334
epoch  898 | mse=0.1989 ci=0.9083 rm2=0.7292
epoch  899 | mse=0.2012 ci=0.9075 rm2=0.7274
epoch  900 | mse=0.1991 ci=0.9071 rm2=0.7253
epoch  901 | mse=0.2000 ci=0.9071 rm2=0.7232
epoch  902 | mse=0.2012 ci=0.9050 rm2=0.7278
epoch  903 | mse=0.2005 ci=0.9050 rm2=0.7253
epoch  904 | mse=0.2012 ci=0.9073 rm2=0.7280
epoch  905 | mse=0.2030 ci=0.9089 rm2=0.7223
epoch  906 | mse=0.2019 ci=0.9049 rm2=0.7357
epoch  907 | mse=0.2023 ci=0.9068 rm2=0.7157
epoch  908 | mse=0.2062 ci=0.9054 rm2=0.7216
epoch  909 | mse=0.2033 ci=0.9053 rm2=0.7333
epoch  910 | mse=0.2015 ci=0.9071 rm2=0.7328
epoch  911 | mse=0.2000 ci=0.9053 rm2=0.7265
epoch  912 | mse=0.1976 ci=0.9099 rm2=0.7316
epoch  913 | mse=0.1990 ci=0.9078 rm2=0.7245
epoch  914 | mse=0.2002 ci=0.9074 rm2=0.7300
epoch  915 | mse=0.2023 ci=0.9079 rm2=0.7300
epoch  916 | mse=0.1986 ci=0.9103 rm2=0.7188
epoch  917 | mse=0.2014 ci=0.9072 rm2=0.7295
epoch  918 | mse=0.2008 ci=0.9033 rm2=0.7306
epoch  919 | mse=0.2006 ci=0.9064 rm2=0.7308
epoch  920 | mse=0.1993 ci=0.9036 rm2=0.7359
epoch  921 | mse=0.2021 ci=0.9068 rm2=0.7373
epoch  922 | mse=0.2032 ci=0.9021 rm2=0.7370
epoch  923 | mse=0.2003 ci=0.9057 rm2=0.7358
epoch  924 | mse=0.1988 ci=0.9076 rm2=0.7295
epoch  925 | mse=0.2024 ci=0.9062 rm2=0.7242
epoch  926 | mse=0.2054 ci=0.9037 rm2=0.7420
epoch  927 | mse=0.2014 ci=0.9065 rm2=0.7335
epoch  928 | mse=0.2022 ci=0.9051 rm2=0.7335
epoch  929 | mse=0.2045 ci=0.9058 rm2=0.7352
epoch  930 | mse=0.1985 ci=0.9084 rm2=0.7409
epoch  931 | mse=0.2015 ci=0.9072 rm2=0.7260
epoch  932 | mse=0.1999 ci=0.9101 rm2=0.7272
epoch  933 | mse=0.2000 ci=0.9056 rm2=0.7419
epoch  934 | mse=0.2004 ci=0.9082 rm2=0.7396
epoch  935 | mse=0.1987 ci=0.9056 rm2=0.7472
epoch  936 | mse=0.1965 ci=0.9072 rm2=0.7346
epoch  937 | mse=0.1982 ci=0.9059 rm2=0.7309
epoch  938 | mse=0.1992 ci=0.9065 rm2=0.7319
epoch  939 | mse=0.2001 ci=0.9085 rm2=0.7381
epoch  940 | mse=0.2035 ci=0.9078 rm2=0.7252
epoch  941 | mse=0.1995 ci=0.9095 rm2=0.7261
epoch  942 | mse=0.1997 ci=0.9070 rm2=0.7298
epoch  943 | mse=0.2015 ci=0.9051 rm2=0.7241
epoch  944 | mse=0.1987 ci=0.9058 rm2=0.7363
epoch  945 | mse=0.2024 ci=0.9087 rm2=0.7171
epoch  946 | mse=0.2017 ci=0.9059 rm2=0.7318
epoch  947 | mse=0.2036 ci=0.9054 rm2=0.7356
epoch  948 | mse=0.2005 ci=0.9069 rm2=0.7328
epoch  949 | mse=0.1998 ci=0.9069 rm2=0.7318
epoch  950 | mse=0.2031 ci=0.9077 rm2=0.7295
epoch  951 | mse=0.2004 ci=0.9068 rm2=0.7279
epoch  952 | mse=0.2038 ci=0.9067 rm2=0.7314
epoch  953 | mse=0.2015 ci=0.9087 rm2=0.7441
epoch  954 | mse=0.2009 ci=0.9045 rm2=0.7311
epoch  955 | mse=0.1998 ci=0.9050 rm2=0.7416
epoch  956 | mse=0.2021 ci=0.9057 rm2=0.7410
epoch  957 | mse=0.1999 ci=0.9064 rm2=0.7256
epoch  958 | mse=0.2003 ci=0.9041 rm2=0.7348
epoch  959 | mse=0.2005 ci=0.9060 rm2=0.7272
epoch  960 | mse=0.1990 ci=0.9057 rm2=0.7217
epoch  961 | mse=0.1996 ci=0.9039 rm2=0.7442
epoch  962 | mse=0.1995 ci=0.9076 rm2=0.7384
epoch  963 | mse=0.2010 ci=0.9062 rm2=0.7483
epoch  964 | mse=0.2019 ci=0.9077 rm2=0.7138
epoch  965 | mse=0.2000 ci=0.9080 rm2=0.7284
epoch  966 | mse=0.2007 ci=0.9064 rm2=0.7289
epoch  967 | mse=0.2007 ci=0.9035 rm2=0.7405
epoch  968 | mse=0.2044 ci=0.9067 rm2=0.7328
epoch  969 | mse=0.1988 ci=0.9072 rm2=0.7252
epoch  970 | mse=0.2020 ci=0.9069 rm2=0.7305
epoch  971 | mse=0.2022 ci=0.9049 rm2=0.7389
epoch  972 | mse=0.2020 ci=0.9045 rm2=0.7274
epoch  973 | mse=0.1996 ci=0.9047 rm2=0.7242
epoch  974 | mse=0.1977 ci=0.9093 rm2=0.7440
epoch  975 | mse=0.1979 ci=0.9061 rm2=0.7270
epoch  976 | mse=0.1998 ci=0.9107 rm2=0.7471
epoch  977 | mse=0.2005 ci=0.9057 rm2=0.7357
epoch  978 | mse=0.1976 ci=0.9063 rm2=0.7315
epoch  979 | mse=0.1982 ci=0.9085 rm2=0.7348
epoch  980 | mse=0.2025 ci=0.9086 rm2=0.7280
epoch  981 | mse=0.2037 ci=0.9052 rm2=0.7265
epoch  982 | mse=0.1984 ci=0.9096 rm2=0.7351
epoch  983 | mse=0.2000 ci=0.9082 rm2=0.7250
epoch  984 | mse=0.1989 ci=0.9066 rm2=0.7214
epoch  985 | mse=0.1991 ci=0.9089 rm2=0.7344
epoch  986 | mse=0.1972 ci=0.9073 rm2=0.7403
epoch  987 | mse=0.1993 ci=0.9070 rm2=0.7356
epoch  988 | mse=0.1976 ci=0.9072 rm2=0.7352
epoch  989 | mse=0.2033 ci=0.9055 rm2=0.7443
epoch  990 | mse=0.2011 ci=0.9081 rm2=0.7512
epoch  991 | mse=0.1996 ci=0.9066 rm2=0.7405
epoch  992 | mse=0.2001 ci=0.9090 rm2=0.7295
epoch  993 | mse=0.2003 ci=0.9075 rm2=0.7332
epoch  994 | mse=0.1989 ci=0.9092 rm2=0.7228
epoch  995 | mse=0.2001 ci=0.9075 rm2=0.7331
epoch  996 | mse=0.2013 ci=0.9090 rm2=0.7195
epoch  997 | mse=0.1969 ci=0.9085 rm2=0.7319
epoch  998 | mse=0.1966 ci=0.9074 rm2=0.7321
epoch  999 | mse=0.2010 ci=0.9074 rm2=0.7283
epoch 1000 | mse=0.1994 ci=0.9055 rm2=0.7299
final test | epoch 891 | mse=0.1964 ci=0.9104 rm2=0.7401
[19:47:06] DONE  HAG-DTA GIN
[19:47:06] ========== Davis HAG-DTA seed=1000 COMPLETE ==========
