[09:23:36] ========== Davis HAG-DTA seed=2000 models=gin ==========
[09:23:36] START HAG-DTA GIN
Diff_DTA_GIN | davis | classic | cuda=cuda:0
LR=0.0005 epochs=1000 val_interval=1 patience=200

--- davis seed=2000 ---
Pre-processed data found: /root/autodl-tmp/HAG-DTA-cache/processed/davis_train.pt, loading ...
Pre-processed data found: /root/autodl-tmp/HAG-DTA-cache/processed/davis_test.pt, loading ...
/root/HAG-DTA/py38_env/lib/python3.8/site-packages/torch_geometric/deprecation.py:26: UserWarning: 'data.DenseDataLoader' is deprecated, use 'loader.DenseDataLoader' instead
  warnings.warn(out)
n1=6 n2=2
[FIND BEST!] epoch    1 | mse=5.8658 ci=0.6671 rm2=-0.0689
[FIND BEST!] epoch    2 | mse=1.9478 ci=0.7065 rm2=0.0949
[FIND BEST!] epoch    3 | mse=0.7694 ci=0.7540 rm2=0.2021
[FIND BEST!] epoch    4 | mse=0.6323 ci=0.7727 rm2=0.2889
epoch    5 | mse=0.6469 ci=0.7982 rm2=0.3326
[FIND BEST!] epoch    6 | mse=0.5174 ci=0.8025 rm2=0.3479
epoch    7 | mse=0.5255 ci=0.8005 rm2=0.3268
epoch    8 | mse=0.5556 ci=0.8043 rm2=0.3673
epoch    9 | mse=0.5602 ci=0.7868 rm2=0.3511
epoch   10 | mse=0.5523 ci=0.8015 rm2=0.3318
[FIND BEST!] epoch   11 | mse=0.4891 ci=0.8111 rm2=0.3895
[FIND BEST!] epoch   12 | mse=0.4782 ci=0.8189 rm2=0.3894
epoch   13 | mse=0.4956 ci=0.8097 rm2=0.3803
[FIND BEST!] epoch   14 | mse=0.4575 ci=0.8130 rm2=0.4209
[FIND BEST!] epoch   15 | mse=0.4242 ci=0.8278 rm2=0.4586
epoch   16 | mse=0.4730 ci=0.7946 rm2=0.3986
[FIND BEST!] epoch   17 | mse=0.4172 ci=0.8096 rm2=0.4509
epoch   18 | mse=0.4184 ci=0.8330 rm2=0.4348
[FIND BEST!] epoch   19 | mse=0.4018 ci=0.8239 rm2=0.4937
[FIND BEST!] epoch   20 | mse=0.3688 ci=0.8461 rm2=0.5291
[FIND BEST!] epoch   21 | mse=0.3569 ci=0.8474 rm2=0.5352
epoch   22 | mse=0.3781 ci=0.8414 rm2=0.4871
epoch   23 | mse=0.4133 ci=0.8385 rm2=0.4724
epoch   24 | mse=0.3946 ci=0.8366 rm2=0.4851
[FIND BEST!] epoch   25 | mse=0.3408 ci=0.8534 rm2=0.5695
epoch   26 | mse=0.3669 ci=0.8613 rm2=0.5113
epoch   27 | mse=0.3471 ci=0.8607 rm2=0.5244
[FIND BEST!] epoch   28 | mse=0.3288 ci=0.8567 rm2=0.5765
epoch   29 | mse=0.3479 ci=0.8542 rm2=0.5112
[FIND BEST!] epoch   30 | mse=0.3263 ci=0.8634 rm2=0.5885
epoch   31 | mse=0.3352 ci=0.8579 rm2=0.5499
[FIND BEST!] epoch   32 | mse=0.3229 ci=0.8562 rm2=0.5933
epoch   33 | mse=0.3360 ci=0.8633 rm2=0.5454
epoch   34 | mse=0.3249 ci=0.8710 rm2=0.5589
[FIND BEST!] epoch   35 | mse=0.3044 ci=0.8750 rm2=0.5958
epoch   36 | mse=0.3122 ci=0.8722 rm2=0.5865
epoch   37 | mse=0.3052 ci=0.8715 rm2=0.6151
epoch   38 | mse=0.3231 ci=0.8669 rm2=0.5399
[FIND BEST!] epoch   39 | mse=0.3020 ci=0.8706 rm2=0.5918
epoch   40 | mse=0.3065 ci=0.8677 rm2=0.6213
epoch   41 | mse=0.3114 ci=0.8675 rm2=0.6080
epoch   42 | mse=0.3087 ci=0.8566 rm2=0.6044
[FIND BEST!] epoch   43 | mse=0.2869 ci=0.8798 rm2=0.6221
epoch   44 | mse=0.2919 ci=0.8663 rm2=0.6293
[FIND BEST!] epoch   45 | mse=0.2822 ci=0.8803 rm2=0.6152
epoch   46 | mse=0.2841 ci=0.8774 rm2=0.6074
epoch   47 | mse=0.2825 ci=0.8712 rm2=0.6164
[FIND BEST!] epoch   48 | mse=0.2799 ci=0.8747 rm2=0.6329
[FIND BEST!] epoch   49 | mse=0.2774 ci=0.8759 rm2=0.6540
[FIND BEST!] epoch   50 | mse=0.2723 ci=0.8778 rm2=0.6307
[FIND BEST!] epoch   51 | mse=0.2709 ci=0.8799 rm2=0.6252
epoch   52 | mse=0.2791 ci=0.8785 rm2=0.6318
[FIND BEST!] epoch   53 | mse=0.2690 ci=0.8771 rm2=0.6592
epoch   54 | mse=0.2784 ci=0.8704 rm2=0.6441
[FIND BEST!] epoch   55 | mse=0.2635 ci=0.8809 rm2=0.6493
epoch   56 | mse=0.2688 ci=0.8808 rm2=0.6407
epoch   57 | mse=0.2715 ci=0.8757 rm2=0.6705
epoch   58 | mse=0.2675 ci=0.8795 rm2=0.6250
epoch   59 | mse=0.2654 ci=0.8806 rm2=0.6712
epoch   60 | mse=0.2723 ci=0.8804 rm2=0.6063
epoch   61 | mse=0.2649 ci=0.8842 rm2=0.6315
epoch   62 | mse=0.2677 ci=0.8766 rm2=0.6537
[FIND BEST!] epoch   63 | mse=0.2578 ci=0.8848 rm2=0.6549
epoch   64 | mse=0.2603 ci=0.8727 rm2=0.6648
epoch   65 | mse=0.2593 ci=0.8804 rm2=0.6602
[FIND BEST!] epoch   66 | mse=0.2564 ci=0.8794 rm2=0.6653
[FIND BEST!] epoch   67 | mse=0.2511 ci=0.8819 rm2=0.6564
epoch   68 | mse=0.2675 ci=0.8590 rm2=0.6464
[FIND BEST!] epoch   69 | mse=0.2493 ci=0.8792 rm2=0.6677
[FIND BEST!] epoch   70 | mse=0.2490 ci=0.8827 rm2=0.6684
epoch   71 | mse=0.2683 ci=0.8845 rm2=0.6173
[FIND BEST!] epoch   72 | mse=0.2487 ci=0.8818 rm2=0.6686
epoch   73 | mse=0.2498 ci=0.8835 rm2=0.6529
epoch   74 | mse=0.2574 ci=0.8712 rm2=0.6663
[FIND BEST!] epoch   75 | mse=0.2482 ci=0.8849 rm2=0.6588
epoch   76 | mse=0.2486 ci=0.8864 rm2=0.6707
epoch   77 | mse=0.2501 ci=0.8923 rm2=0.6358
[FIND BEST!] epoch   78 | mse=0.2368 ci=0.8835 rm2=0.7047
epoch   79 | mse=0.2517 ci=0.8810 rm2=0.6698
epoch   80 | mse=0.2558 ci=0.8816 rm2=0.6608
epoch   81 | mse=0.2525 ci=0.8861 rm2=0.6369
[FIND BEST!] epoch   82 | mse=0.2338 ci=0.8897 rm2=0.7025
epoch   83 | mse=0.2393 ci=0.8851 rm2=0.7011
epoch   84 | mse=0.2479 ci=0.8887 rm2=0.6423
epoch   85 | mse=0.2378 ci=0.8844 rm2=0.6579
epoch   86 | mse=0.2602 ci=0.8641 rm2=0.6695
epoch   87 | mse=0.2479 ci=0.8866 rm2=0.6250
epoch   88 | mse=0.2448 ci=0.8887 rm2=0.6663
epoch   89 | mse=0.2535 ci=0.8857 rm2=0.6587
epoch   90 | mse=0.2425 ci=0.8901 rm2=0.6620
epoch   91 | mse=0.2444 ci=0.8887 rm2=0.6748
epoch   92 | mse=0.2437 ci=0.8942 rm2=0.6420
epoch   93 | mse=0.2358 ci=0.8847 rm2=0.6691
epoch   94 | mse=0.2722 ci=0.8747 rm2=0.5862
epoch   95 | mse=0.2441 ci=0.8918 rm2=0.6548
epoch   96 | mse=0.2359 ci=0.8872 rm2=0.6579
epoch   97 | mse=0.2370 ci=0.8895 rm2=0.6535
[FIND BEST!] epoch   98 | mse=0.2303 ci=0.8895 rm2=0.6935
epoch   99 | mse=0.2309 ci=0.8941 rm2=0.6527
epoch  100 | mse=0.2327 ci=0.8890 rm2=0.6897
epoch  101 | mse=0.2382 ci=0.8836 rm2=0.6782
epoch  102 | mse=0.2334 ci=0.8903 rm2=0.6597
[FIND BEST!] epoch  103 | mse=0.2293 ci=0.8907 rm2=0.6730
epoch  104 | mse=0.2307 ci=0.8880 rm2=0.7116
[FIND BEST!] epoch  105 | mse=0.2247 ci=0.8908 rm2=0.6993
epoch  106 | mse=0.2311 ci=0.8790 rm2=0.7111
epoch  107 | mse=0.2383 ci=0.8951 rm2=0.6453
epoch  108 | mse=0.2255 ci=0.8875 rm2=0.6931
epoch  109 | mse=0.2303 ci=0.8896 rm2=0.6826
epoch  110 | mse=0.2337 ci=0.8910 rm2=0.6689
epoch  111 | mse=0.2487 ci=0.8915 rm2=0.6005
epoch  112 | mse=0.2282 ci=0.8904 rm2=0.6899
epoch  113 | mse=0.2388 ci=0.8872 rm2=0.6591
epoch  114 | mse=0.2403 ci=0.8900 rm2=0.6543
epoch  115 | mse=0.2311 ci=0.8841 rm2=0.6982
epoch  116 | mse=0.2335 ci=0.8899 rm2=0.6646
epoch  117 | mse=0.2427 ci=0.8733 rm2=0.6770
epoch  118 | mse=0.2320 ci=0.8887 rm2=0.6654
epoch  119 | mse=0.2258 ci=0.8921 rm2=0.6951
[FIND BEST!] epoch  120 | mse=0.2228 ci=0.8931 rm2=0.7121
epoch  121 | mse=0.2315 ci=0.8946 rm2=0.6589
epoch  122 | mse=0.2340 ci=0.8934 rm2=0.6568
[FIND BEST!] epoch  123 | mse=0.2227 ci=0.8886 rm2=0.6921
epoch  124 | mse=0.2258 ci=0.8936 rm2=0.6910
epoch  125 | mse=0.2324 ci=0.8887 rm2=0.6855
epoch  126 | mse=0.2339 ci=0.8839 rm2=0.6884
epoch  127 | mse=0.2263 ci=0.8860 rm2=0.6832
epoch  128 | mse=0.2304 ci=0.8858 rm2=0.6877
epoch  129 | mse=0.2302 ci=0.8937 rm2=0.6589
epoch  130 | mse=0.2308 ci=0.8865 rm2=0.6961
epoch  131 | mse=0.2315 ci=0.8865 rm2=0.6941
epoch  132 | mse=0.2250 ci=0.8920 rm2=0.6811
[FIND BEST!] epoch  133 | mse=0.2218 ci=0.8868 rm2=0.7147
epoch  134 | mse=0.2290 ci=0.8926 rm2=0.6902
[FIND BEST!] epoch  135 | mse=0.2204 ci=0.8861 rm2=0.7042
epoch  136 | mse=0.2245 ci=0.8889 rm2=0.7069
[FIND BEST!] epoch  137 | mse=0.2160 ci=0.8930 rm2=0.7015
epoch  138 | mse=0.2239 ci=0.8876 rm2=0.6792
epoch  139 | mse=0.2211 ci=0.8939 rm2=0.6804
epoch  140 | mse=0.2264 ci=0.8941 rm2=0.7022
epoch  141 | mse=0.2247 ci=0.8874 rm2=0.7139
epoch  142 | mse=0.2234 ci=0.8941 rm2=0.6699
epoch  143 | mse=0.2224 ci=0.8939 rm2=0.6860
epoch  144 | mse=0.2215 ci=0.8917 rm2=0.7052
epoch  145 | mse=0.2406 ci=0.8748 rm2=0.6664
epoch  146 | mse=0.2288 ci=0.8893 rm2=0.7040
epoch  147 | mse=0.2317 ci=0.8949 rm2=0.6796
epoch  148 | mse=0.2212 ci=0.8923 rm2=0.7123
epoch  149 | mse=0.2220 ci=0.8901 rm2=0.7119
epoch  150 | mse=0.2223 ci=0.8900 rm2=0.7170
epoch  151 | mse=0.2173 ci=0.8948 rm2=0.6916
epoch  152 | mse=0.2230 ci=0.8940 rm2=0.6813
epoch  153 | mse=0.2223 ci=0.8908 rm2=0.6862
epoch  154 | mse=0.2254 ci=0.8851 rm2=0.7183
epoch  155 | mse=0.2380 ci=0.8791 rm2=0.6978
epoch  156 | mse=0.2273 ci=0.8944 rm2=0.6653
epoch  157 | mse=0.2209 ci=0.8968 rm2=0.6822
epoch  158 | mse=0.2255 ci=0.8932 rm2=0.6690
epoch  159 | mse=0.2295 ci=0.8840 rm2=0.6944
epoch  160 | mse=0.2204 ci=0.8923 rm2=0.7042
epoch  161 | mse=0.2223 ci=0.8901 rm2=0.7132
epoch  162 | mse=0.2320 ci=0.8850 rm2=0.6732
epoch  163 | mse=0.2221 ci=0.8932 rm2=0.7046
epoch  164 | mse=0.2243 ci=0.8929 rm2=0.7162
epoch  165 | mse=0.2221 ci=0.8934 rm2=0.6953
epoch  166 | mse=0.2218 ci=0.8975 rm2=0.6907
epoch  167 | mse=0.2326 ci=0.8925 rm2=0.7129
epoch  168 | mse=0.2240 ci=0.8973 rm2=0.6786
epoch  169 | mse=0.2199 ci=0.8902 rm2=0.7015
epoch  170 | mse=0.2212 ci=0.8868 rm2=0.6937
epoch  171 | mse=0.2222 ci=0.8922 rm2=0.6772
epoch  172 | mse=0.2277 ci=0.8918 rm2=0.6756
epoch  173 | mse=0.2291 ci=0.8774 rm2=0.6914
epoch  174 | mse=0.2220 ci=0.8949 rm2=0.6897
epoch  175 | mse=0.2241 ci=0.8905 rm2=0.7225
epoch  176 | mse=0.2217 ci=0.8938 rm2=0.6939
epoch  177 | mse=0.2249 ci=0.8892 rm2=0.7160
epoch  178 | mse=0.2207 ci=0.8968 rm2=0.6584
epoch  179 | mse=0.2227 ci=0.8880 rm2=0.6844
epoch  180 | mse=0.2201 ci=0.8935 rm2=0.6942
epoch  181 | mse=0.2205 ci=0.8908 rm2=0.7142
epoch  182 | mse=0.2210 ci=0.8926 rm2=0.6788
epoch  183 | mse=0.2275 ci=0.8911 rm2=0.7001
epoch  184 | mse=0.2190 ci=0.8957 rm2=0.7041
epoch  185 | mse=0.2288 ci=0.8959 rm2=0.6885
[FIND BEST!] epoch  186 | mse=0.2129 ci=0.8972 rm2=0.7122
epoch  187 | mse=0.2198 ci=0.8950 rm2=0.6871
epoch  188 | mse=0.2285 ci=0.8836 rm2=0.6763
epoch  189 | mse=0.2368 ci=0.8744 rm2=0.7005
epoch  190 | mse=0.2208 ci=0.8923 rm2=0.7069
epoch  191 | mse=0.2179 ci=0.8946 rm2=0.7181
epoch  192 | mse=0.2234 ci=0.8941 rm2=0.6710
epoch  193 | mse=0.2225 ci=0.8964 rm2=0.6811
epoch  194 | mse=0.2175 ci=0.8968 rm2=0.6927
epoch  195 | mse=0.2186 ci=0.8949 rm2=0.6811
epoch  196 | mse=0.2251 ci=0.8873 rm2=0.6922
epoch  197 | mse=0.2141 ci=0.8970 rm2=0.7055
epoch  198 | mse=0.2175 ci=0.8972 rm2=0.6923
epoch  199 | mse=0.2225 ci=0.8895 rm2=0.7044
epoch  200 | mse=0.2202 ci=0.8937 rm2=0.6856
epoch  201 | mse=0.2167 ci=0.8960 rm2=0.7156
epoch  202 | mse=0.2223 ci=0.8947 rm2=0.6808
epoch  203 | mse=0.2192 ci=0.8951 rm2=0.6973
epoch  204 | mse=0.2203 ci=0.8997 rm2=0.6803
epoch  205 | mse=0.2190 ci=0.8941 rm2=0.6961
epoch  206 | mse=0.2130 ci=0.8970 rm2=0.7105
epoch  207 | mse=0.2158 ci=0.8907 rm2=0.6990
epoch  208 | mse=0.2225 ci=0.8913 rm2=0.6808
epoch  209 | mse=0.2238 ci=0.8927 rm2=0.6842
epoch  210 | mse=0.2256 ci=0.8914 rm2=0.6860
epoch  211 | mse=0.2204 ci=0.9003 rm2=0.7067
epoch  212 | mse=0.2181 ci=0.8965 rm2=0.6898
epoch  213 | mse=0.2177 ci=0.8960 rm2=0.6924
epoch  214 | mse=0.2136 ci=0.9000 rm2=0.6768
epoch  215 | mse=0.2172 ci=0.8966 rm2=0.6915
epoch  216 | mse=0.2168 ci=0.9001 rm2=0.6808
epoch  217 | mse=0.2271 ci=0.8927 rm2=0.6695
epoch  218 | mse=0.2204 ci=0.8922 rm2=0.7116
epoch  219 | mse=0.2145 ci=0.8975 rm2=0.6919
epoch  220 | mse=0.2188 ci=0.8916 rm2=0.7086
[FIND BEST!] epoch  221 | mse=0.2108 ci=0.8959 rm2=0.7353
epoch  222 | mse=0.2113 ci=0.8990 rm2=0.7014
epoch  223 | mse=0.2148 ci=0.8964 rm2=0.6968
epoch  224 | mse=0.2157 ci=0.8939 rm2=0.7003
epoch  225 | mse=0.2128 ci=0.8987 rm2=0.7072
epoch  226 | mse=0.2184 ci=0.8951 rm2=0.6697
epoch  227 | mse=0.2147 ci=0.8979 rm2=0.7086
epoch  228 | mse=0.2152 ci=0.8925 rm2=0.7018
epoch  229 | mse=0.2188 ci=0.8999 rm2=0.6793
epoch  230 | mse=0.2300 ci=0.8892 rm2=0.6861
epoch  231 | mse=0.2144 ci=0.9003 rm2=0.6973
epoch  232 | mse=0.2143 ci=0.8990 rm2=0.6965
epoch  233 | mse=0.2177 ci=0.8967 rm2=0.7032
epoch  234 | mse=0.2159 ci=0.8958 rm2=0.6869
epoch  235 | mse=0.2215 ci=0.8944 rm2=0.6988
epoch  236 | mse=0.2179 ci=0.8926 rm2=0.7022
epoch  237 | mse=0.2184 ci=0.8893 rm2=0.7066
epoch  238 | mse=0.2147 ci=0.8947 rm2=0.7074
epoch  239 | mse=0.2176 ci=0.8905 rm2=0.6878
epoch  240 | mse=0.2186 ci=0.8908 rm2=0.6909
epoch  241 | mse=0.2156 ci=0.8941 rm2=0.7195
epoch  242 | mse=0.2182 ci=0.8987 rm2=0.6917
epoch  243 | mse=0.2194 ci=0.8961 rm2=0.7061
epoch  244 | mse=0.2198 ci=0.8969 rm2=0.6885
epoch  245 | mse=0.2233 ci=0.8903 rm2=0.6881
epoch  246 | mse=0.2190 ci=0.8935 rm2=0.6855
epoch  247 | mse=0.2197 ci=0.8964 rm2=0.6881
epoch  248 | mse=0.2171 ci=0.8942 rm2=0.6767
epoch  249 | mse=0.2260 ci=0.8939 rm2=0.6760
epoch  250 | mse=0.2227 ci=0.8904 rm2=0.6987
epoch  251 | mse=0.2163 ci=0.8906 rm2=0.7053
epoch  252 | mse=0.2197 ci=0.8957 rm2=0.6729
epoch  253 | mse=0.2166 ci=0.8970 rm2=0.7121
epoch  254 | mse=0.2109 ci=0.8977 rm2=0.7242
epoch  255 | mse=0.2130 ci=0.8986 rm2=0.6899
epoch  256 | mse=0.2147 ci=0.8930 rm2=0.7082
epoch  257 | mse=0.2152 ci=0.8985 rm2=0.7000
epoch  258 | mse=0.2171 ci=0.8939 rm2=0.7030
epoch  259 | mse=0.2143 ci=0.8993 rm2=0.6988
epoch  260 | mse=0.2259 ci=0.8866 rm2=0.6971
epoch  261 | mse=0.2208 ci=0.8901 rm2=0.6923
epoch  262 | mse=0.2179 ci=0.8925 rm2=0.7094
epoch  263 | mse=0.2209 ci=0.8942 rm2=0.6887
epoch  264 | mse=0.2245 ci=0.8887 rm2=0.7076
epoch  265 | mse=0.2182 ci=0.8948 rm2=0.6945
epoch  266 | mse=0.2155 ci=0.8917 rm2=0.6998
epoch  267 | mse=0.2160 ci=0.8966 rm2=0.6940
epoch  268 | mse=0.2210 ci=0.8868 rm2=0.7068
epoch  269 | mse=0.2233 ci=0.8887 rm2=0.7048
epoch  270 | mse=0.2182 ci=0.8973 rm2=0.6774
epoch  271 | mse=0.2166 ci=0.8963 rm2=0.7317
epoch  272 | mse=0.2166 ci=0.8902 rm2=0.7027
epoch  273 | mse=0.2193 ci=0.8917 rm2=0.6985
epoch  274 | mse=0.2183 ci=0.8944 rm2=0.7075
epoch  275 | mse=0.2164 ci=0.8947 rm2=0.7010
epoch  276 | mse=0.2162 ci=0.9003 rm2=0.6824
epoch  277 | mse=0.2173 ci=0.8967 rm2=0.6960
epoch  278 | mse=0.2141 ci=0.8975 rm2=0.6967
epoch  279 | mse=0.2124 ci=0.8962 rm2=0.7108
epoch  280 | mse=0.2145 ci=0.8994 rm2=0.6902
epoch  281 | mse=0.2146 ci=0.8959 rm2=0.6924
epoch  282 | mse=0.2201 ci=0.8971 rm2=0.6744
epoch  283 | mse=0.2204 ci=0.8906 rm2=0.7153
epoch  284 | mse=0.2164 ci=0.8965 rm2=0.6972
epoch  285 | mse=0.2153 ci=0.8926 rm2=0.6797
epoch  286 | mse=0.2143 ci=0.8943 rm2=0.6953
epoch  287 | mse=0.2123 ci=0.8986 rm2=0.7051
epoch  288 | mse=0.2139 ci=0.8971 rm2=0.6961
epoch  289 | mse=0.2180 ci=0.8977 rm2=0.7038
epoch  290 | mse=0.2162 ci=0.8949 rm2=0.6902
epoch  291 | mse=0.2126 ci=0.8932 rm2=0.7216
epoch  292 | mse=0.2147 ci=0.8946 rm2=0.7249
epoch  293 | mse=0.2134 ci=0.8963 rm2=0.7241
[FIND BEST!] epoch  294 | mse=0.2093 ci=0.8990 rm2=0.7111
epoch  295 | mse=0.2134 ci=0.8944 rm2=0.7134
epoch  296 | mse=0.2156 ci=0.9000 rm2=0.6909
epoch  297 | mse=0.2168 ci=0.8989 rm2=0.6981
epoch  298 | mse=0.2112 ci=0.8975 rm2=0.7108
epoch  299 | mse=0.2155 ci=0.8966 rm2=0.6919
epoch  300 | mse=0.2104 ci=0.8950 rm2=0.7120
epoch  301 | mse=0.2137 ci=0.8922 rm2=0.7261
epoch  302 | mse=0.2138 ci=0.9004 rm2=0.6988
epoch  303 | mse=0.2169 ci=0.8983 rm2=0.7034
epoch  304 | mse=0.2198 ci=0.9005 rm2=0.6798
epoch  305 | mse=0.2129 ci=0.9011 rm2=0.6983
epoch  306 | mse=0.2158 ci=0.8979 rm2=0.6911
epoch  307 | mse=0.2145 ci=0.8955 rm2=0.7138
epoch  308 | mse=0.2122 ci=0.8989 rm2=0.6955
epoch  309 | mse=0.2117 ci=0.8972 rm2=0.7101
epoch  310 | mse=0.2103 ci=0.9012 rm2=0.6995
[FIND BEST!] epoch  311 | mse=0.2076 ci=0.9036 rm2=0.7026
epoch  312 | mse=0.2102 ci=0.8996 rm2=0.7072
epoch  313 | mse=0.2169 ci=0.8968 rm2=0.6718
epoch  314 | mse=0.2165 ci=0.8891 rm2=0.7299
epoch  315 | mse=0.2176 ci=0.8935 rm2=0.6970
epoch  316 | mse=0.2134 ci=0.8991 rm2=0.7008
epoch  317 | mse=0.2120 ci=0.8967 rm2=0.7147
epoch  318 | mse=0.2158 ci=0.8942 rm2=0.7145
epoch  319 | mse=0.2153 ci=0.8944 rm2=0.7137
epoch  320 | mse=0.2170 ci=0.8924 rm2=0.7045
epoch  321 | mse=0.2193 ci=0.8930 rm2=0.7083
epoch  322 | mse=0.2134 ci=0.9002 rm2=0.6900
epoch  323 | mse=0.2162 ci=0.8966 rm2=0.6945
epoch  324 | mse=0.2163 ci=0.8910 rm2=0.7058
epoch  325 | mse=0.2120 ci=0.8965 rm2=0.7149
epoch  326 | mse=0.2142 ci=0.8988 rm2=0.7022
epoch  327 | mse=0.2130 ci=0.8963 rm2=0.7131
epoch  328 | mse=0.2124 ci=0.8991 rm2=0.7020
epoch  329 | mse=0.2136 ci=0.8962 rm2=0.7062
epoch  330 | mse=0.2143 ci=0.9001 rm2=0.6971
epoch  331 | mse=0.2195 ci=0.9002 rm2=0.7049
epoch  332 | mse=0.2160 ci=0.9000 rm2=0.6972
epoch  333 | mse=0.2175 ci=0.8952 rm2=0.6887
epoch  334 | mse=0.2191 ci=0.8992 rm2=0.7018
epoch  335 | mse=0.2163 ci=0.8986 rm2=0.6838
epoch  336 | mse=0.2178 ci=0.9002 rm2=0.6949
epoch  337 | mse=0.2154 ci=0.8990 rm2=0.6923
epoch  338 | mse=0.2119 ci=0.8988 rm2=0.7154
epoch  339 | mse=0.2179 ci=0.9010 rm2=0.6806
epoch  340 | mse=0.2164 ci=0.9018 rm2=0.7038
epoch  341 | mse=0.2160 ci=0.9011 rm2=0.7233
epoch  342 | mse=0.2133 ci=0.8971 rm2=0.7028
epoch  343 | mse=0.2101 ci=0.9023 rm2=0.7065
epoch  344 | mse=0.2156 ci=0.8980 rm2=0.7254
epoch  345 | mse=0.2131 ci=0.8990 rm2=0.7003
epoch  346 | mse=0.2166 ci=0.8996 rm2=0.6905
epoch  347 | mse=0.2138 ci=0.9025 rm2=0.6814
epoch  348 | mse=0.2154 ci=0.8967 rm2=0.7282
epoch  349 | mse=0.2148 ci=0.8955 rm2=0.7242
epoch  350 | mse=0.2105 ci=0.9013 rm2=0.6972
epoch  351 | mse=0.2140 ci=0.8979 rm2=0.7078
epoch  352 | mse=0.2126 ci=0.8994 rm2=0.7076
epoch  353 | mse=0.2132 ci=0.8999 rm2=0.6983
epoch  354 | mse=0.2134 ci=0.8972 rm2=0.7140
epoch  355 | mse=0.2149 ci=0.8972 rm2=0.6871
epoch  356 | mse=0.2110 ci=0.8954 rm2=0.7167
epoch  357 | mse=0.2117 ci=0.8944 rm2=0.6983
epoch  358 | mse=0.2150 ci=0.9000 rm2=0.7050
epoch  359 | mse=0.2108 ci=0.8961 rm2=0.7200
epoch  360 | mse=0.2115 ci=0.8952 rm2=0.7248
epoch  361 | mse=0.2116 ci=0.8984 rm2=0.7181
epoch  362 | mse=0.2116 ci=0.8961 rm2=0.7030
epoch  363 | mse=0.2155 ci=0.9016 rm2=0.6838
epoch  364 | mse=0.2163 ci=0.8924 rm2=0.7164
epoch  365 | mse=0.2083 ci=0.8971 rm2=0.7148
epoch  366 | mse=0.2088 ci=0.8976 rm2=0.7196
epoch  367 | mse=0.2105 ci=0.9018 rm2=0.7080
epoch  368 | mse=0.2153 ci=0.8949 rm2=0.7279
epoch  369 | mse=0.2106 ci=0.8968 rm2=0.7213
epoch  370 | mse=0.2113 ci=0.9014 rm2=0.7177
epoch  371 | mse=0.2124 ci=0.8973 rm2=0.7126
epoch  372 | mse=0.2111 ci=0.8999 rm2=0.6879
epoch  373 | mse=0.2142 ci=0.8971 rm2=0.6862
epoch  374 | mse=0.2131 ci=0.9002 rm2=0.6969
epoch  375 | mse=0.2114 ci=0.9003 rm2=0.6928
epoch  376 | mse=0.2134 ci=0.8968 rm2=0.6984
epoch  377 | mse=0.2140 ci=0.8989 rm2=0.6846
epoch  378 | mse=0.2113 ci=0.8998 rm2=0.7039
epoch  379 | mse=0.2168 ci=0.8949 rm2=0.6969
epoch  380 | mse=0.2115 ci=0.8956 rm2=0.7279
epoch  381 | mse=0.2116 ci=0.8945 rm2=0.7096
epoch  382 | mse=0.2108 ci=0.8971 rm2=0.7002
epoch  383 | mse=0.2107 ci=0.8996 rm2=0.7181
epoch  384 | mse=0.2107 ci=0.8988 rm2=0.6953
epoch  385 | mse=0.2100 ci=0.8996 rm2=0.7055
epoch  386 | mse=0.2126 ci=0.8972 rm2=0.7077
epoch  387 | mse=0.2163 ci=0.8975 rm2=0.7095
epoch  388 | mse=0.2217 ci=0.8893 rm2=0.7121
epoch  389 | mse=0.2104 ci=0.8958 rm2=0.7216
epoch  390 | mse=0.2100 ci=0.8994 rm2=0.7168
epoch  391 | mse=0.2084 ci=0.9033 rm2=0.7127
epoch  392 | mse=0.2145 ci=0.8979 rm2=0.6957
epoch  393 | mse=0.2114 ci=0.9009 rm2=0.7168
epoch  394 | mse=0.2092 ci=0.8979 rm2=0.7220
epoch  395 | mse=0.2136 ci=0.8982 rm2=0.6960
epoch  396 | mse=0.2146 ci=0.8984 rm2=0.7126
epoch  397 | mse=0.2117 ci=0.8987 rm2=0.7127
epoch  398 | mse=0.2117 ci=0.9044 rm2=0.7059
[FIND BEST!] epoch  399 | mse=0.2075 ci=0.8994 rm2=0.7152
epoch  400 | mse=0.2115 ci=0.9010 rm2=0.6843
epoch  401 | mse=0.2083 ci=0.8993 rm2=0.7149
epoch  402 | mse=0.2112 ci=0.8987 rm2=0.7049
epoch  403 | mse=0.2137 ci=0.8990 rm2=0.6980
epoch  404 | mse=0.2107 ci=0.9014 rm2=0.7175
epoch  405 | mse=0.2142 ci=0.8976 rm2=0.7069
epoch  406 | mse=0.2151 ci=0.8988 rm2=0.6870
epoch  407 | mse=0.2110 ci=0.9027 rm2=0.6901
epoch  408 | mse=0.2147 ci=0.8997 rm2=0.7046
epoch  409 | mse=0.2103 ci=0.8992 rm2=0.7199
epoch  410 | mse=0.2109 ci=0.9004 rm2=0.7090
epoch  411 | mse=0.2104 ci=0.9000 rm2=0.7015
epoch  412 | mse=0.2077 ci=0.9029 rm2=0.7024
epoch  413 | mse=0.2103 ci=0.9002 rm2=0.7175
epoch  414 | mse=0.2098 ci=0.8974 rm2=0.7259
epoch  415 | mse=0.2132 ci=0.9007 rm2=0.7173
epoch  416 | mse=0.2156 ci=0.8966 rm2=0.7146
epoch  417 | mse=0.2112 ci=0.8973 rm2=0.7153
epoch  418 | mse=0.2161 ci=0.8955 rm2=0.7037
epoch  419 | mse=0.2092 ci=0.8993 rm2=0.7077
epoch  420 | mse=0.2151 ci=0.9004 rm2=0.6984
epoch  421 | mse=0.2106 ci=0.8946 rm2=0.7243
epoch  422 | mse=0.2111 ci=0.8994 rm2=0.7256
epoch  423 | mse=0.2096 ci=0.9004 rm2=0.7080
epoch  424 | mse=0.2113 ci=0.9011 rm2=0.7020
epoch  425 | mse=0.2123 ci=0.8931 rm2=0.7142
epoch  426 | mse=0.2112 ci=0.8987 rm2=0.6973
epoch  427 | mse=0.2093 ci=0.8990 rm2=0.7309
[FIND BEST!] epoch  428 | mse=0.2069 ci=0.9004 rm2=0.7092
epoch  429 | mse=0.2111 ci=0.8974 rm2=0.7298
epoch  430 | mse=0.2125 ci=0.9008 rm2=0.7061
epoch  431 | mse=0.2133 ci=0.8985 rm2=0.7073
epoch  432 | mse=0.2106 ci=0.8999 rm2=0.7384
epoch  433 | mse=0.2072 ci=0.9014 rm2=0.7241
epoch  434 | mse=0.2156 ci=0.8989 rm2=0.7190
epoch  435 | mse=0.2082 ci=0.9038 rm2=0.7140
[FIND BEST!] epoch  436 | mse=0.2066 ci=0.9035 rm2=0.7308
epoch  437 | mse=0.2066 ci=0.8998 rm2=0.7417
epoch  438 | mse=0.2078 ci=0.9030 rm2=0.7129
[FIND BEST!] epoch  439 | mse=0.2061 ci=0.9017 rm2=0.7141
epoch  440 | mse=0.2109 ci=0.9012 rm2=0.6892
epoch  441 | mse=0.2098 ci=0.8974 rm2=0.7174
epoch  442 | mse=0.2109 ci=0.9019 rm2=0.7093
epoch  443 | mse=0.2097 ci=0.8993 rm2=0.7040
epoch  444 | mse=0.2096 ci=0.9018 rm2=0.7019
epoch  445 | mse=0.2067 ci=0.8978 rm2=0.7232
epoch  446 | mse=0.2110 ci=0.8991 rm2=0.7386
epoch  447 | mse=0.2083 ci=0.9025 rm2=0.7149
epoch  448 | mse=0.2106 ci=0.9013 rm2=0.7035
epoch  449 | mse=0.2107 ci=0.9024 rm2=0.7116
epoch  450 | mse=0.2116 ci=0.9021 rm2=0.7089
epoch  451 | mse=0.2140 ci=0.9011 rm2=0.6976
epoch  452 | mse=0.2157 ci=0.8995 rm2=0.7012
epoch  453 | mse=0.2080 ci=0.8998 rm2=0.7225
epoch  454 | mse=0.2096 ci=0.8989 rm2=0.7105
epoch  455 | mse=0.2113 ci=0.9002 rm2=0.7044
epoch  456 | mse=0.2144 ci=0.9008 rm2=0.7023
epoch  457 | mse=0.2139 ci=0.9012 rm2=0.7041
epoch  458 | mse=0.2141 ci=0.9038 rm2=0.7188
epoch  459 | mse=0.2096 ci=0.9010 rm2=0.7134
epoch  460 | mse=0.2137 ci=0.8994 rm2=0.7136
epoch  461 | mse=0.2106 ci=0.9002 rm2=0.7007
epoch  462 | mse=0.2130 ci=0.9038 rm2=0.7147
epoch  463 | mse=0.2102 ci=0.9025 rm2=0.7061
epoch  464 | mse=0.2108 ci=0.9021 rm2=0.7024
epoch  465 | mse=0.2113 ci=0.9018 rm2=0.7183
epoch  466 | mse=0.2077 ci=0.9004 rm2=0.7287
[FIND BEST!] epoch  467 | mse=0.2056 ci=0.9049 rm2=0.7183
epoch  468 | mse=0.2125 ci=0.8972 rm2=0.7038
epoch  469 | mse=0.2113 ci=0.9034 rm2=0.6909
[FIND BEST!] epoch  470 | mse=0.2044 ci=0.9014 rm2=0.7131
epoch  471 | mse=0.2108 ci=0.9021 rm2=0.6964
epoch  472 | mse=0.2110 ci=0.9020 rm2=0.7249
epoch  473 | mse=0.2125 ci=0.9020 rm2=0.7099
epoch  474 | mse=0.2129 ci=0.9022 rm2=0.7300
epoch  475 | mse=0.2090 ci=0.9014 rm2=0.7057
epoch  476 | mse=0.2104 ci=0.9036 rm2=0.7147
epoch  477 | mse=0.2081 ci=0.9010 rm2=0.7050
epoch  478 | mse=0.2082 ci=0.9031 rm2=0.7131
epoch  479 | mse=0.2080 ci=0.9022 rm2=0.7291
epoch  480 | mse=0.2075 ci=0.9020 rm2=0.7019
epoch  481 | mse=0.2071 ci=0.9023 rm2=0.7113
epoch  482 | mse=0.2098 ci=0.8973 rm2=0.7258
epoch  483 | mse=0.2092 ci=0.9054 rm2=0.6975
epoch  484 | mse=0.2078 ci=0.9038 rm2=0.7139
epoch  485 | mse=0.2078 ci=0.9051 rm2=0.7201
epoch  486 | mse=0.2085 ci=0.9002 rm2=0.7087
epoch  487 | mse=0.2117 ci=0.9038 rm2=0.7057
epoch  488 | mse=0.2080 ci=0.9000 rm2=0.7269
epoch  489 | mse=0.2093 ci=0.9008 rm2=0.7036
epoch  490 | mse=0.2071 ci=0.9009 rm2=0.7213
epoch  491 | mse=0.2119 ci=0.9005 rm2=0.7218
epoch  492 | mse=0.2126 ci=0.9026 rm2=0.7167
epoch  493 | mse=0.2098 ci=0.9022 rm2=0.7074
epoch  494 | mse=0.2145 ci=0.8978 rm2=0.7182
epoch  495 | mse=0.2106 ci=0.8983 rm2=0.7164
epoch  496 | mse=0.2091 ci=0.9000 rm2=0.7110
epoch  497 | mse=0.2088 ci=0.8998 rm2=0.7080
epoch  498 | mse=0.2087 ci=0.9023 rm2=0.7167
epoch  499 | mse=0.2076 ci=0.8995 rm2=0.7061
epoch  500 | mse=0.2056 ci=0.9044 rm2=0.7033
[FIND BEST!] epoch  501 | mse=0.2021 ci=0.9035 rm2=0.7411
epoch  502 | mse=0.2090 ci=0.9010 rm2=0.7091
epoch  503 | mse=0.2054 ci=0.9016 rm2=0.7097
epoch  504 | mse=0.2064 ci=0.9041 rm2=0.7156
epoch  505 | mse=0.2066 ci=0.9044 rm2=0.7220
epoch  506 | mse=0.2131 ci=0.9041 rm2=0.6966
epoch  507 | mse=0.2078 ci=0.9018 rm2=0.7198
epoch  508 | mse=0.2092 ci=0.9016 rm2=0.7032
epoch  509 | mse=0.2080 ci=0.9050 rm2=0.7171
epoch  510 | mse=0.2061 ci=0.9039 rm2=0.7212
epoch  511 | mse=0.2076 ci=0.9036 rm2=0.7187
epoch  512 | mse=0.2083 ci=0.9013 rm2=0.7095
epoch  513 | mse=0.2100 ci=0.8985 rm2=0.7217
epoch  514 | mse=0.2158 ci=0.9023 rm2=0.7025
epoch  515 | mse=0.2083 ci=0.8992 rm2=0.7164
epoch  516 | mse=0.2065 ci=0.9022 rm2=0.7334
epoch  517 | mse=0.2078 ci=0.9036 rm2=0.7165
epoch  518 | mse=0.2077 ci=0.9038 rm2=0.7016
epoch  519 | mse=0.2104 ci=0.9023 rm2=0.7302
epoch  520 | mse=0.2084 ci=0.9025 rm2=0.7070
epoch  521 | mse=0.2112 ci=0.8992 rm2=0.7046
epoch  522 | mse=0.2091 ci=0.9033 rm2=0.7162
epoch  523 | mse=0.2107 ci=0.8976 rm2=0.7049
epoch  524 | mse=0.2113 ci=0.9000 rm2=0.7105
epoch  525 | mse=0.2085 ci=0.9046 rm2=0.7115
epoch  526 | mse=0.2102 ci=0.9012 rm2=0.7130
epoch  527 | mse=0.2110 ci=0.9015 rm2=0.7138
epoch  528 | mse=0.2071 ci=0.9013 rm2=0.7182
epoch  529 | mse=0.2114 ci=0.9038 rm2=0.7022
epoch  530 | mse=0.2139 ci=0.9008 rm2=0.7221
epoch  531 | mse=0.2104 ci=0.9026 rm2=0.7107
epoch  532 | mse=0.2082 ci=0.9020 rm2=0.7008
epoch  533 | mse=0.2081 ci=0.9034 rm2=0.7179
epoch  534 | mse=0.2105 ci=0.9022 rm2=0.7055
epoch  535 | mse=0.2079 ci=0.9030 rm2=0.7212
epoch  536 | mse=0.2063 ci=0.9035 rm2=0.7238
epoch  537 | mse=0.2077 ci=0.9014 rm2=0.7215
epoch  538 | mse=0.2070 ci=0.9044 rm2=0.7225
epoch  539 | mse=0.2056 ci=0.8988 rm2=0.7354
epoch  540 | mse=0.2037 ci=0.9020 rm2=0.7327
epoch  541 | mse=0.2076 ci=0.9003 rm2=0.7264
epoch  542 | mse=0.2073 ci=0.8994 rm2=0.7250
epoch  543 | mse=0.2064 ci=0.8990 rm2=0.7321
epoch  544 | mse=0.2083 ci=0.9026 rm2=0.7034
epoch  545 | mse=0.2099 ci=0.9033 rm2=0.7158
epoch  546 | mse=0.2064 ci=0.9026 rm2=0.7178
epoch  547 | mse=0.2066 ci=0.9032 rm2=0.7203
epoch  548 | mse=0.2077 ci=0.9034 rm2=0.7175
epoch  549 | mse=0.2092 ci=0.9036 rm2=0.7048
epoch  550 | mse=0.2072 ci=0.9033 rm2=0.7360
epoch  551 | mse=0.2061 ci=0.9048 rm2=0.7128
epoch  552 | mse=0.2048 ci=0.9028 rm2=0.7372
epoch  553 | mse=0.2119 ci=0.9020 rm2=0.6997
epoch  554 | mse=0.2064 ci=0.9045 rm2=0.7261
epoch  555 | mse=0.2080 ci=0.9025 rm2=0.7241
epoch  556 | mse=0.2077 ci=0.9030 rm2=0.7072
epoch  557 | mse=0.2094 ci=0.9025 rm2=0.7150
epoch  558 | mse=0.2094 ci=0.9016 rm2=0.7122
epoch  559 | mse=0.2080 ci=0.9029 rm2=0.7178
epoch  560 | mse=0.2076 ci=0.9051 rm2=0.7129
epoch  561 | mse=0.2085 ci=0.9012 rm2=0.7283
epoch  562 | mse=0.2108 ci=0.9010 rm2=0.7058
epoch  563 | mse=0.2068 ci=0.9023 rm2=0.7173
epoch  564 | mse=0.2074 ci=0.8998 rm2=0.7391
epoch  565 | mse=0.2077 ci=0.9023 rm2=0.7070
epoch  566 | mse=0.2116 ci=0.8977 rm2=0.7014
epoch  567 | mse=0.2073 ci=0.8999 rm2=0.7275
epoch  568 | mse=0.2072 ci=0.9028 rm2=0.7381
epoch  569 | mse=0.2068 ci=0.9031 rm2=0.7206
epoch  570 | mse=0.2066 ci=0.9054 rm2=0.7247
epoch  571 | mse=0.2106 ci=0.8982 rm2=0.7167
epoch  572 | mse=0.2100 ci=0.9009 rm2=0.7187
epoch  573 | mse=0.2093 ci=0.8970 rm2=0.7196
epoch  574 | mse=0.2117 ci=0.9043 rm2=0.6922
epoch  575 | mse=0.2102 ci=0.9001 rm2=0.7180
epoch  576 | mse=0.2047 ci=0.9022 rm2=0.7124
epoch  577 | mse=0.2078 ci=0.9035 rm2=0.7321
epoch  578 | mse=0.2090 ci=0.9017 rm2=0.7053
epoch  579 | mse=0.2080 ci=0.9023 rm2=0.7081
epoch  580 | mse=0.2065 ci=0.9047 rm2=0.7045
epoch  581 | mse=0.2103 ci=0.9008 rm2=0.7165
epoch  582 | mse=0.2144 ci=0.9019 rm2=0.6823
epoch  583 | mse=0.2079 ci=0.9021 rm2=0.7130
epoch  584 | mse=0.2073 ci=0.9033 rm2=0.7209
epoch  585 | mse=0.2114 ci=0.8985 rm2=0.7177
epoch  586 | mse=0.2063 ci=0.9005 rm2=0.7119
epoch  587 | mse=0.2041 ci=0.9060 rm2=0.7225
epoch  588 | mse=0.2080 ci=0.9029 rm2=0.7223
epoch  589 | mse=0.2062 ci=0.9018 rm2=0.7336
epoch  590 | mse=0.2081 ci=0.8998 rm2=0.7325
epoch  591 | mse=0.2050 ci=0.9043 rm2=0.7130
epoch  592 | mse=0.2090 ci=0.9005 rm2=0.7080
epoch  593 | mse=0.2059 ci=0.9046 rm2=0.7122
epoch  594 | mse=0.2099 ci=0.9033 rm2=0.7219
epoch  595 | mse=0.2044 ci=0.9013 rm2=0.7213
epoch  596 | mse=0.2048 ci=0.9042 rm2=0.7096
epoch  597 | mse=0.2073 ci=0.9023 rm2=0.7238
epoch  598 | mse=0.2073 ci=0.9023 rm2=0.7117
epoch  599 | mse=0.2070 ci=0.9012 rm2=0.7250
epoch  600 | mse=0.2120 ci=0.9024 rm2=0.7127
epoch  601 | mse=0.2074 ci=0.9037 rm2=0.7060
epoch  602 | mse=0.2120 ci=0.9010 rm2=0.7209
epoch  603 | mse=0.2067 ci=0.9031 rm2=0.7208
epoch  604 | mse=0.2070 ci=0.9028 rm2=0.7085
epoch  605 | mse=0.2051 ci=0.9011 rm2=0.7391
epoch  606 | mse=0.2070 ci=0.9065 rm2=0.7169
epoch  607 | mse=0.2053 ci=0.9031 rm2=0.7280
epoch  608 | mse=0.2068 ci=0.9034 rm2=0.7302
epoch  609 | mse=0.2073 ci=0.9024 rm2=0.7079
epoch  610 | mse=0.2108 ci=0.9035 rm2=0.7122
epoch  611 | mse=0.2055 ci=0.9041 rm2=0.7233
epoch  612 | mse=0.2121 ci=0.9040 rm2=0.7210
epoch  613 | mse=0.2067 ci=0.9040 rm2=0.7163
epoch  614 | mse=0.2066 ci=0.9034 rm2=0.7263
epoch  615 | mse=0.2076 ci=0.9015 rm2=0.7277
epoch  616 | mse=0.2112 ci=0.9022 rm2=0.6994
epoch  617 | mse=0.2111 ci=0.8995 rm2=0.7231
epoch  618 | mse=0.2092 ci=0.9012 rm2=0.7256
epoch  619 | mse=0.2067 ci=0.9032 rm2=0.7191
epoch  620 | mse=0.2076 ci=0.9030 rm2=0.7145
epoch  621 | mse=0.2095 ci=0.8979 rm2=0.7369
epoch  622 | mse=0.2157 ci=0.9009 rm2=0.7097
epoch  623 | mse=0.2082 ci=0.9045 rm2=0.7167
epoch  624 | mse=0.2067 ci=0.9033 rm2=0.7222
epoch  625 | mse=0.2066 ci=0.9041 rm2=0.7191
epoch  626 | mse=0.2088 ci=0.8996 rm2=0.7186
epoch  627 | mse=0.2059 ci=0.9011 rm2=0.7065
epoch  628 | mse=0.2058 ci=0.9021 rm2=0.7258
epoch  629 | mse=0.2132 ci=0.9044 rm2=0.7147
epoch  630 | mse=0.2089 ci=0.9005 rm2=0.7117
epoch  631 | mse=0.2085 ci=0.9013 rm2=0.7040
epoch  632 | mse=0.2039 ci=0.9051 rm2=0.7195
epoch  633 | mse=0.2041 ci=0.9037 rm2=0.7239
epoch  634 | mse=0.2090 ci=0.9019 rm2=0.7110
epoch  635 | mse=0.2043 ci=0.9006 rm2=0.7276
epoch  636 | mse=0.2053 ci=0.8987 rm2=0.7254
epoch  637 | mse=0.2081 ci=0.9020 rm2=0.7370
epoch  638 | mse=0.2057 ci=0.9025 rm2=0.7239
epoch  639 | mse=0.2046 ci=0.9044 rm2=0.7237
epoch  640 | mse=0.2046 ci=0.9017 rm2=0.7303
epoch  641 | mse=0.2075 ci=0.8998 rm2=0.7194
epoch  642 | mse=0.2048 ci=0.9063 rm2=0.7093
epoch  643 | mse=0.2059 ci=0.9010 rm2=0.7099
epoch  644 | mse=0.2068 ci=0.9017 rm2=0.7306
epoch  645 | mse=0.2062 ci=0.9059 rm2=0.7101
epoch  646 | mse=0.2100 ci=0.8981 rm2=0.7246
epoch  647 | mse=0.2075 ci=0.9006 rm2=0.7153
epoch  648 | mse=0.2080 ci=0.9035 rm2=0.7067
epoch  649 | mse=0.2067 ci=0.9015 rm2=0.7258
epoch  650 | mse=0.2088 ci=0.9023 rm2=0.7077
epoch  651 | mse=0.2058 ci=0.9036 rm2=0.7084
epoch  652 | mse=0.2084 ci=0.9026 rm2=0.7204
epoch  653 | mse=0.2104 ci=0.9009 rm2=0.7208
epoch  654 | mse=0.2049 ci=0.9019 rm2=0.7223
epoch  655 | mse=0.2065 ci=0.9031 rm2=0.7149
epoch  656 | mse=0.2040 ci=0.9026 rm2=0.7192
epoch  657 | mse=0.2080 ci=0.9048 rm2=0.7133
epoch  658 | mse=0.2084 ci=0.9044 rm2=0.7223
epoch  659 | mse=0.2063 ci=0.9018 rm2=0.7041
epoch  660 | mse=0.2068 ci=0.8991 rm2=0.7179
[FIND BEST!] epoch  661 | mse=0.2013 ci=0.9028 rm2=0.7292
epoch  662 | mse=0.2085 ci=0.9027 rm2=0.7321
epoch  663 | mse=0.2024 ci=0.9026 rm2=0.7293
epoch  664 | mse=0.2048 ci=0.9053 rm2=0.7288
epoch  665 | mse=0.2038 ci=0.9041 rm2=0.7251
epoch  666 | mse=0.2021 ci=0.9031 rm2=0.7208
epoch  667 | mse=0.2074 ci=0.9005 rm2=0.7184
epoch  668 | mse=0.2049 ci=0.9026 rm2=0.7149
epoch  669 | mse=0.2042 ci=0.9041 rm2=0.7172
epoch  670 | mse=0.2065 ci=0.9026 rm2=0.7095
epoch  671 | mse=0.2077 ci=0.9016 rm2=0.7318
epoch  672 | mse=0.2050 ci=0.9029 rm2=0.7171
epoch  673 | mse=0.2082 ci=0.9034 rm2=0.7057
epoch  674 | mse=0.2055 ci=0.9030 rm2=0.7209
epoch  675 | mse=0.2049 ci=0.9037 rm2=0.7183
epoch  676 | mse=0.2053 ci=0.9017 rm2=0.7228
epoch  677 | mse=0.2066 ci=0.8953 rm2=0.7343
epoch  678 | mse=0.2099 ci=0.9051 rm2=0.7022
epoch  679 | mse=0.2107 ci=0.9031 rm2=0.7127
epoch  680 | mse=0.2075 ci=0.9049 rm2=0.7136
epoch  681 | mse=0.2047 ci=0.9066 rm2=0.7194
epoch  682 | mse=0.2089 ci=0.9003 rm2=0.7149
epoch  683 | mse=0.2052 ci=0.9042 rm2=0.7205
epoch  684 | mse=0.2081 ci=0.8975 rm2=0.7235
epoch  685 | mse=0.2095 ci=0.9036 rm2=0.7225
epoch  686 | mse=0.2060 ci=0.9006 rm2=0.7164
epoch  687 | mse=0.2084 ci=0.9028 rm2=0.7333
epoch  688 | mse=0.2053 ci=0.9011 rm2=0.7201
epoch  689 | mse=0.2063 ci=0.9010 rm2=0.7210
epoch  690 | mse=0.2062 ci=0.9045 rm2=0.7196
epoch  691 | mse=0.2075 ci=0.9018 rm2=0.7108
epoch  692 | mse=0.2041 ci=0.9050 rm2=0.7169
epoch  693 | mse=0.2031 ci=0.9045 rm2=0.7273
epoch  694 | mse=0.2022 ci=0.9008 rm2=0.7368
epoch  695 | mse=0.2064 ci=0.9061 rm2=0.7108
epoch  696 | mse=0.2076 ci=0.9030 rm2=0.7272
epoch  697 | mse=0.2045 ci=0.9038 rm2=0.7334
epoch  698 | mse=0.2145 ci=0.9007 rm2=0.7019
epoch  699 | mse=0.2106 ci=0.9021 rm2=0.7069
epoch  700 | mse=0.2085 ci=0.9031 rm2=0.7202
epoch  701 | mse=0.2057 ci=0.9037 rm2=0.7229
epoch  702 | mse=0.2037 ci=0.9060 rm2=0.7167
epoch  703 | mse=0.2073 ci=0.9030 rm2=0.7125
epoch  704 | mse=0.2108 ci=0.9041 rm2=0.7141
epoch  705 | mse=0.2068 ci=0.9023 rm2=0.7142
epoch  706 | mse=0.2038 ci=0.9036 rm2=0.7267
epoch  707 | mse=0.2105 ci=0.9025 rm2=0.7165
epoch  708 | mse=0.2050 ci=0.9033 rm2=0.7177
epoch  709 | mse=0.2073 ci=0.9033 rm2=0.7080
epoch  710 | mse=0.2095 ci=0.9031 rm2=0.7072
epoch  711 | mse=0.2044 ci=0.9035 rm2=0.7121
epoch  712 | mse=0.2078 ci=0.9049 rm2=0.7340
epoch  713 | mse=0.2066 ci=0.9034 rm2=0.7242
epoch  714 | mse=0.2095 ci=0.9021 rm2=0.7115
epoch  715 | mse=0.2094 ci=0.9012 rm2=0.7286
epoch  716 | mse=0.2108 ci=0.9015 rm2=0.7138
epoch  717 | mse=0.2069 ci=0.9041 rm2=0.7196
epoch  718 | mse=0.2113 ci=0.9043 rm2=0.7388
epoch  719 | mse=0.2079 ci=0.9031 rm2=0.7100
epoch  720 | mse=0.2111 ci=0.9055 rm2=0.7304
epoch  721 | mse=0.2067 ci=0.9029 rm2=0.7279
epoch  722 | mse=0.2083 ci=0.9045 rm2=0.7084
epoch  723 | mse=0.2037 ci=0.9040 rm2=0.7304
epoch  724 | mse=0.2058 ci=0.9029 rm2=0.7282
epoch  725 | mse=0.2064 ci=0.9050 rm2=0.7219
epoch  726 | mse=0.2049 ci=0.9079 rm2=0.7100
epoch  727 | mse=0.2045 ci=0.9023 rm2=0.7226
epoch  728 | mse=0.2071 ci=0.9048 rm2=0.7135
epoch  729 | mse=0.2070 ci=0.9014 rm2=0.7056
epoch  730 | mse=0.2074 ci=0.9065 rm2=0.7048
epoch  731 | mse=0.2031 ci=0.9061 rm2=0.7227
epoch  732 | mse=0.2059 ci=0.9052 rm2=0.7275
epoch  733 | mse=0.2043 ci=0.9027 rm2=0.7267
epoch  734 | mse=0.2074 ci=0.9048 rm2=0.7327
epoch  735 | mse=0.2090 ci=0.9027 rm2=0.7115
epoch  736 | mse=0.2063 ci=0.9020 rm2=0.7331
epoch  737 | mse=0.2067 ci=0.9043 rm2=0.7131
epoch  738 | mse=0.2042 ci=0.9028 rm2=0.7111
epoch  739 | mse=0.2062 ci=0.9043 rm2=0.7210
epoch  740 | mse=0.2057 ci=0.9037 rm2=0.7356
epoch  741 | mse=0.2054 ci=0.9038 rm2=0.7389
epoch  742 | mse=0.2079 ci=0.9057 rm2=0.7115
epoch  743 | mse=0.2052 ci=0.9040 rm2=0.7382
epoch  744 | mse=0.2064 ci=0.9009 rm2=0.7268
epoch  745 | mse=0.2065 ci=0.9028 rm2=0.7260
epoch  746 | mse=0.2155 ci=0.8979 rm2=0.7303
epoch  747 | mse=0.2091 ci=0.9013 rm2=0.7044
epoch  748 | mse=0.2065 ci=0.9035 rm2=0.7233
epoch  749 | mse=0.2065 ci=0.9045 rm2=0.7245
epoch  750 | mse=0.2043 ci=0.9032 rm2=0.7238
epoch  751 | mse=0.2037 ci=0.9030 rm2=0.7219
epoch  752 | mse=0.2056 ci=0.9045 rm2=0.7305
epoch  753 | mse=0.2030 ci=0.9047 rm2=0.7315
epoch  754 | mse=0.2056 ci=0.9029 rm2=0.7255
epoch  755 | mse=0.2020 ci=0.9054 rm2=0.7275
epoch  756 | mse=0.2057 ci=0.9045 rm2=0.7124
epoch  757 | mse=0.2038 ci=0.9043 rm2=0.7192
epoch  758 | mse=0.2051 ci=0.9030 rm2=0.7231
epoch  759 | mse=0.2024 ci=0.9065 rm2=0.7321
epoch  760 | mse=0.2052 ci=0.9026 rm2=0.7278
epoch  761 | mse=0.2027 ci=0.9036 rm2=0.7308
epoch  762 | mse=0.2033 ci=0.9039 rm2=0.7242
epoch  763 | mse=0.2060 ci=0.9053 rm2=0.7101
epoch  764 | mse=0.2107 ci=0.9010 rm2=0.7278
epoch  765 | mse=0.2057 ci=0.9034 rm2=0.7301
epoch  766 | mse=0.2057 ci=0.9043 rm2=0.7313
epoch  767 | mse=0.2063 ci=0.9045 rm2=0.7189
epoch  768 | mse=0.2078 ci=0.9017 rm2=0.7275
epoch  769 | mse=0.2065 ci=0.9049 rm2=0.7127
epoch  770 | mse=0.2023 ci=0.9069 rm2=0.7202
epoch  771 | mse=0.2022 ci=0.9036 rm2=0.7182
epoch  772 | mse=0.2054 ci=0.9074 rm2=0.7207
epoch  773 | mse=0.2046 ci=0.9038 rm2=0.7218
epoch  774 | mse=0.2053 ci=0.9049 rm2=0.7378
epoch  775 | mse=0.2055 ci=0.9035 rm2=0.7367
epoch  776 | mse=0.2153 ci=0.9021 rm2=0.7249
epoch  777 | mse=0.2081 ci=0.9065 rm2=0.7251
epoch  778 | mse=0.2077 ci=0.9061 rm2=0.7205
epoch  779 | mse=0.2068 ci=0.9040 rm2=0.7319
epoch  780 | mse=0.2045 ci=0.9051 rm2=0.7260
epoch  781 | mse=0.2034 ci=0.9044 rm2=0.7236
epoch  782 | mse=0.2035 ci=0.9025 rm2=0.7268
epoch  783 | mse=0.2032 ci=0.9031 rm2=0.7341
epoch  784 | mse=0.2071 ci=0.9048 rm2=0.7327
epoch  785 | mse=0.2041 ci=0.9076 rm2=0.7235
epoch  786 | mse=0.2066 ci=0.9046 rm2=0.7113
epoch  787 | mse=0.2060 ci=0.9035 rm2=0.7320
epoch  788 | mse=0.2051 ci=0.9049 rm2=0.7337
epoch  789 | mse=0.2068 ci=0.9007 rm2=0.7201
epoch  790 | mse=0.2039 ci=0.9034 rm2=0.7286
epoch  791 | mse=0.2047 ci=0.9022 rm2=0.7215
epoch  792 | mse=0.2038 ci=0.9034 rm2=0.7388
epoch  793 | mse=0.2040 ci=0.9035 rm2=0.7183
epoch  794 | mse=0.2063 ci=0.9025 rm2=0.7190
epoch  795 | mse=0.2026 ci=0.9071 rm2=0.7173
epoch  796 | mse=0.2038 ci=0.9053 rm2=0.7172
epoch  797 | mse=0.2048 ci=0.9069 rm2=0.7173
epoch  798 | mse=0.2040 ci=0.9058 rm2=0.7106
epoch  799 | mse=0.2024 ci=0.9076 rm2=0.7255
epoch  800 | mse=0.2106 ci=0.9044 rm2=0.7378
epoch  801 | mse=0.2033 ci=0.9061 rm2=0.7380
epoch  802 | mse=0.2093 ci=0.9066 rm2=0.7081
epoch  803 | mse=0.2055 ci=0.9044 rm2=0.7415
epoch  804 | mse=0.2084 ci=0.9048 rm2=0.7320
epoch  805 | mse=0.2047 ci=0.9069 rm2=0.7189
epoch  806 | mse=0.2068 ci=0.9061 rm2=0.7228
epoch  807 | mse=0.2075 ci=0.9068 rm2=0.7119
epoch  808 | mse=0.2066 ci=0.9022 rm2=0.7179
epoch  809 | mse=0.2090 ci=0.8999 rm2=0.7287
epoch  810 | mse=0.2057 ci=0.9034 rm2=0.7362
epoch  811 | mse=0.2030 ci=0.9053 rm2=0.7280
epoch  812 | mse=0.2034 ci=0.9071 rm2=0.7182
epoch  813 | mse=0.2056 ci=0.9052 rm2=0.7201
epoch  814 | mse=0.2066 ci=0.9047 rm2=0.7196
epoch  815 | mse=0.2086 ci=0.9051 rm2=0.7279
epoch  816 | mse=0.2074 ci=0.9030 rm2=0.7102
epoch  817 | mse=0.2033 ci=0.9071 rm2=0.7274
epoch  818 | mse=0.2096 ci=0.9036 rm2=0.7215
epoch  819 | mse=0.2086 ci=0.9030 rm2=0.7190
epoch  820 | mse=0.2101 ci=0.9011 rm2=0.7110
epoch  821 | mse=0.2073 ci=0.9038 rm2=0.7190
epoch  822 | mse=0.2130 ci=0.9044 rm2=0.7302
epoch  823 | mse=0.2087 ci=0.9037 rm2=0.7208
epoch  824 | mse=0.2079 ci=0.9037 rm2=0.7334
epoch  825 | mse=0.2084 ci=0.9026 rm2=0.7201
epoch  826 | mse=0.2053 ci=0.9046 rm2=0.7213
epoch  827 | mse=0.2059 ci=0.9037 rm2=0.7262
epoch  828 | mse=0.2061 ci=0.9033 rm2=0.7382
epoch  829 | mse=0.2098 ci=0.9041 rm2=0.7242
epoch  830 | mse=0.2050 ci=0.9054 rm2=0.7140
epoch  831 | mse=0.2052 ci=0.9057 rm2=0.7127
epoch  832 | mse=0.2072 ci=0.9031 rm2=0.7156
epoch  833 | mse=0.2055 ci=0.9074 rm2=0.7246
epoch  834 | mse=0.2066 ci=0.9038 rm2=0.7115
epoch  835 | mse=0.2078 ci=0.9017 rm2=0.7269
epoch  836 | mse=0.2084 ci=0.9040 rm2=0.7109
epoch  837 | mse=0.2060 ci=0.9046 rm2=0.7236
epoch  838 | mse=0.2083 ci=0.9060 rm2=0.7140
epoch  839 | mse=0.2060 ci=0.9044 rm2=0.7226
epoch  840 | mse=0.2084 ci=0.9065 rm2=0.7231
epoch  841 | mse=0.2052 ci=0.9067 rm2=0.7287
epoch  842 | mse=0.2047 ci=0.9041 rm2=0.7294
epoch  843 | mse=0.2019 ci=0.9065 rm2=0.7302
epoch  844 | mse=0.2041 ci=0.9054 rm2=0.7318
epoch  845 | mse=0.2080 ci=0.9027 rm2=0.7231
epoch  846 | mse=0.2039 ci=0.9058 rm2=0.7114
epoch  847 | mse=0.2078 ci=0.9050 rm2=0.7064
epoch  848 | mse=0.2058 ci=0.9042 rm2=0.7193
epoch  849 | mse=0.2072 ci=0.9045 rm2=0.7228
epoch  850 | mse=0.2052 ci=0.9023 rm2=0.7180
epoch  851 | mse=0.2064 ci=0.9063 rm2=0.7119
epoch  852 | mse=0.2028 ci=0.9045 rm2=0.7431
epoch  853 | mse=0.2038 ci=0.9069 rm2=0.7169
epoch  854 | mse=0.2036 ci=0.9075 rm2=0.7177
epoch  855 | mse=0.2059 ci=0.9043 rm2=0.7208
epoch  856 | mse=0.2036 ci=0.9047 rm2=0.7323
epoch  857 | mse=0.2028 ci=0.9055 rm2=0.7276
epoch  858 | mse=0.2047 ci=0.9073 rm2=0.7097
epoch  859 | mse=0.2058 ci=0.9033 rm2=0.7114
epoch  860 | mse=0.2035 ci=0.9039 rm2=0.7343
epoch  861 | mse=0.2029 ci=0.9046 rm2=0.7204
early stop at epoch 861
final test | epoch 661 | mse=0.2013 ci=0.9028 rm2=0.7292
[18:25:30] DONE  HAG-DTA GIN
[18:25:30] ========== Davis HAG-DTA seed=2000 COMPLETE ==========
