[09:23:23] ========== Davis HAG-DTA seed=3000 models=gin ==========
[09:23:23] START HAG-DTA GIN
Diff_DTA_GIN | davis | classic | cuda=cuda:0
LR=0.0005 epochs=1000 val_interval=1 patience=200

--- davis seed=3000 ---
Pre-processed data found: /root/autodl-tmp/HAG-DTA-cache/processed/davis_train.pt, loading ...
Pre-processed data found: /root/autodl-tmp/HAG-DTA-cache/processed/davis_test.pt, loading ...
/root/HAG-DTA/py38_env/lib/python3.8/site-packages/torch_geometric/deprecation.py:26: UserWarning: 'data.DenseDataLoader' is deprecated, use 'loader.DenseDataLoader' instead
  warnings.warn(out)
n1=6 n2=2
[FIND BEST!] epoch    1 | mse=3.9679 ci=0.6568 rm2=0.0831
[FIND BEST!] epoch    2 | mse=1.7076 ci=0.6536 rm2=0.0721
[FIND BEST!] epoch    3 | mse=0.8658 ci=0.6950 rm2=0.1308
[FIND BEST!] epoch    4 | mse=0.7808 ci=0.6902 rm2=0.1266
[FIND BEST!] epoch    5 | mse=0.7244 ci=0.6994 rm2=0.1432
[FIND BEST!] epoch    6 | mse=0.5939 ci=0.7764 rm2=0.2726
[FIND BEST!] epoch    7 | mse=0.5478 ci=0.7878 rm2=0.3148
epoch    8 | mse=0.5604 ci=0.7930 rm2=0.3384
[FIND BEST!] epoch    9 | mse=0.4950 ci=0.7969 rm2=0.3821
epoch   10 | mse=0.5263 ci=0.7983 rm2=0.3703
epoch   11 | mse=0.5617 ci=0.7495 rm2=0.2892
[FIND BEST!] epoch   12 | mse=0.4568 ci=0.8142 rm2=0.4176
epoch   13 | mse=0.4783 ci=0.8135 rm2=0.3889
[FIND BEST!] epoch   14 | mse=0.4478 ci=0.8101 rm2=0.4449
[FIND BEST!] epoch   15 | mse=0.4252 ci=0.8167 rm2=0.4612
[FIND BEST!] epoch   16 | mse=0.4247 ci=0.8194 rm2=0.4538
[FIND BEST!] epoch   17 | mse=0.4244 ci=0.8076 rm2=0.4667
[FIND BEST!] epoch   18 | mse=0.4056 ci=0.8351 rm2=0.4667
[FIND BEST!] epoch   19 | mse=0.3910 ci=0.8325 rm2=0.5028
epoch   20 | mse=0.3963 ci=0.8189 rm2=0.5029
[FIND BEST!] epoch   21 | mse=0.3880 ci=0.8354 rm2=0.4829
epoch   22 | mse=0.4069 ci=0.8333 rm2=0.4547
[FIND BEST!] epoch   23 | mse=0.3646 ci=0.8478 rm2=0.5168
epoch   24 | mse=0.3709 ci=0.8403 rm2=0.5246
epoch   25 | mse=0.3837 ci=0.8479 rm2=0.5093
[FIND BEST!] epoch   26 | mse=0.3562 ci=0.8542 rm2=0.5272
epoch   27 | mse=0.3659 ci=0.8521 rm2=0.4980
epoch   28 | mse=0.3598 ci=0.8511 rm2=0.5259
[FIND BEST!] epoch   29 | mse=0.3308 ci=0.8576 rm2=0.5823
[FIND BEST!] epoch   30 | mse=0.3279 ci=0.8614 rm2=0.5850
epoch   31 | mse=0.3369 ci=0.8567 rm2=0.5649
epoch   32 | mse=0.3368 ci=0.8556 rm2=0.5757
epoch   33 | mse=0.3484 ci=0.8620 rm2=0.5364
[FIND BEST!] epoch   34 | mse=0.3181 ci=0.8687 rm2=0.5935
epoch   35 | mse=0.3209 ci=0.8655 rm2=0.5576
epoch   36 | mse=0.3237 ci=0.8658 rm2=0.5687
[FIND BEST!] epoch   37 | mse=0.3057 ci=0.8684 rm2=0.6136
epoch   38 | mse=0.3184 ci=0.8568 rm2=0.5743
epoch   39 | mse=0.3152 ci=0.8691 rm2=0.5920
[FIND BEST!] epoch   40 | mse=0.2995 ci=0.8699 rm2=0.6281
epoch   41 | mse=0.3032 ci=0.8710 rm2=0.6066
epoch   42 | mse=0.3113 ci=0.8704 rm2=0.5936
[FIND BEST!] epoch   43 | mse=0.2977 ci=0.8732 rm2=0.5926
[FIND BEST!] epoch   44 | mse=0.2886 ci=0.8697 rm2=0.6348
epoch   45 | mse=0.2978 ci=0.8686 rm2=0.6094
epoch   46 | mse=0.3011 ci=0.8731 rm2=0.6249
[FIND BEST!] epoch   47 | mse=0.2842 ci=0.8692 rm2=0.6331
epoch   48 | mse=0.2850 ci=0.8737 rm2=0.6153
epoch   49 | mse=0.2851 ci=0.8722 rm2=0.6489
epoch   50 | mse=0.2895 ci=0.8688 rm2=0.6451
[FIND BEST!] epoch   51 | mse=0.2811 ci=0.8751 rm2=0.6272
[FIND BEST!] epoch   52 | mse=0.2794 ci=0.8747 rm2=0.6539
epoch   53 | mse=0.2885 ci=0.8695 rm2=0.6322
[FIND BEST!] epoch   54 | mse=0.2784 ci=0.8757 rm2=0.6172
epoch   55 | mse=0.2929 ci=0.8740 rm2=0.6012
[FIND BEST!] epoch   56 | mse=0.2770 ci=0.8791 rm2=0.6082
epoch   57 | mse=0.2848 ci=0.8733 rm2=0.6392
epoch   58 | mse=0.2856 ci=0.8713 rm2=0.6249
epoch   59 | mse=0.2814 ci=0.8781 rm2=0.5920
[FIND BEST!] epoch   60 | mse=0.2719 ci=0.8754 rm2=0.6554
epoch   61 | mse=0.2774 ci=0.8707 rm2=0.6377
epoch   62 | mse=0.2766 ci=0.8842 rm2=0.6152
epoch   63 | mse=0.2719 ci=0.8774 rm2=0.6334
epoch   64 | mse=0.2722 ci=0.8756 rm2=0.6274
[FIND BEST!] epoch   65 | mse=0.2711 ci=0.8741 rm2=0.6209
epoch   66 | mse=0.2732 ci=0.8665 rm2=0.6565
epoch   67 | mse=0.2793 ci=0.8772 rm2=0.5935
[FIND BEST!] epoch   68 | mse=0.2659 ci=0.8799 rm2=0.6692
epoch   69 | mse=0.2728 ci=0.8664 rm2=0.6443
epoch   70 | mse=0.2659 ci=0.8796 rm2=0.6475
[FIND BEST!] epoch   71 | mse=0.2651 ci=0.8782 rm2=0.6614
[FIND BEST!] epoch   72 | mse=0.2599 ci=0.8846 rm2=0.6607
epoch   73 | mse=0.2665 ci=0.8798 rm2=0.6539
epoch   74 | mse=0.2669 ci=0.8799 rm2=0.6531
epoch   75 | mse=0.2624 ci=0.8852 rm2=0.6394
epoch   76 | mse=0.2659 ci=0.8630 rm2=0.6565
[FIND BEST!] epoch   77 | mse=0.2598 ci=0.8800 rm2=0.6429
epoch   78 | mse=0.2610 ci=0.8865 rm2=0.6402
[FIND BEST!] epoch   79 | mse=0.2549 ci=0.8817 rm2=0.6343
[FIND BEST!] epoch   80 | mse=0.2478 ci=0.8817 rm2=0.6735
epoch   81 | mse=0.2554 ci=0.8735 rm2=0.6693
epoch   82 | mse=0.2553 ci=0.8821 rm2=0.6451
epoch   83 | mse=0.2553 ci=0.8822 rm2=0.6515
epoch   84 | mse=0.2620 ci=0.8682 rm2=0.6352
epoch   85 | mse=0.2491 ci=0.8801 rm2=0.6735
epoch   86 | mse=0.2524 ci=0.8842 rm2=0.6442
epoch   87 | mse=0.2479 ci=0.8912 rm2=0.6532
epoch   88 | mse=0.2506 ci=0.8897 rm2=0.6357
epoch   89 | mse=0.2557 ci=0.8863 rm2=0.6518
[FIND BEST!] epoch   90 | mse=0.2444 ci=0.8863 rm2=0.6497
epoch   91 | mse=0.2473 ci=0.8893 rm2=0.6566
epoch   92 | mse=0.2466 ci=0.8822 rm2=0.6717
[FIND BEST!] epoch   93 | mse=0.2435 ci=0.8847 rm2=0.6486
epoch   94 | mse=0.2435 ci=0.8926 rm2=0.6669
[FIND BEST!] epoch   95 | mse=0.2375 ci=0.8832 rm2=0.6793
epoch   96 | mse=0.2559 ci=0.8758 rm2=0.6666
epoch   97 | mse=0.2442 ci=0.8780 rm2=0.6836
epoch   98 | mse=0.2456 ci=0.8868 rm2=0.6556
epoch   99 | mse=0.2467 ci=0.8845 rm2=0.6777
epoch  100 | mse=0.2548 ci=0.8847 rm2=0.6333
epoch  101 | mse=0.2470 ci=0.8826 rm2=0.6438
epoch  102 | mse=0.2553 ci=0.8879 rm2=0.6342
epoch  103 | mse=0.2421 ci=0.8921 rm2=0.6661
[FIND BEST!] epoch  104 | mse=0.2342 ci=0.8890 rm2=0.6785
epoch  105 | mse=0.2397 ci=0.8912 rm2=0.6668
epoch  106 | mse=0.2440 ci=0.8913 rm2=0.6553
epoch  107 | mse=0.2499 ci=0.8823 rm2=0.6509
epoch  108 | mse=0.2498 ci=0.8767 rm2=0.6780
epoch  109 | mse=0.2432 ci=0.8857 rm2=0.6590
epoch  110 | mse=0.2618 ci=0.8707 rm2=0.6373
epoch  111 | mse=0.2508 ci=0.8852 rm2=0.6878
epoch  112 | mse=0.2431 ci=0.8882 rm2=0.6424
epoch  113 | mse=0.2350 ci=0.8869 rm2=0.6697
[FIND BEST!] epoch  114 | mse=0.2322 ci=0.8882 rm2=0.6824
epoch  115 | mse=0.2399 ci=0.8857 rm2=0.6791
epoch  116 | mse=0.2418 ci=0.8871 rm2=0.6565
epoch  117 | mse=0.2380 ci=0.8971 rm2=0.6447
epoch  118 | mse=0.2440 ci=0.8855 rm2=0.6296
epoch  119 | mse=0.2442 ci=0.8862 rm2=0.6598
epoch  120 | mse=0.2415 ci=0.8867 rm2=0.6628
[FIND BEST!] epoch  121 | mse=0.2310 ci=0.8875 rm2=0.6871
[FIND BEST!] epoch  122 | mse=0.2302 ci=0.8919 rm2=0.6880
epoch  123 | mse=0.2393 ci=0.8826 rm2=0.6694
epoch  124 | mse=0.2396 ci=0.8904 rm2=0.6443
epoch  125 | mse=0.2359 ci=0.8955 rm2=0.6584
epoch  126 | mse=0.2340 ci=0.8904 rm2=0.6691
epoch  127 | mse=0.2359 ci=0.8900 rm2=0.6630
epoch  128 | mse=0.2340 ci=0.8887 rm2=0.6961
epoch  129 | mse=0.2329 ci=0.8894 rm2=0.7070
epoch  130 | mse=0.2305 ci=0.8919 rm2=0.7130
epoch  131 | mse=0.2354 ci=0.8858 rm2=0.6838
epoch  132 | mse=0.2341 ci=0.8949 rm2=0.6837
epoch  133 | mse=0.2313 ci=0.8912 rm2=0.6856
epoch  134 | mse=0.2435 ci=0.8840 rm2=0.6991
epoch  135 | mse=0.2387 ci=0.8913 rm2=0.6395
[FIND BEST!] epoch  136 | mse=0.2295 ci=0.8930 rm2=0.6883
epoch  137 | mse=0.2331 ci=0.8943 rm2=0.6981
epoch  138 | mse=0.2326 ci=0.8957 rm2=0.6856
epoch  139 | mse=0.2331 ci=0.8919 rm2=0.6756
epoch  140 | mse=0.2297 ci=0.8863 rm2=0.7094
epoch  141 | mse=0.2313 ci=0.8942 rm2=0.6982
epoch  142 | mse=0.2487 ci=0.8963 rm2=0.6593
epoch  143 | mse=0.2372 ci=0.8889 rm2=0.6717
epoch  144 | mse=0.2298 ci=0.8897 rm2=0.6905
[FIND BEST!] epoch  145 | mse=0.2282 ci=0.8980 rm2=0.6970
epoch  146 | mse=0.2330 ci=0.9008 rm2=0.6669
epoch  147 | mse=0.2362 ci=0.8950 rm2=0.6633
[FIND BEST!] epoch  148 | mse=0.2281 ci=0.8946 rm2=0.6867
[FIND BEST!] epoch  149 | mse=0.2248 ci=0.8966 rm2=0.7010
epoch  150 | mse=0.2255 ci=0.8945 rm2=0.6691
epoch  151 | mse=0.2290 ci=0.8916 rm2=0.6861
epoch  152 | mse=0.2279 ci=0.8960 rm2=0.6986
epoch  153 | mse=0.2354 ci=0.8933 rm2=0.6916
epoch  154 | mse=0.2262 ci=0.8960 rm2=0.6746
epoch  155 | mse=0.2281 ci=0.8923 rm2=0.6904
epoch  156 | mse=0.2259 ci=0.8944 rm2=0.7082
epoch  157 | mse=0.2289 ci=0.8900 rm2=0.6879
epoch  158 | mse=0.2255 ci=0.8953 rm2=0.6902
[FIND BEST!] epoch  159 | mse=0.2240 ci=0.8978 rm2=0.6878
epoch  160 | mse=0.2319 ci=0.9005 rm2=0.6501
epoch  161 | mse=0.2242 ci=0.8980 rm2=0.6836
epoch  162 | mse=0.2261 ci=0.8912 rm2=0.6924
[FIND BEST!] epoch  163 | mse=0.2237 ci=0.8981 rm2=0.6891
[FIND BEST!] epoch  164 | mse=0.2219 ci=0.8942 rm2=0.6901
epoch  165 | mse=0.2348 ci=0.8875 rm2=0.6694
epoch  166 | mse=0.2368 ci=0.8877 rm2=0.6716
epoch  167 | mse=0.2279 ci=0.8954 rm2=0.7039
epoch  168 | mse=0.2277 ci=0.8964 rm2=0.6706
epoch  169 | mse=0.2280 ci=0.8915 rm2=0.6976
epoch  170 | mse=0.2274 ci=0.8937 rm2=0.7133
epoch  171 | mse=0.2230 ci=0.8977 rm2=0.6967
epoch  172 | mse=0.2282 ci=0.8952 rm2=0.6729
epoch  173 | mse=0.2336 ci=0.8944 rm2=0.6734
epoch  174 | mse=0.2439 ci=0.8864 rm2=0.6427
epoch  175 | mse=0.2370 ci=0.8860 rm2=0.6821
epoch  176 | mse=0.2258 ci=0.8908 rm2=0.7041
epoch  177 | mse=0.2376 ci=0.8907 rm2=0.6748
epoch  178 | mse=0.2286 ci=0.8911 rm2=0.6798
epoch  179 | mse=0.2307 ci=0.8906 rm2=0.6749
epoch  180 | mse=0.2251 ci=0.8949 rm2=0.6758
epoch  181 | mse=0.2327 ci=0.8833 rm2=0.6743
epoch  182 | mse=0.2289 ci=0.8927 rm2=0.6812
epoch  183 | mse=0.2310 ci=0.8990 rm2=0.6464
epoch  184 | mse=0.2309 ci=0.8861 rm2=0.6774
epoch  185 | mse=0.2348 ci=0.8877 rm2=0.6926
epoch  186 | mse=0.2282 ci=0.8973 rm2=0.6958
epoch  187 | mse=0.2284 ci=0.8978 rm2=0.6613
[FIND BEST!] epoch  188 | mse=0.2217 ci=0.8968 rm2=0.6838
[FIND BEST!] epoch  189 | mse=0.2199 ci=0.9002 rm2=0.6918
epoch  190 | mse=0.2219 ci=0.8943 rm2=0.6965
epoch  191 | mse=0.2272 ci=0.8934 rm2=0.7136
epoch  192 | mse=0.2233 ci=0.8970 rm2=0.6815
epoch  193 | mse=0.2240 ci=0.9001 rm2=0.6779
[FIND BEST!] epoch  194 | mse=0.2162 ci=0.8998 rm2=0.7123
epoch  195 | mse=0.2230 ci=0.9033 rm2=0.6748
epoch  196 | mse=0.2190 ci=0.8966 rm2=0.6816
epoch  197 | mse=0.2184 ci=0.8997 rm2=0.6873
epoch  198 | mse=0.2201 ci=0.8980 rm2=0.6861
epoch  199 | mse=0.2232 ci=0.8991 rm2=0.6949
epoch  200 | mse=0.2172 ci=0.8972 rm2=0.6937
epoch  201 | mse=0.2237 ci=0.8966 rm2=0.6973
epoch  202 | mse=0.2206 ci=0.8941 rm2=0.7087
epoch  203 | mse=0.2196 ci=0.8975 rm2=0.7259
epoch  204 | mse=0.2213 ci=0.8963 rm2=0.6902
epoch  205 | mse=0.2236 ci=0.8957 rm2=0.7246
epoch  206 | mse=0.2185 ci=0.8986 rm2=0.7048
epoch  207 | mse=0.2216 ci=0.8993 rm2=0.6799
epoch  208 | mse=0.2167 ci=0.8983 rm2=0.6974
[FIND BEST!] epoch  209 | mse=0.2153 ci=0.8986 rm2=0.7098
epoch  210 | mse=0.2237 ci=0.8972 rm2=0.6721
epoch  211 | mse=0.2210 ci=0.8973 rm2=0.6946
epoch  212 | mse=0.2200 ci=0.8991 rm2=0.6794
epoch  213 | mse=0.2161 ci=0.9017 rm2=0.6921
epoch  214 | mse=0.2204 ci=0.8982 rm2=0.6857
epoch  215 | mse=0.2169 ci=0.9006 rm2=0.7041
epoch  216 | mse=0.2216 ci=0.8993 rm2=0.6831
epoch  217 | mse=0.2203 ci=0.8988 rm2=0.6928
epoch  218 | mse=0.2229 ci=0.8902 rm2=0.6960
epoch  219 | mse=0.2242 ci=0.8955 rm2=0.6754
epoch  220 | mse=0.2264 ci=0.8892 rm2=0.7015
epoch  221 | mse=0.2248 ci=0.8994 rm2=0.6737
epoch  222 | mse=0.2162 ci=0.8978 rm2=0.7028
epoch  223 | mse=0.2215 ci=0.8978 rm2=0.6720
epoch  224 | mse=0.2217 ci=0.8938 rm2=0.6985
epoch  225 | mse=0.2235 ci=0.9001 rm2=0.6750
epoch  226 | mse=0.2227 ci=0.8962 rm2=0.6835
epoch  227 | mse=0.2222 ci=0.8948 rm2=0.7034
epoch  228 | mse=0.2178 ci=0.8988 rm2=0.6985
epoch  229 | mse=0.2282 ci=0.8974 rm2=0.6651
epoch  230 | mse=0.2213 ci=0.8883 rm2=0.7019
epoch  231 | mse=0.2205 ci=0.8965 rm2=0.7164
epoch  232 | mse=0.2195 ci=0.8996 rm2=0.6769
epoch  233 | mse=0.2194 ci=0.9030 rm2=0.6797
epoch  234 | mse=0.2210 ci=0.8961 rm2=0.7032
epoch  235 | mse=0.2201 ci=0.8983 rm2=0.6990
epoch  236 | mse=0.2226 ci=0.9027 rm2=0.6764
epoch  237 | mse=0.2250 ci=0.8978 rm2=0.6788
epoch  238 | mse=0.2213 ci=0.8994 rm2=0.7118
epoch  239 | mse=0.2206 ci=0.9024 rm2=0.6779
epoch  240 | mse=0.2190 ci=0.8951 rm2=0.7047
[FIND BEST!] epoch  241 | mse=0.2119 ci=0.8999 rm2=0.7086
epoch  242 | mse=0.2172 ci=0.9033 rm2=0.6969
[FIND BEST!] epoch  243 | mse=0.2117 ci=0.8997 rm2=0.7101
epoch  244 | mse=0.2203 ci=0.8940 rm2=0.6917
epoch  245 | mse=0.2208 ci=0.8996 rm2=0.6825
epoch  246 | mse=0.2154 ci=0.9014 rm2=0.7034
epoch  247 | mse=0.2172 ci=0.9035 rm2=0.6838
epoch  248 | mse=0.2169 ci=0.9020 rm2=0.7025
epoch  249 | mse=0.2121 ci=0.9016 rm2=0.6909
epoch  250 | mse=0.2169 ci=0.9031 rm2=0.7086
epoch  251 | mse=0.2143 ci=0.9017 rm2=0.7042
epoch  252 | mse=0.2195 ci=0.9032 rm2=0.6721
epoch  253 | mse=0.2148 ci=0.9007 rm2=0.7035
epoch  254 | mse=0.2160 ci=0.9024 rm2=0.6980
epoch  255 | mse=0.2161 ci=0.8991 rm2=0.6979
epoch  256 | mse=0.2129 ci=0.8977 rm2=0.7013
epoch  257 | mse=0.2199 ci=0.8994 rm2=0.6791
epoch  258 | mse=0.2162 ci=0.8994 rm2=0.7277
epoch  259 | mse=0.2139 ci=0.8955 rm2=0.7162
epoch  260 | mse=0.2211 ci=0.8933 rm2=0.7021
epoch  261 | mse=0.2165 ci=0.9011 rm2=0.6927
epoch  262 | mse=0.2194 ci=0.9006 rm2=0.6875
epoch  263 | mse=0.2139 ci=0.9030 rm2=0.7125
epoch  264 | mse=0.2146 ci=0.9030 rm2=0.7085
epoch  265 | mse=0.2145 ci=0.8988 rm2=0.6966
epoch  266 | mse=0.2181 ci=0.8970 rm2=0.6994
epoch  267 | mse=0.2139 ci=0.8989 rm2=0.7108
epoch  268 | mse=0.2211 ci=0.8991 rm2=0.6638
epoch  269 | mse=0.2135 ci=0.8986 rm2=0.7049
epoch  270 | mse=0.2168 ci=0.9010 rm2=0.6890
epoch  271 | mse=0.2143 ci=0.8986 rm2=0.7158
epoch  272 | mse=0.2193 ci=0.9004 rm2=0.6892
epoch  273 | mse=0.2142 ci=0.8971 rm2=0.6972
epoch  274 | mse=0.2174 ci=0.9006 rm2=0.7152
epoch  275 | mse=0.2162 ci=0.9013 rm2=0.6828
epoch  276 | mse=0.2159 ci=0.9020 rm2=0.6917
epoch  277 | mse=0.2185 ci=0.9025 rm2=0.6928
epoch  278 | mse=0.2168 ci=0.9007 rm2=0.6955
epoch  279 | mse=0.2177 ci=0.8993 rm2=0.6822
epoch  280 | mse=0.2207 ci=0.8980 rm2=0.7086
epoch  281 | mse=0.2124 ci=0.9020 rm2=0.7038
[FIND BEST!] epoch  282 | mse=0.2101 ci=0.9000 rm2=0.7177
epoch  283 | mse=0.2185 ci=0.8981 rm2=0.6922
epoch  284 | mse=0.2102 ci=0.9041 rm2=0.7126
epoch  285 | mse=0.2167 ci=0.9014 rm2=0.6936
epoch  286 | mse=0.2110 ci=0.9026 rm2=0.7096
epoch  287 | mse=0.2104 ci=0.9006 rm2=0.7185
epoch  288 | mse=0.2178 ci=0.8923 rm2=0.7073
epoch  289 | mse=0.2131 ci=0.9024 rm2=0.7081
epoch  290 | mse=0.2208 ci=0.9003 rm2=0.7077
epoch  291 | mse=0.2160 ci=0.8932 rm2=0.7094
epoch  292 | mse=0.2153 ci=0.8965 rm2=0.7143
epoch  293 | mse=0.2110 ci=0.9008 rm2=0.7087
epoch  294 | mse=0.2142 ci=0.8997 rm2=0.6848
epoch  295 | mse=0.2171 ci=0.9016 rm2=0.6906
epoch  296 | mse=0.2195 ci=0.8966 rm2=0.7008
epoch  297 | mse=0.2132 ci=0.9038 rm2=0.6984
epoch  298 | mse=0.2158 ci=0.8986 rm2=0.7021
epoch  299 | mse=0.2126 ci=0.9027 rm2=0.6969
epoch  300 | mse=0.2159 ci=0.8998 rm2=0.7081
epoch  301 | mse=0.2160 ci=0.9007 rm2=0.7112
epoch  302 | mse=0.2125 ci=0.9017 rm2=0.6990
epoch  303 | mse=0.2175 ci=0.8918 rm2=0.7220
epoch  304 | mse=0.2187 ci=0.8999 rm2=0.6996
[FIND BEST!] epoch  305 | mse=0.2077 ci=0.8999 rm2=0.7143
epoch  306 | mse=0.2113 ci=0.9016 rm2=0.6978
epoch  307 | mse=0.2089 ci=0.8981 rm2=0.7304
epoch  308 | mse=0.2115 ci=0.9039 rm2=0.6996
epoch  309 | mse=0.2138 ci=0.9025 rm2=0.6837
epoch  310 | mse=0.2124 ci=0.9036 rm2=0.7135
epoch  311 | mse=0.2174 ci=0.9024 rm2=0.6896
epoch  312 | mse=0.2115 ci=0.9033 rm2=0.7014
epoch  313 | mse=0.2154 ci=0.8943 rm2=0.7194
epoch  314 | mse=0.2121 ci=0.9024 rm2=0.7023
epoch  315 | mse=0.2314 ci=0.8957 rm2=0.7275
epoch  316 | mse=0.2231 ci=0.8957 rm2=0.6769
epoch  317 | mse=0.2151 ci=0.8995 rm2=0.6992
epoch  318 | mse=0.2144 ci=0.8995 rm2=0.6986
epoch  319 | mse=0.2149 ci=0.8955 rm2=0.7104
epoch  320 | mse=0.2136 ci=0.8990 rm2=0.7013
epoch  321 | mse=0.2153 ci=0.9024 rm2=0.6840
epoch  322 | mse=0.2139 ci=0.9024 rm2=0.6846
epoch  323 | mse=0.2134 ci=0.9005 rm2=0.7013
epoch  324 | mse=0.2133 ci=0.9050 rm2=0.6906
epoch  325 | mse=0.2131 ci=0.8972 rm2=0.6984
epoch  326 | mse=0.2082 ci=0.8972 rm2=0.7275
epoch  327 | mse=0.2163 ci=0.9039 rm2=0.6776
epoch  328 | mse=0.2197 ci=0.8989 rm2=0.7048
epoch  329 | mse=0.2159 ci=0.9017 rm2=0.6918
epoch  330 | mse=0.2101 ci=0.9017 rm2=0.7076
epoch  331 | mse=0.2139 ci=0.9023 rm2=0.6971
epoch  332 | mse=0.2106 ci=0.9038 rm2=0.7070
epoch  333 | mse=0.2097 ci=0.9006 rm2=0.7196
epoch  334 | mse=0.2086 ci=0.9016 rm2=0.7219
epoch  335 | mse=0.2092 ci=0.9038 rm2=0.7015
epoch  336 | mse=0.2122 ci=0.9027 rm2=0.6973
epoch  337 | mse=0.2123 ci=0.9011 rm2=0.6995
epoch  338 | mse=0.2091 ci=0.9009 rm2=0.7134
epoch  339 | mse=0.2127 ci=0.8981 rm2=0.7107
epoch  340 | mse=0.2109 ci=0.9036 rm2=0.7096
[FIND BEST!] epoch  341 | mse=0.2071 ci=0.9042 rm2=0.7050
epoch  342 | mse=0.2097 ci=0.9019 rm2=0.7281
epoch  343 | mse=0.2085 ci=0.9080 rm2=0.7032
epoch  344 | mse=0.2105 ci=0.8981 rm2=0.7230
epoch  345 | mse=0.2132 ci=0.9010 rm2=0.7270
epoch  346 | mse=0.2144 ci=0.8996 rm2=0.7183
epoch  347 | mse=0.2120 ci=0.9042 rm2=0.6871
epoch  348 | mse=0.2118 ci=0.9015 rm2=0.7333
epoch  349 | mse=0.2122 ci=0.9001 rm2=0.7183
epoch  350 | mse=0.2085 ci=0.9023 rm2=0.7186
epoch  351 | mse=0.2118 ci=0.9042 rm2=0.7167
epoch  352 | mse=0.2131 ci=0.9080 rm2=0.6987
epoch  353 | mse=0.2093 ci=0.9055 rm2=0.7293
epoch  354 | mse=0.2086 ci=0.9027 rm2=0.7089
epoch  355 | mse=0.2088 ci=0.9043 rm2=0.7052
epoch  356 | mse=0.2128 ci=0.9017 rm2=0.7195
epoch  357 | mse=0.2114 ci=0.9033 rm2=0.7030
epoch  358 | mse=0.2131 ci=0.8995 rm2=0.7212
epoch  359 | mse=0.2099 ci=0.9023 rm2=0.7257
epoch  360 | mse=0.2153 ci=0.9012 rm2=0.7244
epoch  361 | mse=0.2154 ci=0.9009 rm2=0.7029
epoch  362 | mse=0.2146 ci=0.9008 rm2=0.7009
epoch  363 | mse=0.2125 ci=0.9033 rm2=0.7067
epoch  364 | mse=0.2086 ci=0.9031 rm2=0.7094
epoch  365 | mse=0.2096 ci=0.8995 rm2=0.7239
epoch  366 | mse=0.2136 ci=0.8983 rm2=0.7032
epoch  367 | mse=0.2142 ci=0.9028 rm2=0.6937
epoch  368 | mse=0.2096 ci=0.9018 rm2=0.7043
epoch  369 | mse=0.2107 ci=0.9068 rm2=0.7054
epoch  370 | mse=0.2110 ci=0.9057 rm2=0.6993
epoch  371 | mse=0.2101 ci=0.9053 rm2=0.7094
epoch  372 | mse=0.2133 ci=0.9035 rm2=0.7153
epoch  373 | mse=0.2086 ci=0.9029 rm2=0.6980
epoch  374 | mse=0.2099 ci=0.9049 rm2=0.6943
epoch  375 | mse=0.2112 ci=0.9047 rm2=0.7036
[FIND BEST!] epoch  376 | mse=0.2061 ci=0.9046 rm2=0.7173
epoch  377 | mse=0.2092 ci=0.9065 rm2=0.7115
epoch  378 | mse=0.2155 ci=0.9041 rm2=0.7020
epoch  379 | mse=0.2099 ci=0.9063 rm2=0.6913
epoch  380 | mse=0.2075 ci=0.9030 rm2=0.7076
epoch  381 | mse=0.2100 ci=0.9045 rm2=0.7170
epoch  382 | mse=0.2069 ci=0.9010 rm2=0.7303
[FIND BEST!] epoch  383 | mse=0.2061 ci=0.9060 rm2=0.7144
epoch  384 | mse=0.2125 ci=0.9050 rm2=0.7010
epoch  385 | mse=0.2071 ci=0.9069 rm2=0.7114
epoch  386 | mse=0.2110 ci=0.9014 rm2=0.7164
epoch  387 | mse=0.2142 ci=0.9017 rm2=0.7077
epoch  388 | mse=0.2129 ci=0.9045 rm2=0.7320
epoch  389 | mse=0.2139 ci=0.9049 rm2=0.6938
epoch  390 | mse=0.2104 ci=0.9047 rm2=0.7113
epoch  391 | mse=0.2083 ci=0.9019 rm2=0.7147
epoch  392 | mse=0.2083 ci=0.9068 rm2=0.7308
epoch  393 | mse=0.2085 ci=0.9047 rm2=0.7117
epoch  394 | mse=0.2148 ci=0.9063 rm2=0.6908
epoch  395 | mse=0.2081 ci=0.9052 rm2=0.7013
epoch  396 | mse=0.2169 ci=0.9003 rm2=0.6848
epoch  397 | mse=0.2078 ci=0.9059 rm2=0.7107
epoch  398 | mse=0.2067 ci=0.9049 rm2=0.7169
epoch  399 | mse=0.2109 ci=0.9074 rm2=0.6943
epoch  400 | mse=0.2073 ci=0.9076 rm2=0.7128
epoch  401 | mse=0.2185 ci=0.9013 rm2=0.6997
epoch  402 | mse=0.2102 ci=0.9069 rm2=0.7075
epoch  403 | mse=0.2079 ci=0.9055 rm2=0.7236
epoch  404 | mse=0.2175 ci=0.9057 rm2=0.6800
epoch  405 | mse=0.2091 ci=0.9065 rm2=0.7197
epoch  406 | mse=0.2116 ci=0.9057 rm2=0.7092
epoch  407 | mse=0.2091 ci=0.9081 rm2=0.6992
epoch  408 | mse=0.2099 ci=0.9063 rm2=0.7028
epoch  409 | mse=0.2071 ci=0.9032 rm2=0.7169
epoch  410 | mse=0.2077 ci=0.9044 rm2=0.7263
epoch  411 | mse=0.2119 ci=0.9044 rm2=0.7198
[FIND BEST!] epoch  412 | mse=0.2051 ci=0.9060 rm2=0.7139
epoch  413 | mse=0.2080 ci=0.9024 rm2=0.7264
epoch  414 | mse=0.2101 ci=0.9059 rm2=0.7009
epoch  415 | mse=0.2092 ci=0.9052 rm2=0.7066
epoch  416 | mse=0.2136 ci=0.9050 rm2=0.7007
epoch  417 | mse=0.2067 ci=0.9070 rm2=0.7214
epoch  418 | mse=0.2071 ci=0.9046 rm2=0.7031
epoch  419 | mse=0.2138 ci=0.9048 rm2=0.7192
epoch  420 | mse=0.2097 ci=0.9044 rm2=0.6969
epoch  421 | mse=0.2086 ci=0.9079 rm2=0.7138
epoch  422 | mse=0.2071 ci=0.9071 rm2=0.7072
epoch  423 | mse=0.2096 ci=0.9036 rm2=0.7002
epoch  424 | mse=0.2085 ci=0.9066 rm2=0.7311
epoch  425 | mse=0.2069 ci=0.9065 rm2=0.7227
epoch  426 | mse=0.2149 ci=0.9072 rm2=0.6970
epoch  427 | mse=0.2087 ci=0.9046 rm2=0.7345
epoch  428 | mse=0.2098 ci=0.9038 rm2=0.7088
epoch  429 | mse=0.2110 ci=0.9051 rm2=0.6992
epoch  430 | mse=0.2108 ci=0.9041 rm2=0.7069
epoch  431 | mse=0.2113 ci=0.9022 rm2=0.7017
epoch  432 | mse=0.2085 ci=0.9048 rm2=0.7169
epoch  433 | mse=0.2087 ci=0.9041 rm2=0.7059
epoch  434 | mse=0.2081 ci=0.9033 rm2=0.7321
epoch  435 | mse=0.2071 ci=0.9082 rm2=0.7045
epoch  436 | mse=0.2104 ci=0.9016 rm2=0.7319
epoch  437 | mse=0.2086 ci=0.9040 rm2=0.7045
epoch  438 | mse=0.2117 ci=0.9088 rm2=0.7016
epoch  439 | mse=0.2120 ci=0.9042 rm2=0.7200
epoch  440 | mse=0.2113 ci=0.9035 rm2=0.6990
epoch  441 | mse=0.2137 ci=0.9050 rm2=0.7068
epoch  442 | mse=0.2128 ci=0.9055 rm2=0.6830
epoch  443 | mse=0.2083 ci=0.9034 rm2=0.7229
epoch  444 | mse=0.2117 ci=0.9021 rm2=0.7173
epoch  445 | mse=0.2063 ci=0.9037 rm2=0.7182
epoch  446 | mse=0.2072 ci=0.9050 rm2=0.7203
epoch  447 | mse=0.2147 ci=0.9023 rm2=0.7289
epoch  448 | mse=0.2089 ci=0.9052 rm2=0.7218
epoch  449 | mse=0.2110 ci=0.9035 rm2=0.7094
epoch  450 | mse=0.2111 ci=0.9019 rm2=0.7067
epoch  451 | mse=0.2057 ci=0.9059 rm2=0.7139
epoch  452 | mse=0.2114 ci=0.8978 rm2=0.7203
epoch  453 | mse=0.2117 ci=0.9046 rm2=0.7126
epoch  454 | mse=0.2089 ci=0.9029 rm2=0.7201
epoch  455 | mse=0.2098 ci=0.9041 rm2=0.7002
epoch  456 | mse=0.2089 ci=0.9053 rm2=0.7126
epoch  457 | mse=0.2074 ci=0.9040 rm2=0.7100
[FIND BEST!] epoch  458 | mse=0.2030 ci=0.9084 rm2=0.7240
epoch  459 | mse=0.2058 ci=0.9034 rm2=0.7135
epoch  460 | mse=0.2066 ci=0.9075 rm2=0.7172
epoch  461 | mse=0.2066 ci=0.9054 rm2=0.7200
epoch  462 | mse=0.2054 ci=0.9070 rm2=0.7194
epoch  463 | mse=0.2110 ci=0.9012 rm2=0.7266
epoch  464 | mse=0.2097 ci=0.9027 rm2=0.7126
epoch  465 | mse=0.2074 ci=0.9041 rm2=0.7116
epoch  466 | mse=0.2082 ci=0.9040 rm2=0.7212
epoch  467 | mse=0.2065 ci=0.9048 rm2=0.7221
epoch  468 | mse=0.2063 ci=0.9041 rm2=0.7129
epoch  469 | mse=0.2072 ci=0.9063 rm2=0.7165
epoch  470 | mse=0.2106 ci=0.9019 rm2=0.7115
epoch  471 | mse=0.2117 ci=0.9039 rm2=0.7098
epoch  472 | mse=0.2072 ci=0.9072 rm2=0.7085
epoch  473 | mse=0.2048 ci=0.9052 rm2=0.7393
epoch  474 | mse=0.2116 ci=0.9059 rm2=0.6958
epoch  475 | mse=0.2129 ci=0.9061 rm2=0.7192
epoch  476 | mse=0.2077 ci=0.9054 rm2=0.7167
epoch  477 | mse=0.2069 ci=0.9049 rm2=0.7183
epoch  478 | mse=0.2067 ci=0.9067 rm2=0.7203
epoch  479 | mse=0.2050 ci=0.9064 rm2=0.7213
epoch  480 | mse=0.2040 ci=0.9063 rm2=0.7087
epoch  481 | mse=0.2067 ci=0.9066 rm2=0.7174
epoch  482 | mse=0.2062 ci=0.9064 rm2=0.7311
epoch  483 | mse=0.2096 ci=0.9076 rm2=0.6893
epoch  484 | mse=0.2088 ci=0.9044 rm2=0.6977
epoch  485 | mse=0.2061 ci=0.9068 rm2=0.7232
epoch  486 | mse=0.2066 ci=0.9070 rm2=0.7112
epoch  487 | mse=0.2044 ci=0.9023 rm2=0.7345
epoch  488 | mse=0.2069 ci=0.9017 rm2=0.7179
epoch  489 | mse=0.2074 ci=0.9034 rm2=0.7119
epoch  490 | mse=0.2094 ci=0.9042 rm2=0.7222
epoch  491 | mse=0.2090 ci=0.9051 rm2=0.7047
epoch  492 | mse=0.2099 ci=0.9066 rm2=0.6905
epoch  493 | mse=0.2054 ci=0.9047 rm2=0.7107
epoch  494 | mse=0.2084 ci=0.9077 rm2=0.7117
epoch  495 | mse=0.2066 ci=0.9033 rm2=0.7168
epoch  496 | mse=0.2160 ci=0.9082 rm2=0.6883
epoch  497 | mse=0.2087 ci=0.9076 rm2=0.7015
epoch  498 | mse=0.2111 ci=0.9053 rm2=0.7046
epoch  499 | mse=0.2082 ci=0.9035 rm2=0.7193
epoch  500 | mse=0.2101 ci=0.9036 rm2=0.7138
epoch  501 | mse=0.2076 ci=0.9022 rm2=0.7288
epoch  502 | mse=0.2047 ci=0.9031 rm2=0.7178
epoch  503 | mse=0.2064 ci=0.9051 rm2=0.7099
epoch  504 | mse=0.2066 ci=0.9033 rm2=0.7137
epoch  505 | mse=0.2103 ci=0.9032 rm2=0.7243
epoch  506 | mse=0.2049 ci=0.9041 rm2=0.7239
epoch  507 | mse=0.2094 ci=0.9033 rm2=0.7107
epoch  508 | mse=0.2079 ci=0.9047 rm2=0.7171
epoch  509 | mse=0.2066 ci=0.9039 rm2=0.7145
epoch  510 | mse=0.2100 ci=0.9065 rm2=0.7271
epoch  511 | mse=0.2118 ci=0.9016 rm2=0.7093
epoch  512 | mse=0.2115 ci=0.9077 rm2=0.6976
epoch  513 | mse=0.2048 ci=0.9018 rm2=0.7394
epoch  514 | mse=0.2119 ci=0.8978 rm2=0.7263
epoch  515 | mse=0.2052 ci=0.9048 rm2=0.7232
epoch  516 | mse=0.2071 ci=0.9043 rm2=0.7161
epoch  517 | mse=0.2108 ci=0.9044 rm2=0.6973
epoch  518 | mse=0.2105 ci=0.9052 rm2=0.7028
epoch  519 | mse=0.2096 ci=0.9017 rm2=0.7188
epoch  520 | mse=0.2116 ci=0.9050 rm2=0.7010
epoch  521 | mse=0.2066 ci=0.9058 rm2=0.7114
epoch  522 | mse=0.2095 ci=0.9047 rm2=0.7109
epoch  523 | mse=0.2050 ci=0.9068 rm2=0.7264
epoch  524 | mse=0.2093 ci=0.8987 rm2=0.7224
epoch  525 | mse=0.2087 ci=0.8990 rm2=0.7178
epoch  526 | mse=0.2041 ci=0.9045 rm2=0.7245
epoch  527 | mse=0.2068 ci=0.9080 rm2=0.7245
epoch  528 | mse=0.2091 ci=0.9048 rm2=0.7095
epoch  529 | mse=0.2059 ci=0.9052 rm2=0.7303
epoch  530 | mse=0.2057 ci=0.9076 rm2=0.7278
epoch  531 | mse=0.2083 ci=0.9055 rm2=0.7233
epoch  532 | mse=0.2058 ci=0.9066 rm2=0.7184
epoch  533 | mse=0.2191 ci=0.9079 rm2=0.7069
epoch  534 | mse=0.2161 ci=0.9012 rm2=0.7150
epoch  535 | mse=0.2072 ci=0.9080 rm2=0.7118
epoch  536 | mse=0.2100 ci=0.9033 rm2=0.7063
epoch  537 | mse=0.2092 ci=0.9022 rm2=0.7336
epoch  538 | mse=0.2087 ci=0.9016 rm2=0.7161
epoch  539 | mse=0.2066 ci=0.9069 rm2=0.7128
epoch  540 | mse=0.2071 ci=0.9052 rm2=0.7080
epoch  541 | mse=0.2039 ci=0.9054 rm2=0.7107
epoch  542 | mse=0.2051 ci=0.9079 rm2=0.7231
epoch  543 | mse=0.2083 ci=0.9092 rm2=0.7259
epoch  544 | mse=0.2076 ci=0.9057 rm2=0.7060
epoch  545 | mse=0.2034 ci=0.9038 rm2=0.7447
[FIND BEST!] epoch  546 | mse=0.2019 ci=0.9085 rm2=0.7346
epoch  547 | mse=0.2068 ci=0.9095 rm2=0.7275
epoch  548 | mse=0.2096 ci=0.9058 rm2=0.7290
epoch  549 | mse=0.2075 ci=0.9098 rm2=0.7026
epoch  550 | mse=0.2076 ci=0.9035 rm2=0.7216
epoch  551 | mse=0.2121 ci=0.9086 rm2=0.6933
epoch  552 | mse=0.2060 ci=0.9066 rm2=0.7268
epoch  553 | mse=0.2072 ci=0.9074 rm2=0.7044
epoch  554 | mse=0.2075 ci=0.9092 rm2=0.7191
epoch  555 | mse=0.2079 ci=0.9054 rm2=0.7045
epoch  556 | mse=0.2059 ci=0.9084 rm2=0.7096
epoch  557 | mse=0.2039 ci=0.9072 rm2=0.7245
epoch  558 | mse=0.2093 ci=0.9009 rm2=0.7265
epoch  559 | mse=0.2063 ci=0.9044 rm2=0.7375
epoch  560 | mse=0.2060 ci=0.9047 rm2=0.7276
epoch  561 | mse=0.2052 ci=0.9088 rm2=0.7224
epoch  562 | mse=0.2124 ci=0.9066 rm2=0.7103
epoch  563 | mse=0.2048 ci=0.9064 rm2=0.7215
epoch  564 | mse=0.2111 ci=0.9040 rm2=0.7191
epoch  565 | mse=0.2042 ci=0.9047 rm2=0.7241
epoch  566 | mse=0.2047 ci=0.9034 rm2=0.7227
epoch  567 | mse=0.2062 ci=0.9073 rm2=0.7297
[FIND BEST!] epoch  568 | mse=0.2016 ci=0.9049 rm2=0.7355
epoch  569 | mse=0.2042 ci=0.9061 rm2=0.7255
epoch  570 | mse=0.2073 ci=0.9037 rm2=0.7104
epoch  571 | mse=0.2062 ci=0.9049 rm2=0.7165
epoch  572 | mse=0.2126 ci=0.9060 rm2=0.7324
epoch  573 | mse=0.2047 ci=0.9043 rm2=0.7313
epoch  574 | mse=0.2094 ci=0.9079 rm2=0.7055
epoch  575 | mse=0.2039 ci=0.9073 rm2=0.7258
epoch  576 | mse=0.2041 ci=0.9053 rm2=0.7075
epoch  577 | mse=0.2057 ci=0.9036 rm2=0.7207
epoch  578 | mse=0.2047 ci=0.9056 rm2=0.7167
epoch  579 | mse=0.2135 ci=0.9033 rm2=0.7218
epoch  580 | mse=0.2073 ci=0.9057 rm2=0.7266
epoch  581 | mse=0.2047 ci=0.9092 rm2=0.7070
epoch  582 | mse=0.2092 ci=0.9074 rm2=0.7102
epoch  583 | mse=0.2077 ci=0.9067 rm2=0.7010
epoch  584 | mse=0.2070 ci=0.9076 rm2=0.6989
epoch  585 | mse=0.2035 ci=0.9078 rm2=0.7303
epoch  586 | mse=0.2038 ci=0.9060 rm2=0.7237
epoch  587 | mse=0.2029 ci=0.9077 rm2=0.7445
epoch  588 | mse=0.2072 ci=0.9056 rm2=0.7188
epoch  589 | mse=0.2050 ci=0.9057 rm2=0.7154
epoch  590 | mse=0.2072 ci=0.9037 rm2=0.7380
epoch  591 | mse=0.2055 ci=0.9046 rm2=0.7322
epoch  592 | mse=0.2033 ci=0.9076 rm2=0.7277
epoch  593 | mse=0.2056 ci=0.9060 rm2=0.7268
epoch  594 | mse=0.2046 ci=0.9043 rm2=0.7479
epoch  595 | mse=0.2057 ci=0.9047 rm2=0.7216
epoch  596 | mse=0.2112 ci=0.9062 rm2=0.7237
epoch  597 | mse=0.2068 ci=0.9088 rm2=0.7173
epoch  598 | mse=0.2048 ci=0.9059 rm2=0.7209
epoch  599 | mse=0.2029 ci=0.9075 rm2=0.7090
epoch  600 | mse=0.2026 ci=0.9069 rm2=0.7216
epoch  601 | mse=0.2037 ci=0.9083 rm2=0.7148
epoch  602 | mse=0.2020 ci=0.9119 rm2=0.7218
epoch  603 | mse=0.2039 ci=0.9043 rm2=0.7241
[FIND BEST!] epoch  604 | mse=0.2012 ci=0.9066 rm2=0.7176
epoch  605 | mse=0.2036 ci=0.9054 rm2=0.7319
epoch  606 | mse=0.2059 ci=0.9041 rm2=0.7236
epoch  607 | mse=0.2039 ci=0.9061 rm2=0.7371
epoch  608 | mse=0.2019 ci=0.9093 rm2=0.7405
[FIND BEST!] epoch  609 | mse=0.2008 ci=0.9066 rm2=0.7248
epoch  610 | mse=0.2052 ci=0.9050 rm2=0.7297
epoch  611 | mse=0.2071 ci=0.9038 rm2=0.7048
epoch  612 | mse=0.2080 ci=0.9077 rm2=0.7009
epoch  613 | mse=0.2057 ci=0.9077 rm2=0.7116
epoch  614 | mse=0.2041 ci=0.9070 rm2=0.7267
epoch  615 | mse=0.2050 ci=0.9082 rm2=0.7296
epoch  616 | mse=0.2082 ci=0.9083 rm2=0.7099
epoch  617 | mse=0.2089 ci=0.9080 rm2=0.7020
epoch  618 | mse=0.2051 ci=0.9075 rm2=0.7230
epoch  619 | mse=0.2047 ci=0.9063 rm2=0.7225
epoch  620 | mse=0.2051 ci=0.9067 rm2=0.7112
epoch  621 | mse=0.2045 ci=0.9054 rm2=0.7417
epoch  622 | mse=0.2183 ci=0.9081 rm2=0.7310
epoch  623 | mse=0.2044 ci=0.9080 rm2=0.7158
epoch  624 | mse=0.2064 ci=0.9094 rm2=0.7041
epoch  625 | mse=0.2097 ci=0.9063 rm2=0.6958
epoch  626 | mse=0.2064 ci=0.9071 rm2=0.7207
epoch  627 | mse=0.2075 ci=0.9091 rm2=0.7207
epoch  628 | mse=0.2051 ci=0.9059 rm2=0.7180
epoch  629 | mse=0.2093 ci=0.9052 rm2=0.7132
epoch  630 | mse=0.2056 ci=0.9074 rm2=0.7137
epoch  631 | mse=0.2087 ci=0.9020 rm2=0.7185
epoch  632 | mse=0.2046 ci=0.9075 rm2=0.7258
epoch  633 | mse=0.2083 ci=0.9071 rm2=0.7063
epoch  634 | mse=0.2096 ci=0.9064 rm2=0.7278
epoch  635 | mse=0.2026 ci=0.9080 rm2=0.7170
epoch  636 | mse=0.2085 ci=0.9069 rm2=0.7047
epoch  637 | mse=0.2053 ci=0.9095 rm2=0.7195
epoch  638 | mse=0.2066 ci=0.9050 rm2=0.7231
epoch  639 | mse=0.2066 ci=0.8987 rm2=0.7317
epoch  640 | mse=0.2061 ci=0.9070 rm2=0.7059
epoch  641 | mse=0.2062 ci=0.9078 rm2=0.7089
epoch  642 | mse=0.2050 ci=0.9073 rm2=0.7103
epoch  643 | mse=0.2043 ci=0.9056 rm2=0.7263
epoch  644 | mse=0.2081 ci=0.9039 rm2=0.7452
epoch  645 | mse=0.2097 ci=0.9072 rm2=0.7278
epoch  646 | mse=0.2092 ci=0.9096 rm2=0.7174
epoch  647 | mse=0.2054 ci=0.9050 rm2=0.7222
epoch  648 | mse=0.2051 ci=0.9044 rm2=0.7288
epoch  649 | mse=0.2057 ci=0.9061 rm2=0.7200
epoch  650 | mse=0.2104 ci=0.9042 rm2=0.7247
epoch  651 | mse=0.2071 ci=0.9085 rm2=0.7120
epoch  652 | mse=0.2074 ci=0.9060 rm2=0.7205
epoch  653 | mse=0.2055 ci=0.9079 rm2=0.7143
epoch  654 | mse=0.2095 ci=0.9047 rm2=0.7224
epoch  655 | mse=0.2041 ci=0.9030 rm2=0.7265
epoch  656 | mse=0.2083 ci=0.9047 rm2=0.7233
epoch  657 | mse=0.2060 ci=0.9062 rm2=0.7153
epoch  658 | mse=0.2053 ci=0.9068 rm2=0.7272
epoch  659 | mse=0.2060 ci=0.9096 rm2=0.7338
epoch  660 | mse=0.2056 ci=0.9084 rm2=0.7235
epoch  661 | mse=0.2047 ci=0.9063 rm2=0.7326
epoch  662 | mse=0.2069 ci=0.9038 rm2=0.7378
epoch  663 | mse=0.2012 ci=0.9093 rm2=0.7371
epoch  664 | mse=0.2022 ci=0.9054 rm2=0.7242
epoch  665 | mse=0.2052 ci=0.9064 rm2=0.7213
epoch  666 | mse=0.2062 ci=0.9041 rm2=0.7146
epoch  667 | mse=0.2052 ci=0.9067 rm2=0.7222
epoch  668 | mse=0.2024 ci=0.9077 rm2=0.7332
epoch  669 | mse=0.2031 ci=0.9059 rm2=0.7275
epoch  670 | mse=0.2032 ci=0.9062 rm2=0.7320
epoch  671 | mse=0.2071 ci=0.9052 rm2=0.7269
epoch  672 | mse=0.2035 ci=0.9044 rm2=0.7387
epoch  673 | mse=0.2069 ci=0.9079 rm2=0.7246
epoch  674 | mse=0.2046 ci=0.9074 rm2=0.7265
epoch  675 | mse=0.2026 ci=0.9076 rm2=0.7273
epoch  676 | mse=0.2045 ci=0.9076 rm2=0.7238
epoch  677 | mse=0.2067 ci=0.9074 rm2=0.7141
epoch  678 | mse=0.2041 ci=0.9096 rm2=0.7175
epoch  679 | mse=0.2096 ci=0.9097 rm2=0.7188
epoch  680 | mse=0.2041 ci=0.9094 rm2=0.7176
epoch  681 | mse=0.2067 ci=0.9071 rm2=0.7268
epoch  682 | mse=0.2081 ci=0.9047 rm2=0.7323
epoch  683 | mse=0.2028 ci=0.9085 rm2=0.7198
epoch  684 | mse=0.2064 ci=0.9075 rm2=0.7251
epoch  685 | mse=0.2049 ci=0.9077 rm2=0.7055
epoch  686 | mse=0.2107 ci=0.9045 rm2=0.7173
epoch  687 | mse=0.2089 ci=0.9078 rm2=0.7087
epoch  688 | mse=0.2059 ci=0.9071 rm2=0.7231
epoch  689 | mse=0.2088 ci=0.9048 rm2=0.7299
epoch  690 | mse=0.2057 ci=0.9081 rm2=0.7121
epoch  691 | mse=0.2031 ci=0.9092 rm2=0.7294
epoch  692 | mse=0.2084 ci=0.9058 rm2=0.7305
epoch  693 | mse=0.2028 ci=0.9071 rm2=0.7239
epoch  694 | mse=0.2048 ci=0.9092 rm2=0.7236
epoch  695 | mse=0.2049 ci=0.9071 rm2=0.7087
epoch  696 | mse=0.2074 ci=0.9053 rm2=0.7456
epoch  697 | mse=0.2043 ci=0.9093 rm2=0.7228
epoch  698 | mse=0.2071 ci=0.9094 rm2=0.7118
epoch  699 | mse=0.2038 ci=0.9082 rm2=0.7187
epoch  700 | mse=0.2084 ci=0.9033 rm2=0.7388
epoch  701 | mse=0.2062 ci=0.9072 rm2=0.7123
epoch  702 | mse=0.2038 ci=0.9065 rm2=0.7198
epoch  703 | mse=0.2056 ci=0.9086 rm2=0.7204
epoch  704 | mse=0.2067 ci=0.9090 rm2=0.7133
epoch  705 | mse=0.2062 ci=0.9037 rm2=0.7396
epoch  706 | mse=0.2087 ci=0.9032 rm2=0.7124
epoch  707 | mse=0.2038 ci=0.9045 rm2=0.7326
epoch  708 | mse=0.2071 ci=0.9054 rm2=0.7255
epoch  709 | mse=0.2075 ci=0.9091 rm2=0.7183
epoch  710 | mse=0.2146 ci=0.9046 rm2=0.7240
epoch  711 | mse=0.2096 ci=0.9029 rm2=0.7409
epoch  712 | mse=0.2035 ci=0.9095 rm2=0.7222
epoch  713 | mse=0.2069 ci=0.9084 rm2=0.7299
epoch  714 | mse=0.2046 ci=0.9101 rm2=0.7133
epoch  715 | mse=0.2066 ci=0.9084 rm2=0.7197
epoch  716 | mse=0.2045 ci=0.9044 rm2=0.7302
epoch  717 | mse=0.2025 ci=0.9083 rm2=0.7331
epoch  718 | mse=0.2026 ci=0.9085 rm2=0.7328
[FIND BEST!] epoch  719 | mse=0.2005 ci=0.9094 rm2=0.7230
epoch  720 | mse=0.2043 ci=0.9074 rm2=0.7322
epoch  721 | mse=0.2047 ci=0.9094 rm2=0.7278
epoch  722 | mse=0.2031 ci=0.9069 rm2=0.7216
epoch  723 | mse=0.2017 ci=0.9065 rm2=0.7282
epoch  724 | mse=0.2033 ci=0.9093 rm2=0.7310
epoch  725 | mse=0.2059 ci=0.9075 rm2=0.7362
epoch  726 | mse=0.2017 ci=0.9056 rm2=0.7449
epoch  727 | mse=0.2026 ci=0.9083 rm2=0.7132
epoch  728 | mse=0.2025 ci=0.9076 rm2=0.7317
epoch  729 | mse=0.2041 ci=0.9086 rm2=0.7385
epoch  730 | mse=0.2035 ci=0.9071 rm2=0.7233
epoch  731 | mse=0.2073 ci=0.9096 rm2=0.7132
epoch  732 | mse=0.2053 ci=0.9089 rm2=0.7240
epoch  733 | mse=0.2059 ci=0.9060 rm2=0.7345
epoch  734 | mse=0.2021 ci=0.9086 rm2=0.7329
epoch  735 | mse=0.2024 ci=0.9099 rm2=0.7229
[FIND BEST!] epoch  736 | mse=0.2003 ci=0.9098 rm2=0.7441
epoch  737 | mse=0.2033 ci=0.9108 rm2=0.7100
epoch  738 | mse=0.2051 ci=0.9108 rm2=0.7091
epoch  739 | mse=0.2043 ci=0.9084 rm2=0.7347
epoch  740 | mse=0.2021 ci=0.9069 rm2=0.7453
epoch  741 | mse=0.2031 ci=0.9109 rm2=0.7376
epoch  742 | mse=0.2062 ci=0.9088 rm2=0.7361
epoch  743 | mse=0.2064 ci=0.9094 rm2=0.7351
epoch  744 | mse=0.2039 ci=0.9080 rm2=0.7175
epoch  745 | mse=0.2064 ci=0.9085 rm2=0.7198
epoch  746 | mse=0.2101 ci=0.9081 rm2=0.7207
epoch  747 | mse=0.2029 ci=0.9080 rm2=0.7367
epoch  748 | mse=0.2146 ci=0.9077 rm2=0.7115
epoch  749 | mse=0.2047 ci=0.9093 rm2=0.7048
epoch  750 | mse=0.2068 ci=0.9053 rm2=0.7167
epoch  751 | mse=0.2052 ci=0.9056 rm2=0.7200
epoch  752 | mse=0.2038 ci=0.9067 rm2=0.7286
epoch  753 | mse=0.2096 ci=0.9076 rm2=0.7103
epoch  754 | mse=0.2071 ci=0.9061 rm2=0.7246
epoch  755 | mse=0.2079 ci=0.9081 rm2=0.7133
epoch  756 | mse=0.2070 ci=0.9077 rm2=0.7125
epoch  757 | mse=0.2078 ci=0.9069 rm2=0.6977
epoch  758 | mse=0.2075 ci=0.9057 rm2=0.7127
epoch  759 | mse=0.2032 ci=0.9062 rm2=0.7291
epoch  760 | mse=0.2024 ci=0.9073 rm2=0.7303
epoch  761 | mse=0.2026 ci=0.9078 rm2=0.7207
epoch  762 | mse=0.2035 ci=0.9082 rm2=0.7177
epoch  763 | mse=0.2055 ci=0.9072 rm2=0.7117
epoch  764 | mse=0.2047 ci=0.9088 rm2=0.7124
epoch  765 | mse=0.2052 ci=0.9040 rm2=0.7341
epoch  766 | mse=0.2071 ci=0.9062 rm2=0.7307
epoch  767 | mse=0.2033 ci=0.9040 rm2=0.7310
epoch  768 | mse=0.2035 ci=0.9075 rm2=0.7103
epoch  769 | mse=0.2071 ci=0.9034 rm2=0.7366
epoch  770 | mse=0.2053 ci=0.9102 rm2=0.7094
epoch  771 | mse=0.2035 ci=0.9063 rm2=0.7413
epoch  772 | mse=0.2053 ci=0.9061 rm2=0.7249
epoch  773 | mse=0.2031 ci=0.9061 rm2=0.7445
epoch  774 | mse=0.2058 ci=0.9048 rm2=0.7235
epoch  775 | mse=0.2030 ci=0.9093 rm2=0.7181
[FIND BEST!] epoch  776 | mse=0.1996 ci=0.9114 rm2=0.7266
epoch  777 | mse=0.2045 ci=0.9097 rm2=0.7282
epoch  778 | mse=0.2030 ci=0.9088 rm2=0.7271
epoch  779 | mse=0.2011 ci=0.9094 rm2=0.7335
epoch  780 | mse=0.1997 ci=0.9092 rm2=0.7390
epoch  781 | mse=0.2022 ci=0.9084 rm2=0.7452
epoch  782 | mse=0.2016 ci=0.9106 rm2=0.7306
epoch  783 | mse=0.2065 ci=0.9071 rm2=0.7326
epoch  784 | mse=0.2045 ci=0.9103 rm2=0.7214
epoch  785 | mse=0.2058 ci=0.9067 rm2=0.7060
epoch  786 | mse=0.2099 ci=0.9058 rm2=0.7046
epoch  787 | mse=0.2034 ci=0.9060 rm2=0.7318
epoch  788 | mse=0.2050 ci=0.9046 rm2=0.7135
epoch  789 | mse=0.2050 ci=0.9069 rm2=0.7275
epoch  790 | mse=0.2043 ci=0.9066 rm2=0.7203
epoch  791 | mse=0.2029 ci=0.9090 rm2=0.7230
epoch  792 | mse=0.2014 ci=0.9068 rm2=0.7311
epoch  793 | mse=0.2070 ci=0.9087 rm2=0.7267
epoch  794 | mse=0.2016 ci=0.9096 rm2=0.7377
epoch  795 | mse=0.2032 ci=0.9106 rm2=0.7178
epoch  796 | mse=0.2010 ci=0.9081 rm2=0.7259
epoch  797 | mse=0.2082 ci=0.9072 rm2=0.7166
epoch  798 | mse=0.2042 ci=0.9083 rm2=0.7200
epoch  799 | mse=0.2031 ci=0.9091 rm2=0.7197
epoch  800 | mse=0.2018 ci=0.9070 rm2=0.7308
[FIND BEST!] epoch  801 | mse=0.1995 ci=0.9095 rm2=0.7337
epoch  802 | mse=0.2068 ci=0.9047 rm2=0.7316
epoch  803 | mse=0.2013 ci=0.9077 rm2=0.7267
epoch  804 | mse=0.2124 ci=0.9073 rm2=0.7399
epoch  805 | mse=0.2013 ci=0.9105 rm2=0.7293
epoch  806 | mse=0.2060 ci=0.9098 rm2=0.7314
epoch  807 | mse=0.2031 ci=0.9056 rm2=0.7375
epoch  808 | mse=0.2041 ci=0.9085 rm2=0.7229
epoch  809 | mse=0.2038 ci=0.9095 rm2=0.7166
epoch  810 | mse=0.2083 ci=0.9085 rm2=0.7425
epoch  811 | mse=0.2014 ci=0.9101 rm2=0.7173
epoch  812 | mse=0.1999 ci=0.9077 rm2=0.7408
[FIND BEST!] epoch  813 | mse=0.1993 ci=0.9102 rm2=0.7322
epoch  814 | mse=0.2038 ci=0.9080 rm2=0.7284
epoch  815 | mse=0.2055 ci=0.9063 rm2=0.7204
epoch  816 | mse=0.2095 ci=0.9065 rm2=0.7317
epoch  817 | mse=0.1994 ci=0.9106 rm2=0.7342
epoch  818 | mse=0.2054 ci=0.9080 rm2=0.7323
[FIND BEST!] epoch  819 | mse=0.1989 ci=0.9086 rm2=0.7338
epoch  820 | mse=0.2027 ci=0.9105 rm2=0.7169
epoch  821 | mse=0.2114 ci=0.9063 rm2=0.7373
epoch  822 | mse=0.2021 ci=0.9087 rm2=0.7223
epoch  823 | mse=0.2065 ci=0.9092 rm2=0.7164
epoch  824 | mse=0.1999 ci=0.9105 rm2=0.7343
epoch  825 | mse=0.2072 ci=0.9070 rm2=0.7370
epoch  826 | mse=0.2075 ci=0.9076 rm2=0.7355
epoch  827 | mse=0.2028 ci=0.9071 rm2=0.7401
epoch  828 | mse=0.2073 ci=0.9066 rm2=0.7199
epoch  829 | mse=0.2060 ci=0.9090 rm2=0.7195
epoch  830 | mse=0.2059 ci=0.9081 rm2=0.7192
epoch  831 | mse=0.2041 ci=0.9066 rm2=0.7242
epoch  832 | mse=0.2010 ci=0.9090 rm2=0.7414
epoch  833 | mse=0.2067 ci=0.9078 rm2=0.7316
epoch  834 | mse=0.2009 ci=0.9093 rm2=0.7384
epoch  835 | mse=0.2035 ci=0.9078 rm2=0.7261
epoch  836 | mse=0.2008 ci=0.9099 rm2=0.7396
epoch  837 | mse=0.2071 ci=0.9086 rm2=0.7293
epoch  838 | mse=0.2043 ci=0.9070 rm2=0.7396
epoch  839 | mse=0.2051 ci=0.9079 rm2=0.7297
epoch  840 | mse=0.2023 ci=0.9073 rm2=0.7305
epoch  841 | mse=0.2016 ci=0.9127 rm2=0.7259
epoch  842 | mse=0.2015 ci=0.9076 rm2=0.7272
epoch  843 | mse=0.2037 ci=0.9096 rm2=0.7316
epoch  844 | mse=0.2056 ci=0.9077 rm2=0.7426
epoch  845 | mse=0.2001 ci=0.9111 rm2=0.7277
epoch  846 | mse=0.2023 ci=0.9089 rm2=0.7183
epoch  847 | mse=0.2041 ci=0.9105 rm2=0.7186
epoch  848 | mse=0.2032 ci=0.9053 rm2=0.7320
epoch  849 | mse=0.2049 ci=0.9077 rm2=0.7166
epoch  850 | mse=0.2052 ci=0.9084 rm2=0.7312
epoch  851 | mse=0.2030 ci=0.9060 rm2=0.7379
epoch  852 | mse=0.2083 ci=0.9064 rm2=0.7225
epoch  853 | mse=0.2049 ci=0.9092 rm2=0.7346
epoch  854 | mse=0.2028 ci=0.9108 rm2=0.7131
epoch  855 | mse=0.2016 ci=0.9098 rm2=0.7396
epoch  856 | mse=0.2029 ci=0.9108 rm2=0.7253
epoch  857 | mse=0.2037 ci=0.9081 rm2=0.7274
epoch  858 | mse=0.2034 ci=0.9079 rm2=0.7286
epoch  859 | mse=0.2036 ci=0.9085 rm2=0.7334
epoch  860 | mse=0.2012 ci=0.9074 rm2=0.7309
epoch  861 | mse=0.2101 ci=0.9034 rm2=0.7440
epoch  862 | mse=0.1999 ci=0.9050 rm2=0.7430
epoch  863 | mse=0.2034 ci=0.9080 rm2=0.7289
epoch  864 | mse=0.2072 ci=0.9053 rm2=0.7124
epoch  865 | mse=0.2070 ci=0.9083 rm2=0.7218
epoch  866 | mse=0.2042 ci=0.9052 rm2=0.7169
epoch  867 | mse=0.2062 ci=0.9096 rm2=0.7195
epoch  868 | mse=0.2072 ci=0.9099 rm2=0.7152
epoch  869 | mse=0.2048 ci=0.9072 rm2=0.7402
epoch  870 | mse=0.2050 ci=0.9091 rm2=0.7140
epoch  871 | mse=0.2018 ci=0.9098 rm2=0.7207
epoch  872 | mse=0.2034 ci=0.9088 rm2=0.7322
epoch  873 | mse=0.2028 ci=0.9073 rm2=0.7181
epoch  874 | mse=0.2072 ci=0.9088 rm2=0.7196
epoch  875 | mse=0.2040 ci=0.9089 rm2=0.7392
epoch  876 | mse=0.2026 ci=0.9098 rm2=0.7232
epoch  877 | mse=0.2036 ci=0.9080 rm2=0.7177
epoch  878 | mse=0.2050 ci=0.9101 rm2=0.7140
epoch  879 | mse=0.2056 ci=0.9075 rm2=0.7228
epoch  880 | mse=0.2004 ci=0.9088 rm2=0.7396
epoch  881 | mse=0.2036 ci=0.9073 rm2=0.7447
epoch  882 | mse=0.2052 ci=0.9067 rm2=0.7339
epoch  883 | mse=0.2050 ci=0.9085 rm2=0.7307
epoch  884 | mse=0.2020 ci=0.9066 rm2=0.7420
epoch  885 | mse=0.2013 ci=0.9098 rm2=0.7269
epoch  886 | mse=0.2067 ci=0.9086 rm2=0.7383
epoch  887 | mse=0.2053 ci=0.9089 rm2=0.7137
epoch  888 | mse=0.2055 ci=0.9073 rm2=0.7142
epoch  889 | mse=0.2046 ci=0.9081 rm2=0.7441
epoch  890 | mse=0.2032 ci=0.9106 rm2=0.7345
epoch  891 | mse=0.2043 ci=0.9090 rm2=0.7241
epoch  892 | mse=0.2019 ci=0.9082 rm2=0.7417
epoch  893 | mse=0.2060 ci=0.9111 rm2=0.7072
epoch  894 | mse=0.2046 ci=0.9087 rm2=0.7227
epoch  895 | mse=0.2040 ci=0.9083 rm2=0.7256
epoch  896 | mse=0.2055 ci=0.9097 rm2=0.7267
epoch  897 | mse=0.2051 ci=0.9078 rm2=0.7452
epoch  898 | mse=0.2031 ci=0.9060 rm2=0.7320
epoch  899 | mse=0.2027 ci=0.9059 rm2=0.7248
epoch  900 | mse=0.2047 ci=0.9083 rm2=0.7157
epoch  901 | mse=0.2010 ci=0.9094 rm2=0.7285
epoch  902 | mse=0.2047 ci=0.9081 rm2=0.7255
epoch  903 | mse=0.2036 ci=0.9076 rm2=0.7290
epoch  904 | mse=0.2047 ci=0.9074 rm2=0.7295
epoch  905 | mse=0.2076 ci=0.9082 rm2=0.7332
epoch  906 | mse=0.2013 ci=0.9093 rm2=0.7382
epoch  907 | mse=0.2064 ci=0.9069 rm2=0.7419
epoch  908 | mse=0.2001 ci=0.9078 rm2=0.7300
epoch  909 | mse=0.2020 ci=0.9095 rm2=0.7239
epoch  910 | mse=0.1994 ci=0.9105 rm2=0.7416
epoch  911 | mse=0.2020 ci=0.9089 rm2=0.7199
epoch  912 | mse=0.2058 ci=0.9067 rm2=0.7320
epoch  913 | mse=0.1994 ci=0.9067 rm2=0.7422
epoch  914 | mse=0.2003 ci=0.9114 rm2=0.7212
epoch  915 | mse=0.2036 ci=0.9086 rm2=0.7230
epoch  916 | mse=0.2019 ci=0.9112 rm2=0.7224
epoch  917 | mse=0.2039 ci=0.9111 rm2=0.7167
epoch  918 | mse=0.2035 ci=0.9102 rm2=0.7136
epoch  919 | mse=0.2040 ci=0.9084 rm2=0.7210
epoch  920 | mse=0.2065 ci=0.9066 rm2=0.7257
epoch  921 | mse=0.2040 ci=0.9109 rm2=0.7289
epoch  922 | mse=0.2045 ci=0.9070 rm2=0.7312
epoch  923 | mse=0.2041 ci=0.9077 rm2=0.7289
epoch  924 | mse=0.2090 ci=0.9085 rm2=0.7422
epoch  925 | mse=0.2028 ci=0.9094 rm2=0.7372
epoch  926 | mse=0.2039 ci=0.9080 rm2=0.7173
epoch  927 | mse=0.2030 ci=0.9100 rm2=0.7214
epoch  928 | mse=0.2039 ci=0.9075 rm2=0.7323
epoch  929 | mse=0.2020 ci=0.9069 rm2=0.7370
epoch  930 | mse=0.2032 ci=0.9084 rm2=0.7290
epoch  931 | mse=0.2100 ci=0.9042 rm2=0.7412
epoch  932 | mse=0.2032 ci=0.9072 rm2=0.7370
epoch  933 | mse=0.2047 ci=0.9048 rm2=0.7335
epoch  934 | mse=0.2045 ci=0.9086 rm2=0.7138
epoch  935 | mse=0.2060 ci=0.9070 rm2=0.7180
epoch  936 | mse=0.2047 ci=0.9076 rm2=0.7268
epoch  937 | mse=0.2057 ci=0.9086 rm2=0.7279
epoch  938 | mse=0.2031 ci=0.9069 rm2=0.7296
epoch  939 | mse=0.2077 ci=0.9072 rm2=0.7376
epoch  940 | mse=0.2083 ci=0.9058 rm2=0.7236
epoch  941 | mse=0.2080 ci=0.9061 rm2=0.7198
epoch  942 | mse=0.2088 ci=0.9080 rm2=0.7315
epoch  943 | mse=0.2036 ci=0.9083 rm2=0.7320
epoch  944 | mse=0.2043 ci=0.9068 rm2=0.7248
epoch  945 | mse=0.2021 ci=0.9072 rm2=0.7366
epoch  946 | mse=0.2025 ci=0.9104 rm2=0.7267
epoch  947 | mse=0.2061 ci=0.9082 rm2=0.7405
epoch  948 | mse=0.2020 ci=0.9107 rm2=0.7273
epoch  949 | mse=0.2041 ci=0.9071 rm2=0.7381
epoch  950 | mse=0.2041 ci=0.9064 rm2=0.7277
epoch  951 | mse=0.2016 ci=0.9085 rm2=0.7427
epoch  952 | mse=0.2036 ci=0.9090 rm2=0.7234
epoch  953 | mse=0.2039 ci=0.9054 rm2=0.7336
epoch  954 | mse=0.2033 ci=0.9065 rm2=0.7338
epoch  955 | mse=0.2037 ci=0.9063 rm2=0.7370
epoch  956 | mse=0.2038 ci=0.9074 rm2=0.7305
epoch  957 | mse=0.2036 ci=0.9073 rm2=0.7285
epoch  958 | mse=0.2020 ci=0.9078 rm2=0.7366
epoch  959 | mse=0.2055 ci=0.9083 rm2=0.7317
epoch  960 | mse=0.2034 ci=0.9072 rm2=0.7130
epoch  961 | mse=0.2033 ci=0.9077 rm2=0.7398
epoch  962 | mse=0.2061 ci=0.9071 rm2=0.7456
epoch  963 | mse=0.2033 ci=0.9084 rm2=0.7372
epoch  964 | mse=0.2022 ci=0.9067 rm2=0.7262
epoch  965 | mse=0.2044 ci=0.9049 rm2=0.7457
epoch  966 | mse=0.2030 ci=0.9066 rm2=0.7262
epoch  967 | mse=0.2034 ci=0.9080 rm2=0.7196
epoch  968 | mse=0.2044 ci=0.9068 rm2=0.7223
epoch  969 | mse=0.2021 ci=0.9103 rm2=0.7352
epoch  970 | mse=0.2036 ci=0.9035 rm2=0.7240
epoch  971 | mse=0.2058 ci=0.9089 rm2=0.7347
epoch  972 | mse=0.2039 ci=0.9068 rm2=0.7348
epoch  973 | mse=0.2029 ci=0.9079 rm2=0.7325
epoch  974 | mse=0.2007 ci=0.9100 rm2=0.7242
epoch  975 | mse=0.2071 ci=0.9095 rm2=0.7442
epoch  976 | mse=0.2032 ci=0.9097 rm2=0.7194
epoch  977 | mse=0.2004 ci=0.9091 rm2=0.7245
epoch  978 | mse=0.2040 ci=0.9081 rm2=0.7240
epoch  979 | mse=0.2061 ci=0.9053 rm2=0.7207
epoch  980 | mse=0.2022 ci=0.9080 rm2=0.7251
epoch  981 | mse=0.2028 ci=0.9064 rm2=0.7423
epoch  982 | mse=0.2025 ci=0.9082 rm2=0.7188
epoch  983 | mse=0.2021 ci=0.9065 rm2=0.7214
epoch  984 | mse=0.2038 ci=0.9090 rm2=0.7384
epoch  985 | mse=0.2072 ci=0.9061 rm2=0.7245
epoch  986 | mse=0.2028 ci=0.9062 rm2=0.7382
epoch  987 | mse=0.2095 ci=0.9072 rm2=0.7374
epoch  988 | mse=0.2072 ci=0.9068 rm2=0.7450
epoch  989 | mse=0.2017 ci=0.9074 rm2=0.7375
epoch  990 | mse=0.2044 ci=0.9087 rm2=0.7225
epoch  991 | mse=0.2045 ci=0.9057 rm2=0.7283
epoch  992 | mse=0.2011 ci=0.9092 rm2=0.7505
epoch  993 | mse=0.2047 ci=0.9080 rm2=0.7307
epoch  994 | mse=0.2030 ci=0.9075 rm2=0.7245
epoch  995 | mse=0.2104 ci=0.9034 rm2=0.7287
epoch  996 | mse=0.2036 ci=0.9067 rm2=0.7252
epoch  997 | mse=0.2059 ci=0.9054 rm2=0.7385
epoch  998 | mse=0.2071 ci=0.9037 rm2=0.7307
epoch  999 | mse=0.2014 ci=0.9081 rm2=0.7315
epoch 1000 | mse=0.2027 ci=0.9045 rm2=0.7336
final test | epoch 819 | mse=0.1989 ci=0.9086 rm2=0.7338
[19:32:25] DONE  HAG-DTA GIN
[19:32:25] ========== Davis HAG-DTA seed=3000 COMPLETE ==========
