[00:15:46] ========== Human seed=2000 models=gin ==========
[00:15:46] START HAG-DTA GIN
Diff_DTA_GIN
dataset: Human
Learning rate: 0.0005
Epochs: 1000
Validation interval: 1
Early stop patience: 200

running on Human, seed=2000
Pre-processed data found: /root/autodl-tmp/HAG-DTA-cache/processed/Human_train.pt, loading ...
Pre-processed data found: /root/autodl-tmp/HAG-DTA-cache/processed/Human_val.pt, loading ...
Pre-processed data found: /root/autodl-tmp/HAG-DTA-cache/processed/Human_test.pt, loading ...
/root/HAG-DTA/py38_env/lib/python3.8/site-packages/torch_geometric/deprecation.py:26: UserWarning: 'data.DenseDataLoader' is deprecated, use 'loader.DenseDataLoader' instead
  warnings.warn(out)
Hierarchical pooling: n1=6, n2=3
[FIND BEST!] epoch 1 | val AUROC=0.8981 AUPRC=0.8949 Precision=0.7493 Recall=0.8956|
test AUROC=0.8876 AUPRC=0.8718 Precision=0.6919 Recall=0.8853
[FIND BEST!] epoch 2 | val AUROC=0.9417 AUPRC=0.9529 Precision=0.8066 Recall=0.8990|
test AUROC=0.9278 AUPRC=0.9327 Precision=0.7331 Recall=0.8961
[FIND BEST!] epoch 3 | val AUROC=0.9620 AUPRC=0.9684 Precision=0.9655 Recall=0.8485|
test AUROC=0.9544 AUPRC=0.9555 Precision=0.8922 Recall=0.8602
[FIND BEST!] epoch 4 | val AUROC=0.9741 AUPRC=0.9777 Precision=0.9000 Recall=0.9394|
test AUROC=0.9656 AUPRC=0.9637 Precision=0.8624 Recall=0.9211
[FIND BEST!] epoch 5 | val AUROC=0.9780 AUPRC=0.9792 Precision=0.9422 Recall=0.8788|
test AUROC=0.9691 AUPRC=0.9682 Precision=0.9055 Recall=0.8925
[FIND BEST!] epoch 6 | val AUROC=0.9814 AUPRC=0.9826 Precision=0.9607 Recall=0.9057|
test AUROC=0.9746 AUPRC=0.9719 Precision=0.9265 Recall=0.9032
[FIND BEST!] epoch 7 | val AUROC=0.9835 AUPRC=0.9848 Precision=0.8727 Recall=0.9697|
test AUROC=0.9728 AUPRC=0.9697 Precision=0.8196 Recall=0.9606
epoch 8 | val AUROC=0.9806 AUPRC=0.9826 Precision=0.9264 Recall=0.9327
[FIND BEST!] epoch 9 | val AUROC=0.9853 AUPRC=0.9875 Precision=0.9365 Recall=0.9428|
test AUROC=0.9764 AUPRC=0.9739 Precision=0.9107 Recall=0.9498
epoch 10 | val AUROC=0.9836 AUPRC=0.9862 Precision=0.9638 Recall=0.8956
epoch 11 | val AUROC=0.9836 AUPRC=0.9856 Precision=0.9514 Recall=0.9226
[FIND BEST!] epoch 12 | val AUROC=0.9871 AUPRC=0.9883 Precision=0.9428 Recall=0.9428|
test AUROC=0.9748 AUPRC=0.9730 Precision=0.9031 Recall=0.9355
[FIND BEST!] epoch 13 | val AUROC=0.9872 AUPRC=0.9882 Precision=0.9398 Recall=0.9461|
test AUROC=0.9733 AUPRC=0.9726 Precision=0.9138 Recall=0.9498
epoch 14 | val AUROC=0.9852 AUPRC=0.9871 Precision=0.9228 Recall=0.9663
epoch 15 | val AUROC=0.9869 AUPRC=0.9878 Precision=0.9226 Recall=0.9630
[FIND BEST!] epoch 16 | val AUROC=0.9885 AUPRC=0.9900 Precision=0.9617 Recall=0.9293|
test AUROC=0.9745 AUPRC=0.9725 Precision=0.9414 Recall=0.9211
[FIND BEST!] epoch 17 | val AUROC=0.9890 AUPRC=0.9904 Precision=0.9408 Recall=0.9630|
test AUROC=0.9794 AUPRC=0.9793 Precision=0.9170 Recall=0.9498
epoch 18 | val AUROC=0.9865 AUPRC=0.9881 Precision=0.9314 Recall=0.9596
epoch 19 | val AUROC=0.9881 AUPRC=0.9897 Precision=0.9028 Recall=0.9697
epoch 20 | val AUROC=0.9877 AUPRC=0.9878 Precision=0.9377 Recall=0.9630
epoch 21 | val AUROC=0.9889 AUPRC=0.9899 Precision=0.9752 Recall=0.9259
[FIND BEST!] epoch 22 | val AUROC=0.9895 AUPRC=0.9897 Precision=0.9590 Recall=0.9461|
test AUROC=0.9725 AUPRC=0.9565 Precision=0.9382 Recall=0.9247
epoch 23 | val AUROC=0.9883 AUPRC=0.9887 Precision=0.9369 Recall=0.9495
[FIND BEST!] epoch 24 | val AUROC=0.9895 AUPRC=0.9896 Precision=0.9621 Recall=0.9394|
test AUROC=0.9704 AUPRC=0.9628 Precision=0.9319 Recall=0.9319
epoch 25 | val AUROC=0.9884 AUPRC=0.9892 Precision=0.9375 Recall=0.9596
[FIND BEST!] epoch 26 | val AUROC=0.9901 AUPRC=0.9906 Precision=0.9408 Recall=0.9630|
test AUROC=0.9739 AUPRC=0.9703 Precision=0.8986 Recall=0.9534
[FIND BEST!] epoch 27 | val AUROC=0.9908 AUPRC=0.9908 Precision=0.9470 Recall=0.9630|
test AUROC=0.9724 AUPRC=0.9704 Precision=0.9000 Recall=0.9355
epoch 28 | val AUROC=0.9890 AUPRC=0.9905 Precision=0.9122 Recall=0.9798
epoch 29 | val AUROC=0.9900 AUPRC=0.9912 Precision=0.9495 Recall=0.9495
epoch 30 | val AUROC=0.9900 AUPRC=0.9919 Precision=0.9437 Recall=0.9596
epoch 31 | val AUROC=0.9901 AUPRC=0.9912 Precision=0.9003 Recall=0.9731
epoch 32 | val AUROC=0.9896 AUPRC=0.9904 Precision=0.9408 Recall=0.9630
epoch 33 | val AUROC=0.9877 AUPRC=0.9868 Precision=0.8896 Recall=0.9764
epoch 34 | val AUROC=0.9899 AUPRC=0.9898 Precision=0.9579 Recall=0.9192
epoch 35 | val AUROC=0.9858 AUPRC=0.9862 Precision=0.9454 Recall=0.9327
epoch 36 | val AUROC=0.9905 AUPRC=0.9912 Precision=0.9564 Recall=0.9596
epoch 37 | val AUROC=0.9908 AUPRC=0.9918 Precision=0.9535 Recall=0.9663
epoch 38 | val AUROC=0.9907 AUPRC=0.9915 Precision=0.9655 Recall=0.9428
epoch 39 | val AUROC=0.9864 AUPRC=0.9885 Precision=0.9172 Recall=0.9697
epoch 40 | val AUROC=0.9867 AUPRC=0.9877 Precision=0.9530 Recall=0.9562
epoch 41 | val AUROC=0.9876 AUPRC=0.9887 Precision=0.9652 Recall=0.9327
epoch 42 | val AUROC=0.9865 AUPRC=0.9881 Precision=0.9281 Recall=0.9562
epoch 43 | val AUROC=0.9888 AUPRC=0.9894 Precision=0.9555 Recall=0.9394
epoch 44 | val AUROC=0.9880 AUPRC=0.9887 Precision=0.9465 Recall=0.9529
epoch 45 | val AUROC=0.9874 AUPRC=0.9884 Precision=0.9521 Recall=0.9360
epoch 46 | val AUROC=0.9878 AUPRC=0.9890 Precision=0.9394 Recall=0.9394
epoch 47 | val AUROC=0.9837 AUPRC=0.9859 Precision=0.9354 Recall=0.9259
epoch 48 | val AUROC=0.9857 AUPRC=0.9875 Precision=0.9314 Recall=0.9596
epoch 49 | val AUROC=0.9845 AUPRC=0.9854 Precision=0.9422 Recall=0.9327
epoch 50 | val AUROC=0.9884 AUPRC=0.9896 Precision=0.9408 Recall=0.9630
epoch 51 | val AUROC=0.9887 AUPRC=0.9902 Precision=0.9497 Recall=0.9529
epoch 52 | val AUROC=0.9890 AUPRC=0.9905 Precision=0.9490 Recall=0.9394
epoch 53 | val AUROC=0.9896 AUPRC=0.9902 Precision=0.9811 Recall=0.8721
epoch 54 | val AUROC=0.9878 AUPRC=0.9888 Precision=0.9143 Recall=0.9697
epoch 55 | val AUROC=0.9864 AUPRC=0.9881 Precision=0.9196 Recall=0.9630
epoch 56 | val AUROC=0.9898 AUPRC=0.9904 Precision=0.9684 Recall=0.9293
epoch 57 | val AUROC=0.9870 AUPRC=0.9874 Precision=0.9233 Recall=0.9731
epoch 58 | val AUROC=0.9904 AUPRC=0.9906 Precision=0.9645 Recall=0.9158
[FIND BEST!] epoch 59 | val AUROC=0.9909 AUPRC=0.9908 Precision=0.9493 Recall=0.9461|
test AUROC=0.9721 AUPRC=0.9524 Precision=0.9353 Recall=0.9319
epoch 60 | val AUROC=0.9860 AUPRC=0.9858 Precision=0.8938 Recall=0.9630
epoch 61 | val AUROC=0.9874 AUPRC=0.9874 Precision=0.9394 Recall=0.9394
epoch 62 | val AUROC=0.9866 AUPRC=0.9873 Precision=0.9524 Recall=0.9428
epoch 63 | val AUROC=0.9900 AUPRC=0.9906 Precision=0.9625 Recall=0.9495
epoch 64 | val AUROC=0.9892 AUPRC=0.9893 Precision=0.9497 Recall=0.9529
epoch 65 | val AUROC=0.9892 AUPRC=0.9893 Precision=0.9653 Recall=0.9360
epoch 66 | val AUROC=0.9887 AUPRC=0.9892 Precision=0.9286 Recall=0.9630
epoch 67 | val AUROC=0.9881 AUPRC=0.9891 Precision=0.9771 Recall=0.8620
epoch 68 | val AUROC=0.9895 AUPRC=0.9901 Precision=0.9582 Recall=0.9259
epoch 69 | val AUROC=0.9888 AUPRC=0.9899 Precision=0.9465 Recall=0.9529
epoch 70 | val AUROC=0.9909 AUPRC=0.9916 Precision=0.9535 Recall=0.9663
[FIND BEST!] epoch 71 | val AUROC=0.9918 AUPRC=0.9919 Precision=0.9590 Recall=0.9461|
test AUROC=0.9690 AUPRC=0.9484 Precision=0.9258 Recall=0.9391
epoch 72 | val AUROC=0.9912 AUPRC=0.9910 Precision=0.9525 Recall=0.9461
epoch 73 | val AUROC=0.9896 AUPRC=0.9895 Precision=0.9283 Recall=0.9596
epoch 74 | val AUROC=0.9869 AUPRC=0.9872 Precision=0.9516 Recall=0.9259
epoch 75 | val AUROC=0.9883 AUPRC=0.9886 Precision=0.9589 Recall=0.9428
epoch 76 | val AUROC=0.9870 AUPRC=0.9874 Precision=0.9375 Recall=0.9596
epoch 77 | val AUROC=0.9870 AUPRC=0.9875 Precision=0.9375 Recall=0.9596
epoch 78 | val AUROC=0.9879 AUPRC=0.9893 Precision=0.9559 Recall=0.9495
epoch 79 | val AUROC=0.9891 AUPRC=0.9898 Precision=0.9655 Recall=0.9428
epoch 80 | val AUROC=0.9874 AUPRC=0.9887 Precision=0.9495 Recall=0.9495
epoch 81 | val AUROC=0.9873 AUPRC=0.9885 Precision=0.9346 Recall=0.9630
epoch 82 | val AUROC=0.9883 AUPRC=0.9891 Precision=0.9351 Recall=0.9697
epoch 83 | val AUROC=0.9898 AUPRC=0.9899 Precision=0.9781 Recall=0.9024
epoch 84 | val AUROC=0.9909 AUPRC=0.9911 Precision=0.9375 Recall=0.9596
epoch 85 | val AUROC=0.9901 AUPRC=0.9908 Precision=0.9507 Recall=0.9731
epoch 86 | val AUROC=0.9882 AUPRC=0.9893 Precision=0.9558 Recall=0.9461
epoch 87 | val AUROC=0.9884 AUPRC=0.9893 Precision=0.9582 Recall=0.9259
epoch 88 | val AUROC=0.9890 AUPRC=0.9899 Precision=0.8985 Recall=0.9832
epoch 89 | val AUROC=0.9881 AUPRC=0.9893 Precision=0.9562 Recall=0.9562
epoch 90 | val AUROC=0.9903 AUPRC=0.9910 Precision=0.9753 Recall=0.9293
epoch 91 | val AUROC=0.9881 AUPRC=0.9892 Precision=0.9590 Recall=0.9461
epoch 92 | val AUROC=0.9863 AUPRC=0.9869 Precision=0.9338 Recall=0.9495
epoch 93 | val AUROC=0.9867 AUPRC=0.9870 Precision=0.9458 Recall=0.9394
epoch 94 | val AUROC=0.9863 AUPRC=0.9879 Precision=0.9091 Recall=0.9764
epoch 95 | val AUROC=0.9861 AUPRC=0.9875 Precision=0.9527 Recall=0.9495
epoch 96 | val AUROC=0.9872 AUPRC=0.9868 Precision=0.9396 Recall=0.9428
epoch 97 | val AUROC=0.9858 AUPRC=0.9856 Precision=0.9373 Recall=0.9562
epoch 98 | val AUROC=0.9881 AUPRC=0.9886 Precision=0.9318 Recall=0.9663
epoch 99 | val AUROC=0.9860 AUPRC=0.9871 Precision=0.9344 Recall=0.9596
epoch 100 | val AUROC=0.9857 AUPRC=0.9872 Precision=0.9519 Recall=0.9327
epoch 101 | val AUROC=0.9864 AUPRC=0.9872 Precision=0.9000 Recall=0.9697
epoch 102 | val AUROC=0.9836 AUPRC=0.9826 Precision=0.8834 Recall=0.9697
epoch 103 | val AUROC=0.9873 AUPRC=0.9874 Precision=0.9488 Recall=0.9360
epoch 104 | val AUROC=0.9871 AUPRC=0.9866 Precision=0.9172 Recall=0.9697
epoch 105 | val AUROC=0.9847 AUPRC=0.9848 Precision=0.9253 Recall=0.9596
epoch 106 | val AUROC=0.9861 AUPRC=0.9869 Precision=0.9422 Recall=0.9327
epoch 107 | val AUROC=0.9867 AUPRC=0.9873 Precision=0.9459 Recall=0.9428
epoch 108 | val AUROC=0.9880 AUPRC=0.9884 Precision=0.9497 Recall=0.9529
epoch 109 | val AUROC=0.9877 AUPRC=0.9875 Precision=0.9316 Recall=0.9630
epoch 110 | val AUROC=0.9888 AUPRC=0.9901 Precision=0.9683 Recall=0.9259
epoch 111 | val AUROC=0.9872 AUPRC=0.9881 Precision=0.9373 Recall=0.9562
epoch 112 | val AUROC=0.9867 AUPRC=0.9878 Precision=0.9618 Recall=0.9327
epoch 113 | val AUROC=0.9875 AUPRC=0.9885 Precision=0.9490 Recall=0.9394
epoch 114 | val AUROC=0.9887 AUPRC=0.9895 Precision=0.9655 Recall=0.9428
epoch 115 | val AUROC=0.9874 AUPRC=0.9886 Precision=0.9251 Recall=0.9562
epoch 116 | val AUROC=0.9873 AUPRC=0.9881 Precision=0.9201 Recall=0.9697
epoch 117 | val AUROC=0.9886 AUPRC=0.9896 Precision=0.9650 Recall=0.9293
epoch 118 | val AUROC=0.9883 AUPRC=0.9895 Precision=0.9590 Recall=0.9461
epoch 119 | val AUROC=0.9884 AUPRC=0.9894 Precision=0.9439 Recall=0.9630
epoch 120 | val AUROC=0.9884 AUPRC=0.9893 Precision=0.9338 Recall=0.9495
epoch 121 | val AUROC=0.9887 AUPRC=0.9895 Precision=0.9426 Recall=0.9394
epoch 122 | val AUROC=0.9896 AUPRC=0.9898 Precision=0.9618 Recall=0.9327
epoch 123 | val AUROC=0.9879 AUPRC=0.9869 Precision=0.9456 Recall=0.9360
epoch 124 | val AUROC=0.9893 AUPRC=0.9897 Precision=0.9375 Recall=0.9596
epoch 125 | val AUROC=0.9869 AUPRC=0.9872 Precision=0.9493 Recall=0.9461
epoch 126 | val AUROC=0.9866 AUPRC=0.9877 Precision=0.9465 Recall=0.9529
epoch 127 | val AUROC=0.9869 AUPRC=0.9873 Precision=0.9333 Recall=0.9428
epoch 128 | val AUROC=0.9870 AUPRC=0.9876 Precision=0.9396 Recall=0.9428
epoch 129 | val AUROC=0.9889 AUPRC=0.9892 Precision=0.9379 Recall=0.9663
epoch 130 | val AUROC=0.9890 AUPRC=0.9897 Precision=0.9404 Recall=0.9562
epoch 131 | val AUROC=0.9848 AUPRC=0.9868 Precision=0.9582 Recall=0.9259
epoch 132 | val AUROC=0.9881 AUPRC=0.9901 Precision=0.9400 Recall=0.9495
epoch 133 | val AUROC=0.9872 AUPRC=0.9894 Precision=0.9430 Recall=0.9461
epoch 134 | val AUROC=0.9886 AUPRC=0.9906 Precision=0.9437 Recall=0.9596
epoch 135 | val AUROC=0.9870 AUPRC=0.9877 Precision=0.9433 Recall=0.9529
epoch 136 | val AUROC=0.9849 AUPRC=0.9864 Precision=0.9617 Recall=0.9293
epoch 137 | val AUROC=0.9842 AUPRC=0.9845 Precision=0.9556 Recall=0.9428
epoch 138 | val AUROC=0.9866 AUPRC=0.9862 Precision=0.9468 Recall=0.9596
epoch 139 | val AUROC=0.9885 AUPRC=0.9887 Precision=0.9468 Recall=0.9596
epoch 140 | val AUROC=0.9888 AUPRC=0.9878 Precision=0.9691 Recall=0.9495
epoch 141 | val AUROC=0.9891 AUPRC=0.9893 Precision=0.9658 Recall=0.9495
epoch 142 | val AUROC=0.9858 AUPRC=0.9850 Precision=0.9281 Recall=0.9562
epoch 143 | val AUROC=0.9839 AUPRC=0.9841 Precision=0.9611 Recall=0.9158
epoch 144 | val AUROC=0.9864 AUPRC=0.9866 Precision=0.9461 Recall=0.9461
epoch 145 | val AUROC=0.9864 AUPRC=0.9871 Precision=0.9369 Recall=0.9495
epoch 146 | val AUROC=0.9862 AUPRC=0.9875 Precision=0.9502 Recall=0.9630
epoch 147 | val AUROC=0.9872 AUPRC=0.9882 Precision=0.9589 Recall=0.9428
epoch 148 | val AUROC=0.9864 AUPRC=0.9883 Precision=0.9561 Recall=0.9529
epoch 149 | val AUROC=0.9873 AUPRC=0.9888 Precision=0.9467 Recall=0.9562
epoch 150 | val AUROC=0.9886 AUPRC=0.9897 Precision=0.9623 Recall=0.9461
epoch 151 | val AUROC=0.9871 AUPRC=0.9886 Precision=0.9437 Recall=0.9596
epoch 152 | val AUROC=0.9848 AUPRC=0.9865 Precision=0.9468 Recall=0.9596
epoch 153 | val AUROC=0.9848 AUPRC=0.9878 Precision=0.9718 Recall=0.9293
epoch 154 | val AUROC=0.9834 AUPRC=0.9846 Precision=0.9525 Recall=0.9461
epoch 155 | val AUROC=0.9884 AUPRC=0.9891 Precision=0.9439 Recall=0.9630
epoch 156 | val AUROC=0.9856 AUPRC=0.9871 Precision=0.9593 Recall=0.9529
epoch 157 | val AUROC=0.9863 AUPRC=0.9873 Precision=0.9408 Recall=0.9630
epoch 158 | val AUROC=0.9853 AUPRC=0.9863 Precision=0.9561 Recall=0.9529
epoch 159 | val AUROC=0.9873 AUPRC=0.9889 Precision=0.9437 Recall=0.9596
epoch 160 | val AUROC=0.9889 AUPRC=0.9905 Precision=0.9410 Recall=0.9663
epoch 161 | val AUROC=0.9888 AUPRC=0.9900 Precision=0.9435 Recall=0.9562
epoch 162 | val AUROC=0.9872 AUPRC=0.9887 Precision=0.9290 Recall=0.9697
epoch 163 | val AUROC=0.9849 AUPRC=0.9713 Precision=0.9614 Recall=0.9226
epoch 164 | val AUROC=0.9885 AUPRC=0.9893 Precision=0.9649 Recall=0.9259
epoch 165 | val AUROC=0.9868 AUPRC=0.9877 Precision=0.9431 Recall=0.9495
epoch 166 | val AUROC=0.9866 AUPRC=0.9875 Precision=0.9400 Recall=0.9495
epoch 167 | val AUROC=0.9873 AUPRC=0.9884 Precision=0.9556 Recall=0.9428
epoch 168 | val AUROC=0.9894 AUPRC=0.9908 Precision=0.9146 Recall=0.9731
epoch 169 | val AUROC=0.9898 AUPRC=0.9912 Precision=0.9688 Recall=0.9394
epoch 170 | val AUROC=0.9880 AUPRC=0.9894 Precision=0.9406 Recall=0.9596
epoch 171 | val AUROC=0.9897 AUPRC=0.9909 Precision=0.9654 Recall=0.9394
epoch 172 | val AUROC=0.9877 AUPRC=0.9890 Precision=0.9435 Recall=0.9562
epoch 173 | val AUROC=0.9870 AUPRC=0.9889 Precision=0.9655 Recall=0.9428
epoch 174 | val AUROC=0.9879 AUPRC=0.9893 Precision=0.9521 Recall=0.9360
epoch 175 | val AUROC=0.9871 AUPRC=0.9877 Precision=0.9622 Recall=0.9428
epoch 176 | val AUROC=0.9861 AUPRC=0.9835 Precision=0.9400 Recall=0.9495
epoch 177 | val AUROC=0.9869 AUPRC=0.9848 Precision=0.9582 Recall=0.9259
epoch 178 | val AUROC=0.9872 AUPRC=0.9860 Precision=0.9439 Recall=0.9630
epoch 179 | val AUROC=0.9875 AUPRC=0.9865 Precision=0.9561 Recall=0.9529
epoch 180 | val AUROC=0.9868 AUPRC=0.9836 Precision=0.9433 Recall=0.9529
epoch 181 | val AUROC=0.9882 AUPRC=0.9881 Precision=0.9349 Recall=0.9663
epoch 182 | val AUROC=0.9886 AUPRC=0.9891 Precision=0.9720 Recall=0.9360
epoch 183 | val AUROC=0.9886 AUPRC=0.9888 Precision=0.9559 Recall=0.9495
epoch 184 | val AUROC=0.9867 AUPRC=0.9873 Precision=0.9458 Recall=0.9394
epoch 185 | val AUROC=0.9893 AUPRC=0.9897 Precision=0.9749 Recall=0.9158
epoch 186 | val AUROC=0.9867 AUPRC=0.9866 Precision=0.9490 Recall=0.9394
epoch 187 | val AUROC=0.9896 AUPRC=0.9897 Precision=0.9497 Recall=0.9529
epoch 188 | val AUROC=0.9899 AUPRC=0.9901 Precision=0.9595 Recall=0.9562
epoch 189 | val AUROC=0.9899 AUPRC=0.9897 Precision=0.9621 Recall=0.9394
epoch 190 | val AUROC=0.9892 AUPRC=0.9894 Precision=0.9465 Recall=0.9529
epoch 191 | val AUROC=0.9896 AUPRC=0.9902 Precision=0.9497 Recall=0.9529
epoch 192 | val AUROC=0.9903 AUPRC=0.9904 Precision=0.9689 Recall=0.9428
epoch 193 | val AUROC=0.9895 AUPRC=0.9899 Precision=0.9593 Recall=0.9529
epoch 194 | val AUROC=0.9891 AUPRC=0.9902 Precision=0.9564 Recall=0.9596
epoch 195 | val AUROC=0.9876 AUPRC=0.9886 Precision=0.9529 Recall=0.9529
epoch 196 | val AUROC=0.9886 AUPRC=0.9897 Precision=0.9820 Recall=0.9192
epoch 197 | val AUROC=0.9891 AUPRC=0.9893 Precision=0.9564 Recall=0.9596
epoch 198 | val AUROC=0.9891 AUPRC=0.9898 Precision=0.9680 Recall=0.9158
epoch 199 | val AUROC=0.9888 AUPRC=0.9902 Precision=0.9498 Recall=0.9562
epoch 200 | val AUROC=0.9873 AUPRC=0.9882 Precision=0.9253 Recall=0.9596
epoch 201 | val AUROC=0.9896 AUPRC=0.9899 Precision=0.9521 Recall=0.9360
epoch 202 | val AUROC=0.9890 AUPRC=0.9890 Precision=0.9529 Recall=0.9529
epoch 203 | val AUROC=0.9887 AUPRC=0.9890 Precision=0.9493 Recall=0.9461
epoch 204 | val AUROC=0.9895 AUPRC=0.9899 Precision=0.9410 Recall=0.9663
epoch 205 | val AUROC=0.9889 AUPRC=0.9893 Precision=0.9592 Recall=0.9495
epoch 206 | val AUROC=0.9898 AUPRC=0.9898 Precision=0.9558 Recall=0.9461
epoch 207 | val AUROC=0.9894 AUPRC=0.9880 Precision=0.9690 Recall=0.9461
epoch 208 | val AUROC=0.9878 AUPRC=0.9870 Precision=0.9467 Recall=0.9562
epoch 209 | val AUROC=0.9881 AUPRC=0.9873 Precision=0.9286 Recall=0.9630
epoch 210 | val AUROC=0.9888 AUPRC=0.9885 Precision=0.9437 Recall=0.9596
epoch 211 | val AUROC=0.9881 AUPRC=0.9873 Precision=0.9498 Recall=0.9562
epoch 212 | val AUROC=0.9880 AUPRC=0.9879 Precision=0.9463 Recall=0.9495
epoch 213 | val AUROC=0.9891 AUPRC=0.9896 Precision=0.9316 Recall=0.9630
epoch 214 | val AUROC=0.9887 AUPRC=0.9893 Precision=0.9351 Recall=0.9697
epoch 215 | val AUROC=0.9869 AUPRC=0.9874 Precision=0.9585 Recall=0.9327
epoch 216 | val AUROC=0.9883 AUPRC=0.9890 Precision=0.9660 Recall=0.9562
epoch 217 | val AUROC=0.9882 AUPRC=0.9883 Precision=0.9564 Recall=0.9596
epoch 218 | val AUROC=0.9889 AUPRC=0.9890 Precision=0.9535 Recall=0.9663
epoch 219 | val AUROC=0.9890 AUPRC=0.9885 Precision=0.9465 Recall=0.9529
epoch 220 | val AUROC=0.9856 AUPRC=0.9855 Precision=0.9175 Recall=0.9731
epoch 221 | val AUROC=0.9881 AUPRC=0.9880 Precision=0.9686 Recall=0.9360
epoch 222 | val AUROC=0.9887 AUPRC=0.9890 Precision=0.9437 Recall=0.9596
epoch 223 | val AUROC=0.9882 AUPRC=0.9882 Precision=0.9410 Recall=0.9663
epoch 224 | val AUROC=0.9883 AUPRC=0.9886 Precision=0.9379 Recall=0.9663
epoch 225 | val AUROC=0.9909 AUPRC=0.9907 Precision=0.9318 Recall=0.9663
epoch 226 | val AUROC=0.9904 AUPRC=0.9911 Precision=0.9595 Recall=0.9562
epoch 227 | val AUROC=0.9912 AUPRC=0.9914 Precision=0.9314 Recall=0.9596
epoch 228 | val AUROC=0.9909 AUPRC=0.9915 Precision=0.9498 Recall=0.9562
epoch 229 | val AUROC=0.9917 AUPRC=0.9926 Precision=0.9628 Recall=0.9596
epoch 230 | val AUROC=0.9900 AUPRC=0.9909 Precision=0.9435 Recall=0.9562
epoch 231 | val AUROC=0.9901 AUPRC=0.9907 Precision=0.9435 Recall=0.9562
epoch 232 | val AUROC=0.9895 AUPRC=0.9895 Precision=0.9351 Recall=0.9697
[FIND BEST!] epoch 233 | val AUROC=0.9920 AUPRC=0.9920 Precision=0.9349 Recall=0.9663|
test AUROC=0.9759 AUPRC=0.9744 Precision=0.9204 Recall=0.9534
epoch 234 | val AUROC=0.9891 AUPRC=0.9883 Precision=0.9311 Recall=0.9562
epoch 235 | val AUROC=0.9887 AUPRC=0.9884 Precision=0.9463 Recall=0.9495
epoch 236 | val AUROC=0.9878 AUPRC=0.9895 Precision=0.9470 Recall=0.9630
epoch 237 | val AUROC=0.9889 AUPRC=0.9912 Precision=0.9467 Recall=0.9562
epoch 238 | val AUROC=0.9880 AUPRC=0.9892 Precision=0.9283 Recall=0.9596
epoch 239 | val AUROC=0.9915 AUPRC=0.9913 Precision=0.9410 Recall=0.9663
epoch 240 | val AUROC=0.9902 AUPRC=0.9902 Precision=0.9565 Recall=0.9630
epoch 241 | val AUROC=0.9900 AUPRC=0.9893 Precision=0.9209 Recall=0.9798
epoch 242 | val AUROC=0.9882 AUPRC=0.9846 Precision=0.9437 Recall=0.9596
epoch 243 | val AUROC=0.9898 AUPRC=0.9826 Precision=0.9649 Recall=0.9259
epoch 244 | val AUROC=0.9886 AUPRC=0.9848 Precision=0.9349 Recall=0.9663
epoch 245 | val AUROC=0.9888 AUPRC=0.9841 Precision=0.9500 Recall=0.9596
epoch 246 | val AUROC=0.9889 AUPRC=0.9872 Precision=0.9463 Recall=0.9495
epoch 247 | val AUROC=0.9878 AUPRC=0.9859 Precision=0.9288 Recall=0.9663
epoch 248 | val AUROC=0.9875 AUPRC=0.9870 Precision=0.9346 Recall=0.9630
epoch 249 | val AUROC=0.9869 AUPRC=0.9838 Precision=0.9461 Recall=0.9461
epoch 250 | val AUROC=0.9880 AUPRC=0.9868 Precision=0.9522 Recall=0.9394
epoch 251 | val AUROC=0.9841 AUPRC=0.9820 Precision=0.9579 Recall=0.9192
epoch 252 | val AUROC=0.9873 AUPRC=0.9866 Precision=0.9048 Recall=0.9596
epoch 253 | val AUROC=0.9874 AUPRC=0.9862 Precision=0.9582 Recall=0.9259
epoch 254 | val AUROC=0.9882 AUPRC=0.9889 Precision=0.9398 Recall=0.9461
epoch 255 | val AUROC=0.9883 AUPRC=0.9878 Precision=0.9430 Recall=0.9461
epoch 256 | val AUROC=0.9901 AUPRC=0.9896 Precision=0.9498 Recall=0.9562
epoch 257 | val AUROC=0.9883 AUPRC=0.9880 Precision=0.9258 Recall=0.9663
epoch 258 | val AUROC=0.9883 AUPRC=0.9858 Precision=0.9309 Recall=0.9529
epoch 259 | val AUROC=0.9910 AUPRC=0.9900 Precision=0.9416 Recall=0.9764
epoch 260 | val AUROC=0.9895 AUPRC=0.9887 Precision=0.9433 Recall=0.9529
epoch 261 | val AUROC=0.9896 AUPRC=0.9897 Precision=0.9589 Recall=0.9428
epoch 262 | val AUROC=0.9900 AUPRC=0.9899 Precision=0.9307 Recall=0.9495
epoch 263 | val AUROC=0.9892 AUPRC=0.9891 Precision=0.9404 Recall=0.9562
epoch 264 | val AUROC=0.9894 AUPRC=0.9880 Precision=0.9433 Recall=0.9529
epoch 265 | val AUROC=0.9895 AUPRC=0.9883 Precision=0.9454 Recall=0.9327
epoch 266 | val AUROC=0.9893 AUPRC=0.9887 Precision=0.9493 Recall=0.9461
epoch 267 | val AUROC=0.9896 AUPRC=0.9891 Precision=0.9458 Recall=0.9394
epoch 268 | val AUROC=0.9893 AUPRC=0.9888 Precision=0.9340 Recall=0.9529
epoch 269 | val AUROC=0.9892 AUPRC=0.9886 Precision=0.9402 Recall=0.9529
epoch 270 | val AUROC=0.9896 AUPRC=0.9890 Precision=0.9430 Recall=0.9461
epoch 271 | val AUROC=0.9888 AUPRC=0.9887 Precision=0.9461 Recall=0.9461
epoch 272 | val AUROC=0.9888 AUPRC=0.9880 Precision=0.9406 Recall=0.9596
epoch 273 | val AUROC=0.9892 AUPRC=0.9886 Precision=0.9406 Recall=0.9596
epoch 274 | val AUROC=0.9885 AUPRC=0.9884 Precision=0.9191 Recall=0.9562
epoch 275 | val AUROC=0.9889 AUPRC=0.9882 Precision=0.9314 Recall=0.9596
epoch 276 | val AUROC=0.9885 AUPRC=0.9882 Precision=0.9279 Recall=0.9529
epoch 277 | val AUROC=0.9871 AUPRC=0.9871 Precision=0.9580 Recall=0.9226
epoch 278 | val AUROC=0.9871 AUPRC=0.9876 Precision=0.9286 Recall=0.9630
epoch 279 | val AUROC=0.9890 AUPRC=0.9901 Precision=0.9655 Recall=0.9428
epoch 280 | val AUROC=0.9887 AUPRC=0.9895 Precision=0.9402 Recall=0.9529
epoch 281 | val AUROC=0.9872 AUPRC=0.9880 Precision=0.9231 Recall=0.9697
epoch 282 | val AUROC=0.9913 AUPRC=0.9918 Precision=0.9493 Recall=0.9461
epoch 283 | val AUROC=0.9903 AUPRC=0.9907 Precision=0.9424 Recall=0.9360
epoch 284 | val AUROC=0.9886 AUPRC=0.9877 Precision=0.9582 Recall=0.9259
epoch 285 | val AUROC=0.9883 AUPRC=0.9872 Precision=0.9371 Recall=0.9529
epoch 286 | val AUROC=0.9865 AUPRC=0.9853 Precision=0.9369 Recall=0.9495
epoch 287 | val AUROC=0.9867 AUPRC=0.9870 Precision=0.9650 Recall=0.9293
epoch 288 | val AUROC=0.9873 AUPRC=0.9881 Precision=0.9428 Recall=0.9428
epoch 289 | val AUROC=0.9873 AUPRC=0.9876 Precision=0.9493 Recall=0.9461
epoch 290 | val AUROC=0.9867 AUPRC=0.9872 Precision=0.9305 Recall=0.9461
epoch 291 | val AUROC=0.9857 AUPRC=0.9865 Precision=0.9428 Recall=0.9428
epoch 292 | val AUROC=0.9869 AUPRC=0.9881 Precision=0.9430 Recall=0.9461
epoch 293 | val AUROC=0.9893 AUPRC=0.9904 Precision=0.9456 Recall=0.9360
epoch 294 | val AUROC=0.9875 AUPRC=0.9884 Precision=0.9458 Recall=0.9394
epoch 295 | val AUROC=0.9872 AUPRC=0.9880 Precision=0.9433 Recall=0.9529
epoch 296 | val AUROC=0.9876 AUPRC=0.9884 Precision=0.9288 Recall=0.9663
epoch 297 | val AUROC=0.9879 AUPRC=0.9876 Precision=0.9490 Recall=0.9394
epoch 298 | val AUROC=0.9888 AUPRC=0.9891 Precision=0.9467 Recall=0.9562
epoch 299 | val AUROC=0.9883 AUPRC=0.9880 Precision=0.9490 Recall=0.9394
epoch 300 | val AUROC=0.9902 AUPRC=0.9899 Precision=0.9373 Recall=0.9562
epoch 301 | val AUROC=0.9897 AUPRC=0.9894 Precision=0.9465 Recall=0.9529
epoch 302 | val AUROC=0.9902 AUPRC=0.9894 Precision=0.9553 Recall=0.9360
epoch 303 | val AUROC=0.9891 AUPRC=0.9889 Precision=0.9527 Recall=0.9495
epoch 304 | val AUROC=0.9822 AUPRC=0.9801 Precision=0.9500 Recall=0.8956
epoch 305 | val AUROC=0.9839 AUPRC=0.9843 Precision=0.9076 Recall=0.9596
epoch 306 | val AUROC=0.9816 AUPRC=0.9824 Precision=0.9493 Recall=0.9461
epoch 307 | val AUROC=0.9876 AUPRC=0.9881 Precision=0.9194 Recall=0.9596
epoch 308 | val AUROC=0.9882 AUPRC=0.9878 Precision=0.9340 Recall=0.9529
epoch 309 | val AUROC=0.9873 AUPRC=0.9868 Precision=0.9556 Recall=0.9428
epoch 310 | val AUROC=0.9878 AUPRC=0.9874 Precision=0.9433 Recall=0.9529
epoch 311 | val AUROC=0.9902 AUPRC=0.9899 Precision=0.9495 Recall=0.9495
epoch 312 | val AUROC=0.9900 AUPRC=0.9898 Precision=0.9373 Recall=0.9562
epoch 313 | val AUROC=0.9896 AUPRC=0.9899 Precision=0.9782 Recall=0.9057
epoch 314 | val AUROC=0.9899 AUPRC=0.9902 Precision=0.9468 Recall=0.9596
epoch 315 | val AUROC=0.9889 AUPRC=0.9894 Precision=0.9495 Recall=0.9495
epoch 316 | val AUROC=0.9897 AUPRC=0.9895 Precision=0.9497 Recall=0.9529
epoch 317 | val AUROC=0.9894 AUPRC=0.9897 Precision=0.9431 Recall=0.9495
epoch 318 | val AUROC=0.9892 AUPRC=0.9894 Precision=0.9559 Recall=0.9495
epoch 319 | val AUROC=0.9887 AUPRC=0.9890 Precision=0.9682 Recall=0.9226
epoch 320 | val AUROC=0.9892 AUPRC=0.9890 Precision=0.9590 Recall=0.9461
epoch 321 | val AUROC=0.9892 AUPRC=0.9888 Precision=0.9527 Recall=0.9495
epoch 322 | val AUROC=0.9897 AUPRC=0.9894 Precision=0.9592 Recall=0.9495
epoch 323 | val AUROC=0.9894 AUPRC=0.9891 Precision=0.9431 Recall=0.9495
epoch 324 | val AUROC=0.9879 AUPRC=0.9883 Precision=0.9615 Recall=0.9259
epoch 325 | val AUROC=0.9865 AUPRC=0.9874 Precision=0.9558 Recall=0.9461
epoch 326 | val AUROC=0.9898 AUPRC=0.9903 Precision=0.9408 Recall=0.9630
epoch 327 | val AUROC=0.9880 AUPRC=0.9893 Precision=0.9525 Recall=0.9461
epoch 328 | val AUROC=0.9876 AUPRC=0.9879 Precision=0.9490 Recall=0.9394
epoch 329 | val AUROC=0.9900 AUPRC=0.9903 Precision=0.9590 Recall=0.9461
epoch 330 | val AUROC=0.9881 AUPRC=0.9877 Precision=0.9467 Recall=0.9562
epoch 331 | val AUROC=0.9895 AUPRC=0.9896 Precision=0.9660 Recall=0.9562
epoch 332 | val AUROC=0.9894 AUPRC=0.9904 Precision=0.9789 Recall=0.9360
epoch 333 | val AUROC=0.9896 AUPRC=0.9893 Precision=0.9439 Recall=0.9630
epoch 334 | val AUROC=0.9859 AUPRC=0.9862 Precision=0.9461 Recall=0.9461
epoch 335 | val AUROC=0.9884 AUPRC=0.9885 Precision=0.9655 Recall=0.9428
epoch 336 | val AUROC=0.9857 AUPRC=0.9863 Precision=0.9559 Recall=0.9495
epoch 337 | val AUROC=0.9880 AUPRC=0.9894 Precision=0.9589 Recall=0.9428
epoch 338 | val AUROC=0.9898 AUPRC=0.9902 Precision=0.9437 Recall=0.9596
epoch 339 | val AUROC=0.9904 AUPRC=0.9916 Precision=0.9564 Recall=0.9596
epoch 340 | val AUROC=0.9900 AUPRC=0.9912 Precision=0.9652 Recall=0.9327
epoch 341 | val AUROC=0.9908 AUPRC=0.9919 Precision=0.9439 Recall=0.9630
epoch 342 | val AUROC=0.9902 AUPRC=0.9915 Precision=0.9789 Recall=0.9394
epoch 343 | val AUROC=0.9913 AUPRC=0.9921 Precision=0.9375 Recall=0.9596
epoch 344 | val AUROC=0.9910 AUPRC=0.9913 Precision=0.9626 Recall=0.9529
epoch 345 | val AUROC=0.9894 AUPRC=0.9905 Precision=0.9622 Recall=0.9428
epoch 346 | val AUROC=0.9881 AUPRC=0.9888 Precision=0.9375 Recall=0.9596
epoch 347 | val AUROC=0.9888 AUPRC=0.9902 Precision=0.9626 Recall=0.9529
epoch 348 | val AUROC=0.9879 AUPRC=0.9892 Precision=0.9564 Recall=0.9596
epoch 349 | val AUROC=0.9887 AUPRC=0.9900 Precision=0.9653 Recall=0.9360
epoch 350 | val AUROC=0.9899 AUPRC=0.9911 Precision=0.9379 Recall=0.9663
epoch 351 | val AUROC=0.9886 AUPRC=0.9898 Precision=0.9461 Recall=0.9461
epoch 352 | val AUROC=0.9861 AUPRC=0.9874 Precision=0.9309 Recall=0.9529
epoch 353 | val AUROC=0.9869 AUPRC=0.9883 Precision=0.9490 Recall=0.9394
epoch 354 | val AUROC=0.9896 AUPRC=0.9906 Precision=0.9500 Recall=0.9596
epoch 355 | val AUROC=0.9872 AUPRC=0.9876 Precision=0.9592 Recall=0.9495
epoch 356 | val AUROC=0.9879 AUPRC=0.9885 Precision=0.9288 Recall=0.9663
epoch 357 | val AUROC=0.9884 AUPRC=0.9897 Precision=0.9690 Recall=0.9461
epoch 358 | val AUROC=0.9891 AUPRC=0.9907 Precision=0.9627 Recall=0.9562
epoch 359 | val AUROC=0.9885 AUPRC=0.9903 Precision=0.9660 Recall=0.9562
epoch 360 | val AUROC=0.9884 AUPRC=0.9898 Precision=0.9658 Recall=0.9495
epoch 361 | val AUROC=0.9893 AUPRC=0.9907 Precision=0.9535 Recall=0.9663
epoch 362 | val AUROC=0.9894 AUPRC=0.9908 Precision=0.9659 Recall=0.9529
epoch 363 | val AUROC=0.9893 AUPRC=0.9904 Precision=0.9595 Recall=0.9562
epoch 364 | val AUROC=0.9879 AUPRC=0.9895 Precision=0.9412 Recall=0.9697
epoch 365 | val AUROC=0.9873 AUPRC=0.9890 Precision=0.9439 Recall=0.9630
epoch 366 | val AUROC=0.9880 AUPRC=0.9889 Precision=0.9439 Recall=0.9630
epoch 367 | val AUROC=0.9878 AUPRC=0.9887 Precision=0.9498 Recall=0.9562
epoch 368 | val AUROC=0.9853 AUPRC=0.9866 Precision=0.9433 Recall=0.9529
epoch 369 | val AUROC=0.9878 AUPRC=0.9891 Precision=0.9521 Recall=0.9360
epoch 370 | val AUROC=0.9884 AUPRC=0.9899 Precision=0.9527 Recall=0.9495
epoch 371 | val AUROC=0.9886 AUPRC=0.9901 Precision=0.9498 Recall=0.9562
epoch 372 | val AUROC=0.9882 AUPRC=0.9898 Precision=0.9653 Recall=0.9360
epoch 373 | val AUROC=0.9889 AUPRC=0.9902 Precision=0.9463 Recall=0.9495
epoch 374 | val AUROC=0.9879 AUPRC=0.9891 Precision=0.9461 Recall=0.9461
epoch 375 | val AUROC=0.9877 AUPRC=0.9893 Precision=0.9497 Recall=0.9529
epoch 376 | val AUROC=0.9879 AUPRC=0.9898 Precision=0.9349 Recall=0.9663
epoch 377 | val AUROC=0.9855 AUPRC=0.9815 Precision=0.9529 Recall=0.9529
epoch 378 | val AUROC=0.9861 AUPRC=0.9812 Precision=0.9583 Recall=0.9293
epoch 379 | val AUROC=0.9885 AUPRC=0.9900 Precision=0.9589 Recall=0.9428
epoch 380 | val AUROC=0.9839 AUPRC=0.9850 Precision=0.9488 Recall=0.9360
epoch 381 | val AUROC=0.9881 AUPRC=0.9891 Precision=0.9461 Recall=0.9461
epoch 382 | val AUROC=0.9885 AUPRC=0.9900 Precision=0.9406 Recall=0.9596
epoch 383 | val AUROC=0.9878 AUPRC=0.9893 Precision=0.9468 Recall=0.9596
epoch 384 | val AUROC=0.9889 AUPRC=0.9894 Precision=0.9467 Recall=0.9562
epoch 385 | val AUROC=0.9896 AUPRC=0.9902 Precision=0.9461 Recall=0.9461
epoch 386 | val AUROC=0.9898 AUPRC=0.9903 Precision=0.9655 Recall=0.9428
epoch 387 | val AUROC=0.9903 AUPRC=0.9909 Precision=0.9461 Recall=0.9461
epoch 388 | val AUROC=0.9888 AUPRC=0.9901 Precision=0.9655 Recall=0.9428
epoch 389 | val AUROC=0.9902 AUPRC=0.9914 Precision=0.9527 Recall=0.9495
epoch 390 | val AUROC=0.9880 AUPRC=0.9895 Precision=0.9465 Recall=0.9529
epoch 391 | val AUROC=0.9872 AUPRC=0.9893 Precision=0.9550 Recall=0.9293
epoch 392 | val AUROC=0.9861 AUPRC=0.9879 Precision=0.9433 Recall=0.9529
epoch 393 | val AUROC=0.9879 AUPRC=0.9897 Precision=0.9621 Recall=0.9394
epoch 394 | val AUROC=0.9868 AUPRC=0.9879 Precision=0.9593 Recall=0.9529
epoch 395 | val AUROC=0.9875 AUPRC=0.9886 Precision=0.9593 Recall=0.9529
epoch 396 | val AUROC=0.9897 AUPRC=0.9908 Precision=0.9535 Recall=0.9663
epoch 397 | val AUROC=0.9903 AUPRC=0.9912 Precision=0.9500 Recall=0.9596
epoch 398 | val AUROC=0.9913 AUPRC=0.9922 Precision=0.9527 Recall=0.9495
epoch 399 | val AUROC=0.9909 AUPRC=0.9917 Precision=0.9659 Recall=0.9529
epoch 400 | val AUROC=0.9887 AUPRC=0.9894 Precision=0.9492 Recall=0.9428
epoch 401 | val AUROC=0.9883 AUPRC=0.9892 Precision=0.9465 Recall=0.9529
epoch 402 | val AUROC=0.9883 AUPRC=0.9899 Precision=0.9529 Recall=0.9529
epoch 403 | val AUROC=0.9895 AUPRC=0.9902 Precision=0.9592 Recall=0.9495
epoch 404 | val AUROC=0.9890 AUPRC=0.9900 Precision=0.9351 Recall=0.9697
epoch 405 | val AUROC=0.9903 AUPRC=0.9906 Precision=0.9719 Recall=0.9327
epoch 406 | val AUROC=0.9883 AUPRC=0.9887 Precision=0.9690 Recall=0.9461
epoch 407 | val AUROC=0.9904 AUPRC=0.9906 Precision=0.9529 Recall=0.9529
epoch 408 | val AUROC=0.9900 AUPRC=0.9901 Precision=0.9559 Recall=0.9495
epoch 409 | val AUROC=0.9918 AUPRC=0.9920 Precision=0.9690 Recall=0.9461
epoch 410 | val AUROC=0.9911 AUPRC=0.9913 Precision=0.9595 Recall=0.9562
[FIND BEST!] epoch 411 | val AUROC=0.9921 AUPRC=0.9924 Precision=0.9623 Recall=0.9461|
test AUROC=0.9797 AUPRC=0.9788 Precision=0.9353 Recall=0.9319
epoch 412 | val AUROC=0.9910 AUPRC=0.9913 Precision=0.9559 Recall=0.9495
epoch 413 | val AUROC=0.9910 AUPRC=0.9914 Precision=0.9404 Recall=0.9562
epoch 414 | val AUROC=0.9891 AUPRC=0.9898 Precision=0.9716 Recall=0.9226
epoch 415 | val AUROC=0.9900 AUPRC=0.9907 Precision=0.9558 Recall=0.9461
epoch 416 | val AUROC=0.9905 AUPRC=0.9913 Precision=0.9474 Recall=0.9697
epoch 417 | val AUROC=0.9888 AUPRC=0.9900 Precision=0.9625 Recall=0.9495
epoch 418 | val AUROC=0.9893 AUPRC=0.9910 Precision=0.9532 Recall=0.9596
epoch 419 | val AUROC=0.9892 AUPRC=0.9902 Precision=0.9564 Recall=0.9596
epoch 420 | val AUROC=0.9909 AUPRC=0.9913 Precision=0.9595 Recall=0.9562
epoch 421 | val AUROC=0.9911 AUPRC=0.9910 Precision=0.9723 Recall=0.9461
epoch 422 | val AUROC=0.9894 AUPRC=0.9894 Precision=0.9565 Recall=0.9630
epoch 423 | val AUROC=0.9874 AUPRC=0.9872 Precision=0.9529 Recall=0.9529
epoch 424 | val AUROC=0.9873 AUPRC=0.9882 Precision=0.9472 Recall=0.9663
epoch 425 | val AUROC=0.9893 AUPRC=0.9899 Precision=0.9502 Recall=0.9630
epoch 426 | val AUROC=0.9902 AUPRC=0.9908 Precision=0.9564 Recall=0.9596
epoch 427 | val AUROC=0.9896 AUPRC=0.9908 Precision=0.9562 Recall=0.9562
epoch 428 | val AUROC=0.9893 AUPRC=0.9908 Precision=0.9295 Recall=0.9764
epoch 429 | val AUROC=0.9882 AUPRC=0.9903 Precision=0.9725 Recall=0.9529
epoch 430 | val AUROC=0.9904 AUPRC=0.9919 Precision=0.9314 Recall=0.9596
epoch 431 | val AUROC=0.9866 AUPRC=0.9886 Precision=0.9465 Recall=0.9529
epoch 432 | val AUROC=0.9900 AUPRC=0.9913 Precision=0.9590 Recall=0.9461
epoch 433 | val AUROC=0.9901 AUPRC=0.9902 Precision=0.9693 Recall=0.9562
epoch 434 | val AUROC=0.9874 AUPRC=0.9863 Precision=0.9503 Recall=0.9663
epoch 435 | val AUROC=0.9877 AUPRC=0.9870 Precision=0.9757 Recall=0.9461
epoch 436 | val AUROC=0.9881 AUPRC=0.9878 Precision=0.9567 Recall=0.9663
epoch 437 | val AUROC=0.9876 AUPRC=0.9880 Precision=0.9724 Recall=0.9495
epoch 438 | val AUROC=0.9866 AUPRC=0.9872 Precision=0.9439 Recall=0.9630
epoch 439 | val AUROC=0.9892 AUPRC=0.9896 Precision=0.9500 Recall=0.9596
epoch 440 | val AUROC=0.9908 AUPRC=0.9905 Precision=0.9692 Recall=0.9529
epoch 441 | val AUROC=0.9901 AUPRC=0.9899 Precision=0.9694 Recall=0.9596
epoch 442 | val AUROC=0.9878 AUPRC=0.9884 Precision=0.9720 Recall=0.9360
epoch 443 | val AUROC=0.9875 AUPRC=0.9892 Precision=0.9204 Recall=0.9731
epoch 444 | val AUROC=0.9907 AUPRC=0.9916 Precision=0.9468 Recall=0.9596
epoch 445 | val AUROC=0.9890 AUPRC=0.9900 Precision=0.9595 Recall=0.9562
epoch 446 | val AUROC=0.9880 AUPRC=0.9891 Precision=0.9630 Recall=0.9630
epoch 447 | val AUROC=0.9874 AUPRC=0.9890 Precision=0.9691 Recall=0.9495
epoch 448 | val AUROC=0.9872 AUPRC=0.9890 Precision=0.9689 Recall=0.9428
epoch 449 | val AUROC=0.9860 AUPRC=0.9881 Precision=0.9497 Recall=0.9529
epoch 450 | val AUROC=0.9868 AUPRC=0.9878 Precision=0.9613 Recall=0.9192
epoch 451 | val AUROC=0.9880 AUPRC=0.9890 Precision=0.9524 Recall=0.9428
epoch 452 | val AUROC=0.9878 AUPRC=0.9893 Precision=0.9615 Recall=0.9259
epoch 453 | val AUROC=0.9879 AUPRC=0.9893 Precision=0.9586 Recall=0.9360
epoch 454 | val AUROC=0.9885 AUPRC=0.9898 Precision=0.9529 Recall=0.9529
epoch 455 | val AUROC=0.9890 AUPRC=0.9901 Precision=0.9497 Recall=0.9529
epoch 456 | val AUROC=0.9879 AUPRC=0.9890 Precision=0.9461 Recall=0.9461
epoch 457 | val AUROC=0.9881 AUPRC=0.9887 Precision=0.9461 Recall=0.9461
epoch 458 | val AUROC=0.9877 AUPRC=0.9886 Precision=0.9430 Recall=0.9461
epoch 459 | val AUROC=0.9879 AUPRC=0.9886 Precision=0.9589 Recall=0.9428
epoch 460 | val AUROC=0.9876 AUPRC=0.9886 Precision=0.9316 Recall=0.9630
epoch 461 | val AUROC=0.9882 AUPRC=0.9887 Precision=0.9524 Recall=0.9428
epoch 462 | val AUROC=0.9890 AUPRC=0.9903 Precision=0.9555 Recall=0.9394
epoch 463 | val AUROC=0.9885 AUPRC=0.9898 Precision=0.9555 Recall=0.9394
epoch 464 | val AUROC=0.9888 AUPRC=0.9898 Precision=0.9400 Recall=0.9495
epoch 465 | val AUROC=0.9898 AUPRC=0.9909 Precision=0.9689 Recall=0.9428
epoch 466 | val AUROC=0.9894 AUPRC=0.9904 Precision=0.9688 Recall=0.9394
epoch 467 | val AUROC=0.9901 AUPRC=0.9912 Precision=0.9371 Recall=0.9529
epoch 468 | val AUROC=0.9894 AUPRC=0.9906 Precision=0.9685 Recall=0.9327
epoch 469 | val AUROC=0.9881 AUPRC=0.9898 Precision=0.9654 Recall=0.9394
epoch 470 | val AUROC=0.9861 AUPRC=0.9887 Precision=0.9556 Recall=0.9428
epoch 471 | val AUROC=0.9903 AUPRC=0.9915 Precision=0.9690 Recall=0.9461
epoch 472 | val AUROC=0.9887 AUPRC=0.9905 Precision=0.9623 Recall=0.9461
epoch 473 | val AUROC=0.9887 AUPRC=0.9905 Precision=0.9346 Recall=0.9630
epoch 474 | val AUROC=0.9845 AUPRC=0.9858 Precision=0.9585 Recall=0.9327
epoch 475 | val AUROC=0.9889 AUPRC=0.9901 Precision=0.9524 Recall=0.9428
epoch 476 | val AUROC=0.9880 AUPRC=0.9898 Precision=0.9283 Recall=0.9596
epoch 477 | val AUROC=0.9872 AUPRC=0.9891 Precision=0.9649 Recall=0.9259
epoch 478 | val AUROC=0.9883 AUPRC=0.9893 Precision=0.9588 Recall=0.9394
epoch 479 | val AUROC=0.9885 AUPRC=0.9900 Precision=0.9529 Recall=0.9529
epoch 480 | val AUROC=0.9912 AUPRC=0.9918 Precision=0.9622 Recall=0.9428
epoch 481 | val AUROC=0.9914 AUPRC=0.9919 Precision=0.9527 Recall=0.9495
epoch 482 | val AUROC=0.9905 AUPRC=0.9911 Precision=0.9590 Recall=0.9461
epoch 483 | val AUROC=0.9902 AUPRC=0.9907 Precision=0.9650 Recall=0.9293
epoch 484 | val AUROC=0.9891 AUPRC=0.9897 Precision=0.9592 Recall=0.9495
epoch 485 | val AUROC=0.9895 AUPRC=0.9903 Precision=0.9527 Recall=0.9495
epoch 486 | val AUROC=0.9877 AUPRC=0.9890 Precision=0.9654 Recall=0.9394
epoch 487 | val AUROC=0.9870 AUPRC=0.9883 Precision=0.9161 Recall=0.9562
epoch 488 | val AUROC=0.9879 AUPRC=0.9891 Precision=0.9654 Recall=0.9394
epoch 489 | val AUROC=0.9882 AUPRC=0.9895 Precision=0.9530 Recall=0.9562
epoch 490 | val AUROC=0.9887 AUPRC=0.9904 Precision=0.9688 Recall=0.9394
epoch 491 | val AUROC=0.9902 AUPRC=0.9913 Precision=0.9320 Recall=0.9697
epoch 492 | val AUROC=0.9907 AUPRC=0.9917 Precision=0.9593 Recall=0.9529
epoch 493 | val AUROC=0.9901 AUPRC=0.9905 Precision=0.9688 Recall=0.9394
epoch 494 | val AUROC=0.9866 AUPRC=0.9869 Precision=0.9622 Recall=0.9428
epoch 495 | val AUROC=0.9878 AUPRC=0.9886 Precision=0.9533 Recall=0.9630
epoch 496 | val AUROC=0.9886 AUPRC=0.9896 Precision=0.9724 Recall=0.9495
epoch 497 | val AUROC=0.9891 AUPRC=0.9897 Precision=0.9500 Recall=0.9596
epoch 498 | val AUROC=0.9885 AUPRC=0.9885 Precision=0.9561 Recall=0.9529
epoch 499 | val AUROC=0.9873 AUPRC=0.9879 Precision=0.9558 Recall=0.9461
epoch 500 | val AUROC=0.9860 AUPRC=0.9869 Precision=0.9530 Recall=0.9562
epoch 501 | val AUROC=0.9889 AUPRC=0.9896 Precision=0.9470 Recall=0.9630
epoch 502 | val AUROC=0.9883 AUPRC=0.9893 Precision=0.9316 Recall=0.9630
epoch 503 | val AUROC=0.9876 AUPRC=0.9884 Precision=0.9377 Recall=0.9630
epoch 504 | val AUROC=0.9875 AUPRC=0.9886 Precision=0.9498 Recall=0.9562
epoch 505 | val AUROC=0.9878 AUPRC=0.9891 Precision=0.9468 Recall=0.9596
epoch 506 | val AUROC=0.9880 AUPRC=0.9891 Precision=0.9558 Recall=0.9461
epoch 507 | val AUROC=0.9862 AUPRC=0.9864 Precision=0.9465 Recall=0.9529
epoch 508 | val AUROC=0.9892 AUPRC=0.9896 Precision=0.9375 Recall=0.9596
epoch 509 | val AUROC=0.9879 AUPRC=0.9881 Precision=0.9619 Recall=0.9360
epoch 510 | val AUROC=0.9882 AUPRC=0.9889 Precision=0.9529 Recall=0.9529
epoch 511 | val AUROC=0.9892 AUPRC=0.9897 Precision=0.9655 Recall=0.9428
epoch 512 | val AUROC=0.9890 AUPRC=0.9898 Precision=0.9533 Recall=0.9630
epoch 513 | val AUROC=0.9891 AUPRC=0.9897 Precision=0.9692 Recall=0.9529
epoch 514 | val AUROC=0.9896 AUPRC=0.9908 Precision=0.9172 Recall=0.9697
epoch 515 | val AUROC=0.9893 AUPRC=0.9904 Precision=0.9530 Recall=0.9562
epoch 516 | val AUROC=0.9879 AUPRC=0.9894 Precision=0.9561 Recall=0.9529
epoch 517 | val AUROC=0.9881 AUPRC=0.9896 Precision=0.9589 Recall=0.9428
epoch 518 | val AUROC=0.9869 AUPRC=0.9878 Precision=0.9655 Recall=0.9428
epoch 519 | val AUROC=0.9872 AUPRC=0.9879 Precision=0.9283 Recall=0.9596
epoch 520 | val AUROC=0.9885 AUPRC=0.9891 Precision=0.9721 Recall=0.9394
epoch 521 | val AUROC=0.9903 AUPRC=0.9907 Precision=0.9530 Recall=0.9562
epoch 522 | val AUROC=0.9893 AUPRC=0.9901 Precision=0.9500 Recall=0.9596
epoch 523 | val AUROC=0.9891 AUPRC=0.9901 Precision=0.9593 Recall=0.9529
epoch 524 | val AUROC=0.9863 AUPRC=0.9878 Precision=0.9486 Recall=0.9327
epoch 525 | val AUROC=0.9871 AUPRC=0.9883 Precision=0.9493 Recall=0.9461
epoch 526 | val AUROC=0.9885 AUPRC=0.9898 Precision=0.9433 Recall=0.9529
epoch 527 | val AUROC=0.9886 AUPRC=0.9894 Precision=0.9592 Recall=0.9495
epoch 528 | val AUROC=0.9879 AUPRC=0.9882 Precision=0.9463 Recall=0.9495
epoch 529 | val AUROC=0.9888 AUPRC=0.9893 Precision=0.9561 Recall=0.9529
epoch 530 | val AUROC=0.9892 AUPRC=0.9897 Precision=0.9625 Recall=0.9495
epoch 531 | val AUROC=0.9884 AUPRC=0.9887 Precision=0.9655 Recall=0.9428
epoch 532 | val AUROC=0.9871 AUPRC=0.9874 Precision=0.9375 Recall=0.9596
epoch 533 | val AUROC=0.9871 AUPRC=0.9872 Precision=0.9525 Recall=0.9461
epoch 534 | val AUROC=0.9885 AUPRC=0.9889 Precision=0.9500 Recall=0.9596
epoch 535 | val AUROC=0.9888 AUPRC=0.9889 Precision=0.9532 Recall=0.9596
epoch 536 | val AUROC=0.9886 AUPRC=0.9888 Precision=0.9592 Recall=0.9495
epoch 537 | val AUROC=0.9882 AUPRC=0.9879 Precision=0.9659 Recall=0.9529
epoch 538 | val AUROC=0.9886 AUPRC=0.9885 Precision=0.9595 Recall=0.9562
epoch 539 | val AUROC=0.9893 AUPRC=0.9897 Precision=0.9498 Recall=0.9562
epoch 540 | val AUROC=0.9894 AUPRC=0.9902 Precision=0.9623 Recall=0.9461
epoch 541 | val AUROC=0.9883 AUPRC=0.9891 Precision=0.9529 Recall=0.9529
epoch 542 | val AUROC=0.9892 AUPRC=0.9901 Precision=0.9559 Recall=0.9495
epoch 543 | val AUROC=0.9885 AUPRC=0.9894 Precision=0.9590 Recall=0.9461
epoch 544 | val AUROC=0.9879 AUPRC=0.9881 Precision=0.9558 Recall=0.9461
epoch 545 | val AUROC=0.9887 AUPRC=0.9884 Precision=0.9622 Recall=0.9428
epoch 546 | val AUROC=0.9910 AUPRC=0.9915 Precision=0.9500 Recall=0.9596
epoch 547 | val AUROC=0.9908 AUPRC=0.9912 Precision=0.9532 Recall=0.9596
epoch 548 | val AUROC=0.9899 AUPRC=0.9901 Precision=0.9690 Recall=0.9461
epoch 549 | val AUROC=0.9893 AUPRC=0.9897 Precision=0.9532 Recall=0.9596
epoch 550 | val AUROC=0.9894 AUPRC=0.9900 Precision=0.9659 Recall=0.9529
epoch 551 | val AUROC=0.9905 AUPRC=0.9908 Precision=0.9626 Recall=0.9529
epoch 552 | val AUROC=0.9904 AUPRC=0.9908 Precision=0.9530 Recall=0.9562
epoch 553 | val AUROC=0.9897 AUPRC=0.9901 Precision=0.9559 Recall=0.9495
epoch 554 | val AUROC=0.9883 AUPRC=0.9889 Precision=0.9525 Recall=0.9461
epoch 555 | val AUROC=0.9893 AUPRC=0.9903 Precision=0.9656 Recall=0.9461
epoch 556 | val AUROC=0.9895 AUPRC=0.9906 Precision=0.9498 Recall=0.9562
epoch 557 | val AUROC=0.9889 AUPRC=0.9899 Precision=0.9559 Recall=0.9495
epoch 558 | val AUROC=0.9896 AUPRC=0.9908 Precision=0.9562 Recall=0.9562
epoch 559 | val AUROC=0.9892 AUPRC=0.9900 Precision=0.9529 Recall=0.9529
epoch 560 | val AUROC=0.9898 AUPRC=0.9906 Precision=0.9530 Recall=0.9562
epoch 561 | val AUROC=0.9902 AUPRC=0.9910 Precision=0.9627 Recall=0.9562
epoch 562 | val AUROC=0.9913 AUPRC=0.9920 Precision=0.9437 Recall=0.9596
epoch 563 | val AUROC=0.9906 AUPRC=0.9913 Precision=0.9559 Recall=0.9495
epoch 564 | val AUROC=0.9904 AUPRC=0.9911 Precision=0.9530 Recall=0.9562
epoch 565 | val AUROC=0.9908 AUPRC=0.9913 Precision=0.9653 Recall=0.9360
epoch 566 | val AUROC=0.9909 AUPRC=0.9914 Precision=0.9625 Recall=0.9495
epoch 567 | val AUROC=0.9910 AUPRC=0.9915 Precision=0.9658 Recall=0.9495
epoch 568 | val AUROC=0.9903 AUPRC=0.9910 Precision=0.9467 Recall=0.9562
epoch 569 | val AUROC=0.9907 AUPRC=0.9914 Precision=0.9622 Recall=0.9428
epoch 570 | val AUROC=0.9911 AUPRC=0.9919 Precision=0.9379 Recall=0.9663
epoch 571 | val AUROC=0.9912 AUPRC=0.9922 Precision=0.9318 Recall=0.9663
epoch 572 | val AUROC=0.9896 AUPRC=0.9909 Precision=0.9529 Recall=0.9529
epoch 573 | val AUROC=0.9891 AUPRC=0.9900 Precision=0.9590 Recall=0.9461
epoch 574 | val AUROC=0.9871 AUPRC=0.9885 Precision=0.9497 Recall=0.9529
epoch 575 | val AUROC=0.9904 AUPRC=0.9916 Precision=0.9062 Recall=0.9764
epoch 576 | val AUROC=0.9894 AUPRC=0.9904 Precision=0.9556 Recall=0.9428
epoch 577 | val AUROC=0.9899 AUPRC=0.9906 Precision=0.9556 Recall=0.9428
epoch 578 | val AUROC=0.9889 AUPRC=0.9896 Precision=0.9622 Recall=0.9428
epoch 579 | val AUROC=0.9891 AUPRC=0.9900 Precision=0.9371 Recall=0.9529
epoch 580 | val AUROC=0.9894 AUPRC=0.9902 Precision=0.9689 Recall=0.9428
epoch 581 | val AUROC=0.9896 AUPRC=0.9905 Precision=0.9722 Recall=0.9428
epoch 582 | val AUROC=0.9899 AUPRC=0.9910 Precision=0.9527 Recall=0.9495
epoch 583 | val AUROC=0.9897 AUPRC=0.9906 Precision=0.9658 Recall=0.9495
epoch 584 | val AUROC=0.9903 AUPRC=0.9912 Precision=0.9690 Recall=0.9461
epoch 585 | val AUROC=0.9906 AUPRC=0.9914 Precision=0.9724 Recall=0.9495
epoch 586 | val AUROC=0.9912 AUPRC=0.9919 Precision=0.9658 Recall=0.9495
epoch 587 | val AUROC=0.9915 AUPRC=0.9923 Precision=0.9692 Recall=0.9529
epoch 588 | val AUROC=0.9918 AUPRC=0.9925 Precision=0.9626 Recall=0.9529
epoch 589 | val AUROC=0.9919 AUPRC=0.9924 Precision=0.9622 Recall=0.9428
epoch 590 | val AUROC=0.9899 AUPRC=0.9905 Precision=0.9524 Recall=0.9428
epoch 591 | val AUROC=0.9917 AUPRC=0.9925 Precision=0.9468 Recall=0.9596
epoch 592 | val AUROC=0.9911 AUPRC=0.9916 Precision=0.9658 Recall=0.9495
epoch 593 | val AUROC=0.9919 AUPRC=0.9926 Precision=0.9502 Recall=0.9630
epoch 594 | val AUROC=0.9919 AUPRC=0.9925 Precision=0.9626 Recall=0.9529
epoch 595 | val AUROC=0.9906 AUPRC=0.9916 Precision=0.9658 Recall=0.9495
epoch 596 | val AUROC=0.9886 AUPRC=0.9902 Precision=0.9691 Recall=0.9495
epoch 597 | val AUROC=0.9878 AUPRC=0.9900 Precision=0.9658 Recall=0.9495
epoch 598 | val AUROC=0.9887 AUPRC=0.9904 Precision=0.9318 Recall=0.9663
epoch 599 | val AUROC=0.9897 AUPRC=0.9913 Precision=0.9723 Recall=0.9461
epoch 600 | val AUROC=0.9897 AUPRC=0.9908 Precision=0.9759 Recall=0.9529
epoch 601 | val AUROC=0.9897 AUPRC=0.9908 Precision=0.9502 Recall=0.9630
epoch 602 | val AUROC=0.9914 AUPRC=0.9919 Precision=0.9661 Recall=0.9596
epoch 603 | val AUROC=0.9916 AUPRC=0.9925 Precision=0.9663 Recall=0.9663
epoch 604 | val AUROC=0.9915 AUPRC=0.9924 Precision=0.9597 Recall=0.9630
epoch 605 | val AUROC=0.9905 AUPRC=0.9915 Precision=0.9695 Recall=0.9630
epoch 606 | val AUROC=0.9886 AUPRC=0.9894 Precision=0.9627 Recall=0.9562
epoch 607 | val AUROC=0.9882 AUPRC=0.9898 Precision=0.9414 Recall=0.9731
epoch 608 | val AUROC=0.9889 AUPRC=0.9906 Precision=0.9533 Recall=0.9630
epoch 609 | val AUROC=0.9886 AUPRC=0.9903 Precision=0.9659 Recall=0.9529
epoch 610 | val AUROC=0.9904 AUPRC=0.9921 Precision=0.9660 Recall=0.9562
epoch 611 | val AUROC=0.9870 AUPRC=0.9898 Precision=0.9656 Recall=0.9461
early stopping at epoch 611
[01:32:43] DONE  HAG-DTA GIN
[01:32:43] ========== Human seed=2000 COMPLETE ==========
