[02:02:57] ========== Human seed=4000 models=gin ==========
[02:02:57] START HAG-DTA GIN
Diff_DTA_GIN
dataset: Human
Learning rate: 0.0005
Epochs: 1000
Validation interval: 1
Early stop patience: 200

running on Human, seed=4000
Pre-processed data found: /root/autodl-tmp/HAG-DTA-cache/processed/Human_train.pt, loading ...
Pre-processed data found: /root/autodl-tmp/HAG-DTA-cache/processed/Human_val.pt, loading ...
Pre-processed data found: /root/autodl-tmp/HAG-DTA-cache/processed/Human_test.pt, loading ...
/root/HAG-DTA/py38_env/lib/python3.8/site-packages/torch_geometric/deprecation.py:26: UserWarning: 'data.DenseDataLoader' is deprecated, use 'loader.DenseDataLoader' instead
  warnings.warn(out)
Hierarchical pooling: n1=6, n2=3
[FIND BEST!] epoch 1 | val AUROC=0.8983 AUPRC=0.9074 Precision=0.7416 Recall=0.8889|
test AUROC=0.8833 AUPRC=0.8889 Precision=0.6847 Recall=0.8638
[FIND BEST!] epoch 2 | val AUROC=0.9546 AUPRC=0.9617 Precision=0.8805 Recall=0.8687|
test AUROC=0.9330 AUPRC=0.9377 Precision=0.8215 Recall=0.8746
[FIND BEST!] epoch 3 | val AUROC=0.9649 AUPRC=0.9699 Precision=0.9905 Recall=0.7037|
test AUROC=0.9511 AUPRC=0.9497 Precision=0.9615 Recall=0.7168
[FIND BEST!] epoch 4 | val AUROC=0.9677 AUPRC=0.9725 Precision=0.9685 Recall=0.8283|
test AUROC=0.9612 AUPRC=0.9616 Precision=0.9549 Recall=0.8351
[FIND BEST!] epoch 5 | val AUROC=0.9826 AUPRC=0.9841 Precision=0.8949 Recall=0.9461|
test AUROC=0.9672 AUPRC=0.9671 Precision=0.8605 Recall=0.9283
epoch 6 | val AUROC=0.9800 AUPRC=0.9821 Precision=0.9737 Recall=0.8721
[FIND BEST!] epoch 7 | val AUROC=0.9852 AUPRC=0.9868 Precision=0.9708 Recall=0.8956|
test AUROC=0.9743 AUPRC=0.9746 Precision=0.9470 Recall=0.8961
[FIND BEST!] epoch 8 | val AUROC=0.9885 AUPRC=0.9895 Precision=0.9739 Recall=0.8788|
test AUROC=0.9715 AUPRC=0.9722 Precision=0.9457 Recall=0.8746
epoch 9 | val AUROC=0.9855 AUPRC=0.9863 Precision=0.9848 Recall=0.8721
[FIND BEST!] epoch 10 | val AUROC=0.9911 AUPRC=0.9924 Precision=0.9717 Recall=0.9259|
test AUROC=0.9754 AUPRC=0.9667 Precision=0.9267 Recall=0.9068
epoch 11 | val AUROC=0.9875 AUPRC=0.9887 Precision=0.9450 Recall=0.9259
epoch 12 | val AUROC=0.9891 AUPRC=0.9896 Precision=0.9314 Recall=0.9596
epoch 13 | val AUROC=0.9875 AUPRC=0.9894 Precision=0.9683 Recall=0.9259
epoch 14 | val AUROC=0.9903 AUPRC=0.9917 Precision=0.8526 Recall=0.9933
epoch 15 | val AUROC=0.9879 AUPRC=0.9897 Precision=0.9057 Recall=0.9697
epoch 16 | val AUROC=0.9870 AUPRC=0.9880 Precision=0.9465 Recall=0.9529
[FIND BEST!] epoch 17 | val AUROC=0.9918 AUPRC=0.9932 Precision=0.9351 Recall=0.9697|
test AUROC=0.9748 AUPRC=0.9674 Precision=0.9038 Recall=0.9427
epoch 18 | val AUROC=0.9903 AUPRC=0.9919 Precision=0.9498 Recall=0.9562
epoch 19 | val AUROC=0.9896 AUPRC=0.9912 Precision=0.9353 Recall=0.9731
epoch 20 | val AUROC=0.9894 AUPRC=0.9903 Precision=0.9550 Recall=0.9293
epoch 21 | val AUROC=0.9917 AUPRC=0.9923 Precision=0.9592 Recall=0.9495
epoch 22 | val AUROC=0.9898 AUPRC=0.9910 Precision=0.9465 Recall=0.9529
epoch 23 | val AUROC=0.9890 AUPRC=0.9896 Precision=0.9623 Recall=0.9461
epoch 24 | val AUROC=0.9905 AUPRC=0.9913 Precision=0.8852 Recall=0.9865
epoch 25 | val AUROC=0.9878 AUPRC=0.9887 Precision=0.9320 Recall=0.9697
epoch 26 | val AUROC=0.9892 AUPRC=0.9904 Precision=0.9648 Recall=0.9226
epoch 27 | val AUROC=0.9908 AUPRC=0.9915 Precision=0.9498 Recall=0.9562
epoch 28 | val AUROC=0.9887 AUPRC=0.9904 Precision=0.9314 Recall=0.9596
epoch 29 | val AUROC=0.9886 AUPRC=0.9900 Precision=0.9647 Recall=0.9192
epoch 30 | val AUROC=0.9902 AUPRC=0.9912 Precision=0.9125 Recall=0.9832
epoch 31 | val AUROC=0.9895 AUPRC=0.9915 Precision=0.9923 Recall=0.8687
epoch 32 | val AUROC=0.9912 AUPRC=0.9929 Precision=0.9693 Recall=0.9562
epoch 33 | val AUROC=0.9910 AUPRC=0.9922 Precision=0.9692 Recall=0.9529
epoch 34 | val AUROC=0.9908 AUPRC=0.9917 Precision=0.9502 Recall=0.9630
epoch 35 | val AUROC=0.9878 AUPRC=0.9893 Precision=0.9194 Recall=0.9596
epoch 36 | val AUROC=0.9877 AUPRC=0.9896 Precision=0.9621 Recall=0.9394
epoch 37 | val AUROC=0.9874 AUPRC=0.9895 Precision=0.9503 Recall=0.9663
epoch 38 | val AUROC=0.9879 AUPRC=0.9899 Precision=0.9622 Recall=0.9428
epoch 39 | val AUROC=0.9864 AUPRC=0.9876 Precision=0.9500 Recall=0.9596
epoch 40 | val AUROC=0.9909 AUPRC=0.9919 Precision=0.9790 Recall=0.9428
epoch 41 | val AUROC=0.9886 AUPRC=0.9902 Precision=0.9556 Recall=0.9428
epoch 42 | val AUROC=0.9877 AUPRC=0.9885 Precision=0.8661 Recall=0.9798
epoch 43 | val AUROC=0.9911 AUPRC=0.9921 Precision=0.9756 Recall=0.9428
epoch 44 | val AUROC=0.9890 AUPRC=0.9906 Precision=0.9719 Recall=0.9327
epoch 45 | val AUROC=0.9896 AUPRC=0.9909 Precision=0.9346 Recall=0.9630
epoch 46 | val AUROC=0.9911 AUPRC=0.9920 Precision=0.9786 Recall=0.9259
epoch 47 | val AUROC=0.9909 AUPRC=0.9925 Precision=0.9435 Recall=0.9562
epoch 48 | val AUROC=0.9894 AUPRC=0.9910 Precision=0.9290 Recall=0.9697
epoch 49 | val AUROC=0.9899 AUPRC=0.9920 Precision=0.9754 Recall=0.9327
epoch 50 | val AUROC=0.9903 AUPRC=0.9916 Precision=0.9748 Recall=0.9125
epoch 51 | val AUROC=0.9888 AUPRC=0.9910 Precision=0.9172 Recall=0.9697
epoch 52 | val AUROC=0.9914 AUPRC=0.9932 Precision=0.9477 Recall=0.9764
[FIND BEST!] epoch 53 | val AUROC=0.9922 AUPRC=0.9935 Precision=0.9601 Recall=0.9731|
test AUROC=0.9730 AUPRC=0.9693 Precision=0.9312 Recall=0.9211
epoch 54 | val AUROC=0.9877 AUPRC=0.9893 Precision=0.9593 Recall=0.9529
epoch 55 | val AUROC=0.9882 AUPRC=0.9897 Precision=0.9618 Recall=0.9327
epoch 56 | val AUROC=0.9889 AUPRC=0.9900 Precision=0.9320 Recall=0.9697
epoch 57 | val AUROC=0.9906 AUPRC=0.9922 Precision=0.9658 Recall=0.9495
epoch 58 | val AUROC=0.9875 AUPRC=0.9893 Precision=0.9648 Recall=0.9226
epoch 59 | val AUROC=0.9897 AUPRC=0.9905 Precision=0.9148 Recall=0.9764
epoch 60 | val AUROC=0.9891 AUPRC=0.9903 Precision=0.9681 Recall=0.9192
epoch 61 | val AUROC=0.9899 AUPRC=0.9908 Precision=0.9502 Recall=0.9630
epoch 62 | val AUROC=0.9893 AUPRC=0.9909 Precision=0.9783 Recall=0.9125
epoch 63 | val AUROC=0.9886 AUPRC=0.9895 Precision=0.9627 Recall=0.9562
epoch 64 | val AUROC=0.9889 AUPRC=0.9897 Precision=0.9406 Recall=0.9596
epoch 65 | val AUROC=0.9889 AUPRC=0.9897 Precision=0.9495 Recall=0.9495
epoch 66 | val AUROC=0.9872 AUPRC=0.9872 Precision=0.9498 Recall=0.9562
epoch 67 | val AUROC=0.9903 AUPRC=0.9909 Precision=0.9211 Recall=0.9832
epoch 68 | val AUROC=0.9915 AUPRC=0.9913 Precision=0.9562 Recall=0.9562
epoch 69 | val AUROC=0.9917 AUPRC=0.9917 Precision=0.9597 Recall=0.9630
epoch 70 | val AUROC=0.9911 AUPRC=0.9913 Precision=0.9658 Recall=0.9495
epoch 71 | val AUROC=0.9917 AUPRC=0.9923 Precision=0.9097 Recall=0.9832
epoch 72 | val AUROC=0.9894 AUPRC=0.9901 Precision=0.9446 Recall=0.9764
epoch 73 | val AUROC=0.9902 AUPRC=0.9907 Precision=0.9156 Recall=0.9865
epoch 74 | val AUROC=0.9882 AUPRC=0.9889 Precision=0.9522 Recall=0.9394
epoch 75 | val AUROC=0.9905 AUPRC=0.9914 Precision=0.9564 Recall=0.9596
epoch 76 | val AUROC=0.9917 AUPRC=0.9921 Precision=0.9472 Recall=0.9663
epoch 77 | val AUROC=0.9907 AUPRC=0.9919 Precision=0.9658 Recall=0.9495
epoch 78 | val AUROC=0.9906 AUPRC=0.9916 Precision=0.9361 Recall=0.9865
epoch 79 | val AUROC=0.9918 AUPRC=0.9931 Precision=0.9444 Recall=0.9731
epoch 80 | val AUROC=0.9915 AUPRC=0.9929 Precision=0.9789 Recall=0.9360
epoch 81 | val AUROC=0.9920 AUPRC=0.9930 Precision=0.9342 Recall=0.9562
epoch 82 | val AUROC=0.9896 AUPRC=0.9912 Precision=0.9238 Recall=0.9798
epoch 83 | val AUROC=0.9915 AUPRC=0.9925 Precision=0.9359 Recall=0.9832
epoch 84 | val AUROC=0.9887 AUPRC=0.9896 Precision=0.9852 Recall=0.8990
epoch 85 | val AUROC=0.9898 AUPRC=0.9902 Precision=0.9272 Recall=0.9865
epoch 86 | val AUROC=0.9918 AUPRC=0.9921 Precision=0.9417 Recall=0.9798
epoch 87 | val AUROC=0.9911 AUPRC=0.9917 Precision=0.9627 Recall=0.9562
[FIND BEST!] epoch 88 | val AUROC=0.9923 AUPRC=0.9924 Precision=0.9472 Recall=0.9663|
test AUROC=0.9740 AUPRC=0.9748 Precision=0.9190 Recall=0.9355
epoch 89 | val AUROC=0.9902 AUPRC=0.9912 Precision=0.9404 Recall=0.9562
epoch 90 | val AUROC=0.9893 AUPRC=0.9901 Precision=0.9654 Recall=0.9394
epoch 91 | val AUROC=0.9901 AUPRC=0.9912 Precision=0.9561 Recall=0.9529
epoch 92 | val AUROC=0.9888 AUPRC=0.9904 Precision=0.9270 Recall=0.9832
epoch 93 | val AUROC=0.9885 AUPRC=0.9897 Precision=0.9477 Recall=0.9764
epoch 94 | val AUROC=0.9921 AUPRC=0.9932 Precision=0.9794 Recall=0.9596
epoch 95 | val AUROC=0.9901 AUPRC=0.9915 Precision=0.9567 Recall=0.9663
[FIND BEST!] epoch 96 | val AUROC=0.9927 AUPRC=0.9939 Precision=0.9601 Recall=0.9731|
test AUROC=0.9768 AUPRC=0.9775 Precision=0.9309 Recall=0.9176
epoch 97 | val AUROC=0.9908 AUPRC=0.9917 Precision=0.9795 Recall=0.9663
epoch 98 | val AUROC=0.9914 AUPRC=0.9923 Precision=0.9387 Recall=0.9798
epoch 99 | val AUROC=0.9884 AUPRC=0.9895 Precision=0.9553 Recall=0.9360
epoch 100 | val AUROC=0.9908 AUPRC=0.9922 Precision=0.9625 Recall=0.9495
epoch 101 | val AUROC=0.9912 AUPRC=0.9927 Precision=0.9724 Recall=0.9495
epoch 102 | val AUROC=0.9896 AUPRC=0.9882 Precision=0.9505 Recall=0.9697
epoch 103 | val AUROC=0.9911 AUPRC=0.9899 Precision=0.9361 Recall=0.9865
epoch 104 | val AUROC=0.9898 AUPRC=0.9895 Precision=0.9663 Recall=0.9663
epoch 105 | val AUROC=0.9898 AUPRC=0.9902 Precision=0.9472 Recall=0.9663
epoch 106 | val AUROC=0.9890 AUPRC=0.9884 Precision=0.9383 Recall=0.9731
epoch 107 | val AUROC=0.9904 AUPRC=0.9903 Precision=0.9329 Recall=0.9832
epoch 108 | val AUROC=0.9914 AUPRC=0.9904 Precision=0.9541 Recall=0.9798
epoch 109 | val AUROC=0.9925 AUPRC=0.9923 Precision=0.9505 Recall=0.9697
[FIND BEST!] epoch 110 | val AUROC=0.9930 AUPRC=0.9931 Precision=0.9575 Recall=0.9865|
test AUROC=0.9753 AUPRC=0.9737 Precision=0.9132 Recall=0.9427
epoch 111 | val AUROC=0.9920 AUPRC=0.9922 Precision=0.9539 Recall=0.9764
epoch 112 | val AUROC=0.9894 AUPRC=0.9903 Precision=0.9470 Recall=0.9630
epoch 113 | val AUROC=0.9889 AUPRC=0.9899 Precision=0.9718 Recall=0.9293
epoch 114 | val AUROC=0.9911 AUPRC=0.9923 Precision=0.9408 Recall=0.9630
epoch 115 | val AUROC=0.9903 AUPRC=0.9911 Precision=0.9565 Recall=0.9630
epoch 116 | val AUROC=0.9914 AUPRC=0.9924 Precision=0.9661 Recall=0.9596
epoch 117 | val AUROC=0.9896 AUPRC=0.9908 Precision=0.9410 Recall=0.9663
epoch 118 | val AUROC=0.9930 AUPRC=0.9937 Precision=0.9724 Recall=0.9495
epoch 119 | val AUROC=0.9899 AUPRC=0.9910 Precision=0.9441 Recall=0.9663
epoch 120 | val AUROC=0.9918 AUPRC=0.9933 Precision=0.9596 Recall=0.9596
epoch 121 | val AUROC=0.9890 AUPRC=0.9904 Precision=0.9562 Recall=0.9562
epoch 122 | val AUROC=0.9907 AUPRC=0.9923 Precision=0.9662 Recall=0.9630
epoch 123 | val AUROC=0.9904 AUPRC=0.9924 Precision=0.9535 Recall=0.9663
epoch 124 | val AUROC=0.9908 AUPRC=0.9918 Precision=0.9568 Recall=0.9697
epoch 125 | val AUROC=0.9907 AUPRC=0.9916 Precision=0.9564 Recall=0.9596
epoch 126 | val AUROC=0.9904 AUPRC=0.9917 Precision=0.9125 Recall=0.9832
epoch 127 | val AUROC=0.9881 AUPRC=0.9898 Precision=0.9653 Recall=0.9360
[FIND BEST!] epoch 128 | val AUROC=0.9933 AUPRC=0.9940 Precision=0.9570 Recall=0.9731|
test AUROC=0.9747 AUPRC=0.9748 Precision=0.9014 Recall=0.9498
epoch 129 | val AUROC=0.9872 AUPRC=0.9901 Precision=0.9529 Recall=0.9529
epoch 130 | val AUROC=0.9930 AUPRC=0.9938 Precision=0.9268 Recall=0.9798
epoch 131 | val AUROC=0.9930 AUPRC=0.9936 Precision=0.9723 Recall=0.9461
epoch 132 | val AUROC=0.9917 AUPRC=0.9925 Precision=0.9621 Recall=0.9394
epoch 133 | val AUROC=0.9893 AUPRC=0.9904 Precision=0.9585 Recall=0.9327
epoch 134 | val AUROC=0.9903 AUPRC=0.9915 Precision=0.9555 Recall=0.9394
epoch 135 | val AUROC=0.9915 AUPRC=0.9925 Precision=0.9597 Recall=0.9630
epoch 136 | val AUROC=0.9911 AUPRC=0.9923 Precision=0.9567 Recall=0.9663
epoch 137 | val AUROC=0.9904 AUPRC=0.9918 Precision=0.9503 Recall=0.9663
epoch 138 | val AUROC=0.9901 AUPRC=0.9914 Precision=0.9533 Recall=0.9630
epoch 139 | val AUROC=0.9905 AUPRC=0.9917 Precision=0.9757 Recall=0.9461
epoch 140 | val AUROC=0.9901 AUPRC=0.9916 Precision=0.9555 Recall=0.9394
epoch 141 | val AUROC=0.9906 AUPRC=0.9920 Precision=0.9383 Recall=0.9731
epoch 142 | val AUROC=0.9892 AUPRC=0.9905 Precision=0.9691 Recall=0.9495
epoch 143 | val AUROC=0.9906 AUPRC=0.9909 Precision=0.9658 Recall=0.9495
epoch 144 | val AUROC=0.9918 AUPRC=0.9929 Precision=0.9725 Recall=0.9529
epoch 145 | val AUROC=0.9904 AUPRC=0.9912 Precision=0.9444 Recall=0.9731
epoch 146 | val AUROC=0.9906 AUPRC=0.9912 Precision=0.9414 Recall=0.9731
epoch 147 | val AUROC=0.9902 AUPRC=0.9910 Precision=0.9658 Recall=0.9495
epoch 148 | val AUROC=0.9871 AUPRC=0.9885 Precision=0.9650 Recall=0.9293
epoch 149 | val AUROC=0.9901 AUPRC=0.9915 Precision=0.9327 Recall=0.9798
epoch 150 | val AUROC=0.9873 AUPRC=0.9870 Precision=0.9813 Recall=0.8855
epoch 151 | val AUROC=0.9885 AUPRC=0.9900 Precision=0.9533 Recall=0.9630
epoch 152 | val AUROC=0.9906 AUPRC=0.9918 Precision=0.9437 Recall=0.9596
epoch 153 | val AUROC=0.9907 AUPRC=0.9915 Precision=0.9688 Recall=0.9394
epoch 154 | val AUROC=0.9922 AUPRC=0.9927 Precision=0.9541 Recall=0.9798
epoch 155 | val AUROC=0.9921 AUPRC=0.9926 Precision=0.9631 Recall=0.9663
epoch 156 | val AUROC=0.9901 AUPRC=0.9905 Precision=0.9538 Recall=0.9731
epoch 157 | val AUROC=0.9914 AUPRC=0.9914 Precision=0.9443 Recall=0.9697
epoch 158 | val AUROC=0.9898 AUPRC=0.9903 Precision=0.9389 Recall=0.9832
epoch 159 | val AUROC=0.9901 AUPRC=0.9906 Precision=0.9559 Recall=0.9495
epoch 160 | val AUROC=0.9905 AUPRC=0.9906 Precision=0.9536 Recall=0.9697
epoch 161 | val AUROC=0.9904 AUPRC=0.9901 Precision=0.9721 Recall=0.9394
epoch 162 | val AUROC=0.9912 AUPRC=0.9910 Precision=0.9443 Recall=0.9697
epoch 163 | val AUROC=0.9912 AUPRC=0.9915 Precision=0.9416 Recall=0.9764
epoch 164 | val AUROC=0.9889 AUPRC=0.9899 Precision=0.9472 Recall=0.9663
epoch 165 | val AUROC=0.9902 AUPRC=0.9910 Precision=0.9495 Recall=0.9495
epoch 166 | val AUROC=0.9914 AUPRC=0.9920 Precision=0.9470 Recall=0.9630
epoch 167 | val AUROC=0.9888 AUPRC=0.9900 Precision=0.9381 Recall=0.9697
epoch 168 | val AUROC=0.9879 AUPRC=0.9893 Precision=0.9359 Recall=0.9832
epoch 169 | val AUROC=0.9891 AUPRC=0.9904 Precision=0.9497 Recall=0.9529
epoch 170 | val AUROC=0.9891 AUPRC=0.9906 Precision=0.9379 Recall=0.9663
epoch 171 | val AUROC=0.9890 AUPRC=0.9899 Precision=0.9618 Recall=0.9327
epoch 172 | val AUROC=0.9895 AUPRC=0.9909 Precision=0.9446 Recall=0.9764
epoch 173 | val AUROC=0.9906 AUPRC=0.9920 Precision=0.9628 Recall=0.9596
epoch 174 | val AUROC=0.9902 AUPRC=0.9911 Precision=0.9493 Recall=0.9461
epoch 175 | val AUROC=0.9901 AUPRC=0.9914 Precision=0.9412 Recall=0.9697
epoch 176 | val AUROC=0.9907 AUPRC=0.9916 Precision=0.9559 Recall=0.9495
epoch 177 | val AUROC=0.9898 AUPRC=0.9912 Precision=0.9465 Recall=0.9529
epoch 178 | val AUROC=0.9910 AUPRC=0.9924 Precision=0.9535 Recall=0.9663
epoch 179 | val AUROC=0.9912 AUPRC=0.9918 Precision=0.9626 Recall=0.9529
epoch 180 | val AUROC=0.9918 AUPRC=0.9930 Precision=0.9662 Recall=0.9630
epoch 181 | val AUROC=0.9921 AUPRC=0.9930 Precision=0.9627 Recall=0.9562
epoch 182 | val AUROC=0.9911 AUPRC=0.9928 Precision=0.9505 Recall=0.9697
epoch 183 | val AUROC=0.9913 AUPRC=0.9928 Precision=0.9628 Recall=0.9596
epoch 184 | val AUROC=0.9917 AUPRC=0.9928 Precision=0.9599 Recall=0.9663
epoch 185 | val AUROC=0.9920 AUPRC=0.9930 Precision=0.9568 Recall=0.9697
epoch 186 | val AUROC=0.9895 AUPRC=0.9903 Precision=0.9728 Recall=0.9630
epoch 187 | val AUROC=0.9908 AUPRC=0.9912 Precision=0.9498 Recall=0.9562
epoch 188 | val AUROC=0.9924 AUPRC=0.9931 Precision=0.9627 Recall=0.9562
epoch 189 | val AUROC=0.9927 AUPRC=0.9935 Precision=0.9632 Recall=0.9697
epoch 190 | val AUROC=0.9926 AUPRC=0.9935 Precision=0.9632 Recall=0.9697
epoch 191 | val AUROC=0.9926 AUPRC=0.9935 Precision=0.9568 Recall=0.9697
epoch 192 | val AUROC=0.9923 AUPRC=0.9931 Precision=0.9663 Recall=0.9663
epoch 193 | val AUROC=0.9917 AUPRC=0.9926 Precision=0.9567 Recall=0.9663
epoch 194 | val AUROC=0.9923 AUPRC=0.9925 Precision=0.9601 Recall=0.9731
epoch 195 | val AUROC=0.9915 AUPRC=0.9919 Precision=0.9627 Recall=0.9562
epoch 196 | val AUROC=0.9909 AUPRC=0.9913 Precision=0.9538 Recall=0.9731
epoch 197 | val AUROC=0.9926 AUPRC=0.9930 Precision=0.9599 Recall=0.9663
[FIND BEST!] epoch 198 | val AUROC=0.9935 AUPRC=0.9939 Precision=0.9660 Recall=0.9562|
test AUROC=0.9748 AUPRC=0.9745 Precision=0.9455 Recall=0.9319
epoch 199 | val AUROC=0.9923 AUPRC=0.9927 Precision=0.9694 Recall=0.9596
epoch 200 | val AUROC=0.9899 AUPRC=0.9911 Precision=0.9719 Recall=0.9327
epoch 201 | val AUROC=0.9916 AUPRC=0.9929 Precision=0.9359 Recall=0.9832
epoch 202 | val AUROC=0.9907 AUPRC=0.9922 Precision=0.9824 Recall=0.9394
epoch 203 | val AUROC=0.9915 AUPRC=0.9926 Precision=0.9571 Recall=0.9764
epoch 204 | val AUROC=0.9908 AUPRC=0.9916 Precision=0.9475 Recall=0.9731
epoch 205 | val AUROC=0.9903 AUPRC=0.9912 Precision=0.9689 Recall=0.9428
epoch 206 | val AUROC=0.9925 AUPRC=0.9930 Precision=0.9694 Recall=0.9596
epoch 207 | val AUROC=0.9914 AUPRC=0.9905 Precision=0.9505 Recall=0.9697
epoch 208 | val AUROC=0.9895 AUPRC=0.9890 Precision=0.9656 Recall=0.9461
epoch 209 | val AUROC=0.9887 AUPRC=0.9885 Precision=0.9288 Recall=0.9663
epoch 210 | val AUROC=0.9905 AUPRC=0.9909 Precision=0.9472 Recall=0.9663
epoch 211 | val AUROC=0.9875 AUPRC=0.9882 Precision=0.9652 Recall=0.9327
epoch 212 | val AUROC=0.9888 AUPRC=0.9900 Precision=0.9570 Recall=0.9731
epoch 213 | val AUROC=0.9872 AUPRC=0.9883 Precision=0.9691 Recall=0.9495
epoch 214 | val AUROC=0.9898 AUPRC=0.9909 Precision=0.9416 Recall=0.9764
epoch 215 | val AUROC=0.9866 AUPRC=0.9881 Precision=0.9626 Recall=0.9529
epoch 216 | val AUROC=0.9871 AUPRC=0.9883 Precision=0.9692 Recall=0.9529
epoch 217 | val AUROC=0.9891 AUPRC=0.9902 Precision=0.9595 Recall=0.9562
epoch 218 | val AUROC=0.9919 AUPRC=0.9924 Precision=0.9694 Recall=0.9596
epoch 219 | val AUROC=0.9920 AUPRC=0.9928 Precision=0.9693 Recall=0.9562
epoch 220 | val AUROC=0.9885 AUPRC=0.9906 Precision=0.9562 Recall=0.9562
epoch 221 | val AUROC=0.9909 AUPRC=0.9923 Precision=0.9659 Recall=0.9529
epoch 222 | val AUROC=0.9904 AUPRC=0.9918 Precision=0.9630 Recall=0.9630
epoch 223 | val AUROC=0.9891 AUPRC=0.9904 Precision=0.9377 Recall=0.9630
epoch 224 | val AUROC=0.9854 AUPRC=0.9858 Precision=0.9661 Recall=0.9596
epoch 225 | val AUROC=0.9845 AUPRC=0.9840 Precision=0.9621 Recall=0.9394
epoch 226 | val AUROC=0.9910 AUPRC=0.9922 Precision=0.9627 Recall=0.9562
epoch 227 | val AUROC=0.9892 AUPRC=0.9898 Precision=0.9692 Recall=0.9529
epoch 228 | val AUROC=0.9894 AUPRC=0.9886 Precision=0.9726 Recall=0.9562
epoch 229 | val AUROC=0.9871 AUPRC=0.9838 Precision=0.9595 Recall=0.9562
epoch 230 | val AUROC=0.9907 AUPRC=0.9915 Precision=0.9691 Recall=0.9495
epoch 231 | val AUROC=0.9892 AUPRC=0.9901 Precision=0.9593 Recall=0.9529
epoch 232 | val AUROC=0.9891 AUPRC=0.9896 Precision=0.9655 Recall=0.9428
epoch 233 | val AUROC=0.9902 AUPRC=0.9905 Precision=0.9630 Recall=0.9630
epoch 234 | val AUROC=0.9904 AUPRC=0.9910 Precision=0.9661 Recall=0.9596
epoch 235 | val AUROC=0.9902 AUPRC=0.9908 Precision=0.9630 Recall=0.9630
epoch 236 | val AUROC=0.9906 AUPRC=0.9917 Precision=0.9472 Recall=0.9663
epoch 237 | val AUROC=0.9897 AUPRC=0.9911 Precision=0.9691 Recall=0.9495
epoch 238 | val AUROC=0.9908 AUPRC=0.9918 Precision=0.9725 Recall=0.9529
epoch 239 | val AUROC=0.9908 AUPRC=0.9917 Precision=0.9533 Recall=0.9630
epoch 240 | val AUROC=0.9917 AUPRC=0.9925 Precision=0.9728 Recall=0.9630
epoch 241 | val AUROC=0.9896 AUPRC=0.9898 Precision=0.9719 Recall=0.9327
epoch 242 | val AUROC=0.9918 AUPRC=0.9924 Precision=0.9387 Recall=0.9798
epoch 243 | val AUROC=0.9902 AUPRC=0.9911 Precision=0.9623 Recall=0.9461
epoch 244 | val AUROC=0.9905 AUPRC=0.9913 Precision=0.9590 Recall=0.9461
epoch 245 | val AUROC=0.9919 AUPRC=0.9923 Precision=0.9468 Recall=0.9596
epoch 246 | val AUROC=0.9917 AUPRC=0.9921 Precision=0.9627 Recall=0.9562
epoch 247 | val AUROC=0.9918 AUPRC=0.9923 Precision=0.9631 Recall=0.9663
epoch 248 | val AUROC=0.9914 AUPRC=0.9921 Precision=0.9568 Recall=0.9697
epoch 249 | val AUROC=0.9916 AUPRC=0.9925 Precision=0.9632 Recall=0.9697
epoch 250 | val AUROC=0.9905 AUPRC=0.9912 Precision=0.9599 Recall=0.9663
epoch 251 | val AUROC=0.9907 AUPRC=0.9910 Precision=0.9444 Recall=0.9731
epoch 252 | val AUROC=0.9907 AUPRC=0.9915 Precision=0.9662 Recall=0.9630
epoch 253 | val AUROC=0.9907 AUPRC=0.9912 Precision=0.9727 Recall=0.9596
epoch 254 | val AUROC=0.9897 AUPRC=0.9909 Precision=0.9475 Recall=0.9731
epoch 255 | val AUROC=0.9900 AUPRC=0.9912 Precision=0.9567 Recall=0.9663
epoch 256 | val AUROC=0.9901 AUPRC=0.9910 Precision=0.9570 Recall=0.9731
epoch 257 | val AUROC=0.9908 AUPRC=0.9918 Precision=0.9570 Recall=0.9731
epoch 258 | val AUROC=0.9890 AUPRC=0.9904 Precision=0.9658 Recall=0.9495
epoch 259 | val AUROC=0.9902 AUPRC=0.9912 Precision=0.9558 Recall=0.9461
epoch 260 | val AUROC=0.9889 AUPRC=0.9892 Precision=0.9559 Recall=0.9495
epoch 261 | val AUROC=0.9896 AUPRC=0.9904 Precision=0.9627 Recall=0.9562
epoch 262 | val AUROC=0.9882 AUPRC=0.9892 Precision=0.9498 Recall=0.9562
epoch 263 | val AUROC=0.9888 AUPRC=0.9900 Precision=0.9474 Recall=0.9697
epoch 264 | val AUROC=0.9851 AUPRC=0.9871 Precision=0.9595 Recall=0.9562
epoch 265 | val AUROC=0.9897 AUPRC=0.9910 Precision=0.9694 Recall=0.9596
epoch 266 | val AUROC=0.9893 AUPRC=0.9909 Precision=0.9475 Recall=0.9731
epoch 267 | val AUROC=0.9867 AUPRC=0.9768 Precision=0.9530 Recall=0.9562
epoch 268 | val AUROC=0.9889 AUPRC=0.9904 Precision=0.9556 Recall=0.9428
epoch 269 | val AUROC=0.9910 AUPRC=0.9924 Precision=0.9293 Recall=0.9731
epoch 270 | val AUROC=0.9910 AUPRC=0.9920 Precision=0.9791 Recall=0.9461
epoch 271 | val AUROC=0.9902 AUPRC=0.9915 Precision=0.9723 Recall=0.9461
epoch 272 | val AUROC=0.9897 AUPRC=0.9910 Precision=0.9656 Recall=0.9461
epoch 273 | val AUROC=0.9902 AUPRC=0.9917 Precision=0.9630 Recall=0.9630
epoch 274 | val AUROC=0.9901 AUPRC=0.9914 Precision=0.9565 Recall=0.9630
epoch 275 | val AUROC=0.9914 AUPRC=0.9921 Precision=0.9723 Recall=0.9461
epoch 276 | val AUROC=0.9897 AUPRC=0.9899 Precision=0.9443 Recall=0.9697
epoch 277 | val AUROC=0.9894 AUPRC=0.9899 Precision=0.9652 Recall=0.9327
epoch 278 | val AUROC=0.9889 AUPRC=0.9902 Precision=0.9628 Recall=0.9596
epoch 279 | val AUROC=0.9889 AUPRC=0.9902 Precision=0.9692 Recall=0.9529
epoch 280 | val AUROC=0.9908 AUPRC=0.9919 Precision=0.9564 Recall=0.9596
epoch 281 | val AUROC=0.9901 AUPRC=0.9913 Precision=0.9593 Recall=0.9529
epoch 282 | val AUROC=0.9905 AUPRC=0.9921 Precision=0.9533 Recall=0.9630
epoch 283 | val AUROC=0.9891 AUPRC=0.9911 Precision=0.9351 Recall=0.9697
epoch 284 | val AUROC=0.9890 AUPRC=0.9908 Precision=0.9756 Recall=0.9428
epoch 285 | val AUROC=0.9895 AUPRC=0.9914 Precision=0.9628 Recall=0.9596
epoch 286 | val AUROC=0.9881 AUPRC=0.9903 Precision=0.9503 Recall=0.9663
epoch 287 | val AUROC=0.9878 AUPRC=0.9897 Precision=0.9627 Recall=0.9562
epoch 288 | val AUROC=0.9891 AUPRC=0.9908 Precision=0.9414 Recall=0.9731
epoch 289 | val AUROC=0.9886 AUPRC=0.9905 Precision=0.9660 Recall=0.9562
epoch 290 | val AUROC=0.9880 AUPRC=0.9904 Precision=0.9505 Recall=0.9697
epoch 291 | val AUROC=0.9896 AUPRC=0.9912 Precision=0.9567 Recall=0.9663
epoch 292 | val AUROC=0.9888 AUPRC=0.9905 Precision=0.9564 Recall=0.9596
epoch 293 | val AUROC=0.9894 AUPRC=0.9911 Precision=0.9474 Recall=0.9697
epoch 294 | val AUROC=0.9906 AUPRC=0.9921 Precision=0.9694 Recall=0.9596
epoch 295 | val AUROC=0.9897 AUPRC=0.9915 Precision=0.9662 Recall=0.9630
epoch 296 | val AUROC=0.9907 AUPRC=0.9924 Precision=0.9541 Recall=0.9798
epoch 297 | val AUROC=0.9898 AUPRC=0.9910 Precision=0.9696 Recall=0.9663
epoch 298 | val AUROC=0.9906 AUPRC=0.9916 Precision=0.9758 Recall=0.9495
epoch 299 | val AUROC=0.9901 AUPRC=0.9920 Precision=0.9664 Recall=0.9697
epoch 300 | val AUROC=0.9889 AUPRC=0.9907 Precision=0.9728 Recall=0.9630
epoch 301 | val AUROC=0.9903 AUPRC=0.9920 Precision=0.9474 Recall=0.9697
epoch 302 | val AUROC=0.9910 AUPRC=0.9924 Precision=0.9664 Recall=0.9697
epoch 303 | val AUROC=0.9909 AUPRC=0.9920 Precision=0.9729 Recall=0.9663
epoch 304 | val AUROC=0.9906 AUPRC=0.9920 Precision=0.9761 Recall=0.9630
epoch 305 | val AUROC=0.9912 AUPRC=0.9925 Precision=0.9571 Recall=0.9764
epoch 306 | val AUROC=0.9928 AUPRC=0.9939 Precision=0.9731 Recall=0.9731
epoch 307 | val AUROC=0.9924 AUPRC=0.9935 Precision=0.9697 Recall=0.9697
epoch 308 | val AUROC=0.9917 AUPRC=0.9929 Precision=0.9698 Recall=0.9731
epoch 309 | val AUROC=0.9918 AUPRC=0.9930 Precision=0.9698 Recall=0.9731
epoch 310 | val AUROC=0.9920 AUPRC=0.9932 Precision=0.9601 Recall=0.9731
epoch 311 | val AUROC=0.9881 AUPRC=0.9896 Precision=0.9754 Recall=0.9360
epoch 312 | val AUROC=0.9903 AUPRC=0.9919 Precision=0.9567 Recall=0.9663
epoch 313 | val AUROC=0.9897 AUPRC=0.9912 Precision=0.9662 Recall=0.9630
epoch 314 | val AUROC=0.9915 AUPRC=0.9927 Precision=0.9761 Recall=0.9630
epoch 315 | val AUROC=0.9903 AUPRC=0.9913 Precision=0.9694 Recall=0.9596
epoch 316 | val AUROC=0.9920 AUPRC=0.9931 Precision=0.9693 Recall=0.9562
epoch 317 | val AUROC=0.9905 AUPRC=0.9911 Precision=0.9628 Recall=0.9596
epoch 318 | val AUROC=0.9914 AUPRC=0.9927 Precision=0.9564 Recall=0.9596
epoch 319 | val AUROC=0.9933 AUPRC=0.9936 Precision=0.9695 Recall=0.9630
epoch 320 | val AUROC=0.9930 AUPRC=0.9935 Precision=0.9567 Recall=0.9663
epoch 321 | val AUROC=0.9926 AUPRC=0.9933 Precision=0.9826 Recall=0.9529
epoch 322 | val AUROC=0.9917 AUPRC=0.9906 Precision=0.9448 Recall=0.9798
epoch 323 | val AUROC=0.9915 AUPRC=0.9914 Precision=0.9659 Recall=0.9529
epoch 324 | val AUROC=0.9904 AUPRC=0.9905 Precision=0.9758 Recall=0.9495
epoch 325 | val AUROC=0.9907 AUPRC=0.9912 Precision=0.9601 Recall=0.9731
epoch 326 | val AUROC=0.9916 AUPRC=0.9924 Precision=0.9662 Recall=0.9630
epoch 327 | val AUROC=0.9908 AUPRC=0.9912 Precision=0.9595 Recall=0.9562
epoch 328 | val AUROC=0.9916 AUPRC=0.9920 Precision=0.9721 Recall=0.9394
epoch 329 | val AUROC=0.9917 AUPRC=0.9924 Precision=0.9633 Recall=0.9731
epoch 330 | val AUROC=0.9909 AUPRC=0.9916 Precision=0.9753 Recall=0.9293
epoch 331 | val AUROC=0.9900 AUPRC=0.9904 Precision=0.9755 Recall=0.9394
epoch 332 | val AUROC=0.9901 AUPRC=0.9903 Precision=0.9565 Recall=0.9630
epoch 333 | val AUROC=0.9900 AUPRC=0.9907 Precision=0.9693 Recall=0.9562
epoch 334 | val AUROC=0.9883 AUPRC=0.9899 Precision=0.9592 Recall=0.9495
epoch 335 | val AUROC=0.9915 AUPRC=0.9923 Precision=0.9755 Recall=0.9394
epoch 336 | val AUROC=0.9917 AUPRC=0.9922 Precision=0.9383 Recall=0.9731
epoch 337 | val AUROC=0.9898 AUPRC=0.9901 Precision=0.9751 Recall=0.9226
epoch 338 | val AUROC=0.9928 AUPRC=0.9928 Precision=0.9632 Recall=0.9697
epoch 339 | val AUROC=0.9928 AUPRC=0.9933 Precision=0.9728 Recall=0.9630
epoch 340 | val AUROC=0.9927 AUPRC=0.9932 Precision=0.9695 Recall=0.9630
epoch 341 | val AUROC=0.9927 AUPRC=0.9933 Precision=0.9697 Recall=0.9697
epoch 342 | val AUROC=0.9932 AUPRC=0.9938 Precision=0.9599 Recall=0.9663
[FIND BEST!] epoch 343 | val AUROC=0.9942 AUPRC=0.9944 Precision=0.9694 Recall=0.9596|
test AUROC=0.9742 AUPRC=0.9734 Precision=0.9319 Recall=0.9319
epoch 344 | val AUROC=0.9942 AUPRC=0.9943 Precision=0.9538 Recall=0.9731
[FIND BEST!] epoch 345 | val AUROC=0.9951 AUPRC=0.9952 Precision=0.9662 Recall=0.9630|
test AUROC=0.9758 AUPRC=0.9759 Precision=0.9321 Recall=0.9355
epoch 346 | val AUROC=0.9931 AUPRC=0.9937 Precision=0.9726 Recall=0.9562
epoch 347 | val AUROC=0.9928 AUPRC=0.9935 Precision=0.9605 Recall=0.9832
epoch 348 | val AUROC=0.9919 AUPRC=0.9926 Precision=0.9722 Recall=0.9428
epoch 349 | val AUROC=0.9919 AUPRC=0.9930 Precision=0.9599 Recall=0.9663
epoch 350 | val AUROC=0.9909 AUPRC=0.9919 Precision=0.9758 Recall=0.9495
epoch 351 | val AUROC=0.9885 AUPRC=0.9884 Precision=0.9530 Recall=0.9562
epoch 352 | val AUROC=0.9899 AUPRC=0.9906 Precision=0.9530 Recall=0.9562
epoch 353 | val AUROC=0.9895 AUPRC=0.9892 Precision=0.9592 Recall=0.9495
epoch 354 | val AUROC=0.9905 AUPRC=0.9909 Precision=0.9595 Recall=0.9562
epoch 355 | val AUROC=0.9926 AUPRC=0.9927 Precision=0.9508 Recall=0.9764
epoch 356 | val AUROC=0.9931 AUPRC=0.9936 Precision=0.9536 Recall=0.9697
epoch 357 | val AUROC=0.9911 AUPRC=0.9918 Precision=0.9659 Recall=0.9529
epoch 358 | val AUROC=0.9936 AUPRC=0.9943 Precision=0.9632 Recall=0.9697
epoch 359 | val AUROC=0.9937 AUPRC=0.9944 Precision=0.9633 Recall=0.9731
epoch 360 | val AUROC=0.9928 AUPRC=0.9932 Precision=0.9697 Recall=0.9697
epoch 361 | val AUROC=0.9922 AUPRC=0.9926 Precision=0.9631 Recall=0.9663
epoch 362 | val AUROC=0.9932 AUPRC=0.9936 Precision=0.9600 Recall=0.9697
epoch 363 | val AUROC=0.9935 AUPRC=0.9939 Precision=0.9664 Recall=0.9697
epoch 364 | val AUROC=0.9932 AUPRC=0.9937 Precision=0.9697 Recall=0.9697
epoch 365 | val AUROC=0.9940 AUPRC=0.9944 Precision=0.9698 Recall=0.9731
epoch 366 | val AUROC=0.9941 AUPRC=0.9941 Precision=0.9700 Recall=0.9798
epoch 367 | val AUROC=0.9927 AUPRC=0.9930 Precision=0.9565 Recall=0.9630
epoch 368 | val AUROC=0.9928 AUPRC=0.9933 Precision=0.9728 Recall=0.9630
epoch 369 | val AUROC=0.9901 AUPRC=0.9912 Precision=0.9628 Recall=0.9596
epoch 370 | val AUROC=0.9919 AUPRC=0.9931 Precision=0.9664 Recall=0.9697
epoch 371 | val AUROC=0.9907 AUPRC=0.9925 Precision=0.9819 Recall=0.9125
epoch 372 | val AUROC=0.9896 AUPRC=0.9916 Precision=0.9693 Recall=0.9562
epoch 373 | val AUROC=0.9928 AUPRC=0.9940 Precision=0.9695 Recall=0.9630
epoch 374 | val AUROC=0.9927 AUPRC=0.9937 Precision=0.9603 Recall=0.9764
epoch 375 | val AUROC=0.9938 AUPRC=0.9942 Precision=0.9698 Recall=0.9731
epoch 376 | val AUROC=0.9951 AUPRC=0.9951 Precision=0.9633 Recall=0.9731
epoch 377 | val AUROC=0.9931 AUPRC=0.9931 Precision=0.9631 Recall=0.9663
epoch 378 | val AUROC=0.9928 AUPRC=0.9931 Precision=0.9630 Recall=0.9630
epoch 379 | val AUROC=0.9911 AUPRC=0.9914 Precision=0.9443 Recall=0.9697
epoch 380 | val AUROC=0.9925 AUPRC=0.9930 Precision=0.9508 Recall=0.9764
epoch 381 | val AUROC=0.9917 AUPRC=0.9922 Precision=0.9567 Recall=0.9663
epoch 382 | val AUROC=0.9917 AUPRC=0.9922 Precision=0.9696 Recall=0.9663
epoch 383 | val AUROC=0.9917 AUPRC=0.9921 Precision=0.9689 Recall=0.9428
epoch 384 | val AUROC=0.9904 AUPRC=0.9908 Precision=0.9595 Recall=0.9562
epoch 385 | val AUROC=0.9912 AUPRC=0.9916 Precision=0.9535 Recall=0.9663
epoch 386 | val AUROC=0.9913 AUPRC=0.9916 Precision=0.9596 Recall=0.9596
epoch 387 | val AUROC=0.9908 AUPRC=0.9909 Precision=0.9627 Recall=0.9562
epoch 388 | val AUROC=0.9915 AUPRC=0.9917 Precision=0.9693 Recall=0.9562
epoch 389 | val AUROC=0.9922 AUPRC=0.9926 Precision=0.9631 Recall=0.9663
epoch 390 | val AUROC=0.9920 AUPRC=0.9924 Precision=0.9659 Recall=0.9529
epoch 391 | val AUROC=0.9912 AUPRC=0.9916 Precision=0.9659 Recall=0.9529
epoch 392 | val AUROC=0.9907 AUPRC=0.9913 Precision=0.9626 Recall=0.9529
epoch 393 | val AUROC=0.9914 AUPRC=0.9920 Precision=0.9622 Recall=0.9428
epoch 394 | val AUROC=0.9910 AUPRC=0.9918 Precision=0.9535 Recall=0.9663
epoch 395 | val AUROC=0.9905 AUPRC=0.9917 Precision=0.9690 Recall=0.9461
epoch 396 | val AUROC=0.9913 AUPRC=0.9923 Precision=0.9568 Recall=0.9697
epoch 397 | val AUROC=0.9914 AUPRC=0.9917 Precision=0.9600 Recall=0.9697
epoch 398 | val AUROC=0.9902 AUPRC=0.9906 Precision=0.9495 Recall=0.9495
epoch 399 | val AUROC=0.9920 AUPRC=0.9927 Precision=0.9691 Recall=0.9495
epoch 400 | val AUROC=0.9918 AUPRC=0.9925 Precision=0.9472 Recall=0.9663
epoch 401 | val AUROC=0.9913 AUPRC=0.9920 Precision=0.9596 Recall=0.9596
epoch 402 | val AUROC=0.9927 AUPRC=0.9934 Precision=0.9660 Recall=0.9562
epoch 403 | val AUROC=0.9911 AUPRC=0.9920 Precision=0.9567 Recall=0.9663
epoch 404 | val AUROC=0.9906 AUPRC=0.9909 Precision=0.9500 Recall=0.9596
epoch 405 | val AUROC=0.9886 AUPRC=0.9892 Precision=0.9323 Recall=0.9731
epoch 406 | val AUROC=0.9883 AUPRC=0.9883 Precision=0.9627 Recall=0.9562
epoch 407 | val AUROC=0.9893 AUPRC=0.9895 Precision=0.9470 Recall=0.9630
epoch 408 | val AUROC=0.9900 AUPRC=0.9899 Precision=0.9592 Recall=0.9495
epoch 409 | val AUROC=0.9902 AUPRC=0.9899 Precision=0.9659 Recall=0.9529
epoch 410 | val AUROC=0.9883 AUPRC=0.9875 Precision=0.9465 Recall=0.9529
epoch 411 | val AUROC=0.9889 AUPRC=0.9895 Precision=0.9385 Recall=0.9764
epoch 412 | val AUROC=0.9910 AUPRC=0.9920 Precision=0.9626 Recall=0.9529
epoch 413 | val AUROC=0.9915 AUPRC=0.9929 Precision=0.9564 Recall=0.9596
epoch 414 | val AUROC=0.9900 AUPRC=0.9916 Precision=0.9692 Recall=0.9529
epoch 415 | val AUROC=0.9890 AUPRC=0.9901 Precision=0.9623 Recall=0.9461
epoch 416 | val AUROC=0.9904 AUPRC=0.9916 Precision=0.9562 Recall=0.9562
epoch 417 | val AUROC=0.9904 AUPRC=0.9921 Precision=0.9627 Recall=0.9562
epoch 418 | val AUROC=0.9912 AUPRC=0.9925 Precision=0.9627 Recall=0.9562
epoch 419 | val AUROC=0.9911 AUPRC=0.9923 Precision=0.9533 Recall=0.9630
epoch 420 | val AUROC=0.9922 AUPRC=0.9934 Precision=0.9597 Recall=0.9630
epoch 421 | val AUROC=0.9926 AUPRC=0.9939 Precision=0.9597 Recall=0.9630
epoch 422 | val AUROC=0.9909 AUPRC=0.9920 Precision=0.9470 Recall=0.9630
epoch 423 | val AUROC=0.9892 AUPRC=0.9901 Precision=0.9439 Recall=0.9630
epoch 424 | val AUROC=0.9906 AUPRC=0.9917 Precision=0.9439 Recall=0.9630
epoch 425 | val AUROC=0.9909 AUPRC=0.9919 Precision=0.9565 Recall=0.9630
epoch 426 | val AUROC=0.9904 AUPRC=0.9915 Precision=0.9565 Recall=0.9630
epoch 427 | val AUROC=0.9901 AUPRC=0.9912 Precision=0.9565 Recall=0.9630
epoch 428 | val AUROC=0.9905 AUPRC=0.9914 Precision=0.9412 Recall=0.9697
epoch 429 | val AUROC=0.9908 AUPRC=0.9918 Precision=0.9599 Recall=0.9663
epoch 430 | val AUROC=0.9904 AUPRC=0.9914 Precision=0.9505 Recall=0.9697
epoch 431 | val AUROC=0.9909 AUPRC=0.9912 Precision=0.9597 Recall=0.9630
epoch 432 | val AUROC=0.9897 AUPRC=0.9897 Precision=0.9505 Recall=0.9697
epoch 433 | val AUROC=0.9911 AUPRC=0.9913 Precision=0.9694 Recall=0.9596
epoch 434 | val AUROC=0.9915 AUPRC=0.9918 Precision=0.9505 Recall=0.9697
epoch 435 | val AUROC=0.9907 AUPRC=0.9905 Precision=0.9565 Recall=0.9630
epoch 436 | val AUROC=0.9879 AUPRC=0.9878 Precision=0.9533 Recall=0.9630
epoch 437 | val AUROC=0.9875 AUPRC=0.9874 Precision=0.9472 Recall=0.9663
epoch 438 | val AUROC=0.9890 AUPRC=0.9896 Precision=0.9689 Recall=0.9428
epoch 439 | val AUROC=0.9899 AUPRC=0.9904 Precision=0.9502 Recall=0.9630
epoch 440 | val AUROC=0.9907 AUPRC=0.9915 Precision=0.9595 Recall=0.9562
epoch 441 | val AUROC=0.9922 AUPRC=0.9927 Precision=0.9596 Recall=0.9596
epoch 442 | val AUROC=0.9921 AUPRC=0.9926 Precision=0.9535 Recall=0.9663
epoch 443 | val AUROC=0.9919 AUPRC=0.9926 Precision=0.9689 Recall=0.9428
epoch 444 | val AUROC=0.9920 AUPRC=0.9927 Precision=0.9661 Recall=0.9596
epoch 445 | val AUROC=0.9920 AUPRC=0.9926 Precision=0.9562 Recall=0.9562
epoch 446 | val AUROC=0.9935 AUPRC=0.9937 Precision=0.9502 Recall=0.9630
epoch 447 | val AUROC=0.9935 AUPRC=0.9938 Precision=0.9562 Recall=0.9562
epoch 448 | val AUROC=0.9947 AUPRC=0.9948 Precision=0.9600 Recall=0.9697
epoch 449 | val AUROC=0.9940 AUPRC=0.9941 Precision=0.9533 Recall=0.9630
epoch 450 | val AUROC=0.9916 AUPRC=0.9915 Precision=0.9465 Recall=0.9529
epoch 451 | val AUROC=0.9913 AUPRC=0.9915 Precision=0.9461 Recall=0.9461
epoch 452 | val AUROC=0.9930 AUPRC=0.9932 Precision=0.9497 Recall=0.9529
epoch 453 | val AUROC=0.9938 AUPRC=0.9939 Precision=0.9532 Recall=0.9596
epoch 454 | val AUROC=0.9947 AUPRC=0.9947 Precision=0.9470 Recall=0.9630
epoch 455 | val AUROC=0.9936 AUPRC=0.9937 Precision=0.9498 Recall=0.9562
epoch 456 | val AUROC=0.9942 AUPRC=0.9942 Precision=0.9627 Recall=0.9562
epoch 457 | val AUROC=0.9938 AUPRC=0.9939 Precision=0.9593 Recall=0.9529
epoch 458 | val AUROC=0.9932 AUPRC=0.9931 Precision=0.9530 Recall=0.9562
epoch 459 | val AUROC=0.9895 AUPRC=0.9901 Precision=0.9529 Recall=0.9529
epoch 460 | val AUROC=0.9907 AUPRC=0.9912 Precision=0.9530 Recall=0.9562
epoch 461 | val AUROC=0.9902 AUPRC=0.9908 Precision=0.9661 Recall=0.9596
epoch 462 | val AUROC=0.9901 AUPRC=0.9909 Precision=0.9564 Recall=0.9596
epoch 463 | val AUROC=0.9904 AUPRC=0.9911 Precision=0.9592 Recall=0.9495
epoch 464 | val AUROC=0.9910 AUPRC=0.9916 Precision=0.9595 Recall=0.9562
epoch 465 | val AUROC=0.9913 AUPRC=0.9918 Precision=0.9625 Recall=0.9495
epoch 466 | val AUROC=0.9906 AUPRC=0.9907 Precision=0.9495 Recall=0.9495
epoch 467 | val AUROC=0.9919 AUPRC=0.9922 Precision=0.9595 Recall=0.9562
epoch 468 | val AUROC=0.9917 AUPRC=0.9919 Precision=0.9759 Recall=0.9529
epoch 469 | val AUROC=0.9890 AUPRC=0.9898 Precision=0.9621 Recall=0.9394
epoch 470 | val AUROC=0.9900 AUPRC=0.9911 Precision=0.9627 Recall=0.9562
epoch 471 | val AUROC=0.9895 AUPRC=0.9907 Precision=0.9595 Recall=0.9562
epoch 472 | val AUROC=0.9921 AUPRC=0.9924 Precision=0.9661 Recall=0.9596
epoch 473 | val AUROC=0.9911 AUPRC=0.9919 Precision=0.9663 Recall=0.9663
epoch 474 | val AUROC=0.9904 AUPRC=0.9915 Precision=0.9659 Recall=0.9529
epoch 475 | val AUROC=0.9909 AUPRC=0.9916 Precision=0.9664 Recall=0.9697
epoch 476 | val AUROC=0.9910 AUPRC=0.9916 Precision=0.9631 Recall=0.9663
epoch 477 | val AUROC=0.9919 AUPRC=0.9923 Precision=0.9663 Recall=0.9663
epoch 478 | val AUROC=0.9905 AUPRC=0.9913 Precision=0.9727 Recall=0.9596
epoch 479 | val AUROC=0.9925 AUPRC=0.9932 Precision=0.9570 Recall=0.9731
epoch 480 | val AUROC=0.9928 AUPRC=0.9934 Precision=0.9664 Recall=0.9697
epoch 481 | val AUROC=0.9933 AUPRC=0.9937 Precision=0.9631 Recall=0.9663
epoch 482 | val AUROC=0.9930 AUPRC=0.9936 Precision=0.9723 Recall=0.9461
epoch 483 | val AUROC=0.9930 AUPRC=0.9935 Precision=0.9357 Recall=0.9798
epoch 484 | val AUROC=0.9898 AUPRC=0.9912 Precision=0.9754 Recall=0.9327
epoch 485 | val AUROC=0.9894 AUPRC=0.9903 Precision=0.9593 Recall=0.9529
epoch 486 | val AUROC=0.9912 AUPRC=0.9921 Precision=0.9754 Recall=0.9360
epoch 487 | val AUROC=0.9905 AUPRC=0.9915 Precision=0.9351 Recall=0.9697
epoch 488 | val AUROC=0.9905 AUPRC=0.9916 Precision=0.9655 Recall=0.9428
epoch 489 | val AUROC=0.9905 AUPRC=0.9916 Precision=0.9500 Recall=0.9596
epoch 490 | val AUROC=0.9908 AUPRC=0.9916 Precision=0.9567 Recall=0.9663
epoch 491 | val AUROC=0.9908 AUPRC=0.9916 Precision=0.9694 Recall=0.9596
epoch 492 | val AUROC=0.9899 AUPRC=0.9907 Precision=0.9536 Recall=0.9697
epoch 493 | val AUROC=0.9908 AUPRC=0.9916 Precision=0.9662 Recall=0.9630
epoch 494 | val AUROC=0.9910 AUPRC=0.9917 Precision=0.9663 Recall=0.9663
epoch 495 | val AUROC=0.9913 AUPRC=0.9921 Precision=0.9664 Recall=0.9697
epoch 496 | val AUROC=0.9915 AUPRC=0.9924 Precision=0.9663 Recall=0.9663
epoch 497 | val AUROC=0.9915 AUPRC=0.9924 Precision=0.9664 Recall=0.9697
epoch 498 | val AUROC=0.9908 AUPRC=0.9918 Precision=0.9631 Recall=0.9663
epoch 499 | val AUROC=0.9900 AUPRC=0.9902 Precision=0.9597 Recall=0.9630
epoch 500 | val AUROC=0.9897 AUPRC=0.9900 Precision=0.9502 Recall=0.9630
epoch 501 | val AUROC=0.9897 AUPRC=0.9901 Precision=0.9527 Recall=0.9495
epoch 502 | val AUROC=0.9858 AUPRC=0.9859 Precision=0.9525 Recall=0.9461
epoch 503 | val AUROC=0.9882 AUPRC=0.9887 Precision=0.9290 Recall=0.9697
epoch 504 | val AUROC=0.9879 AUPRC=0.9887 Precision=0.9408 Recall=0.9630
epoch 505 | val AUROC=0.9873 AUPRC=0.9878 Precision=0.9689 Recall=0.9428
epoch 506 | val AUROC=0.9857 AUPRC=0.9861 Precision=0.9503 Recall=0.9663
epoch 507 | val AUROC=0.9857 AUPRC=0.9857 Precision=0.9439 Recall=0.9630
epoch 508 | val AUROC=0.9902 AUPRC=0.9909 Precision=0.9630 Recall=0.9630
epoch 509 | val AUROC=0.9904 AUPRC=0.9911 Precision=0.9565 Recall=0.9630
epoch 510 | val AUROC=0.9915 AUPRC=0.9920 Precision=0.9659 Recall=0.9529
epoch 511 | val AUROC=0.9905 AUPRC=0.9910 Precision=0.9568 Recall=0.9697
epoch 512 | val AUROC=0.9907 AUPRC=0.9912 Precision=0.9567 Recall=0.9663
epoch 513 | val AUROC=0.9904 AUPRC=0.9910 Precision=0.9599 Recall=0.9663
epoch 514 | val AUROC=0.9896 AUPRC=0.9905 Precision=0.9571 Recall=0.9764
epoch 515 | val AUROC=0.9891 AUPRC=0.9898 Precision=0.9601 Recall=0.9731
epoch 516 | val AUROC=0.9892 AUPRC=0.9899 Precision=0.9660 Recall=0.9562
epoch 517 | val AUROC=0.9881 AUPRC=0.9887 Precision=0.9530 Recall=0.9562
epoch 518 | val AUROC=0.9892 AUPRC=0.9898 Precision=0.9535 Recall=0.9663
epoch 519 | val AUROC=0.9873 AUPRC=0.9887 Precision=0.9559 Recall=0.9495
epoch 520 | val AUROC=0.9898 AUPRC=0.9909 Precision=0.9595 Recall=0.9562
epoch 521 | val AUROC=0.9905 AUPRC=0.9915 Precision=0.9627 Recall=0.9562
epoch 522 | val AUROC=0.9902 AUPRC=0.9910 Precision=0.9596 Recall=0.9596
epoch 523 | val AUROC=0.9900 AUPRC=0.9908 Precision=0.9567 Recall=0.9663
epoch 524 | val AUROC=0.9882 AUPRC=0.9888 Precision=0.9568 Recall=0.9697
epoch 525 | val AUROC=0.9903 AUPRC=0.9910 Precision=0.9627 Recall=0.9562
epoch 526 | val AUROC=0.9907 AUPRC=0.9916 Precision=0.9571 Recall=0.9764
epoch 527 | val AUROC=0.9854 AUPRC=0.9863 Precision=0.9498 Recall=0.9562
epoch 528 | val AUROC=0.9856 AUPRC=0.9859 Precision=0.9582 Recall=0.9259
epoch 529 | val AUROC=0.9864 AUPRC=0.9856 Precision=0.9468 Recall=0.9596
epoch 530 | val AUROC=0.9880 AUPRC=0.9888 Precision=0.9659 Recall=0.9529
epoch 531 | val AUROC=0.9868 AUPRC=0.9862 Precision=0.9318 Recall=0.9663
epoch 532 | val AUROC=0.9893 AUPRC=0.9895 Precision=0.9559 Recall=0.9495
epoch 533 | val AUROC=0.9902 AUPRC=0.9907 Precision=0.9467 Recall=0.9562
epoch 534 | val AUROC=0.9895 AUPRC=0.9901 Precision=0.9595 Recall=0.9562
epoch 535 | val AUROC=0.9872 AUPRC=0.9885 Precision=0.9351 Recall=0.9697
epoch 536 | val AUROC=0.9894 AUPRC=0.9903 Precision=0.9564 Recall=0.9596
epoch 537 | val AUROC=0.9899 AUPRC=0.9912 Precision=0.9564 Recall=0.9596
epoch 538 | val AUROC=0.9908 AUPRC=0.9920 Precision=0.9505 Recall=0.9697
epoch 539 | val AUROC=0.9912 AUPRC=0.9923 Precision=0.9630 Recall=0.9630
epoch 540 | val AUROC=0.9913 AUPRC=0.9923 Precision=0.9726 Recall=0.9562
epoch 541 | val AUROC=0.9907 AUPRC=0.9916 Precision=0.9726 Recall=0.9562
epoch 542 | val AUROC=0.9907 AUPRC=0.9916 Precision=0.9694 Recall=0.9596
epoch 543 | val AUROC=0.9888 AUPRC=0.9899 Precision=0.9502 Recall=0.9630
epoch 544 | val AUROC=0.9906 AUPRC=0.9920 Precision=0.9662 Recall=0.9630
epoch 545 | val AUROC=0.9908 AUPRC=0.9921 Precision=0.9630 Recall=0.9630
early stopping at epoch 545
[02:45:56] DONE  HAG-DTA GIN
[02:45:56] ========== Human seed=4000 COMPLETE ==========
