[23:24:25] ========== Human seed=1000 ==========
[23:24:25] START HAG-DTA GIN
Diff_DTA_GIN
dataset: Human
Learning rate: 0.0005
Epochs: 1000
Validation interval: 1
Early stop patience: 200

running on Human, seed=1000
Pre-processed data found: /root/autodl-tmp/HAG-DTA-cache/processed/Human_train.pt, loading ...
Pre-processed data found: /root/autodl-tmp/HAG-DTA-cache/processed/Human_val.pt, loading ...
Pre-processed data found: /root/autodl-tmp/HAG-DTA-cache/processed/Human_test.pt, loading ...
/root/HAG-DTA/py38_env/lib/python3.8/site-packages/torch_geometric/deprecation.py:26: UserWarning: 'data.DenseDataLoader' is deprecated, use 'loader.DenseDataLoader' instead
  warnings.warn(out)
Hierarchical pooling: n1=6, n2=3
[FIND BEST!] epoch 1 | val AUROC=0.8925 AUPRC=0.9082 Precision=0.6432 Recall=0.9529|
test AUROC=0.8960 AUPRC=0.9005 Precision=0.6322 Recall=0.9427
[FIND BEST!] epoch 2 | val AUROC=0.9547 AUPRC=0.9615 Precision=0.9323 Recall=0.8350|
test AUROC=0.9342 AUPRC=0.9369 Precision=0.8806 Recall=0.8459
[FIND BEST!] epoch 3 | val AUROC=0.9657 AUPRC=0.9667 Precision=0.9476 Recall=0.8519|
test AUROC=0.9495 AUPRC=0.9343 Precision=0.9030 Recall=0.8674
[FIND BEST!] epoch 4 | val AUROC=0.9789 AUPRC=0.9820 Precision=0.9840 Recall=0.8283|
test AUROC=0.9614 AUPRC=0.9604 Precision=0.9461 Recall=0.8172
[FIND BEST!] epoch 5 | val AUROC=0.9842 AUPRC=0.9867 Precision=0.9816 Recall=0.8990|
test AUROC=0.9648 AUPRC=0.9675 Precision=0.9414 Recall=0.8638
epoch 6 | val AUROC=0.9830 AUPRC=0.9853 Precision=0.9805 Recall=0.8485
epoch 7 | val AUROC=0.9828 AUPRC=0.9855 Precision=0.9373 Recall=0.9562
[FIND BEST!] epoch 8 | val AUROC=0.9856 AUPRC=0.9867 Precision=0.9545 Recall=0.9192|
test AUROC=0.9711 AUPRC=0.9723 Precision=0.9307 Recall=0.9140
epoch 9 | val AUROC=0.9819 AUPRC=0.9843 Precision=0.9767 Recall=0.8451
[FIND BEST!] epoch 10 | val AUROC=0.9863 AUPRC=0.9872 Precision=0.9815 Recall=0.8956|
test AUROC=0.9715 AUPRC=0.9733 Precision=0.9540 Recall=0.8925
[FIND BEST!] epoch 11 | val AUROC=0.9872 AUPRC=0.9879 Precision=0.9550 Recall=0.9293|
test AUROC=0.9736 AUPRC=0.9765 Precision=0.9307 Recall=0.9140
epoch 12 | val AUROC=0.9839 AUPRC=0.9864 Precision=0.9582 Recall=0.9259
epoch 13 | val AUROC=0.9783 AUPRC=0.9809 Precision=0.9488 Recall=0.9360
[FIND BEST!] epoch 14 | val AUROC=0.9883 AUPRC=0.9894 Precision=0.9028 Recall=0.9697|
test AUROC=0.9756 AUPRC=0.9773 Precision=0.8428 Recall=0.9606
epoch 15 | val AUROC=0.9871 AUPRC=0.9881 Precision=0.9670 Recall=0.8889
epoch 16 | val AUROC=0.9845 AUPRC=0.9870 Precision=0.9607 Recall=0.9057
epoch 17 | val AUROC=0.9870 AUPRC=0.9888 Precision=0.9748 Recall=0.9125
epoch 18 | val AUROC=0.9873 AUPRC=0.9889 Precision=0.7929 Recall=0.9798
[FIND BEST!] epoch 19 | val AUROC=0.9894 AUPRC=0.9912 Precision=0.9751 Recall=0.9226|
test AUROC=0.9777 AUPRC=0.9791 Precision=0.9353 Recall=0.9319
epoch 20 | val AUROC=0.9860 AUPRC=0.9876 Precision=0.9091 Recall=0.9764
epoch 21 | val AUROC=0.9884 AUPRC=0.9899 Precision=0.9658 Recall=0.9495
epoch 22 | val AUROC=0.9863 AUPRC=0.9883 Precision=0.9495 Recall=0.9495
[FIND BEST!] epoch 23 | val AUROC=0.9896 AUPRC=0.9907 Precision=0.9715 Recall=0.9192|
test AUROC=0.9739 AUPRC=0.9750 Precision=0.9405 Recall=0.9068
epoch 24 | val AUROC=0.9863 AUPRC=0.9882 Precision=0.9522 Recall=0.9394
epoch 25 | val AUROC=0.9888 AUPRC=0.9908 Precision=0.9379 Recall=0.9663
epoch 26 | val AUROC=0.9884 AUPRC=0.9901 Precision=0.9140 Recall=0.9663
epoch 27 | val AUROC=0.9874 AUPRC=0.9890 Precision=0.9617 Recall=0.9293
epoch 28 | val AUROC=0.9857 AUPRC=0.9878 Precision=0.9522 Recall=0.9394
epoch 29 | val AUROC=0.9880 AUPRC=0.9888 Precision=0.9406 Recall=0.9596
epoch 30 | val AUROC=0.9887 AUPRC=0.9903 Precision=0.9821 Recall=0.9259
epoch 31 | val AUROC=0.9877 AUPRC=0.9895 Precision=0.8865 Recall=0.9731
epoch 32 | val AUROC=0.9867 AUPRC=0.9882 Precision=0.9574 Recall=0.9091
epoch 33 | val AUROC=0.9862 AUPRC=0.9883 Precision=0.9783 Recall=0.9091
epoch 34 | val AUROC=0.9859 AUPRC=0.9888 Precision=0.9433 Recall=0.9529
epoch 35 | val AUROC=0.9843 AUPRC=0.9871 Precision=0.9286 Recall=0.9630
epoch 36 | val AUROC=0.9852 AUPRC=0.9864 Precision=0.9779 Recall=0.8956
epoch 37 | val AUROC=0.9860 AUPRC=0.9852 Precision=0.8822 Recall=0.9832
epoch 38 | val AUROC=0.9892 AUPRC=0.9903 Precision=0.9621 Recall=0.9394
epoch 39 | val AUROC=0.9881 AUPRC=0.9886 Precision=0.9263 Recall=0.9731
epoch 40 | val AUROC=0.9863 AUPRC=0.9874 Precision=0.9422 Recall=0.9327
epoch 41 | val AUROC=0.9819 AUPRC=0.9844 Precision=0.9458 Recall=0.9394
epoch 42 | val AUROC=0.9883 AUPRC=0.9890 Precision=0.9344 Recall=0.9596
epoch 43 | val AUROC=0.9845 AUPRC=0.9847 Precision=0.9311 Recall=0.9562
epoch 44 | val AUROC=0.9874 AUPRC=0.9887 Precision=0.9689 Recall=0.9428
epoch 45 | val AUROC=0.9870 AUPRC=0.9879 Precision=0.9226 Recall=0.9630
epoch 46 | val AUROC=0.9860 AUPRC=0.9874 Precision=0.9524 Recall=0.9428
epoch 47 | val AUROC=0.9836 AUPRC=0.9861 Precision=0.9614 Recall=0.9226
epoch 48 | val AUROC=0.9839 AUPRC=0.9866 Precision=0.9527 Recall=0.9495
epoch 49 | val AUROC=0.9862 AUPRC=0.9887 Precision=0.9461 Recall=0.9461
epoch 50 | val AUROC=0.9854 AUPRC=0.9874 Precision=0.9430 Recall=0.9461
epoch 51 | val AUROC=0.9850 AUPRC=0.9874 Precision=0.9398 Recall=0.9461
epoch 52 | val AUROC=0.9850 AUPRC=0.9873 Precision=0.9784 Recall=0.9158
epoch 53 | val AUROC=0.9823 AUPRC=0.9847 Precision=0.9559 Recall=0.9495
epoch 54 | val AUROC=0.9816 AUPRC=0.9839 Precision=0.9850 Recall=0.8855
epoch 55 | val AUROC=0.9832 AUPRC=0.9854 Precision=0.9311 Recall=0.9562
epoch 56 | val AUROC=0.9871 AUPRC=0.9887 Precision=0.9461 Recall=0.9461
epoch 57 | val AUROC=0.9870 AUPRC=0.9885 Precision=0.9253 Recall=0.9596
epoch 58 | val AUROC=0.9861 AUPRC=0.9884 Precision=0.9406 Recall=0.9596
epoch 59 | val AUROC=0.9859 AUPRC=0.9889 Precision=0.9490 Recall=0.9394
epoch 60 | val AUROC=0.9872 AUPRC=0.9899 Precision=0.9525 Recall=0.9461
epoch 61 | val AUROC=0.9874 AUPRC=0.9882 Precision=0.9524 Recall=0.9428
epoch 62 | val AUROC=0.9855 AUPRC=0.9856 Precision=0.9201 Recall=0.9697
epoch 63 | val AUROC=0.9869 AUPRC=0.9888 Precision=0.9648 Recall=0.9226
epoch 64 | val AUROC=0.9851 AUPRC=0.9866 Precision=0.9009 Recall=0.9798
epoch 65 | val AUROC=0.9865 AUPRC=0.9876 Precision=0.9615 Recall=0.9259
epoch 66 | val AUROC=0.9846 AUPRC=0.9868 Precision=0.9467 Recall=0.9562
epoch 67 | val AUROC=0.9867 AUPRC=0.9884 Precision=0.9622 Recall=0.9428
epoch 68 | val AUROC=0.9885 AUPRC=0.9909 Precision=0.9784 Recall=0.9158
epoch 69 | val AUROC=0.9881 AUPRC=0.9911 Precision=0.9695 Recall=0.9630
epoch 70 | val AUROC=0.9893 AUPRC=0.9917 Precision=0.9379 Recall=0.9663
epoch 71 | val AUROC=0.9820 AUPRC=0.9847 Precision=0.9577 Recall=0.9158
epoch 72 | val AUROC=0.9880 AUPRC=0.9884 Precision=0.9492 Recall=0.9428
epoch 73 | val AUROC=0.9880 AUPRC=0.9888 Precision=0.9525 Recall=0.9461
epoch 74 | val AUROC=0.9866 AUPRC=0.9858 Precision=0.9589 Recall=0.9428
epoch 75 | val AUROC=0.9867 AUPRC=0.9878 Precision=0.9590 Recall=0.9461
epoch 76 | val AUROC=0.9876 AUPRC=0.9882 Precision=0.9446 Recall=0.9764
epoch 77 | val AUROC=0.9866 AUPRC=0.9884 Precision=0.9465 Recall=0.9529
epoch 78 | val AUROC=0.9886 AUPRC=0.9896 Precision=0.9375 Recall=0.9596
epoch 79 | val AUROC=0.9884 AUPRC=0.9895 Precision=0.9402 Recall=0.9529
epoch 80 | val AUROC=0.9888 AUPRC=0.9902 Precision=0.9625 Recall=0.9495
epoch 81 | val AUROC=0.9890 AUPRC=0.9907 Precision=0.9652 Recall=0.9327
epoch 82 | val AUROC=0.9881 AUPRC=0.9888 Precision=0.9375 Recall=0.9596
epoch 83 | val AUROC=0.9874 AUPRC=0.9884 Precision=0.9680 Recall=0.9158
epoch 84 | val AUROC=0.9891 AUPRC=0.9901 Precision=0.9318 Recall=0.9663
epoch 85 | val AUROC=0.9876 AUPRC=0.9883 Precision=0.9435 Recall=0.9562
epoch 86 | val AUROC=0.9890 AUPRC=0.9887 Precision=0.9498 Recall=0.9562
epoch 87 | val AUROC=0.9867 AUPRC=0.9865 Precision=0.9684 Recall=0.9293
epoch 88 | val AUROC=0.9847 AUPRC=0.9857 Precision=0.9314 Recall=0.9596
epoch 89 | val AUROC=0.9863 AUPRC=0.9866 Precision=0.9747 Recall=0.9091
epoch 90 | val AUROC=0.9849 AUPRC=0.9858 Precision=0.9223 Recall=0.9596
epoch 91 | val AUROC=0.9860 AUPRC=0.9858 Precision=0.9333 Recall=0.9428
epoch 92 | val AUROC=0.9873 AUPRC=0.9880 Precision=0.9585 Recall=0.9327
epoch 93 | val AUROC=0.9874 AUPRC=0.9886 Precision=0.9549 Recall=0.9259
epoch 94 | val AUROC=0.9874 AUPRC=0.9889 Precision=0.9031 Recall=0.9731
epoch 95 | val AUROC=0.9788 AUPRC=0.9799 Precision=0.9542 Recall=0.9125
epoch 96 | val AUROC=0.9832 AUPRC=0.9843 Precision=0.9643 Recall=0.9091
epoch 97 | val AUROC=0.9851 AUPRC=0.9866 Precision=0.9586 Recall=0.9360
epoch 98 | val AUROC=0.9870 AUPRC=0.9886 Precision=0.9495 Recall=0.9495
epoch 99 | val AUROC=0.9874 AUPRC=0.9885 Precision=0.9430 Recall=0.9461
epoch 100 | val AUROC=0.9884 AUPRC=0.9898 Precision=0.9564 Recall=0.9596
epoch 101 | val AUROC=0.9882 AUPRC=0.9898 Precision=0.9688 Recall=0.9394
[FIND BEST!] epoch 102 | val AUROC=0.9907 AUPRC=0.9912 Precision=0.9412 Recall=0.9697|
test AUROC=0.9755 AUPRC=0.9745 Precision=0.9041 Recall=0.9462
[FIND BEST!] epoch 103 | val AUROC=0.9907 AUPRC=0.9906 Precision=0.9529 Recall=0.9529|
test AUROC=0.9710 AUPRC=0.9683 Precision=0.9143 Recall=0.9176
epoch 104 | val AUROC=0.9878 AUPRC=0.9887 Precision=0.9782 Recall=0.9057
epoch 105 | val AUROC=0.9850 AUPRC=0.9854 Precision=0.8784 Recall=0.9731
epoch 106 | val AUROC=0.9895 AUPRC=0.9903 Precision=0.9653 Recall=0.9360
epoch 107 | val AUROC=0.9890 AUPRC=0.9893 Precision=0.9751 Recall=0.9226
epoch 108 | val AUROC=0.9870 AUPRC=0.9884 Precision=0.9468 Recall=0.9596
epoch 109 | val AUROC=0.9897 AUPRC=0.9906 Precision=0.9786 Recall=0.9226
epoch 110 | val AUROC=0.9890 AUPRC=0.9898 Precision=0.9431 Recall=0.9495
epoch 111 | val AUROC=0.9890 AUPRC=0.9901 Precision=0.9398 Recall=0.9461
epoch 112 | val AUROC=0.9900 AUPRC=0.9910 Precision=0.9495 Recall=0.9495
epoch 113 | val AUROC=0.9872 AUPRC=0.9886 Precision=0.9497 Recall=0.9529
[FIND BEST!] epoch 114 | val AUROC=0.9908 AUPRC=0.9917 Precision=0.9713 Recall=0.9125|
test AUROC=0.9741 AUPRC=0.9767 Precision=0.9511 Recall=0.9068
[FIND BEST!] epoch 115 | val AUROC=0.9913 AUPRC=0.9913 Precision=0.9439 Recall=0.9630|
test AUROC=0.9756 AUPRC=0.9662 Precision=0.9301 Recall=0.9534
epoch 116 | val AUROC=0.9897 AUPRC=0.9911 Precision=0.9719 Recall=0.9327
epoch 117 | val AUROC=0.9912 AUPRC=0.9925 Precision=0.9625 Recall=0.9495
[FIND BEST!] epoch 118 | val AUROC=0.9914 AUPRC=0.9924 Precision=0.9590 Recall=0.9461|
test AUROC=0.9752 AUPRC=0.9762 Precision=0.9161 Recall=0.9391
epoch 119 | val AUROC=0.9913 AUPRC=0.9928 Precision=0.9349 Recall=0.9663
epoch 120 | val AUROC=0.9898 AUPRC=0.9920 Precision=0.9926 Recall=0.9057
[FIND BEST!] epoch 121 | val AUROC=0.9939 AUPRC=0.9940 Precision=0.9414 Recall=0.9731|
test AUROC=0.9778 AUPRC=0.9778 Precision=0.9107 Recall=0.9498
epoch 122 | val AUROC=0.9932 AUPRC=0.9933 Precision=0.9468 Recall=0.9596
epoch 123 | val AUROC=0.9873 AUPRC=0.9889 Precision=0.9686 Recall=0.9360
epoch 124 | val AUROC=0.9896 AUPRC=0.9909 Precision=0.9627 Recall=0.9562
epoch 125 | val AUROC=0.9900 AUPRC=0.9916 Precision=0.9690 Recall=0.9461
epoch 126 | val AUROC=0.9887 AUPRC=0.9905 Precision=0.9621 Recall=0.9394
epoch 127 | val AUROC=0.9896 AUPRC=0.9910 Precision=0.9556 Recall=0.9428
epoch 128 | val AUROC=0.9884 AUPRC=0.9899 Precision=0.9344 Recall=0.9596
epoch 129 | val AUROC=0.9905 AUPRC=0.9917 Precision=0.9470 Recall=0.9630
epoch 130 | val AUROC=0.9905 AUPRC=0.9921 Precision=0.9529 Recall=0.9529
epoch 131 | val AUROC=0.9903 AUPRC=0.9910 Precision=0.9656 Recall=0.9461
epoch 132 | val AUROC=0.9903 AUPRC=0.9909 Precision=0.9658 Recall=0.9495
epoch 133 | val AUROC=0.9904 AUPRC=0.9910 Precision=0.9502 Recall=0.9630
epoch 134 | val AUROC=0.9915 AUPRC=0.9916 Precision=0.9568 Recall=0.9697
epoch 135 | val AUROC=0.9916 AUPRC=0.9914 Precision=0.9586 Recall=0.9360
epoch 136 | val AUROC=0.9911 AUPRC=0.9912 Precision=0.9559 Recall=0.9495
epoch 137 | val AUROC=0.9910 AUPRC=0.9912 Precision=0.9525 Recall=0.9461
epoch 138 | val AUROC=0.9897 AUPRC=0.9900 Precision=0.9346 Recall=0.9630
epoch 139 | val AUROC=0.9886 AUPRC=0.9890 Precision=0.9668 Recall=0.8822
epoch 140 | val AUROC=0.9920 AUPRC=0.9922 Precision=0.9323 Recall=0.9731
epoch 141 | val AUROC=0.9918 AUPRC=0.9919 Precision=0.9650 Recall=0.9293
epoch 142 | val AUROC=0.9924 AUPRC=0.9926 Precision=0.9414 Recall=0.9731
epoch 143 | val AUROC=0.9925 AUPRC=0.9928 Precision=0.9556 Recall=0.9428
epoch 144 | val AUROC=0.9924 AUPRC=0.9925 Precision=0.9556 Recall=0.9428
epoch 145 | val AUROC=0.9920 AUPRC=0.9921 Precision=0.9653 Recall=0.9360
epoch 146 | val AUROC=0.9931 AUPRC=0.9934 Precision=0.9467 Recall=0.9562
epoch 147 | val AUROC=0.9924 AUPRC=0.9929 Precision=0.9721 Recall=0.9394
epoch 148 | val AUROC=0.9918 AUPRC=0.9924 Precision=0.9154 Recall=0.9832
epoch 149 | val AUROC=0.9932 AUPRC=0.9938 Precision=0.9474 Recall=0.9697
epoch 150 | val AUROC=0.9933 AUPRC=0.9942 Precision=0.9754 Recall=0.9327
epoch 151 | val AUROC=0.9934 AUPRC=0.9939 Precision=0.9383 Recall=0.9731
epoch 152 | val AUROC=0.9928 AUPRC=0.9933 Precision=0.9562 Recall=0.9562
epoch 153 | val AUROC=0.9932 AUPRC=0.9934 Precision=0.9724 Recall=0.9495
epoch 154 | val AUROC=0.9920 AUPRC=0.9926 Precision=0.9596 Recall=0.9596
epoch 155 | val AUROC=0.9922 AUPRC=0.9929 Precision=0.9500 Recall=0.9596
epoch 156 | val AUROC=0.9936 AUPRC=0.9941 Precision=0.9561 Recall=0.9529
epoch 157 | val AUROC=0.9925 AUPRC=0.9932 Precision=0.9474 Recall=0.9697
[FIND BEST!] epoch 158 | val AUROC=0.9950 AUPRC=0.9951 Precision=0.9689 Recall=0.9428|
test AUROC=0.9776 AUPRC=0.9734 Precision=0.9460 Recall=0.9427
epoch 159 | val AUROC=0.9944 AUPRC=0.9946 Precision=0.9753 Recall=0.9293
epoch 160 | val AUROC=0.9941 AUPRC=0.9942 Precision=0.9623 Recall=0.9461
epoch 161 | val AUROC=0.9929 AUPRC=0.9933 Precision=0.9653 Recall=0.9360
epoch 162 | val AUROC=0.9930 AUPRC=0.9933 Precision=0.9788 Recall=0.9327
epoch 163 | val AUROC=0.9929 AUPRC=0.9931 Precision=0.9533 Recall=0.9630
epoch 164 | val AUROC=0.9928 AUPRC=0.9932 Precision=0.9622 Recall=0.9428
epoch 165 | val AUROC=0.9924 AUPRC=0.9928 Precision=0.9618 Recall=0.9327
epoch 166 | val AUROC=0.9933 AUPRC=0.9939 Precision=0.9623 Recall=0.9461
epoch 167 | val AUROC=0.9928 AUPRC=0.9931 Precision=0.9717 Recall=0.9259
epoch 168 | val AUROC=0.9929 AUPRC=0.9936 Precision=0.9351 Recall=0.9697
epoch 169 | val AUROC=0.9891 AUPRC=0.9902 Precision=0.9619 Recall=0.9360
epoch 170 | val AUROC=0.9913 AUPRC=0.9922 Precision=0.9752 Recall=0.9259
epoch 171 | val AUROC=0.9885 AUPRC=0.9876 Precision=0.9492 Recall=0.9428
epoch 172 | val AUROC=0.9913 AUPRC=0.9922 Precision=0.9718 Recall=0.9293
epoch 173 | val AUROC=0.9915 AUPRC=0.9928 Precision=0.9590 Recall=0.9461
epoch 174 | val AUROC=0.9911 AUPRC=0.9922 Precision=0.9590 Recall=0.9461
epoch 175 | val AUROC=0.9932 AUPRC=0.9940 Precision=0.9723 Recall=0.9461
epoch 176 | val AUROC=0.9931 AUPRC=0.9934 Precision=0.9694 Recall=0.9596
epoch 177 | val AUROC=0.9928 AUPRC=0.9932 Precision=0.9725 Recall=0.9529
epoch 178 | val AUROC=0.9927 AUPRC=0.9936 Precision=0.9792 Recall=0.9495
epoch 179 | val AUROC=0.9935 AUPRC=0.9943 Precision=0.9625 Recall=0.9495
epoch 180 | val AUROC=0.9925 AUPRC=0.9935 Precision=0.9823 Recall=0.9360
epoch 181 | val AUROC=0.9936 AUPRC=0.9943 Precision=0.9692 Recall=0.9529
epoch 182 | val AUROC=0.9925 AUPRC=0.9935 Precision=0.9760 Recall=0.9596
epoch 183 | val AUROC=0.9943 AUPRC=0.9949 Precision=0.9696 Recall=0.9663
epoch 184 | val AUROC=0.9946 AUPRC=0.9950 Precision=0.9623 Recall=0.9461
epoch 185 | val AUROC=0.9932 AUPRC=0.9939 Precision=0.9823 Recall=0.9360
epoch 186 | val AUROC=0.9932 AUPRC=0.9938 Precision=0.9561 Recall=0.9529
epoch 187 | val AUROC=0.9921 AUPRC=0.9933 Precision=0.9559 Recall=0.9495
epoch 188 | val AUROC=0.9923 AUPRC=0.9934 Precision=0.9686 Recall=0.9360
epoch 189 | val AUROC=0.9924 AUPRC=0.9935 Precision=0.9527 Recall=0.9495
epoch 190 | val AUROC=0.9928 AUPRC=0.9937 Precision=0.9559 Recall=0.9495
epoch 191 | val AUROC=0.9944 AUPRC=0.9950 Precision=0.9694 Recall=0.9596
epoch 192 | val AUROC=0.9910 AUPRC=0.9930 Precision=0.9726 Recall=0.9562
epoch 193 | val AUROC=0.9916 AUPRC=0.9932 Precision=0.9892 Recall=0.9226
epoch 194 | val AUROC=0.9928 AUPRC=0.9938 Precision=0.9414 Recall=0.9731
epoch 195 | val AUROC=0.9920 AUPRC=0.9920 Precision=0.9724 Recall=0.9495
epoch 196 | val AUROC=0.9924 AUPRC=0.9923 Precision=0.9758 Recall=0.9495
epoch 197 | val AUROC=0.9926 AUPRC=0.9926 Precision=0.9596 Recall=0.9596
epoch 198 | val AUROC=0.9912 AUPRC=0.9924 Precision=0.9758 Recall=0.9495
epoch 199 | val AUROC=0.9922 AUPRC=0.9932 Precision=0.9689 Recall=0.9428
epoch 200 | val AUROC=0.9920 AUPRC=0.9928 Precision=0.9379 Recall=0.9663
[FIND BEST!] epoch 201 | val AUROC=0.9954 AUPRC=0.9958 Precision=0.9861 Recall=0.9562|
test AUROC=0.9752 AUPRC=0.9667 Precision=0.9420 Recall=0.9319
epoch 202 | val AUROC=0.9942 AUPRC=0.9947 Precision=0.9759 Recall=0.9562
epoch 203 | val AUROC=0.9892 AUPRC=0.9887 Precision=0.9627 Recall=0.9562
epoch 204 | val AUROC=0.9896 AUPRC=0.9889 Precision=0.9690 Recall=0.9461
epoch 205 | val AUROC=0.9919 AUPRC=0.9922 Precision=0.9692 Recall=0.9529
epoch 206 | val AUROC=0.9916 AUPRC=0.9922 Precision=0.9692 Recall=0.9529
epoch 207 | val AUROC=0.9922 AUPRC=0.9933 Precision=0.9561 Recall=0.9529
epoch 208 | val AUROC=0.9921 AUPRC=0.9928 Precision=0.9754 Recall=0.9360
epoch 209 | val AUROC=0.9915 AUPRC=0.9920 Precision=0.9756 Recall=0.9428
epoch 210 | val AUROC=0.9923 AUPRC=0.9936 Precision=0.9788 Recall=0.9327
epoch 211 | val AUROC=0.9904 AUPRC=0.9920 Precision=0.9658 Recall=0.9495
epoch 212 | val AUROC=0.9910 AUPRC=0.9911 Precision=0.9820 Recall=0.9192
epoch 213 | val AUROC=0.9911 AUPRC=0.9919 Precision=0.9656 Recall=0.9461
epoch 214 | val AUROC=0.9928 AUPRC=0.9932 Precision=0.9658 Recall=0.9495
epoch 215 | val AUROC=0.9932 AUPRC=0.9932 Precision=0.9595 Recall=0.9562
epoch 216 | val AUROC=0.9928 AUPRC=0.9931 Precision=0.9717 Recall=0.9259
epoch 217 | val AUROC=0.9940 AUPRC=0.9942 Precision=0.9758 Recall=0.9495
epoch 218 | val AUROC=0.9930 AUPRC=0.9924 Precision=0.9661 Recall=0.9596
epoch 219 | val AUROC=0.9935 AUPRC=0.9927 Precision=0.9693 Recall=0.9562
epoch 220 | val AUROC=0.9909 AUPRC=0.9902 Precision=0.9562 Recall=0.9562
epoch 221 | val AUROC=0.9907 AUPRC=0.9906 Precision=0.9689 Recall=0.9428
epoch 222 | val AUROC=0.9928 AUPRC=0.9926 Precision=0.9723 Recall=0.9461
epoch 223 | val AUROC=0.9944 AUPRC=0.9946 Precision=0.9505 Recall=0.9697
epoch 224 | val AUROC=0.9927 AUPRC=0.9931 Precision=0.9652 Recall=0.9327
epoch 225 | val AUROC=0.9913 AUPRC=0.9916 Precision=0.9724 Recall=0.9495
epoch 226 | val AUROC=0.9940 AUPRC=0.9941 Precision=0.9696 Recall=0.9663
epoch 227 | val AUROC=0.9913 AUPRC=0.9921 Precision=0.9855 Recall=0.9158
epoch 228 | val AUROC=0.9914 AUPRC=0.9925 Precision=0.9622 Recall=0.9428
epoch 229 | val AUROC=0.9936 AUPRC=0.9944 Precision=0.9596 Recall=0.9596
epoch 230 | val AUROC=0.9912 AUPRC=0.9913 Precision=0.9467 Recall=0.9562
epoch 231 | val AUROC=0.9914 AUPRC=0.9912 Precision=0.9536 Recall=0.9697
epoch 232 | val AUROC=0.9925 AUPRC=0.9919 Precision=0.9695 Recall=0.9630
epoch 233 | val AUROC=0.9929 AUPRC=0.9931 Precision=0.9601 Recall=0.9731
epoch 234 | val AUROC=0.9926 AUPRC=0.9927 Precision=0.9723 Recall=0.9461
epoch 235 | val AUROC=0.9931 AUPRC=0.9935 Precision=0.9472 Recall=0.9663
epoch 236 | val AUROC=0.9928 AUPRC=0.9930 Precision=0.9759 Recall=0.9529
epoch 237 | val AUROC=0.9922 AUPRC=0.9924 Precision=0.9599 Recall=0.9663
epoch 238 | val AUROC=0.9927 AUPRC=0.9931 Precision=0.9724 Recall=0.9495
epoch 239 | val AUROC=0.9901 AUPRC=0.9900 Precision=0.9472 Recall=0.9663
epoch 240 | val AUROC=0.9924 AUPRC=0.9927 Precision=0.9630 Recall=0.9630
epoch 241 | val AUROC=0.9921 AUPRC=0.9927 Precision=0.9564 Recall=0.9596
epoch 242 | val AUROC=0.9938 AUPRC=0.9945 Precision=0.9692 Recall=0.9529
epoch 243 | val AUROC=0.9942 AUPRC=0.9949 Precision=0.9723 Recall=0.9461
epoch 244 | val AUROC=0.9939 AUPRC=0.9946 Precision=0.9754 Recall=0.9360
epoch 245 | val AUROC=0.9934 AUPRC=0.9939 Precision=0.9691 Recall=0.9495
epoch 246 | val AUROC=0.9918 AUPRC=0.9926 Precision=0.9302 Recall=0.9865
epoch 247 | val AUROC=0.9940 AUPRC=0.9944 Precision=0.9721 Recall=0.9394
epoch 248 | val AUROC=0.9897 AUPRC=0.9910 Precision=0.9789 Recall=0.9394
epoch 249 | val AUROC=0.9919 AUPRC=0.9934 Precision=0.9533 Recall=0.9630
epoch 250 | val AUROC=0.9928 AUPRC=0.9938 Precision=0.9593 Recall=0.9529
epoch 251 | val AUROC=0.9905 AUPRC=0.9918 Precision=0.9660 Recall=0.9562
epoch 252 | val AUROC=0.9926 AUPRC=0.9936 Precision=0.9759 Recall=0.9529
epoch 253 | val AUROC=0.9918 AUPRC=0.9928 Precision=0.9757 Recall=0.9461
epoch 254 | val AUROC=0.9904 AUPRC=0.9917 Precision=0.9556 Recall=0.9428
epoch 255 | val AUROC=0.9918 AUPRC=0.9932 Precision=0.9755 Recall=0.9394
epoch 256 | val AUROC=0.9904 AUPRC=0.9919 Precision=0.9593 Recall=0.9529
epoch 257 | val AUROC=0.9902 AUPRC=0.9916 Precision=0.9654 Recall=0.9394
epoch 258 | val AUROC=0.9907 AUPRC=0.9922 Precision=0.9530 Recall=0.9562
epoch 259 | val AUROC=0.9918 AUPRC=0.9929 Precision=0.9589 Recall=0.9428
epoch 260 | val AUROC=0.9921 AUPRC=0.9932 Precision=0.9590 Recall=0.9461
epoch 261 | val AUROC=0.9912 AUPRC=0.9925 Precision=0.9351 Recall=0.9697
epoch 262 | val AUROC=0.9920 AUPRC=0.9931 Precision=0.9621 Recall=0.9394
epoch 263 | val AUROC=0.9904 AUPRC=0.9915 Precision=0.9720 Recall=0.9360
epoch 264 | val AUROC=0.9888 AUPRC=0.9905 Precision=0.9492 Recall=0.9428
epoch 265 | val AUROC=0.9887 AUPRC=0.9904 Precision=0.9650 Recall=0.9293
epoch 266 | val AUROC=0.9919 AUPRC=0.9930 Precision=0.9530 Recall=0.9562
epoch 267 | val AUROC=0.9911 AUPRC=0.9924 Precision=0.9752 Recall=0.9259
epoch 268 | val AUROC=0.9926 AUPRC=0.9938 Precision=0.9625 Recall=0.9495
epoch 269 | val AUROC=0.9923 AUPRC=0.9936 Precision=0.9792 Recall=0.9495
epoch 270 | val AUROC=0.9922 AUPRC=0.9931 Precision=0.9527 Recall=0.9495
epoch 271 | val AUROC=0.9882 AUPRC=0.9893 Precision=0.9617 Recall=0.9293
epoch 272 | val AUROC=0.9836 AUPRC=0.9855 Precision=0.9323 Recall=0.9731
epoch 273 | val AUROC=0.9922 AUPRC=0.9927 Precision=0.9446 Recall=0.9764
epoch 274 | val AUROC=0.9884 AUPRC=0.9892 Precision=0.9561 Recall=0.9529
epoch 275 | val AUROC=0.9900 AUPRC=0.9905 Precision=0.9320 Recall=0.9697
epoch 276 | val AUROC=0.9901 AUPRC=0.9907 Precision=0.9628 Recall=0.9596
epoch 277 | val AUROC=0.9926 AUPRC=0.9935 Precision=0.9507 Recall=0.9731
epoch 278 | val AUROC=0.9928 AUPRC=0.9934 Precision=0.9661 Recall=0.9596
epoch 279 | val AUROC=0.9937 AUPRC=0.9943 Precision=0.9632 Recall=0.9697
epoch 280 | val AUROC=0.9942 AUPRC=0.9944 Precision=0.9662 Recall=0.9630
epoch 281 | val AUROC=0.9929 AUPRC=0.9933 Precision=0.9662 Recall=0.9630
epoch 282 | val AUROC=0.9920 AUPRC=0.9921 Precision=0.9631 Recall=0.9663
epoch 283 | val AUROC=0.9914 AUPRC=0.9919 Precision=0.9631 Recall=0.9663
epoch 284 | val AUROC=0.9914 AUPRC=0.9918 Precision=0.9443 Recall=0.9697
epoch 285 | val AUROC=0.9925 AUPRC=0.9928 Precision=0.9721 Recall=0.9394
epoch 286 | val AUROC=0.9887 AUPRC=0.9886 Precision=0.9385 Recall=0.9764
epoch 287 | val AUROC=0.9904 AUPRC=0.9906 Precision=0.9595 Recall=0.9562
epoch 288 | val AUROC=0.9898 AUPRC=0.9899 Precision=0.9589 Recall=0.9428
epoch 289 | val AUROC=0.9924 AUPRC=0.9925 Precision=0.9502 Recall=0.9630
epoch 290 | val AUROC=0.9913 AUPRC=0.9916 Precision=0.9628 Recall=0.9596
epoch 291 | val AUROC=0.9924 AUPRC=0.9923 Precision=0.9658 Recall=0.9495
epoch 292 | val AUROC=0.9913 AUPRC=0.9914 Precision=0.9533 Recall=0.9630
epoch 293 | val AUROC=0.9910 AUPRC=0.9914 Precision=0.9625 Recall=0.9495
epoch 294 | val AUROC=0.9920 AUPRC=0.9924 Precision=0.9627 Recall=0.9562
epoch 295 | val AUROC=0.9927 AUPRC=0.9930 Precision=0.9725 Recall=0.9529
epoch 296 | val AUROC=0.9903 AUPRC=0.9911 Precision=0.9533 Recall=0.9630
epoch 297 | val AUROC=0.9915 AUPRC=0.9925 Precision=0.9596 Recall=0.9596
epoch 298 | val AUROC=0.9909 AUPRC=0.9922 Precision=0.9596 Recall=0.9596
epoch 299 | val AUROC=0.9911 AUPRC=0.9921 Precision=0.9568 Recall=0.9697
epoch 300 | val AUROC=0.9910 AUPRC=0.9919 Precision=0.9628 Recall=0.9596
epoch 301 | val AUROC=0.9917 AUPRC=0.9923 Precision=0.9628 Recall=0.9596
epoch 302 | val AUROC=0.9914 AUPRC=0.9921 Precision=0.9659 Recall=0.9529
epoch 303 | val AUROC=0.9919 AUPRC=0.9927 Precision=0.9626 Recall=0.9529
epoch 304 | val AUROC=0.9923 AUPRC=0.9927 Precision=0.9564 Recall=0.9596
epoch 305 | val AUROC=0.9910 AUPRC=0.9913 Precision=0.9691 Recall=0.9495
epoch 306 | val AUROC=0.9887 AUPRC=0.9888 Precision=0.9465 Recall=0.9529
epoch 307 | val AUROC=0.9917 AUPRC=0.9921 Precision=0.9412 Recall=0.9697
epoch 308 | val AUROC=0.9910 AUPRC=0.9916 Precision=0.9565 Recall=0.9630
epoch 309 | val AUROC=0.9915 AUPRC=0.9919 Precision=0.9630 Recall=0.9630
epoch 310 | val AUROC=0.9923 AUPRC=0.9927 Precision=0.9662 Recall=0.9630
epoch 311 | val AUROC=0.9916 AUPRC=0.9922 Precision=0.9691 Recall=0.9495
epoch 312 | val AUROC=0.9931 AUPRC=0.9937 Precision=0.9599 Recall=0.9663
epoch 313 | val AUROC=0.9917 AUPRC=0.9922 Precision=0.9508 Recall=0.9764
epoch 314 | val AUROC=0.9919 AUPRC=0.9927 Precision=0.9630 Recall=0.9630
epoch 315 | val AUROC=0.9926 AUPRC=0.9932 Precision=0.9599 Recall=0.9663
epoch 316 | val AUROC=0.9921 AUPRC=0.9928 Precision=0.9600 Recall=0.9697
epoch 317 | val AUROC=0.9925 AUPRC=0.9929 Precision=0.9597 Recall=0.9630
epoch 318 | val AUROC=0.9918 AUPRC=0.9922 Precision=0.9626 Recall=0.9529
epoch 319 | val AUROC=0.9909 AUPRC=0.9905 Precision=0.9659 Recall=0.9529
epoch 320 | val AUROC=0.9929 AUPRC=0.9937 Precision=0.9385 Recall=0.9764
epoch 321 | val AUROC=0.9905 AUPRC=0.9912 Precision=0.9721 Recall=0.9394
epoch 322 | val AUROC=0.9908 AUPRC=0.9916 Precision=0.9596 Recall=0.9596
epoch 323 | val AUROC=0.9923 AUPRC=0.9922 Precision=0.9474 Recall=0.9697
epoch 324 | val AUROC=0.9884 AUPRC=0.9878 Precision=0.9318 Recall=0.9663
epoch 325 | val AUROC=0.9934 AUPRC=0.9936 Precision=0.9725 Recall=0.9529
epoch 326 | val AUROC=0.9910 AUPRC=0.9912 Precision=0.9683 Recall=0.9259
epoch 327 | val AUROC=0.9931 AUPRC=0.9931 Precision=0.9597 Recall=0.9630
epoch 328 | val AUROC=0.9949 AUPRC=0.9950 Precision=0.9664 Recall=0.9697
epoch 329 | val AUROC=0.9925 AUPRC=0.9927 Precision=0.9650 Recall=0.9293
epoch 330 | val AUROC=0.9931 AUPRC=0.9932 Precision=0.9597 Recall=0.9630
epoch 331 | val AUROC=0.9941 AUPRC=0.9942 Precision=0.9724 Recall=0.9495
epoch 332 | val AUROC=0.9941 AUPRC=0.9941 Precision=0.9626 Recall=0.9529
epoch 333 | val AUROC=0.9944 AUPRC=0.9945 Precision=0.9626 Recall=0.9529
epoch 334 | val AUROC=0.9931 AUPRC=0.9932 Precision=0.9497 Recall=0.9529
epoch 335 | val AUROC=0.9924 AUPRC=0.9927 Precision=0.9660 Recall=0.9562
epoch 336 | val AUROC=0.9925 AUPRC=0.9928 Precision=0.9623 Recall=0.9461
epoch 337 | val AUROC=0.9920 AUPRC=0.9921 Precision=0.9472 Recall=0.9663
epoch 338 | val AUROC=0.9923 AUPRC=0.9926 Precision=0.9627 Recall=0.9562
epoch 339 | val AUROC=0.9925 AUPRC=0.9928 Precision=0.9655 Recall=0.9428
epoch 340 | val AUROC=0.9907 AUPRC=0.9915 Precision=0.9685 Recall=0.9327
epoch 341 | val AUROC=0.9927 AUPRC=0.9932 Precision=0.9561 Recall=0.9529
epoch 342 | val AUROC=0.9935 AUPRC=0.9937 Precision=0.9658 Recall=0.9495
epoch 343 | val AUROC=0.9936 AUPRC=0.9937 Precision=0.9529 Recall=0.9529
epoch 344 | val AUROC=0.9926 AUPRC=0.9928 Precision=0.9497 Recall=0.9529
epoch 345 | val AUROC=0.9926 AUPRC=0.9927 Precision=0.9527 Recall=0.9495
epoch 346 | val AUROC=0.9916 AUPRC=0.9921 Precision=0.9529 Recall=0.9529
epoch 347 | val AUROC=0.9915 AUPRC=0.9922 Precision=0.9530 Recall=0.9562
epoch 348 | val AUROC=0.9933 AUPRC=0.9937 Precision=0.9599 Recall=0.9663
epoch 349 | val AUROC=0.9918 AUPRC=0.9923 Precision=0.9564 Recall=0.9596
epoch 350 | val AUROC=0.9926 AUPRC=0.9928 Precision=0.9238 Recall=0.9798
epoch 351 | val AUROC=0.9937 AUPRC=0.9939 Precision=0.9627 Recall=0.9562
epoch 352 | val AUROC=0.9935 AUPRC=0.9937 Precision=0.9626 Recall=0.9529
epoch 353 | val AUROC=0.9935 AUPRC=0.9937 Precision=0.9567 Recall=0.9663
epoch 354 | val AUROC=0.9924 AUPRC=0.9926 Precision=0.9559 Recall=0.9495
epoch 355 | val AUROC=0.9915 AUPRC=0.9920 Precision=0.9623 Recall=0.9461
epoch 356 | val AUROC=0.9933 AUPRC=0.9935 Precision=0.9412 Recall=0.9697
epoch 357 | val AUROC=0.9925 AUPRC=0.9919 Precision=0.9660 Recall=0.9562
epoch 358 | val AUROC=0.9933 AUPRC=0.9925 Precision=0.9724 Recall=0.9495
epoch 359 | val AUROC=0.9927 AUPRC=0.9926 Precision=0.9689 Recall=0.9428
epoch 360 | val AUROC=0.9925 AUPRC=0.9925 Precision=0.9562 Recall=0.9562
epoch 361 | val AUROC=0.9933 AUPRC=0.9933 Precision=0.9789 Recall=0.9360
epoch 362 | val AUROC=0.9914 AUPRC=0.9906 Precision=0.9503 Recall=0.9663
epoch 363 | val AUROC=0.9933 AUPRC=0.9930 Precision=0.9661 Recall=0.9596
epoch 364 | val AUROC=0.9933 AUPRC=0.9930 Precision=0.9596 Recall=0.9596
epoch 365 | val AUROC=0.9918 AUPRC=0.9909 Precision=0.9590 Recall=0.9461
epoch 366 | val AUROC=0.9920 AUPRC=0.9919 Precision=0.9495 Recall=0.9495
epoch 367 | val AUROC=0.9927 AUPRC=0.9927 Precision=0.9498 Recall=0.9562
epoch 368 | val AUROC=0.9901 AUPRC=0.9912 Precision=0.9617 Recall=0.9293
epoch 369 | val AUROC=0.9938 AUPRC=0.9941 Precision=0.9211 Recall=0.9832
epoch 370 | val AUROC=0.9887 AUPRC=0.9905 Precision=0.9653 Recall=0.9360
epoch 371 | val AUROC=0.9909 AUPRC=0.9921 Precision=0.9532 Recall=0.9596
epoch 372 | val AUROC=0.9912 AUPRC=0.9921 Precision=0.9258 Recall=0.9663
epoch 373 | val AUROC=0.9882 AUPRC=0.9903 Precision=0.9656 Recall=0.9461
epoch 374 | val AUROC=0.9906 AUPRC=0.9925 Precision=0.9693 Recall=0.9562
epoch 375 | val AUROC=0.9877 AUPRC=0.9903 Precision=0.9597 Recall=0.9630
epoch 376 | val AUROC=0.9877 AUPRC=0.9882 Precision=0.9552 Recall=0.9327
epoch 377 | val AUROC=0.9906 AUPRC=0.9917 Precision=0.9718 Recall=0.9293
epoch 378 | val AUROC=0.9916 AUPRC=0.9923 Precision=0.9567 Recall=0.9663
epoch 379 | val AUROC=0.9924 AUPRC=0.9929 Precision=0.9474 Recall=0.9697
epoch 380 | val AUROC=0.9924 AUPRC=0.9927 Precision=0.9593 Recall=0.9529
epoch 381 | val AUROC=0.9917 AUPRC=0.9922 Precision=0.9655 Recall=0.9428
epoch 382 | val AUROC=0.9926 AUPRC=0.9928 Precision=0.9502 Recall=0.9630
epoch 383 | val AUROC=0.9926 AUPRC=0.9932 Precision=0.9626 Recall=0.9529
epoch 384 | val AUROC=0.9934 AUPRC=0.9938 Precision=0.9662 Recall=0.9630
epoch 385 | val AUROC=0.9938 AUPRC=0.9940 Precision=0.9690 Recall=0.9461
epoch 386 | val AUROC=0.9934 AUPRC=0.9939 Precision=0.9693 Recall=0.9562
epoch 387 | val AUROC=0.9941 AUPRC=0.9944 Precision=0.9381 Recall=0.9697
epoch 388 | val AUROC=0.9930 AUPRC=0.9933 Precision=0.9658 Recall=0.9495
epoch 389 | val AUROC=0.9935 AUPRC=0.9938 Precision=0.9728 Recall=0.9630
epoch 390 | val AUROC=0.9931 AUPRC=0.9935 Precision=0.9597 Recall=0.9630
epoch 391 | val AUROC=0.9929 AUPRC=0.9932 Precision=0.9656 Recall=0.9461
epoch 392 | val AUROC=0.9927 AUPRC=0.9933 Precision=0.9568 Recall=0.9697
epoch 393 | val AUROC=0.9947 AUPRC=0.9951 Precision=0.9728 Recall=0.9630
epoch 394 | val AUROC=0.9934 AUPRC=0.9939 Precision=0.9593 Recall=0.9529
epoch 395 | val AUROC=0.9934 AUPRC=0.9940 Precision=0.9530 Recall=0.9562
epoch 396 | val AUROC=0.9950 AUPRC=0.9955 Precision=0.9632 Recall=0.9697
epoch 397 | val AUROC=0.9947 AUPRC=0.9952 Precision=0.9630 Recall=0.9630
epoch 398 | val AUROC=0.9932 AUPRC=0.9938 Precision=0.9690 Recall=0.9461
epoch 399 | val AUROC=0.9931 AUPRC=0.9935 Precision=0.9758 Recall=0.9495
epoch 400 | val AUROC=0.9930 AUPRC=0.9936 Precision=0.9627 Recall=0.9562
epoch 401 | val AUROC=0.9929 AUPRC=0.9935 Precision=0.9565 Recall=0.9630
early stopping at epoch 401
[00:15:46] DONE  HAG-DTA GIN
[00:15:46] ========== Human seed=1000 COMPLETE ==========
