This is XeTeX, Version 3.141592653-2.6-0.999998 (TeX Live 2026) (preloaded format=xelatex 2026.4.14)  4 MAY 2026 00:36
entering extended mode
 restricted \write18 enabled.
 file:line:error style messages enabled.
 %&-line parsing enabled.
**HAG-DTA
(./HAG-DTA.tex
LaTeX2e <2025-11-01>
L3 programming layer <2026-01-19>
(./sn-jnl.cls
Document Class: sn-jnl 2019/11/18 v0.1: An authoring template for Springer Journal articles
(/usr/local/texlive/2026/texmf-dist/tex/latex/base/article.cls
Document Class: article 2025/01/22 v1.4n Standard LaTeX document class
(/usr/local/texlive/2026/texmf-dist/tex/latex/base/fleqn.clo
File: fleqn.clo 2016/12/29 v1.2b Standard LaTeX option (flush left equations)
\mathindent=\skip49
Applying: [2015/01/01] Make \[ robust on input line 50.
LaTeX Info: Redefining \[ on input line 51.
Already applied: [0000/00/00] Make \[ robust on input line 62.
Applying: [2015/01/01] Make \] robust on input line 74.
LaTeX Info: Redefining \] on input line 75.
Already applied: [0000/00/00] Make \] robust on input line 83.
) (/usr/local/texlive/2026/texmf-dist/tex/latex/base/size10.clo
File: size10.clo 2025/01/22 v1.4n Standard LaTeX file (size option)
)
\c@part=\count271
\c@section=\count272
\c@subsection=\count273
\c@subsubsection=\count274
\c@paragraph=\count275
\c@subparagraph=\count276
\c@figure=\count277
\c@table=\count278
\abovecaptionskip=\skip50
\belowcaptionskip=\skip51
\bibindent=\dimen148
)
LaTeX Info: Redefining \rm on input line 146.
LaTeX Info: Redefining \sf on input line 147.
LaTeX Info: Redefining \tt on input line 148.
LaTeX Info: Redefining \bf on input line 149.
LaTeX Info: Redefining \it on input line 150.
LaTeX Info: Redefining \sl on input line 151.
LaTeX Info: Redefining \sc on input line 152.
LaTeX Info: Redefining \cal on input line 153.
LaTeX Info: Redefining \mit on input line 154.
LaTeX Info: Redefining \textsubscript on input line 212.
\columnhsize=\skip52
 (/usr/local/texlive/2026/texmf-dist/tex/latex/geometry/geometry.sty
Package: geometry 2026/03/07 v6.0 Page Geometry
 (/usr/local/texlive/2026/texmf-dist/tex/latex/graphics/keyval.sty
Package: keyval 2022/05/29 v1.15 key=value parser (DPC)
\KV@toks@=\toks17
) (/usr/local/texlive/2026/texmf-dist/tex/generic/iftex/ifvtex.sty
Package: ifvtex 2019/10/25 v1.7 ifvtex legacy package. Use iftex instead.
 (/usr/local/texlive/2026/texmf-dist/tex/generic/iftex/iftex.sty
Package: iftex 2024/12/12 v1.0g TeX engine tests
))
\Gm@cnth=\count279
\Gm@cntv=\count280
\c@Gm@tempcnt=\count281
\Gm@bindingoffset=\dimen149
\Gm@wd@mp=\dimen150
\Gm@odd@mp=\dimen151
\Gm@even@mp=\dimen152
\Gm@layoutwidth=\dimen153
\Gm@layoutheight=\dimen154
\Gm@layouthoffset=\dimen155
\Gm@layoutvoffset=\dimen156
\Gm@dimlist=\toks18
)
\artcatbox=\box53
\aucount=\count282
\corraucount=\count283
\punctcount=\count284
\emailcnt=\count285
\c@affn=\count286
\addcount=\count287
\PacsCount=\count288
\PacsTmpCnt=\count289
\FMremarkdim=\dimen157
\fmremarkbox=\box54
 (/usr/local/texlive/2026/texmf-dist/tex/latex/sttools/cuted.sty
Package: cuted 2025/12/15 v2.10 Mixing onecolumn and twocolumn modes (ST)
\At@ViperColsBreak=\toks19
\preCutedStrip=\toks20
\postCutedStrip=\toks21
\cuted@@tempbox@a=\box55
\cuted@@tempbox@c=\box56
\cuted@@tempbox@var=\box57
\hold@viper=\box58
\@viper=\box59
\cuted@@varbox@a=\box60
\cuted@@varbox@c=\box61
\cuted@@tempdim@spread=\dimen158
\cuted@@tempdim@a=\dimen159
\cuted@@tempdim@b=\dimen160
\ht@hold@viper=\dimen161
\ht@viper=\dimen162
\var@@pagediscards@ht=\dimen163
\stripsep=\skip53
\viper@penalty=\count290
\strip@page@discards=\dimen164
)
\firstpagehtcheck=\dimen165
\labelwidthi=\dimen166
\labelwidthii=\dimen167
\labelwidthiii=\dimen168
\labelwidthiv=\dimen169
\figwidth=\dimen170
\figheight=\dimen171
\sidecapwidth=\dimen172
\wrapcapline=\dimen173
\totalwrapline=\dimen174
\wraptotline=\dimen175
\figurebox=\box62
\wrapfigcapbox=\box63
\figcapbox=\box64
\capbox=\box65
\headwidthskip=\skip54
\tabcapbox=\box66
\temptbox=\box67
\tempdime=\dimen176
\tabhtdime=\dimen177
 (/usr/local/texlive/2026/texmf-dist/tex/latex/graphics/rotating.sty
Package: rotating 2025/01/14 v2.16e rotated objects in LaTeX
 (/usr/local/texlive/2026/texmf-dist/tex/latex/graphics/graphicx.sty
Package: graphicx 2024/12/31 v1.2e Enhanced LaTeX Graphics (DPC,SPQR)
 (/usr/local/texlive/2026/texmf-dist/tex/latex/graphics/graphics.sty
Package: graphics 2024/08/06 v1.4g Standard LaTeX Graphics (DPC,SPQR)
 (/usr/local/texlive/2026/texmf-dist/tex/latex/graphics/trig.sty
Package: trig 2023/12/02 v1.11 sin cos tan (DPC)
) (/usr/local/texlive/2026/texmf-dist/tex/latex/graphics-cfg/graphics.cfg
File: graphics.cfg 2016/06/04 v1.11 sample graphics configuration
)
Package graphics Info: Driver file: xetex.def on input line 106.
 (/usr/local/texlive/2026/texmf-dist/tex/latex/graphics-def/xetex.def
File: xetex.def 2025/11/01 v5.0p Graphics/color driver for xetex
))
\Gin@req@height=\dimen178
\Gin@req@width=\dimen179
) (/usr/local/texlive/2026/texmf-dist/tex/latex/base/ifthen.sty
Package: ifthen 2024/03/16 v1.1e Standard LaTeX ifthen package (DPC)
)
\c@r@tfl@t=\count291
\rotFPtop=\skip55
\rotFPbot=\skip56
\rot@float@box=\box68
\rot@mess@toks=\toks22
) (/usr/local/texlive/2026/texmf-dist/tex/latex/threeparttable/threeparttable.sty
Package: threeparttable 2003/06/13  v 3.0
\@tempboxb=\box69
) (/usr/local/texlive/2026/texmf-dist/tex/latex/appendix/appendix.sty
Package: appendix 2020/02/08 v1.2c extra appendix facilities
\c@@pps=\count292
\c@@ppsavesec=\count293
\c@@ppsaveapp=\count294
) (/usr/local/texlive/2026/texmf-dist/tex/latex/hyperref/hyperref.sty
Package: hyperref 2026-01-29 v7.01p Hypertext links for LaTeX
 (/usr/local/texlive/2026/texmf-dist/tex/latex/kvsetkeys/kvsetkeys.sty
Package: kvsetkeys 2022-10-05 v1.19 Key value parser (HO)
) (/usr/local/texlive/2026/texmf-dist/tex/generic/kvdefinekeys/kvdefinekeys.sty
Package: kvdefinekeys 2019-12-19 v1.6 Define keys (HO)
) (/usr/local/texlive/2026/texmf-dist/tex/generic/pdfescape/pdfescape.sty
Package: pdfescape 2019/12/09 v1.15 Implements pdfTeX's escape features (HO)
 (/usr/local/texlive/2026/texmf-dist/tex/generic/ltxcmds/ltxcmds.sty
Package: ltxcmds 2023-12-04 v1.26 LaTeX kernel commands for general use (HO)
) (/usr/local/texlive/2026/texmf-dist/tex/generic/pdftexcmds/pdftexcmds.sty
Package: pdftexcmds 2020-06-27 v0.33 Utility functions of pdfTeX for LuaTeX (HO)
 (/usr/local/texlive/2026/texmf-dist/tex/generic/infwarerr/infwarerr.sty
Package: infwarerr 2019/12/03 v1.5 Providing info/warning/error messages (HO)
)
Package pdftexcmds Info: \pdf@primitive is available.
Package pdftexcmds Info: \pdf@ifprimitive is available.
Package pdftexcmds Info: \pdfdraftmode not found.
)) (/usr/local/texlive/2026/texmf-dist/tex/latex/hycolor/hycolor.sty
Package: hycolor 2020-01-27 v1.10 Color options for hyperref/bookmark (HO)
) (/usr/local/texlive/2026/texmf-dist/tex/latex/hyperref/nameref.sty
Package: nameref 2026-01-29 v2.58 Cross-referencing by name of section
 (/usr/local/texlive/2026/texmf-dist/tex/latex/refcount/refcount.sty
Package: refcount 2019/12/15 v3.6 Data extraction from label references (HO)
) (/usr/local/texlive/2026/texmf-dist/tex/generic/gettitlestring/gettitlestring.sty
Package: gettitlestring 2019/12/15 v1.6 Cleanup title references (HO)
 (/usr/local/texlive/2026/texmf-dist/tex/latex/kvoptions/kvoptions.sty
Package: kvoptions 2022-06-15 v3.15 Key value format for package options (HO)
))
\c@section@level=\count295
) (/usr/local/texlive/2026/texmf-dist/tex/latex/etoolbox/etoolbox.sty
Package: etoolbox 2025/10/02 v2.5m e-TeX tools for LaTeX (JAW)
\etb@tempcnta=\count296
) (/usr/local/texlive/2026/texmf-dist/tex/generic/stringenc/stringenc.sty
Package: stringenc 2019/11/29 v1.12 Convert strings between diff. encodings (HO)
)
\@linkdim=\dimen180
\Hy@linkcounter=\count297
\Hy@pagecounter=\count298
 (/usr/local/texlive/2026/texmf-dist/tex/latex/hyperref/pd1enc.def
File: pd1enc.def 2026-01-29 v7.01p Hyperref: PDFDocEncoding definition (HO)
) (/usr/local/texlive/2026/texmf-dist/tex/generic/intcalc/intcalc.sty
Package: intcalc 2019/12/15 v1.3 Expandable calculations with integers (HO)
)
\Hy@SavedSpaceFactor=\count299
 (/usr/local/texlive/2026/texmf-dist/tex/latex/hyperref/puenc.def
File: puenc.def 2026-01-29 v7.01p Hyperref: PDF Unicode definition (HO)
)
Package hyperref Info: Hyper figures OFF on input line 4201.
Package hyperref Info: Link nesting OFF on input line 4206.
Package hyperref Info: Hyper index ON on input line 4209.
Package hyperref Info: Plain pages OFF on input line 4216.
Package hyperref Info: Backreferencing OFF on input line 4221.
Package hyperref Info: Implicit mode ON; LaTeX internals redefined.
Package hyperref Info: Bookmarks ON on input line 4468.
\c@Hy@tempcnt=\count300
 (/usr/local/texlive/2026/texmf-dist/tex/latex/url/url.sty
\Urlmuskip=\muskip17
Package: url 2013/09/16  ver 3.4  Verb mode for urls, etc.
)
LaTeX Info: Redefining \url on input line 4807.
\XeTeXLinkMargin=\dimen181
 (/usr/local/texlive/2026/texmf-dist/tex/generic/bitset/bitset.sty
Package: bitset 2019/12/09 v1.3 Handle bit-vector datatype (HO)
 (/usr/local/texlive/2026/texmf-dist/tex/generic/bigintcalc/bigintcalc.sty
Package: bigintcalc 2019/12/15 v1.5 Expandable calculations on big integers (HO)
))
\Fld@menulength=\count301
\Field@Width=\dimen182
\Fld@charsize=\dimen183
Package hyperref Info: Hyper figures OFF on input line 6084.
Package hyperref Info: Link nesting OFF on input line 6089.
Package hyperref Info: Hyper index ON on input line 6092.
Package hyperref Info: backreferencing OFF on input line 6099.
Package hyperref Info: Link coloring OFF on input line 6104.
Package hyperref Info: Link coloring with OCG OFF on input line 6109.
Package hyperref Info: PDF/A mode OFF on input line 6114.
\Hy@abspage=\count302
\c@Item=\count303
\c@Hfootnote=\count304
)
Package hyperref Info: Driver (autodetected): hxetex.
 (/usr/local/texlive/2026/texmf-dist/tex/latex/hyperref/hxetex.def
File: hxetex.def 2026-01-29 v7.01p Hyperref driver for XeTeX
\pdfm@box=\box70
\c@Hy@AnnotLevel=\count305
\HyField@AnnotCount=\count306
\Fld@listcount=\count307
\c@bookmark@seq@number=\count308
 (/usr/local/texlive/2026/texmf-dist/tex/latex/rerunfilecheck/rerunfilecheck.sty
Package: rerunfilecheck 2025-06-21 v1.11 Rerun checks for auxiliary files (HO)
 (/usr/local/texlive/2026/texmf-dist/tex/generic/uniquecounter/uniquecounter.sty
Package: uniquecounter 2019/12/15 v1.4 Provide unlimited unique counter (HO)
)
Package uniquecounter Info: New unique counter `rerunfilecheck' on input line 284.
)
\Hy@SectionHShift=\skip57
)
Package hyperref Info: Option `colorlinks' set `true' on input line 1471.
Package hyperref Info: Option `breaklinks' set `true' on input line 1471.
Package hyperref Info: Option `plainpages' set `false' on input line 1471.
Package hyperref Info: Option `bookmarksopen' set `true' on input line 1471.
Package hyperref Info: Option `bookmarksnumbered' set `false' on input line 1471.
 (/usr/local/texlive/2026/texmf-dist/tex/latex/wrapfig/wrapfig.sty
\wrapoverhang=\dimen184
\WF@size=\dimen185
\c@WF@wrappedlines=\count309
\WF@box=\box71
\WF@everypar=\toks23
Package: wrapfig 2003/01/31  v 3.6
)
\wraplines=\count310
\@authorfigbox=\box72
\@authorfigboxdim=\skip58
\biofigadjskip=\skip59
 (/usr/local/texlive/2026/texmf-dist/tex/latex/amscls/amsthm.sty
Package: amsthm 2020/05/29 v2.20.6
\thm@style=\toks24
\thm@bodyfont=\toks25
\thm@headfont=\toks26
\thm@notefont=\toks27
\thm@headpunct=\toks28
\thm@preskip=\skip60
\thm@postskip=\skip61
\thm@headsep=\skip62
\dth@everypar=\toks29
) (/usr/local/texlive/2026/texmf-dist/tex/latex/base/fix-cm.sty
Package: fix-cm 2020/11/24 v1.1t fixes to LaTeX
 (/usr/local/texlive/2026/texmf-dist/tex/latex/base/ts1enc.def
File: ts1enc.def 2001/06/05 v3.0e (jk/car/fm) Standard LaTeX file
LaTeX Font Info:    Redeclaring font encoding TS1 on input line 47.
LaTeX Encoding Info:    Redeclaring text command \capitalcedilla (encoding TS1) on input line 49.
LaTeX Encoding Info:    Redeclaring text command \capitalogonek (encoding TS1) on input line 52.
LaTeX Encoding Info:    Redeclaring text command \capitalgrave (encoding TS1) on input line 55.
LaTeX Encoding Info:    Redeclaring text command \capitalacute (encoding TS1) on input line 56.
LaTeX Encoding Info:    Redeclaring text command \capitalcircumflex (encoding TS1) on input line 57.
LaTeX Encoding Info:    Redeclaring text command \capitaltilde (encoding TS1) on input line 58.
LaTeX Encoding Info:    Redeclaring text command \capitaldieresis (encoding TS1) on input line 59.
LaTeX Encoding Info:    Redeclaring text command \capitalhungarumlaut (encoding TS1) on input line 60.
LaTeX Encoding Info:    Redeclaring text command \capitalring (encoding TS1) on input line 61.
LaTeX Encoding Info:    Redeclaring text command \capitalcaron (encoding TS1) on input line 62.
LaTeX Encoding Info:    Redeclaring text command \capitalbreve (encoding TS1) on input line 63.
LaTeX Encoding Info:    Redeclaring text command \capitalmacron (encoding TS1) on input line 64.
LaTeX Encoding Info:    Redeclaring text command \capitaldotaccent (encoding TS1) on input line 65.
LaTeX Encoding Info:    Redeclaring text command \t (encoding TS1) on input line 66.
LaTeX Encoding Info:    Redeclaring text command \capitaltie (encoding TS1) on input line 67.
LaTeX Encoding Info:    Redeclaring text command \newtie (encoding TS1) on input line 68.
LaTeX Encoding Info:    Redeclaring text command \capitalnewtie (encoding TS1) on input line 69.
LaTeX Encoding Info:    Redeclaring text symbol \textcapitalcompwordmark (encoding TS1) on input line 70.
LaTeX Encoding Info:    Redeclaring text symbol \textascendercompwordmark (encoding TS1) on input line 71.
LaTeX Encoding Info:    Redeclaring text symbol \textquotestraightbase (encoding TS1) on input line 72.
LaTeX Encoding Info:    Redeclaring text symbol \textquotestraightdblbase (encoding TS1) on input line 73.
LaTeX Encoding Info:    Redeclaring text symbol \texttwelveudash (encoding TS1) on input line 74.
LaTeX Encoding Info:    Redeclaring text symbol \textthreequartersemdash (encoding TS1) on input line 75.
LaTeX Encoding Info:    Redeclaring text symbol \textleftarrow (encoding TS1) on input line 76.
LaTeX Encoding Info:    Redeclaring text symbol \textrightarrow (encoding TS1) on input line 77.
LaTeX Encoding Info:    Redeclaring text symbol \textblank (encoding TS1) on input line 78.
LaTeX Encoding Info:    Redeclaring text symbol \textdollar (encoding TS1) on input line 79.
LaTeX Encoding Info:    Redeclaring text symbol \textquotesingle (encoding TS1) on input line 80.
LaTeX Encoding Info:    Redeclaring text command \textasteriskcentered (encoding TS1) on input line 81.
LaTeX Encoding Info:    Redeclaring text symbol \textdblhyphen (encoding TS1) on input line 92.
LaTeX Encoding Info:    Redeclaring text symbol \textfractionsolidus (encoding TS1) on input line 93.
LaTeX Encoding Info:    Redeclaring text symbol \textzerooldstyle (encoding TS1) on input line 94.
LaTeX Encoding Info:    Redeclaring text symbol \textoneoldstyle (encoding TS1) on input line 95.
LaTeX Encoding Info:    Redeclaring text symbol \texttwooldstyle (encoding TS1) on input line 96.
LaTeX Encoding Info:    Redeclaring text symbol \textthreeoldstyle (encoding TS1) on input line 97.
LaTeX Encoding Info:    Redeclaring text symbol \textfouroldstyle (encoding TS1) on input line 98.
LaTeX Encoding Info:    Redeclaring text symbol \textfiveoldstyle (encoding TS1) on input line 99.
LaTeX Encoding Info:    Redeclaring text symbol \textsixoldstyle (encoding TS1) on input line 100.
LaTeX Encoding Info:    Redeclaring text symbol \textsevenoldstyle (encoding TS1) on input line 101.
LaTeX Encoding Info:    Redeclaring text symbol \texteightoldstyle (encoding TS1) on input line 102.
LaTeX Encoding Info:    Redeclaring text symbol \textnineoldstyle (encoding TS1) on input line 103.
LaTeX Encoding Info:    Redeclaring text symbol \textlangle (encoding TS1) on input line 104.
LaTeX Encoding Info:    Redeclaring text symbol \textminus (encoding TS1) on input line 105.
LaTeX Encoding Info:    Redeclaring text symbol \textrangle (encoding TS1) on input line 106.
LaTeX Encoding Info:    Redeclaring text symbol \textmho (encoding TS1) on input line 107.
LaTeX Encoding Info:    Redeclaring text symbol \textbigcircle (encoding TS1) on input line 108.
LaTeX Encoding Info:    Redeclaring text command \textcircled (encoding TS1) on input line 109.
LaTeX Encoding Info:    Redeclaring text symbol \textohm (encoding TS1) on input line 115.
LaTeX Encoding Info:    Redeclaring text symbol \textlbrackdbl (encoding TS1) on input line 116.
LaTeX Encoding Info:    Redeclaring text symbol \textrbrackdbl (encoding TS1) on input line 117.
LaTeX Encoding Info:    Redeclaring text symbol \textuparrow (encoding TS1) on input line 118.
LaTeX Encoding Info:    Redeclaring text symbol \textdownarrow (encoding TS1) on input line 119.
LaTeX Encoding Info:    Redeclaring text symbol \textasciigrave (encoding TS1) on input line 120.
LaTeX Encoding Info:    Redeclaring text symbol \textborn (encoding TS1) on input line 121.
LaTeX Encoding Info:    Redeclaring text symbol \textdivorced (encoding TS1) on input line 122.
LaTeX Encoding Info:    Redeclaring text symbol \textdied (encoding TS1) on input line 123.
LaTeX Encoding Info:    Redeclaring text symbol \textleaf (encoding TS1) on input line 124.
LaTeX Encoding Info:    Redeclaring text symbol \textmarried (encoding TS1) on input line 125.
LaTeX Encoding Info:    Redeclaring text symbol \textmusicalnote (encoding TS1) on input line 126.
LaTeX Encoding Info:    Redeclaring text symbol \texttildelow (encoding TS1) on input line 127.
LaTeX Encoding Info:    Redeclaring text symbol \textdblhyphenchar (encoding TS1) on input line 128.
LaTeX Encoding Info:    Redeclaring text symbol \textasciibreve (encoding TS1) on input line 129.
LaTeX Encoding Info:    Redeclaring text symbol \textasciicaron (encoding TS1) on input line 130.
LaTeX Encoding Info:    Redeclaring text symbol \textacutedbl (encoding TS1) on input line 131.
LaTeX Encoding Info:    Redeclaring text symbol \textgravedbl (encoding TS1) on input line 132.
LaTeX Encoding Info:    Redeclaring text symbol \textdagger (encoding TS1) on input line 133.
LaTeX Encoding Info:    Redeclaring text symbol \textdaggerdbl (encoding TS1) on input line 134.
LaTeX Encoding Info:    Redeclaring text symbol \textbardbl (encoding TS1) on input line 135.
LaTeX Encoding Info:    Redeclaring text symbol \textperthousand (encoding TS1) on input line 136.
LaTeX Encoding Info:    Redeclaring text symbol \textbullet (encoding TS1) on input line 137.
LaTeX Encoding Info:    Redeclaring text symbol \textcelsius (encoding TS1) on input line 138.
LaTeX Encoding Info:    Redeclaring text symbol \textdollaroldstyle (encoding TS1) on input line 139.
LaTeX Encoding Info:    Redeclaring text symbol \textcentoldstyle (encoding TS1) on input line 140.
LaTeX Encoding Info:    Redeclaring text symbol \textflorin (encoding TS1) on input line 141.
LaTeX Encoding Info:    Redeclaring text symbol \textcolonmonetary (encoding TS1) on input line 142.
LaTeX Encoding Info:    Redeclaring text symbol \textwon (encoding TS1) on input line 143.
LaTeX Encoding Info:    Redeclaring text symbol \textnaira (encoding TS1) on input line 144.
LaTeX Encoding Info:    Redeclaring text symbol \textguarani (encoding TS1) on input line 145.
LaTeX Encoding Info:    Redeclaring text symbol \textpeso (encoding TS1) on input line 146.
LaTeX Encoding Info:    Redeclaring text symbol \textlira (encoding TS1) on input line 147.
LaTeX Encoding Info:    Redeclaring text symbol \textrecipe (encoding TS1) on input line 148.
LaTeX Encoding Info:    Redeclaring text symbol \textinterrobang (encoding TS1) on input line 149.
LaTeX Encoding Info:    Redeclaring text symbol \textinterrobangdown (encoding TS1) on input line 150.
LaTeX Encoding Info:    Redeclaring text symbol \textdong (encoding TS1) on input line 151.
LaTeX Encoding Info:    Redeclaring text symbol \texttrademark (encoding TS1) on input line 152.
LaTeX Encoding Info:    Redeclaring text symbol \textpertenthousand (encoding TS1) on input line 153.
LaTeX Encoding Info:    Redeclaring text symbol \textpilcrow (encoding TS1) on input line 154.
LaTeX Encoding Info:    Redeclaring text symbol \textbaht (encoding TS1) on input line 155.
LaTeX Encoding Info:    Redeclaring text symbol \textnumero (encoding TS1) on input line 156.
LaTeX Encoding Info:    Redeclaring text symbol \textdiscount (encoding TS1) on input line 157.
LaTeX Encoding Info:    Redeclaring text symbol \textestimated (encoding TS1) on input line 158.
LaTeX Encoding Info:    Redeclaring text symbol \textopenbullet (encoding TS1) on input line 159.
LaTeX Encoding Info:    Redeclaring text symbol \textservicemark (encoding TS1) on input line 160.
LaTeX Encoding Info:    Redeclaring text symbol \textlquill (encoding TS1) on input line 161.
LaTeX Encoding Info:    Redeclaring text symbol \textrquill (encoding TS1) on input line 162.
LaTeX Encoding Info:    Redeclaring text symbol \textcent (encoding TS1) on input line 163.
LaTeX Encoding Info:    Redeclaring text symbol \textsterling (encoding TS1) on input line 164.
LaTeX Encoding Info:    Redeclaring text symbol \textcurrency (encoding TS1) on input line 165.
LaTeX Encoding Info:    Redeclaring text symbol \textyen (encoding TS1) on input line 166.
LaTeX Encoding Info:    Redeclaring text symbol \textbrokenbar (encoding TS1) on input line 167.
LaTeX Encoding Info:    Redeclaring text symbol \textsection (encoding TS1) on input line 168.
LaTeX Encoding Info:    Redeclaring text symbol \textasciidieresis (encoding TS1) on input line 169.
LaTeX Encoding Info:    Redeclaring text symbol \textcopyright (encoding TS1) on input line 170.
LaTeX Encoding Info:    Redeclaring text symbol \textordfeminine (encoding TS1) on input line 171.
LaTeX Encoding Info:    Redeclaring text symbol \textcopyleft (encoding TS1) on input line 172.
LaTeX Encoding Info:    Redeclaring text symbol \textlnot (encoding TS1) on input line 173.
LaTeX Encoding Info:    Redeclaring text symbol \textcircledP (encoding TS1) on input line 174.
LaTeX Encoding Info:    Redeclaring text symbol \textregistered (encoding TS1) on input line 175.
LaTeX Encoding Info:    Redeclaring text symbol \textasciimacron (encoding TS1) on input line 176.
LaTeX Encoding Info:    Redeclaring text symbol \textdegree (encoding TS1) on input line 177.
LaTeX Encoding Info:    Redeclaring text symbol \textpm (encoding TS1) on input line 178.
LaTeX Encoding Info:    Redeclaring text symbol \texttwosuperior (encoding TS1) on input line 179.
LaTeX Encoding Info:    Redeclaring text symbol \textthreesuperior (encoding TS1) on input line 180.
LaTeX Encoding Info:    Redeclaring text symbol \textasciiacute (encoding TS1) on input line 181.
LaTeX Encoding Info:    Redeclaring text symbol \textmu (encoding TS1) on input line 182.
LaTeX Encoding Info:    Redeclaring text symbol \textparagraph (encoding TS1) on input line 183.
LaTeX Encoding Info:    Redeclaring text symbol \textperiodcentered (encoding TS1) on input line 184.
LaTeX Encoding Info:    Redeclaring text symbol \textreferencemark (encoding TS1) on input line 185.
LaTeX Encoding Info:    Redeclaring text symbol \textonesuperior (encoding TS1) on input line 186.
LaTeX Encoding Info:    Redeclaring text symbol \textordmasculine (encoding TS1) on input line 187.
LaTeX Encoding Info:    Redeclaring text symbol \textsurd (encoding TS1) on input line 188.
LaTeX Encoding Info:    Redeclaring text symbol \textonequarter (encoding TS1) on input line 189.
LaTeX Encoding Info:    Redeclaring text symbol \textonehalf (encoding TS1) on input line 190.
LaTeX Encoding Info:    Redeclaring text symbol \textthreequarters (encoding TS1) on input line 191.
LaTeX Encoding Info:    Redeclaring text symbol \texteuro (encoding TS1) on input line 192.
LaTeX Encoding Info:    Redeclaring text symbol \texttimes (encoding TS1) on input line 193.
LaTeX Encoding Info:    Redeclaring text symbol \textdiv (encoding TS1) on input line 194.
)) (/usr/local/texlive/2026/texmf-dist/tex/latex/natbib/natbib.sty
Package: natbib 2010/09/13 8.31b (PWD, AO)
\bibhang=\skip63
\bibsep=\skip64
LaTeX Info: Redefining \cite on input line 694.
\c@NAT@ctr=\count311
)) (/usr/local/texlive/2026/texmf-dist/tex/latex/multirow/multirow.sty
Package: multirow 2024/11/12 v2.9 Span multiple rows of a table
\multirow@colwidth=\skip65
\multirow@cntb=\count312
\multirow@dima=\skip66
\bigstrutjot=\dimen186
) (/usr/local/texlive/2026/texmf-dist/tex/latex/amsmath/amsmath.sty
Package: amsmath 2025/07/09 v2.17z AMS math features
\@mathmargin=\skip67

For additional information on amsmath, use the `?' option.
(/usr/local/texlive/2026/texmf-dist/tex/latex/amsmath/amstext.sty
Package: amstext 2024/11/17 v2.01 AMS text
 (/usr/local/texlive/2026/texmf-dist/tex/latex/amsmath/amsgen.sty
File: amsgen.sty 1999/11/30 v2.0 generic functions
\@emptytoks=\toks30
\ex@=\dimen187
)) (/usr/local/texlive/2026/texmf-dist/tex/latex/amsmath/amsbsy.sty
Package: amsbsy 1999/11/29 v1.2d Bold Symbols
\pmbraise@=\dimen188
) (/usr/local/texlive/2026/texmf-dist/tex/latex/amsmath/amsopn.sty
Package: amsopn 2022/04/08 v2.04 operator names
)
\inf@bad=\count313
LaTeX Info: Redefining \frac on input line 233.
\uproot@=\count314
\leftroot@=\count315
LaTeX Info: Redefining \overline on input line 398.
LaTeX Info: Redefining \colon on input line 409.
\classnum@=\count316
\DOTSCASE@=\count317
LaTeX Info: Redefining \ldots on input line 495.
LaTeX Info: Redefining \dots on input line 498.
LaTeX Info: Redefining \cdots on input line 619.
\Mathstrutbox@=\box73
\strutbox@=\box74
LaTeX Info: Redefining \big on input line 721.
LaTeX Info: Redefining \Big on input line 722.
LaTeX Info: Redefining \bigg on input line 723.
LaTeX Info: Redefining \Bigg on input line 724.
\big@size=\dimen189
LaTeX Font Info:    Redeclaring font encoding OML on input line 742.
LaTeX Font Info:    Redeclaring font encoding OMS on input line 743.
\macc@depth=\count318
LaTeX Info: Redefining \bmod on input line 904.
LaTeX Info: Redefining \pmod on input line 909.
LaTeX Info: Redefining \smash on input line 939.
LaTeX Info: Redefining \relbar on input line 969.
LaTeX Info: Redefining \Relbar on input line 970.
\c@MaxMatrixCols=\count319
\dotsspace@=\muskip18
\c@parentequation=\count320
\dspbrk@lvl=\count321
\tag@help=\toks31
\row@=\count322
\column@=\count323
\maxfields@=\count324
\andhelp@=\toks32
\eqnshift@=\dimen190
\alignsep@=\dimen191
\tagshift@=\dimen192
\tagwidth@=\dimen193
\totwidth@=\dimen194
\lineht@=\dimen195
\@envbody=\toks33
\multlinegap=\skip68
\multlinetaggap=\skip69
\mathdisplay@stack=\toks34
LaTeX Info: Redefining \[ on input line 2950.
LaTeX Info: Redefining \] on input line 2951.
) (/usr/local/texlive/2026/texmf-dist/tex/latex/amsfonts/amssymb.sty
Package: amssymb 2013/01/14 v3.01 AMS font symbols
 (/usr/local/texlive/2026/texmf-dist/tex/latex/amsfonts/amsfonts.sty
Package: amsfonts 2013/01/14 v3.01 Basic AMSFonts support
\symAMSa=\mathgroup4
\symAMSb=\mathgroup5
LaTeX Font Info:    Redeclaring math symbol \hbar on input line 98.
LaTeX Font Info:    Overwriting math alphabet `\mathfrak' in version `bold'
(Font)                  U/euf/m/n --> U/euf/b/n on input line 106.
)) (/usr/local/texlive/2026/texmf-dist/tex/latex/jknapltx/mathrsfs.sty
Package: mathrsfs 1996/01/01 Math RSFS package v1.0 (jk)
\symrsfs=\mathgroup6
) (/usr/local/texlive/2026/texmf-dist/tex/latex/xcolor/xcolor.sty
Package: xcolor 2024/09/29 v3.02 LaTeX color extensions (UK)
 (/usr/local/texlive/2026/texmf-dist/tex/latex/graphics-cfg/color.cfg
File: color.cfg 2016/01/02 v1.6 sample color configuration
)
Package xcolor Info: Driver file: xetex.def on input line 274.
 (/usr/local/texlive/2026/texmf-dist/tex/latex/graphics/mathcolor.ltx)
Package xcolor Info: Model `cmy' substituted by `cmy0' on input line 1349.
Package xcolor Info: Model `RGB' extended on input line 1365.
Package xcolor Info: Model `HTML' substituted by `rgb' on input line 1367.
Package xcolor Info: Model `Hsb' substituted by `hsb' on input line 1368.
Package xcolor Info: Model `tHsb' substituted by `hsb' on input line 1369.
Package xcolor Info: Model `HSB' substituted by `hsb' on input line 1370.
Package xcolor Info: Model `Gray' substituted by `gray' on input line 1371.
Package xcolor Info: Model `wave' substituted by `hsb' on input line 1372.
) (/usr/local/texlive/2026/texmf-dist/tex/latex/base/textcomp.sty
Package: textcomp 2024/04/24 v2.1b Standard LaTeX package
) (/usr/local/texlive/2026/texmf-dist/tex/latex/ncctools/manyfoot.sty
Package: manyfoot 2019/08/03 v1.11 Many Footnote Levels Package (NCC)
 (/usr/local/texlive/2026/texmf-dist/tex/latex/ncctools/nccfoots.sty
Package: nccfoots 2005/02/03 v1.2 NCC Footnotes Package (NCC)
)
\MFL@columnwidth=\dimen196
) (/usr/local/texlive/2026/texmf-dist/tex/latex/booktabs/booktabs.sty
Package: booktabs 2020/01/12 v1.61803398 Publication quality tables
\heavyrulewidth=\dimen197
\lightrulewidth=\dimen198
\cmidrulewidth=\dimen199
\belowrulesep=\dimen256
\belowbottomsep=\dimen257
\aboverulesep=\dimen258
\abovetopsep=\dimen259
\cmidrulesep=\dimen260
\cmidrulekern=\dimen261
\defaultaddspace=\dimen262
\@cmidla=\count325
\@cmidlb=\count326
\@aboverulesep=\dimen263
\@belowrulesep=\dimen264
\@thisruleclass=\count327
\@lastruleclass=\count328
\@thisrulewidth=\dimen265
) (/usr/local/texlive/2026/texmf-dist/tex/latex/algorithms/algorithm.sty
Invalid UTF-8 byte or sequence at line 11 replaced by U+FFFD.
Package: algorithm 2009/08/24 v0.1 Document Style `algorithm' - floating environment
 (/usr/local/texlive/2026/texmf-dist/tex/latex/float/float.sty
Package: float 2001/11/08 v1.3d Float enhancements (AL)
\c@float@type=\count329
\float@exts=\toks35
\float@box=\box75
\@float@everytoks=\toks36
\@floatcapt=\box76
)
\@float@every@algorithm=\toks37
\c@algorithm=\count330
) (/usr/local/texlive/2026/texmf-dist/tex/latex/algorithmicx/algorithmicx.sty
Package: algorithmicx 2005/04/27 v1.2 Algorithmicx

Document Style algorithmicx 1.2 - a greatly improved `algorithmic' style
\c@ALG@line=\count331
\c@ALG@rem=\count332
\c@ALG@nested=\count333
\ALG@tlm=\skip70
\ALG@thistlm=\skip71
\c@ALG@Lnr=\count334
\c@ALG@blocknr=\count335
\c@ALG@storecount=\count336
\c@ALG@tmpcounter=\count337
\ALG@tmplength=\skip72
) (/usr/local/texlive/2026/texmf-dist/tex/latex/algorithmicx/algpseudocode.sty
Package: algpseudocode 

Document Style - pseudocode environments for use with the `algorithmicx' style
) (/usr/local/texlive/2026/texmf-dist/tex/latex/listings/listings.sty
\lst@mode=\count338
\lst@gtempboxa=\box77
\lst@token=\toks38
\lst@length=\count339
\lst@currlwidth=\dimen266
\lst@column=\count340
\lst@pos=\count341
\lst@lostspace=\dimen267
\lst@width=\dimen268
\lst@newlines=\count342
\lst@lineno=\count343
\lst@maxwidth=\dimen269
 (/usr/local/texlive/2026/texmf-dist/tex/latex/listings/lstpatch.sty
File: lstpatch.sty 2025/11/14 1.11b (Carsten Heinz)
) (/usr/local/texlive/2026/texmf-dist/tex/latex/listings/lstmisc.sty
File: lstmisc.sty 2025/11/14 1.11b (Carsten Heinz)
\c@lstnumber=\count344
\lst@skipnumbers=\count345
\lst@framebox=\box78
) (/usr/local/texlive/2026/texmf-dist/tex/latex/listings/listings.cfg
File: listings.cfg 2025/11/14 1.11b listings configuration
))
Package: listings 2025/11/14 1.11b (Carsten Heinz)

==> First Aid for listings.sty no longer applied!
    Expected:
        2024/09/23 1.10c (Carsten Heinz)
    but found:
        2025/11/14 1.11b (Carsten Heinz)
    so I'm assuming it got fixed.
\c@theorem=\count346
\c@example=\count347
\c@remark=\count348
\c@definition=\count349
(/usr/local/texlive/2026/texmf-dist/tex/latex/l3backend/l3backend-xetex.def
File: l3backend-xetex.def 2025-10-09 L3 backend support: XeTeX
\g__graphics_track_int=\count350
\g__pdfannot_backend_int=\count351
\g__pdfannot_backend_link_int=\count352
)
No file HAG-DTA.aux.
\openout1 = `HAG-DTA.aux'.

LaTeX Font Info:    Checking defaults for OML/cmm/m/it on input line 91.
LaTeX Font Info:    ... okay on input line 91.
LaTeX Font Info:    Checking defaults for OMS/cmsy/m/n on input line 91.
LaTeX Font Info:    ... okay on input line 91.
LaTeX Font Info:    Checking defaults for OT1/cmr/m/n on input line 91.
LaTeX Font Info:    ... okay on input line 91.
LaTeX Font Info:    Checking defaults for T1/cmr/m/n on input line 91.
LaTeX Font Info:    ... okay on input line 91.
LaTeX Font Info:    Checking defaults for TS1/cmr/m/n on input line 91.
LaTeX Font Info:    ... okay on input line 91.
LaTeX Font Info:    Checking defaults for TU/lmr/m/n on input line 91.
LaTeX Font Info:    ... okay on input line 91.
LaTeX Font Info:    Checking defaults for OMX/cmex/m/n on input line 91.
LaTeX Font Info:    ... okay on input line 91.
LaTeX Font Info:    Checking defaults for U/cmr/m/n on input line 91.
LaTeX Font Info:    ... okay on input line 91.
LaTeX Font Info:    Checking defaults for PD1/pdf/m/n on input line 91.
LaTeX Font Info:    ... okay on input line 91.
LaTeX Font Info:    Checking defaults for PU/pdf/m/n on input line 91.
LaTeX Font Info:    ... okay on input line 91.
*geometry* driver: auto-detecting
*geometry* detected driver: xetex
*geometry* verbose mode - [ preamble ] result:
* driver: xetex
* paper: custom
* layout: <same size as paper>
* layoutoffset:(h,v)=(0.0pt,0.0pt)
* bindingoffset: 17.07164pt
* modes: twoside 
* h-part:(L,W,R)=(83.37448pt, 372.0pt, 125.06175pt)
* v-part:(T,H,B)=(73.97716pt, 552.69478pt, 218.37491pt)
* \paperwidth=597.50787pt
* \paperheight=845.04684pt
* \textwidth=372.0pt
* \textheight=552.69478pt
* \oddsidemargin=28.17613pt
* \evensidemargin=52.79176pt
* \topmargin=-19.72638pt
* \headheight=5.5pt
* \headsep=15.93355pt
* \topskip=10.0pt
* \footskip=28.45274pt
* \marginparwidth=34.1433pt
* \marginparsep=14.22636pt
* \columnsep=14.22636pt
* \skip\footins=8.0pt plus 4.0pt
* \hoffset=0.0pt
* \voffset=0.0pt
* \mag=1000
* \@twocolumnfalse
* \@twosidetrue
* \@mparswitchtrue
* \@reversemargintrue
* (1in=72.27pt=25.4mm, 1cm=28.453pt)

LaTeX Info: Redefining \S on input line 91.
LaTeX Font Info:    Redeclaring symbol font `AMSa' on input line 91.
LaTeX Font Info:    Overwriting symbol font `AMSa' in version `normal'
(Font)                  U/msa/m/n --> U/msa/m/n on input line 91.
LaTeX Font Info:    Overwriting symbol font `AMSa' in version `bold'
(Font)                  U/msa/m/n --> U/msa/m/n on input line 91.
Package hyperref Info: Link coloring ON on input line 91.
\@outlinefile=\write3
\openout3 = `HAG-DTA.out'.


Package hyperref Warning: Rerun to get /PageLabels entry.

\c@lstlisting=\count353
LaTeX Font Info:    Calculating math sizes for size <12.045> on input line 136.
LaTeX Font Info:    Trying to load font information for U+msa on input line 136.
(/usr/local/texlive/2026/texmf-dist/tex/latex/amsfonts/umsa.fd
File: umsa.fd 2013/01/14 v3.01 AMS symbols A
)
LaTeX Font Info:    Trying to load font information for U+msb on input line 136.
 (/usr/local/texlive/2026/texmf-dist/tex/latex/amsfonts/umsb.fd
File: umsb.fd 2013/01/14 v3.01 AMS symbols B
)
LaTeX Font Info:    Trying to load font information for U+rsfs on input line 136.
 (/usr/local/texlive/2026/texmf-dist/tex/latex/jknapltx/ursfs.fd
File: ursfs.fd 1998/03/24 rsfs font definition file (jk)
)

LaTeX Font Warning: Font shape `U/rsfs/m/n' in size <8.43146> not available
(Font)              size <8> substituted on input line 136.

LaTeX Font Info:    Calculating math sizes for size <11.04124> on input line 136.

LaTeX Font Warning: Font shape `U/rsfs/m/n' in size <5.52061> not available
(Font)              size <6> substituted on input line 136.

LaTeX Font Info:    Calculating math sizes for size <10.03749> on input line 136.

Package natbib Warning: Citation `DeepDTA' on page 1 undefined on input line 139.


Underfull \vbox (badness 10000) has occurred while \output is active []

 [1

]

Package natbib Warning: Citation `DeepDTA' on page 2 undefined on input line 141.


Package natbib Warning: Citation `GraphDTA' on page 2 undefined on input line 141.


Package natbib Warning: Citation `MGraphDTA' on page 2 undefined on input line 143.


Package natbib Warning: Citation `DiffPool' on page 2 undefined on input line 143.


Package natbib Warning: Citation `AttentionDTA' on page 2 undefined on input line 145.


Package natbib Warning: Citation `AttentionDTA' on page 2 undefined on input line 147.


Underfull \vbox (badness 10000) has occurred while \output is active []

 [2]

Package natbib Warning: Citation `KronRLS' on page 3 undefined on input line 157.


Package natbib Warning: Citation `SimBoost' on page 3 undefined on input line 157.


Package natbib Warning: Citation `DeepDTA' on page 3 undefined on input line 159.


Package natbib Warning: Citation `WideDTA' on page 3 undefined on input line 159.


Package natbib Warning: Citation `AttentionDTA' on page 3 undefined on input line 159.


Package natbib Warning: Citation `TransformerCPI' on page 3 undefined on input line 159.


Package natbib Warning: Citation `MolTrans' on page 3 undefined on input line 159.


Package natbib Warning: Citation `GraphDTA' on page 3 undefined on input line 161.


Package natbib Warning: Citation `MGraphDTA' on page 3 undefined on input line 161.


Package natbib Warning: Citation `DGraphDTA' on page 3 undefined on input line 161.


Package natbib Warning: Citation `AttentionMGTDTA' on page 3 undefined on input line 161.


Underfull \vbox (badness 10000) has occurred while \output is active []

 [3]

Package natbib Warning: Citation `GPCNDTA' on page 4 undefined on input line 163.


Package natbib Warning: Citation `GEFormerDTA' on page 4 undefined on input line 163.


Package natbib Warning: Citation `GNPDTA' on page 4 undefined on input line 163.


Package natbib Warning: Citation `GLCNDTA' on page 4 undefined on input line 163.


Package natbib Warning: Citation `CSCoDTA' on page 4 undefined on input line 163.


Package natbib Warning: Citation `MDCTDTA' on page 4 undefined on input line 163.


Package natbib Warning: Citation `WPGraphDTA' on page 4 undefined on input line 163.


Package natbib Warning: Citation `MEGDTA' on page 4 undefined on input line 163.


Package natbib Warning: Citation `GCNs' on page 4 undefined on input line 169.


Package natbib Warning: Citation `GINs' on page 4 undefined on input line 171.


Package natbib Warning: Citation `GATs' on page 4 undefined on input line 173.


Underfull \vbox (badness 10000) has occurred while \output is active []

 [4]

Package natbib Warning: Citation `GraphSAGE' on page 5 undefined on input line 175.


Package natbib Warning: Citation `DiffPool' on page 5 undefined on input line 177.


Package natbib Warning: Citation `MGraphDTA' on page 5 undefined on input line 177.


Package natbib Warning: Citation `CSCoDTA' on page 5 undefined on input line 177.


Package natbib Warning: Citation `GLCNDTA' on page 5 undefined on input line 177.


Package natbib Warning: Citation `DiffPool' on page 5 undefined on input line 177.


Package natbib Warning: Citation `MGraphDTA' on page 5 undefined on input line 177.


Package natbib Warning: Citation `CSCoDTA' on page 5 undefined on input line 177.


Package natbib Warning: Citation `GLCNDTA' on page 5 undefined on input line 177.


Underfull \hbox (badness 1226) in paragraph at lines 177--178
[]\TU/lmr/m/n/10.03749 To further enhance molecular representation learning, several studies have
 []


Package natbib Warning: Citation `AttentionDTA' on page 5 undefined on input line 183.


Package natbib Warning: Citation `TransformerCPI' on page 5 undefined on input line 183.


Package natbib Warning: Citation `MolTrans' on page 5 undefined on input line 183.


Package natbib Warning: Citation `AttentionMGTDTA' on page 5 undefined on input line 183.


Package natbib Warning: Citation `DPSP' on page 5 undefined on input line 185.


Package natbib Warning: Citation `NNPS' on page 5 undefined on input line 185.


Underfull \vbox (badness 10000) has occurred while \output is active []

 [5]

Package natbib Warning: Citation `MONN' on page 6 undefined on input line 187.


Package natbib Warning: Citation `TransformerCPI' on page 6 undefined on input line 187.


Package natbib Warning: Citation `MolTrans' on page 6 undefined on input line 187.


LaTeX Warning: Reference `fig1' on page 6 undefined on input line 196.


Underfull \vbox (badness 10000) has occurred while \output is active []

 [6]
File: image/figure1.pdf Graphic file (type pdf)
<use image/figure1.pdf>


Package natbib Warning: Citation `nguyen2021graphdta' on page 7 undefined on input line 206.


Package natbib Warning: Citation `landrum2006rdkit' on page 7 undefined on input line 206.


LaTeX Warning: Reference `fig2' on page 7 undefined on input line 206.


Package natbib Warning: Citation `nguyen2021graphdta' on page 7 undefined on input line 208.


Underfull \vbox (badness 10000) has occurred while \output is active []

 [7]

LaTeX Warning: Reference `fig2' on page 8 undefined on input line 210.


LaTeX Warning: Reference `fig2' on page 8 undefined on input line 212.


LaTeX Warning: Reference `fig2' on page 8 undefined on input line 214.


Underfull \vbox (badness 10000) has occurred while \output is active []

 [8]
File: image/figure2.pdf Graphic file (type pdf)
<use image/figure2.pdf>


Package natbib Warning: Citation `kipf2016semi' on page 9 undefined on input line 237.


Package natbib Warning: Citation `hamilton2017inductive' on page 9 undefined on input line 237.


Package natbib Warning: Citation `velivckovic2017graph' on page 9 undefined on input line 237.


Package natbib Warning: Citation `xu2018powerful' on page 9 undefined on input line 237.


Underfull \vbox (badness 10000) has occurred while \output is active []

 [9]

Package natbib Warning: Citation `hamilton2017inductive' on page 10 undefined on input line 247.


Underfull \vbox (badness 10000) has occurred while \output is active []

 [10]

LaTeX Warning: Reference `equation1' on page 11 undefined on input line 273.


Package natbib Warning: Citation `li2019deepgcns' on page 11 undefined on input line 288.


Package natbib Warning: Citation `ryu2018deeply' on page 11 undefined on input line 288.


LaTeX Warning: Reference `fig2' on page 11 undefined on input line 288.


Underfull \vbox (badness 10000) has occurred while \output is active []

 [11]

LaTeX Warning: Reference `equation2' on page 12 undefined on input line 298.


LaTeX Warning: Reference `equation3' on page 12 undefined on input line 298.


Package natbib Warning: Citation `gretton2012kernel' on page 12 undefined on input line 307.


LaTeX Warning: Reference `equation4' on page 12 undefined on input line 307.


Package natbib Warning: Citation `davis2011comprehensive' on page 12 undefined on input line 324.


Package natbib Warning: Citation `tang2014making' on page 12 undefined on input line 324.


Package natbib Warning: Citation `liu2015improving' on page 12 undefined on input line 324.


Package natbib Warning: Citation `liu2015improving' on page 12 undefined on input line 324.


LaTeX Warning: Reference `equation6' on page 12 undefined on input line 326.


Underfull \vbox (badness 10000) has occurred while \output is active []

 [12]

LaTeX Warning: Reference `table1' on page 13 undefined on input line 330.

LaTeX Font Info:    Calculating math sizes for size <8.03> on input line 333.

LaTeX Font Warning: Font shape `U/rsfs/m/n' in size <4.015> not available
(Font)              size <5> substituted on input line 333.


Package natbib Warning: Citation `gonen2005concordance' on page 13 undefined on input line 345.


LaTeX Warning: Reference `equation5' on page 13 undefined on input line 345.


Package natbib Warning: Citation `ozturk2018deepdta' on page 13 undefined on input line 357.


Underfull \vbox (badness 10000) has occurred while \output is active []

 [13]

Package natbib Warning: Citation `nguyen2021graphdta' on page 14 undefined on input line 363.


LaTeX Warning: Reference `table2' on page 14 undefined on input line 365.


Package natbib Warning: Citation `nguyen2021graphdta' on page 14 undefined on input line 365.


LaTeX Warning: Reference `table2' on page 14 undefined on input line 365.


LaTeX Warning: Reference `fig3' on page 14 undefined on input line 387.

File: image/figure3.pdf Graphic file (type pdf)
<use image/figure3.pdf>

Underfull \vbox (badness 10000) has occurred while \output is active []

 [14]

Package natbib Warning: Citation `huang2021moltrans' on page 15 undefined on input line 399.


Package natbib Warning: Citation `zeng2021deep' on page 15 undefined on input line 399.


Package natbib Warning: Citation `tsubaki2019compound' on page 15 undefined on input line 399.


Package natbib Warning: Citation `cheng2022iifdti' on page 15 undefined on input line 399.


Package natbib Warning: Citation `jiang2022sequence' on page 15 undefined on input line 399.


Overfull \hbox (13.35974pt too wide) in alignment at lines 403--422
[] [] [] [] [] [] []
 []


Underfull \vbox (badness 10000) has occurred while \output is active []

 [15]
Overfull \hbox (13.35974pt too wide) in alignment at lines 431--448
[] [] [] [] [] [] []
 []


LaTeX Warning: Reference `table3' on page 16 undefined on input line 453.


LaTeX Warning: Reference `table4' on page 16 undefined on input line 453.


Underfull \vbox (badness 10000) has occurred while \output is active []

 [16]

LaTeX Warning: Reference `table5' on page 17 undefined on input line 457.


Package natbib Warning: Citation `bhutani2021us' on page 17 undefined on input line 480.


Package natbib Warning: Citation `kim2016pubchem' on page 17 undefined on input line 482.


LaTeX Warning: Reference `fig4' on page 17 undefined on input line 482.


LaTeX Warning: Reference `fig4' on page 17 undefined on input line 482.

File: image/figure4.pdf Graphic file (type pdf)
<use image/figure4.pdf>

Underfull \vbox (badness 10000) has occurred while \output is active []

 [17]
Underfull \hbox (badness 10000) in paragraph at lines 489--506

 []


Underfull \hbox (badness 10000) in paragraph at lines 489--506

 []


Underfull \vbox (badness 10000) has occurred while \output is active []

 [18]
Underfull \vbox (badness 10000) has occurred while \output is active []

 [19]
No file HAG-DTA.bbl.

Underfull \hbox (badness 10000) in paragraph at lines 508--546

 []


Underfull \hbox (badness 10000) in paragraph at lines 508--546

 []


Underfull \hbox (badness 10000) in paragraph at lines 508--546

 []


Underfull \hbox (badness 10000) in paragraph at lines 508--546

 []


Underfull \hbox (badness 10000) in paragraph at lines 508--546

 []


Underfull \hbox (badness 10000) in paragraph at lines 508--546

 []


Underfull \hbox (badness 10000) in paragraph at lines 508--546

 []


Underfull \hbox (badness 10000) in paragraph at lines 508--546

 []


Package natbib Warning: There were undefined citations.


Underfull \vbox (badness 10000) has occurred while \output is active []

 [20] (./HAG-DTA.aux)
 ***********
LaTeX2e <2025-11-01>
L3 programming layer <2026-01-19>
 ***********


LaTeX Font Warning: Size substitutions with differences
(Font)              up to 0.985pt have occurred.


LaTeX Warning: There were undefined references.


LaTeX Warning: Label(s) may have changed. Rerun to get cross-references right.


Package rerunfilecheck Warning: File `HAG-DTA.out' has changed.
(rerunfilecheck)                Rerun to get outlines right
(rerunfilecheck)                or use package `bookmark'.

Package rerunfilecheck Info: Checksums for `HAG-DTA.out':
(rerunfilecheck)             Before: <no file>
(rerunfilecheck)             After:  E8584D4F5B6B729101CC04378CE9EC18;3719.
 ) 
Here is how much of TeX's memory you used:
 13950 strings out of 468168
 215125 string characters out of 5432815
 649714 words of memory out of 5000000
 42427 multiletter control sequences out of 15000+600000
 651760 words of font info for 157 fonts, out of 8000000 for 9000
 1358 hyphenation exceptions out of 8191
 87i,16n,93p,2282b,477s stack positions out of 10000i,1000n,20000p,200000b,200000s

Output written on HAG-DTA.pdf (20 pages).
