Diff_DTA_GIN
fold_id: 0
Learning rate:  0.0005
Epochs:  1000
Validation interval:  1
Early stop patience:  50

running on  Human
Pre-processed data found: /root/autodl-tmp/HAG-DTA-cache/processed/Human_fold0_train.pt, loading ...
Pre-processed data found: /root/autodl-tmp/HAG-DTA-cache/processed/Human_fold0_val.pt, loading ...
Pre-processed data found: /root/autodl-tmp/HAG-DTA-cache/processed/Human_fold0_test.pt, loading ...
Training on 3804 samples...
Train epoch: 1 [0/3804 (0%)]	Loss: 0.688387 Loss_all: 0.734799
Train epoch: 1 [2560/3804 (67%)]	Loss: 0.507581 Loss_all: 0.548240
Train epoch: 1	Loss: 0.534749
val AUROC improved at epoch  1 ; best_AUROC, best_AUPRC, best_precision, best_recall: 0.8985294793966151 0.8952304733086682 0.7983471074380165 0.8385416666666666 Human
spend time： 6.43188738822937 s
Training on 3804 samples...
Train epoch: 2 [0/3804 (0%)]	Loss: 0.468613 Loss_all: 0.508266
Train epoch: 2 [2560/3804 (67%)]	Loss: 0.369704 Loss_all: 0.413608
Train epoch: 2	Loss: 0.375857
val AUROC improved at epoch  2 ; best_AUROC, best_AUPRC, best_precision, best_recall: 0.9491583885209713 0.9523770286873336 0.832258064516129 0.8958333333333334 Human
spend time： 4.114878416061401 s
Training on 3804 samples...
Train epoch: 3 [0/3804 (0%)]	Loss: 0.299661 Loss_all: 0.338704
Train epoch: 3 [2560/3804 (67%)]	Loss: 0.298895 Loss_all: 0.338208
Train epoch: 3	Loss: 0.289741
val AUROC improved at epoch  3 ; best_AUROC, best_AUPRC, best_precision, best_recall: 0.9595319398454746 0.963257136379868 0.8933566433566433 0.8871527777777778 Human
spend time： 3.317359685897827 s
Training on 3804 samples...
Train epoch: 4 [0/3804 (0%)]	Loss: 0.231765 Loss_all: 0.272012
Train epoch: 4 [2560/3804 (67%)]	Loss: 0.225853 Loss_all: 0.265421
Train epoch: 4	Loss: 0.255639
val AUROC improved at epoch  4 ; best_AUROC, best_AUPRC, best_precision, best_recall: 0.9725757680279618 0.9753410398086888 0.8135095447870778 0.9618055555555556 Human
spend time： 3.0313591957092285 s
Training on 3804 samples...
Train epoch: 5 [0/3804 (0%)]	Loss: 0.188298 Loss_all: 0.228437
Train epoch: 5 [2560/3804 (67%)]	Loss: 0.186135 Loss_all: 0.227642
Train epoch: 5	Loss: 0.194718
val AUROC improved at epoch  5 ; best_AUROC, best_AUPRC, best_precision, best_recall: 0.9768298151214129 0.9787889657042546 0.8763866877971473 0.9600694444444444 Human
spend time： 3.809802293777466 s
Training on 3804 samples...
Train epoch: 6 [0/3804 (0%)]	Loss: 0.159737 Loss_all: 0.197643
Train epoch: 6 [2560/3804 (67%)]	Loss: 0.110179 Loss_all: 0.148283
Train epoch: 6	Loss: 0.186288
0.9689769882065664 No improvement since epoch  5 ; best_AUROC, best_AUPRC, best_precision, best_recall: 0.9768298151214129 0.9787889657042546 0.8763866877971473 0.9600694444444444 Human
spend time： 3.423383951187134 s
Training on 3804 samples...
Train epoch: 7 [0/3804 (0%)]	Loss: 0.184195 Loss_all: 0.222719
Train epoch: 7 [2560/3804 (67%)]	Loss: 0.158002 Loss_all: 0.196497
Train epoch: 7	Loss: 0.157759
0.9718744746923357 No improvement since epoch  5 ; best_AUROC, best_AUPRC, best_precision, best_recall: 0.9768298151214129 0.9787889657042546 0.8763866877971473 0.9600694444444444 Human
spend time： 4.754746675491333 s
Training on 3804 samples...
Train epoch: 8 [0/3804 (0%)]	Loss: 0.107149 Loss_all: 0.147414
Train epoch: 8 [2560/3804 (67%)]	Loss: 0.135322 Loss_all: 0.171664
Train epoch: 8	Loss: 0.145120
val AUROC improved at epoch  8 ; best_AUROC, best_AUPRC, best_precision, best_recall: 0.9844985973142015 0.985713127521636 0.9166666666666666 0.9548611111111112 Human
spend time： 4.689591884613037 s
Training on 3804 samples...
Train epoch: 9 [0/3804 (0%)]	Loss: 0.116650 Loss_all: 0.155296
Train epoch: 9 [2560/3804 (67%)]	Loss: 0.127514 Loss_all: 0.170298
Train epoch: 9	Loss: 0.129022
0.9783905015526988 No improvement since epoch  8 ; best_AUROC, best_AUPRC, best_precision, best_recall: 0.9844985973142015 0.985713127521636 0.9166666666666666 0.9548611111111112 Human
spend time： 3.9369750022888184 s
Training on 3804 samples...
Train epoch: 10 [0/3804 (0%)]	Loss: 0.118093 Loss_all: 0.154888
Train epoch: 10 [2560/3804 (67%)]	Loss: 0.121291 Loss_all: 0.161207
Train epoch: 10	Loss: 0.123870
val AUROC improved at epoch  10 ; best_AUROC, best_AUPRC, best_precision, best_recall: 0.981201710816777 0.9830590269739452 0.9293103448275862 0.9357638888888888 Human
spend time： 3.5401594638824463 s
Training on 3804 samples...
Train epoch: 11 [0/3804 (0%)]	Loss: 0.114462 Loss_all: 0.152727
Train epoch: 11 [2560/3804 (67%)]	Loss: 0.115766 Loss_all: 0.153991
Train epoch: 11	Loss: 0.109613
0.9804563430623999 No improvement since epoch  10 ; best_AUROC, best_AUPRC, best_precision, best_recall: 0.981201710816777 0.9830590269739452 0.9293103448275862 0.9357638888888888 Human
spend time： 2.912135601043701 s
Training on 3804 samples...
Train epoch: 12 [0/3804 (0%)]	Loss: 0.126220 Loss_all: 0.166237
Train epoch: 12 [2560/3804 (67%)]	Loss: 0.110775 Loss_all: 0.149387
Train epoch: 12	Loss: 0.109767
0.9744357642728857 No improvement since epoch  10 ; best_AUROC, best_AUPRC, best_precision, best_recall: 0.981201710816777 0.9830590269739452 0.9293103448275862 0.9357638888888888 Human
spend time： 2.475494384765625 s
Training on 3804 samples...
Train epoch: 13 [0/3804 (0%)]	Loss: 0.088578 Loss_all: 0.126844
Train epoch: 13 [2560/3804 (67%)]	Loss: 0.104352 Loss_all: 0.141154
Train epoch: 13	Loss: 0.135593
val AUROC improved at epoch  13 ; best_AUROC, best_AUPRC, best_precision, best_recall: 0.9853896477189109 0.9862330738609159 0.9343696027633851 0.9392361111111112 Human
spend time： 3.7804107666015625 s
Training on 3804 samples...
Train epoch: 14 [0/3804 (0%)]	Loss: 0.109331 Loss_all: 0.146052
Train epoch: 14 [2560/3804 (67%)]	Loss: 0.138801 Loss_all: 0.176042
Train epoch: 14	Loss: 0.106058
val AUROC improved at epoch  14 ; best_AUROC, best_AUPRC, best_precision, best_recall: 0.984659561258278 0.9836798969232008 0.9025974025974026 0.9652777777777778 Human
spend time： 3.9742202758789062 s
Training on 3804 samples...
Train epoch: 15 [0/3804 (0%)]	Loss: 0.087303 Loss_all: 0.124292
Train epoch: 15 [2560/3804 (67%)]	Loss: 0.123803 Loss_all: 0.160476
Train epoch: 15	Loss: 0.098566
0.9785497527183289 No improvement since epoch  14 ; best_AUROC, best_AUPRC, best_precision, best_recall: 0.984659561258278 0.9836798969232008 0.9025974025974026 0.9652777777777778 Human
spend time： 4.714564561843872 s
Training on 3804 samples...
Train epoch: 16 [0/3804 (0%)]	Loss: 0.090530 Loss_all: 0.131690
Train epoch: 16 [2560/3804 (67%)]	Loss: 0.049969 Loss_all: 0.087646
Train epoch: 16	Loss: 0.082306
0.9831061055127445 No improvement since epoch  14 ; best_AUROC, best_AUPRC, best_precision, best_recall: 0.984659561258278 0.9836798969232008 0.9025974025974026 0.9652777777777778 Human
spend time： 3.8912415504455566 s
Training on 3804 samples...
Train epoch: 17 [0/3804 (0%)]	Loss: 0.062667 Loss_all: 0.102300
Train epoch: 17 [2560/3804 (67%)]	Loss: 0.055196 Loss_all: 0.092889
Train epoch: 17	Loss: 0.080117
0.9819205690574985 No improvement since epoch  14 ; best_AUROC, best_AUPRC, best_precision, best_recall: 0.984659561258278 0.9836798969232008 0.9025974025974026 0.9652777777777778 Human
spend time： 3.9467782974243164 s
Training on 3804 samples...
Train epoch: 18 [0/3804 (0%)]	Loss: 0.073313 Loss_all: 0.110184
Train epoch: 18 [2560/3804 (67%)]	Loss: 0.099049 Loss_all: 0.138865
Train epoch: 18	Loss: 0.076870
0.9845437896469048 No improvement since epoch  14 ; best_AUROC, best_AUPRC, best_precision, best_recall: 0.984659561258278 0.9836798969232008 0.9025974025974026 0.9652777777777778 Human
spend time： 3.3447062969207764 s
Training on 3804 samples...
Train epoch: 19 [0/3804 (0%)]	Loss: 0.074840 Loss_all: 0.111261
Train epoch: 19 [2560/3804 (67%)]	Loss: 0.075942 Loss_all: 0.112308
Train epoch: 19	Loss: 0.070521
0.9820134655707827 No improvement since epoch  14 ; best_AUROC, best_AUPRC, best_precision, best_recall: 0.984659561258278 0.9836798969232008 0.9025974025974026 0.9652777777777778 Human
spend time： 2.929929733276367 s
Training on 3804 samples...
Train epoch: 20 [0/3804 (0%)]	Loss: 0.069524 Loss_all: 0.106282
Train epoch: 20 [2560/3804 (67%)]	Loss: 0.048117 Loss_all: 0.085672
Train epoch: 20	Loss: 0.075633
0.9827124012421591 No improvement since epoch  14 ; best_AUROC, best_AUPRC, best_precision, best_recall: 0.984659561258278 0.9836798969232008 0.9025974025974026 0.9652777777777778 Human
spend time： 2.6858291625976562 s
Training on 3804 samples...
Train epoch: 21 [0/3804 (0%)]	Loss: 0.058197 Loss_all: 0.098479
Train epoch: 21 [2560/3804 (67%)]	Loss: 0.069138 Loss_all: 0.106414
Train epoch: 21	Loss: 0.065756
0.9810668058639818 No improvement since epoch  14 ; best_AUROC, best_AUPRC, best_precision, best_recall: 0.984659561258278 0.9836798969232008 0.9025974025974026 0.9652777777777778 Human
spend time： 3.2745895385742188 s
Training on 3804 samples...
Train epoch: 22 [0/3804 (0%)]	Loss: 0.066867 Loss_all: 0.108032
Train epoch: 22 [2560/3804 (67%)]	Loss: 0.027698 Loss_all: 0.066579
Train epoch: 22	Loss: 0.055980
val AUROC improved at epoch  22 ; best_AUROC, best_AUPRC, best_precision, best_recall: 0.9837857569904342 0.9800740557117684 0.9526315789473684 0.9427083333333334 Human
spend time： 4.0278239250183105 s
Training on 3804 samples...
Train epoch: 23 [0/3804 (0%)]	Loss: 0.080851 Loss_all: 0.118372
Train epoch: 23 [2560/3804 (67%)]	Loss: 0.085499 Loss_all: 0.121809
Train epoch: 23	Loss: 0.054595
0.9825310318590804 No improvement since epoch  22 ; best_AUROC, best_AUPRC, best_precision, best_recall: 0.9837857569904342 0.9800740557117684 0.9526315789473684 0.9427083333333334 Human
spend time： 4.59117579460144 s
Training on 3804 samples...
Train epoch: 24 [0/3804 (0%)]	Loss: 0.096652 Loss_all: 0.136207
Train epoch: 24 [2560/3804 (67%)]	Loss: 0.077028 Loss_all: 0.114923
Train epoch: 24	Loss: 0.066998
0.9834776915658813 No improvement since epoch  22 ; best_AUROC, best_AUPRC, best_precision, best_recall: 0.9837857569904342 0.9800740557117684 0.9526315789473684 0.9427083333333334 Human
spend time： 4.313346862792969 s
Training on 3804 samples...
Train epoch: 25 [0/3804 (0%)]	Loss: 0.037820 Loss_all: 0.077796
Train epoch: 25 [2560/3804 (67%)]	Loss: 0.049112 Loss_all: 0.087739
Train epoch: 25	Loss: 0.061295
0.9836723318794292 No improvement since epoch  22 ; best_AUROC, best_AUPRC, best_precision, best_recall: 0.9837857569904342 0.9800740557117684 0.9526315789473684 0.9427083333333334 Human
spend time： 4.121579170227051 s
Training on 3804 samples...
Train epoch: 26 [0/3804 (0%)]	Loss: 0.064516 Loss_all: 0.106460
Train epoch: 26 [2560/3804 (67%)]	Loss: 0.049370 Loss_all: 0.087051
Train epoch: 26	Loss: 0.050504
0.9829114651991967 No improvement since epoch  22 ; best_AUROC, best_AUPRC, best_precision, best_recall: 0.9837857569904342 0.9800740557117684 0.9526315789473684 0.9427083333333334 Human
spend time： 3.2663395404815674 s
Training on 3804 samples...
Train epoch: 27 [0/3804 (0%)]	Loss: 0.068781 Loss_all: 0.109909
Train epoch: 27 [2560/3804 (67%)]	Loss: 0.041342 Loss_all: 0.078800
Train epoch: 27	Loss: 0.049156
0.9837475338187543 No improvement since epoch  22 ; best_AUROC, best_AUPRC, best_precision, best_recall: 0.9837857569904342 0.9800740557117684 0.9526315789473684 0.9427083333333334 Human
spend time： 2.9753901958465576 s
Training on 3804 samples...
Train epoch: 28 [0/3804 (0%)]	Loss: 0.032312 Loss_all: 0.070160
Train epoch: 28 [2560/3804 (67%)]	Loss: 0.065704 Loss_all: 0.102990
Train epoch: 28	Loss: 0.046693
0.9830751400083164 No improvement since epoch  22 ; best_AUROC, best_AUPRC, best_precision, best_recall: 0.9837857569904342 0.9800740557117684 0.9526315789473684 0.9427083333333334 Human
spend time： 2.6597237586975098 s
Training on 3804 samples...
Train epoch: 29 [0/3804 (0%)]	Loss: 0.051437 Loss_all: 0.088048
Train epoch: 29 [2560/3804 (67%)]	Loss: 0.038581 Loss_all: 0.075565
Train epoch: 29	Loss: 0.051848
0.980376717479585 No improvement since epoch  22 ; best_AUROC, best_AUPRC, best_precision, best_recall: 0.9837857569904342 0.9800740557117684 0.9526315789473684 0.9427083333333334 Human
spend time： 3.2626559734344482 s
Training on 3804 samples...
Train epoch: 30 [0/3804 (0%)]	Loss: 0.060935 Loss_all: 0.096479
Train epoch: 30 [2560/3804 (67%)]	Loss: 0.065002 Loss_all: 0.102092
Train epoch: 30	Loss: 0.056262
0.9804873085668281 No improvement since epoch  22 ; best_AUROC, best_AUPRC, best_precision, best_recall: 0.9837857569904342 0.9800740557117684 0.9526315789473684 0.9427083333333334 Human
spend time： 3.408104658126831 s
Training on 3804 samples...
Train epoch: 31 [0/3804 (0%)]	Loss: 0.032479 Loss_all: 0.070809
Train epoch: 31 [2560/3804 (67%)]	Loss: 0.047768 Loss_all: 0.083732
Train epoch: 31	Loss: 0.049434
0.9821660812711782 No improvement since epoch  22 ; best_AUROC, best_AUPRC, best_precision, best_recall: 0.9837857569904342 0.9800740557117684 0.9526315789473684 0.9427083333333334 Human
spend time： 4.329216957092285 s
Training on 3804 samples...
Train epoch: 32 [0/3804 (0%)]	Loss: 0.062541 Loss_all: 0.099770
Train epoch: 32 [2560/3804 (67%)]	Loss: 0.100468 Loss_all: 0.137867
Train epoch: 32	Loss: 0.043089
0.9813499190473242 No improvement since epoch  22 ; best_AUROC, best_AUPRC, best_precision, best_recall: 0.9837857569904342 0.9800740557117684 0.9526315789473684 0.9427083333333334 Human
spend time： 4.54619836807251 s
Training on 3804 samples...
Train epoch: 33 [0/3804 (0%)]	Loss: 0.026866 Loss_all: 0.063927
Train epoch: 33 [2560/3804 (67%)]	Loss: 0.032853 Loss_all: 0.073453
Train epoch: 33	Loss: 0.045510
0.9808633182634545 No improvement since epoch  22 ; best_AUROC, best_AUPRC, best_precision, best_recall: 0.9837857569904342 0.9800740557117684 0.9526315789473684 0.9427083333333334 Human
spend time： 3.814706802368164 s
Training on 3804 samples...
Train epoch: 34 [0/3804 (0%)]	Loss: 0.026760 Loss_all: 0.064154
Train epoch: 34 [2560/3804 (67%)]	Loss: 0.044356 Loss_all: 0.080435
Train epoch: 34	Loss: 0.037816
0.9822833078236559 No improvement since epoch  22 ; best_AUROC, best_AUPRC, best_precision, best_recall: 0.9837857569904342 0.9800740557117684 0.9526315789473684 0.9427083333333334 Human
spend time： 3.7226340770721436 s
Training on 3804 samples...
Train epoch: 35 [0/3804 (0%)]	Loss: 0.081808 Loss_all: 0.119790
Train epoch: 35 [2560/3804 (67%)]	Loss: 0.053985 Loss_all: 0.090688
Train epoch: 35	Loss: 0.045185
0.9823629334064709 No improvement since epoch  22 ; best_AUROC, best_AUPRC, best_precision, best_recall: 0.9837857569904342 0.9800740557117684 0.9526315789473684 0.9427083333333334 Human
spend time： 2.8842623233795166 s
Training on 3804 samples...
Train epoch: 36 [0/3804 (0%)]	Loss: 0.073344 Loss_all: 0.109765
Train epoch: 36 [2560/3804 (67%)]	Loss: 0.031066 Loss_all: 0.066729
Train epoch: 36	Loss: 0.037113
0.9800360969308762 No improvement since epoch  22 ; best_AUROC, best_AUPRC, best_precision, best_recall: 0.9837857569904342 0.9800740557117684 0.9526315789473684 0.9427083333333334 Human
spend time： 2.771660566329956 s
Training on 3804 samples...
Train epoch: 37 [0/3804 (0%)]	Loss: 0.036261 Loss_all: 0.074456
Train epoch: 37 [2560/3804 (67%)]	Loss: 0.036965 Loss_all: 0.072676
Train epoch: 37	Loss: 0.034770
0.9794079395553354 No improvement since epoch  22 ; best_AUROC, best_AUPRC, best_precision, best_recall: 0.9837857569904342 0.9800740557117684 0.9526315789473684 0.9427083333333334 Human
spend time： 2.7869534492492676 s
Training on 3804 samples...
Train epoch: 38 [0/3804 (0%)]	Loss: 0.024663 Loss_all: 0.063722
Train epoch: 38 [2560/3804 (67%)]	Loss: 0.032524 Loss_all: 0.067897
Train epoch: 38	Loss: 0.023404
0.9805315450017252 No improvement since epoch  22 ; best_AUROC, best_AUPRC, best_precision, best_recall: 0.9837857569904342 0.9800740557117684 0.9526315789473684 0.9427083333333334 Human
spend time： 3.765106201171875 s
Training on 3804 samples...
Train epoch: 39 [0/3804 (0%)]	Loss: 0.067568 Loss_all: 0.106329
Train epoch: 39 [2560/3804 (67%)]	Loss: 0.030010 Loss_all: 0.065976
Train epoch: 39	Loss: 0.035198
0.9788417131886507 No improvement since epoch  22 ; best_AUROC, best_AUPRC, best_precision, best_recall: 0.9837857569904342 0.9800740557117684 0.9526315789473684 0.9427083333333334 Human
spend time： 4.061890602111816 s
Training on 3804 samples...
Train epoch: 40 [0/3804 (0%)]	Loss: 0.015662 Loss_all: 0.052032
Train epoch: 40 [2560/3804 (67%)]	Loss: 0.027180 Loss_all: 0.063800
Train epoch: 40	Loss: 0.031866
0.9795074715338542 No improvement since epoch  22 ; best_AUROC, best_AUPRC, best_precision, best_recall: 0.9837857569904342 0.9800740557117684 0.9526315789473684 0.9427083333333334 Human
spend time： 4.958026885986328 s
Training on 3804 samples...
Train epoch: 41 [0/3804 (0%)]	Loss: 0.012248 Loss_all: 0.048273
Train epoch: 41 [2560/3804 (67%)]	Loss: 0.007037 Loss_all: 0.043588
Train epoch: 41	Loss: 0.027508
0.9815932194392589 No improvement since epoch  22 ; best_AUROC, best_AUPRC, best_precision, best_recall: 0.9837857569904342 0.9800740557117684 0.9526315789473684 0.9427083333333334 Human
spend time： 3.990647554397583 s
Training on 3804 samples...
Train epoch: 42 [0/3804 (0%)]	Loss: 0.008382 Loss_all: 0.044569
Train epoch: 42 [2560/3804 (67%)]	Loss: 0.023737 Loss_all: 0.059443
Train epoch: 42	Loss: 0.023679
0.979971954100275 No improvement since epoch  22 ; best_AUROC, best_AUPRC, best_precision, best_recall: 0.9837857569904342 0.9800740557117684 0.9526315789473684 0.9427083333333334 Human
spend time： 4.004913091659546 s
Training on 3804 samples...
Train epoch: 43 [0/3804 (0%)]	Loss: 0.031407 Loss_all: 0.066362
Train epoch: 43 [2560/3804 (67%)]	Loss: 0.020796 Loss_all: 0.057917
Train epoch: 43	Loss: 0.032107
0.981929416344478 No improvement since epoch  22 ; best_AUROC, best_AUPRC, best_precision, best_recall: 0.9837857569904342 0.9800740557117684 0.9526315789473684 0.9427083333333334 Human
spend time： 2.8277623653411865 s
Training on 3804 samples...
Train epoch: 44 [0/3804 (0%)]	Loss: 0.017969 Loss_all: 0.056714
Train epoch: 44 [2560/3804 (67%)]	Loss: 0.022654 Loss_all: 0.057896
Train epoch: 44	Loss: 0.030440
0.9813145298994063 No improvement since epoch  22 ; best_AUROC, best_AUPRC, best_precision, best_recall: 0.9837857569904342 0.9800740557117684 0.9526315789473684 0.9427083333333334 Human
spend time： 2.866075277328491 s
Training on 3804 samples...
Train epoch: 45 [0/3804 (0%)]	Loss: 0.007442 Loss_all: 0.045014
Train epoch: 45 [2560/3804 (67%)]	Loss: 0.009626 Loss_all: 0.044054
Train epoch: 45	Loss: 0.033540
0.9795450725035167 No improvement since epoch  22 ; best_AUROC, best_AUPRC, best_precision, best_recall: 0.9837857569904342 0.9800740557117684 0.9526315789473684 0.9427083333333334 Human
spend time： 2.6057159900665283 s
Training on 3804 samples...
Train epoch: 46 [0/3804 (0%)]	Loss: 0.024902 Loss_all: 0.061503
Train epoch: 46 [2560/3804 (67%)]	Loss: 0.028066 Loss_all: 0.064221
Train epoch: 46	Loss: 0.034568
0.984251829176583 No improvement since epoch  22 ; best_AUROC, best_AUPRC, best_precision, best_recall: 0.9837857569904342 0.9800740557117684 0.9526315789473684 0.9427083333333334 Human
spend time： 3.7800967693328857 s
Training on 3804 samples...
Train epoch: 47 [0/3804 (0%)]	Loss: 0.027083 Loss_all: 0.062774
Train epoch: 47 [2560/3804 (67%)]	Loss: 0.027953 Loss_all: 0.063660
Train epoch: 47	Loss: 0.030567
val AUROC improved at epoch  47 ; best_AUROC, best_AUPRC, best_precision, best_recall: 0.9854485720198675 0.9814368717317656 0.9404761904761905 0.9600694444444444 Human
spend time： 4.1375367641448975 s
Training on 3804 samples...
Train epoch: 48 [0/3804 (0%)]	Loss: 0.020093 Loss_all: 0.054294
Train epoch: 48 [2560/3804 (67%)]	Loss: 0.010738 Loss_all: 0.047808
Train epoch: 48	Loss: 0.021705
0.9830021498907361 No improvement since epoch  47 ; best_AUROC, best_AUPRC, best_precision, best_recall: 0.9854485720198675 0.9814368717317656 0.9404761904761905 0.9600694444444444 Human
spend time： 5.194604158401489 s
Training on 3804 samples...
Train epoch: 49 [0/3804 (0%)]	Loss: 0.015396 Loss_all: 0.050652
Train epoch: 49 [2560/3804 (67%)]	Loss: 0.023255 Loss_all: 0.058790
Train epoch: 49	Loss: 0.019954
0.9829468543471144 No improvement since epoch  47 ; best_AUROC, best_AUPRC, best_precision, best_recall: 0.9854485720198675 0.9814368717317656 0.9404761904761905 0.9600694444444444 Human
spend time： 3.548024892807007 s
Training on 3804 samples...
Train epoch: 50 [0/3804 (0%)]	Loss: 0.031136 Loss_all: 0.067388
Train epoch: 50 [2560/3804 (67%)]	Loss: 0.018617 Loss_all: 0.054944
Train epoch: 50	Loss: 0.027596
0.9834157605570252 No improvement since epoch  47 ; best_AUROC, best_AUPRC, best_precision, best_recall: 0.9854485720198675 0.9814368717317656 0.9404761904761905 0.9600694444444444 Human
spend time： 4.121416807174683 s
Training on 3804 samples...
Train epoch: 51 [0/3804 (0%)]	Loss: 0.041924 Loss_all: 0.076414
Train epoch: 51 [2560/3804 (67%)]	Loss: 0.011363 Loss_all: 0.045853
Train epoch: 51	Loss: 0.024495
0.9813720372647727 No improvement since epoch  47 ; best_AUROC, best_AUPRC, best_precision, best_recall: 0.9854485720198675 0.9814368717317656 0.9404761904761905 0.9600694444444444 Human
spend time： 2.847825527191162 s
Training on 3804 samples...
Train epoch: 52 [0/3804 (0%)]	Loss: 0.005479 Loss_all: 0.040090
Train epoch: 52 [2560/3804 (67%)]	Loss: 0.011197 Loss_all: 0.044898
Train epoch: 52	Loss: 0.019423
0.9835573171486963 No improvement since epoch  47 ; best_AUROC, best_AUPRC, best_precision, best_recall: 0.9854485720198675 0.9814368717317656 0.9404761904761905 0.9600694444444444 Human
spend time： 3.0076541900634766 s
Training on 3804 samples...
Train epoch: 53 [0/3804 (0%)]	Loss: 0.007304 Loss_all: 0.043203
Train epoch: 53 [2560/3804 (67%)]	Loss: 0.015868 Loss_all: 0.050973
Train epoch: 53	Loss: 0.017525
0.980903131054862 No improvement since epoch  47 ; best_AUROC, best_AUPRC, best_precision, best_recall: 0.9854485720198675 0.9814368717317656 0.9404761904761905 0.9600694444444444 Human
spend time： 2.8301305770874023 s
Training on 3804 samples...
Train epoch: 54 [0/3804 (0%)]	Loss: 0.012360 Loss_all: 0.047694
Train epoch: 54 [2560/3804 (67%)]	Loss: 0.050869 Loss_all: 0.085363
Train epoch: 54	Loss: 0.019059
0.9818188252572349 No improvement since epoch  47 ; best_AUROC, best_AUPRC, best_precision, best_recall: 0.9854485720198675 0.9814368717317656 0.9404761904761905 0.9600694444444444 Human
spend time： 4.084394931793213 s
Training on 3804 samples...
Train epoch: 55 [0/3804 (0%)]	Loss: 0.033522 Loss_all: 0.068178
Train epoch: 55 [2560/3804 (67%)]	Loss: 0.089004 Loss_all: 0.127105
Train epoch: 55	Loss: 0.050851
0.9799520477045713 No improvement since epoch  47 ; best_AUROC, best_AUPRC, best_precision, best_recall: 0.9854485720198675 0.9814368717317656 0.9404761904761905 0.9600694444444444 Human
spend time： 3.741851806640625 s
Training on 3804 samples...
Train epoch: 56 [0/3804 (0%)]	Loss: 0.046982 Loss_all: 0.084253
Train epoch: 56 [2560/3804 (67%)]	Loss: 0.042202 Loss_all: 0.077168
Train epoch: 56	Loss: 0.056184
0.9808456236894956 No improvement since epoch  47 ; best_AUROC, best_AUPRC, best_precision, best_recall: 0.9854485720198675 0.9814368717317656 0.9404761904761905 0.9600694444444444 Human
spend time： 5.25018835067749 s
Training on 3804 samples...
Train epoch: 57 [0/3804 (0%)]	Loss: 0.047588 Loss_all: 0.082746
Train epoch: 57 [2560/3804 (67%)]	Loss: 0.102223 Loss_all: 0.136278
Train epoch: 57	Loss: 0.060992
0.9802218899574445 No improvement since epoch  47 ; best_AUROC, best_AUPRC, best_precision, best_recall: 0.9854485720198675 0.9814368717317656 0.9404761904761905 0.9600694444444444 Human
spend time： 3.5199265480041504 s
Training on 3804 samples...
Train epoch: 58 [0/3804 (0%)]	Loss: 0.038037 Loss_all: 0.072257
Train epoch: 58 [2560/3804 (67%)]	Loss: 0.057899 Loss_all: 0.095583
Train epoch: 58	Loss: 0.037989
0.9819869237098445 No improvement since epoch  47 ; best_AUROC, best_AUPRC, best_precision, best_recall: 0.9854485720198675 0.9814368717317656 0.9404761904761905 0.9600694444444444 Human
spend time： 3.9630463123321533 s
Training on 3804 samples...
Train epoch: 59 [0/3804 (0%)]	Loss: 0.036389 Loss_all: 0.070304
Train epoch: 59 [2560/3804 (67%)]	Loss: 0.027034 Loss_all: 0.061472
Train epoch: 59	Loss: 0.034713
0.9834201842005148 No improvement since epoch  47 ; best_AUROC, best_AUPRC, best_precision, best_recall: 0.9854485720198675 0.9814368717317656 0.9404761904761905 0.9600694444444444 Human
spend time： 2.7295265197753906 s
Training on 3804 samples...
Train epoch: 60 [0/3804 (0%)]	Loss: 0.015080 Loss_all: 0.049594
Train epoch: 60 [2560/3804 (67%)]	Loss: 0.013265 Loss_all: 0.048740
Train epoch: 60	Loss: 0.026792
0.9808235054720469 No improvement since epoch  47 ; best_AUROC, best_AUPRC, best_precision, best_recall: 0.9854485720198675 0.9814368717317656 0.9404761904761905 0.9600694444444444 Human
spend time： 2.801750898361206 s
Training on 3804 samples...
Train epoch: 61 [0/3804 (0%)]	Loss: 0.021866 Loss_all: 0.055316
Train epoch: 61 [2560/3804 (67%)]	Loss: 0.068987 Loss_all: 0.102582
Train epoch: 61	Loss: 0.032033
0.9830087853559706 No improvement since epoch  47 ; best_AUROC, best_AUPRC, best_precision, best_recall: 0.9854485720198675 0.9814368717317656 0.9404761904761905 0.9600694444444444 Human
spend time： 2.509103536605835 s
Training on 3804 samples...
Train epoch: 62 [0/3804 (0%)]	Loss: 0.038797 Loss_all: 0.074544
Train epoch: 62 [2560/3804 (67%)]	Loss: 0.026257 Loss_all: 0.060461
Train epoch: 62	Loss: 0.026062
0.9842031690981962 No improvement since epoch  47 ; best_AUROC, best_AUPRC, best_precision, best_recall: 0.9854485720198675 0.9814368717317656 0.9404761904761905 0.9600694444444444 Human
spend time： 3.766406536102295 s
Training on 3804 samples...
Train epoch: 63 [0/3804 (0%)]	Loss: 0.042187 Loss_all: 0.076713
Train epoch: 63 [2560/3804 (67%)]	Loss: 0.029938 Loss_all: 0.064264
Train epoch: 63	Loss: 0.025066
0.9829291597731555 No improvement since epoch  47 ; best_AUROC, best_AUPRC, best_precision, best_recall: 0.9854485720198675 0.9814368717317656 0.9404761904761905 0.9600694444444444 Human
spend time： 3.40998911857605 s
Training on 3804 samples...
Train epoch: 64 [0/3804 (0%)]	Loss: 0.010378 Loss_all: 0.044458
Train epoch: 64 [2560/3804 (67%)]	Loss: 0.009633 Loss_all: 0.043109
Train epoch: 64	Loss: 0.022524
0.9841545090198089 No improvement since epoch  47 ; best_AUROC, best_AUPRC, best_precision, best_recall: 0.9854485720198675 0.9814368717317656 0.9404761904761905 0.9600694444444444 Human
spend time： 4.751243591308594 s
Training on 3804 samples...
Train epoch: 65 [0/3804 (0%)]	Loss: 0.008584 Loss_all: 0.041221
Train epoch: 65 [2560/3804 (67%)]	Loss: 0.031060 Loss_all: 0.064043
Train epoch: 65	Loss: 0.020614
0.9836325190880216 No improvement since epoch  47 ; best_AUROC, best_AUPRC, best_precision, best_recall: 0.9854485720198675 0.9814368717317656 0.9404761904761905 0.9600694444444444 Human
spend time： 3.915799379348755 s
Training on 3804 samples...
Train epoch: 66 [0/3804 (0%)]	Loss: 0.012578 Loss_all: 0.045281
Train epoch: 66 [2560/3804 (67%)]	Loss: 0.013735 Loss_all: 0.046713
Train epoch: 66	Loss: 0.018000
0.9808810128374134 No improvement since epoch  47 ; best_AUROC, best_AUPRC, best_precision, best_recall: 0.9854485720198675 0.9814368717317656 0.9404761904761905 0.9600694444444444 Human
spend time： 3.8686232566833496 s
Training on 3804 samples...
Train epoch: 67 [0/3804 (0%)]	Loss: 0.021096 Loss_all: 0.053580
Train epoch: 67 [2560/3804 (67%)]	Loss: 0.039489 Loss_all: 0.072790
Train epoch: 67	Loss: 0.017832
0.9812702934645091 No improvement since epoch  47 ; best_AUROC, best_AUPRC, best_precision, best_recall: 0.9854485720198675 0.9814368717317656 0.9404761904761905 0.9600694444444444 Human
spend time： 3.471250057220459 s
Training on 3804 samples...
Train epoch: 68 [0/3804 (0%)]	Loss: 0.021006 Loss_all: 0.053187
Train epoch: 68 [2560/3804 (67%)]	Loss: 0.062502 Loss_all: 0.096701
Train epoch: 68	Loss: 0.023306
0.9833980659830662 No improvement since epoch  47 ; best_AUROC, best_AUPRC, best_precision, best_recall: 0.9854485720198675 0.9814368717317656 0.9404761904761905 0.9600694444444444 Human
spend time： 2.9317517280578613 s
Training on 3804 samples...
Train epoch: 69 [0/3804 (0%)]	Loss: 0.027285 Loss_all: 0.059612
Train epoch: 69 [2560/3804 (67%)]	Loss: 0.007736 Loss_all: 0.041591
Train epoch: 69	Loss: 0.016570
0.9832609330348847 No improvement since epoch  47 ; best_AUROC, best_AUPRC, best_precision, best_recall: 0.9854485720198675 0.9814368717317656 0.9404761904761905 0.9600694444444444 Human
spend time： 2.8078112602233887 s
Training on 3804 samples...
Train epoch: 70 [0/3804 (0%)]	Loss: 0.024875 Loss_all: 0.056299
Train epoch: 70 [2560/3804 (67%)]	Loss: 0.013669 Loss_all: 0.046901
Train epoch: 70	Loss: 0.016056
0.9817900715745518 No improvement since epoch  47 ; best_AUROC, best_AUPRC, best_precision, best_recall: 0.9854485720198675 0.9814368717317656 0.9404761904761905 0.9600694444444444 Human
spend time： 3.9025049209594727 s
Training on 3804 samples...
Train epoch: 71 [0/3804 (0%)]	Loss: 0.007618 Loss_all: 0.039805
Train epoch: 71 [2560/3804 (67%)]	Loss: 0.002370 Loss_all: 0.036966
Train epoch: 71	Loss: 0.017012
0.9816905395960328 No improvement since epoch  47 ; best_AUROC, best_AUPRC, best_precision, best_recall: 0.9854485720198675 0.9814368717317656 0.9404761904761905 0.9600694444444444 Human
spend time： 3.4880218505859375 s
Training on 3804 samples...
Train epoch: 72 [0/3804 (0%)]	Loss: 0.024302 Loss_all: 0.056818
Train epoch: 72 [2560/3804 (67%)]	Loss: 0.008485 Loss_all: 0.041510
Train epoch: 72	Loss: 0.017179
0.9838161002928452 No improvement since epoch  47 ; best_AUROC, best_AUPRC, best_precision, best_recall: 0.9854485720198675 0.9814368717317656 0.9404761904761905 0.9600694444444444 Human
spend time： 4.432809114456177 s
Training on 3804 samples...
Train epoch: 73 [0/3804 (0%)]	Loss: 0.030919 Loss_all: 0.064142
Train epoch: 73 [2560/3804 (67%)]	Loss: 0.028650 Loss_all: 0.062638
Train epoch: 73	Loss: 0.018675
0.9825398791460599 No improvement since epoch  47 ; best_AUROC, best_AUPRC, best_precision, best_recall: 0.9854485720198675 0.9814368717317656 0.9404761904761905 0.9600694444444444 Human
spend time： 4.181439161300659 s
Training on 3804 samples...
Train epoch: 74 [0/3804 (0%)]	Loss: 0.011734 Loss_all: 0.046058
Train epoch: 74 [2560/3804 (67%)]	Loss: 0.007553 Loss_all: 0.041134
Train epoch: 74	Loss: 0.026535
0.9815091702129543 No improvement since epoch  47 ; best_AUROC, best_AUPRC, best_precision, best_recall: 0.9854485720198675 0.9814368717317656 0.9404761904761905 0.9600694444444444 Human
spend time： 3.9410767555236816 s
Training on 3804 samples...
Train epoch: 75 [0/3804 (0%)]	Loss: 0.019666 Loss_all: 0.052574
Train epoch: 75 [2560/3804 (67%)]	Loss: 0.011142 Loss_all: 0.045193
Train epoch: 75	Loss: 0.024155
0.9831547655911315 No improvement since epoch  47 ; best_AUROC, best_AUPRC, best_precision, best_recall: 0.9854485720198675 0.9814368717317656 0.9404761904761905 0.9600694444444444 Human
spend time： 3.479701519012451 s
Training on 3804 samples...
Train epoch: 76 [0/3804 (0%)]	Loss: 0.006709 Loss_all: 0.039175
Train epoch: 76 [2560/3804 (67%)]	Loss: 0.013907 Loss_all: 0.048451
Train epoch: 76	Loss: 0.019397
0.9804762494581036 No improvement since epoch  47 ; best_AUROC, best_AUPRC, best_precision, best_recall: 0.9854485720198675 0.9814368717317656 0.9404761904761905 0.9600694444444444 Human
spend time： 2.7221839427948 s
Training on 3804 samples...
Train epoch: 77 [0/3804 (0%)]	Loss: 0.026617 Loss_all: 0.060562
Train epoch: 77 [2560/3804 (67%)]	Loss: 0.008859 Loss_all: 0.041670
Train epoch: 77	Loss: 0.014234
0.9830087853559706 No improvement since epoch  47 ; best_AUROC, best_AUPRC, best_precision, best_recall: 0.9854485720198675 0.9814368717317656 0.9404761904761905 0.9600694444444444 Human
spend time： 2.7283849716186523 s
Training on 3804 samples...
Train epoch: 78 [0/3804 (0%)]	Loss: 0.039622 Loss_all: 0.073076
Train epoch: 78 [2560/3804 (67%)]	Loss: 0.010758 Loss_all: 0.043300
Train epoch: 78	Loss: 0.016796
0.9833671004786382 No improvement since epoch  47 ; best_AUROC, best_AUPRC, best_precision, best_recall: 0.9854485720198675 0.9814368717317656 0.9404761904761905 0.9600694444444444 Human
spend time： 3.5232784748077393 s
Training on 3804 samples...
Train epoch: 79 [0/3804 (0%)]	Loss: 0.011891 Loss_all: 0.044485
Train epoch: 79 [2560/3804 (67%)]	Loss: 0.002569 Loss_all: 0.035563
Train epoch: 79	Loss: 0.010565
0.9837519574622442 No improvement since epoch  47 ; best_AUROC, best_AUPRC, best_precision, best_recall: 0.9854485720198675 0.9814368717317656 0.9404761904761905 0.9600694444444444 Human
spend time： 3.5623762607574463 s
Training on 3804 samples...
Train epoch: 80 [0/3804 (0%)]	Loss: 0.011520 Loss_all: 0.043751
Train epoch: 80 [2560/3804 (67%)]	Loss: 0.021448 Loss_all: 0.054479
Train epoch: 80	Loss: 0.013915
0.983672331879429 No improvement since epoch  47 ; best_AUROC, best_AUPRC, best_precision, best_recall: 0.9854485720198675 0.9814368717317656 0.9404761904761905 0.9600694444444444 Human
spend time： 4.026885271072388 s
Training on 3804 samples...
Train epoch: 81 [0/3804 (0%)]	Loss: 0.005642 Loss_all: 0.038635
Train epoch: 81 [2560/3804 (67%)]	Loss: 0.015779 Loss_all: 0.047905
Train epoch: 81	Loss: 0.013155
0.9839642923497509 No improvement since epoch  47 ; best_AUROC, best_AUPRC, best_precision, best_recall: 0.9854485720198675 0.9814368717317656 0.9404761904761905 0.9600694444444444 Human
spend time： 4.75849175453186 s
Training on 3804 samples...
Train epoch: 82 [0/3804 (0%)]	Loss: 0.010195 Loss_all: 0.043080
Train epoch: 82 [2560/3804 (67%)]	Loss: 0.013572 Loss_all: 0.046162
Train epoch: 82	Loss: 0.011566
val AUROC improved at epoch  82 ; best_AUROC, best_AUPRC, best_precision, best_recall: 0.9889624724061811 0.9894983810507396 0.938671209540034 0.9565972222222222 Human
spend time： 4.126529693603516 s
Training on 3804 samples...
Train epoch: 83 [0/3804 (0%)]	Loss: 0.005088 Loss_all: 0.039438
Train epoch: 83 [2560/3804 (67%)]	Loss: 0.013941 Loss_all: 0.047346
Train epoch: 83	Loss: 0.012284
0.9842606764635624 No improvement since epoch  82 ; best_AUROC, best_AUPRC, best_precision, best_recall: 0.9889624724061811 0.9894983810507396 0.938671209540034 0.9565972222222222 Human
spend time： 3.7638659477233887 s
Training on 3804 samples...
Train epoch: 84 [0/3804 (0%)]	Loss: 0.010901 Loss_all: 0.044767
Train epoch: 84 [2560/3804 (67%)]	Loss: 0.015974 Loss_all: 0.050490
Train epoch: 84	Loss: 0.013261
0.9820223128577621 No improvement since epoch  82 ; best_AUROC, best_AUPRC, best_precision, best_recall: 0.9889624724061811 0.9894983810507396 0.938671209540034 0.9565972222222222 Human
spend time： 2.6245975494384766 s
Training on 3804 samples...
Train epoch: 85 [0/3804 (0%)]	Loss: 0.009419 Loss_all: 0.040854
Train epoch: 85 [2560/3804 (67%)]	Loss: 0.029049 Loss_all: 0.061602
Train epoch: 85	Loss: 0.014822
0.9800781215440285 No improvement since epoch  82 ; best_AUROC, best_AUPRC, best_precision, best_recall: 0.9889624724061811 0.9894983810507396 0.938671209540034 0.9565972222222222 Human
spend time： 3.0547633171081543 s
Training on 3804 samples...
Train epoch: 86 [0/3804 (0%)]	Loss: 0.001492 Loss_all: 0.032788
Train epoch: 86 [2560/3804 (67%)]	Loss: 0.002129 Loss_all: 0.032977
Train epoch: 86	Loss: 0.011092
0.9800936042962426 No improvement since epoch  82 ; best_AUROC, best_AUPRC, best_precision, best_recall: 0.9889624724061811 0.9894983810507396 0.938671209540034 0.9565972222222222 Human
spend time： 3.566270351409912 s
Training on 3804 samples...
Train epoch: 87 [0/3804 (0%)]	Loss: 0.002980 Loss_all: 0.034744
Train epoch: 87 [2560/3804 (67%)]	Loss: 0.005606 Loss_all: 0.037077
Train epoch: 87	Loss: 0.006849
0.9823010023976148 No improvement since epoch  82 ; best_AUROC, best_AUPRC, best_precision, best_recall: 0.9889624724061811 0.9894983810507396 0.938671209540034 0.9565972222222222 Human
spend time： 3.6551930904388428 s
Training on 3804 samples...
Train epoch: 88 [0/3804 (0%)]	Loss: 0.014996 Loss_all: 0.046566
Train epoch: 88 [2560/3804 (67%)]	Loss: 0.005838 Loss_all: 0.037036
Train epoch: 88	Loss: 0.007896
0.9824956427111625 No improvement since epoch  82 ; best_AUROC, best_AUPRC, best_precision, best_recall: 0.9889624724061811 0.9894983810507396 0.938671209540034 0.9565972222222222 Human
spend time： 4.951611757278442 s
Training on 3804 samples...
Train epoch: 89 [0/3804 (0%)]	Loss: 0.003630 Loss_all: 0.035900
Train epoch: 89 [2560/3804 (67%)]	Loss: 0.008507 Loss_all: 0.041007
Train epoch: 89	Loss: 0.010098
0.9807748453936601 No improvement since epoch  82 ; best_AUROC, best_AUPRC, best_precision, best_recall: 0.9889624724061811 0.9894983810507396 0.938671209540034 0.9565972222222222 Human
spend time： 4.352920055389404 s
Training on 3804 samples...
Train epoch: 90 [0/3804 (0%)]	Loss: 0.006970 Loss_all: 0.040404
Train epoch: 90 [2560/3804 (67%)]	Loss: 0.004276 Loss_all: 0.037927
Train epoch: 90	Loss: 0.016957
0.9802970918967697 No improvement since epoch  82 ; best_AUROC, best_AUPRC, best_precision, best_recall: 0.9889624724061811 0.9894983810507396 0.938671209540034 0.9565972222222222 Human
spend time： 4.081873178482056 s
Training on 3804 samples...
Train epoch: 91 [0/3804 (0%)]	Loss: 0.025864 Loss_all: 0.058051
Train epoch: 91 [2560/3804 (67%)]	Loss: 0.003574 Loss_all: 0.037865
Train epoch: 91	Loss: 0.011624
0.980359022905626 No improvement since epoch  82 ; best_AUROC, best_AUPRC, best_precision, best_recall: 0.9889624724061811 0.9894983810507396 0.938671209540034 0.9565972222222222 Human
spend time： 3.3003292083740234 s
Training on 3804 samples...
Train epoch: 92 [0/3804 (0%)]	Loss: 0.007442 Loss_all: 0.040321
Train epoch: 92 [2560/3804 (67%)]	Loss: 0.043946 Loss_all: 0.078076
Train epoch: 92	Loss: 0.016493
0.9794610232772122 No improvement since epoch  82 ; best_AUROC, best_AUPRC, best_precision, best_recall: 0.9889624724061811 0.9894983810507396 0.938671209540034 0.9565972222222222 Human
spend time： 2.8002407550811768 s
Training on 3804 samples...
Train epoch: 93 [0/3804 (0%)]	Loss: 0.011716 Loss_all: 0.046652
Train epoch: 93 [2560/3804 (67%)]	Loss: 0.038105 Loss_all: 0.072624
Train epoch: 93	Loss: 0.010926
0.9815622539348308 No improvement since epoch  82 ; best_AUROC, best_AUPRC, best_precision, best_recall: 0.9889624724061811 0.9894983810507396 0.938671209540034 0.9565972222222222 Human
spend time： 2.712881565093994 s
Training on 3804 samples...
Train epoch: 94 [0/3804 (0%)]	Loss: 0.022686 Loss_all: 0.056014
Train epoch: 94 [2560/3804 (67%)]	Loss: 0.001510 Loss_all: 0.035602
Train epoch: 94	Loss: 0.017183
0.9829291597731555 No improvement since epoch  82 ; best_AUROC, best_AUPRC, best_precision, best_recall: 0.9889624724061811 0.9894983810507396 0.938671209540034 0.9565972222222222 Human
spend time： 3.9203431606292725 s
Training on 3804 samples...
Train epoch: 95 [0/3804 (0%)]	Loss: 0.017416 Loss_all: 0.051820
Train epoch: 95 [2560/3804 (67%)]	Loss: 0.025580 Loss_all: 0.061169
Train epoch: 95	Loss: 0.015411
0.9815091702129543 No improvement since epoch  82 ; best_AUROC, best_AUPRC, best_precision, best_recall: 0.9889624724061811 0.9894983810507396 0.938671209540034 0.9565972222222222 Human
spend time： 3.40073823928833 s
Training on 3804 samples...
Train epoch: 96 [0/3804 (0%)]	Loss: 0.012543 Loss_all: 0.047948
Train epoch: 96 [2560/3804 (67%)]	Loss: 0.017042 Loss_all: 0.049607
Train epoch: 96	Loss: 0.014383
0.9817967070397863 No improvement since epoch  82 ; best_AUROC, best_AUPRC, best_precision, best_recall: 0.9889624724061811 0.9894983810507396 0.938671209540034 0.9565972222222222 Human
spend time： 4.677652835845947 s
Training on 3804 samples...
Train epoch: 97 [0/3804 (0%)]	Loss: 0.024114 Loss_all: 0.057151
Train epoch: 97 [2560/3804 (67%)]	Loss: 0.004231 Loss_all: 0.038986
Train epoch: 97	Loss: 0.013464
0.9817591060701235 No improvement since epoch  82 ; best_AUROC, best_AUPRC, best_precision, best_recall: 0.9889624724061811 0.9894983810507396 0.938671209540034 0.9565972222222222 Human
spend time： 3.9846529960632324 s
Training on 3804 samples...
Train epoch: 98 [0/3804 (0%)]	Loss: 0.027648 Loss_all: 0.060914
Train epoch: 98 [2560/3804 (67%)]	Loss: 0.012150 Loss_all: 0.044640
Train epoch: 98	Loss: 0.014377
0.9826858593812207 No improvement since epoch  82 ; best_AUROC, best_AUPRC, best_precision, best_recall: 0.9889624724061811 0.9894983810507396 0.938671209540034 0.9565972222222222 Human
spend time： 3.7728493213653564 s
Training on 3804 samples...
Train epoch: 99 [0/3804 (0%)]	Loss: 0.020719 Loss_all: 0.053634
Train epoch: 99 [2560/3804 (67%)]	Loss: 0.010582 Loss_all: 0.044663
Train epoch: 99	Loss: 0.012712
0.9833449822611895 No improvement since epoch  82 ; best_AUROC, best_AUPRC, best_precision, best_recall: 0.9889624724061811 0.9894983810507396 0.938671209540034 0.9565972222222222 Human
spend time： 3.574556589126587 s
Training on 3804 samples...
Train epoch: 100 [0/3804 (0%)]	Loss: 0.032730 Loss_all: 0.067116
Train epoch: 100 [2560/3804 (67%)]	Loss: 0.006299 Loss_all: 0.041970
Train epoch: 100	Loss: 0.014196
0.9825929628679365 No improvement since epoch  82 ; best_AUROC, best_AUPRC, best_precision, best_recall: 0.9889624724061811 0.9894983810507396 0.938671209540034 0.9565972222222222 Human
spend time： 2.7720155715942383 s
Training on 3804 samples...
Train epoch: 101 [0/3804 (0%)]	Loss: 0.002943 Loss_all: 0.036219
Train epoch: 101 [2560/3804 (67%)]	Loss: 0.012324 Loss_all: 0.046202
Train epoch: 101	Loss: 0.009000
0.9840041051411584 No improvement since epoch  82 ; best_AUROC, best_AUPRC, best_precision, best_recall: 0.9889624724061811 0.9894983810507396 0.938671209540034 0.9565972222222222 Human
spend time： 2.8142971992492676 s
Training on 3804 samples...
Train epoch: 102 [0/3804 (0%)]	Loss: 0.005662 Loss_all: 0.038175
Train epoch: 102 [2560/3804 (67%)]	Loss: 0.030208 Loss_all: 0.065741
Train epoch: 102	Loss: 0.010798
0.9843203956506736 No improvement since epoch  82 ; best_AUROC, best_AUPRC, best_precision, best_recall: 0.9889624724061811 0.9894983810507396 0.938671209540034 0.9565972222222222 Human
spend time： 3.8696470260620117 s
Training on 3804 samples...
Train epoch: 103 [0/3804 (0%)]	Loss: 0.028519 Loss_all: 0.063222
Train epoch: 103 [2560/3804 (67%)]	Loss: 0.010870 Loss_all: 0.045315
Train epoch: 103	Loss: 0.011780
0.9839377504888126 No improvement since epoch  82 ; best_AUROC, best_AUPRC, best_precision, best_recall: 0.9889624724061811 0.9894983810507396 0.938671209540034 0.9565972222222222 Human
spend time： 3.801997661590576 s
Training on 3804 samples...
Train epoch: 104 [0/3804 (0%)]	Loss: 0.016514 Loss_all: 0.050311
Train epoch: 104 [2560/3804 (67%)]	Loss: 0.003851 Loss_all: 0.037085
Train epoch: 104	Loss: 0.005951
0.9827522140335666 No improvement since epoch  82 ; best_AUROC, best_AUPRC, best_precision, best_recall: 0.9889624724061811 0.9894983810507396 0.938671209540034 0.9565972222222222 Human
spend time： 4.3014233112335205 s
Training on 3804 samples...
Train epoch: 105 [0/3804 (0%)]	Loss: 0.001619 Loss_all: 0.035241
Train epoch: 105 [2560/3804 (67%)]	Loss: 0.000994 Loss_all: 0.035815
Train epoch: 105	Loss: 0.005940
0.9800913924744977 No improvement since epoch  82 ; best_AUROC, best_AUPRC, best_precision, best_recall: 0.9889624724061811 0.9894983810507396 0.938671209540034 0.9565972222222222 Human
spend time： 3.970043897628784 s
Training on 3804 samples...
Train epoch: 106 [0/3804 (0%)]	Loss: 0.007074 Loss_all: 0.040346
Train epoch: 106 [2560/3804 (67%)]	Loss: 0.004227 Loss_all: 0.037733
Train epoch: 106	Loss: 0.013094
0.9813388599385997 No improvement since epoch  82 ; best_AUROC, best_AUPRC, best_precision, best_recall: 0.9889624724061811 0.9894983810507396 0.938671209540034 0.9565972222222222 Human
spend time： 3.766287088394165 s
Training on 3804 samples...
Train epoch: 107 [0/3804 (0%)]	Loss: 0.016907 Loss_all: 0.049538
Train epoch: 107 [2560/3804 (67%)]	Loss: 0.003122 Loss_all: 0.034973
Train epoch: 107	Loss: 0.012218
0.9816109140132179 No improvement since epoch  82 ; best_AUROC, best_AUPRC, best_precision, best_recall: 0.9889624724061811 0.9894983810507396 0.938671209540034 0.9565972222222222 Human
spend time： 3.7333855628967285 s
Training on 3804 samples...
Train epoch: 108 [0/3804 (0%)]	Loss: 0.017568 Loss_all: 0.049620
Train epoch: 108 [2560/3804 (67%)]	Loss: 0.007961 Loss_all: 0.039529
Train epoch: 108	Loss: 0.011221
0.9786868856665104 No improvement since epoch  82 ; best_AUROC, best_AUPRC, best_precision, best_recall: 0.9889624724061811 0.9894983810507396 0.938671209540034 0.9565972222222222 Human
spend time： 2.8893587589263916 s
Training on 3804 samples...
Train epoch: 109 [0/3804 (0%)]	Loss: 0.008107 Loss_all: 0.042998
Train epoch: 109 [2560/3804 (67%)]	Loss: 0.011724 Loss_all: 0.043791
Train epoch: 109	Loss: 0.007377
0.9797728901432375 No improvement since epoch  82 ; best_AUROC, best_AUPRC, best_precision, best_recall: 0.9889624724061811 0.9894983810507396 0.938671209540034 0.9565972222222222 Human
spend time： 3.475924253463745 s
Training on 3804 samples...
Train epoch: 110 [0/3804 (0%)]	Loss: 0.003596 Loss_all: 0.036601
Train epoch: 110 [2560/3804 (67%)]	Loss: 0.011986 Loss_all: 0.043580
Train epoch: 110	Loss: 0.011086
0.980535968645215 No improvement since epoch  82 ; best_AUROC, best_AUPRC, best_precision, best_recall: 0.9889624724061811 0.9894983810507396 0.938671209540034 0.9565972222222222 Human
spend time： 3.8076648712158203 s
Training on 3804 samples...
Train epoch: 111 [0/3804 (0%)]	Loss: 0.004617 Loss_all: 0.037369
Train epoch: 111 [2560/3804 (67%)]	Loss: 0.002738 Loss_all: 0.033640
Train epoch: 111	Loss: 0.011973
0.9794632350989569 No improvement since epoch  82 ; best_AUROC, best_AUPRC, best_precision, best_recall: 0.9889624724061811 0.9894983810507396 0.938671209540034 0.9565972222222222 Human
spend time： 3.6177101135253906 s
Training on 3804 samples...
Train epoch: 112 [0/3804 (0%)]	Loss: 0.001261 Loss_all: 0.033018
Train epoch: 112 [2560/3804 (67%)]	Loss: 0.011657 Loss_all: 0.042546
Train epoch: 112	Loss: 0.009443
0.9823585097629811 No improvement since epoch  82 ; best_AUROC, best_AUPRC, best_precision, best_recall: 0.9889624724061811 0.9894983810507396 0.938671209540034 0.9565972222222222 Human
spend time： 3.8330488204956055 s
Training on 3804 samples...
Train epoch: 113 [0/3804 (0%)]	Loss: 0.008252 Loss_all: 0.040766
Train epoch: 113 [2560/3804 (67%)]	Loss: 0.019465 Loss_all: 0.050818
Train epoch: 113	Loss: 0.010441
0.9820975147970875 No improvement since epoch  82 ; best_AUROC, best_AUPRC, best_precision, best_recall: 0.9889624724061811 0.9894983810507396 0.938671209540034 0.9565972222222222 Human
spend time： 4.011392593383789 s
Training on 3804 samples...
Train epoch: 114 [0/3804 (0%)]	Loss: 0.008214 Loss_all: 0.040835
Train epoch: 114 [2560/3804 (67%)]	Loss: 0.014139 Loss_all: 0.045879
Train epoch: 114	Loss: 0.008145
0.9802528554618726 No improvement since epoch  82 ; best_AUROC, best_AUPRC, best_precision, best_recall: 0.9889624724061811 0.9894983810507396 0.938671209540034 0.9565972222222222 Human
spend time： 3.5950257778167725 s
Training on 3804 samples...
Train epoch: 115 [0/3804 (0%)]	Loss: 0.001779 Loss_all: 0.034224
Train epoch: 115 [2560/3804 (67%)]	Loss: 0.023958 Loss_all: 0.057307
Train epoch: 115	Loss: 0.007306
0.9797529837475337 No improvement since epoch  82 ; best_AUROC, best_AUPRC, best_precision, best_recall: 0.9889624724061811 0.9894983810507396 0.938671209540034 0.9565972222222222 Human
spend time： 3.639657735824585 s
Training on 3804 samples...
Train epoch: 116 [0/3804 (0%)]	Loss: 0.010940 Loss_all: 0.042869
Train epoch: 116 [2560/3804 (67%)]	Loss: 0.006659 Loss_all: 0.036953
Train epoch: 116	Loss: 0.005419
0.9811420078033072 No improvement since epoch  82 ; best_AUROC, best_AUPRC, best_precision, best_recall: 0.9889624724061811 0.9894983810507396 0.938671209540034 0.9565972222222222 Human
spend time： 2.774533748626709 s
Training on 3804 samples...
Train epoch: 117 [0/3804 (0%)]	Loss: 0.001958 Loss_all: 0.034705
Train epoch: 117 [2560/3804 (67%)]	Loss: 0.004476 Loss_all: 0.035009
Train epoch: 117	Loss: 0.006568
0.9821329039450053 No improvement since epoch  82 ; best_AUROC, best_AUPRC, best_precision, best_recall: 0.9889624724061811 0.9894983810507396 0.938671209540034 0.9565972222222222 Human
spend time： 3.98325252532959 s
Training on 3804 samples...
Train epoch: 118 [0/3804 (0%)]	Loss: 0.006719 Loss_all: 0.038262
Train epoch: 118 [2560/3804 (67%)]	Loss: 0.001064 Loss_all: 0.033473
Train epoch: 118	Loss: 0.010996
0.9837652283927132 No improvement since epoch  82 ; best_AUROC, best_AUPRC, best_precision, best_recall: 0.9889624724061811 0.9894983810507396 0.938671209540034 0.9565972222222222 Human
spend time： 3.537398099899292 s
Training on 3804 samples...
Train epoch: 119 [0/3804 (0%)]	Loss: 0.002068 Loss_all: 0.033241
Train epoch: 119 [2560/3804 (67%)]	Loss: 0.002758 Loss_all: 0.033143
Train epoch: 119	Loss: 0.004986
0.9820024064620584 /root/HAG-DTA/py38_env/lib/python3.8/site-packages/torch_geometric/deprecation.py:26: UserWarning: 'data.DenseDataLoader' is deprecated, use 'loader.DenseDataLoader' instead
  warnings.warn(out)
No improvement since epoch  82 ; best_AUROC, best_AUPRC, best_precision, best_recall: 0.9889624724061811 0.9894983810507396 0.938671209540034 0.9565972222222222 Human
spend time： 3.9968957901000977 s
Training on 3804 samples...
Train epoch: 120 [0/3804 (0%)]	Loss: 0.001492 Loss_all: 0.032615
Train epoch: 120 [2560/3804 (67%)]	Loss: 0.015613 Loss_all: 0.047756
Train epoch: 120	Loss: 0.008844
0.9797131709561263 No improvement since epoch  82 ; best_AUROC, best_AUPRC, best_precision, best_recall: 0.9889624724061811 0.9894983810507396 0.938671209540034 0.9565972222222222 Human
spend time： 3.6085188388824463 s
Training on 3804 samples...
Train epoch: 121 [0/3804 (0%)]	Loss: 0.001323 Loss_all: 0.032978
Train epoch: 121 [2560/3804 (67%)]	Loss: 0.000759 Loss_all: 0.032545
Train epoch: 121	Loss: 0.007511
0.9825155491068664 No improvement since epoch  82 ; best_AUROC, best_AUPRC, best_precision, best_recall: 0.9889624724061811 0.9894983810507396 0.938671209540034 0.9565972222222222 Human
spend time： 3.8359670639038086 s
Training on 3804 samples...
Train epoch: 122 [0/3804 (0%)]	Loss: 0.009787 Loss_all: 0.044976
Train epoch: 122 [2560/3804 (67%)]	Loss: 0.002513 Loss_all: 0.034101
Train epoch: 122	Loss: 0.011957
0.9838890904104256 No improvement since epoch  82 ; best_AUROC, best_AUPRC, best_precision, best_recall: 0.9889624724061811 0.9894983810507396 0.938671209540034 0.9565972222222222 Human
spend time： 3.3753397464752197 s
Training on 3804 samples...
Train epoch: 123 [0/3804 (0%)]	Loss: 0.004330 Loss_all: 0.035326
Train epoch: 123 [2560/3804 (67%)]	Loss: 0.010412 Loss_all: 0.041427
Train epoch: 123	Loss: 0.011441
0.9786736147360411 No improvement since epoch  82 ; best_AUROC, best_AUPRC, best_precision, best_recall: 0.9889624724061811 0.9894983810507396 0.938671209540034 0.9565972222222222 Human
spend time： 3.560593843460083 s
Training on 3804 samples...
Train epoch: 124 [0/3804 (0%)]	Loss: 0.012599 Loss_all: 0.046857
Train epoch: 124 [2560/3804 (67%)]	Loss: 0.060470 Loss_all: 0.092529
Train epoch: 124	Loss: 0.049412
0.9698174804696138 No improvement since epoch  82 ; best_AUROC, best_AUPRC, best_precision, best_recall: 0.9889624724061811 0.9894983810507396 0.938671209540034 0.9565972222222222 Human
spend time： 2.850280284881592 s
Training on 3804 samples...
Train epoch: 125 [0/3804 (0%)]	Loss: 0.007433 Loss_all: 0.038990
Train epoch: 125 [2560/3804 (67%)]	Loss: 0.016706 Loss_all: 0.047535
Train epoch: 125	Loss: 0.039235
0.9754797441364607 No improvement since epoch  82 ; best_AUROC, best_AUPRC, best_precision, best_recall: 0.9889624724061811 0.9894983810507396 0.938671209540034 0.9565972222222222 Human
spend time： 4.070422649383545 s
Training on 3804 samples...
Train epoch: 126 [0/3804 (0%)]	Loss: 0.081257 Loss_all: 0.113393
Train epoch: 126 [2560/3804 (67%)]	Loss: 0.014757 Loss_all: 0.046555
Train epoch: 126	Loss: 0.044538
0.9785895655097364 No improvement since epoch  82 ; best_AUROC, best_AUPRC, best_precision, best_recall: 0.9889624724061811 0.9894983810507396 0.938671209540034 0.9565972222222222 Human
spend time： 3.3772332668304443 s
Training on 3804 samples...
Train epoch: 127 [0/3804 (0%)]	Loss: 0.021915 Loss_all: 0.054286
Train epoch: 127 [2560/3804 (67%)]	Loss: 0.017925 Loss_all: 0.049683
Train epoch: 127	Loss: 0.021755
0.981369825443028 No improvement since epoch  82 ; best_AUROC, best_AUPRC, best_precision, best_recall: 0.9889624724061811 0.9894983810507396 0.938671209540034 0.9565972222222222 Human
spend time： 4.040550708770752 s
Training on 3804 samples...
Train epoch: 128 [0/3804 (0%)]	Loss: 0.032878 Loss_all: 0.065398
Train epoch: 128 [2560/3804 (67%)]	Loss: 0.012740 Loss_all: 0.044084
Train epoch: 128	Loss: 0.017832
0.977457112776367 No improvement since epoch  82 ; best_AUROC, best_AUPRC, best_precision, best_recall: 0.9889624724061811 0.9894983810507396 0.938671209540034 0.9565972222222222 Human
spend time： 3.095702648162842 s
Training on 3804 samples...
Train epoch: 129 [0/3804 (0%)]	Loss: 0.015305 Loss_all: 0.047097
Train epoch: 129 [2560/3804 (67%)]	Loss: 0.034113 Loss_all: 0.067755
Train epoch: 129	Loss: 0.023394
0.9791380973024623 No improvement since epoch  82 ; best_AUROC, best_AUPRC, best_precision, best_recall: 0.9889624724061811 0.9894983810507396 0.938671209540034 0.9565972222222222 Human
spend time： 3.8856027126312256 s
Training on 3804 samples...
Train epoch: 130 [0/3804 (0%)]	Loss: 0.014424 Loss_all: 0.046957
Train epoch: 130 [2560/3804 (67%)]	Loss: 0.022515 Loss_all: 0.054301
Train epoch: 130	Loss: 0.012777
0.980743879889232 No improvement since epoch  82 ; best_AUROC, best_AUPRC, best_precision, best_recall: 0.9889624724061811 0.9894983810507396 0.938671209540034 0.9565972222222222 Human
spend time： 3.522977590560913 s
Training on 3804 samples...
Train epoch: 131 [0/3804 (0%)]	Loss: 0.023555 Loss_all: 0.055091
Train epoch: 131 [2560/3804 (67%)]	Loss: 0.002662 Loss_all: 0.034004
Train epoch: 131	Loss: 0.010784
0.9810424758247884 No improvement since epoch  82 ; best_AUROC, best_AUPRC, best_precision, best_recall: 0.9889624724061811 0.9894983810507396 0.938671209540034 0.9565972222222222 Human
spend time： 3.6887333393096924 s
Training on 3804 samples...
Train epoch: 132 [0/3804 (0%)]	Loss: 0.010940 Loss_all: 0.041906
Train epoch: 132 [2560/3804 (67%)]	Loss: 0.001795 Loss_all: 0.033410
Train epoch: 132	Loss: 0.013419
0.9771363986233621 No improvement since epoch  82 ; best_AUROC, best_AUPRC, best_precision, best_recall: 0.9889624724061811 0.9894983810507396 0.938671209540034 0.9565972222222222 Human
spend time： 2.9394469261169434 s
early stopping at epoch  132  due to no validation improvement.
