Diff_DTA_GIN
fold_id: 0
Learning rate:  0.0005
Epochs:  1000
Validation interval:  5
Early stop patience:  50

running on  Human
Pre-processed data found: /root/autodl-tmp/HAG-DTA-cache/processed/Human_fold0_train.pt, loading ...
Pre-processed data found: /root/autodl-tmp/HAG-DTA-cache/processed/Human_fold0_val.pt, loading ...
Pre-processed data found: /root/autodl-tmp/HAG-DTA-cache/processed/Human_fold0_test.pt, loading ...
Training on 3804 samples...
Train epoch: 1 [0/3804 (0%)]	Loss: 0.760563 Loss_all: 0.837004
Train epoch: 1 [2560/3804 (67%)]	Loss: 0.500798 Loss_all: 0.580197
Train epoch: 1	Loss: 0.583901
val AUROC improved at epoch  1 ; best_AUROC, best_AUPRC, best_precision, best_recall: 0.879639210816777 0.8896728370144447 0.5290858725761773 0.9947916666666666 Human
spend time： 3.7942419052124023 s
Training on 3804 samples...
Train epoch: 2 [0/3804 (0%)]	Loss: 0.475609 Loss_all: 0.547944
Train epoch: 2 [2560/3804 (67%)]	Loss: 0.364312 Loss_all: 0.436650
Train epoch: 2	Loss: 0.412799
skip validation at epoch  2 ; next validation every 5 epochs
spend time： 2.1441361904144287 s
Training on 3804 samples...
Train epoch: 3 [0/3804 (0%)]	Loss: 0.380189 Loss_all: 0.449847
Train epoch: 3 [2560/3804 (67%)]	Loss: 0.276075 Loss_all: 0.341604
Train epoch: 3	Loss: 0.315473
skip validation at epoch  3 ; next validation every 5 epochs
spend time： 2.51309871673584 s
Training on 3804 samples...
Train epoch: 4 [0/3804 (0%)]	Loss: 0.221819 Loss_all: 0.286550
Train epoch: 4 [2560/3804 (67%)]	Loss: 0.205615 Loss_all: 0.272047
Train epoch: 4	Loss: 0.258353
skip validation at epoch  4 ; next validation every 5 epochs
spend time： 2.538972854614258 s
Training on 3804 samples...
Train epoch: 5 [0/3804 (0%)]	Loss: 0.215224 Loss_all: 0.278958
Train epoch: 5 [2560/3804 (67%)]	Loss: 0.261783 Loss_all: 0.326296
Train epoch: 5	Loss: 0.231309
val AUROC improved at epoch  5 ; best_AUROC, best_AUPRC, best_precision, best_recall: 0.971101223325975 0.9739187070115537 0.9188712522045855 0.9045138888888888 Human
spend time： 3.299199342727661 s
Training on 3804 samples...
Train epoch: 6 [0/3804 (0%)]	Loss: 0.258204 Loss_all: 0.320645
Train epoch: 6 [2560/3804 (67%)]	Loss: 0.276216 Loss_all: 0.337798
Train epoch: 6	Loss: 0.207612
skip validation at epoch  6 ; next validation every 5 epochs
spend time： 2.476740837097168 s
Training on 3804 samples...
Train epoch: 7 [0/3804 (0%)]	Loss: 0.239518 Loss_all: 0.301259
Train epoch: 7 [2560/3804 (67%)]	Loss: 0.115561 Loss_all: 0.177233
Train epoch: 7	Loss: 0.175342
skip validation at epoch  7 ; next validation every 5 epochs
spend time： 2.772899866104126 s
Training on 3804 samples...
Train epoch: 8 [0/3804 (0%)]	Loss: 0.147279 Loss_all: 0.207742
Train epoch: 8 [2560/3804 (67%)]	Loss: 0.180127 Loss_all: 0.242269
Train epoch: 8	Loss: 0.158993
skip validation at epoch  8 ; next validation every 5 epochs
spend time： 2.4505558013916016 s
Training on 3804 samples...
Train epoch: 9 [0/3804 (0%)]	Loss: 0.140266 Loss_all: 0.201669
Train epoch: 9 [2560/3804 (67%)]	Loss: 0.123345 Loss_all: 0.183426
Train epoch: 9	Loss: 0.154141
skip validation at epoch  9 ; next validation every 5 epochs
spend time： 2.492091655731201 s
Training on 3804 samples...
Train epoch: 10 [0/3804 (0%)]	Loss: 0.087308 Loss_all: 0.153824
Train epoch: 10 [2560/3804 (67%)]	Loss: 0.104325 Loss_all: 0.164550
Train epoch: 10	Loss: 0.126597
val AUROC improved at epoch  10 ; best_AUROC, best_AUPRC, best_precision, best_recall: 0.9803480270419427 0.9809952883646045 0.9603024574669187 0.8819444444444444 Human
spend time： 3.673067808151245 s
Training on 3804 samples...
Train epoch: 11 [0/3804 (0%)]	Loss: 0.097105 Loss_all: 0.157997
Train epoch: 11 [2560/3804 (67%)]	Loss: 0.160513 Loss_all: 0.221059
Train epoch: 11	Loss: 0.132431
skip validation at epoch  11 ; next validation every 5 epochs
spend time： 2.725862503051758 s
Training on 3804 samples...
Train epoch: 12 [0/3804 (0%)]	Loss: 0.074422 Loss_all: 0.134997
Train epoch: 12 [2560/3804 (67%)]	Loss: 0.128515 Loss_all: 0.189452
Train epoch: 12	Loss: 0.117633
skip validation at epoch  12 ; next validation every 5 epochs
spend time： 2.806644916534424 s
Training on 3804 samples...
Train epoch: 13 [0/3804 (0%)]	Loss: 0.099369 Loss_all: 0.159168
Train epoch: 13 [2560/3804 (67%)]	Loss: 0.094718 Loss_all: 0.154281
Train epoch: 13	Loss: 0.118881
skip validation at epoch  13 ; next validation every 5 epochs
spend time： 2.6035022735595703 s
Training on 3804 samples...
Train epoch: 14 [0/3804 (0%)]	Loss: 0.088680 Loss_all: 0.148072
Train epoch: 14 [2560/3804 (67%)]	Loss: 0.116882 Loss_all: 0.176306
Train epoch: 14	Loss: 0.109971
skip validation at epoch  14 ; next validation every 5 epochs
spend time： 2.662569046020508 s
Training on 3804 samples...
Train epoch: 15 [0/3804 (0%)]	Loss: 0.103763 Loss_all: 0.164709
Train epoch: 15 [2560/3804 (67%)]	Loss: 0.090094 Loss_all: 0.149457
Train epoch: 15	Loss: 0.094396
val AUROC improved at epoch  15 ; best_AUROC, best_AUPRC, best_precision, best_recall: 0.9853235375275938 0.9865811212073615 0.958029197080292 0.9114583333333334 Human
spend time： 3.404582977294922 s
Training on 3804 samples...
Train epoch: 16 [0/3804 (0%)]	Loss: 0.079914 Loss_all: 0.138214
Train epoch: 16 [2560/3804 (67%)]	Loss: 0.111376 Loss_all: 0.170338
Train epoch: 16	Loss: 0.088722
skip validation at epoch  16 ; next validation every 5 epochs
spend time： 2.626960277557373 s
Training on 3804 samples...
Train epoch: 17 [0/3804 (0%)]	Loss: 0.088798 Loss_all: 0.146955
Train epoch: 17 [2560/3804 (67%)]	Loss: 0.074636 Loss_all: 0.132605
Train epoch: 17	Loss: 0.081550
skip validation at epoch  17 ; next validation every 5 epochs
spend time： 2.710214614868164 s
Training on 3804 samples...
Train epoch: 18 [0/3804 (0%)]	Loss: 0.066914 Loss_all: 0.124431
Train epoch: 18 [2560/3804 (67%)]	Loss: 0.124845 Loss_all: 0.181436
Train epoch: 18	Loss: 0.077232
skip validation at epoch  18 ; next validation every 5 epochs
spend time： 2.533672571182251 s
Training on 3804 samples...
Train epoch: 19 [0/3804 (0%)]	Loss: 0.075104 Loss_all: 0.130984
Train epoch: 19 [2560/3804 (67%)]	Loss: 0.119238 Loss_all: 0.177567
Train epoch: 19	Loss: 0.101740
skip validation at epoch  19 ; next validation every 5 epochs
spend time： 2.591670036315918 s
Training on 3804 samples...
Train epoch: 20 [0/3804 (0%)]	Loss: 0.104966 Loss_all: 0.161356
Train epoch: 20 [2560/3804 (67%)]	Loss: 0.089384 Loss_all: 0.145786
Train epoch: 20	Loss: 0.080795
val AUROC improved at epoch  20 ; best_AUROC, best_AUPRC, best_precision, best_recall: 0.9877264992641649 0.9875700686650566 0.9276094276094277 0.9565972222222222 Human
spend time： 3.496114492416382 s
Training on 3804 samples...
Train epoch: 21 [0/3804 (0%)]	Loss: 0.076416 Loss_all: 0.133368
Train epoch: 21 [2560/3804 (67%)]	Loss: 0.101210 Loss_all: 0.158360
Train epoch: 21	Loss: 0.070638
skip validation at epoch  21 ; next validation every 5 epochs
spend time： 2.624906301498413 s
Training on 3804 samples...
Train epoch: 22 [0/3804 (0%)]	Loss: 0.063869 Loss_all: 0.120193
Train epoch: 22 [2560/3804 (67%)]	Loss: 0.060745 Loss_all: 0.118604
Train epoch: 22	Loss: 0.071098
skip validation at epoch  22 ; next validation every 5 epochs
spend time： 2.580129384994507 s
Training on 3804 samples...
Train epoch: 23 [0/3804 (0%)]	Loss: 0.050342 Loss_all: 0.105943
Train epoch: 23 [2560/3804 (67%)]	Loss: 0.046393 Loss_all: 0.102433
Train epoch: 23	Loss: 0.061037
skip validation at epoch  23 ; next validation every 5 epochs
spend time： 2.365079402923584 s
Training on 3804 samples...
Train epoch: 24 [0/3804 (0%)]	Loss: 0.035878 Loss_all: 0.091858
Train epoch: 24 [2560/3804 (67%)]	Loss: 0.082915 Loss_all: 0.139530
Train epoch: 24	Loss: 0.064683
skip validation at epoch  24 ; next validation every 5 epochs
spend time： 2.6322314739227295 s
Training on 3804 samples...
Train epoch: 25 [0/3804 (0%)]	Loss: 0.035202 Loss_all: 0.089084
Train epoch: 25 [2560/3804 (67%)]	Loss: 0.079975 Loss_all: 0.135522
Train epoch: 25	Loss: 0.067587
0.9800029196047033 No improvement since epoch  20 ; best_AUROC, best_AUPRC, best_precision, best_recall: 0.9877264992641649 0.9875700686650566 0.9276094276094277 0.9565972222222222 Human
spend time： 2.9368133544921875 s
Training on 3804 samples...
Train epoch: 26 [0/3804 (0%)]	Loss: 0.049790 Loss_all: 0.103744
Train epoch: 26 [2560/3804 (67%)]	Loss: 0.051205 Loss_all: 0.106234
Train epoch: 26	Loss: 0.057961
skip validation at epoch  26 ; next validation every 5 epochs
spend time： 2.5012710094451904 s
Training on 3804 samples...
Train epoch: 27 [0/3804 (0%)]	Loss: 0.089573 Loss_all: 0.145257
Train epoch: 27 [2560/3804 (67%)]	Loss: 0.062409 Loss_all: 0.116816
Train epoch: 27	Loss: 0.061292
skip validation at epoch  27 ; next validation every 5 epochs
spend time： 2.568554401397705 s
Training on 3804 samples...
Train epoch: 28 [0/3804 (0%)]	Loss: 0.016644 Loss_all: 0.071174
Train epoch: 28 [2560/3804 (67%)]	Loss: 0.088755 Loss_all: 0.144536
Train epoch: 28	Loss: 0.063781
skip validation at epoch  28 ; next validation every 5 epochs
spend time： 2.5978221893310547 s
Training on 3804 samples...
Train epoch: 29 [0/3804 (0%)]	Loss: 0.063581 Loss_all: 0.121217
Train epoch: 29 [2560/3804 (67%)]	Loss: 0.057022 Loss_all: 0.111309
Train epoch: 29	Loss: 0.051655
skip validation at epoch  29 ; next validation every 5 epochs
spend time： 2.552399158477783 s
Training on 3804 samples...
Train epoch: 30 [0/3804 (0%)]	Loss: 0.040336 Loss_all: 0.097562
Train epoch: 30 [2560/3804 (67%)]	Loss: 0.066087 Loss_all: 0.119695
Train epoch: 30	Loss: 0.056222
val AUROC improved at epoch  30 ; best_AUROC, best_AUPRC, best_precision, best_recall: 0.9887124034216336 0.9816840655190259 0.9273648648648649 0.953125 Human
spend time： 3.515273332595825 s
Training on 3804 samples...
Train epoch: 31 [0/3804 (0%)]	Loss: 0.029453 Loss_all: 0.085425
Train epoch: 31 [2560/3804 (67%)]	Loss: 0.073720 Loss_all: 0.132345
Train epoch: 31	Loss: 0.053421
skip validation at epoch  31 ; next validation every 5 epochs
spend time： 2.9075241088867188 s
Training on 3804 samples...
Train epoch: 32 [0/3804 (0%)]	Loss: 0.042463 Loss_all: 0.096067
Train epoch: 32 [2560/3804 (67%)]	Loss: 0.060353 Loss_all: 0.113479
Train epoch: 32	Loss: 0.048224
skip validation at epoch  32 ; next validation every 5 epochs
spend time： 2.584324359893799 s
Training on 3804 samples...
Train epoch: 33 [0/3804 (0%)]	Loss: 0.030235 Loss_all: 0.083008
Train epoch: 33 [2560/3804 (67%)]	Loss: 0.032807 Loss_all: 0.086990
Train epoch: 33	Loss: 0.043742
skip validation at epoch  33 ; next validation every 5 epochs
spend time： 2.672902822494507 s
Training on 3804 samples...
Train epoch: 34 [0/3804 (0%)]	Loss: 0.041205 Loss_all: 0.094970
Train epoch: 34 [2560/3804 (67%)]	Loss: 0.020823 Loss_all: 0.078038
Train epoch: 34	Loss: 0.043270
skip validation at epoch  34 ; next validation every 5 epochs
spend time： 2.576660394668579 s
Training on 3804 samples...
Train epoch: 35 [0/3804 (0%)]	Loss: 0.046347 Loss_all: 0.099322
Train epoch: 35 [2560/3804 (67%)]	Loss: 0.066859 Loss_all: 0.119383
Train epoch: 35	Loss: 0.039210
0.9817126578134815 No improvement since epoch  30 ; best_AUROC, best_AUPRC, best_precision, best_recall: 0.9887124034216336 0.9816840655190259 0.9273648648648649 0.953125 Human
spend time： 2.9907665252685547 s
Training on 3804 samples...
Train epoch: 36 [0/3804 (0%)]	Loss: 0.037013 Loss_all: 0.089405
Train epoch: 36 [2560/3804 (67%)]	Loss: 0.068003 Loss_all: 0.121864
Train epoch: 36	Loss: 0.038789
skip validation at epoch  36 ; next validation every 5 epochs
spend time： 2.6594350337982178 s
Training on 3804 samples...
Train epoch: 37 [0/3804 (0%)]	Loss: 0.026786 Loss_all: 0.079637
Train epoch: 37 [2560/3804 (67%)]	Loss: 0.076003 Loss_all: 0.129717
Train epoch: 37	Loss: 0.044691
skip validation at epoch  37 ; next validation every 5 epochs
spend time： 2.5977280139923096 s
Training on 3804 samples...
Train epoch: 38 [0/3804 (0%)]	Loss: 0.022722 Loss_all: 0.075624
Train epoch: 38 [2560/3804 (67%)]	Loss: 0.057815 Loss_all: 0.111062
Train epoch: 38	Loss: 0.032776
skip validation at epoch  38 ; next validation every 5 epochs
spend time： 2.54736065864563 s
Training on 3804 samples...
Train epoch: 39 [0/3804 (0%)]	Loss: 0.016146 Loss_all: 0.069472
Train epoch: 39 [2560/3804 (67%)]	Loss: 0.029742 Loss_all: 0.081426
Train epoch: 39	Loss: 0.039328
skip validation at epoch  39 ; next validation every 5 epochs
spend time： 3.347709894180298 s
Training on 3804 samples...
Train epoch: 40 [0/3804 (0%)]	Loss: 0.058179 Loss_all: 0.110432
Train epoch: 40 [2560/3804 (67%)]	Loss: 0.018001 Loss_all: 0.071517
Train epoch: 40	Loss: 0.035356
0.983004361712481 No improvement since epoch  30 ; best_AUROC, best_AUPRC, best_precision, best_recall: 0.9887124034216336 0.9816840655190259 0.9273648648648649 0.953125 Human
spend time： 4.336754322052002 s
Training on 3804 samples...
Train epoch: 41 [0/3804 (0%)]	Loss: 0.015263 Loss_all: 0.066052
Train epoch: 41 [2560/3804 (67%)]	Loss: 0.035706 Loss_all: 0.088898
Train epoch: 41	Loss: 0.032735
skip validation at epoch  41 ; next validation every 5 epochs
spend time： 3.8402328491210938 s
Training on 3804 samples...
Train epoch: 42 [0/3804 (0%)]	Loss: 0.059533 Loss_all: 0.110241
Train epoch: 42 [2560/3804 (67%)]	Loss: 0.050529 Loss_all: 0.102885
Train epoch: 42	Loss: 0.039003
skip validation at epoch  42 ; next validation every 5 epochs
spend time： 3.5332705974578857 s
Training on 3804 samples...
Train epoch: 43 [0/3804 (0%)]	Loss: 0.056291 Loss_all: 0.108426
Train epoch: 43 [2560/3804 (67%)]	Loss: 0.023648 Loss_all: 0.073227
Train epoch: 43	Loss: 0.032931
skip validation at epoch  43 ; next validation every 5 epochs
spend time： 3.6495120525360107 s
Training on 3804 samples...
Train epoch: 44 [0/3804 (0%)]	Loss: 0.040310 Loss_all: 0.090288
Train epoch: 44 [2560/3804 (67%)]	Loss: 0.017463 Loss_all: 0.067905
Train epoch: 44	Loss: 0.033253
skip validation at epoch  44 ; next validation every 5 epochs
spend time： 3.4835519790649414 s
Training on 3804 samples...
Train epoch: 45 [0/3804 (0%)]	Loss: 0.014682 Loss_all: 0.065044
Train epoch: 45 [2560/3804 (67%)]	Loss: 0.035435 Loss_all: 0.086629
Train epoch: 45	Loss: 0.036345
0.9849861539958772 No improvement since epoch  30 ; best_AUROC, best_AUPRC, best_precision, best_recall: 0.9887124034216336 0.9816840655190259 0.9273648648648649 0.953125 Human
spend time： 3.994030237197876 s
Training on 3804 samples...
Train epoch: 46 [0/3804 (0%)]	Loss: 0.031303 Loss_all: 0.081889
Train epoch: 46 [2560/3804 (67%)]	Loss: 0.027528 Loss_all: 0.079048
Train epoch: 46	Loss: 0.033848
skip validation at epoch  46 ; next validation every 5 epochs
spend time： 3.626271963119507 s
Training on 3804 samples...
Train epoch: 47 [0/3804 (0%)]	Loss: 0.015847 Loss_all: 0.067967
Train epoch: 47 [2560/3804 (67%)]	Loss: 0.037128 Loss_all: 0.087107
Train epoch: 47	Loss: 0.031288
skip validation at epoch  47 ; next validation every 5 epochs
spend time： 3.666656494140625 s
Training on 3804 samples...
Train epoch: 48 [0/3804 (0%)]	Loss: 0.022412 Loss_all: 0.072281
Train epoch: 48 [2560/3804 (67%)]	Loss: 0.029130 Loss_all: 0.078944
Train epoch: 48	Loss: 0.024798
skip validation at epoch  48 ; next validation every 5 epochs
spend time： 3.507157564163208 s
Training on 3804 samples...
Train epoch: 49 [0/3804 (0%)]	Loss: 0.013321 Loss_all: 0.063871
Train epoch: 49 [2560/3804 (67%)]	Loss: 0.017595 Loss_all: 0.067737
Train epoch: 49	Loss: 0.024858
skip validation at epoch  49 ; next validation every 5 epochs
spend time： 3.565183162689209 s
Training on 3804 samples...
Train epoch: 50 [0/3804 (0%)]	Loss: 0.020921 Loss_all: 0.071038
Train epoch: 50 [2560/3804 (67%)]	Loss: 0.035341 Loss_all: 0.084237
Train epoch: 50	Loss: 0.031824
0.9831193764432137 No improvement since epoch  30 ; best_AUROC, best_AUPRC, best_precision, best_recall: 0.9887124034216336 0.9816840655190259 0.9273648648648649 0.953125 Human
spend time： 4.038860082626343 s
Training on 3804 samples...
Train epoch: 51 [0/3804 (0%)]	Loss: 0.029133 Loss_all: 0.078760
Train epoch: 51 [2560/3804 (67%)]	Loss: 0.056150 Loss_all: 0.106225
Train epoch: 51	Loss: 0.021097
skip validation at epoch  51 ; next validation every 5 epochs
spend time： 3.593590497970581 s
Training on 3804 samples...
Train epoch: 52 [0/3804 (0%)]	Loss: 0.015718 Loss_all: 0.067165
Train epoch: 52 [2560/3804 (67%)]	Loss: 0.031782 Loss_all: 0.084539
Train epoch: 52	Loss: 0.026376
skip validation at epoch  52 ; next validation every 5 epochs
spend time： 3.54721736907959 s
Training on 3804 samples...
Train epoch: 53 [0/3804 (0%)]	Loss: 0.013441 Loss_all: 0.063474
Train epoch: 53 [2560/3804 (67%)]	Loss: 0.012408 Loss_all: 0.060832
Train epoch: 53	Loss: 0.017599
skip validation at epoch  53 ; next validation every 5 epochs
spend time： 3.643068313598633 s
Training on 3804 samples...
Train epoch: 54 [0/3804 (0%)]	Loss: 0.036977 Loss_all: 0.087816
Train epoch: 54 [2560/3804 (67%)]	Loss: 0.044650 Loss_all: 0.093325
Train epoch: 54	Loss: 0.032597
skip validation at epoch  54 ; next validation every 5 epochs
spend time： 3.560544490814209 s
Training on 3804 samples...
Train epoch: 55 [0/3804 (0%)]	Loss: 0.010471 Loss_all: 0.060419
Train epoch: 55 [2560/3804 (67%)]	Loss: 0.015915 Loss_all: 0.064467
Train epoch: 55	Loss: 0.026545
0.9804541312406551 No improvement since epoch  30 ; best_AUROC, best_AUPRC, best_precision, best_recall: 0.9887124034216336 0.9816840655190259 0.9273648648648649 0.953125 Human
spend time： 4.180310010910034 s
Training on 3804 samples...
Train epoch: 56 [0/3804 (0%)]	Loss: 0.028840 Loss_all: 0.077206
Train epoch: 56 [2560/3804 (67%)]	Loss: 0.028631 Loss_all: 0.077258
Train epoch: 56	Loss: 0.034229
skip validation at epoch  56 ; next validation every 5 epochs
spend time： 3.6576006412506104 s
Training on 3804 samples...
Train epoch: 57 [0/3804 (0%)]	Loss: 0.040896 Loss_all: 0.089709
Train epoch: 57 [2560/3804 (67%)]	Loss: 0.024100 Loss_all: 0.074412
Train epoch: 57	Loss: 0.045682
skip validation at epoch  57 ; next validation every 5 epochs
spend time： 4.410310983657837 s
Training on 3804 samples...
Train epoch: 58 [0/3804 (0%)]	Loss: 0.014919 Loss_all: 0.064450
Train epoch: 58 [2560/3804 (67%)]	Loss: 0.039433 Loss_all: 0.088027
Train epoch: 58	Loss: 0.031704
skip validation at epoch  58 ; next validation every 5 epochs
spend time： 4.730619668960571 s
Training on 3804 samples...
Train epoch: 59 [0/3804 (0%)]	Loss: 0.026771 Loss_all: 0.076658
Train epoch: 59 [2560/3804 (67%)]	Loss: 0.054583 Loss_all: 0.107750
Train epoch: 59	Loss: 0.028194
skip validation at epoch  59 ; next validation every 5 epochs
spend time： 4.642802476882935 s
Training on 3804 samples...
Train epoch: 60 [0/3804 (0%)]	Loss: 0.028157 Loss_all: 0.079119
Train epoch: 60 [2560/3804 (67%)]	Loss: 0.035965 Loss_all: 0.085182
Train epoch: 60	Loss: 0.035013
0.9827035539551797 No improvement since epoch  30 ; best_AUROC, best_AUPRC, best_precision, best_recall: 0.9887124034216336 0.9816840655190259 0.9273648648648649 0.953125 Human
spend time： 5.046737909317017 s
Training on 3804 samples...
Train epoch: 61 [0/3804 (0%)]	Loss: 0.027497 Loss_all: 0.076778
Train epoch: 61 [2560/3804 (67%)]	Loss: 0.036547 Loss_all: 0.083583
Train epoch: 61	Loss: 0.023245
skip validation at epoch  61 ; next validation every 5 epochs
spend time： 4.398875713348389 s
Training on 3804 samples...
Train epoch: 62 [0/3804 (0%)]	Loss: 0.019957 Loss_all: 0.068012
Train epoch: 62 [2560/3804 (67%)]	Loss: 0.013429 Loss_all: 0.062187
Train epoch: 62	Loss: 0.021996
skip validation at epoch  62 ; next validation every 5 epochs
spend time： 3.7436423301696777 s
Training on 3804 samples...
Train epoch: 63 [0/3804 (0%)]	Loss: 0.010771 Loss_all: 0.059156
Train epoch: 63 [2560/3804 (67%)]	Loss: 0.046938 Loss_all: 0.095755
Train epoch: 63	Loss: 0.020573
skip validation at epoch  63 ; next validation every 5 epochs
spend time： 3.5400774478912354 s
Training on 3804 samples...
Train epoch: 64 [0/3804 (0%)]	Loss: 0.009534 Loss_all: 0.058300
Train epoch: 64 [2560/3804 (67%)]	Loss: 0.011690 Loss_all: 0.059380
Train epoch: 64	Loss: 0.020139
skip validation at epoch  64 ; next validation every 5 epochs
spend time： 3.4368088245391846 s
Training on 3804 samples...
Train epoch: 65 [0/3804 (0%)]	Loss: 0.019732 Loss_all: 0.066814
Train epoch: 65 [2560/3804 (67%)]	Loss: 0.009089 Loss_all: 0.058041
Train epoch: 65	Loss: 0.021426
0.9827522140335666 No improvement since epoch  30 ; best_AUROC, best_AUPRC, best_precision, best_recall: 0.9887124034216336 0.9816840655190259 0.9273648648648649 0.953125 Human
spend time： 4.032315015792847 s
Training on 3804 samples...
Train epoch: 66 [0/3804 (0%)]	Loss: 0.020550 Loss_all: 0.068849
Train epoch: 66 [2560/3804 (67%)]	Loss: 0.003411 Loss_all: 0.050889
Train epoch: 66	Loss: 0.016191
skip validation at epoch  66 ; next validation every 5 epochs
spend time： 3.4649531841278076 s
Training on 3804 samples...
Train epoch: 67 [0/3804 (0%)]	Loss: 0.004696 Loss_all: 0.051672
Train epoch: 67 [2560/3804 (67%)]	Loss: 0.049618 Loss_all: 0.095526
Train epoch: 67	Loss: 0.017079
skip validation at epoch  67 ; next validation every 5 epochs
spend time： 3.438582420349121 s
Training on 3804 samples...
Train epoch: 68 [0/3804 (0%)]	Loss: 0.003473 Loss_all: 0.048543
Train epoch: 68 [2560/3804 (67%)]	Loss: 0.026720 Loss_all: 0.072134
Train epoch: 68	Loss: 0.015739
skip validation at epoch  68 ; next validation every 5 epochs
spend time： 3.324028491973877 s
Training on 3804 samples...
Train epoch: 69 [0/3804 (0%)]	Loss: 0.014309 Loss_all: 0.061573
Train epoch: 69 [2560/3804 (67%)]	Loss: 0.029370 Loss_all: 0.074737
Train epoch: 69	Loss: 0.021031
skip validation at epoch  69 ; next validation every 5 epochs
spend time： 3.4851126670837402 s
Training on 3804 samples...
Train epoch: 70 [0/3804 (0%)]	Loss: 0.013665 Loss_all: 0.058807
Train epoch: 70 [2560/3804 (67%)]	Loss: 0.006241 Loss_all: 0.053194
Train epoch: 70	Loss: 0.016514
0.985309079970627 No improvement since epoch  30 ; best_AUROC, best_AUPRC, best_precision, best_recall: 0.9887124034216336 0.9816840655190259 0.9273648648648649 0.953125 Human
spend time： 3.8598692417144775 s
Training on 3804 samples...
Train epoch: 71 [0/3804 (0%)]	Loss: 0.003865 Loss_all: 0.050997
Train epoch: 71 [2560/3804 (67%)]	Loss: 0.006599 Loss_all: 0.052233
Train epoch: 71	Loss: 0.014036
skip validation at epoch  71 ; next validation every 5 epochs
spend time： 3.4306657314300537 s
Training on 3804 samples...
Train epoch: 72 [0/3804 (0%)]	Loss: 0.020806 Loss_all: 0.066362
Train epoch: 72 [2560/3804 (67%)]	Loss: 0.002666 Loss_all: 0.049358
Train epoch: 72	Loss: 0.015434
skip validation at epoch  72 ; next validation every 5 epochs
spend time： 3.444784164428711 s
Training on 3804 samples...
Train epoch: 73 [0/3804 (0%)]	Loss: 0.008447 Loss_all: 0.055999
Train epoch: 73 [2560/3804 (67%)]	Loss: 0.008899 Loss_all: 0.053818
Train epoch: 73	Loss: 0.016040
skip validation at epoch  73 ; next validation every 5 epochs
spend time： 3.531489849090576 s
Training on 3804 samples...
Train epoch: 74 [0/3804 (0%)]	Loss: 0.005537 Loss_all: 0.049351
Train epoch: 74 [2560/3804 (67%)]	Loss: 0.012166 Loss_all: 0.056146
Train epoch: 74	Loss: 0.015548
skip validation at epoch  74 ; next validation every 5 epochs
spend time： 3.4889323711395264 s
Training on 3804 samples...
Train epoch: 75 [0/3804 (0%)]	Loss: 0.022398 Loss_all: 0.068358
Train epoch: 75 [2560/3804 (67%)]	Loss: 0.004931 Loss_all: 0.049375
Train epoch: 75	Loss: 0.015366
0.9815401357173823 No improvement since epoch  30 ; best_AUROC, best_AUPRC, best_precision, best_recall: 0.9887124034216336 0.9816840655190259 0.9273648648648649 0.953125 Human
spend time： 3.9518396854400635 s
Training on 3804 samples...
Train epoch: 76 [0/3804 (0%)]	Loss: 0.010037 Loss_all: 0.056096
Train epoch: 76 [2560/3804 (67%)]	Loss: 0.009337 Loss_all: 0.053420
Train epoch: 76	Loss: 0.021702
skip validation at epoch  76 ; next validation every 5 epochs
spend time： 3.435967206954956 s
Training on 3804 samples...
Train epoch: 77 [0/3804 (0%)]	Loss: 0.031981 Loss_all: 0.076806
Train epoch: 77 [2560/3804 (67%)]	Loss: 0.016181 Loss_all: 0.059451
Train epoch: 77	Loss: 0.012967
skip validation at epoch  77 ; next validation every 5 epochs
spend time： 3.3922383785247803 s
Training on 3804 samples...
Train epoch: 78 [0/3804 (0%)]	Loss: 0.011918 Loss_all: 0.056865
Train epoch: 78 [2560/3804 (67%)]	Loss: 0.003557 Loss_all: 0.047048
Train epoch: 78	Loss: 0.012438
skip validation at epoch  78 ; next validation every 5 epochs
spend time： 3.453017473220825 s
Training on 3804 samples...
Train epoch: 79 [0/3804 (0%)]	Loss: 0.002684 Loss_all: 0.046575
Train epoch: 79 [2560/3804 (67%)]	Loss: 0.041321 Loss_all: 0.084650
Train epoch: 79	Loss: 0.014363
skip validation at epoch  79 ; next validation every 5 epochs
spend time： 3.4470810890197754 s
Training on 3804 samples...
Train epoch: 80 [0/3804 (0%)]	Loss: 0.008820 Loss_all: 0.054458
Train epoch: 80 [2560/3804 (67%)]	Loss: 0.004695 Loss_all: 0.049936
Train epoch: 80	Loss: 0.017300
0.9835838590096347 No improvement since epoch  30 ; best_AUROC, best_AUPRC, best_precision, best_recall: 0.9887124034216336 0.9816840655190259 0.9273648648648649 0.953125 Human
spend time： 3.8788726329803467 s
Training on 3804 samples...
Train epoch: 81 [0/3804 (0%)]	Loss: 0.021462 Loss_all: 0.065789
Train epoch: 81 [2560/3804 (67%)]	Loss: 0.011752 Loss_all: 0.054892
Train epoch: 81	Loss: 0.010665
skip validation at epoch  81 ; next validation every 5 epochs
spend time： 3.4474074840545654 s
Training on 3804 samples...
Train epoch: 82 [0/3804 (0%)]	Loss: 0.015729 Loss_all: 0.056134
Train epoch: 82 [2560/3804 (67%)]	Loss: 0.028956 Loss_all: 0.073125
Train epoch: 82	Loss: 0.013672
skip validation at epoch  82 ; next validation every 5 epochs
spend time： 3.4160921573638916 s
Training on 3804 samples...
Train epoch: 83 [0/3804 (0%)]	Loss: 0.014963 Loss_all: 0.056193
Train epoch: 83 [2560/3804 (67%)]	Loss: 0.012488 Loss_all: 0.054035
Train epoch: 83	Loss: 0.023062
skip validation at epoch  83 ; next validation every 5 epochs
spend time： 3.5525550842285156 s
Training on 3804 samples...
Train epoch: 84 [0/3804 (0%)]	Loss: 0.020377 Loss_all: 0.061802
Train epoch: 84 [2560/3804 (67%)]	Loss: 0.039313 Loss_all: 0.081053
Train epoch: 84	Loss: 0.024346
skip validation at epoch  84 ; next validation every 5 epochs
spend time： 3.5029499530792236 s
Training on 3804 samples...
Train epoch: 85 [0/3804 (0%)]	Loss: 0.007756 Loss_all: 0.050681
Train epoch: 85 [2560/3804 (67%)]	Loss: 0.009860 Loss_all: 0.053641
Train epoch: 85	Loss: 0.020252
0.9783086641481389 No improvement since epoch  30 ; best_AUROC, best_AUPRC, best_precision, best_recall: 0.9887124034216336 0.9816840655190259 0.9273648648648649 0.953125 Human
spend time： 3.91538143157959 s
Training on 3804 samples...
Train epoch: 86 [0/3804 (0%)]	Loss: 0.025856 Loss_all: 0.067775
Train epoch: 86 [2560/3804 (67%)]	Loss: 0.027510 Loss_all: 0.070822
Train epoch: 86	Loss: 0.025387
skip validation at epoch  86 ; next validation every 5 epochs
spend time： 3.4709722995758057 s
Training on 3804 samples...
Train epoch: 87 [0/3804 (0%)]	Loss: 0.005459 Loss_all: 0.047503
Train epoch: 87 [2560/3804 (67%)]	Loss: 0.017200 Loss_all: 0.060399
Train epoch: 87	Loss: 0.021393
skip validation at epoch  87 ; next validation every 5 epochs
spend time： 3.385477304458618 s
Training on 3804 samples...
Train epoch: 88 [0/3804 (0%)]	Loss: 0.037591 Loss_all: 0.079700
Train epoch: 88 [2560/3804 (67%)]	Loss: 0.027030 Loss_all: 0.071443
Train epoch: 88	Loss: 0.041083
skip validation at epoch  88 ; next validation every 5 epochs
spend time： 3.38787841796875 s
Training on 3804 samples...
Train epoch: 89 [0/3804 (0%)]	Loss: 0.016959 Loss_all: 0.059388
Train epoch: 89 [2560/3804 (67%)]	Loss: 0.030039 Loss_all: 0.071634
Train epoch: 89	Loss: 0.022525
skip validation at epoch  89 ; next validation every 5 epochs
spend time： 3.415170907974243 s
Training on 3804 samples...
Train epoch: 90 [0/3804 (0%)]	Loss: 0.024225 Loss_all: 0.066788
Train epoch: 90 [2560/3804 (67%)]	Loss: 0.009525 Loss_all: 0.055408
Train epoch: 90	Loss: 0.032270
0.9820577020056799 No improvement since epoch  30 ; best_AUROC, best_AUPRC, best_precision, best_recall: 0.9887124034216336 0.9816840655190259 0.9273648648648649 0.953125 Human
spend time： 3.7343037128448486 s
Training on 3804 samples...
Train epoch: 91 [0/3804 (0%)]	Loss: 0.060094 Loss_all: 0.107359
Train epoch: 91 [2560/3804 (67%)]	Loss: 0.033570 Loss_all: 0.078523
Train epoch: 91	Loss: 0.026239
skip validation at epoch  91 ; next validation every 5 epochs
spend time： 3.445862293243408 s
Training on 3804 samples...
Train epoch: 92 [0/3804 (0%)]	Loss: 0.040966 Loss_all: 0.085284
Train epoch: 92 [2560/3804 (67%)]	Loss: 0.036853 Loss_all: 0.080704
Train epoch: 92	Loss: 0.025175
skip validation at epoch  92 ; next validation every 5 epochs
spend time： 3.4327354431152344 s
Training on 3804 samples...
Train epoch: 93 [0/3804 (0%)]	Loss: 0.013111 Loss_all: 0.062857
Train epoch: 93 [2560/3804 (67%)]	Loss: 0.011278 Loss_all: 0.052679
Train epoch: 93	Loss: 0.018257
skip validation at epoch  93 ; next validation every 5 epochs
spend time： 3.538752555847168 s
Training on 3804 samples...
Train epoch: 94 [0/3804 (0%)]	Loss: 0.023185 Loss_all: 0.063873
Train epoch: 94 [2560/3804 (67%)]	Loss: 0.001461 Loss_all: 0.042806
Train epoch: 94	Loss: 0.013683
skip validation at epoch  94 ; next validation every 5 epochs
spend time： 3.4292514324188232 s
Training on 3804 samples...
Train epoch: 95 [0/3804 (0%)]	Loss: 0.028706 Loss_all: 0.071855
Train epoch: 95 [2560/3804 (67%)]	Loss: 0.006641 Loss_all: 0.047782
Train epoch: 95	Loss: 0.017284
0.9813587663343035 No improvement since epoch  30 ; best_AUROC, best_AUPRC, best_precision, best_recall: 0.9887124034216336 0.9816840655190259 0.9273648648648649 0.953125 Human
spend time： 3.880838632583618 s
Training on 3804 samples...
Train epoch: 96 [0/3804 (0%)]	Loss: 0.011356 Loss_all: 0.056369
Train epoch: 96 [2560/3804 (67%)]	Loss: 0.012896 Loss_all: 0.053048
Train epoch: 96	Loss: 0.012542
skip validation at epoch  96 ; next validation every 5 epochs
spend time： 3.2936065196990967 s
Training on 3804 samples...
Train epoch: 97 [0/3804 (0%)]	Loss: 0.014285 Loss_all: 0.053289
Train epoch: 97 [2560/3804 (67%)]	Loss: 0.001907 Loss_all: 0.042118
Train epoch: 97	Loss: 0.009543
skip validation at epoch  97 ; next validation every 5 epochs
spend time： 3.503756046295166 s
Training on 3804 samples...
Train epoch: 98 [0/3804 (0%)]	Loss: 0.001105 Loss_all: 0.041275
Train epoch: 98 [2560/3804 (67%)]	Loss: 0.004214 Loss_all: 0.043003
Train epoch: 98	Loss: 0.008520
skip validation at epoch  98 ; next validation every 5 epochs
spend time： 3.26828932762146 s
Training on 3804 samples...
Train epoch: 99 [0/3804 (0%)]	Loss: 0.005827 Loss_all: 0.043913
Train epoch: 99 [2560/3804 (67%)]	Loss: 0.005678 Loss_all: 0.042515
Train epoch: 99	Loss: 0.012585
skip validation at epoch  99 ; next validation every 5 epochs
spend time： 3.3926894664764404 s
Training on 3804 samples...
Train epoch: 100 [0/3804 (0%)]	Loss: 0.018739 Loss_all: 0.058769
Train epoch: 100 [2560/3804 (67%)]	Loss: 0.005728 Loss_all: 0.045979
Train epoch: 100	Loss: 0.018757
0.981303470790682 No improvement since epoch  30 ; best_AUROC, best_AUPRC, best_precision, best_recall: 0.9887124034216336 0.9816840655190259 0.9273648648648649 0.953125 Human
spend time： 4.007431983947754 s
Training on 3804 samples...
Train epoch: 101 [0/3804 (0%)]	Loss: 0.002048 Loss_all: 0.041740
Train epoch: 101 [2560/3804 (67%)]	Loss: 0.031824 Loss_all: 0.073774
Train epoch: 101	Loss: 0.015288
skip validation at epoch  101 ; next validation every 5 epochs
spend time： 3.468583345413208 s
Training on 3804 samples...
Train epoch: 102 [0/3804 (0%)]	Loss: 0.021157 Loss_all: 0.059764
Train epoch: 102 [2560/3804 (67%)]	Loss: 0.006877 Loss_all: 0.044178
Train epoch: 102	Loss: 0.012043
skip validation at epoch  102 ; next validation every 5 epochs
spend time： 3.4527597427368164 s
Training on 3804 samples...
Train epoch: 103 [0/3804 (0%)]	Loss: 0.010782 Loss_all: 0.048776
Train epoch: 103 [2560/3804 (67%)]	Loss: 0.008319 Loss_all: 0.045021
Train epoch: 103	Loss: 0.010008
skip validation at epoch  103 ; next validation every 5 epochs
spend time： 3.1986591815948486 s
Training on 3804 samples...
Train epoch: 104 [0/3804 (0%)]	Loss: 0.004515 Loss_all: 0.042166
Train epoch: 104 [2560/3804 (67%)]	Loss: 0.002747 Loss_all: 0.039714
Train epoch: 104	Loss: 0.007815
skip validation at epoch  104 ; next validation every 5 epochs
spend time： 3.085195302963257 s
Training on 3804 samples...
Train epoch: 105 [0/3804 (0%)]	Loss: 0.002515 Loss_all: 0.039474
Train epoch: 105 [2560/3804 (67%)]	Loss: 0.001704 Loss_all: 0.038379
Train epoch: 105	Loss: 0.009942
0.9828141450424227 No improvement since epoch  30 ; best_AUROC, best_AUPRC, best_precision, best_recall: 0.9887124034216336 0.9816840655190259 0.9273648648648649 0.953125 Human
spend time： 3.0542972087860107 s
Training on 3804 samples...
Train epoch: 106 [0/3804 (0%)]	Loss: 0.014992 Loss_all: 0.054402
Train epoch: 106 [2560/3804 (67%)]	Loss: 0.003327 Loss_all: 0.040318
Train epoch: 106	Loss: 0.006487
skip validation at epoch  106 ; next validation every 5 epochs
spend time： 2.455425500869751 s
Training on 3804 samples...
Train epoch: 107 [0/3804 (0%)]	Loss: 0.003084 Loss_all: 0.041463
Train epoch: 107 [2560/3804 (67%)]	Loss: 0.004221 Loss_all: 0.040858
Train epoch: 107	Loss: 0.005347
skip validation at epoch  107 ; next validation every 5 epochs
spend time： 2.4677045345306396 s
Training on 3804 samples...
Train epoch: 108 [0/3804 (0%)]	Loss: 0.004677 Loss_all: 0.043482
Train epoch: 108 [2560/3804 (67%)]	Loss: 0.029025 Loss_all: 0.064400
Train epoch: 108	Loss: 0.012019
skip validation at epoch  108 ; next validation every 5 epochs
spend time： 2.425992250442505 s
Training on 3804 samples...
Train epoch: 109 [0/3804 (0%)]	Loss: 0.004134 Loss_all: 0.040250
Train epoch: 109 [2560/3804 (67%)]	Loss: 0.024215 Loss_all: 0.065128
Train epoch: 109	Loss: 0.007723
skip validation at epoch  109 ; next validation every 5 epochs
spend time： 2.3885715007781982 s
Training on 3804 samples...
Train epoch: 110 [0/3804 (0%)]	Loss: 0.005989 Loss_all: 0.042554
Train epoch: 110 [2560/3804 (67%)]	Loss: 0.023904 Loss_all: 0.059308
Train epoch: 110	Loss: 0.012730
0.9823717806934502 No improvement since epoch  30 ; best_AUROC, best_AUPRC, best_precision, best_recall: 0.9887124034216336 0.9816840655190259 0.9273648648648649 0.953125 Human
spend time： 2.7024881839752197 s
Training on 3804 samples...
Train epoch: 111 [0/3804 (0%)]	Loss: 0.004827 Loss_all: 0.042636
Train epoch: 111 [2560/3804 (67%)]	Loss: 0.039945 Loss_all: 0.076990
Train epoch: 111	Loss: 0.012942
skip validation at epoch  111 ; next validation every 5 epochs
spend time： 2.422459840774536 s
Training on 3804 samples...
Train epoch: 112 [0/3804 (0%)]	Loss: 0.031108 Loss_all: 0.066869
Train epoch: 112 [2560/3804 (67%)]	Loss: 0.002921 Loss_all: 0.041093
Train epoch: 112	Loss: 0.014378
skip validation at epoch  112 ; next validation every 5 epochs
spend time： 2.3863680362701416 s
Training on 3804 samples...
Train epoch: 113 [0/3804 (0%)]	Loss: 0.007683 Loss_all: 0.043682
Train epoch: 113 [2560/3804 (67%)]	Loss: 0.026753 Loss_all: 0.064436
Train epoch: 113	Loss: 0.010769
skip validation at epoch  113 ; next validation every 5 epochs
spend time： 2.4175209999084473 s
Training on 3804 samples...
Train epoch: 114 [0/3804 (0%)]	Loss: 0.005626 Loss_all: 0.042557
Train epoch: 114 [2560/3804 (67%)]	Loss: 0.015724 Loss_all: 0.051658
Train epoch: 114	Loss: 0.011705
skip validation at epoch  114 ; next validation every 5 epochs
spend time： 2.441606044769287 s
Training on 3804 samples...
Train epoch: 115 [0/3804 (0%)]	Loss: 0.003913 Loss_all: 0.039597
Train epoch: 115 [2560/3804 (67%)]	Loss: 0.003506 Loss_all: 0.040309
Train epoch: 115	Loss: 0.013834
0.9809473674897593 No improvement since epoch  30 ; best_AUROC, best_AUPRC, best_precision, best_recall: 0.9887124034216336 0.9816840655190259 0.9273648648648649 0.953125 Human
spend time： 2.7792906761169434 s
Training on 3804 samples...
Train epoch: 116 [0/3804 (0%)]	Loss: 0.001473 Loss_all: 0.035618
Train epoch: 116 [2560/3804 (67%)]	Loss: 0.006131 Loss_all: 0.041551
Train epoch: 116	Loss: 0.023379
skip validation at epoch  116 ; next validation every 5 epochs
spend time： 2.272557020187378 s
Training on 3804 samples...
Train epoch: 117 [0/3804 (0%)]	Loss: 0.037314 Loss_all: 0.072660
Train epoch: 117 [2560/3804 (67%)]	Loss: 0.010018 Loss_all: 0.045009
Train epoch: 117	Loss: 0.015465
skip validation at epoch  117 ; next validation every 5 epochs
spend time： 2.3613321781158447 s
Training on 3804 samples...
Train epoch: 118 [0/3804 (0%)]	Loss: 0.006459 Loss_all: 0.041586
Train epoch: 118 [2560/3804 (67%)]	Loss: 0.021102 Loss_all: 0.058100
Train epoch: 118	Loss: 0.015785
skip validation at epoch  118 ; next validation every 5 epochs
spend time： 2.43815541267395 s
Training on 3804 samples...
Train epoch: 119 [0/3804 (0%)]	Loss: 0.008603 Loss_all: 0.046079
Train epoch: 119 [2560/3804 (67%)]	Loss: 0.012727 Loss_all: 0.047707
Train epoch: 119	Loss: 0.016682
skip validation at epoch  119 ; next validation every 5 epochs
spend time： 2.3721911907196045 s
Training on 3804 samples...
Train epoch: 120 [0/3804 (0%)]	Loss: 0.001825 Loss_all: 0.039075
Train epoch: 120 [2560/3804 (67%)]	Loss: 0.004950 Loss_all: 0.041732
Train epoch: 120	Loss: 0.010418
0.9818188252572347 No improvement since epoch  30 ; best_AUROC, best_AUPRC, best_precision, best_recall: 0.9887124034216336 0.9816840655190259 0.9273648648648649 0.953125 Human
spend time： 2.7007992267608643 s
Training on 3804 samples...
Train epoch: 121 [0/3804 (0%)]	Loss: 0.011403 Loss_all: 0.048229
Train epoch: 121 [2560/3804 (67%)]	Loss: 0.006427 Loss_all: 0.047037
Train epoch: 121	Loss: 0.011518
skip validation at epoch  121 ; next validation every 5 epochs
spend time： 2.521085023880005 s
Training on 3804 samples...
Train epoch: 122 [0/3804 (0%)]	Loss: 0.025081 Loss_all: 0.061580
Train epoch: 122 [2560/3804 (67%)]	Loss: 0.004538 Loss_all: 0.039158
Train epoch: 122	Loss: 0.014065
skip validation at epoch  122 ; next validation every 5 epochs
spend time： 2.410661458969116 s
Training on 3804 samples...
Train epoch: 123 [0/3804 (0%)]	Loss: 0.001575 Loss_all: 0.037099
Train epoch: 123 [2560/3804 (67%)]	Loss: 0.002819 Loss_all: 0.038267
Train epoch: 123	Loss: 0.011105
skip validation at epoch  123 ; next validation every 5 epochs
spend time： 2.285646677017212 s
Training on 3804 samples...
Train epoch: 124 [0/3804 (0%)]	Loss: 0.026722 Loss_all: 0.067112
Train epoch: 124 [2560/3804 (67%)]	Loss: 0.005713 Loss_all: 0.041931
Train epoch: 124	Loss: 0.012155
skip validation at epoch  124 ; next validation every 5 epochs
spend time： 2.1870903968811035 s
Training on 3804 samples...
Train epoch: 125 [0/3804 (0%)]	Loss: 0.005891 Loss_all: 0.043010
Train epoch: 125 [2560/3804 (67%)]	Loss: 0.001665 Loss_all: 0.038111
Train epoch: 125	Loss: 0.006064
0.9800139787134275 No improvement since epoch  30 ; best_AUROC, best_AUPRC, best_precision, best_recall: 0.9887124034216336 0.9816840655190259 0.9273648648648649 0.953125 Human
spend time： 2.0488474369049072 s
Training on 3804 samples...
Train epoch: 126 [0/3804 (0%)]	Loss: 0.001613 Loss_all: 0.035659
Train epoch: 126 [2560/3804 (67%)]	Loss: 0.003865 Loss_all: 0.041893
Train epoch: 126	Loss: 0.008377
skip validation at epoch  126 ; next validation every 5 epochs
spend time： 1.769718885421753 s
Training on 3804 samples...
Train epoch: 127 [0/3804 (0%)]	Loss: 0.001289 Loss_all: 0.036374
Train epoch: 127 [2560/3804 (67%)]	Loss: 0.021543 Loss_all: 0.058433
Train epoch: 127	Loss: 0.008969
skip validation at epoch  127 ; next validation every 5 epochs
spend time： 1.6245191097259521 s
Training on 3804 samples...
Train epoch: 128 [0/3804 (0%)]	Loss: 0.006174 Loss_all: 0.040643
Train epoch: 128 [2560/3804 (67%)]	Loss: 0.005677 Loss_all: 0.040904
Train epoch: 128	Loss: 0.010414
skip validation at epoch  128 ; next validation every 5 epochs
spend time： 1.6319918632507324 s
Training on 3804 samples...
Train epoch: 129 [0/3804 (0%)]	Loss: 0.000979 Loss_all: 0.034087
Train epoch: 129 [2560/3804 (67%)]	Loss: 0.007754 Loss_all: 0.043353
Train epoch: 129	Loss: 0.011473
skip validation at epoch  129 ; next validation every 5 epochs
spend time： 1.6470155715942383 s
Training on 3804 samples...
Train epoch: 130 [0/3804 (0%)]	Loss: 0.000751 Loss_all: 0.035650
Train epoch: 130 [2560/3804 (67%)]	Loss: 0.070778 Loss_all: 0.106526
Train epoch: 130	Loss: 0.016115
0.9771872705234939 No improvement since epoch  30 ; best_AUROC, best_AUPRC, best_precision, best_recall: 0.9887124034216336 0.9816840655190259 0.9273648648648649 0.953125 Human
spend time： 1.8893322944641113 s
Training on 3804 samples...
Train epoch: 131 [0/3804 (0%)]	Loss: 0.011135 Loss_all: 0.047271
Train epoch: 131 [2560/3804 (67%)]	Loss: 0.000530 Loss_all: 0.035258
Train epoch: 131	Loss: 0.008678
skip validation at epoch  131 ; next validation every 5 epochs
spend time： 1.6878788471221924 s
Training on 3804 samples...
Train epoch: 132 [0/3804 (0%)]	Loss: 0.014141 Loss_all: 0.047538
Train epoch: 132 [2560/3804 (67%)]	Loss: 0.001144 Loss_all: 0.034351
Train epoch: 132	Loss: 0.009041
skip validation at epoch  132 ; next validation every 5 epochs
spend time： 1.7090747356414795 s
Training on 3804 samples...
Train epoch: 133 [0/3804 (0%)]	Loss: 0.007335 Loss_all: 0.041531
Train epoch: 133 [2560/3804 (67%)]	Loss: 0.008269 Loss_all: 0.041314
Train epoch: 133	Loss: 0.004658
skip validation at epoch  133 ; next validation every 5 epochs
spend time： 1.9192008972167969 s
Training on 3804 samples...
Train epoch: 134 [0/3804 (0%)]	Loss: 0.001695 Loss_all: 0.038661
Train epoch: 134 [2560/3804 (67%)]	Loss: 0.022258 Loss_all: 0.065204
Train epoch: 134	Loss: 0.033410
skip validation at epoch  134 ; next validation every 5 epochs
spend time： 1.7765605449676514 s
Training on 3804 samples...
Train epoch: 135 [0/3804 (0%)]	Loss: 0.042524 Loss_all: 0.085123
Train epoch: 135 [2560/3804 (67%)]	Loss: 0.040602 Loss_all: 0.083131
Train epoch: 135	Loss: 0.035358
0.9734315972007185 No improvement since epoch  30 ; best_AUROC, best_AUPRC, best_precision, best_recall: 0.9887124034216336 0.9816840655190259 0.9273648648648649 0.953125 Human
spend time： 1.9785373210906982 s
Training on 3804 samples...
Train epoch: 136 [0/3804 (0%)]	Loss: 0.028333 Loss_all: 0.070427
Train epoch: 136 [2560/3804 (67%)]	Loss: 0.024270 Loss_all: 0.066567
Train epoch: 136	Loss: 0.032099
skip validation at epoch  136 ; next validation every 5 epochs
spend time： 1.679755449295044 s
Training on 3804 samples...
Train epoch: 137 [0/3804 (0%)]	Loss: 0.026790 Loss_all: 0.067861
Train epoch: 137 [2560/3804 (67%)]	Loss: 0.054831 Loss_all: 0.095851
Train epoch: 137	Loss: 0.033102
skip validation at epoch  137 ; next validation every 5 epochs
spend time： 1.797844409942627 s
Training on 3804 samples...
Train epoch: 138 [0/3804 (0%)]	Loss: 0.006450 Loss_all: 0.046706
Train epoch: 138 [2560/3804 (67%)]	Loss: 0.008697 Loss_all: 0.046430
Train epoch: 138	Loss: 0.015969
skip validation at epoch  138 ; next validation every 5 epochs
spend time： 1.7510135173797607 s
Training on 3804 samples...
Train epoch: 139 [0/3804 (0%)]	Loss: 0.014485 Loss_all: 0.051576
Train epoch: 139 [2560/3804 (67%)]	Loss: 0.015801 Loss_all: 0.052928
Train epoch: 139	Loss: 0.015860
skip validation at epoch  139 ; next validation every 5 epochs
spend time： 1.7415478229522705 s
Training on 3804 samples...
Train epoch: 140 [0/3804 (0%)]	Loss: 0.024249 Loss_all: 0.063482
Train epoch: 140 [2560/3804 (67%)]	Loss: 0.012434 Loss_all: 0.048904
Train epoch: 140	Loss: 0.015682
0.9771563050190659 No improvement since epoch  30 ; best_AUROC, best_AUPRC, best_precision, best_recall: 0.9887124034216336 0.9816840655190259 0.9273648648648649 0.953125 Human
spend time： 1.9033958911895752 s
Training on 3804 samples...
Train epoch: 141 [0/3804 (0%)]	Loss: 0.013794 Loss_all: 0.050084
Train epoch: 141 [2560/3804 (67%)]	Loss: 0.017558 Loss_all: 0.053337
Train epoch: 141	Loss: 0.012132
skip validation at epoch  141 ; next validation every 5 epochs
spend time： 1.7194678783416748 s
Training on 3804 samples...
Train epoch: 142 [0/3804 (0%)]	Loss: 0.026314 Loss_all: 0.063045
Train epoch: 142 [2560/3804 (67%)]	Loss: 0.014157 Loss_all: 0.050232
Train epoch: 142	Loss: 0.011950
skip validation at epoch  142 ; next validation every 5 epochs
spend time： 1.7294189929962158 s
Training on 3804 samples...
Train epoch: 143 [0/3804 (0%)]	Loss: 0.005142 Loss_all: 0.039578
Train epoch: 143 [2560/3804 (67%)]	Loss: 0.010014 Loss_all: 0.046716
Train epoch: 143	Loss: 0.008704
skip validation at epoch  143 ; next validation every 5 epochs
spend time： 1.6807482242584229 s
Training on 3804 samples...
Train epoch: 144 [0/3804 (0%)]	Loss: 0.012190 Loss_all: 0.048846
Train epoch: 144 [2560/3804 (67%)]	Loss: 0.007939 Loss_all: 0.043112
Train epoch: 144	Loss: 0.007446
skip validation at epoch  144 ; next validation every 5 epochs
spend time： 1.7605090141296387 s
Training on 3804 samples...
Train epoch: 145 [0/3804 (0%)]	Loss: 0.021333 Loss_all: 0.055911
Train epoch: 145 [2560/3804 (67%)]	Loss: 0.001284 Loss_all: 0.038510
Train epoch: 145	Loss: 0.007542
0.9818254607224693 No improvement since epoch  30 ; best_AUROC, best_AUPRC, best_precision, best_recall: 0.9887124034216336 0.9816840655190259 0.9273648648648649 0.953125 Human
spend time： 2.0241811275482178 s
Training on 3804 samples...
Train epoch: 146 [0/3804 (0%)]	Loss: 0.000552 Loss_all: 0.035539
Train epoch: 146 [2560/3804 (67%)]	Loss: 0.002329 Loss_all: 0.036562
Train epoch: 146	Loss: 0.004841
skip validation at epoch  146 ; next validation every 5 epochs
spend time： 1.6993780136108398 s
Training on 3804 samples...
Train epoch: 147 [0/3804 (0%)]	Loss: 0.006343 Loss_all: 0.040749
Train epoch: 147 [2560/3804 (67%)]	Loss: 0.001354 Loss_all: 0.034562
Train epoch: 147	Loss: 0.004867
skip validation at epoch  147 ; next validation every 5 epochs
spend time： 1.6530139446258545 s
Training on 3804 samples...
Train epoch: 148 [0/3804 (0%)]	Loss: 0.004740 Loss_all: 0.040116
Train epoch: 148 [2560/3804 (67%)]	Loss: 0.007229 Loss_all: 0.040570
Train epoch: 148	Loss: 0.007306
skip validation at epoch  148 ; next validation every 5 epochs
spend time： 1.7506701946258545 s
Training on 3804 samples...
Train epoch: 149 [0/3804 (0%)]	Loss: 0.001666 Loss_all: 0.035647
Train epoch: 149 [2560/3804 (67%)]	Loss: 0.003271 Loss_all: 0.036675
Train epoch: 149	Loss: 0.007660
skip validation at epoch  149 ; next validation every 5 epochs
spend time： 1.7482044696807861 s
Training on 3804 samples...
Train epoch: 150 [0/3804 (0%)]	Loss: 0.000881 Loss_all: 0.035862
Train epoch: 150 [2560/3804 (67%)]	Loss: 0.004971 Loss_all: 0.038902
Train epoch: 150	Loss: 0.009782
0.9789876934238115 No improvement since epoch  30 ; best_AUROC, best_AUPRC, best_precision, best_recall: 0.9887124034216336 0.9816840655190259 0.9273648648648649 0.953125 Human
spend time： 1.807370662689209 s
Training on 3804 samples...
Train epoch: 151 [0/3804 (0%)]	Loss: 0.003093 Loss_all: 0.035433
Train epoch: 151 [2560/3804 (67%)]	Loss: 0.007530 Loss_all: 0.046975
Train epoch: 151	Loss: 0.013207
skip validation at epoch  151 ; next validation every 5 epochs
spend time： 1.836465835571289 s
Training on 3804 samples...
Train epoch: 152 [0/3804 (0%)]	Loss: 0.006664 Loss_all: 0.046198
Train epoch: 152 [2560/3804 (67%)]	Loss: 0.036566 Loss_all: 0.079909
Train epoch: 152	Loss: 0.013860
skip validation at epoch  152 ; next validation every 5 epochs
spend time： 1.9146220684051514 s
Training on 3804 samples...
Train epoch: 153 [0/3804 (0%)]	Loss: 0.005986 Loss_all: 0.047018
Train epoch: 153 [2560/3804 (67%)]	Loss: 0.012354 Loss_all: 0.051438
Train epoch: 153	Loss: 0.015720
skip validation at epoch  153 ; next validation every 5 epochs
spend time： 1.8329696655273438 s
Training on 3804 samples...
Train epoch: 154 [0/3804 (0%)]	Loss: 0.030707 Loss_all: 0.068850
Train epoch: 154 [2560/3804 (67%)]	Loss: 0.012474 Loss_all: 0.050935
Train epoch: 154	Loss: 0.017217
skip validation at epoch  154 ; next validation every 5 epochs
spend time： 1.9194591045379639 s
Training on 3804 samples...
Train epoch: 155 [0/3804 (0%)]	Loss: 0.007105 Loss_all: 0.046131
Train epoch: 155 [2560/3804 (67%)]	Loss: 0.009612 Loss_all: 0.047617
Train epoch: 155	Loss: 0.010930
0.9797618310345132 No improvement since epoch  30 ; best_AUROC, best_AUPRC, best_precision, best_recall: 0.9887124034216336 0.9816840655190259 0.9273648648648649 0.953125 Human
spend time： 1.9575657844543457 s
Training on 3804 samples...
Train epoch: 156 [0/3804 (0%)]	Loss: 0.003009 Loss_all: 0.044644
Train epoch: 156 [2560/3804 (67%)]	Loss: 0.015034 Loss_all: 0.054148
Train epoch: 156	Loss: 0.020205
skip validation at epoch  156 ; next validation every 5 epochs
spend time： 1.6659681797027588 s
Training on 3804 samples...
Train epoch: 157 [0/3804 (0%)]	Loss: 0.000959 Loss_all: 0.037844
Train epoch: 157 [2560/3804 (67%)]	Loss: 0.017908 Loss_all: 0.057855
Train epoch: 157	Loss: 0.010960
skip validation at epoch  157 ; next validation every 5 epochs
spend time： 1.8655452728271484 s
Training on 3804 samples...
Train epoch: 158 [0/3804 (0%)]	Loss: 0.021773 Loss_all: 0.061327
Train epoch: 158 [2560/3804 (67%)]	Loss: 0.039918 Loss_all: 0.078394
Train epoch: 158	Loss: 0.018954
skip validation at epoch  158 ; next validation every 5 epochs
spend time： 1.800194501876831 s
Training on 3804 samples...
Train epoch: 159 [0/3804 (0%)]	Loss: 0.005022 Loss_all: 0.042225
Train epoch: 159 [2560/3804 (67%)]	Loss: 0.017957 Loss_all: 0.055242
Train epoch: 159	Loss: 0.010866
skip validation at epoch  159 ; next validation every 5 epochs
spend time： 1.9645140171051025 s
Training on 3804 samples...
Train epoch: 160 [0/3804 (0%)]	Loss: 0.001764 Loss_all: 0.040181
Train epoch: 160 [2560/3804 (67%)]	Loss: 0.001650 Loss_all: 0.038607
Train epoch: 160	Loss: 0.010678
0.9790540480761574 No improvement since epoch  30 ; best_AUROC, best_AUPRC, best_precision, best_recall: 0.9887124034216336 0.9816840655190259 0.9273648648648649 0.953125 Human
spend time： 2.141413450241089 s
Training on 3804 samples...
Train epoch: 161 [0/3804 (0%)]	Loss: 0.009329 Loss_all: 0.046495
Train epoch: 161 [2560/3804 (67%)]	Loss: 0.007115 Loss_all: 0.043883
Train epoch: 161	Loss: 0.009263
skip validation at epoch  161 ; next validation every 5 epochs
spend time： 1.8819043636322021 s
Training on 3804 samples...
Train epoch: 162 [0/3804 (0%)]	Loss: 0.001250 Loss_all: 0.038033
Train epoch: 162 [2560/3804 (67%)]	Loss: 0.003980 Loss_all: 0.040798
Train epoch: 162	Loss: 0.010963
skip validation at epoch  162 ; next validation every 5 epochs
spend time： 1.7462716102600098 s
Training on 3804 samples...
Train epoch: 163 [0/3804 (0%)]	Loss: 0.011492 Loss_all: 0.047892
Train epoch: 163 [2560/3804 (67%)]	Loss: 0.004897 Loss_all: 0.041632
Train epoch: 163	Loss: 0.010460
skip validation at epoch  163 ; next validation every 5 epochs
spend time： 1.8353641033172607 s
Training on 3804 samples...
Train epoch: 164 [0/3804 (0%)]	Loss: 0.002502 Loss_all: 0.038670
Train epoch: 164 [2560/3804 (67%)]	Loss: 0.016584 Loss_all: 0.052414
Train epoch: 164	Loss: 0.009937
skip validation at epoch  164 ; next validation every 5 epochs
spend time： 1.7268397808074951 s
Training on 3804 samples...
Train epoch: 165 [0/3804 (0%)]	Loss: 0.019682 Loss_all: 0.054184
Train epoch: 165 [2560/3804 (67%)]	Loss: 0.004603 Loss_all: 0.040504
Train epoch: 165	Loss: 0.012447
0.9819825000663546 No improvement since epoch  30 ; best_AUROC, best_AUPRC, best_precision, best_recall: 0.9887124034216336 0.9816840655190259 0.9273648648648649 0.953125 Human
spend time： 1.966773271560669 s
Training on 3804 samples...
Train epoch: 166 [0/3804 (0%)]	Loss: 0.003438 Loss_all: 0.038646
Train epoch: 166 [2560/3804 (67%)]	Loss: 0.033523 Loss_all: 0.067484
Train epoch: 166	Loss: 0.011945
skip validation at epoch  166 ; next validation every 5 epochs
spend time： 1.7086207866668701 s
Training on 3804 samples...
Train epoch: 167 [0/3804 (0%)]	Loss: 0.016583 Loss_all: 0.050151
Train epoch: 167 [2560/3804 (67%)]	Loss: 0.006054 Loss_all: 0.039889
Train epoch: 167	Loss: 0.009400
skip validation at epoch  167 ; next validation every 5 epochs
spend time： 1.6853747367858887 s
Training on 3804 samples...
Train epoch: 168 [0/3804 (0%)]	Loss: 0.004803 Loss_all: 0.038027
Train epoch: 168 [2560/3804 (67%)]	Loss: 0.009607 Loss_all: 0.045026
Train epoch: 168	Loss: 0.015075
skip validation at epoch  168 ; next validation every 5 epochs
spend time： 1.7008862495422363 s
Training on 3804 samples...
Train epoch: 169 [0/3804 (0%)]	Loss: 0.010362 Loss_all: 0.041881
Train epoch: 169 [2560/3804 (67%)]	Loss: 0.031530 Loss_all: 0.065189
Train epoch: 169	Loss: 0.010609
skip validation at epoch  169 ; next validation every 5 epochs
spend time： 1.747039556503296 s
Training on 3804 samples...
Train epoch: 170 [0/3804 (0%)]	Loss: 0.005472 Loss_all: 0.037842
Train epoch: 170 [2560/3804 (67%)]	Loss: 0.015250 Loss_all: 0.047511
Train epoch: 170	Loss: 0.008767
0.982665952985517 No improvement since epoch  30 ; best_AUROC, best_AUPRC, best_precision, best_recall: 0.9887124034216336 0.9816840655190259 0.9273648648648649 0.953125 Human
spend time： 1.9512386322021484 s
Training on 3804 samples...
Train epoch: 171 [0/3804 (0%)]	Loss: 0.004002 Loss_all: 0.036093
Train epoch: 171 [2560/3804 (67%)]	Loss: 0.003981 Loss_all: 0.036515
Train epoch: 171	Loss: 0.005341
skip validation at epoch  171 ; next validation every 5 epochs
spend time： 1.741431474685669 s
Training on 3804 samples...
Train epoch: 172 [0/3804 (0%)]	Loss: 0.003567 Loss_all: 0.036600
Train epoch: 172 [2560/3804 (67%)]	Loss: 0.014349 Loss_all: 0.044814
Train epoch: 172	Loss: 0.007999
skip validation at epoch  172 ; next validation every 5 epochs
spend time： 1.6658258438110352 s
Training on 3804 samples...
Train epoch: 173 [0/3804 (0%)]	Loss: 0.008590 Loss_all: 0.041248
Train epoch: 173 [2560/3804 (67%)]	Loss: 0.003966 Loss_all: 0.035339
Train epoch: 173	Loss: 0.006416
skip validation at epoch  173 ; next validation every 5 epochs
spend time： 1.6721155643463135 s
Training on 3804 samples...
Train epoch: 174 [0/3804 (0%)]	Loss: 0.001812 Loss_all: 0.032633
Train epoch: 174 [2560/3804 (67%)]	Loss: 0.010524 Loss_all: 0.043190
Train epoch: 174	Loss: 0.010835
skip validation at epoch  174 ; next validation every 5 epochs
spend time： 1.7085177898406982 s
Training on 3804 samples...
Train epoch: 175 [0/3804 (0%)]	Loss: 0.006758 Loss_all: 0.040743
Train epoch: 175 [2560/3804 (67%)]	Loss: 0.002334 Loss_all: 0.036076
Train epoch: 175	Loss: 0.005676
0.9831901547390492 No improvement since epoch  30 ; best_AUROC, best_AUPRC, best_precision, best_recall: 0.9887124034216336 0.9816840655190259 0.9273648648648649 0.953125 Human
spend time： 2.0480172634124756 s
Training on 3804 samples...
Train epoch: 176 [0/3804 (0%)]	Loss: 0.009399 Loss_all: 0.040742
Train epoch: 176 [2560/3804 (67%)]	Loss: 0.001917 Loss_all: 0.031185
Train epoch: 176	Loss: 0.004789
skip validation at epoch  176 ; next validation every 5 epochs
spend time： 1.8431789875030518 s
Training on 3804 samples...
Train epoch: 177 [0/3804 (0%)]	Loss: 0.001857 Loss_all: 0.032235
Train epoch: 177 [2560/3804 (67%)]	Loss: 0.001525 Loss_all: 0.032790
Train epoch: 177	Loss: 0.005250
skip validation at epoch  177 ; next validation every 5 epochs
spend time： 1.6936659812927246 s
Training on 3804 samples...
Train epoch: 178 [0/3804 (0%)]	Loss: 0.001349 Loss_all: 0.032137
Train epoch: 178 [2560/3804 (67%)]	Loss: 0.005459 Loss_all: 0.035137
Train epoch: 178	Loss: 0.005040
skip validation at epoch  178 ; next validation every 5 epochs
spend time： 1.6138668060302734 s
Training on 3804 samples...
Train epoch: 179 [0/3804 (0%)]	Loss: 0.003399 Loss_all: 0.034345
Train epoch: 179 [2560/3804 (67%)]	Loss: 0.009008 Loss_all: 0.038447
Train epoch: 179	Loss: 0.004006
skip validation at epoch  179 ; next validation every 5 epochs
spend time： 1.571803331375122 s
Training on 3804 samples...
Train epoch: 180 [0/3804 (0%)]	Loss: 0.003340 Loss_all: 0.032502
Train epoch: 180 [2560/3804 (67%)]	Loss: 0.000239 Loss_all: 0.029076
Train epoch: 180	Loss: 0.006126
0.983066292721337 No improvement since epoch  30 ; best_AUROC, best_AUPRC, best_precision, best_recall: 0.9887124034216336 0.9816840655190259 0.9273648648648649 0.953125 Human
spend time： 1.8807878494262695 s
Training on 3804 samples...
Train epoch: 181 [0/3804 (0%)]	Loss: 0.001068 Loss_all: 0.029835
Train epoch: 181 [2560/3804 (67%)]	Loss: 0.006741 Loss_all: 0.036650
Train epoch: 181	Loss: 0.005192
skip validation at epoch  181 ; next validation every 5 epochs
spend time： 1.6458027362823486 s
Training on 3804 samples...
Train epoch: 182 [0/3804 (0%)]	Loss: 0.001149 Loss_all: 0.029914
Train epoch: 182 [2560/3804 (67%)]	Loss: 0.018206 Loss_all: 0.047338
Train epoch: 182	Loss: 0.005340
skip validation at epoch  182 ; next validation every 5 epochs
spend time： 1.6019411087036133 s
Training on 3804 samples...
Train epoch: 183 [0/3804 (0%)]	Loss: 0.007462 Loss_all: 0.034148
Train epoch: 183 [2560/3804 (67%)]	Loss: 0.009008 Loss_all: 0.038385
Train epoch: 183	Loss: 0.006423
skip validation at epoch  183 ; next validation every 5 epochs
spend time： 1.709460973739624 s
Training on 3804 samples...
Train epoch: 184 [0/3804 (0%)]	Loss: 0.000267 Loss_all: 0.029763
Train epoch: 184 [2560/3804 (67%)]	Loss: 0.001113 Loss_all: 0.029670
Train epoch: 184	Loss: 0.005225
skip validation at epoch  184 ; next validation every 5 epochs
spend time： 1.8474183082580566 s
Training on 3804 samples...
Train epoch: 185 [0/3804 (0%)]	Loss: 0.002762 Loss_all: 0.032114
Train epoch: 185 [2560/3804 (67%)]	Loss: 0.001258 Loss_all: 0.029534
Train epoch: 185	Loss: 0.004805
0.9839510214192817 No improvement since epoch  30 ; best_AUROC, best_AUPRC, best_precision, best_recall: 0.9887124034216336 0.9816840655190259 0.9273648648648649 0.953125 Human
spend time： 1.8741769790649414 s
Training on 3804 samples...
Train epoch: 186 [0/3804 (0%)]	Loss: 0.001626 Loss_all: 0.029789
Train epoch: 186 [2560/3804 (67%)]	Loss: 0.002158 Loss_all: 0.030629
Train epoch: 186	Loss: 0.007170
skip validation at epoch  186 ; next validation every 5 epochs
spend time： 1.5909240245819092 s
Training on 3804 samples...
Train epoch: 187 [0/3804 (0%)]	Loss: 0.017355 Loss_all: 0.046619
Train epoch: 187 [2560/3804 (67%)]	Loss: 0.003047 Loss_all: 0.031532
Train epoch: 187	Loss: 0.004828
skip validation at epoch  187 ; next validation every 5 epochs
spend time： 1.6289172172546387 s
Training on 3804 samples...
Train epoch: 188 [0/3804 (0%)]	Loss: 0.001191 Loss_all: 0.030055
Train epoch: 188 [2560/3804 (67%)]	Loss: 0.002216 Loss_all: 0.032802
Train epoch: 188	Loss: 0.005058
skip validation at epoch  188 ; next validation every 5 epochs
spend time： 1.5814015865325928 s
Training on 3804 samples...
Train epoch: 189 [0/3804 (0%)]	Loss: 0.008952 Loss_all: 0.036166
Train epoch: 189 [2560/3804 (67%)]	Loss: 0.003818 Loss_all: 0.030684
Train epoch: 189	Loss: 0.006635
skip validation at epoch  189 ; next validation every 5 epochs
spend time： 1.6193568706512451 s
Training on 3804 samples...
Train epoch: 190 [0/3804 (0%)]	Loss: 0.000400 Loss_all: 0.029375
Train epoch: 190 [2560/3804 (67%)]	Loss: 0.003896 Loss_all: 0.032525
Train epoch: 190	Loss: 0.004415
0.9844508931336206 No improvement since epoch  30 ; best_AUROC, best_AUPRC, best_precision, best_recall: 0.9887124034216336 0.9816840655190259 0.9273648648648649 0.953125 Human
spend time： 1.7993431091308594 s
Training on 3804 samples...
Train epoch: 191 [0/3804 (0%)]	Loss: 0.000991 Loss_all: 0.029300
Train epoch: 191 [2560/3804 (67%)]	Loss: 0.000728 Loss_all: 0.028365
Train epoch: 191	Loss: 0.002985
skip validation at epoch  191 ; next validation every 5 epochs
spend time： 1.549649953842163 s
Training on 3804 samples...
Train epoch: 192 [0/3804 (0%)]	Loss: 0.001634 Loss_all: 0.027640
Train epoch: 192 [2560/3804 (67%)]	Loss: 0.000465 Loss_all: 0.027221
Train epoch: 192	Loss: 0.002482
skip validation at epoch  192 ; next validation every 5 epochs
spend time： 1.7294247150421143 s
Training on 3804 samples...
Train epoch: 193 [0/3804 (0%)]	Loss: 0.000469 Loss_all: 0.027701
Train epoch: 193 [2560/3804 (67%)]	Loss: 0.001074 Loss_all: 0.028101
Train epoch: 193	Loss: 0.005160
skip validation at epoch  193 ; next validation every 5 epochs
spend time： 1.7139840126037598 s
Training on 3804 samples...
Train epoch: 194 [0/3804 (0%)]	Loss: 0.005930 Loss_all: 0.032317
Train epoch: 194 [2560/3804 (67%)]	Loss: 0.019105 Loss_all: 0.045438
Train epoch: 194	Loss: 0.005999
skip validation at epoch  194 ; next validation every 5 epochs
spend time： 1.8347749710083008 s
Training on 3804 samples...
Train epoch: 195 [0/3804 (0%)]	Loss: 0.002812 Loss_all: 0.030494
Train epoch: 195 [2560/3804 (67%)]	Loss: 0.018668 Loss_all: 0.043482
Train epoch: 195	Loss: 0.005893
0.9817745888223377 No improvement since epoch  30 ; best_AUROC, best_AUPRC, best_precision, best_recall: 0.9887124034216336 0.9816840655190259 0.9273648648648649 0.953125 Human
spend time： 2.0212085247039795 s
Training on 3804 samples...
Train epoch: 196 [0/3804 (0%)]	Loss: 0.015168 Loss_all: 0.042668
Train epoch: 196 [2560/3804 (67%)]	Loss: 0.001878 Loss_all: 0.029474
Train epoch: 196	Loss: 0.006277
skip validation at epoch  196 ; next validation every 5 epochs
spend time： 1.726494312286377 s
Training on 3804 samples...
Train epoch: 197 [0/3804 (0%)]	Loss: 0.001977 Loss_all: 0.028516
Train epoch: 197 [2560/3804 (67%)]	Loss: 0.001149 Loss_all: 0.028684
Train epoch: 197	Loss: 0.008720
skip validation at epoch  197 ; next validation every 5 epochs
spend time： 1.713444471359253 s
Training on 3804 samples...
Train epoch: 198 [0/3804 (0%)]	Loss: 0.003007 Loss_all: 0.028966
Train epoch: 198 [2560/3804 (67%)]	Loss: 0.000292 Loss_all: 0.027491
Train epoch: 198	Loss: 0.007165
skip validation at epoch  198 ; next validation every 5 epochs
spend time： 1.6796860694885254 s
Training on 3804 samples...
Train epoch: 199 [0/3804 (0%)]	Loss: 0.002052 Loss_all: 0.028387
Train epoch: 199 [2560/3804 (67%)]	Loss: 0.003529 Loss_all: 0.031591
Train epoch: 199	Loss: 0.006444
skip validation at epoch  199 ; next validation every 5 epochs
spend time： 1.7066218852996826 s
Training on 3804 samples...
Train epoch: 200 [0/3804 (0%)]	Loss: 0.005809 Loss_all: 0.033418
Train epoch: 200 [2560/3804 (67%)]	Loss: 0.002397 Loss_all: 0.028511
Train epoch: 200	Loss: 0.010599
0.9817967070397863 No improvement since epoch  30 ; best_AUROC, best_AUPRC, best_precision, best_recall: 0.9887124034216336 0.9816840655190259 0.9273648648648649 0.953125 Human
spend time： 1.954493761062622 s
Training on 3804 samples...
Train epoch: 201 [0/3804 (0%)]	Loss: 0.003240 Loss_all: 0.030714
Train epoch: 201 [2560/3804 (67%)]	Loss: 0.010447 Loss_all: 0.036922
Train epoch: 201	Loss: 0.008003
skip validation at epoch  201 ; next validation every 5 epochs
spend time： 1.72084641456604 s
Training on 3804 samples...
Train epoch: 202 [0/3804 (0%)]	Loss: 0.008194 Loss_all: 0.034914
Train epoch: 202 [2560/3804 (67%)]	Loss: 0.015884 Loss_all: 0.041564
Train epoch: 202	Loss: 0.006289
skip validation at epoch  202 ; next validation every 5 epochs
spend time： 1.8352530002593994 s
Training on 3804 samples...
Train epoch: 203 [0/3804 (0%)]	Loss: 0.009085 Loss_all: 0.035977
Train epoch: 203 [2560/3804 (67%)]	Loss: 0.005562 Loss_all: 0.031752
Train epoch: 203	Loss: 0.004032
skip validation at epoch  203 ; next validation every 5 epochs
spend time： 1.8226943016052246 s
Training on 3804 samples...
Train epoch: 204 [0/3804 (0%)]	Loss: 0.001846 Loss_all: 0.027584
Train epoch: 204 [2560/3804 (67%)]	Loss: 0.002369 Loss_all: 0.030676
Train epoch: 204	Loss: 0.007040
skip validation at epoch  204 ; next validation every 5 epochs
spend time： 1.7242176532745361 s
Training on 3804 samples...
Train epoch: 205 [0/3804 (0%)]	Loss: 0.005491 Loss_all: 0.031675
Train epoch: 205 [2560/3804 (67%)]	Loss: 0.018494 Loss_all: 0.046270
Train epoch: 205	Loss: 0.005223
0.9804629785276344 No improvement since epoch  30 ; best_AUROC, best_AUPRC, best_precision, best_recall: 0.9887124034216336 0.9816840655190259 0.9273648648648649 0.953125 Human
spend time： 1.8789899349212646 s
Training on 3804 samples...
Train epoch: 206 [0/3804 (0%)]	Loss: 0.000820 Loss_all: 0.027210
Train epoch: 206 [2560/3804 (67%)]	Loss: 0.004409 Loss_all: 0.029200
Train epoch: 206	Loss: 0.004835
skip validation at epoch  206 ; next validation every 5 epochs
spend time： 1.6331140995025635 s
Training on 3804 samples...
Train epoch: 207 [0/3804 (0%)]	Loss: 0.001333 Loss_all: 0.028618
Train epoch: 207 [2560/3804 (67%)]	Loss: 0.023276 Loss_all: 0.047881
Train epoch: 207	Loss: 0.006585
skip validation at epoch  207 ; next validation every 5 epochs
spend time： 1.6325035095214844 s
Training on 3804 samples...
Train epoch: 208 [0/3804 (0%)]	Loss: 0.006362 Loss_all: 0.034515
Train epoch: 208 [2560/3804 (67%)]	Loss: 0.001249 Loss_all: 0.025457
Train epoch: 208	Loss: 0.004862
skip validation at epoch  208 ; next validation every 5 epochs
spend time： 1.6854493618011475 s
Training on 3804 samples...
Train epoch: 209 [0/3804 (0%)]	Loss: 0.000809 Loss_all: 0.025104
Train epoch: 209 [2560/3804 (67%)]	Loss: 0.001416 Loss_all: 0.030054
Train epoch: 209	Loss: 0.003751
skip validation at epoch  209 ; next validation every 5 epochs
spend time： 1.7619397640228271 s
Training on 3804 samples...
Train epoch: 210 [0/3804 (0%)]	Loss: 0.005614 Loss_all: 0.029977
Train epoch: 210 [2560/3804 (67%)]	Loss: 0.008364 Loss_all: 0.035400
Train epoch: 210	Loss: 0.002865
0.9819448990966919 No improvement since epoch  30 ; best_AUROC, best_AUPRC, best_precision, best_recall: 0.9887124034216336 0.9816840655190259 0.9273648648648649 0.953125 Human
spend time： 2.0348153114318848 s
Training on 3804 samples...
Train epoch: 211 [0/3804 (0%)]	Loss: 0.000929 Loss_all: 0.025435
Train epoch: 211 [2560/3804 (67%)]	Loss: 0.004796 Loss_all: 0.029461
Train epoch: 211	Loss: 0.004210
skip validation at epoch  211 ; next validation every 5 epochs
spend time： 1.7133941650390625 s
Training on 3804 samples...
Train epoch: 212 [0/3804 (0%)]	Loss: 0.001002 Loss_all: 0.025518
Train epoch: 212 [2560/3804 (67%)]	Loss: 0.000820 Loss_all: 0.024568
Train epoch: 212	Loss: 0.007452
skip validation at epoch  212 ; next validation every 5 epochs
spend time： 1.7546989917755127 s
Training on 3804 samples...
Train epoch: 213 [0/3804 (0%)]	Loss: 0.000300 Loss_all: 0.023678
Train epoch: 213 [2560/3804 (67%)]	Loss: 0.002519 Loss_all: 0.028270
Train epoch: 213	Loss: 0.006203
skip validation at epoch  213 ; next validation every 5 epochs
spend time： 1.6381185054779053 s
Training on 3804 samples...
Train epoch: 214 [0/3804 (0%)]	Loss: 0.016347 Loss_all: 0.040766
Train epoch: 214 [2560/3804 (67%)]	Loss: 0.016977 Loss_all: 0.042500
Train epoch: 214	Loss: 0.009217
skip validation at epoch  214 ; next validation every 5 epochs
spend time： 1.6593458652496338 s
Training on 3804 samples...
Train epoch: 215 [0/3804 (0%)]	Loss: 0.001765 Loss_all: 0.027637
Train epoch: 215 [2560/3804 (67%)]	Loss: 0.007758 Loss_all: 0.032201
Train epoch: 215	Loss: 0.005350
0.9814383919171186 No improvement since epoch  30 ; best_AUROC, best_AUPRC, best_precision, best_recall: 0.9887124034216336 0.9816840655190259 0.9273648648648649 0.953125 Human
spend time： 1.9223697185516357 s
Training on 3804 samples...
Train epoch: 216 [0/3804 (0%)]	Loss: 0.024283 Loss_all: 0.051612
Train epoch: 216 [2560/3804 (67%)]	Loss: 0.012294 Loss_all: 0.036679
Train epoch: 216	Loss: 0.010798
skip validation at epoch  216 ; next validation every 5 epochs
spend time： 1.6676723957061768 s
Training on 3804 samples...
Train epoch: 217 [0/3804 (0%)]	Loss: 0.023752 Loss_all: 0.047912
Train epoch: 217 [2560/3804 (67%)]	Loss: 0.002434 Loss_all: 0.026810
Train epoch: 217	Loss: 0.006622
skip validation at epoch  217 ; next validation every 5 epochs
spend time： 1.6334104537963867 s
Training on 3804 samples...
Train epoch: 218 [0/3804 (0%)]	Loss: 0.012360 Loss_all: 0.036216
Train epoch: 218 [2560/3804 (67%)]	Loss: 0.004400 Loss_all: 0.029673
Train epoch: 218	Loss: 0.003506
skip validation at epoch  218 ; next validation every 5 epochs
spend time： 1.6675148010253906 s
Training on 3804 samples...
Train epoch: 219 [0/3804 (0%)]	Loss: 0.001828 Loss_all: 0.026792
Train epoch: 219 [2560/3804 (67%)]	Loss: 0.000539 Loss_all: 0.025900
Train epoch: 219	Loss: 0.003290
skip validation at epoch  219 ; next validation every 5 epochs
spend time： 1.722379446029663 s
Training on 3804 samples...
Train epoch: 220 [0/3804 (0%)]	Loss: 0.004452 Loss_all: 0.029440
Train epoch: 220 [2560/3804 (67%)]	Loss: 0.001325 Loss_all: 0.025287
Train epoch: 220	Loss: 0.001575
0.9846742871298516 No improvement since epoch  30 ; best_AUROC, best_AUPRC, best_precision, best_recall: 0.9887124034216336 0.9816840655190259 0.9273648648648649 0.953125 Human
spend time： 1.8719573020935059 s
Training on 3804 samples...
Train epoch: 221 [0/3804 (0%)]	Loss: 0.000413 Loss_all: 0.023593
Train epoch: 221 [2560/3804 (67%)]	Loss: 0.002617 Loss_all: 0.026998
Train epoch: 221	Loss: 0.005980
skip validation at epoch  221 ; next validation every 5 epochs
spend time： 1.613248348236084 s
Training on 3804 samples...
Train epoch: 222 [0/3804 (0%)]	Loss: 0.006010 Loss_all: 0.030374
Train epoch: 222 [2560/3804 (67%)]	Loss: 0.002557 Loss_all: 0.026810
Train epoch: 222	Loss: 0.004398
skip validation at epoch  222 ; next validation every 5 epochs
spend time： 1.6021134853363037 s
Training on 3804 samples...
Train epoch: 223 [0/3804 (0%)]	Loss: 0.009931 Loss_all: 0.034093
Train epoch: 223 [2560/3804 (67%)]	Loss: 0.000121 Loss_all: 0.022687
Train epoch: 223	Loss: 0.003137
skip validation at epoch  223 ; next validation every 5 epochs
spend time： 1.7447140216827393 s
Training on 3804 samples...
Train epoch: 224 [0/3804 (0%)]	Loss: 0.019147 Loss_all: 0.043907
Train epoch: 224 [2560/3804 (67%)]	Loss: 0.002967 Loss_all: 0.026104
Train epoch: 224	Loss: 0.010029
skip validation at epoch  224 ; next validation every 5 epochs
spend time： 1.7461183071136475 s
Training on 3804 samples...
Train epoch: 225 [0/3804 (0%)]	Loss: 0.000647 Loss_all: 0.022514
Train epoch: 225 [2560/3804 (67%)]	Loss: 0.005298 Loss_all: 0.029509
Train epoch: 225	Loss: 0.005357
0.9805558750409187 No improvement since epoch  30 ; best_AUROC, best_AUPRC, best_precision, best_recall: 0.9887124034216336 0.9816840655190259 0.9273648648648649 0.953125 Human
spend time： 2.0653319358825684 s
Training on 3804 samples...
Train epoch: 226 [0/3804 (0%)]	Loss: 0.028335 Loss_all: 0.052807
Train epoch: 226 [2560/3804 (67%)]	Loss: 0.000317 Loss_all: 0.026145
Train epoch: 226	Loss: 0.010903
skip validation at epoch  226 ; next validation every 5 epochs
spend time： 1.7498323917388916 s
Training on 3804 samples...
Train epoch: 227 [0/3804 (0%)]	Loss: 0.012390 Loss_all: 0.035335
Train epoch: 227 [2560/3804 (67%)]	Loss: 0.000322 Loss_all: 0.026152
Train epoch: 227	Loss: 0.010743
skip validation at epoch  227 ; next validation every 5 epochs
spend time： 1.7526276111602783 s
Training on 3804 samples...
Train epoch: 228 [0/3804 (0%)]	Loss: 0.013118 Loss_all: 0.039965
Train epoch: 228 [2560/3804 (67%)]	Loss: 0.010746 Loss_all: 0.036400
Train epoch: 228	Loss: 0.007698
skip validation at epoch  228 ; next validation every 5 epochs
spend time： 1.737722635269165 s
Training on 3804 samples...
Train epoch: 229 [0/3804 (0%)]	Loss: 0.004835 Loss_all: 0.029656
Train epoch: 229 [2560/3804 (67%)]	Loss: 0.004112 Loss_all: 0.027328
Train epoch: 229	Loss: 0.004783
skip validation at epoch  229 ; next validation every 5 epochs
spend time： 1.6913135051727295 s
Training on 3804 samples...
Train epoch: 230 [0/3804 (0%)]	Loss: 0.003327 Loss_all: 0.028633
Train epoch: 230 [2560/3804 (67%)]	Loss: 0.016950 Loss_all: 0.041210
Train epoch: 230	Loss: 0.009544
0.9812017269904185 No improvement since epoch  30 ; best_AUROC, best_AUPRC, best_precision, best_recall: 0.9887124034216336 0.9816840655190259 0.9273648648648649 0.953125 Human
spend time： 1.9311296939849854 s
Training on 3804 samples...
Train epoch: 231 [0/3804 (0%)]	Loss: 0.001323 Loss_all: 0.026402
Train epoch: 231 [2560/3804 (67%)]	Loss: 0.013959 Loss_all: 0.036203
Train epoch: 231	Loss: 0.009050
skip validation at epoch  231 ; next validation every 5 epochs
spend time： 1.6764442920684814 s
Training on 3804 samples...
Train epoch: 232 [0/3804 (0%)]	Loss: 0.001344 Loss_all: 0.022959
Train epoch: 232 [2560/3804 (67%)]	Loss: 0.008207 Loss_all: 0.031669
Train epoch: 232	Loss: 0.005684
skip validation at epoch  232 ; next validation every 5 epochs
spend time： 1.7439887523651123 s
Training on 3804 samples...
Train epoch: 233 [0/3804 (0%)]	Loss: 0.002869 Loss_all: 0.027973
Train epoch: 233 [2560/3804 (67%)]	Loss: 0.000152 Loss_all: 0.022535
Train epoch: 233	Loss: 0.009388
skip validation at epoch  233 ; next validation every 5 epochs
spend time： 1.6546571254730225 s
Training on 3804 samples...
Train epoch: 234 [0/3804 (0%)]	Loss: 0.002037 Loss_all: 0.023907
Train epoch: 234 [2560/3804 (67%)]	Loss: 0.005331 Loss_all: 0.029753
Train epoch: 234	Loss: 0.005026
skip validation at epoch  234 ; next validation every 5 epochs
spend time： 1.729579210281372 s
Training on 3804 samples...
Train epoch: 235 [0/3804 (0%)]	Loss: 0.007923 Loss_all: 0.032931
Train epoch: 235 [2560/3804 (67%)]	Loss: 0.002582 Loss_all: 0.027166
Train epoch: 235	Loss: 0.005819
0.9836369427315113 No improvement since epoch  30 ; best_AUROC, best_AUPRC, best_precision, best_recall: 0.9887124034216336 0.9816840655190259 0.9273648648648649 0.953125 Human
spend time： 1.9303834438323975 s
Training on 3804 samples...
Train epoch: 236 [0/3804 (0%)]	Loss: 0.001778 Loss_all: 0.025439
Train epoch: 236 [2560/3804 (67%)]	Loss: 0.024918 Loss_all: 0.047628
Train epoch: 236	Loss: 0.005712
skip validation at epoch  236 ; next validation every 5 epochs
spend time： 1.685788869857788 s
Training on 3804 samples...
Train epoch: 237 [0/3804 (0%)]	Loss: 0.000726 Loss_all: 0.023891
Train epoch: 237 [2560/3804 (67%)]	Loss: 0.001592 Loss_all: 0.023404
Train epoch: 237	Loss: 0.004839
skip validation at epoch  237 ; next validation every 5 epochs
spend time： 1.697763204574585 s
Training on 3804 samples...
Train epoch: 238 [0/3804 (0%)]	Loss: 0.000451 Loss_all: 0.022487
Train epoch: 238 [2560/3804 (67%)]	Loss: 0.011268 Loss_all: 0.032796
Train epoch: 238	Loss: 0.005754
skip validation at epoch  238 ; next validation every 5 epochs
spend time： 1.6493313312530518 s
Training on 3804 samples...
Train epoch: 239 [0/3804 (0%)]	Loss: 0.002730 Loss_all: 0.026632
Train epoch: 239 [2560/3804 (67%)]	Loss: 0.002313 Loss_all: 0.025065
Train epoch: 239	Loss: 0.003725
skip validation at epoch  239 ; next validation every 5 epochs
spend time： 1.6452147960662842 s
Training on 3804 samples...
Train epoch: 240 [0/3804 (0%)]	Loss: 0.000928 Loss_all: 0.022633
Train epoch: 240 [2560/3804 (67%)]	Loss: 0.015375 Loss_all: 0.037317
Train epoch: 240	Loss: 0.007165
0.9808655300851994 No improvement since epoch  30 ; best_AUROC, best_AUPRC, best_precision, best_recall: 0.9887124034216336 0.9816840655190259 0.9273648648648649 0.953125 Human
spend time： 1.88338041305542 s
Training on 3804 samples...
Train epoch: 241 [0/3804 (0%)]	Loss: 0.001855 Loss_all: 0.024067
Train epoch: 241 [2560/3804 (67%)]	Loss: 0.001777 Loss_all: 0.022767
Train epoch: 241	Loss: 0.004211
skip validation at epoch  241 ; next validation every 5 epochs
spend time： 1.6719727516174316 s
Training on 3804 samples...
Train epoch: 242 [0/3804 (0%)]	Loss: 0.003995 Loss_all: 0.026519
Train epoch: 242 [2560/3804 (67%)]	Loss: 0.001038 Loss_all: 0.021808
Train epoch: 242	Loss: 0.003834
skip validation at epoch  242 ; next validation every 5 epochs
spend time： 1.6449613571166992 s
Training on 3804 samples...
Train epoch: 243 [0/3804 (0%)]	Loss: 0.000549 Loss_all: 0.020936
Train epoch: 243 [2560/3804 (67%)]	Loss: 0.003624 Loss_all: 0.024998
Train epoch: 243	Loss: 0.002872
skip validation at epoch  243 ; next validation every 5 epochs
spend time： 1.6937549114227295 s
Training on 3804 samples...
Train epoch: 244 [0/3804 (0%)]	Loss: 0.001727 Loss_all: 0.024290
Train epoch: 244 [2560/3804 (67%)]	Loss: 0.011060 Loss_all: 0.032501
Train epoch: 244	Loss: 0.003929
skip validation at epoch  244 ; next validation every 5 epochs
spend time： 1.6530959606170654 s
Training on 3804 samples...
Train epoch: 245 [0/3804 (0%)]	Loss: 0.001634 Loss_all: 0.021939
Train epoch: 245 [2560/3804 (67%)]	Loss: 0.000333 Loss_all: 0.021749
Train epoch: 245	Loss: 0.004885
0.982747790390077 No improvement since epoch  30 ; best_AUROC, best_AUPRC, best_precision, best_recall: 0.9887124034216336 0.9816840655190259 0.9273648648648649 0.953125 Human
spend time： 1.916825294494629 s
Training on 3804 samples...
Train epoch: 246 [0/3804 (0%)]	Loss: 0.001604 Loss_all: 0.023621
Train epoch: 246 [2560/3804 (67%)]	Loss: 0.000389 Loss_all: 0.022378
Train epoch: 246	Loss: 0.016579
skip validation at epoch  246 ; next validation every 5 epochs
spend time： 1.6217973232269287 s
Training on 3804 samples...
Train epoch: 247 [0/3804 (0%)]	Loss: 0.010289 Loss_all: 0.031604
Train epoch: 247 [2560/3804 (67%)]	Loss: 0.064005 Loss_all: 0.087159
Train epoch: 247	Loss: 0.043461
skip validation at epoch  247 ; next validation every 5 epochs
spend time： 1.5545587539672852 s
Training on 3804 samples...
Train epoch: 248 [0/3804 (0%)]	Loss: 0.002443 Loss_all: 0.026446
Train epoch: 248 [2560/3804 (67%)]	Loss: 0.002120 Loss_all: 0.025554
Train epoch: 248	Loss: 0.016244
skip validation at epoch  248 ; next validation every 5 epochs
spend time： 1.6594107151031494 s
Training on 3804 samples...
Train epoch: 249 [0/3804 (0%)]	Loss: 0.002019 Loss_all: 0.024827
Train epoch: 249 [2560/3804 (67%)]	Loss: 0.012479 Loss_all: 0.034645
Train epoch: 249	Loss: 0.014194
skip validation at epoch  249 ; next validation every 5 epochs
spend time： 1.6262502670288086 s
Training on 3804 samples...
Train epoch: 250 [0/3804 (0%)]	Loss: 0.012358 Loss_all: 0.033987
Train epoch: 250 [2560/3804 (67%)]	Loss: 0.020672 Loss_all: 0.041960
Train epoch: 250	Loss: 0.009846
0.9804519194189102 No improvement since epoch  30 ; best_AUROC, best_AUPRC, best_precision, best_recall: 0.9887124034216336 0.9816840655190259 0.9273648648648649 0.953125 Human
spend time： 1.8142306804656982 s
Training on 3804 samples...
Train epoch: 251 [0/3804 (0%)]	Loss: 0.002505 Loss_all: 0.025305
Train epoch: 251 [2560/3804 (67%)]	Loss: 0.005238 Loss_all: 0.025795
Train epoch: 251	Loss: 0.009051
skip validation at epoch  251 ; next validation every 5 epochs
spend time： 1.6255874633789062 s
Training on 3804 samples...
Train epoch: 252 [0/3804 (0%)]	Loss: 0.001716 Loss_all: 0.022973
Train epoch: 252 [2560/3804 (67%)]	Loss: 0.000808 Loss_all: 0.023135
Train epoch: 252	Loss: 0.004647
skip validation at epoch  252 ; next validation every 5 epochs
spend time： 1.594886302947998 s
Training on 3804 samples...
Train epoch: 253 [0/3804 (0%)]	Loss: 0.003589 Loss_all: 0.024372
Train epoch: 253 [2560/3804 (67%)]	Loss: 0.000625 Loss_all: 0.022514
Train epoch: 253	Loss: 0.006722
skip validation at epoch  253 ; next validation every 5 epochs
spend time： 1.7871918678283691 s
Training on 3804 samples...
Train epoch: 254 [0/3804 (0%)]	Loss: 0.001376 Loss_all: 0.023122
Train epoch: 254 [2560/3804 (67%)]	Loss: 0.000370 Loss_all: 0.022840
Train epoch: 254	Loss: 0.002977
skip validation at epoch  254 ; next validation every 5 epochs
spend time： 1.7380149364471436 s
Training on 3804 samples...
Train epoch: 255 [0/3804 (0%)]	Loss: 0.001080 Loss_all: 0.022326
Train epoch: 255 [2560/3804 (67%)]	Loss: 0.005259 Loss_all: 0.027896
Train epoch: 255	Loss: 0.003190
0.9819825000663547 No improvement since epoch  30 ; best_AUROC, best_AUPRC, best_precision, best_recall: 0.9887124034216336 0.9816840655190259 0.9273648648648649 0.953125 Human
spend time： 2.00362229347229 s
Training on 3804 samples...
Train epoch: 256 [0/3804 (0%)]	Loss: 0.000640 Loss_all: 0.022074
Train epoch: 256 [2560/3804 (67%)]	Loss: 0.000470 Loss_all: 0.025319
Train epoch: 256	Loss: 0.005606
skip validation at epoch  256 ; next validation every 5 epochs
spend time： 1.6516914367675781 s
Training on 3804 samples...
Train epoch: 257 [0/3804 (0%)]	Loss: 0.003960 Loss_all: 0.026121
Train epoch: 257 [2560/3804 (67%)]	Loss: 0.000352 Loss_all: 0.022760
Train epoch: 257	Loss: 0.002982
skip validation at epoch  257 ; next validation every 5 epochs
spend time： 1.7178101539611816 s
Training on 3804 samples...
Train epoch: 258 [0/3804 (0%)]	Loss: 0.000271 Loss_all: 0.022774
Train epoch: 258 [2560/3804 (67%)]	Loss: 0.001672 Loss_all: 0.023970
Train epoch: 258	Loss: 0.004889
skip validation at epoch  258 ; next validation every 5 epochs
spend time： 1.684018850326538 s
Training on 3804 samples...
Train epoch: 259 [0/3804 (0%)]	Loss: 0.014995 Loss_all: 0.037021
Train epoch: 259 [2560/3804 (67%)]	Loss: 0.000210 Loss_all: 0.021907
Train epoch: 259	Loss: 0.005818
skip validation at epoch  259 ; next validation every 5 epochs
spend time： 1.5812058448791504 s
Training on 3804 samples...
Train epoch: 260 [0/3804 (0%)]	Loss: 0.005333 Loss_all: 0.026819
Train epoch: 260 [2560/3804 (67%)]	Loss: 0.001859 Loss_all: 0.024034
Train epoch: 260	Loss: 0.004955
0.9787001565969795 No improvement since epoch  30 ; best_AUROC, best_AUPRC, best_precision, best_recall: 0.9887124034216336 0.9816840655190259 0.9273648648648649 /root/HAG-DTA/py38_env/lib/python3.8/site-packages/torch_geometric/deprecation.py:26: UserWarning: 'data.DenseDataLoader' is deprecated, use 'loader.DenseDataLoader' instead
  warnings.warn(out)
0.953125 Human
spend time： 1.8480114936828613 s
Training on 3804 samples...
Train epoch: 261 [0/3804 (0%)]	Loss: 0.000336 Loss_all: 0.019935
Train epoch: 261 [2560/3804 (67%)]	Loss: 0.003611 Loss_all: 0.024665
Train epoch: 261	Loss: 0.004996
skip validation at epoch  261 ; next validation every 5 epochs
spend time： 1.5541651248931885 s
Training on 3804 samples...
Train epoch: 262 [0/3804 (0%)]	Loss: 0.000391 Loss_all: 0.021796
Train epoch: 262 [2560/3804 (67%)]	Loss: 0.021379 Loss_all: 0.044374
Train epoch: 262	Loss: 0.011180
skip validation at epoch  262 ; next validation every 5 epochs
spend time： 1.5787923336029053 s
Training on 3804 samples...
Train epoch: 263 [0/3804 (0%)]	Loss: 0.010621 Loss_all: 0.033461
Train epoch: 263 [2560/3804 (67%)]	Loss: 0.003023 Loss_all: 0.024559
Train epoch: 263	Loss: 0.007548
skip validation at epoch  263 ; next validation every 5 epochs
spend time： 1.6739211082458496 s
Training on 3804 samples...
Train epoch: 264 [0/3804 (0%)]	Loss: 0.002101 Loss_all: 0.021926
Train epoch: 264 [2560/3804 (67%)]	Loss: 0.007193 Loss_all: 0.028245
Train epoch: 264	Loss: 0.008016
skip validation at epoch  264 ; next validation every 5 epochs
spend time： 1.6595227718353271 s
Training on 3804 samples...
Train epoch: 265 [0/3804 (0%)]	Loss: 0.001001 Loss_all: 0.021984
Train epoch: 265 [2560/3804 (67%)]	Loss: 0.005625 Loss_all: 0.028407
Train epoch: 265	Loss: 0.002128
0.9774394182024082 No improvement since epoch  30 ; best_AUROC, best_AUPRC, best_precision, best_recall: 0.9887124034216336 0.9816840655190259 0.9273648648648649 0.953125 Human
spend time： 1.8586530685424805 s
Training on 3804 samples...
Train epoch: 266 [0/3804 (0%)]	Loss: 0.000331 Loss_all: 0.019680
Train epoch: 266 [2560/3804 (67%)]	Loss: 0.001710 Loss_all: 0.021191
Train epoch: 266	Loss: 0.002140
skip validation at epoch  266 ; next validation every 5 epochs
spend time： 1.618309736251831 s
Training on 3804 samples...
Train epoch: 267 [0/3804 (0%)]	Loss: 0.005127 Loss_all: 0.026922
Train epoch: 267 [2560/3804 (67%)]	Loss: 0.001631 Loss_all: 0.022546
Train epoch: 267	Loss: 0.002143
skip validation at epoch  267 ; next validation every 5 epochs
spend time： 1.6260738372802734 s
Training on 3804 samples...
Train epoch: 268 [0/3804 (0%)]	Loss: 0.001019 Loss_all: 0.023941
Train epoch: 268 [2560/3804 (67%)]	Loss: 0.000329 Loss_all: 0.021347
Train epoch: 268	Loss: 0.001925
skip validation at epoch  268 ; next validation every 5 epochs
spend time： 1.6115963459014893 s
Training on 3804 samples...
Train epoch: 269 [0/3804 (0%)]	Loss: 0.000470 Loss_all: 0.019870
Train epoch: 269 [2560/3804 (67%)]	Loss: 0.000531 Loss_all: 0.022199
Train epoch: 269	Loss: 0.002291
skip validation at epoch  269 ; next validation every 5 epochs
spend time： 1.5651211738586426 s
Training on 3804 samples...
Train epoch: 270 [0/3804 (0%)]	Loss: 0.001871 Loss_all: 0.024623
Train epoch: 270 [2560/3804 (67%)]	Loss: 0.000502 Loss_all: 0.019716
Train epoch: 270	Loss: 0.005242
0.9791093436197789 No improvement since epoch  30 ; best_AUROC, best_AUPRC, best_precision, best_recall: 0.9887124034216336 0.9816840655190259 0.9273648648648649 0.953125 Human
spend time： 1.8777978420257568 s
Training on 3804 samples...
Train epoch: 271 [0/3804 (0%)]	Loss: 0.002704 Loss_all: 0.023036
Train epoch: 271 [2560/3804 (67%)]	Loss: 0.000542 Loss_all: 0.021762
Train epoch: 271	Loss: 0.005209
skip validation at epoch  271 ; next validation every 5 epochs
spend time： 1.6641268730163574 s
Training on 3804 samples...
Train epoch: 272 [0/3804 (0%)]	Loss: 0.002761 Loss_all: 0.025039
Train epoch: 272 [2560/3804 (67%)]	Loss: 0.000234 Loss_all: 0.023188
Train epoch: 272	Loss: 0.001834
skip validation at epoch  272 ; next validation every 5 epochs
spend time： 1.5858776569366455 s
Training on 3804 samples...
Train epoch: 273 [0/3804 (0%)]	Loss: 0.000261 Loss_all: 0.022804
Train epoch: 273 [2560/3804 (67%)]	Loss: 0.017706 Loss_all: 0.039248
Train epoch: 273	Loss: 0.003669
skip validation at epoch  273 ; next validation every 5 epochs
spend time： 1.620894193649292 s
Training on 3804 samples...
Train epoch: 274 [0/3804 (0%)]	Loss: 0.012382 Loss_all: 0.032241
Train epoch: 274 [2560/3804 (67%)]	Loss: 0.007890 Loss_all: 0.027695
Train epoch: 274	Loss: 0.005829
skip validation at epoch  274 ; next validation every 5 epochs
spend time： 1.652416706085205 s
Training on 3804 samples...
Train epoch: 275 [0/3804 (0%)]	Loss: 0.002186 Loss_all: 0.023505
Train epoch: 275 [2560/3804 (67%)]	Loss: 0.002092 Loss_all: 0.023722
Train epoch: 275	Loss: 0.004653
0.9773553689761035 No improvement since epoch  30 ; best_AUROC, best_AUPRC, best_precision, best_recall: 0.9887124034216336 0.9816840655190259 0.9273648648648649 0.953125 Human
spend time： 1.8850994110107422 s
Training on 3804 samples...
Train epoch: 276 [0/3804 (0%)]	Loss: 0.008512 Loss_all: 0.028267
Train epoch: 276 [2560/3804 (67%)]	Loss: 0.001201 Loss_all: 0.020009
Train epoch: 276	Loss: 0.002733
skip validation at epoch  276 ; next validation every 5 epochs
spend time： 1.5807912349700928 s
Training on 3804 samples...
Train epoch: 277 [0/3804 (0%)]	Loss: 0.001332 Loss_all: 0.023672
Train epoch: 277 [2560/3804 (67%)]	Loss: 0.007203 Loss_all: 0.028416
Train epoch: 277	Loss: 0.005968
skip validation at epoch  277 ; next validation every 5 epochs
spend time： 1.6098804473876953 s
Training on 3804 samples...
Train epoch: 278 [0/3804 (0%)]	Loss: 0.000751 Loss_all: 0.022368
Train epoch: 278 [2560/3804 (67%)]	Loss: 0.005084 Loss_all: 0.027291
Train epoch: 278	Loss: 0.002678
skip validation at epoch  278 ; next validation every 5 epochs
spend time： 1.5992193222045898 s
Training on 3804 samples...
Train epoch: 279 [0/3804 (0%)]	Loss: 0.016704 Loss_all: 0.038440
Train epoch: 279 [2560/3804 (67%)]	Loss: 0.005518 Loss_all: 0.028722
Train epoch: 279	Loss: 0.004665
skip validation at epoch  279 ; next validation every 5 epochs
spend time： 1.6050944328308105 s
Training on 3804 samples...
Train epoch: 280 [0/3804 (0%)]	Loss: 0.000580 Loss_all: 0.020660
Train epoch: 280 [2560/3804 (67%)]	Loss: 0.000986 Loss_all: 0.022000
Train epoch: 280	Loss: 0.001987
0.9785541763618185 No improvement since epoch  30 ; best_AUROC, best_AUPRC, best_precision, best_recall: 0.9887124034216336 0.9816840655190259 0.9273648648648649 0.953125 Human
spend time： 1.8538823127746582 s
early stopping at epoch  280  due to no validation improvement.
