Diff_DTA_GIN
fold_id: 0
Learning rate:  0.0005
Epochs:  1000
Validation interval:  1
Early stop patience:  50

running on  Human
Pre-processed data found: /root/autodl-tmp/HAG-DTA-cache/processed/Human_fold0_train.pt, loading ...
Pre-processed data found: /root/autodl-tmp/HAG-DTA-cache/processed/Human_fold0_val.pt, loading ...
Pre-processed data found: /root/autodl-tmp/HAG-DTA-cache/processed/Human_fold0_test.pt, loading ...
Training on 3804 samples...
Train epoch: 1 [0/3804 (0%)]	Loss: 0.701598 Loss_all: 0.749161
Train epoch: 1 [2560/3804 (67%)]	Loss: 0.538185 Loss_all: 0.590435
Train epoch: 1	Loss: 0.563577
val AUROC improved at epoch  1 ; best_AUROC, best_AUPRC, best_precision, best_recall: 0.8779577124724061 0.882650663485393 0.6256983240223464 0.9722222222222222 Human
spend time： 5.485075235366821 s
Training on 3804 samples...
Train epoch: 2 [0/3804 (0%)]	Loss: 0.468093 Loss_all: 0.519466
Train epoch: 2 [2560/3804 (67%)]	Loss: 0.351459 Loss_all: 0.396380
Train epoch: 2	Loss: 0.416074
val AUROC improved at epoch  2 ; best_AUROC, best_AUPRC, best_precision, best_recall: 0.9285090139808683 0.9319222468099009 0.9228915662650602 0.6649305555555556 Human
spend time： 3.653010845184326 s
Training on 3804 samples...
Train epoch: 3 [0/3804 (0%)]	Loss: 0.326701 Loss_all: 0.368196
Train epoch: 3 [2560/3804 (67%)]	Loss: 0.313391 Loss_all: 0.355187
Train epoch: 3	Loss: 0.334441
val AUROC improved at epoch  3 ; best_AUROC, best_AUPRC, best_precision, best_recall: 0.9529697847682118 0.9559294711484083 0.8583196046128501 0.9045138888888888 Human
spend time： 4.3651347160339355 s
Training on 3804 samples...
Train epoch: 4 [0/3804 (0%)]	Loss: 0.267003 Loss_all: 0.308201
Train epoch: 4 [2560/3804 (67%)]	Loss: 0.258864 Loss_all: 0.298457
Train epoch: 4	Loss: 0.272018
val AUROC improved at epoch  4 ; best_AUROC, best_AUPRC, best_precision, best_recall: 0.9676347498160413 0.9692487125143189 0.9665970772442589 0.8038194444444444 Human
spend time： 4.172336578369141 s
Training on 3804 samples...
Train epoch: 5 [0/3804 (0%)]	Loss: 0.248502 Loss_all: 0.289580
Train epoch: 5 [2560/3804 (67%)]	Loss: 0.202885 Loss_all: 0.242766
Train epoch: 5	Loss: 0.237278
val AUROC improved at epoch  5 ; best_AUROC, best_AUPRC, best_precision, best_recall: 0.963007036423841 0.9657601136728109 0.9919354838709677 0.640625 Human
spend time： 4.376973390579224 s
Training on 3804 samples...
Train epoch: 6 [0/3804 (0%)]	Loss: 0.188485 Loss_all: 0.230856
Train epoch: 6 [2560/3804 (67%)]	Loss: 0.200745 Loss_all: 0.239326
Train epoch: 6	Loss: 0.208463
val AUROC improved at epoch  6 ; best_AUROC, best_AUPRC, best_precision, best_recall: 0.9786607799852832 0.9800706920000806 0.8338278931750742 0.9756944444444444 Human
spend time： 4.372540235519409 s
Training on 3804 samples...
Train epoch: 7 [0/3804 (0%)]	Loss: 0.154312 Loss_all: 0.194408
Train epoch: 7 [2560/3804 (67%)]	Loss: 0.179880 Loss_all: 0.224479
Train epoch: 7	Loss: 0.175991
val AUROC improved at epoch  7 ; best_AUROC, best_AUPRC, best_precision, best_recall: 0.9777352373068433 0.9786430649072598 0.9562737642585551 0.8732638888888888 Human
spend time： 4.190213203430176 s
Training on 3804 samples...
Train epoch: 8 [0/3804 (0%)]	Loss: 0.148212 Loss_all: 0.190097
Train epoch: 8 [2560/3804 (67%)]	Loss: 0.159674 Loss_all: 0.202769
Train epoch: 8	Loss: 0.140591
val AUROC improved at epoch  8 ; best_AUROC, best_AUPRC, best_precision, best_recall: 0.9802905399190582 0.9814617701891463 0.9459459459459459 0.9114583333333334 Human
spend time： 3.6020164489746094 s
Training on 3804 samples...
Train epoch: 9 [0/3804 (0%)]	Loss: 0.116754 Loss_all: 0.157546
Train epoch: 9 [2560/3804 (67%)]	Loss: 0.121889 Loss_all: 0.161096
Train epoch: 9	Loss: 0.129674
val AUROC improved at epoch  9 ; best_AUROC, best_AUPRC, best_precision, best_recall: 0.9830872884473877 0.9844472197664041 0.9591836734693877 0.8975694444444444 Human
spend time： 3.903677225112915 s
Training on 3804 samples...
Train epoch: 10 [0/3804 (0%)]	Loss: 0.147579 Loss_all: 0.185849
Train epoch: 10 [2560/3804 (67%)]	Loss: 0.149362 Loss_all: 0.189458
Train epoch: 10	Loss: 0.139240
val AUROC improved at epoch  10 ; best_AUROC, best_AUPRC, best_precision, best_recall: 0.9796409354304636 0.9807274659865649 0.9451553930530164 0.8975694444444444 Human
spend time： 4.5195841789245605 s
Training on 3804 samples...
Train epoch: 11 [0/3804 (0%)]	Loss: 0.120217 Loss_all: 0.160301
Train epoch: 11 [2560/3804 (67%)]	Loss: 0.085083 Loss_all: 0.121319
Train epoch: 11	Loss: 0.122982
val AUROC improved at epoch  11 ; best_AUROC, best_AUPRC, best_precision, best_recall: 0.9823888199043413 0.9835268928371804 0.9453262786596119 0.9305555555555556 Human
spend time： 4.0501708984375 s
Training on 3804 samples...
Train epoch: 12 [0/3804 (0%)]	Loss: 0.134690 Loss_all: 0.172952
Train epoch: 12 [2560/3804 (67%)]	Loss: 0.129184 Loss_all: 0.165572
Train epoch: 12	Loss: 0.116094
val AUROC improved at epoch  12 ; best_AUROC, best_AUPRC, best_precision, best_recall: 0.9863611800956585 0.9873411948492401 0.9141914191419142 0.9618055555555556 Human
spend time： 4.881864547729492 s
Training on 3804 samples...
Train epoch: 13 [0/3804 (0%)]	Loss: 0.103801 Loss_all: 0.139908
Train epoch: 13 [2560/3804 (67%)]	Loss: 0.079917 Loss_all: 0.119512
Train epoch: 13	Loss: 0.104926
0.9788328659016713 No improvement since epoch  12 ; best_AUROC, best_AUPRC, best_precision, best_recall: 0.9863611800956585 0.9873411948492401 0.9141914191419142 0.9618055555555556 Human
spend time： 3.752941608428955 s
Training on 3804 samples...
Train epoch: 14 [0/3804 (0%)]	Loss: 0.084589 Loss_all: 0.124621
Train epoch: 14 [2560/3804 (67%)]	Loss: 0.121510 Loss_all: 0.159012
Train epoch: 14	Loss: 0.100282
0.9785630236487982 No improvement since epoch  12 ; best_AUROC, best_AUPRC, best_precision, best_recall: 0.9863611800956585 0.9873411948492401 0.9141914191419142 0.9618055555555556 Human
spend time： 3.9601426124572754 s
Training on 3804 samples...
Train epoch: 15 [0/3804 (0%)]	Loss: 0.089789 Loss_all: 0.128099
Train epoch: 15 [2560/3804 (67%)]	Loss: 0.129268 Loss_all: 0.168892
Train epoch: 15	Loss: 0.107344
val AUROC improved at epoch  15 ; best_AUROC, best_AUPRC, best_precision, best_recall: 0.9865307671081678 0.9867419127415981 0.9289340101522843 0.953125 Human
spend time： 3.291858434677124 s
Training on 3804 samples...
Train epoch: 16 [0/3804 (0%)]	Loss: 0.098820 Loss_all: 0.138085
Train epoch: 16 [2560/3804 (67%)]	Loss: 0.173658 Loss_all: 0.210881
Train epoch: 16	Loss: 0.112363
0.9809252492723107 No improvement since epoch  15 ; best_AUROC, best_AUPRC, best_precision, best_recall: 0.9865307671081678 0.9867419127415981 0.9289340101522843 0.953125 Human
spend time： 3.0509681701660156 s
Training on 3804 samples...
Train epoch: 17 [0/3804 (0%)]	Loss: 0.087090 Loss_all: 0.125171
Train epoch: 17 [2560/3804 (67%)]	Loss: 0.103080 Loss_all: 0.139539
Train epoch: 17	Loss: 0.082591
0.9809739093506976 No improvement since epoch  15 ; best_AUROC, best_AUPRC, best_precision, best_recall: 0.9865307671081678 0.9867419127415981 0.9289340101522843 0.953125 Human
spend time： 3.9398043155670166 s
Training on 3804 samples...
Train epoch: 18 [0/3804 (0%)]	Loss: 0.059566 Loss_all: 0.095713
Train epoch: 18 [2560/3804 (67%)]	Loss: 0.051494 Loss_all: 0.089711
Train epoch: 18	Loss: 0.071131
0.979443328703253 No improvement since epoch  15 ; best_AUROC, best_AUPRC, best_precision, best_recall: 0.9865307671081678 0.9867419127415981 0.9289340101522843 0.953125 Human
spend time： 3.5980849266052246 s
Training on 3804 samples...
Train epoch: 19 [0/3804 (0%)]	Loss: 0.069030 Loss_all: 0.103373
Train epoch: 19 [2560/3804 (67%)]	Loss: 0.100816 Loss_all: 0.138027
Train epoch: 19	Loss: 0.080373
val AUROC improved at epoch  19 ; best_AUROC, best_AUPRC, best_precision, best_recall: 0.9842456539735099 0.9816373558053935 0.9412780656303973 0.9461805555555556 Human
spend time： 5.069316387176514 s
Training on 3804 samples...
Train epoch: 20 [0/3804 (0%)]	Loss: 0.080051 Loss_all: 0.117075
Train epoch: 20 [2560/3804 (67%)]	Loss: 0.059677 Loss_all: 0.097655
Train epoch: 20	Loss: 0.073799
0.9823408151890222 No improvement since epoch  19 ; best_AUROC, best_AUPRC, best_precision, best_recall: 0.9842456539735099 0.9816373558053935 0.9412780656303973 0.9461805555555556 Human
spend time： 3.789778709411621 s
Training on 3804 samples...
Train epoch: 21 [0/3804 (0%)]	Loss: 0.045725 Loss_all: 0.080829
Train epoch: 21 [2560/3804 (67%)]	Loss: 0.045354 Loss_all: 0.084243
Train epoch: 21	Loss: 0.066862
0.9770235957143741 No improvement since epoch  19 ; best_AUROC, best_AUPRC, best_precision, best_recall: 0.9842456539735099 0.9816373558053935 0.9412780656303973 0.9461805555555556 Human
spend time： 3.784647226333618 s
Training on 3804 samples...
Train epoch: 22 [0/3804 (0%)]	Loss: 0.033337 Loss_all: 0.070959
Train epoch: 22 [2560/3804 (67%)]	Loss: 0.068021 Loss_all: 0.103436
Train epoch: 22	Loss: 0.073092
0.9787974767537535 No improvement since epoch  19 ; best_AUROC, best_AUPRC, best_precision, best_recall: 0.9842456539735099 0.9816373558053935 0.9412780656303973 0.9461805555555556 Human
spend time： 3.010395050048828 s
Training on 3804 samples...
Train epoch: 23 [0/3804 (0%)]	Loss: 0.086110 Loss_all: 0.124314
Train epoch: 23 [2560/3804 (67%)]	Loss: 0.109564 Loss_all: 0.144908
Train epoch: 23	Loss: 0.071275
0.978709003883959 No improvement since epoch  19 ; best_AUROC, best_AUPRC, best_precision, best_recall: 0.9842456539735099 0.9816373558053935 0.9412780656303973 0.9461805555555556 Human
spend time： 2.6054399013519287 s
Training on 3804 samples...
Train epoch: 24 [0/3804 (0%)]	Loss: 0.080264 Loss_all: 0.118536
Train epoch: 24 [2560/3804 (67%)]	Loss: 0.084354 Loss_all: 0.119587
Train epoch: 24	Loss: 0.076054
0.9804076829840129 No improvement since epoch  19 ; best_AUROC, best_AUPRC, best_precision, best_recall: 0.9842456539735099 0.9816373558053935 0.9412780656303973 0.9461805555555556 Human
spend time： 3.8130288124084473 s
Training on 3804 samples...
Train epoch: 25 [0/3804 (0%)]	Loss: 0.070960 Loss_all: 0.106495
Train epoch: 25 [2560/3804 (67%)]	Loss: 0.101771 Loss_all: 0.141971
Train epoch: 25	Loss: 0.068830
0.9800360969308761 No improvement since epoch  19 ; best_AUROC, best_AUPRC, best_precision, best_recall: 0.9842456539735099 0.9816373558053935 0.9412780656303973 0.9461805555555556 Human
spend time： 3.6347882747650146 s
Training on 3804 samples...
Train epoch: 26 [0/3804 (0%)]	Loss: 0.036347 Loss_all: 0.074438
Train epoch: 26 [2560/3804 (67%)]	Loss: 0.110933 Loss_all: 0.149990
Train epoch: 26	Loss: 0.073917
0.9780543046474799 No improvement since epoch  19 ; best_AUROC, best_AUPRC, best_precision, best_recall: 0.9842456539735099 0.9816373558053935 0.9412780656303973 0.9461805555555556 Human
spend time： 4.272181510925293 s
Training on 3804 samples...
Train epoch: 27 [0/3804 (0%)]	Loss: 0.071549 Loss_all: 0.109426
Train epoch: 27 [2560/3804 (67%)]	Loss: 0.045008 Loss_all: 0.085996
Train epoch: 27	Loss: 0.063860
0.9800316732873864 No improvement since epoch  19 ; best_AUROC, best_AUPRC, best_precision, best_recall: 0.9842456539735099 0.9816373558053935 0.9412780656303973 0.9461805555555556 Human
spend time： 3.8395884037017822 s
Training on 3804 samples...
Train epoch: 28 [0/3804 (0%)]	Loss: 0.042636 Loss_all: 0.083005
Train epoch: 28 [2560/3804 (67%)]	Loss: 0.033060 Loss_all: 0.069429
Train epoch: 28	Loss: 0.043271
0.980359022905626 No improvement since epoch  19 ; best_AUROC, best_AUPRC, best_precision, best_recall: 0.9842456539735099 0.9816373558053935 0.9412780656303973 0.9461805555555556 Human
spend time： 4.034144163131714 s
Training on 3804 samples...
Train epoch: 29 [0/3804 (0%)]	Loss: 0.043325 Loss_all: 0.082362
Train epoch: 29 [2560/3804 (67%)]	Loss: 0.071014 Loss_all: 0.110240
Train epoch: 29	Loss: 0.049182
0.9809783329941872 No improvement since epoch  19 ; best_AUROC, best_AUPRC, best_precision, best_recall: 0.9842456539735099 0.9816373558053935 0.9412780656303973 0.9461805555555556 Human
spend time： 3.3903472423553467 s
Training on 3804 samples...
Train epoch: 30 [0/3804 (0%)]	Loss: 0.035437 Loss_all: 0.074429
Train epoch: 30 [2560/3804 (67%)]	Loss: 0.027371 Loss_all: 0.066601
Train epoch: 30	Loss: 0.054392
0.9787045802404692 No improvement since epoch  19 ; best_AUROC, best_AUPRC, best_precision, best_recall: 0.9842456539735099 0.9816373558053935 0.9412780656303973 0.9461805555555556 Human
spend time： 2.9052975177764893 s
Training on 3804 samples...
Train epoch: 31 [0/3804 (0%)]	Loss: 0.044159 Loss_all: 0.086624
Train epoch: 31 [2560/3804 (67%)]	Loss: 0.062705 Loss_all: 0.103025
Train epoch: 31	Loss: 0.045860
val AUROC improved at epoch  31 ; best_AUROC, best_AUPRC, best_precision, best_recall: 0.9856368423473142 0.9761033424022348 0.9608540925266904 0.9375 Human
spend time： 3.152038812637329 s
Training on 3804 samples...
Train epoch: 32 [0/3804 (0%)]	Loss: 0.034866 Loss_all: 0.074604
Train epoch: 32 [2560/3804 (67%)]	Loss: 0.063734 Loss_all: 0.102808
Train epoch: 32	Loss: 0.041377
0.9826814357377309 No improvement since epoch  31 ; best_AUROC, best_AUPRC, best_precision, best_recall: 0.9856368423473142 0.9761033424022348 0.9608540925266904 0.9375 Human
spend time： 3.956453323364258 s
Training on 3804 samples...
Train epoch: 33 [0/3804 (0%)]	Loss: 0.047168 Loss_all: 0.086704
Train epoch: 33 [2560/3804 (67%)]	Loss: 0.072895 Loss_all: 0.112260
Train epoch: 33	Loss: 0.042159
0.982522184572101 No improvement since epoch  31 ; best_AUROC, best_AUPRC, best_precision, best_recall: 0.9856368423473142 0.9761033424022348 0.9608540925266904 0.9375 Human
spend time： 3.4090771675109863 s
Training on 3804 samples...
Train epoch: 34 [0/3804 (0%)]	Loss: 0.016759 Loss_all: 0.055981
Train epoch: 34 [2560/3804 (67%)]	Loss: 0.049901 Loss_all: 0.088303
Train epoch: 34	Loss: 0.039921
0.9831503419476417 No improvement since epoch  31 ; best_AUROC, best_AUPRC, best_precision, best_recall: 0.9856368423473142 0.9761033424022348 0.9608540925266904 0.9375 Human
spend time： 5.036054849624634 s
Training on 3804 samples...
Train epoch: 35 [0/3804 (0%)]	Loss: 0.037974 Loss_all: 0.077971
Train epoch: 35 [2560/3804 (67%)]	Loss: 0.016626 Loss_all: 0.054979
Train epoch: 35	Loss: 0.031336
0.9802218899574444 No improvement since epoch  31 ; best_AUROC, best_AUPRC, best_precision, best_recall: 0.9856368423473142 0.9761033424022348 0.9608540925266904 0.9375 Human
spend time： 3.7769534587860107 s
Training on 3804 samples...
Train epoch: 36 [0/3804 (0%)]	Loss: 0.031305 Loss_all: 0.068449
Train epoch: 36 [2560/3804 (67%)]	Loss: 0.040335 Loss_all: 0.076918
Train epoch: 36	Loss: 0.043975
0.9810535349335128 No improvement since epoch  31 ; best_AUROC, best_AUPRC, best_precision, best_recall: 0.9856368423473142 0.9761033424022348 0.9608540925266904 0.9375 Human
spend time： 4.000159502029419 s
Training on 3804 samples...
Train epoch: 37 [0/3804 (0%)]	Loss: 0.022254 Loss_all: 0.057048
Train epoch: 37 [2560/3804 (67%)]	Loss: 0.039324 Loss_all: 0.075252
Train epoch: 37	Loss: 0.048765
0.9808500473329853 No improvement since epoch  31 ; best_AUROC, best_AUPRC, best_precision, best_recall: 0.9856368423473142 0.9761033424022348 0.9608540925266904 0.9375 Human
spend time： 3.2007791996002197 s
Training on 3804 samples...
Train epoch: 38 [0/3804 (0%)]	Loss: 0.072977 Loss_all: 0.108283
Train epoch: 38 [2560/3804 (67%)]	Loss: 0.018852 Loss_all: 0.053704
Train epoch: 38	Loss: 0.050677
0.9796999000256571 No improvement since epoch  31 ; best_AUROC, best_AUPRC, best_precision, best_recall: 0.9856368423473142 0.9761033424022348 0.9608540925266904 0.9375 Human
spend time： 2.9825291633605957 s
Training on 3804 samples...
Train epoch: 39 [0/3804 (0%)]	Loss: 0.042739 Loss_all: 0.078512
Train epoch: 39 [2560/3804 (67%)]	Loss: 0.039876 Loss_all: 0.074705
Train epoch: 39	Loss: 0.041739
0.978034398251776 No improvement since epoch  31 ; best_AUROC, best_AUPRC, best_precision, best_recall: 0.9856368423473142 0.9761033424022348 0.9608540925266904 0.9375 Human
spend time： 2.7421462535858154 s
Training on 3804 samples...
Train epoch: 40 [0/3804 (0%)]	Loss: 0.025626 Loss_all: 0.062358
Train epoch: 40 [2560/3804 (67%)]	Loss: 0.092232 Loss_all: 0.127450
Train epoch: 40	Loss: 0.049373
0.9828229923294021 No improvement since epoch  31 ; best_AUROC, best_AUPRC, best_precision, best_recall: 0.9856368423473142 0.9761033424022348 0.9608540925266904 0.9375 Human
spend time： 4.119919776916504 s
Training on 3804 samples...
Train epoch: 41 [0/3804 (0%)]	Loss: 0.033528 Loss_all: 0.071740
Train epoch: 41 [2560/3804 (67%)]	Loss: 0.048951 Loss_all: 0.087404
Train epoch: 41	Loss: 0.048418
0.9795671907209654 No improvement since epoch  31 ; best_AUROC, best_AUPRC, best_precision, best_recall: 0.9856368423473142 0.9761033424022348 0.9608540925266904 0.9375 Human
spend time： 3.6119134426116943 s
Training on 3804 samples...
Train epoch: 42 [0/3804 (0%)]	Loss: 0.043260 Loss_all: 0.079365
Train epoch: 42 [2560/3804 (67%)]	Loss: 0.025275 Loss_all: 0.060839
Train epoch: 42	Loss: 0.037928
0.9797751019649824 No improvement since epoch  31 ; best_AUROC, best_AUPRC, best_precision, best_recall: 0.9856368423473142 0.9761033424022348 0.9608540925266904 0.9375 Human
spend time： 5.264927387237549 s
Training on 3804 samples...
Train epoch: 43 [0/3804 (0%)]	Loss: 0.024553 Loss_all: 0.059823
Train epoch: 43 [2560/3804 (67%)]	Loss: 0.036369 Loss_all: 0.071776
Train epoch: 43	Loss: 0.034960
0.9806554070194375 No improvement since epoch  31 ; best_AUROC, best_AUPRC, best_precision, best_recall: 0.9856368423473142 0.9761033424022348 0.9608540925266904 0.9375 Human
spend time： 3.8015999794006348 s
Training on 3804 samples...
Train epoch: 44 [0/3804 (0%)]	Loss: 0.010427 Loss_all: 0.045208
Train epoch: 44 [2560/3804 (67%)]	Loss: 0.023747 Loss_all: 0.058287
Train epoch: 44	Loss: 0.026836
0.9799432004175919 No improvement since epoch  31 ; best_AUROC, best_AUPRC, best_precision, best_recall: 0.9856368423473142 0.9761033424022348 0.9608540925266904 0.9375 Human
spend time： 3.891036033630371 s
Training on 3804 samples...
Train epoch: 45 [0/3804 (0%)]	Loss: 0.023894 Loss_all: 0.059653
Train epoch: 45 [2560/3804 (67%)]	Loss: 0.012667 Loss_all: 0.048415
Train epoch: 45	Loss: 0.032154
0.9800803333657734 No improvement since epoch  31 ; best_AUROC, best_AUPRC, best_precision, best_recall: 0.9856368423473142 0.9761033424022348 0.9608540925266904 0.9375 Human
spend time： 2.788484573364258 s
Training on 3804 samples...
Train epoch: 46 [0/3804 (0%)]	Loss: 0.012725 Loss_all: 0.047815
Train epoch: 46 [2560/3804 (67%)]	Loss: 0.077341 Loss_all: 0.114792
Train epoch: 46	Loss: 0.031737
0.9822523423192279 No improvement since epoch  31 ; best_AUROC, best_AUPRC, best_precision, best_recall: 0.9856368423473142 0.9761033424022348 0.9608540925266904 0.9375 Human
spend time： 2.8478362560272217 s
Training on 3804 samples...
Train epoch: 47 [0/3804 (0%)]	Loss: 0.034935 Loss_all: 0.069532
Train epoch: 47 [2560/3804 (67%)]	Loss: 0.030495 Loss_all: 0.065887
Train epoch: 47	Loss: 0.039830
0.98141627369967 No improvement since epoch  31 ; best_AUROC, best_AUPRC, best_precision, best_recall: 0.9856368423473142 0.9761033424022348 0.9608540925266904 0.9375 Human
spend time： 2.665678024291992 s
Training on 3804 samples...
Train epoch: 48 [0/3804 (0%)]	Loss: 0.037878 Loss_all: 0.073946
Train epoch: 48 [2560/3804 (67%)]	Loss: 0.064810 Loss_all: 0.101509
Train epoch: 48	Loss: 0.035764
0.9812835643949782 No improvement since epoch  31 ; best_AUROC, best_AUPRC, best_precision, best_recall: 0.9856368423473142 0.9761033424022348 0.9608540925266904 0.9375 Human
spend time： 3.9187264442443848 s
Training on 3804 samples...
Train epoch: 49 [0/3804 (0%)]	Loss: 0.009498 Loss_all: 0.044360
Train epoch: 49 [2560/3804 (67%)]	Loss: 0.049005 Loss_all: 0.084425
Train epoch: 49	Loss: 0.039620
0.9761698325208574 No improvement since epoch  31 ; best_AUROC, best_AUPRC, best_precision, best_recall: 0.9856368423473142 0.9761033424022348 0.9608540925266904 0.9375 Human
spend time： 3.6681017875671387 s
Training on 3804 samples...
Train epoch: 50 [0/3804 (0%)]	Loss: 0.084095 Loss_all: 0.120210
Train epoch: 50 [2560/3804 (67%)]	Loss: 0.031569 Loss_all: 0.068840
Train epoch: 50	Loss: 0.043902
0.979062895363137 No improvement since epoch  31 ; best_AUROC, best_AUPRC, best_precision, best_recall: 0.9856368423473142 0.9761033424022348 0.9608540925266904 0.9375 Human
spend time： 5.088595628738403 s
Training on 3804 samples...
Train epoch: 51 [0/3804 (0%)]	Loss: 0.014861 Loss_all: 0.050441
Train epoch: 51 [2560/3804 (67%)]	Loss: 0.022086 Loss_all: 0.059361
Train epoch: 51	Loss: 0.029778
0.9809208256288209 No improvement since epoch  31 ; best_AUROC, best_AUPRC, best_precision, best_recall: 0.9856368423473142 0.9761033424022348 0.9608540925266904 0.9375 Human
spend time： 4.0542378425598145 s
Training on 3804 samples...
Train epoch: 52 [0/3804 (0%)]	Loss: 0.061440 Loss_all: 0.097337
Train epoch: 52 [2560/3804 (67%)]	Loss: 0.048621 Loss_all: 0.085213
Train epoch: 52	Loss: 0.030086
0.9802395845314036 No improvement since epoch  31 ; best_AUROC, best_AUPRC, best_precision, best_recall: 0.9856368423473142 0.9761033424022348 0.9608540925266904 0.9375 Human
spend time： 4.04270076751709 s
Training on 3804 samples...
Train epoch: 53 [0/3804 (0%)]	Loss: 0.026967 Loss_all: 0.062033
Train epoch: 53 [2560/3804 (67%)]	Loss: 0.017753 Loss_all: 0.052977
Train epoch: 53	Loss: 0.030983
0.9818188252572349 No improvement since epoch  31 ; best_AUROC, best_AUPRC, best_precision, best_recall: 0.9856368423473142 0.9761033424022348 0.9608540925266904 0.9375 Human
spend time： 3.016610622406006 s
Training on 3804 samples...
Train epoch: 54 [0/3804 (0%)]	Loss: 0.019020 Loss_all: 0.055567
Train epoch: 54 [2560/3804 (67%)]	Loss: 0.025192 Loss_all: 0.062106
Train epoch: 54	Loss: 0.036827
0.9809871802811668 No improvement since epoch  31 ; best_AUROC, best_AUPRC, best_precision, best_recall: 0.9856368423473142 0.9761033424022348 0.9608540925266904 0.9375 Human
spend time： 2.925656318664551 s
Training on 3804 samples...
Train epoch: 55 [0/3804 (0%)]	Loss: 0.017429 Loss_all: 0.054333
Train epoch: 55 [2560/3804 (67%)]	Loss: 0.031595 Loss_all: 0.066872
Train epoch: 55	Loss: 0.026560
0.9818896035530704 No improvement since epoch  31 ; best_AUROC, best_AUPRC, best_precision, best_recall: 0.9856368423473142 0.9761033424022348 0.9608540925266904 0.9375 Human
spend time： 2.683621883392334 s
Training on 3804 samples...
Train epoch: 56 [0/3804 (0%)]	Loss: 0.004822 Loss_all: 0.040226
Train epoch: 56 [2560/3804 (67%)]	Loss: 0.022102 Loss_all: 0.057388
Train epoch: 56	Loss: 0.022441
0.9778463934034628 No improvement since epoch  31 ; best_AUROC, best_AUPRC, best_precision, best_recall: 0.9856368423473142 0.9761033424022348 0.9608540925266904 0.9375 Human
spend time： 4.160052061080933 s
Training on 3804 samples...
Train epoch: 57 [0/3804 (0%)]	Loss: 0.027192 Loss_all: 0.062137
Train epoch: 57 [2560/3804 (67%)]	Loss: 0.013429 Loss_all: 0.050949
Train epoch: 57	Loss: 0.025753
0.9824160171283476 No improvement since epoch  31 ; best_AUROC, best_AUPRC, best_precision, best_recall: 0.9856368423473142 0.9761033424022348 0.9608540925266904 0.9375 Human
spend time： 3.9174251556396484 s
Training on 3804 samples...
Train epoch: 58 [0/3804 (0%)]	Loss: 0.010764 Loss_all: 0.047785
Train epoch: 58 [2560/3804 (67%)]	Loss: 0.013472 Loss_all: 0.047511
Train epoch: 58	Loss: 0.021968
0.9816374558741561 No improvement since epoch  31 ; best_AUROC, best_AUPRC, best_precision, best_recall: 0.9856368423473142 0.9761033424022348 0.9608540925266904 0.9375 Human
spend time： 5.160948991775513 s
Training on 3804 samples...
Train epoch: 59 [0/3804 (0%)]	Loss: 0.005258 Loss_all: 0.039108
Train epoch: 59 [2560/3804 (67%)]	Loss: 0.013545 Loss_all: 0.048220
Train epoch: 59	Loss: 0.030204
0.978403772483168 No improvement since epoch  31 ; best_AUROC, best_AUPRC, best_precision, best_recall: 0.9856368423473142 0.9761033424022348 0.9608540925266904 0.9375 Human
spend time： 3.759873390197754 s
Training on 3804 samples...
Train epoch: 60 [0/3804 (0%)]	Loss: 0.012358 Loss_all: 0.047789
Train epoch: 60 [2560/3804 (67%)]	Loss: 0.014588 Loss_all: 0.049525
Train epoch: 60	Loss: 0.029268
0.9786691910925515 No improvement since epoch  31 ; best_AUROC, best_AUPRC, best_precision, best_recall: 0.9856368423473142 0.9761033424022348 0.9608540925266904 0.9375 Human
spend time： 3.946803331375122 s
Training on 3804 samples...
Train epoch: 61 [0/3804 (0%)]	Loss: 0.020463 Loss_all: 0.054605
Train epoch: 61 [2560/3804 (67%)]	Loss: 0.015541 Loss_all: 0.051346
Train epoch: 61	Loss: 0.027526
0.9779304426297676 No improvement since epoch  31 ; best_AUROC, best_AUPRC, best_precision, best_recall: 0.9856368423473142 0.9761033424022348 0.9608540925266904 0.9375 Human
spend time： 2.8700387477874756 s
Training on 3804 samples...
Train epoch: 62 [0/3804 (0%)]	Loss: 0.022632 Loss_all: 0.057323
Train epoch: 62 [2560/3804 (67%)]	Loss: 0.050701 Loss_all: 0.086472
Train epoch: 62	Loss: 0.032489
0.9794986242468746 No improvement since epoch  31 ; best_AUROC, best_AUPRC, best_precision, best_recall: 0.9856368423473142 0.9761033424022348 0.9608540925266904 0.9375 Human
spend time： 2.970731258392334 s
Training on 3804 samples...
Train epoch: 63 [0/3804 (0%)]	Loss: 0.013195 Loss_all: 0.046352
Train epoch: 63 [2560/3804 (67%)]	Loss: 0.017243 Loss_all: 0.054472
Train epoch: 63	Loss: 0.032269
0.9800626387918145 No improvement since epoch  31 ; best_AUROC, best_AUPRC, best_precision, best_recall: 0.9856368423473142 0.9761033424022348 0.9608540925266904 0.9375 Human
spend time： 2.5540828704833984 s
Training on 3804 samples...
Train epoch: 64 [0/3804 (0%)]	Loss: 0.033388 Loss_all: 0.066559
Train epoch: 64 [2560/3804 (67%)]	Loss: 0.088038 Loss_all: 0.122085
Train epoch: 64	Loss: 0.027080
0.9826283520158544 No improvement since epoch  31 ; best_AUROC, best_AUPRC, best_precision, best_recall: 0.9856368423473142 0.9761033424022348 0.9608540925266904 0.9375 Human
spend time： 4.056889533996582 s
Training on 3804 samples...
Train epoch: 65 [0/3804 (0%)]	Loss: 0.014056 Loss_all: 0.050203
Train epoch: 65 [2560/3804 (67%)]	Loss: 0.025989 Loss_all: 0.060876
Train epoch: 65	Loss: 0.017211
0.983643578196746 No improvement since epoch  31 ; best_AUROC, best_AUPRC, best_precision, best_recall: 0.9856368423473142 0.9761033424022348 0.9608540925266904 0.9375 Human
spend time： 3.992745876312256 s
Training on 3804 samples...
Train epoch: 66 [0/3804 (0%)]	Loss: 0.029873 Loss_all: 0.063704
Train epoch: 66 [2560/3804 (67%)]	Loss: 0.015156 Loss_all: 0.049162
Train epoch: 66	Loss: 0.023088
0.9836369427315114 No improvement since epoch  31 ; best_AUROC, best_AUPRC, best_precision, best_recall: 0.9856368423473142 0.9761033424022348 0.9608540925266904 0.9375 Human
spend time： 4.909884214401245 s
Training on 3804 samples...
Train epoch: 67 [0/3804 (0%)]	Loss: 0.008232 Loss_all: 0.042188
Train epoch: 67 [2560/3804 (67%)]	Loss: 0.014801 Loss_all: 0.051522
Train epoch: 67	Loss: 0.018707
val AUROC improved at epoch  67 ; best_AUROC, best_AUPRC, best_precision, best_recall: 0.9812649466519501 0.9751801921577684 0.9242424242424242 0.953125 Human
spend time： 4.761961936950684 s
Training on 3804 samples...
Train epoch: 68 [0/3804 (0%)]	Loss: 0.014427 Loss_all: 0.050077
Train epoch: 68 [2560/3804 (67%)]	Loss: 0.019617 Loss_all: 0.053646
Train epoch: 68	Loss: 0.018471
val AUROC improved at epoch  68 ; best_AUROC, best_AUPRC, best_precision, best_recall: 0.9834077791574686 0.9769037738542734 0.9569120287253142 0.9253472222222222 Human
spend time： 3.7157347202301025 s
Training on 3804 samples...
Train epoch: 69 [0/3804 (0%)]	Loss: 0.014433 Loss_all: 0.047982
Train epoch: 69 [2560/3804 (67%)]	Loss: 0.027940 Loss_all: 0.061202
Train epoch: 69	Loss: 0.016221
0.983243238460926 No improvement since epoch  68 ; best_AUROC, best_AUPRC, best_precision, best_recall: 0.9834077791574686 0.9769037738542734 0.9569120287253142 0.9253472222222222 Human
spend time： 2.823549509048462 s
Training on 3804 samples...
Train epoch: 70 [0/3804 (0%)]	Loss: 0.011457 Loss_all: 0.048623
Train epoch: 70 [2560/3804 (67%)]	Loss: 0.115668 Loss_all: 0.150639
Train epoch: 70	Loss: 0.055307
0.9783307823655876 No improvement since epoch  68 ; best_AUROC, best_AUPRC, best_precision, best_recall: 0.9834077791574686 0.9769037738542734 0.9569120287253142 0.9253472222222222 Human
spend time： 2.9133870601654053 s
Training on 3804 samples...
Train epoch: 71 [0/3804 (0%)]	Loss: 0.019211 Loss_all: 0.054048
Train epoch: 71 [2560/3804 (67%)]	Loss: 0.033897 Loss_all: 0.068392
Train epoch: 71	Loss: 0.037861
0.9791292500154827 No improvement since epoch  68 ; best_AUROC, best_AUPRC, best_precision, best_recall: 0.9834077791574686 0.9769037738542734 0.9569120287253142 0.9253472222222222 Human
spend time： 2.864973783493042 s
Training on 3804 samples...
Train epoch: 72 [0/3804 (0%)]	Loss: 0.034432 Loss_all: 0.068819
Train epoch: 72 [2560/3804 (67%)]	Loss: 0.011336 Loss_all: 0.045569
Train epoch: 72	Loss: 0.033802
0.98061559422803 No improvement since epoch  68 ; best_AUROC, best_AUPRC, best_precision, best_recall: 0.9834077791574686 0.9769037738542734 0.9569120287253142 0.9253472222222222 Human
spend time： 3.969691514968872 s
Training on 3804 samples...
Train epoch: 73 [0/3804 (0%)]	Loss: 0.009069 Loss_all: 0.043798
Train epoch: 73 [2560/3804 (67%)]	Loss: 0.005939 Loss_all: 0.040796
Train epoch: 73	Loss: 0.017311
0.9818276725442142 No improvement since epoch  68 ; best_AUROC, best_AUPRC, best_precision, best_recall: 0.9834077791574686 0.9769037738542734 0.9569120287253142 0.9253472222222222 Human
spend time： 4.521865606307983 s
Training on 3804 samples...
Train epoch: 74 [0/3804 (0%)]	Loss: 0.011804 Loss_all: 0.046866
Train epoch: 74 [2560/3804 (67%)]	Loss: 0.024508 Loss_all: 0.058191
Train epoch: 74	Loss: 0.017983
0.9805890523670916 No improvement since epoch  68 ; best_AUROC, best_AUPRC, best_precision, best_recall: 0.9834077791574686 0.9769037738542734 0.9569120287253142 0.9253472222222222 Human
spend time： 4.742495059967041 s
Training on 3804 samples...
Train epoch: 75 [0/3804 (0%)]	Loss: 0.006325 Loss_all: 0.040467
Train epoch: 75 [2560/3804 (67%)]	Loss: 0.013028 Loss_all: 0.046384
Train epoch: 75	Loss: 0.015670
0.9819161454140087 No improvement since epoch  68 ; best_AUROC, best_AUPRC, best_precision, best_recall: 0.9834077791574686 0.9769037738542734 0.9569120287253142 0.9253472222222222 Human
spend time： 4.296611785888672 s
Training on 3804 samples...
Train epoch: 76 [0/3804 (0%)]	Loss: 0.014741 Loss_all: 0.049413
Train epoch: 76 [2560/3804 (67%)]	Loss: 0.030749 Loss_all: 0.064699
Train epoch: 76	Loss: 0.013161
0.9820134655707827 No improvement since epoch  68 ; best_AUROC, best_AUPRC, best_precision, best_recall: 0.9834077791574686 0.9769037738542734 0.9569120287253142 0.9253472222222222 Human
spend time： 2.758695363998413 s
Training on 3804 samples...
Train epoch: 77 [0/3804 (0%)]	Loss: 0.015886 Loss_all: 0.048987
Train epoch: 77 [2560/3804 (67%)]	Loss: 0.011076 Loss_all: 0.044442
Train epoch: 77	Loss: 0.016836
0.9815335002521477 No improvement since epoch  68 ; best_AUROC, best_AUPRC, best_precision, best_recall: 0.9834077791574686 0.9769037738542734 0.9569120287253142 0.9253472222222222 Human
spend time： 3.0495522022247314 s
Training on 3804 samples...
Train epoch: 78 [0/3804 (0%)]	Loss: 0.007825 Loss_all: 0.042831
Train epoch: 78 [2560/3804 (67%)]	Loss: 0.005708 Loss_all: 0.040120
Train epoch: 78	Loss: 0.008260
0.9797175945996162 No improvement since epoch  68 ; best_AUROC, best_AUPRC, best_precision, best_recall: 0.9834077791574686 0.9769037738542734 0.9569120287253142 0.9253472222222222 Human
spend time： 2.5824077129364014 s
Training on 3804 samples...
Train epoch: 79 [0/3804 (0%)]	Loss: 0.006588 Loss_all: 0.040842
Train epoch: 79 [2560/3804 (67%)]	Loss: 0.015522 Loss_all: 0.050814
Train epoch: 79	Loss: 0.019693
0.9794654469207018 No improvement since epoch  68 ; best_AUROC, best_AUPRC, best_precision, best_recall: 0.9834077791574686 0.9769037738542734 0.9569120287253142 0.9253472222222222 Human
spend time： 3.11673903465271 s
Training on 3804 samples...
Train epoch: 80 [0/3804 (0%)]	Loss: 0.007310 Loss_all: 0.040040
Train epoch: 80 [2560/3804 (67%)]	Loss: 0.013418 Loss_all: 0.047109
Train epoch: 80	Loss: 0.020248
0.9805846287236019 No improvement since epoch  68 ; best_AUROC, best_AUPRC, best_precision, best_recall: 0.9834077791574686 0.9769037738542734 0.9569120287253142 0.9253472222222222 Human
spend time： 3.583677291870117 s
Training on 3804 samples...
Train epoch: 81 [0/3804 (0%)]	Loss: 0.016324 Loss_all: 0.049640
Train epoch: 81 [2560/3804 (67%)]	Loss: 0.009967 Loss_all: 0.043708
Train epoch: 81	Loss: 0.016319
0.9808964955896273 No improvement since epoch  68 ; best_AUROC, best_AUPRC, best_precision, best_recall: 0.9834077791574686 0.9769037738542734 0.9569120287253142 0.9253472222222222 Human
spend time： 4.981002569198608 s
Training on 3804 samples...
Train epoch: 82 [0/3804 (0%)]	Loss: 0.004058 Loss_all: 0.037613
Train epoch: 82 [2560/3804 (67%)]	Loss: 0.007781 Loss_all: 0.041036
Train epoch: 82	Loss: 0.013274
0.9792464765679605 No improvement since epoch  68 ; best_AUROC, best_AUPRC, best_precision, best_recall: 0.9834077791574686 0.9769037738542734 0.9569120287253142 0.9253472222222222 Human
spend time： 4.412012338638306 s
Training on 3804 samples...
Train epoch: 83 [0/3804 (0%)]	Loss: 0.018848 Loss_all: 0.053108
Train epoch: 83 [2560/3804 (67%)]	Loss: 0.033806 Loss_all: 0.069541
Train epoch: 83	Loss: 0.023773
0.9830530217908678 No improvement since epoch  68 ; best_AUROC, best_AUPRC, best_precision, best_recall: 0.9834077791574686 0.9769037738542734 0.9569120287253142 0.9253472222222222 Human
spend time： 4.107204437255859 s
Training on 3804 samples...
Train epoch: 84 [0/3804 (0%)]	Loss: 0.001375 Loss_all: 0.036151
Train epoch: 84 [2560/3804 (67%)]	Loss: 0.029955 Loss_all: 0.065835
Train epoch: 84	Loss: 0.029108
0.9816418795176459 No improvement since epoch  68 ; best_AUROC, best_AUPRC, best_precision, best_recall: 0.9834077791574686 0.9769037738542734 0.9569120287253142 0.9253472222222222 Human
spend time： 3.10184645652771 s
Training on 3804 samples...
Train epoch: 85 [0/3804 (0%)]	Loss: 0.007921 Loss_all: 0.043533
Train epoch: 85 [2560/3804 (67%)]	Loss: 0.008044 Loss_all: 0.044018
Train epoch: 85	Loss: 0.021940
0.9798326093303489 No improvement since epoch  68 ; best_AUROC, best_AUPRC, best_precision, best_recall: 0.9834077791574686 0.9769037738542734 0.9569120287253142 0.9253472222222222 Human
spend time： 2.9546401500701904 s
Training on 3804 samples...
Train epoch: 86 [0/3804 (0%)]	Loss: 0.008782 Loss_all: 0.042798
Train epoch: 86 [2560/3804 (67%)]	Loss: 0.034855 Loss_all: 0.067757
Train epoch: 86	Loss: 0.016186
0.9826725884507516 No improvement since epoch  68 ; best_AUROC, best_AUPRC, best_precision, best_recall: 0.9834077791574686 0.9769037738542734 0.9569120287253142 0.9253472222222222 Human
spend time： 2.6114108562469482 s
Training on 3804 samples...
Train epoch: 87 [0/3804 (0%)]	Loss: 0.004445 Loss_all: 0.037330
Train epoch: 87 [2560/3804 (67%)]	Loss: 0.010196 Loss_all: 0.044705
Train epoch: 87	Loss: 0.021212
0.981385308195242 No improvement since epoch  68 ; best_AUROC, best_AUPRC, best_precision, best_recall: 0.9834077791574686 0.9769037738542734 0.9569120287253142 0.9253472222222222 Human
spend time： 3.0425643920898438 s
Training on 3804 samples...
Train epoch: 88 [0/3804 (0%)]	Loss: 0.012037 Loss_all: 0.047826
Train epoch: 88 [2560/3804 (67%)]	Loss: 0.033533 Loss_all: 0.068069
Train epoch: 88	Loss: 0.018376
0.9795362252165373 No improvement since epoch  68 ; best_AUROC, best_AUPRC, best_precision, best_recall: 0.9834077791574686 0.9769037738542734 0.9569120287253142 0.9253472222222222 Human
spend time： 3.5760796070098877 s
Training on 3804 samples...
Train epoch: 89 [0/3804 (0%)]	Loss: 0.007652 Loss_all: 0.041199
Train epoch: 89 [2560/3804 (67%)]	Loss: 0.028417 Loss_all: 0.060728
Train epoch: 89	Loss: 0.014372
0.9791027081545445 No improvement since epoch  68 ; best_AUROC, best_AUPRC, best_precision, best_recall: 0.9834077791574686 0.9769037738542734 0.9569120287253142 0.9253472222222222 Human
spend time： 4.763286828994751 s
Training on 3804 samples...
Train epoch: 90 [0/3804 (0%)]	Loss: 0.005470 Loss_all: 0.039530
Train epoch: 90 [2560/3804 (67%)]	Loss: 0.013722 Loss_all: 0.046921
Train epoch: 90	Loss: 0.012083
0.9779569844907059 No improvement since epoch  68 ; best_AUROC, best_AUPRC, best_precision, best_recall: 0.9834077791574686 0.9769037738542734 0.9569120287253142 0.9253472222222222 Human
spend time： 4.688281297683716 s
Training on 3804 samples...
Train epoch: 91 [0/3804 (0%)]	Loss: 0.002655 Loss_all: 0.035657
Train epoch: 91 [2560/3804 (67%)]	Loss: 0.003215 Loss_all: 0.037906
Train epoch: 91	Loss: 0.007368
0.9784568562050446 No improvement since epoch  68 ; best_AUROC, best_AUPRC, best_precision, best_recall: 0.9834077791574686 0.9769037738542734 0.9569120287253142 0.9253472222222222 Human
spend time： 3.6510071754455566 s
Training on 3804 samples...
Train epoch: 92 [0/3804 (0%)]	Loss: 0.002976 Loss_all: 0.035394
Train epoch: 92 [2560/3804 (67%)]	Loss: 0.013613 Loss_all: 0.046477
Train epoch: 92	Loss: 0.011101
0.9780454573605003 No improvement since epoch  68 ; best_AUROC, best_AUPRC, best_precision, best_recall: 0.9834077791574686 0.9769037738542734 0.9569120287253142 0.9253472222222222 Human
spend time： 3.5671379566192627 s
Training on 3804 samples...
Train epoch: 93 [0/3804 (0%)]	Loss: 0.015257 Loss_all: 0.048327
Train epoch: 93 [2560/3804 (67%)]	Loss: 0.002184 Loss_all: 0.034309
Train epoch: 93	Loss: 0.004874
0.9787178511709385 No improvement since epoch  68 ; best_AUROC, best_AUPRC, best_precision, best_recall: 0.9834077791574686 0.9769037738542734 0.9569120287253142 0.9253472222222222 Human
spend time： 2.6617331504821777 s
Training on 3804 samples...
Train epoch: 94 [0/3804 (0%)]	Loss: 0.001698 Loss_all: 0.033519
Train epoch: 94 [2560/3804 (67%)]	Loss: 0.018135 Loss_all: 0.050308
Train epoch: 94	Loss: 0.006818
0.9794079395553352 No improvement since epoch  68 ; best_AUROC, best_AUPRC, best_precision, best_recall: 0.9834077791574686 0.9769037738542734 0.9569120287253142 0.9253472222222222 Human
spend time： 2.8473825454711914 s
Training on 3804 samples...
Train epoch: 95 [0/3804 (0%)]	Loss: 0.006766 Loss_all: 0.039187
Train epoch: 95 [2560/3804 (67%)]	Loss: 0.018152 Loss_all: 0.050349
Train epoch: 95	Loss: 0.008510
0.9784966689964522 No improvement since epoch  68 ; best_AUROC, best_AUPRC, best_precision, best_recall: 0.9834077791574686 0.9769037738542734 0.9569120287253142 0.9253472222222222 Human
spend time： 2.529789447784424 s
Training on 3804 samples...
Train epoch: 96 [0/3804 (0%)]	Loss: 0.006920 Loss_all: 0.040148
Train epoch: 96 [2560/3804 (67%)]	Loss: 0.009603 Loss_all: 0.042126
Train epoch: 96	Loss: 0.010396
0.9786205310141645 No improvement since epoch  68 ; best_AUROC, best_AUPRC, best_precision, best_recall: 0.9834077791574686 0.9769037738542734 0.9569120287253142 0.9253472222222222 Human
spend time： 3.86822772026062 s
Training on 3804 samples...
Train epoch: 97 [0/3804 (0%)]	Loss: 0.007074 Loss_all: 0.040248
Train epoch: 97 [2560/3804 (67%)]	Loss: 0.031229 Loss_all: 0.063650
Train epoch: 97	Loss: 0.009474
0.9785807182227569 No improvement since epoch  68 ; best_AUROC, best_AUPRC, best_precision, best_recall: 0.9834077791574686 0.9769037738542734 0.9569120287253142 0.9253472222222222 Human
spend time： 3.7012875080108643 s
Training on 3804 samples...
Train epoch: 98 [0/3804 (0%)]	Loss: 0.005736 Loss_all: 0.037123
Train epoch: 98 [2560/3804 (67%)]	Loss: 0.009040 Loss_all: 0.040770
Train epoch: 98	Loss: 0.009883
0.979943200417592 No improvement since epoch  68 ; best_AUROC, best_AUPRC, best_precision, best_recall: 0.9834077791574686 0.9769037738542734 0.9569120287253142 0.9253472222222222 Human
spend time： 5.16135573387146 s
Training on 3804 samples...
Train epoch: 99 [0/3804 (0%)]	Loss: 0.002584 Loss_all: 0.035403
Train epoch: 99 [2560/3804 (67%)]	Loss: 0.035173 Loss_all: 0.066934
Train epoch: 99	Loss: 0.009915
0.9788925850887825 No improvement since epoch  68 ; best_AUROC, best_AUPRC, best_precision, best_recall: 0.9834077791574686 0.9769037738542734 0.9569120287253142 0.9253472222222222 Human
spend time： 3.945849895477295 s
Training on 3804 samples...
Train epoch: 100 [0/3804 (0%)]	Loss: 0.003045 Loss_all: 0.036327
Train epoch: 100 [2560/3804 (67%)]	Loss: 0.027641 Loss_all: 0.060618
Train epoch: 100	Loss: 0.037972
0.9765016057825868 No improvement since epoch  68 ; best_AUROC, best_AUPRC, best_precision, best_recall: 0.9834077791574686 0.9769037738542734 0.9569120287253142 0.9253472222222222 Human
spend time： 3.7487940788269043 s
Training on 3804 samples...
/root/HAG-DTA/py38_env/lib/python3.8/site-packages/torch_geometric/deprecation.py:26: UserWarning: 'data.DenseDataLoader' is deprecated, use 'loader.DenseDataLoader' instead
  warnings.warn(out)
Train epoch: 101 [0/3804 (0%)]	Loss: 0.029931 Loss_all: 0.061754
Train epoch: 101 [2560/3804 (67%)]	Loss: 0.019942 Loss_all: 0.053387
Train epoch: 101	Loss: 0.025178
0.9772049650974528 No improvement since epoch  68 ; best_AUROC, best_AUPRC, best_precision, best_recall: 0.9834077791574686 0.9769037738542734 0.9569120287253142 0.9253472222222222 Human
spend time： 2.736668825149536 s
Training on 3804 samples...
Train epoch: 102 [0/3804 (0%)]	Loss: 0.014507 Loss_all: 0.048187
Train epoch: 102 [2560/3804 (67%)]	Loss: 0.015780 Loss_all: 0.047979
Train epoch: 102	Loss: 0.020521
0.97628927089508 No improvement since epoch  68 ; best_AUROC, best_AUPRC, best_precision, best_recall: 0.9834077791574686 0.9769037738542734 0.9569120287253142 0.9253472222222222 Human
spend time： 2.8433475494384766 s
Training on 3804 samples...
Train epoch: 103 [0/3804 (0%)]	Loss: 0.009995 Loss_all: 0.044353
Train epoch: 103 [2560/3804 (67%)]	Loss: 0.020532 Loss_all: 0.053327
Train epoch: 103	Loss: 0.031817
0.9724871493156623 No improvement since epoch  68 ; best_AUROC, best_AUPRC, best_precision, best_recall: 0.9834077791574686 0.9769037738542734 0.9569120287253142 0.9253472222222222 Human
spend time： 2.7590208053588867 s
Training on 3804 samples...
Train epoch: 104 [0/3804 (0%)]	Loss: 0.010067 Loss_all: 0.043575
Train epoch: 104 [2560/3804 (67%)]	Loss: 0.014964 Loss_all: 0.048455
Train epoch: 104	Loss: 0.028759
0.9766387387307681 No improvement since epoch  68 ; best_AUROC, best_AUPRC, best_precision, best_recall: 0.9834077791574686 0.9769037738542734 0.9569120287253142 0.9253472222222222 Human
spend time： 3.7846553325653076 s
Training on 3804 samples...
Train epoch: 105 [0/3804 (0%)]	Loss: 0.005679 Loss_all: 0.037904
Train epoch: 105 [2560/3804 (67%)]	Loss: 0.038969 Loss_all: 0.072630
Train epoch: 105	Loss: 0.019476
0.9767626007484805 No improvement since epoch  68 ; best_AUROC, best_AUPRC, best_precision, best_recall: 0.9834077791574686 0.9769037738542734 0.9569120287253142 0.9253472222222222 Human
spend time： 4.114903688430786 s
Training on 3804 samples...
Train epoch: 106 [0/3804 (0%)]	Loss: 0.004271 Loss_all: 0.036443
Train epoch: 106 [2560/3804 (67%)]	Loss: 0.024894 Loss_all: 0.056502
Train epoch: 106	Loss: 0.014830
0.9785586000053084 No improvement since epoch  68 ; best_AUROC, best_AUPRC, best_precision, best_recall: 0.9834077791574686 0.9769037738542734 0.9569120287253142 0.9253472222222222 Human
spend time： 5.022652626037598 s
Training on 3804 samples...
Train epoch: 107 [0/3804 (0%)]	Loss: 0.009545 Loss_all: 0.042703
Train epoch: 107 [2560/3804 (67%)]	Loss: 0.011048 Loss_all: 0.042195
Train epoch: 107	Loss: 0.007720
0.9792177228852773 No improvement since epoch  68 ; best_AUROC, best_AUPRC, best_precision, best_recall: 0.9834077791574686 0.9769037738542734 0.9569120287253142 0.9253472222222222 Human
spend time： 4.450752258300781 s
Training on 3804 samples...
Train epoch: 108 [0/3804 (0%)]	Loss: 0.016678 Loss_all: 0.048329
Train epoch: 108 [2560/3804 (67%)]	Loss: 0.008085 Loss_all: 0.039844
Train epoch: 108	Loss: 0.013393
0.9794344814162738 No improvement since epoch  68 ; best_AUROC, best_AUPRC, best_precision, best_recall: 0.9834077791574686 0.9769037738542734 0.9569120287253142 0.9253472222222222 Human
spend time： 2.975749969482422 s
Training on 3804 samples...
Train epoch: 109 [0/3804 (0%)]	Loss: 0.009703 Loss_all: 0.041600
Train epoch: 109 [2560/3804 (67%)]	Loss: 0.002613 Loss_all: 0.035203
Train epoch: 109	Loss: 0.010913
0.9783816542657195 No improvement since epoch  68 ; best_AUROC, best_AUPRC, best_precision, best_recall: 0.9834077791574686 0.9769037738542734 0.9569120287253142 0.9253472222222222 Human
spend time： 2.8339767456054688 s
Training on 3804 samples...
Train epoch: 110 [0/3804 (0%)]	Loss: 0.001525 Loss_all: 0.035166
Train epoch: 110 [2560/3804 (67%)]	Loss: 0.001923 Loss_all: 0.033622
Train epoch: 110	Loss: 0.006698
0.9763268718647427 No improvement since epoch  68 ; best_AUROC, best_AUPRC, best_precision, best_recall: 0.9834077791574686 0.9769037738542734 0.9569120287253142 0.9253472222222222 Human
spend time： 2.575800895690918 s
Training on 3804 samples...
Train epoch: 111 [0/3804 (0%)]	Loss: 0.022874 Loss_all: 0.056173
Train epoch: 111 [2560/3804 (67%)]	Loss: 0.001949 Loss_all: 0.034544
Train epoch: 111	Loss: 0.011348
0.9773796990152969 No improvement since epoch  68 ; best_AUROC, best_AUPRC, best_precision, best_recall: 0.9834077791574686 0.9769037738542734 0.9569120287253142 0.9253472222222222 Human
spend time： 2.8428728580474854 s
Training on 3804 samples...
Train epoch: 112 [0/3804 (0%)]	Loss: 0.010376 Loss_all: 0.042718
Train epoch: 112 [2560/3804 (67%)]	Loss: 0.004760 Loss_all: 0.037832
Train epoch: 112	Loss: 0.010079
0.9799852250307444 No improvement since epoch  68 ; best_AUROC, best_AUPRC, best_precision, best_recall: 0.9834077791574686 0.9769037738542734 0.9569120287253142 0.9253472222222222 Human
spend time： 2.597688674926758 s
Training on 3804 samples...
Train epoch: 113 [0/3804 (0%)]	Loss: 0.001276 Loss_all: 0.033027
Train epoch: 113 [2560/3804 (67%)]	Loss: 0.010729 Loss_all: 0.041866
Train epoch: 113	Loss: 0.008572
0.9785143635704111 No improvement since epoch  68 ; best_AUROC, best_AUPRC, best_precision, best_recall: 0.9834077791574686 0.9769037738542734 0.9569120287253142 0.9253472222222222 Human
spend time： 3.90779709815979 s
Training on 3804 samples...
Train epoch: 114 [0/3804 (0%)]	Loss: 0.009202 Loss_all: 0.040167
Train epoch: 114 [2560/3804 (67%)]	Loss: 0.035433 Loss_all: 0.068608
Train epoch: 114	Loss: 0.013313
0.9793415849029894 No improvement since epoch  68 ; best_AUROC, best_AUPRC, best_precision, best_recall: 0.9834077791574686 0.9769037738542734 0.9569120287253142 0.9253472222222222 Human
spend time： 4.238758325576782 s
Training on 3804 samples...
Train epoch: 115 [0/3804 (0%)]	Loss: 0.019963 Loss_all: 0.051584
Train epoch: 115 [2560/3804 (67%)]	Loss: 0.004745 Loss_all: 0.036141
Train epoch: 115	Loss: 0.006871
0.9794389050597635 No improvement since epoch  68 ; best_AUROC, best_AUPRC, best_precision, best_recall: 0.9834077791574686 0.9769037738542734 0.9569120287253142 0.9253472222222222 Human
spend time： 5.12412428855896 s
Training on 3804 samples...
Train epoch: 116 [0/3804 (0%)]	Loss: 0.013425 Loss_all: 0.044620
Train epoch: 116 [2560/3804 (67%)]	Loss: 0.001980 Loss_all: 0.033364
Train epoch: 116	Loss: 0.009629
0.9809716975289527 No improvement since epoch  68 ; best_AUROC, best_AUPRC, best_precision, best_recall: 0.9834077791574686 0.9769037738542734 0.9569120287253142 0.9253472222222222 Human
spend time： 4.2511327266693115 s
Training on 3804 samples...
Train epoch: 117 [0/3804 (0%)]	Loss: 0.009143 Loss_all: 0.040877
Train epoch: 117 [2560/3804 (67%)]	Loss: 0.007812 Loss_all: 0.039079
Train epoch: 117	Loss: 0.006339
0.9815489830043618 No improvement since epoch  68 ; best_AUROC, best_AUPRC, best_precision, best_recall: 0.9834077791574686 0.9769037738542734 0.9569120287253142 0.9253472222222222 Human
spend time： 2.986921787261963 s
Training on 3804 samples...
Train epoch: 118 [0/3804 (0%)]	Loss: 0.003662 Loss_all: 0.034068
Train epoch: 118 [2560/3804 (67%)]	Loss: 0.000772 Loss_all: 0.032820
Train epoch: 118	Loss: 0.005930
0.9803501756186465 No improvement since epoch  68 ; best_AUROC, best_AUPRC, best_precision, best_recall: 0.9834077791574686 0.9769037738542734 0.9569120287253142 0.9253472222222222 Human
spend time： 2.716188669204712 s
early stopping at epoch  118  due to no validation improvement.
