Diff_DTA_GIN
fold_id: 0
Learning rate:  0.0005
Epochs:  1000
Validation interval:  1
Early stop patience:  50

running on  Human
Pre-processed data found: /root/autodl-tmp/HAG-DTA-cache/processed/Human_fold0_train.pt, loading ...
Pre-processed data found: /root/autodl-tmp/HAG-DTA-cache/processed/Human_fold0_val.pt, loading ...
Pre-processed data found: /root/autodl-tmp/HAG-DTA-cache/processed/Human_fold0_test.pt, loading ...
Training on 3804 samples...
Train epoch: 1 [0/3804 (0%)]	Loss: 0.688713 Loss_all: 0.757287
Train epoch: 1 [2560/3804 (67%)]	Loss: 0.504298 Loss_all: 0.573216
Train epoch: 1	Loss: 0.543594
val AUROC improved at epoch  1 ; best_AUROC, best_AUPRC, best_precision, best_recall: 0.8855201434878588 0.8908732309039417 0.7127222982216143 0.9045138888888888 Human
spend time： 5.056090593338013 s
Training on 3804 samples...
Train epoch: 2 [0/3804 (0%)]	Loss: 0.487074 Loss_all: 0.542759
Train epoch: 2 [2560/3804 (67%)]	Loss: 0.387980 Loss_all: 0.447799
Train epoch: 2	Loss: 0.400585
val AUROC improved at epoch  2 ; best_AUROC, best_AUPRC, best_precision, best_recall: 0.9411849245768948 0.9460075030487743 0.8117283950617284 0.9131944444444444 Human
spend time： 4.950411796569824 s
Training on 3804 samples...
Train epoch: 3 [0/3804 (0%)]	Loss: 0.322345 Loss_all: 0.377621
Train epoch: 3 [2560/3804 (67%)]	Loss: 0.309802 Loss_all: 0.363896
Train epoch: 3	Loss: 0.329028
val AUROC improved at epoch  3 ; best_AUROC, best_AUPRC, best_precision, best_recall: 0.960537964495953 0.9649997765818494 0.8963093145869947 0.8854166666666666 Human
spend time： 5.905673265457153 s
Training on 3804 samples...
Train epoch: 4 [0/3804 (0%)]	Loss: 0.295814 Loss_all: 0.349540
Train epoch: 4 [2560/3804 (67%)]	Loss: 0.277046 Loss_all: 0.329418
Train epoch: 4	Loss: 0.254537
val AUROC improved at epoch  4 ; best_AUROC, best_AUPRC, best_precision, best_recall: 0.9726849935614421 0.974319607894594 0.9054982817869416 0.9149305555555556 Human
spend time： 4.4591898918151855 s
Training on 3804 samples...
Train epoch: 5 [0/3804 (0%)]	Loss: 0.215104 Loss_all: 0.272156
Train epoch: 5 [2560/3804 (67%)]	Loss: 0.221388 Loss_all: 0.275180
Train epoch: 5	Loss: 0.211342
val AUROC improved at epoch  5 ; best_AUROC, best_AUPRC, best_precision, best_recall: 0.9691639072847683 0.9728009879492582 0.9659318637274549 0.8368055555555556 Human
spend time： 3.4252898693084717 s
Training on 3804 samples...
Train epoch: 6 [0/3804 (0%)]	Loss: 0.199812 Loss_all: 0.252772
Train epoch: 6 [2560/3804 (67%)]	Loss: 0.228313 Loss_all: 0.280093
Train epoch: 6	Loss: 0.187600
val AUROC improved at epoch  6 ; best_AUROC, best_AUPRC, best_precision, best_recall: 0.9792960126931567 0.9801961264035683 0.9408602150537635 0.9114583333333334 Human
spend time： 3.187725067138672 s
Training on 3804 samples...
Train epoch: 7 [0/3804 (0%)]	Loss: 0.153163 Loss_all: 0.204847
Train epoch: 7 [2560/3804 (67%)]	Loss: 0.109308 Loss_all: 0.162019
Train epoch: 7	Loss: 0.167832
val AUROC improved at epoch  7 ; best_AUROC, best_AUPRC, best_precision, best_recall: 0.980790677888153 0.9818094205284943 0.9202037351443124 0.9409722222222222 Human
spend time： 3.173353672027588 s
Training on 3804 samples...
Train epoch: 8 [0/3804 (0%)]	Loss: 0.136797 Loss_all: 0.192958
Train epoch: 8 [2560/3804 (67%)]	Loss: 0.163592 Loss_all: 0.218057
Train epoch: 8	Loss: 0.147808
0.9767581771049907 No improvement since epoch  7 ; best_AUROC, best_AUPRC, best_precision, best_recall: 0.980790677888153 0.9818094205284943 0.9202037351443124 0.9409722222222222 Human
spend time： 3.033888578414917 s
Training on 3804 samples...
Train epoch: 9 [0/3804 (0%)]	Loss: 0.090915 Loss_all: 0.143402
Train epoch: 9 [2560/3804 (67%)]	Loss: 0.093473 Loss_all: 0.145155
Train epoch: 9	Loss: 0.144878
val AUROC improved at epoch  9 ; best_AUROC, best_AUPRC, best_precision, best_recall: 0.9822192328918322 0.9834956950941663 0.9828693790149893 0.796875 Human
spend time： 4.880476951599121 s
Training on 3804 samples...
Train epoch: 10 [0/3804 (0%)]	Loss: 0.126304 Loss_all: 0.178556
Train epoch: 10 [2560/3804 (67%)]	Loss: 0.089098 Loss_all: 0.141035
Train epoch: 10	Loss: 0.139352
val AUROC improved at epoch  10 ; best_AUROC, best_AUPRC, best_precision, best_recall: 0.9851137095290655 0.9868965866516712 0.9563636363636364 0.9131944444444444 Human
spend time： 5.985119104385376 s
Training on 3804 samples...
Train epoch: 11 [0/3804 (0%)]	Loss: 0.108622 Loss_all: 0.162248
Train epoch: 11 [2560/3804 (67%)]	Loss: 0.138765 Loss_all: 0.191277
Train epoch: 11	Loss: 0.120600
0.9800228260004069 No improvement since epoch  10 ; best_AUROC, best_AUPRC, best_precision, best_recall: 0.9851137095290655 0.9868965866516712 0.9563636363636364 0.9131944444444444 Human
spend time： 4.434488773345947 s
Training on 3804 samples...
Train epoch: 12 [0/3804 (0%)]	Loss: 0.091079 Loss_all: 0.143199
Train epoch: 12 [2560/3804 (67%)]	Loss: 0.136209 Loss_all: 0.191550
Train epoch: 12	Loss: 0.119901
val AUROC improved at epoch  12 ; best_AUROC, best_AUPRC, best_precision, best_recall: 0.9856742089771893 0.9877901614339135 0.9473684210526315 0.9375 Human
spend time： 3.9183130264282227 s
Training on 3804 samples...
Train epoch: 13 [0/3804 (0%)]	Loss: 0.093257 Loss_all: 0.146636
Train epoch: 13 [2560/3804 (67%)]	Loss: 0.108451 Loss_all: 0.162735
Train epoch: 13	Loss: 0.110578
0.9808987074113723 No improvement since epoch  12 ; best_AUROC, best_AUPRC, best_precision, best_recall: 0.9856742089771893 0.9877901614339135 0.9473684210526315 0.9375 Human
spend time： 2.7279551029205322 s
Training on 3804 samples...
Train epoch: 14 [0/3804 (0%)]	Loss: 0.117183 Loss_all: 0.167639
Train epoch: 14 [2560/3804 (67%)]	Loss: 0.097606 Loss_all: 0.148779
Train epoch: 14	Loss: 0.088256
0.979350432189969 No improvement since epoch  12 ; best_AUROC, best_AUPRC, best_precision, best_recall: 0.9856742089771893 0.9877901614339135 0.9473684210526315 0.9375 Human
spend time： 3.037550687789917 s
Training on 3804 samples...
Train epoch: 15 [0/3804 (0%)]	Loss: 0.155322 Loss_all: 0.211264
Train epoch: 15 [2560/3804 (67%)]	Loss: 0.141222 Loss_all: 0.192049
Train epoch: 15	Loss: 0.103546
0.9833626768351484 No improvement since epoch  12 ; best_AUROC, best_AUPRC, best_precision, best_recall: 0.9856742089771893 0.9877901614339135 0.9473684210526315 0.9375 Human
spend time： 2.6818950176239014 s
Training on 3804 samples...
Train epoch: 16 [0/3804 (0%)]	Loss: 0.052858 Loss_all: 0.103630
Train epoch: 16 [2560/3804 (67%)]	Loss: 0.072981 Loss_all: 0.123800
Train epoch: 16	Loss: 0.100735
0.9814295446301392 No improvement since epoch  12 ; best_AUROC, best_AUPRC, best_precision, best_recall: 0.9856742089771893 0.9877901614339135 0.9473684210526315 0.9375 Human
spend time： 3.051405668258667 s
Training on 3804 samples...
Train epoch: 17 [0/3804 (0%)]	Loss: 0.112466 Loss_all: 0.163556
Train epoch: 17 [2560/3804 (67%)]	Loss: 0.096542 Loss_all: 0.146950
Train epoch: 17	Loss: 0.096359
0.9826947066682001 No improvement since epoch  12 ; best_AUROC, best_AUPRC, best_precision, best_recall: 0.9856742089771893 0.9877901614339135 0.9473684210526315 0.9375 Human
spend time： 4.217925786972046 s
Training on 3804 samples...
Train epoch: 18 [0/3804 (0%)]	Loss: 0.046305 Loss_all: 0.099075
Train epoch: 18 [2560/3804 (67%)]	Loss: 0.076704 Loss_all: 0.126720
Train epoch: 18	Loss: 0.079773
0.9833582531916588 No improvement since epoch  12 ; best_AUROC, best_AUPRC, best_precision, best_recall: 0.9856742089771893 0.9877901614339135 0.9473684210526315 0.9375 Human
spend time： 5.259698152542114 s
Training on 3804 samples...
Train epoch: 19 [0/3804 (0%)]	Loss: 0.070672 Loss_all: 0.129211
Train epoch: 19 [2560/3804 (67%)]	Loss: 0.053431 Loss_all: 0.106662
Train epoch: 19	Loss: 0.074776
val AUROC improved at epoch  19 ; best_AUROC, best_AUPRC, best_precision, best_recall: 0.9903220428623988 0.9911404776934557 0.9499136442141624 0.9548611111111112 Human
spend time： 5.354052782058716 s
Training on 3804 samples...
Train epoch: 20 [0/3804 (0%)]	Loss: 0.074918 Loss_all: 0.126288
Train epoch: 20 [2560/3804 (67%)]	Loss: 0.053064 Loss_all: 0.101631
Train epoch: 20	Loss: 0.065317
val AUROC improved at epoch  20 ; best_AUROC, best_AUPRC, best_precision, best_recall: 0.9888877391464312 0.9895182146696611 0.9480069324090121 0.9496527777777778 Human
spend time： 3.9057765007019043 s
Training on 3804 samples...
Train epoch: 21 [0/3804 (0%)]	Loss: 0.081085 Loss_all: 0.131871
Train epoch: 21 [2560/3804 (67%)]	Loss: 0.078804 Loss_all: 0.129674
Train epoch: 21	Loss: 0.070919
0.9818276725442143 No improvement since epoch  20 ; best_AUROC, best_AUPRC, best_precision, best_recall: 0.9888877391464312 0.9895182146696611 0.9480069324090121 0.9496527777777778 Human
spend time： 2.7759013175964355 s
Training on 3804 samples...
Train epoch: 22 [0/3804 (0%)]	Loss: 0.061072 Loss_all: 0.110089
Train epoch: 22 [2560/3804 (67%)]	Loss: 0.064480 Loss_all: 0.115389
Train epoch: 22	Loss: 0.087082
0.9803369046881774 No improvement since epoch  20 ; best_AUROC, best_AUPRC, best_precision, best_recall: 0.9888877391464312 0.9895182146696611 0.9480069324090121 0.9496527777777778 Human
spend time： 2.950500011444092 s
Training on 3804 samples...
Train epoch: 23 [0/3804 (0%)]	Loss: 0.063583 Loss_all: 0.113755
Train epoch: 23 [2560/3804 (67%)]	Loss: 0.080790 Loss_all: 0.130076
Train epoch: 23	Loss: 0.067646
0.9831813074520698 No improvement since epoch  20 ; best_AUROC, best_AUPRC, best_precision, best_recall: 0.9888877391464312 0.9895182146696611 0.9480069324090121 0.9496527777777778 Human
spend time： 2.7725164890289307 s
Training on 3804 samples...
Train epoch: 24 [0/3804 (0%)]	Loss: 0.053014 Loss_all: 0.102320
Train epoch: 24 [2560/3804 (67%)]	Loss: 0.039507 Loss_all: 0.090126
Train epoch: 24	Loss: 0.068734
0.9838537012625078 No improvement since epoch  20 ; best_AUROC, best_AUPRC, best_precision, best_recall: 0.9888877391464312 0.9895182146696611 0.9480069324090121 0.9496527777777778 Human
spend time： 2.8986318111419678 s
Training on 3804 samples...
Train epoch: 25 [0/3804 (0%)]	Loss: 0.036329 Loss_all: 0.085937
Train epoch: 25 [2560/3804 (67%)]	Loss: 0.081702 Loss_all: 0.131772
Train epoch: 25	Loss: 0.056572
0.9833759477656177 No improvement since epoch  20 ; best_AUROC, best_AUPRC, best_precision, best_recall: 0.9888877391464312 0.9895182146696611 0.9480069324090121 0.9496527777777778 Human
spend time： 3.9745230674743652 s
Training on 3804 samples...
Train epoch: 26 [0/3804 (0%)]	Loss: 0.069524 Loss_all: 0.118620
Train epoch: 26 [2560/3804 (67%)]	Loss: 0.052349 Loss_all: 0.102109
Train epoch: 26	Loss: 0.059324
0.9789567279193835 No improvement since epoch  20 ; best_AUROC, best_AUPRC, best_precision, best_recall: 0.9888877391464312 0.9895182146696611 0.9480069324090121 0.9496527777777778 Human
spend time： 5.382478713989258 s
Training on 3804 samples...
Train epoch: 27 [0/3804 (0%)]	Loss: 0.054890 Loss_all: 0.102857
Train epoch: 27 [2560/3804 (67%)]	Loss: 0.109635 Loss_all: 0.158792
Train epoch: 27	Loss: 0.072633
0.9803855647665644 No improvement since epoch  20 ; best_AUROC, best_AUPRC, best_precision, best_recall: 0.9888877391464312 0.9895182146696611 0.9480069324090121 0.9496527777777778 Human
spend time： 4.3352134227752686 s
Training on 3804 samples...
Train epoch: 28 [0/3804 (0%)]	Loss: 0.108128 Loss_all: 0.156267
Train epoch: 28 [2560/3804 (67%)]	Loss: 0.050083 Loss_all: 0.100531
Train epoch: 28	Loss: 0.073096
0.9841987454547063 No improvement since epoch  20 ; best_AUROC, best_AUPRC, best_precision, best_recall: 0.9888877391464312 0.9895182146696611 0.9480069324090121 0.9496527777777778 Human
spend time： 4.140558242797852 s
Training on 3804 samples...
Train epoch: 29 [0/3804 (0%)]	Loss: 0.066493 Loss_all: 0.119614
Train epoch: 29 [2560/3804 (67%)]	Loss: 0.076628 Loss_all: 0.130081
Train epoch: 29	Loss: 0.059264
0.979943200417592 No improvement since epoch  20 ; best_AUROC, best_AUPRC, best_precision, best_recall: 0.9888877391464312 0.9895182146696611 0.9480069324090121 0.9496527777777778 Human
spend time： 2.611189603805542 s
Training on 3804 samples...
Train epoch: 30 [0/3804 (0%)]	Loss: 0.069005 Loss_all: 0.120415
Train epoch: 30 [2560/3804 (67%)]	Loss: 0.035982 Loss_all: 0.087049
Train epoch: 30	Loss: 0.047854
0.9831813074520698 No improvement since epoch  20 ; best_AUROC, best_AUPRC, best_precision, best_recall: 0.9888877391464312 0.9895182146696611 0.9480069324090121 0.9496527777777778 Human
spend time： 2.882269859313965 s
Training on 3804 samples...
Train epoch: 31 [0/3804 (0%)]	Loss: 0.065281 Loss_all: 0.115532
Train epoch: 31 [2560/3804 (67%)]	Loss: 0.041445 Loss_all: 0.091977
Train epoch: 31	Loss: 0.054521
0.9759442267028816 No improvement since epoch  20 ; best_AUROC, best_AUPRC, best_precision, best_recall: 0.9888877391464312 0.9895182146696611 0.9480069324090121 0.9496527777777778 Human
spend time： 2.6701958179473877 s
Training on 3804 samples...
Train epoch: 32 [0/3804 (0%)]	Loss: 0.038275 Loss_all: 0.088125
Train epoch: 32 [2560/3804 (67%)]	Loss: 0.028543 Loss_all: 0.078006
Train epoch: 32	Loss: 0.053847
0.9791027081545445 No improvement since epoch  20 ; best_AUROC, best_AUPRC, best_precision, best_recall: 0.9888877391464312 0.9895182146696611 0.9480069324090121 0.9496527777777778 Human
spend time： 3.0322329998016357 s
Training on 3804 samples...
Train epoch: 33 [0/3804 (0%)]	Loss: 0.050322 Loss_all: 0.099937
Train epoch: 33 [2560/3804 (67%)]	Loss: 0.059578 Loss_all: 0.110875
Train epoch: 33	Loss: 0.048207
0.9811464314467969 No improvement since epoch  20 ; best_AUROC, best_AUPRC, best_precision, best_recall: 0.9888877391464312 0.9895182146696611 0.9480069324090121 0.9496527777777778 Human
spend time： 3.367689371109009 s
Training on 3804 samples...
Train epoch: 34 [0/3804 (0%)]	Loss: 0.044547 Loss_all: 0.094258
Train epoch: 34 [2560/3804 (67%)]	Loss: 0.024058 Loss_all: 0.072658
Train epoch: 34	Loss: 0.040131
0.9815180174999337 No improvement since epoch  20 ; best_AUROC, best_AUPRC, best_precision, best_recall: 0.9888877391464312 0.9895182146696611 0.9480069324090121 0.9496527777777778 Human
spend time： 5.13333797454834 s
Training on 3804 samples...
Train epoch: 35 [0/3804 (0%)]	Loss: 0.026522 Loss_all: 0.074618
Train epoch: 35 [2560/3804 (67%)]	Loss: 0.047698 Loss_all: 0.098236
Train epoch: 35	Loss: 0.035917
0.9834467260614533 No improvement since epoch  20 ; best_AUROC, best_AUPRC, best_precision, best_recall: 0.9888877391464312 0.9895182146696611 0.9480069324090121 0.9496527777777778 Human
spend time： 4.857637882232666 s
Training on 3804 samples...
Train epoch: 36 [0/3804 (0%)]	Loss: 0.032945 Loss_all: 0.081109
Train epoch: 36 [2560/3804 (67%)]	Loss: 0.017751 Loss_all: 0.065614
Train epoch: 36	Loss: 0.030958
0.9815003229259749 No improvement since epoch  20 ; best_AUROC, best_AUPRC, best_precision, best_recall: 0.9888877391464312 0.9895182146696611 0.9480069324090121 0.9496527777777778 Human
spend time： 3.7958245277404785 s
Training on 3804 samples...
Train epoch: 37 [0/3804 (0%)]	Loss: 0.045401 Loss_all: 0.095952
Train epoch: 37 [2560/3804 (67%)]	Loss: 0.044963 Loss_all: 0.095805
Train epoch: 37	Loss: 0.039540
0.9847605481779012 No improvement since epoch  20 ; best_AUROC, best_AUPRC, best_precision, best_recall: 0.9888877391464312 0.9895182146696611 0.9480069324090121 0.9496527777777778 Human
spend time： 3.2575156688690186 s
Training on 3804 samples...
Train epoch: 38 [0/3804 (0%)]	Loss: 0.025958 Loss_all: 0.075339
Train epoch: 38 [2560/3804 (67%)]	Loss: 0.026463 Loss_all: 0.076037
Train epoch: 38	Loss: 0.039391
0.9847693954648807 No improvement since epoch  20 ; best_AUROC, best_AUPRC, best_precision, best_recall: 0.9888877391464312 0.9895182146696611 0.9480069324090121 0.9496527777777778 Human
spend time： 2.8530545234680176 s
Training on 3804 samples...
Train epoch: 39 [0/3804 (0%)]	Loss: 0.060500 Loss_all: 0.109397
Train epoch: 39 [2560/3804 (67%)]	Loss: 0.045846 Loss_all: 0.093343
Train epoch: 39	Loss: 0.049501
0.9847649718213909 No improvement since epoch  20 ; best_AUROC, best_AUPRC, best_precision, best_recall: 0.9888877391464312 0.9895182146696611 0.9480069324090121 0.9496527777777778 Human
spend time： 2.8463351726531982 s
Training on 3804 samples...
Train epoch: 40 [0/3804 (0%)]	Loss: 0.039624 Loss_all: 0.087973
Train epoch: 40 [2560/3804 (67%)]	Loss: 0.017940 Loss_all: 0.066366
Train epoch: 40	Loss: 0.043868
0.9841191198718913 No improvement since epoch  20 ; best_AUROC, best_AUPRC, best_precision, best_recall: 0.9888877391464312 0.9895182146696611 0.9480069324090121 0.9496527777777778 Human
spend time： 3.1175312995910645 s
Training on 3804 samples...
Train epoch: 41 [0/3804 (0%)]	Loss: 0.017678 Loss_all: 0.065852
Train epoch: 41 [2560/3804 (67%)]	Loss: 0.031963 Loss_all: 0.079922
Train epoch: 41	Loss: 0.032392
0.9850082722133257 No improvement since epoch  20 ; best_AUROC, best_AUPRC, best_precision, best_recall: 0.9888877391464312 0.9895182146696611 0.9480069324090121 0.9496527777777778 Human
spend time： 3.5935072898864746 s
Training on 3804 samples...
Train epoch: 42 [0/3804 (0%)]	Loss: 0.044614 Loss_all: 0.092561
Train epoch: 42 [2560/3804 (67%)]	Loss: 0.031233 Loss_all: 0.079493
Train epoch: 42	Loss: 0.030118
0.9843403020463775 No improvement since epoch  20 ; best_AUROC, best_AUPRC, best_precision, best_recall: 0.9888877391464312 0.9895182146696611 0.9480069324090121 0.9496527777777778 Human
spend time： 4.67113471031189 s
Training on 3804 samples...
Train epoch: 43 [0/3804 (0%)]	Loss: 0.011450 Loss_all: 0.058316
Train epoch: 43 [2560/3804 (67%)]	Loss: 0.017210 Loss_all: 0.064706
Train epoch: 43	Loss: 0.023797
val AUROC improved at epoch  43 ; best_AUROC, best_AUPRC, best_precision, best_recall: 0.9876402685798381 0.9881712116259371 0.9439579684763573 0.9357638888888888 Human
spend time： 5.410309314727783 s
Training on 3804 samples...
Train epoch: 44 [0/3804 (0%)]	Loss: 0.031386 Loss_all: 0.082706
Train epoch: 44 [2560/3804 (67%)]	Loss: 0.021225 Loss_all: 0.069911
Train epoch: 44	Loss: 0.035058
0.9841633563067885 No improvement since epoch  43 ; best_AUROC, best_AUPRC, best_precision, best_recall: 0.9876402685798381 0.9881712116259371 0.9439579684763573 0.9357638888888888 Human
spend time： 3.778204917907715 s
Training on 3804 samples...
Train epoch: 45 [0/3804 (0%)]	Loss: 0.022546 Loss_all: 0.070043
Train epoch: 45 [2560/3804 (67%)]	Loss: 0.073630 Loss_all: 0.122142
Train epoch: 45	Loss: 0.035727
0.9837121446708366 No improvement since epoch  43 ; best_AUROC, best_AUPRC, best_precision, best_recall: 0.9876402685798381 0.9881712116259371 0.9439579684763573 0.9357638888888888 Human
spend time： 3.2036492824554443 s
Training on 3804 samples...
Train epoch: 46 [0/3804 (0%)]	Loss: 0.032001 Loss_all: 0.079576
Train epoch: 46 [2560/3804 (67%)]	Loss: 0.035032 Loss_all: 0.082407
Train epoch: 46	Loss: 0.040108
0.9856187350149077 No improvement since epoch  43 ; best_AUROC, best_AUPRC, best_precision, best_recall: 0.9876402685798381 0.9881712116259371 0.9439579684763573 0.9357638888888888 Human
spend time： 2.8739147186279297 s
Training on 3804 samples...
Train epoch: 47 [0/3804 (0%)]	Loss: 0.023037 Loss_all: 0.069152
Train epoch: 47 [2560/3804 (67%)]	Loss: 0.024532 Loss_all: 0.072271
Train epoch: 47	Loss: 0.035904
0.9837342628882852 No improvement since epoch  43 ; best_AUROC, best_AUPRC, best_precision, best_recall: 0.9876402685798381 0.9881712116259371 0.9439579684763573 0.9357638888888888 Human
spend time： 2.8840997219085693 s
Training on 3804 samples...
Train epoch: 48 [0/3804 (0%)]	Loss: 0.035799 Loss_all: 0.083712
Train epoch: 48 [2560/3804 (67%)]	Loss: 0.034877 Loss_all: 0.082374
Train epoch: 48	Loss: 0.025238
0.9858266462589247 No improvement since epoch  43 ; best_AUROC, best_AUPRC, best_precision, best_recall: 0.9876402685798381 0.9881712116259371 0.9439579684763573 0.9357638888888888 Human
spend time： 3.3285582065582275 s
Training on 3804 samples...
Train epoch: 49 [0/3804 (0%)]	Loss: 0.025954 Loss_all: 0.072414
Train epoch: 49 [2560/3804 (67%)]	Loss: 0.013526 Loss_all: 0.062805
Train epoch: 49	Loss: 0.021453
0.9838448539755285 No improvement since epoch  43 ; best_AUROC, best_AUPRC, best_precision, best_recall: 0.9876402685798381 0.9881712116259371 0.9439579684763573 0.9357638888888888 Human
spend time： 3.5250751972198486 s
Training on 3804 samples...
Train epoch: 50 [0/3804 (0%)]	Loss: 0.033378 Loss_all: 0.082692
Train epoch: 50 [2560/3804 (67%)]	Loss: 0.035397 Loss_all: 0.083902
Train epoch: 50	Loss: 0.018366
0.9845305187164356 No improvement since epoch  43 ; best_AUROC, best_AUPRC, best_precision, best_recall: 0.9876402685798381 0.9881712116259371 0.9439579684763573 0.9357638888888888 Human
spend time： 4.979507923126221 s
Training on 3804 samples...
Train epoch: 51 [0/3804 (0%)]	Loss: 0.015897 Loss_all: 0.062076
Train epoch: 51 [2560/3804 (67%)]	Loss: 0.050133 Loss_all: 0.098676
Train epoch: 51	Loss: 0.025622
0.9849153757000416 No improvement since epoch  43 ; best_AUROC, best_AUPRC, best_precision, best_recall: 0.9876402685798381 0.9881712116259371 0.9439579684763573 0.9357638888888888 Human
spend time： 4.728384971618652 s
Training on 3804 samples...
Train epoch: 52 [0/3804 (0%)]	Loss: 0.015069 Loss_all: 0.062572
Train epoch: 52 [2560/3804 (67%)]	Loss: 0.023701 Loss_all: 0.070997
Train epoch: 52	Loss: 0.026906
0.9857647152500685 No improvement since epoch  43 ; best_AUROC, best_AUPRC, best_precision, best_recall: 0.9876402685798381 0.9881712116259371 0.9439579684763573 0.9357638888888888 Human
spend time： 3.883028984069824 s
Training on 3804 samples...
Train epoch: 53 [0/3804 (0%)]	Loss: 0.053774 Loss_all: 0.100337
Train epoch: 53 [2560/3804 (67%)]	Loss: 0.009978 Loss_all: 0.058354
Train epoch: 53	Loss: 0.029114
0.9852206071008325 No improvement since epoch  43 ; best_AUROC, best_AUPRC, best_precision, best_recall: 0.9876402685798381 0.9881712116259371 0.9439579684763573 0.9357638888888888 Human
spend time： 3.260397434234619 s
Training on 3804 samples...
Train epoch: 54 [0/3804 (0%)]	Loss: 0.006800 Loss_all: 0.052680
Train epoch: 54 [2560/3804 (67%)]	Loss: 0.031424 Loss_all: 0.079275
Train epoch: 54	Loss: 0.020231
val AUROC improved at epoch  54 ; best_AUROC, best_AUPRC, best_precision, best_recall: 0.9840645695364237 0.9843760378545457 0.9648148148148148 0.9045138888888888 Human
spend time： 3.365863084793091 s
Training on 3804 samples...
Train epoch: 55 [0/3804 (0%)]	Loss: 0.016146 Loss_all: 0.064160
Train epoch: 55 [2560/3804 (67%)]	Loss: 0.049045 Loss_all: 0.094852
Train epoch: 55	Loss: 0.032613
0.986255739677428 No improvement since epoch  54 ; best_AUROC, best_AUPRC, best_precision, best_recall: 0.9840645695364237 0.9843760378545457 0.9648148148148148 0.9045138888888888 Human
spend time： 2.6971516609191895 s
Training on 3804 samples...
Train epoch: 56 [0/3804 (0%)]	Loss: 0.035420 Loss_all: 0.081626
Train epoch: 56 [2560/3804 (67%)]	Loss: 0.062551 Loss_all: 0.108805
Train epoch: 56	Loss: 0.028784
0.9853356218315654 No improvement since epoch  54 ; best_AUROC, best_AUPRC, best_precision, best_recall: 0.9840645695364237 0.9843760378545457 0.9648148148148148 0.9045138888888888 Human
spend time： 3.6694180965423584 s
Training on 3804 samples...
Train epoch: 57 [0/3804 (0%)]	Loss: 0.017195 Loss_all: 0.062559
Train epoch: 57 [2560/3804 (67%)]	Loss: 0.051851 Loss_all: 0.097491
Train epoch: 57	Loss: 0.023691
0.9845570605773739 No improvement since epoch  54 ; best_AUROC, best_AUPRC, best_precision, best_recall: 0.9840645695364237 0.9843760378545457 0.9648148148148148 0.9045138888888888 Human
spend time： 3.3789443969726562 s
Training on 3804 samples...
Train epoch: 58 [0/3804 (0%)]	Loss: 0.022189 Loss_all: 0.068465
Train epoch: 58 [2560/3804 (67%)]	Loss: 0.031321 Loss_all: 0.078907
Train epoch: 58	Loss: 0.028741
0.9849596121349388 No improvement since epoch  54 ; best_AUROC, best_AUPRC, best_precision, best_recall: 0.9840645695364237 0.9843760378545457 0.9648148148148148 0.9045138888888888 Human
spend time： 4.89513897895813 s
Training on 3804 samples...
Train epoch: 59 [0/3804 (0%)]	Loss: 0.044905 Loss_all: 0.089659
Train epoch: 59 [2560/3804 (67%)]	Loss: 0.040110 Loss_all: 0.087983
Train epoch: 59	Loss: 0.039181
0.9831547655911316 No improvement since epoch  54 ; best_AUROC, best_AUPRC, best_precision, best_recall: 0.9840645695364237 0.9843760378545457 0.9648148148148148 0.9045138888888888 Human
spend time： 4.397591590881348 s
Training on 3804 samples...
Train epoch: 60 [0/3804 (0%)]	Loss: 0.016039 Loss_all: 0.063129
Train epoch: 60 [2560/3804 (67%)]	Loss: 0.058964 Loss_all: 0.104580
Train epoch: 60	Loss: 0.043683
0.98590184819825 No improvement since epoch  54 ; best_AUROC, best_AUPRC, best_precision, best_recall: 0.9840645695364237 0.9843760378545457 0.9648148148148148 0.9045138888888888 Human
spend time： 3.7842280864715576 s
Training on 3804 samples...
Train epoch: 61 [0/3804 (0%)]	Loss: 0.044242 Loss_all: 0.089770
Train epoch: 61 [2560/3804 (67%)]	Loss: 0.082465 Loss_all: 0.129008
Train epoch: 61	Loss: 0.040120
0.9821881994886268 No improvement since epoch  54 ; best_AUROC, best_AUPRC, best_precision, best_recall: 0.9840645695364237 0.9843760378545457 0.9648148148148148 0.9045138888888888 Human
spend time： 3.271627187728882 s
Training on 3804 samples...
Train epoch: 62 [0/3804 (0%)]	Loss: 0.021993 Loss_all: 0.067998
Train epoch: 62 [2560/3804 (67%)]	Loss: 0.012081 Loss_all: 0.057508
Train epoch: 62	Loss: 0.027129
0.9859991683550238 No improvement since epoch  54 ; best_AUROC, best_AUPRC, best_precision, best_recall: 0.9840645695364237 0.9843760378545457 0.9648148148148148 0.9045138888888888 Human
spend time： 3.012566089630127 s
Training on 3804 samples...
Train epoch: 63 [0/3804 (0%)]	Loss: 0.018237 Loss_all: 0.063500
Train epoch: 63 [2560/3804 (67%)]	Loss: 0.022305 Loss_all: 0.066848
Train epoch: 63	Loss: 0.026598
0.985326774544586 No improvement since epoch  54 ; best_AUROC, best_AUPRC, best_precision, best_recall: 0.9840645695364237 0.9843760378545457 0.9648148148148148 0.9045138888888888 Human
spend time： 2.584644079208374 s
Training on 3804 samples...
Train epoch: 64 [0/3804 (0%)]	Loss: 0.023626 Loss_all: 0.069365
Train epoch: 64 [2560/3804 (67%)]	Loss: 0.012573 Loss_all: 0.056641
Train epoch: 64	Loss: 0.028875
0.9844420458466411 No improvement since epoch  54 ; best_AUROC, best_AUPRC, best_precision, best_recall: 0.9840645695364237 0.9843760378545457 0.9648148148148148 0.9045138888888888 Human
spend time： 3.549895763397217 s
Training on 3804 samples...
Train epoch: 65 [0/3804 (0%)]	Loss: 0.045101 Loss_all: 0.089671
Train epoch: 65 [2560/3804 (67%)]	Loss: 0.012554 Loss_all: 0.058031
Train epoch: 65	Loss: 0.024120
0.9841633563067885 No improvement since epoch  54 ; best_AUROC, best_AUPRC, best_precision, best_recall: 0.9840645695364237 0.9843760378545457 0.9648148148148148 0.9045138888888888 Human
spend time： 3.588376522064209 s
Training on 3804 samples...
Train epoch: 66 [0/3804 (0%)]	Loss: 0.017879 Loss_all: 0.062122
Train epoch: 66 [2560/3804 (67%)]	Loss: 0.011793 Loss_all: 0.057049
Train epoch: 66	Loss: 0.022815
0.9866715621654619 No improvement since epoch  54 ; best_AUROC, best_AUPRC, best_precision, best_recall: 0.9840645695364237 0.9843760378545457 0.9648148148148148 0.9045138888888888 Human
spend time： 4.790525197982788 s
Training on 3804 samples...
Train epoch: 67 [0/3804 (0%)]	Loss: 0.013216 Loss_all: 0.057405
Train epoch: 67 [2560/3804 (67%)]	Loss: 0.038688 Loss_all: 0.084314
Train epoch: 67	Loss: 0.034264
0.9845128241424767 No improvement since epoch  54 ; best_AUROC, best_AUPRC, best_precision, best_recall: 0.9840645695364237 0.9843760378545457 0.9648148148148148 0.9045138888888888 Human
spend time： 4.547992706298828 s
Training on 3804 samples...
Train epoch: 68 [0/3804 (0%)]	Loss: 0.017715 Loss_all: 0.061183
Train epoch: 68 [2560/3804 (67%)]	Loss: 0.048869 Loss_all: 0.093481
Train epoch: 68	Loss: 0.028040
val AUROC improved at epoch  68 ; best_AUROC, best_AUPRC, best_precision, best_recall: 0.9877293736203091 0.9867962201110171 0.9556737588652482 0.9357638888888888 Human
spend time： 4.412871837615967 s
Training on 3804 samples...
Train epoch: 69 [0/3804 (0%)]	Loss: 0.052778 Loss_all: 0.097569
Train epoch: 69 [2560/3804 (67%)]	Loss: 0.004756 Loss_all: 0.048307
Train epoch: 69	Loss: 0.024658
0.9844331985596616 No improvement since epoch  68 ; best_AUROC, best_AUPRC, best_precision, best_recall: 0.9877293736203091 0.9867962201110171 0.9556737588652482 0.9357638888888888 Human
spend time： 3.2403063774108887 s
Training on 3804 samples...
Train epoch: 70 [0/3804 (0%)]	Loss: 0.031164 Loss_all: 0.076148
Train epoch: 70 [2560/3804 (67%)]	Loss: 0.014690 Loss_all: 0.058636
Train epoch: 70	Loss: 0.019496
0.9853135036141167 No improvement since epoch  68 ; best_AUROC, best_AUPRC, best_precision, best_recall: 0.9877293736203091 0.9867962201110171 0.9556737588652482 0.9357638888888888 Human
spend time： 2.8645756244659424 s
Training on 3804 samples...
Train epoch: 71 [0/3804 (0%)]	Loss: 0.006651 Loss_all: 0.051094
Train epoch: 71 [2560/3804 (67%)]	Loss: 0.006790 Loss_all: 0.049483
Train epoch: 71	Loss: 0.010561
0.9852383016747914 No improvement since epoch  68 ; best_AUROC, best_AUPRC, best_precision, best_recall: 0.9877293736203091 0.9867962201110171 0.9556737588652482 0.9357638888888888 Human
spend time： 2.716657876968384 s
Training on 3804 samples...
Train epoch: 72 [0/3804 (0%)]	Loss: 0.020484 Loss_all: 0.064657
Train epoch: 72 [2560/3804 (67%)]	Loss: 0.008489 Loss_all: 0.050825
Train epoch: 72	Loss: 0.016136
0.9858974245547604 No improvement since epoch  68 ; best_AUROC, best_AUPRC, best_precision, best_recall: 0.9877293736203091 0.9867962201110171 0.9556737588652482 0.9357638888888888 Human
spend time： 3.872563600540161 s
Training on 3804 samples...
Train epoch: 73 [0/3804 (0%)]	Loss: 0.004594 Loss_all: 0.048281
Train epoch: 73 [2560/3804 (67%)]	Loss: 0.002705 Loss_all: 0.045004
Train epoch: 73	Loss: 0.010058
0.9839333268453229 No improvement since epoch  68 ; best_AUROC, best_AUPRC, best_precision, best_recall: 0.9877293736203091 0.9867962201110171 0.9556737588652482 0.9357638888888888 Human
spend time： 3.3583662509918213 s
Training on 3804 samples...
Train epoch: 74 [0/3804 (0%)]	Loss: 0.027318 Loss_all: 0.070754
Train epoch: 74 [2560/3804 (67%)]	Loss: 0.005892 Loss_all: 0.050491
Train epoch: 74	Loss: 0.017840
0.9843226074724184 No improvement since epoch  68 ; best_AUROC, best_AUPRC, best_precision, best_recall: 0.9877293736203091 0.9867962201110171 0.9556737588652482 0.9357638888888888 Human
spend time： 5.214404106140137 s
Training on 3804 samples...
Train epoch: 75 [0/3804 (0%)]	Loss: 0.008289 Loss_all: 0.051193
Train epoch: 75 [2560/3804 (67%)]	Loss: 0.031252 Loss_all: 0.074185
Train epoch: 75	Loss: 0.019720
0.983035327216909 No improvement since epoch  68 ; best_AUROC, best_AUPRC, best_precision, best_recall: 0.9877293736203091 0.9867962201110171 0.9556737588652482 0.9357638888888888 Human
spend time： 4.106558084487915 s
Training on 3804 samples...
Train epoch: 76 [0/3804 (0%)]	Loss: 0.007239 Loss_all: 0.049987
Train epoch: 76 [2560/3804 (67%)]	Loss: 0.006124 Loss_all: 0.050254
Train epoch: 76	Loss: 0.014340
0.9846897698820657 No improvement since epoch  68 ; best_AUROC, best_AUPRC, best_precision, best_recall: 0.9877293736203091 0.9867962201110171 0.9556737588652482 0.9357638888888888 Human
spend time： 3.989957571029663 s
Training on 3804 samples...
Train epoch: 77 [0/3804 (0%)]	Loss: 0.005431 Loss_all: 0.047451
Train epoch: 77 [2560/3804 (67%)]	Loss: 0.035912 Loss_all: 0.078125
Train epoch: 77	Loss: 0.018785
0.9843093365419494 No improvement since epoch  68 ; best_AUROC, best_AUPRC, best_precision, best_recall: 0.9877293736203091 0.9867962201110171 0.9556737588652482 0.9357638888888888 Human
spend time： 2.961733818054199 s
Training on 3804 samples...
Train epoch: 78 [0/3804 (0%)]	Loss: 0.005612 Loss_all: 0.048499
Train epoch: 78 [2560/3804 (67%)]	Loss: 0.031295 Loss_all: 0.073619
Train epoch: 78	Loss: 0.016640
0.9852383016747913 No improvement since epoch  68 ; best_AUROC, best_AUPRC, best_precision, best_recall: 0.9877293736203091 0.9867962201110171 0.9556737588652482 0.9357638888888888 Human
spend time： 2.899182081222534 s
Training on 3804 samples...
Train epoch: 79 [0/3804 (0%)]	Loss: 0.008689 Loss_all: 0.052574
Train epoch: 79 [2560/3804 (67%)]	Loss: 0.055947 Loss_all: 0.099079
Train epoch: 79	Loss: 0.027881
0.9851188633005689 No improvement since epoch  68 ; best_AUROC, best_AUPRC, best_precision, best_recall: 0.9877293736203091 0.9867962201110171 0.9556737588652482 0.9357638888888888 Human
spend time： 2.726106882095337 s
Training on 3804 samples...
Train epoch: 80 [0/3804 (0%)]	Loss: 0.028898 Loss_all: 0.072293
Train epoch: 80 [2560/3804 (67%)]	Loss: 0.062304 Loss_all: 0.105249
Train epoch: 80	Loss: 0.027211
0.9837165683143264 No improvement since epoch  68 ; best_AUROC, best_AUPRC, best_precision, best_recall: 0.9877293736203091 0.9867962201110171 0.9556737588652482 0.9357638888888888 Human
spend time： 3.9446845054626465 s
Training on 3804 samples...
Train epoch: 81 [0/3804 (0%)]	Loss: 0.016329 Loss_all: 0.058920
Train epoch: 81 [2560/3804 (67%)]	Loss: 0.040028 Loss_all: 0.082603
Train epoch: 81	Loss: 0.022682
0.9843403020463776 No improvement since epoch  68 ; best_AUROC, best_AUPRC, best_precision, best_recall: 0.9877293736203091 0.9867962201110171 0.9556737588652482 0.9357638888888888 Human
spend time： 3.671761989593506 s
Training on 3804 samples...
Train epoch: 82 [0/3804 (0%)]	Loss: 0.009267 Loss_all: 0.051269
Train epoch: 82 [2560/3804 (67%)]	Loss: 0.009966 Loss_all: 0.051983
Train epoch: 82	Loss: 0.019759
0.9857293261021508 No improvement since epoch  68 ; best_AUROC, best_AUPRC, best_precision, best_recall: 0.9877293736203091 0.9867962201110171 0.9556737588652482 0.9357638888888888 Human
spend time： 5.288564682006836 s
Training on 3804 samples...
Train epoch: 83 [0/3804 (0%)]	Loss: 0.012924 Loss_all: 0.053873
Train epoch: 83 [2560/3804 (67%)]	Loss: 0.004552 Loss_all: 0.045809
Train epoch: 83	Loss: 0.016179
0.9852781144661988 No improvement since epoch  68 ; best_AUROC, best_AUPRC, best_precision, best_recall: 0.9877293736203091 0.9867962201110171 0.9556737588652482 0.9357638888888888 Human
spend time： 3.8661587238311768 s
Training on 3804 samples...
Train epoch: 84 [0/3804 (0%)]	Loss: 0.011429 Loss_all: 0.052734
Train epoch: 84 [2560/3804 (67%)]	Loss: 0.025283 Loss_all: 0.065637
Train epoch: 84	Loss: 0.013406
0.9868750497659893 No improvement since epoch  68 ; best_AUROC, best_AUPRC, best_precision, best_recall: 0.9877293736203091 0.9867962201110171 0.9556737588652482 0.9357638888888888 Human
spend time： 3.8799831867218018 s
Training on 3804 samples...
Train epoch: 85 [0/3804 (0%)]	Loss: 0.019999 Loss_all: 0.060419
Train epoch: 85 [2560/3804 (67%)]	Loss: 0.009947 Loss_all: 0.051534
Train epoch: 85	Loss: 0.013671
0.9844730113510692 No improvement since epoch  68 ; best_AUROC, best_AUPRC, best_precision, best_recall: 0.9877293736203091 0.9867962201110171 0.9556737588652482 0.9357638888888888 Human
spend time： 3.0926711559295654 s
Training on 3804 samples...
Train epoch: 86 [0/3804 (0%)]	Loss: 0.003121 Loss_all: 0.044252
Train epoch: 86 [2560/3804 (67%)]	Loss: 0.004159 Loss_all: 0.045623
Train epoch: 86	Loss: 0.011643
0.9850303904307743 No improvement since epoch  68 ; best_AUROC, best_AUPRC, best_precision, best_recall: 0.9877293736203091 0.9867962201110171 0.9556737588652482 0.9357638888888888 Human
spend time： 3.101681709289551 s
Training on 3804 samples...
Train epoch: 87 [0/3804 (0%)]	Loss: 0.015406 Loss_all: 0.056779
Train epoch: 87 [2560/3804 (67%)]	Loss: 0.008740 Loss_all: 0.050163
Train epoch: 87	Loss: 0.017298
0.9813167417211512 No improvement since epoch  68 ; best_AUROC, best_AUPRC, best_precision, best_recall: 0.9877293736203091 0.9867962201110171 0.9556737588652482 0.9357638888888888 Human
spend time： 2.5502007007598877 s
Training on 3804 samples...
Train epoch: 88 [0/3804 (0%)]	Loss: 0.016625 Loss_all: 0.059581
Train epoch: 88 [2560/3804 (67%)]	Loss: 0.010319 Loss_all: 0.051990
Train epoch: 88	Loss: 0.017635
0.9859637792071061 No improvement since epoch  68 ; best_AUROC, best_AUPRC, best_precision, best_recall: 0.9877293736203091 0.9867962201110171 0.9556737588652482 0.9357638888888888 Human
spend time： 3.0386111736297607 s
Training on 3804 samples...
Train epoch: 89 [0/3804 (0%)]	Loss: 0.016278 Loss_all: 0.057773
Train epoch: 89 [2560/3804 (67%)]	Loss: 0.061359 Loss_all: 0.102650
Train epoch: 89	Loss: 0.018335
0.9829424307036247 No improvement since epoch  68 ; best_AUROC, best_AUPRC, best_precision, best_recall: 0.9877293736203091 0.9867962201110171 0.9556737588652482 0.9357638888888888 Human
spend time： 3.558706760406494 s
Training on 3804 samples...
Train epoch: 90 [0/3804 (0%)]	Loss: 0.002638 Loss_all: 0.043749
Train epoch: 90 [2560/3804 (67%)]	Loss: 0.003938 Loss_all: 0.048804
Train epoch: 90	Loss: 0.014010
0.9819338399879676 No improvement since epoch  68 ; best_AUROC, best_AUPRC, best_precision, best_recall: 0.9877293736203091 0.9867962201110171 0.9556737588652482 0.9357638888888888 Human
spend time： 4.809099435806274 s
Training on 3804 samples...
Train epoch: 91 [0/3804 (0%)]	Loss: 0.010894 Loss_all: 0.052949
Train epoch: 91 [2560/3804 (67%)]	Loss: 0.018994 Loss_all: 0.063044
Train epoch: 91	Loss: 0.017340
0.9836590609489599 No improvement since epoch  68 ; best_AUROC, best_AUPRC, best_precision, best_recall: 0.9877293736203091 0.9867962201110171 0.9556737588652482 0.9357638888888888 Human
spend time： 4.797560214996338 s
Training on 3804 samples...
Train epoch: 92 [0/3804 (0%)]	Loss: 0.022399 Loss_all: 0.063792
Train epoch: 92 [2560/3804 (67%)]	Loss: 0.010260 Loss_all: 0.051752
Train epoch: 92	Loss: 0.016861
0.9838138884711003 No improvement since epoch  68 ; best_AUROC, best_AUPRC, best_precision, best_recall: 0.9877293736203091 0.9867962201110171 0.9556737588652482 0.9357638888888888 Human
spend time： 4.035125732421875 s
Training on 3804 samples...
Train epoch: 93 [0/3804 (0%)]	Loss: 0.006822 Loss_all: 0.047811
Train epoch: 93 [2560/3804 (67%)]	Loss: 0.013873 Loss_all: 0.056013
Train epoch: 93	Loss: 0.012188
0.9842341346026242 No improvement since epoch  68 ; best_AUROC, best_AUPRC, best_precision, best_recall: 0.9877293736203091 0.9867962201110171 0.9556737588652482 0.9357638888888888 Human
spend time： 3.4406285285949707 s
Training on 3804 samples...
Train epoch: 94 [0/3804 (0%)]	Loss: 0.005006 Loss_all: 0.046177
Train epoch: 94 [2560/3804 (67%)]	Loss: 0.013185 Loss_all: 0.054527
Train epoch: 94	Loss: 0.020194
0.9811154659423688 No improvement since epoch  68 ; best_AUROC, best_AUPRC, best_precision, best_recall: 0.9877293736203091 0.9867962201110171 0.9556737588652482 0.9357638888888888 Human
spend time： 3.092172861099243 s
Training on 3804 samples...
Train epoch: 95 [0/3804 (0%)]	Loss: 0.013833 Loss_all: 0.056933
Train epoch: 95 [2560/3804 (67%)]	Loss: 0.019023 Loss_all: 0.060221
Train epoch: 95	Loss: 0.019369
0.9786072600836953 No improvement since epoch  68 ; best_AUROC, best_AUPRC, best_precision, best_recall: 0.9877293736203091 0.9867962201110171 0.9556737588652482 0.9357638888888888 Human
spend time： 2.7673144340515137 s
Training on 3804 samples...
Train epoch: 96 [0/3804 (0%)]	Loss: 0.024012 Loss_all: 0.064751
Train epoch: 96 [2560/3804 (67%)]	Loss: 0.051897 Loss_all: 0.095028
Train epoch: 96	Loss: 0.033655
0.9818851799095807 No improvement since epoch  68 ; best_AUROC, best_AUPRC, best_precision, best_recall: 0.9877293736203091 0.9867962201110171 0.9556737588652482 0.9357638888888888 Human
spend time： 3.508718252182007 s
Training on 3804 samples...
Train epoch: 97 [0/3804 (0%)]	Loss: 0.041208 Loss_all: 0.082578
Train epoch: 97 [2560/3804 (67%)]	Loss: 0.011353 Loss_all: 0.052590
Train epoch: 97	Loss: 0.026825
0.9822877314671457 No improvement since epoch  68 ; best_AUROC, best_AUPRC, best_precision, best_recall: 0.9877293736203091 0.9867962201110171 0.9556737588652482 0.9357638888888888 Human
spend time： 3.41404390335083 s
Training on 3804 samples...
Train epoch: 98 [0/3804 (0%)]	Loss: 0.027684 Loss_all: 0.068129
Train epoch: 98 [2560/3804 (67%)]	Loss: 0.015564 Loss_all: 0.056711
Train epoch: 98	Loss: 0.020196
0.9843491493333569 No improvement since epoch  68 ; best_AUROC, best_AUPRC, best_precision, best_recall: 0.9877293736203091 0.9867962201110171 0.9556737588652482 0.9357638888888888 Human
spend time： 4.739363431930542 s
Training on 3804 samples...
Train epoch: 99 [0/3804 (0%)]	Loss: 0.004889 Loss_all: 0.045829
Train epoch: 99 [2560/3804 (67%)]	Loss: 0.008755 Loss_all: 0.052660
Train epoch: 99	Loss: 0.015919
0.983690026453388 No improvement since epoch  68 ; best_AUROC, best_AUPRC, best_precision, best_recall: 0.9877293736203091 0.9867962201110171 0.9556737588652482 0.9357638888888888 Human
/root/HAG-DTA/py38_env/lib/python3.8/site-packages/torch_geometric/deprecation.py:26: UserWarning: 'data.DenseDataLoader' is deprecated, use 'loader.DenseDataLoader' instead
  warnings.warn(out)
spend time： 4.693158149719238 s
Training on 3804 samples...
Train epoch: 100 [0/3804 (0%)]	Loss: 0.009459 Loss_all: 0.049580
Train epoch: 100 [2560/3804 (67%)]	Loss: 0.028524 Loss_all: 0.067931
Train epoch: 100	Loss: 0.014166
0.9854572720275327 No improvement since epoch  68 ; best_AUROC, best_AUPRC, best_precision, best_recall: 0.9877293736203091 0.9867962201110171 0.9556737588652482 0.9357638888888888 Human
spend time： 3.987163543701172 s
Training on 3804 samples...
Train epoch: 101 [0/3804 (0%)]	Loss: 0.002048 Loss_all: 0.042144
Train epoch: 101 [2560/3804 (67%)]	Loss: 0.001521 Loss_all: 0.041062
Train epoch: 101	Loss: 0.012470
0.9830574454343575 No improvement since epoch  68 ; best_AUROC, best_AUPRC, best_precision, best_recall: 0.9877293736203091 0.9867962201110171 0.9556737588652482 0.9357638888888888 Human
spend time： 3.2877721786499023 s
Training on 3804 samples...
Train epoch: 102 [0/3804 (0%)]	Loss: 0.005709 Loss_all: 0.045462
Train epoch: 102 [2560/3804 (67%)]	Loss: 0.005115 Loss_all: 0.045355
Train epoch: 102	Loss: 0.008306
0.9838404303320386 No improvement since epoch  68 ; best_AUROC, best_AUPRC, best_precision, best_recall: 0.9877293736203091 0.9867962201110171 0.9556737588652482 0.9357638888888888 Human
spend time： 2.8566901683807373 s
Training on 3804 samples...
Train epoch: 103 [0/3804 (0%)]	Loss: 0.002691 Loss_all: 0.041686
Train epoch: 103 [2560/3804 (67%)]	Loss: 0.001426 Loss_all: 0.040737
Train epoch: 103	Loss: 0.006521
0.9841014252979323 No improvement since epoch  68 ; best_AUROC, best_AUPRC, best_precision, best_recall: 0.9877293736203091 0.9867962201110171 0.9556737588652482 0.9357638888888888 Human
spend time： 2.550389051437378 s
Training on 3804 samples...
Train epoch: 104 [0/3804 (0%)]	Loss: 0.000926 Loss_all: 0.040464
Train epoch: 104 [2560/3804 (67%)]	Loss: 0.002907 Loss_all: 0.040728
Train epoch: 104	Loss: 0.005878
0.9859682028505959 No improvement since epoch  68 ; best_AUROC, best_AUPRC, best_precision, best_recall: 0.9877293736203091 0.9867962201110171 0.9556737588652482 0.9357638888888888 Human
spend time： 3.7552549839019775 s
Training on 3804 samples...
Train epoch: 105 [0/3804 (0%)]	Loss: 0.004894 Loss_all: 0.045862
Train epoch: 105 [2560/3804 (67%)]	Loss: 0.001057 Loss_all: 0.041420
Train epoch: 105	Loss: 0.010162
0.9832830512523335 No improvement since epoch  68 ; best_AUROC, best_AUPRC, best_precision, best_recall: 0.9877293736203091 0.9867962201110171 0.9556737588652482 0.9357638888888888 Human
spend time： 3.5322985649108887 s
Training on 3804 samples...
Train epoch: 106 [0/3804 (0%)]	Loss: 0.003185 Loss_all: 0.045350
Train epoch: 106 [2560/3804 (67%)]	Loss: 0.018216 Loss_all: 0.057668
Train epoch: 106	Loss: 0.007212
0.984172203593768 No improvement since epoch  68 ; best_AUROC, best_AUPRC, best_precision, best_recall: 0.9877293736203091 0.9867962201110171 0.9556737588652482 0.9357638888888888 Human
spend time： 4.8328821659088135 s
Training on 3804 samples...
Train epoch: 107 [0/3804 (0%)]	Loss: 0.014174 Loss_all: 0.054517
Train epoch: 107 [2560/3804 (67%)]	Loss: 0.009280 Loss_all: 0.048704
Train epoch: 107	Loss: 0.007821
0.9858310699024144 No improvement since epoch  68 ; best_AUROC, best_AUPRC, best_precision, best_recall: 0.9877293736203091 0.9867962201110171 0.9556737588652482 0.9357638888888888 Human
spend time： 4.200867414474487 s
Training on 3804 samples...
Train epoch: 108 [0/3804 (0%)]	Loss: 0.000917 Loss_all: 0.041205
Train epoch: 108 [2560/3804 (67%)]	Loss: 0.023033 Loss_all: 0.062837
Train epoch: 108	Loss: 0.009541
0.9847517008909218 No improvement since epoch  68 ; best_AUROC, best_AUPRC, best_precision, best_recall: 0.9877293736203091 0.9867962201110171 0.9556737588652482 0.9357638888888888 Human
spend time： 3.767961025238037 s
Training on 3804 samples...
Train epoch: 109 [0/3804 (0%)]	Loss: 0.005939 Loss_all: 0.044378
Train epoch: 109 [2560/3804 (67%)]	Loss: 0.007646 Loss_all: 0.046877
Train epoch: 109	Loss: 0.013109
0.9842938537897354 No improvement since epoch  68 ; best_AUROC, best_AUPRC, best_precision, best_recall: 0.9877293736203091 0.9867962201110171 0.9556737588652482 0.9357638888888888 Human
spend time： 3.408946990966797 s
Training on 3804 samples...
Train epoch: 110 [0/3804 (0%)]	Loss: 0.031629 Loss_all: 0.071413
Train epoch: 110 [2560/3804 (67%)]	Loss: 0.034789 Loss_all: 0.072832
Train epoch: 110	Loss: 0.024362
0.983387006874342 No improvement since epoch  68 ; best_AUROC, best_AUPRC, best_precision, best_recall: 0.9877293736203091 0.9867962201110171 0.9556737588652482 0.9357638888888888 Human
spend time： 2.794933795928955 s
Training on 3804 samples...
Train epoch: 111 [0/3804 (0%)]	Loss: 0.021770 Loss_all: 0.059726
Train epoch: 111 [2560/3804 (67%)]	Loss: 0.018563 Loss_all: 0.056435
Train epoch: 111	Loss: 0.016548
0.9827477903900768 No improvement since epoch  68 ; best_AUROC, best_AUPRC, best_precision, best_recall: 0.9877293736203091 0.9867962201110171 0.9556737588652482 0.9357638888888888 Human
spend time： 2.7286336421966553 s
Training on 3804 samples...
Train epoch: 112 [0/3804 (0%)]	Loss: 0.018855 Loss_all: 0.057645
Train epoch: 112 [2560/3804 (67%)]	Loss: 0.006743 Loss_all: 0.044598
Train epoch: 112	Loss: 0.013662
0.9827035539551796 No improvement since epoch  68 ; best_AUROC, best_AUPRC, best_precision, best_recall: 0.9877293736203091 0.9867962201110171 0.9556737588652482 0.9357638888888888 Human
spend time： 3.9248006343841553 s
Training on 3804 samples...
Train epoch: 113 [0/3804 (0%)]	Loss: 0.015236 Loss_all: 0.052814
Train epoch: 113 [2560/3804 (67%)]	Loss: 0.027700 Loss_all: 0.067450
Train epoch: 113	Loss: 0.012973
0.9797352891735749 No improvement since epoch  68 ; best_AUROC, best_AUPRC, best_precision, best_recall: 0.9877293736203091 0.9867962201110171 0.9556737588652482 0.9357638888888888 Human
spend time： 3.496666193008423 s
Training on 3804 samples...
Train epoch: 114 [0/3804 (0%)]	Loss: 0.001522 Loss_all: 0.039265
Train epoch: 114 [2560/3804 (67%)]	Loss: 0.004028 Loss_all: 0.044349
Train epoch: 114	Loss: 0.016952
0.9840660361500145 No improvement since epoch  68 ; best_AUROC, best_AUPRC, best_precision, best_recall: 0.9877293736203091 0.9867962201110171 0.9556737588652482 0.9357638888888888 Human
spend time： 4.688053131103516 s
Training on 3804 samples...
Train epoch: 115 [0/3804 (0%)]	Loss: 0.003405 Loss_all: 0.041549
Train epoch: 115 [2560/3804 (67%)]	Loss: 0.045758 Loss_all: 0.084918
Train epoch: 115	Loss: 0.022716
0.9844331985596617 No improvement since epoch  68 ; best_AUROC, best_AUPRC, best_precision, best_recall: 0.9877293736203091 0.9867962201110171 0.9556737588652482 0.9357638888888888 Human
spend time： 4.1879072189331055 s
Training on 3804 samples...
Train epoch: 116 [0/3804 (0%)]	Loss: 0.001859 Loss_all: 0.039947
Train epoch: 116 [2560/3804 (67%)]	Loss: 0.007012 Loss_all: 0.043924
Train epoch: 116	Loss: 0.015540
0.9840461297543107 No improvement since epoch  68 ; best_AUROC, best_AUPRC, best_precision, best_recall: 0.9877293736203091 0.9867962201110171 0.9556737588652482 0.9357638888888888 Human
spend time： 3.80320143699646 s
Training on 3804 samples...
Train epoch: 117 [0/3804 (0%)]	Loss: 0.014235 Loss_all: 0.053409
Train epoch: 117 [2560/3804 (67%)]	Loss: 0.002771 Loss_all: 0.039383
Train epoch: 117	Loss: 0.010896
0.983610400870573 No improvement since epoch  68 ; best_AUROC, best_AUPRC, best_precision, best_recall: 0.9877293736203091 0.9867962201110171 0.9556737588652482 0.9357638888888888 Human
spend time： 3.4918015003204346 s
Training on 3804 samples...
Train epoch: 118 [0/3804 (0%)]	Loss: 0.003864 Loss_all: 0.040529
Train epoch: 118 [2560/3804 (67%)]	Loss: 0.009573 Loss_all: 0.045748
Train epoch: 118	Loss: 0.011731
0.9811773969512249 No improvement since epoch  68 ; best_AUROC, best_AUPRC, best_precision, best_recall: 0.9877293736203091 0.9867962201110171 0.9556737588652482 0.9357638888888888 Human
spend time： 2.7824909687042236 s
early stopping at epoch  118  due to no validation improvement.
