Diff_DTA_GIN
fold_id: 0
Learning rate:  0.0005
Epochs:  1000
Validation interval:  1
Early stop patience:  50

running on  Human
Pre-processed data found: /root/autodl-tmp/HAG-DTA-cache/processed/Human_fold0_train.pt, loading ...
Pre-processed data found: /root/autodl-tmp/HAG-DTA-cache/processed/Human_fold0_val.pt, loading ...
Pre-processed data found: /root/autodl-tmp/HAG-DTA-cache/processed/Human_fold0_test.pt, loading ...
Training on 3804 samples...
Train epoch: 1 [0/3804 (0%)]	Loss: 0.711421 Loss_all: 0.790810
Train epoch: 1 [2560/3804 (67%)]	Loss: 0.500536 Loss_all: 0.572214
Train epoch: 1	Loss: 0.577874
val AUROC improved at epoch  1 ; best_AUROC, best_AUPRC, best_precision, best_recall: 0.8653162941501102 0.8673912997316521 0.9362416107382551 0.484375 Human
spend time： 4.071160554885864 s
Training on 3804 samples...
Train epoch: 2 [0/3804 (0%)]	Loss: 0.490104 Loss_all: 0.560880
Train epoch: 2 [2560/3804 (67%)]	Loss: 0.411199 Loss_all: 0.479750
Train epoch: 2	Loss: 0.434430
val AUROC improved at epoch  2 ; best_AUROC, best_AUPRC, best_precision, best_recall: 0.9232690627299486 0.928090311538706 0.8806262230919765 0.78125 Human
spend time： 3.2233963012695312 s
Training on 3804 samples...
Train epoch: 3 [0/3804 (0%)]	Loss: 0.357064 Loss_all: 0.426507
Train epoch: 3 [2560/3804 (67%)]	Loss: 0.328797 Loss_all: 0.398542
Train epoch: 3	Loss: 0.320992
val AUROC improved at epoch  3 ; best_AUROC, best_AUPRC, best_precision, best_recall: 0.954858236754967 0.9558563878970922 0.94 0.8159722222222222 Human
spend time： 3.445161819458008 s
Training on 3804 samples...
Train epoch: 4 [0/3804 (0%)]	Loss: 0.271709 Loss_all: 0.337922
Train epoch: 4 [2560/3804 (67%)]	Loss: 0.207922 Loss_all: 0.273292
Train epoch: 4	Loss: 0.242400
val AUROC improved at epoch  4 ; best_AUROC, best_AUPRC, best_precision, best_recall: 0.9699313603752759 0.9705743126425855 0.959758551307847 0.828125 Human
spend time： 2.946802854537964 s
Training on 3804 samples...
Train epoch: 5 [0/3804 (0%)]	Loss: 0.192979 Loss_all: 0.259363
Train epoch: 5 [2560/3804 (67%)]	Loss: 0.255837 Loss_all: 0.320010
Train epoch: 5	Loss: 0.213749
val AUROC improved at epoch  5 ; best_AUROC, best_AUPRC, best_precision, best_recall: 0.9695519453642384 0.9670864133238936 0.9284403669724771 0.8784722222222222 Human
spend time： 3.5327696800231934 s
Training on 3804 samples...
Train epoch: 6 [0/3804 (0%)]	Loss: 0.187763 Loss_all: 0.251488
Train epoch: 6 [2560/3804 (67%)]	Loss: 0.198126 Loss_all: 0.263144
Train epoch: 6	Loss: 0.187317
val AUROC improved at epoch  6 ; best_AUROC, best_AUPRC, best_precision, best_recall: 0.976162964495953 0.9740090835632931 0.9365942028985508 0.8975694444444444 Human
spend time： 3.3865718841552734 s
Training on 3804 samples...
Train epoch: 7 [0/3804 (0%)]	Loss: 0.143636 Loss_all: 0.208803
Train epoch: 7 [2560/3804 (67%)]	Loss: 0.132557 Loss_all: 0.195111
Train epoch: 7	Loss: 0.163941
val AUROC improved at epoch  7 ; best_AUROC, best_AUPRC, best_precision, best_recall: 0.9774478016924208 0.9750177386350365 0.9565217391304348 0.8784722222222222 Human
spend time： 2.556311845779419 s
Training on 3804 samples...
Train epoch: 8 [0/3804 (0%)]	Loss: 0.118783 Loss_all: 0.183330
Train epoch: 8 [2560/3804 (67%)]	Loss: 0.158019 Loss_all: 0.222168
Train epoch: 8	Loss: 0.157200
0.9770324430013537 No improvement since epoch  7 ; best_AUROC, best_AUPRC, best_precision, best_recall: 0.9774478016924208 0.9750177386350365 0.9565217391304348 0.8784722222222222 Human
spend time： 2.07234263420105 s
Training on 3804 samples...
Train epoch: 9 [0/3804 (0%)]	Loss: 0.143980 Loss_all: 0.209316
Train epoch: 9 [2560/3804 (67%)]	Loss: 0.161076 Loss_all: 0.225183
Train epoch: 9	Loss: 0.144675
val AUROC improved at epoch  9 ; best_AUROC, best_AUPRC, best_precision, best_recall: 0.9842542770419426 0.9852971814774223 0.9440559440559441 0.9375 Human
spend time： 2.985607624053955 s
Training on 3804 samples...
Train epoch: 10 [0/3804 (0%)]	Loss: 0.141919 Loss_all: 0.204864
Train epoch: 10 [2560/3804 (67%)]	Loss: 0.111092 Loss_all: 0.174679
Train epoch: 10	Loss: 0.137862
0.9804121066275027 No improvement since epoch  9 ; best_AUROC, best_AUPRC, best_precision, best_recall: 0.9842542770419426 0.9852971814774223 0.9440559440559441 0.9375 Human
spend time： 2.8503732681274414 s
Training on 3804 samples...
Train epoch: 11 [0/3804 (0%)]	Loss: 0.111120 Loss_all: 0.175718
Train epoch: 11 [2560/3804 (67%)]	Loss: 0.169150 Loss_all: 0.233250
Train epoch: 11	Loss: 0.120646
0.9803059391837493 No improvement since epoch  9 ; best_AUROC, best_AUPRC, best_precision, best_recall: 0.9842542770419426 0.9852971814774223 0.9440559440559441 0.9375 Human
spend time： 2.8371713161468506 s
Training on 3804 samples...
Train epoch: 12 [0/3804 (0%)]	Loss: 0.174256 Loss_all: 0.237112
Train epoch: 12 [2560/3804 (67%)]	Loss: 0.104996 Loss_all: 0.168470
Train epoch: 12	Loss: 0.116026
val AUROC improved at epoch  12 ; best_AUROC, best_AUPRC, best_precision, best_recall: 0.9868756898454746 0.9865967982506292 0.8874801901743264 0.9722222222222222 Human
spend time： 3.051666259765625 s
Training on 3804 samples...
Train epoch: 13 [0/3804 (0%)]	Loss: 0.088337 Loss_all: 0.149762
Train epoch: 13 [2560/3804 (67%)]	Loss: 0.122800 Loss_all: 0.185118
Train epoch: 13	Loss: 0.116217
0.9795848852949243 No improvement since epoch  12 ; best_AUROC, best_AUPRC, best_precision, best_recall: 0.9868756898454746 0.9865967982506292 0.8874801901743264 0.9722222222222222 Human
spend time： 2.813718795776367 s
Training on 3804 samples...
Train epoch: 14 [0/3804 (0%)]	Loss: 0.126738 Loss_all: 0.189944
Train epoch: 14 [2560/3804 (67%)]	Loss: 0.082025 Loss_all: 0.143996
Train epoch: 14	Loss: 0.118572
0.977762344177158 No improvement since epoch  12 ; best_AUROC, best_AUPRC, best_precision, best_recall: 0.9868756898454746 0.9865967982506292 0.8874801901743264 0.9722222222222222 Human
spend time： 2.8421196937561035 s
Training on 3804 samples...
Train epoch: 15 [0/3804 (0%)]	Loss: 0.121169 Loss_all: 0.184651
Train epoch: 15 [2560/3804 (67%)]	Loss: 0.099500 Loss_all: 0.162778
Train epoch: 15	Loss: 0.130763
0.9786382255881234 No improvement since epoch  12 ; best_AUROC, best_AUPRC, best_precision, best_recall: 0.9868756898454746 0.9865967982506292 0.8874801901743264 0.9722222222222222 Human
spend time： 2.4208459854125977 s
Training on 3804 samples...
Train epoch: 16 [0/3804 (0%)]	Loss: 0.077967 Loss_all: 0.138099
Train epoch: 16 [2560/3804 (67%)]	Loss: 0.115201 Loss_all: 0.176749
Train epoch: 16	Loss: 0.113531
0.9814030027692008 No improvement since epoch  12 ; best_AUROC, best_AUPRC, best_precision, best_recall: 0.9868756898454746 0.9865967982506292 0.8874801901743264 0.9722222222222222 Human
spend time： 2.008859634399414 s
Training on 3804 samples...
Train epoch: 17 [0/3804 (0%)]	Loss: 0.059439 Loss_all: 0.122139
Train epoch: 17 [2560/3804 (67%)]	Loss: 0.152237 Loss_all: 0.215217
Train epoch: 17	Loss: 0.104507
val AUROC improved at epoch  17 ; best_AUROC, best_AUPRC, best_precision, best_recall: 0.9865250183958792 0.9872871027610518 0.9464594127806563 0.9513888888888888 Human
spend time： 2.342794895172119 s
Training on 3804 samples...
Train epoch: 18 [0/3804 (0%)]	Loss: 0.086193 Loss_all: 0.148342
Train epoch: 18 [2560/3804 (67%)]	Loss: 0.091750 Loss_all: 0.153123
Train epoch: 18	Loss: 0.087045
val AUROC improved at epoch  18 ; best_AUROC, best_AUPRC, best_precision, best_recall: 0.9878385991537895 0.9883013792588303 0.9792060491493384 0.8993055555555556 Human
spend time： 3.216782331466675 s
Training on 3804 samples...
Train epoch: 19 [0/3804 (0%)]	Loss: 0.093814 Loss_all: 0.155474
Train epoch: 19 [2560/3804 (67%)]	Loss: 0.083264 Loss_all: 0.143922
Train epoch: 19	Loss: 0.078161
0.9835396225747375 No improvement since epoch  18 ; best_AUROC, best_AUPRC, best_precision, best_recall: 0.9878385991537895 0.9883013792588303 0.9792060491493384 0.8993055555555556 Human
spend time： 2.903477907180786 s
Training on 3804 samples...
Train epoch: 20 [0/3804 (0%)]	Loss: 0.048396 Loss_all: 0.107792
Train epoch: 20 [2560/3804 (67%)]	Loss: 0.081776 Loss_all: 0.141681
Train epoch: 20	Loss: 0.083822
0.9812968353254474 No improvement since epoch  18 ; best_AUROC, best_AUPRC, best_precision, best_recall: 0.9878385991537895 0.9883013792588303 0.9792060491493384 0.8993055555555556 Human
spend time： 2.5752761363983154 s
Training on 3804 samples...
Train epoch: 21 [0/3804 (0%)]	Loss: 0.088446 Loss_all: 0.150181
Train epoch: 21 [2560/3804 (67%)]	Loss: 0.127704 Loss_all: 0.191164
Train epoch: 21	Loss: 0.107271
0.9803767174795849 No improvement since epoch  18 ; best_AUROC, best_AUPRC, best_precision, best_recall: 0.9878385991537895 0.9883013792588303 0.9792060491493384 0.8993055555555556 Human
spend time： 2.6794707775115967 s
Training on 3804 samples...
Train epoch: 22 [0/3804 (0%)]	Loss: 0.085316 Loss_all: 0.145935
Train epoch: 22 [2560/3804 (67%)]	Loss: 0.093264 Loss_all: 0.159059
Train epoch: 22	Loss: 0.094079
0.982362933406471 No improvement since epoch  18 ; best_AUROC, best_AUPRC, best_precision, best_recall: 0.9878385991537895 0.9883013792588303 0.9792060491493384 0.8993055555555556 Human
spend time： 2.8044402599334717 s
Training on 3804 samples...
Train epoch: 23 [0/3804 (0%)]	Loss: 0.080129 Loss_all: 0.141517
Train epoch: 23 [2560/3804 (67%)]	Loss: 0.110596 Loss_all: 0.173755
Train epoch: 23	Loss: 0.088508
0.9824381353457963 No improvement since epoch  18 ; best_AUROC, best_AUPRC, best_precision, best_recall: 0.9878385991537895 0.9883013792588303 0.9792060491493384 0.8993055555555556 Human
spend time： 2.7186710834503174 s
Training on 3804 samples...
Train epoch: 24 [0/3804 (0%)]	Loss: 0.071512 Loss_all: 0.132366
Train epoch: 24 [2560/3804 (67%)]	Loss: 0.048760 Loss_all: 0.108956
Train epoch: 24	Loss: 0.070763
0.9828495341903405 No improvement since epoch  18 ; best_AUROC, best_AUPRC, best_precision, best_recall: 0.9878385991537895 0.9883013792588303 0.9792060491493384 0.8993055555555556 Human
spend time： 2.1488986015319824 s
Training on 3804 samples...
Train epoch: 25 [0/3804 (0%)]	Loss: 0.073265 Loss_all: 0.135281
Train epoch: 25 [2560/3804 (67%)]	Loss: 0.038513 Loss_all: 0.099329
Train epoch: 25	Loss: 0.058501
val AUROC improved at epoch  25 ; best_AUROC, best_AUPRC, best_precision, best_recall: 0.9872234869389257 0.9868252943668793 0.9215358931552587 0.9583333333333334 Human
spend time： 2.2568633556365967 s
Training on 3804 samples...
Train epoch: 26 [0/3804 (0%)]	Loss: 0.036364 Loss_all: 0.095132
Train epoch: 26 [2560/3804 (67%)]	Loss: 0.037923 Loss_all: 0.099100
Train epoch: 26	Loss: 0.053071
0.9811066186553893 No improvement since epoch  25 ; best_AUROC, best_AUPRC, best_precision, best_recall: 0.9872234869389257 0.9868252943668793 0.9215358931552587 0.9583333333333334 Human
spend time： 2.433156728744507 s
Training on 3804 samples...
Train epoch: 27 [0/3804 (0%)]	Loss: 0.059401 Loss_all: 0.120209
Train epoch: 27 [2560/3804 (67%)]	Loss: 0.091843 Loss_all: 0.151958
Train epoch: 27	Loss: 0.068225
0.9849021047695724 No improvement since epoch  25 ; best_AUROC, best_AUPRC, best_precision, best_recall: 0.9872234869389257 0.9868252943668793 0.9215358931552587 0.9583333333333334 Human
spend time： 2.9900400638580322 s
Training on 3804 samples...
Train epoch: 28 [0/3804 (0%)]	Loss: 0.032248 Loss_all: 0.091877
Train epoch: 28 [2560/3804 (67%)]	Loss: 0.040944 Loss_all: 0.100490
Train epoch: 28	Loss: 0.060910
0.9834246078440044 No improvement since epoch  25 ; best_AUROC, best_AUPRC, best_precision, best_recall: 0.9872234869389257 0.9868252943668793 0.9215358931552587 0.9583333333333334 Human
spend time： 2.807119369506836 s
Training on 3804 samples...
Train epoch: 29 [0/3804 (0%)]	Loss: 0.056582 Loss_all: 0.116444
Train epoch: 29 [2560/3804 (67%)]	Loss: 0.055878 Loss_all: 0.116703
Train epoch: 29	Loss: 0.056513
0.9839200559148537 No improvement since epoch  25 ; best_AUROC, best_AUPRC, best_precision, best_recall: 0.9872234869389257 0.9868252943668793 0.9215358931552587 0.9583333333333334 Human
spend time： 2.413156747817993 s
Training on 3804 samples...
Train epoch: 30 [0/3804 (0%)]	Loss: 0.062906 Loss_all: 0.122345
Train epoch: 30 [2560/3804 (67%)]	Loss: 0.029478 Loss_all: 0.087169
Train epoch: 30	Loss: 0.053006
0.9840925780109528 No improvement since epoch  25 ; best_AUROC, best_AUPRC, best_precision, best_recall: 0.9872234869389257 0.9868252943668793 0.9215358931552587 0.9583333333333334 Human
spend time： 2.770982027053833 s
Training on 3804 samples...
Train epoch: 31 [0/3804 (0%)]	Loss: 0.053228 Loss_all: 0.111901
Train epoch: 31 [2560/3804 (67%)]	Loss: 0.061022 Loss_all: 0.118846
Train epoch: 31	Loss: 0.040914
0.9851852179529148 No improvement since epoch  25 ; best_AUROC, best_AUPRC, best_precision, best_recall: 0.9872234869389257 0.9868252943668793 0.9215358931552587 0.9583333333333334 Human
spend time： 2.88260817527771 s
Training on 3804 samples...
Train epoch: 32 [0/3804 (0%)]	Loss: 0.027610 Loss_all: 0.084654
Train epoch: 32 [2560/3804 (67%)]	Loss: 0.035688 Loss_all: 0.092825
Train epoch: 32	Loss: 0.041014
0.984251829176583 No improvement since epoch  25 ; best_AUROC, best_AUPRC, best_precision, best_recall: 0.9872234869389257 0.9868252943668793 0.9215358931552587 0.9583333333333334 Human
spend time： 2.852811336517334 s
Training on 3804 samples...
Train epoch: 33 [0/3804 (0%)]	Loss: 0.031615 Loss_all: 0.090945
Train epoch: 33 [2560/3804 (67%)]	Loss: 0.090299 Loss_all: 0.149292
Train epoch: 33	Loss: 0.044068
0.9827300958161179 No improvement since epoch  25 ; best_AUROC, best_AUPRC, best_precision, best_recall: 0.9872234869389257 0.9868252943668793 0.9215358931552587 0.9583333333333334 Human
spend time： 2.0692529678344727 s
Training on 3804 samples...
Train epoch: 34 [0/3804 (0%)]	Loss: 0.031228 Loss_all: 0.092339
Train epoch: 34 [2560/3804 (67%)]	Loss: 0.056854 Loss_all: 0.118134
Train epoch: 34	Loss: 0.066211
0.9804828849233382 No improvement since epoch  25 ; best_AUROC, best_AUPRC, best_precision, best_recall: 0.9872234869389257 0.9868252943668793 0.9215358931552587 0.9583333333333334 Human
spend time： 2.0424320697784424 s
Training on 3804 samples...
Train epoch: 35 [0/3804 (0%)]	Loss: 0.029660 Loss_all: 0.088313
Train epoch: 35 [2560/3804 (67%)]	Loss: 0.144051 Loss_all: 0.203176
Train epoch: 35	Loss: 0.070671
0.9823585097629812 No improvement since epoch  25 ; best_AUROC, best_AUPRC, best_precision, best_recall: 0.9872234869389257 0.9868252943668793 0.9215358931552587 0.9583333333333334 Human
spend time： 2.835202932357788 s
Training on 3804 samples...
Train epoch: 36 [0/3804 (0%)]	Loss: 0.074651 Loss_all: 0.132888
Train epoch: 36 [2560/3804 (67%)]	Loss: 0.095636 Loss_all: 0.154513
Train epoch: 36	Loss: 0.054103
0.9825443027895496 No improvement since epoch  25 ; best_AUROC, best_AUPRC, best_precision, best_recall: 0.9872234869389257 0.9868252943668793 0.9215358931552587 0.9583333333333334 Human
spend time： 2.8373851776123047 s
Training on 3804 samples...
Train epoch: 37 [0/3804 (0%)]	Loss: 0.037136 Loss_all: 0.095661
Train epoch: 37 [2560/3804 (67%)]	Loss: 0.048131 Loss_all: 0.104971
Train epoch: 37	Loss: 0.040809
0.9828804996947685 No improvement since epoch  25 ; best_AUROC, best_AUPRC, best_precision, best_recall: 0.9872234869389257 0.9868252943668793 0.9215358931552587 0.9583333333333334 Human
spend time： 2.7953343391418457 s
Training on 3804 samples...
Train epoch: 38 [0/3804 (0%)]	Loss: 0.047082 Loss_all: 0.105561
Train epoch: 38 [2560/3804 (67%)]	Loss: 0.079237 Loss_all: 0.137397
Train epoch: 38	Loss: 0.058075
0.9827920268249741 No improvement since epoch  25 ; best_AUROC, best_AUPRC, best_precision, best_recall: 0.9872234869389257 0.9868252943668793 0.9215358931552587 0.9583333333333334 Human
spend time： 2.163419485092163 s
Training on 3804 samples...
Train epoch: 39 [0/3804 (0%)]	Loss: 0.050843 Loss_all: 0.110579
Train epoch: 39 [2560/3804 (67%)]	Loss: 0.053273 Loss_all: 0.109668
Train epoch: 39	Loss: 0.042186
0.9832786276088438 No improvement since epoch  25 ; best_AUROC, best_AUPRC, best_precision, best_recall: 0.9872234869389257 0.9868252943668793 0.9215358931552587 0.9583333333333334 Human
spend time： 2.388922929763794 s
Training on 3804 samples...
Train epoch: 40 [0/3804 (0%)]	Loss: 0.038757 Loss_all: 0.095635
Train epoch: 40 [2560/3804 (67%)]	Loss: 0.035129 Loss_all: 0.091250
Train epoch: 40	Loss: 0.040175
0.9828097213989331 No improvement since epoch  25 ; best_AUROC, best_AUPRC, best_precision, best_recall: 0.9872234869389257 0.9868252943668793 0.9215358931552587 0.9583333333333334 Human
spend time： 3.0523762702941895 s
Training on 3804 samples...
Train epoch: 41 [0/3804 (0%)]	Loss: 0.013541 Loss_all: 0.068618
Train epoch: 41 [2560/3804 (67%)]	Loss: 0.022704 Loss_all: 0.078606
Train epoch: 41	Loss: 0.039814
0.9847251590299834 No improvement since epoch  25 ; best_AUROC, best_AUPRC, best_precision, best_recall: 0.9872234869389257 0.9868252943668793 0.9215358931552587 0.9583333333333334 Human
spend time： 2.802285671234131 s
Training on 3804 samples...
Train epoch: 42 [0/3804 (0%)]	Loss: 0.056326 Loss_all: 0.113531
Train epoch: 42 [2560/3804 (67%)]	Loss: 0.012257 Loss_all: 0.068418
Train epoch: 42	Loss: 0.032437
0.9850348140742642 No improvement since epoch  25 ; best_AUROC, best_AUPRC, best_precision, best_recall: 0.9872234869389257 0.9868252943668793 0.9215358931552587 0.9583333333333334 Human
spend time： 2.2566933631896973 s
Training on 3804 samples...
Train epoch: 43 [0/3804 (0%)]	Loss: 0.017071 Loss_all: 0.073895
Train epoch: 43 [2560/3804 (67%)]	Loss: 0.041153 Loss_all: 0.096762
Train epoch: 43	Loss: 0.032489
0.9848490210476957 No improvement since epoch  25 ; best_AUROC, best_AUPRC, best_precision, best_recall: 0.9872234869389257 0.9868252943668793 0.9215358931552587 0.9583333333333334 Human
spend time： 1.9885797500610352 s
Training on 3804 samples...
Train epoch: 44 [0/3804 (0%)]	Loss: 0.025404 Loss_all: 0.082224
Train epoch: 44 [2560/3804 (67%)]	Loss: 0.011914 Loss_all: 0.067807
Train epoch: 44	Loss: 0.028248
0.9843801148377851 No improvement since epoch  25 ; best_AUROC, best_AUPRC, best_precision, best_recall: 0.9872234869389257 0.9868252943668793 0.9215358931552587 0.9583333333333334 Human
spend time： 2.6504878997802734 s
Training on 3804 samples...
Train epoch: 45 [0/3804 (0%)]	Loss: 0.007754 Loss_all: 0.063094
Train epoch: 45 [2560/3804 (67%)]	Loss: 0.056821 Loss_all: 0.112235
Train epoch: 45	Loss: 0.032165
0.9845260950729459 No improvement since epoch  25 ; best_AUROC, best_AUPRC, best_precision, best_recall: 0.9872234869389257 0.9868252943668793 0.9215358931552587 0.9583333333333334 Human
spend time： 2.8185062408447266 s
Training on 3804 samples...
Train epoch: 46 [0/3804 (0%)]	Loss: 0.037677 Loss_all: 0.094464
Train epoch: 46 [2560/3804 (67%)]	Loss: 0.029961 Loss_all: 0.085708
Train epoch: 46	Loss: 0.034527
0.9852383016747914 No improvement since epoch  25 ; best_AUROC, best_AUPRC, best_precision, best_recall: 0.9872234869389257 0.9868252943668793 0.9215358931552587 0.9583333333333334 Human
spend time： 2.7691469192504883 s
Training on 3804 samples...
Train epoch: 47 [0/3804 (0%)]	Loss: 0.036461 Loss_all: 0.091660
Train epoch: 47 [2560/3804 (67%)]	Loss: 0.023429 Loss_all: 0.081188
Train epoch: 47	Loss: 0.031967
0.9850613559352024 No improvement since epoch  25 ; best_AUROC, best_AUPRC, best_precision, best_recall: 0.9872234869389257 0.9868252943668793 0.9215358931552587 0.9583333333333334 Human
spend time： 2.0810275077819824 s
Training on 3804 samples...
Train epoch: 48 [0/3804 (0%)]	Loss: 0.017826 Loss_all: 0.071023
Train epoch: 48 [2560/3804 (67%)]	Loss: 0.020131 Loss_all: 0.076322
Train epoch: 48	Loss: 0.027933
0.9844508931336206 No improvement since epoch  25 ; best_AUROC, best_AUPRC, best_precision, best_recall: 0.9872234869389257 0.9868252943668793 0.9215358931552587 0.9583333333333334 Human
spend time： 2.415621280670166 s
Training on 3804 samples...
Train epoch: 49 [0/3804 (0%)]	Loss: 0.015488 Loss_all: 0.070559
Train epoch: 49 [2560/3804 (67%)]	Loss: 0.044978 Loss_all: 0.098701
Train epoch: 49	Loss: 0.031494
0.983274203965354 No improvement since epoch  25 ; best_AUROC, best_AUPRC, best_precision, best_recall: 0.9872234869389257 0.9868252943668793 0.9215358931552587 0.9583333333333334 Human
spend time： 2.779930591583252 s
Training on 3804 samples...
Train epoch: 50 [0/3804 (0%)]	Loss: 0.030019 Loss_all: 0.084162
Train epoch: 50 [2560/3804 (67%)]	Loss: 0.015260 Loss_all: 0.068812
Train epoch: 50	Loss: 0.038186
0.9820665492926595 No improvement since epoch  25 ; best_AUROC, best_AUPRC, best_precision, best_recall: 0.9872234869389257 0.9868252943668793 0.9215358931552587 0.9583333333333334 Human
spend time： 2.777801275253296 s
Training on 3804 samples...
Train epoch: 51 [0/3804 (0%)]	Loss: 0.017590 Loss_all: 0.071881
Train epoch: 51 [2560/3804 (67%)]	Loss: 0.034179 Loss_all: 0.090704
Train epoch: 51	Loss: 0.035397
0.9795760380079448 No improvement since epoch  25 ; best_AUROC, best_AUPRC, best_precision, best_recall: 0.9872234869389257 0.9868252943668793 0.9215358931552587 0.9583333333333334 Human
spend time： 2.4831511974334717 s
Training on 3804 samples...
Train epoch: 52 [0/3804 (0%)]	Loss: 0.008006 Loss_all: 0.061919
Train epoch: 52 [2560/3804 (67%)]	Loss: 0.020940 Loss_all: 0.076656
Train epoch: 52	Loss: 0.026940
0.9818741208008565 No improvement since epoch  25 ; best_AUROC, best_AUPRC, best_precision, best_recall: 0.9872234869389257 0.9868252943668793 0.9215358931552587 0.9583333333333334 Human
spend time： 1.9852824211120605 s
Training on 3804 samples...
Train epoch: 53 [0/3804 (0%)]	Loss: 0.023088 Loss_all: 0.078347
Train epoch: 53 [2560/3804 (67%)]	Loss: 0.070295 Loss_all: 0.124524
Train epoch: 53	Loss: 0.026081
0.9795362252165374 No improvement since epoch  25 ; best_AUROC, best_AUPRC, best_precision, best_recall: 0.9872234869389257 0.9868252943668793 0.9215358931552587 0.9583333333333334 Human
spend time： 2.780332088470459 s
Training on 3804 samples...
Train epoch: 54 [0/3804 (0%)]	Loss: 0.016441 Loss_all: 0.071408
Train epoch: 54 [2560/3804 (67%)]	Loss: 0.047270 Loss_all: 0.102256
Train epoch: 54	Loss: 0.023941
0.9811243132293482 No improvement since epoch  25 ; best_AUROC, best_AUPRC, best_precision, best_recall: 0.9872234869389257 0.9868252943668793 0.9215358931552587 0.9583333333333334 Human
spend time： 2.815225601196289 s
Training on 3804 samples...
Train epoch: 55 [0/3804 (0%)]	Loss: 0.030501 Loss_all: 0.084390
Train epoch: 55 [2560/3804 (67%)]	Loss: 0.025471 Loss_all: 0.079254
Train epoch: 55	Loss: 0.024695
0.9829269479514107 No improvement since epoch  25 ; best_AUROC, best_AUPRC, best_precision, best_recall: 0.9872234869389257 0.9868252943668793 0.9215358931552587 0.9583333333333334 Human
spend time： 2.709294319152832 s
Training on 3804 samples...
Train epoch: 56 [0/3804 (0%)]	Loss: 0.010893 Loss_all: 0.064285
Train epoch: 56 [2560/3804 (67%)]	Loss: 0.014027 Loss_all: 0.066902
Train epoch: 56	Loss: 0.025825
0.9823850516239195 No improvement since epoch  25 ; best_AUROC, best_AUPRC, best_precision, best_recall: 0.9872234869389257 0.9868252943668793 0.9215358931552587 0.9583333333333334 Human
spend time： 2.0144591331481934 s
Training on 3804 samples...
Train epoch: 57 [0/3804 (0%)]	Loss: 0.071179 Loss_all: 0.123282
Train epoch: 57 [2560/3804 (67%)]	Loss: 0.025500 Loss_all: 0.078790
Train epoch: 57	Loss: 0.036345
0.9836767555229189 No improvement since epoch  25 ; best_AUROC, best_AUPRC, best_precision, best_recall: 0.9872234869389257 0.9868252943668793 0.9215358931552587 0.9583333333333334 Human
spend time： 2.438447952270508 s
Training on 3804 samples...
Train epoch: 58 [0/3804 (0%)]	Loss: 0.021292 Loss_all: 0.076067
Train epoch: 58 [2560/3804 (67%)]	Loss: 0.008753 Loss_all: 0.065837
Train epoch: 58	Loss: 0.031263
0.9814251209866495 No improvement since epoch  25 ; best_AUROC, best_AUPRC, best_precision, best_recall: 0.9872234869389257 0.9868252943668793 0.9215358931552587 0.9583333333333334 Human
spend time： 2.8146400451660156 s
Training on 3804 samples...
Train epoch: 59 [0/3804 (0%)]	Loss: 0.005982 Loss_all: 0.058853
Train epoch: 59 [2560/3804 (67%)]	Loss: 0.035637 Loss_all: 0.089689
Train epoch: 59	Loss: 0.025132
0.9805625105061533 No improvement since epoch  25 ; best_AUROC, best_AUPRC, best_precision, best_recall: 0.9872234869389257 0.9868252943668793 0.9215358931552587 0.9583333333333334 Human
spend time： 2.808462619781494 s
Training on 3804 samples...
Train epoch: 60 [0/3804 (0%)]	Loss: 0.012886 Loss_all: 0.065831
Train epoch: 60 [2560/3804 (67%)]	Loss: 0.032613 Loss_all: 0.085959
Train epoch: 60	Loss: 0.028268
0.9846411098036787 No improvement since epoch  25 ; best_AUROC, best_AUPRC, best_precision, best_recall: 0.9872234869389257 0.9868252943668793 0.9215358931552587 0.9583333333333334 Human
spend time： 2.4755618572235107 s
Training on 3804 samples...
Train epoch: 61 [0/3804 (0%)]	Loss: 0.011219 Loss_all: 0.065894
Train epoch: 61 [2560/3804 (67%)]	Loss: 0.018089 Loss_all: 0.072303
Train epoch: 61	Loss: 0.023539
0.9848003609693088 No improvement since epoch  25 ; best_AUROC, best_AUPRC, best_precision, best_recall: 0.9872234869389257 0.9868252943668793 0.9215358931552587 0.9583333333333334 Human
spend time： 2.1523752212524414 s
Training on 3804 samples...
Train epoch: 62 [0/3804 (0%)]	Loss: 0.009556 Loss_all: 0.061741
Train epoch: 62 [2560/3804 (67%)]	Loss: 0.062674 Loss_all: 0.116769
Train epoch: 62	Loss: 0.028448
0.9827212485291386 No improvement since epoch  25 ; best_AUROC, best_AUPRC, best_precision, best_recall: 0.9872234869389257 0.9868252943668793 0.9215358931552587 0.9583333333333334 Human
spend time： 2.792248010635376 s
Training on 3804 samples...
Train epoch: 63 [0/3804 (0%)]	Loss: 0.024573 Loss_all: 0.075222
Train epoch: 63 [2560/3804 (67%)]	Loss: 0.006361 Loss_all: 0.058721
Train epoch: 63	Loss: 0.025882
0.9850569322917127 No improvement since epoch  25 ; best_AUROC, best_AUPRC, best_precision, best_recall: 0.9872234869389257 0.9868252943668793 0.9215358931552587 0.9583333333333334 Human
spend time： 2.9400341510772705 s
Training on 3804 samples...
Train epoch: 64 [0/3804 (0%)]	Loss: 0.028491 Loss_all: 0.082050
Train epoch: 64 [2560/3804 (67%)]	Loss: 0.006654 Loss_all: 0.059025
Train epoch: 64	Loss: 0.019707
0.984074883436994 No improvement since epoch  25 ; best_AUROC, best_AUPRC, best_precision, best_recall: 0.9872234869389257 0.9868252943668793 0.9215358931552587 0.9583333333333334 Human
spend time： 2.540247678756714 s
Training on 3804 samples...
Train epoch: 65 [0/3804 (0%)]	Loss: 0.014768 Loss_all: 0.068425
Train epoch: 65 [2560/3804 (67%)]	Loss: 0.027680 Loss_all: 0.080520
Train epoch: 65	Loss: 0.016980
val AUROC improved at epoch  65 ; best_AUROC, best_AUPRC, best_precision, best_recall: 0.9882122654525386 0.9894704011356784 0.953125 0.953125 Human
spend time： 2.2562434673309326 s
Training on 3804 samples...
Train epoch: 66 [0/3804 (0%)]	Loss: 0.006676 Loss_all: 0.060031
Train epoch: 66 [2560/3804 (67%)]	Loss: 0.010944 Loss_all: 0.061294
Train epoch: 66	Loss: 0.014041
0.9849374939174903 No improvement since epoch  65 ; best_AUROC, best_AUPRC, best_precision, best_recall: 0.9882122654525386 0.9894704011356784 0.953125 0.953125 Human
spend time： 2.435343027114868 s
Training on 3804 samples...
Train epoch: 67 [0/3804 (0%)]	Loss: 0.015657 Loss_all: 0.067615
Train epoch: 67 [2560/3804 (67%)]	Loss: 0.028081 Loss_all: 0.080214
Train epoch: 67	Loss: 0.018326
0.9839465977757921 No improvement since epoch  65 ; best_AUROC, best_AUPRC, best_precision, best_recall: 0.9882122654525386 0.9894704011356784 0.953125 0.953125 Human
spend time： 2.7804479598999023 s
Training on 3804 samples...
Train epoch: 68 [0/3804 (0%)]	Loss: 0.006628 Loss_all: 0.058503
Train epoch: 68 [2560/3804 (67%)]	Loss: 0.046070 Loss_all: 0.100804
Train epoch: 68	Loss: 0.029451
0.983530775287758 No improvement since epoch  65 ; best_AUROC, best_AUPRC, best_precision, best_recall: 0.9882122654525386 0.9894704011356784 0.953125 0.953125 Human
spend time： 2.763059377670288 s
Training on 3804 samples...
Train epoch: 69 [0/3804 (0%)]	Loss: 0.018539 Loss_all: 0.071604
Train epoch: 69 [2560/3804 (67%)]	Loss: 0.020604 Loss_all: 0.071369
Train epoch: 69	Loss: 0.022339
0.9851498288049969 No improvement since epoch  65 ; best_AUROC, best_AUPRC, best_precision, best_recall: 0.9882122654525386 0.9894704011356784 0.953125 0.953125 Human
spend time： 2.351001501083374 s
Training on 3804 samples...
Train epoch: 70 [0/3804 (0%)]	Loss: 0.036668 Loss_all: 0.089866
Train epoch: 70 [2560/3804 (67%)]	Loss: 0.028446 Loss_all: 0.081990
Train epoch: 70	Loss: 0.032645
val AUROC improved at epoch  70 ; best_AUROC, best_AUPRC, best_precision, best_recall: 0.9876575147167035 0.9881374985486449 0.9476439790575916 0.9427083333333334 Human
spend time： 3.060080051422119 s
Training on 3804 samples...
Train epoch: 71 [0/3804 (0%)]	Loss: 0.018856 Loss_all: 0.068203
Train epoch: 71 [2560/3804 (67%)]	Loss: 0.014323 Loss_all: 0.066803
Train epoch: 71	Loss: 0.018406
val AUROC improved at epoch  71 ; best_AUROC, best_AUPRC, best_precision, best_recall: 0.9864502851361295 0.9790090392075212 0.9414802065404475 0.9496527777777778 Human
spend time： 3.237898588180542 s
Training on 3804 samples...
Train epoch: 72 [0/3804 (0%)]	Loss: 0.013108 Loss_all: 0.065081
Train epoch: 72 [2560/3804 (67%)]	Loss: 0.037037 Loss_all: 0.088020
Train epoch: 72	Loss: 0.016517
0.9837652283927134 No improvement since epoch  71 ; best_AUROC, best_AUPRC, best_precision, best_recall: 0.9864502851361295 0.9790090392075212 0.9414802065404475 0.9496527777777778 Human
spend time： 2.89412784576416 s
Training on 3804 samples...
Train epoch: 73 [0/3804 (0%)]	Loss: 0.017154 Loss_all: 0.066991
Train epoch: 73 [2560/3804 (67%)]	Loss: 0.015469 Loss_all: 0.064736
Train epoch: 73	Loss: 0.018864
0.9841058489414222 No improvement since epoch  71 ; best_AUROC, best_AUPRC, best_precision, best_recall: 0.9864502851361295 0.9790090392075212 0.9414802065404475 0.9496527777777778 Human
spend time： 2.1425955295562744 s
Training on 3804 samples...
Train epoch: 74 [0/3804 (0%)]	Loss: 0.014748 Loss_all: 0.066701
Train epoch: 74 [2560/3804 (67%)]	Loss: 0.005268 Loss_all: 0.055082
Train epoch: 74	Loss: 0.014419
0.9858620354068426 No improvement since epoch  71 ; best_AUROC, best_AUPRC, best_precision, best_recall: 0.9864502851361295 0.9790090392075212 0.9414802065404475 0.9496527777777778 Human
spend time： 1.9915213584899902 s
Training on 3804 samples...
Train epoch: 75 [0/3804 (0%)]	Loss: 0.004500 Loss_all: 0.054712
Train epoch: 75 [2560/3804 (67%)]	Loss: 0.031330 Loss_all: 0.082192
Train epoch: 75	Loss: 0.023291
0.9847384299604526 No improvement since epoch  71 ; best_AUROC, best_AUPRC, best_precision, best_recall: 0.9864502851361295 0.9790090392075212 0.9414802065404475 0.9496527777777778 Human
spend time： 2.5740272998809814 s
Training on 3804 samples...
Train epoch: 76 [0/3804 (0%)]	Loss: 0.015744 Loss_all: 0.065131
Train epoch: 76 [2560/3804 (67%)]	Loss: 0.033491 Loss_all: 0.085317
Train epoch: 76	Loss: 0.030140
0.9835838590096347 No improvement since epoch  71 ; best_AUROC, best_AUPRC, best_precision, best_recall: 0.9864502851361295 0.9790090392075212 0.9414802065404475 0.9496527777777778 Human
spend time： 2.8041670322418213 s
Training on 3804 samples...
Train epoch: 77 [0/3804 (0%)]	Loss: 0.028104 Loss_all: 0.076430
Train epoch: 77 [2560/3804 (67%)]	Loss: 0.021210 Loss_all: 0.072744
Train epoch: 77	Loss: 0.035020
0.9860655230073698 No improvement since epoch  71 ; best_AUROC, best_AUPRC, best_precision, best_recall: 0.9864502851361295 0.9790090392075212 0.9414802065404475 0.9496527777777778 Human
spend time： 2.882880210876465 s
Training on 3804 samples...
Train epoch: 78 [0/3804 (0%)]	Loss: 0.027164 Loss_all: 0.076465
Train epoch: 78 [2560/3804 (67%)]	Loss: 0.073821 Loss_all: 0.122861
Train epoch: 78	Loss: 0.029013
0.9876536110201806 No improvement since epoch  71 ; best_AUROC, best_AUPRC, best_precision, best_recall: 0.9864502851361295 0.9790090392075212 0.9414802065404475 0.9496527777777778 Human
spend time： 2.311340808868408 s
Training on 3804 samples...
Train epoch: 79 [0/3804 (0%)]	Loss: 0.028452 Loss_all: 0.077656
Train epoch: 79 [2560/3804 (67%)]	Loss: 0.015242 Loss_all: 0.065013
Train epoch: 79	Loss: 0.026744
0.9859593555636165 No improvement since epoch  71 ; best_AUROC, best_AUPRC, best_precision, best_recall: 0.9864502851361295 0.9790090392075212 0.9414802065404475 0.9496527777777778 Human
spend time： 2.953378677368164 s
Training on 3804 samples...
Train epoch: 80 [0/3804 (0%)]	Loss: 0.018006 Loss_all: 0.068224
Train epoch: 80 [2560/3804 (67%)]	Loss: 0.011200 Loss_all: 0.061084
Train epoch: 80	Loss: 0.020611
0.9858310699024144 No improvement since epoch  71 ; best_AUROC, best_AUPRC, best_precision, best_recall: 0.9864502851361295 0.9790090392075212 0.9414802065404475 0.9496527777777778 Human
spend time： 2.8334438800811768 s
Training on 3804 samples...
Train epoch: 81 [0/3804 (0%)]	Loss: 0.005951 Loss_all: 0.054798
Train epoch: 81 [2560/3804 (67%)]	Loss: 0.023906 Loss_all: 0.074947
Train epoch: 81	Loss: 0.019612
0.9848578683346751 No improvement since epoch  71 ; best_AUROC, best_AUPRC, best_precision, best_recall: 0.9864502851361295 0.9790090392075212 0.9414802065404475 0.9496527777777778 Human
spend time： 2.7181589603424072 s
Training on 3804 samples...
Train epoch: 82 [0/3804 (0%)]	Loss: 0.032271 Loss_all: 0.081883
Train epoch: 82 [2560/3804 (67%)]	Loss: 0.008165 Loss_all: 0.056776
Train epoch: 82	Loss: 0.018190
0.9859726264940857 No improvement since epoch  71 ; best_AUROC, best_AUPRC, best_precision, best_recall: 0.9864502851361295 0.9790090392075212 0.9414802065404475 0.9496527777777778 Human
spend time： 2.0385024547576904 s
Training on 3804 samples...
Train epoch: 83 [0/3804 (0%)]	Loss: 0.008205 Loss_all: 0.058080
Train epoch: 83 [2560/3804 (67%)]	Loss: 0.007114 Loss_all: 0.057577
Train epoch: 83	Loss: 0.013005
0.9846964053473003 No improvement since epoch  71 ; best_AUROC, best_AUPRC, best_precision, best_recall: 0.9864502851361295 0.9790090392075212 0.9414802065404475 0.9496527777777778 Human
spend time： 2.1340391635894775 s
Training on 3804 samples...
Train epoch: 84 [0/3804 (0%)]	Loss: 0.020878 Loss_all: 0.069120
Train epoch: 84 [2560/3804 (67%)]	Loss: 0.007204 Loss_all: 0.056302
Train epoch: 84	Loss: 0.017318
0.9818099779702555 No improvement since epoch  71 ; best_AUROC, best_AUPRC, best_precision, best_recall: 0.9864502851361295 0.9790090392075212 0.9414802065404475 0.9496527777777778 Human
spend time： 2.4691925048828125 s
Training on 3804 samples...
Train epoch: 85 [0/3804 (0%)]	Loss: 0.013435 Loss_all: 0.061422
Train epoch: 85 [2560/3804 (67%)]	Loss: 0.006800 Loss_all: 0.055540
Train epoch: 85	Loss: 0.013008
0.9821881994886268 No improvement since epoch  71 ; best_AUROC, best_AUPRC, best_precision, best_recall: 0.9864502851361295 0.9790090392075212 0.9414802065404475 0.9496527777777778 Human
spend time： 2.8100860118865967 s
Training on 3804 samples...
Train epoch: 86 [0/3804 (0%)]	Loss: 0.003149 Loss_all: 0.049712
Train epoch: 86 [2560/3804 (67%)]	Loss: 0.011154 Loss_all: 0.057630
Train epoch: 86	Loss: 0.012697
0.9812791407514886 No improvement since epoch  71 ; best_AUROC, best_AUPRC, best_precision, best_recall: 0.9864502851361295 0.9790090392075212 0.9414802065404475 0.9496527777777778 Human
spend time： 2.822493314743042 s
Training on 3804 samples...
Train epoch: 87 [0/3804 (0%)]	Loss: 0.010958 Loss_all: 0.058154
Train epoch: 87 [2560/3804 (67%)]	Loss: 0.001396 Loss_all: 0.050525
Train epoch: 87	Loss: 0.011904
0.9828075095771881 No improvement since epoch  71 ; best_AUROC, best_AUPRC, best_precision, best_recall: 0.9864502851361295 0.9790090392075212 0.9414802065404475 0.9496527777777778 Human
spend time： 2.822270154953003 s
Training on 3804 samples...
Train epoch: 88 [0/3804 (0%)]	Loss: 0.005826 Loss_all: 0.052476
Train epoch: 88 [2560/3804 (67%)]	Loss: 0.018716 Loss_all: 0.066772
Train epoch: 88	Loss: 0.016223
0.9849043165913173 No improvement since epoch  71 ; best_AUROC, best_AUPRC, best_precision, best_recall: 0.9864502851361295 0.9790090392075212 0.9414802065404475 0.9496527777777778 Human
spend time： 2.8692760467529297 s
Training on 3804 samples...
Train epoch: 89 [0/3804 (0%)]	Loss: 0.039219 Loss_all: 0.085445
Train epoch: 89 [2560/3804 (67%)]	Loss: 0.024243 Loss_all: 0.073651
Train epoch: 89	Loss: 0.013555
0.9831238000867034 No improvement since epoch  71 ; best_AUROC, best_AUPRC, best_precision, best_recall: 0.9864502851361295 0.9790090392075212 0.9414802065404475 0.9496527777777778 Human
spend time： 2.8180525302886963 s
Training on 3804 samples...
Train epoch: 90 [0/3804 (0%)]	Loss: 0.010813 Loss_all: 0.058398
Train epoch: 90 [2560/3804 (67%)]	Loss: 0.010701 Loss_all: 0.057035
Train epoch: 90	Loss: 0.014233
0.9835573171486963 No improvement since epoch  71 ; best_AUROC, best_AUPRC, best_precision, best_recall: 0.9864502851361295 0.9790090392075212 0.9414802065404475 0.9496527777777778 Human
spend time： 2.5490787029266357 s
Training on 3804 samples...
Train epoch: 91 [0/3804 (0%)]	Loss: 0.004450 Loss_all: 0.050551
Train epoch: 91 [2560/3804 (67%)]	Loss: 0.010757 Loss_all: 0.057617
Train epoch: 91	Loss: 0.011871
0.985114439657079 No improvement since epoch  71 ; best_AUROC, best_AUPRC, best_precision, best_recall: 0.9864502851361295 0.9790090392075212 0.9414802065404475 0.9496527777777778 Human
spend time： 2.12784743309021 s
Training on 3804 samples...
Train epoch: 92 [0/3804 (0%)]	Loss: 0.002694 Loss_all: 0.052165
Train epoch: 92 [2560/3804 (67%)]	Loss: 0.023968 Loss_all: 0.070146
Train epoch: 92	Loss: 0.014164
0.9827345194596078 No improvement since epoch  71 ; best_AUROC, best_AUPRC, best_precision, best_recall: 0.9864502851361295 0.9790090392075212 0.9414802065404475 0.9496527777777778 Human
spend time： 2.14103102684021 s
Training on 3804 samples...
Train epoch: 93 [0/3804 (0%)]	Loss: 0.007068 Loss_all: 0.054557
Train epoch: 93 [2560/3804 (67%)]	Loss: 0.002026 Loss_all: 0.048746
Train epoch: 93	Loss: 0.012231
0.9835617407921861 No improvement since epoch  71 ; best_AUROC, best_AUPRC, best_precision, best_recall: 0.9864502851361295 0.9790090392075212 0.9414802065404475 0.9496527777777778 Human
spend time： 2.5243747234344482 s
Training on 3804 samples...
Train epoch: 94 [0/3804 (0%)]	Loss: 0.014425 Loss_all: 0.060992
Train epoch: 94 [2560/3804 (67%)]	Loss: 0.013994 Loss_all: 0.059932
Train epoch: 94	Loss: 0.012146
0.9855236266798786 No improvement since epoch  71 ; best_AUROC, best_AUPRC, best_precision, best_recall: 0.9864502851361295 0.9790090392075212 0.9414802065404475 0.9496527777777778 Human
spend time： 2.8670647144317627 s
Training on 3804 samples...
Train epoch: 95 [0/3804 (0%)]	Loss: 0.001952 Loss_all: 0.048491
Train epoch: 95 [2560/3804 (67%)]	Loss: 0.015089 Loss_all: 0.059170
Train epoch: 95	Loss: 0.009796
0.9841766272372577 No improvement since epoch  71 ; best_AUROC, best_AUPRC, best_precision, best_recall: 0.9864502851361295 0.9790090392075212 0.9414802065404475 0.9496527777777778 Human
spend time： 2.844974994659424 s
Training on 3804 samples...
Train epoch: 96 [0/3804 (0%)]	Loss: 0.003865 Loss_all: 0.049578
Train epoch: 96 [2560/3804 (67%)]	Loss: 0.007013 Loss_all: 0.052537
Train epoch: 96	Loss: 0.012480
0.9818564262268976 No improvement since epoch  71 ; best_AUROC, best_AUPRC, best_precision, best_recall: 0.9864502851361295 0.9790090392075212 0.9414802065404475 0.9496527777777778 Human
spend time： 3.073930025100708 s
Training on 3804 samples...
Train epoch: 97 [0/3804 (0%)]	Loss: 0.006710 Loss_all: 0.051377
Train epoch: 97 [2560/3804 (67%)]	Loss: 0.005728 Loss_all: 0.051213
Train epoch: 97	Loss: 0.010636
0.9838537012625078 No improvement since epoch  71 ; best_AUROC, best_AUPRC, best_precision, best_recall: 0.9864502851361295 0.9790090392075212 0.9414802065404475 0.9496527777777778 Human
spend time： 2.9209225177764893 s
Training on 3804 samples...
Train epoch: 98 [0/3804 (0%)]	Loss: 0.016796 Loss_all: 0.059238
Train epoch: 98 [2560/3804 (67%)]	Loss: 0.010211 Loss_all: 0.056085
Train epoch: 98	Loss: 0.010170
0.9838736076582116 No improvement since epoch  71 ; best_AUROC, best_AUPRC, best_precision, best_recall: 0.9864502851361295 0.9790090392075212 0.9414802065404475 0.9496527777777778 Human
spend time： 2.7961184978485107 s
Training on 3804 samples...
Train epoch: 99 [0/3804 (0%)]	Loss: 0.011014 Loss_all: 0.055856
Train epoch: 99 [2560/3804 (67%)]	Loss: 0.014187 Loss_all: 0.058767
Train epoch: 99	Loss: 0.020129
0.9833118049350166 No improvement since epoch  71 ; best_AUROC, best_AUPRC, best_precision, best_recall: 0.9864502851361295 0.9790090392075212 0.9414802065404475 0.9496527777777778 Human
spend time： 2.094160795211792 s
Training on 3804 samples...
Train epoch: 100 [0/3804 (0%)]	Loss: 0.013264 Loss_all: 0.057659
Train epoch: 100 [2560/3804 (67%)]	Loss: 0.038738 Loss_all: 0.082439
Train epoch: 100	Loss: 0.013628
0.9823983225543887 No improvement since epoch  71 ; best_AUROC, best_AUPRC, best_precision, best_recall: 0.9864502851361295 0.9790090392075212 0.9414802065404475 0.9496527777777778 Human
spend time： 1.9360520839691162 s
Training on 3804 samples...
Train epoch: 101 [0/3804 (0%)]	Loss: 0.019434 Loss_all: 0.063037
Train epoch: 101 [2560/3804 (67%)]	Loss: 0.007971 Loss_all: 0.050929
Train epoch: 101	Loss: 0.009889
0.9840837307239735 No improvement since epoch  71 ; best_AUROC, best_AUPRC, best_precision, best_recall: 0.9864502851361295 0.9790090392075212 0.9414802065404475 0.9496527777777778 Human
spend time： 1.9332835674285889 s
Training on 3804 samples...
Train epoch: 102 [0/3804 (0%)]	Loss: 0.028150 Loss_all: 0.071377
Train epoch: 102 [2560/3804 (67%)]	Loss: 0.043902 Loss_all: 0.087972
Train epoch: 102	Loss: 0.019991
0.9826283520158543 No improvement since epoch  71 ; best_AUROC, best_AUPRC, best_precision, best_recall: 0.9864502851361295 0.9790090392075212 0.9414802065404475 0.9496527777777778 Human
spend time： 2.6330645084381104 s
Training on 3804 samples...
Train epoch: 103 [0/3804 (0%)]	Loss: 0.070046 Loss_all: 0.112944
Train epoch: 103 [2560/3804 (67%)]	Loss: 0.017537 Loss_all: 0.060351
Train epoch: 103	Loss: 0.015683
0.9808987074113723 No improvement since epoch  71 ; best_AUROC, best_AUPRC, best_precision, best_recall: 0.9864502851361295 0.9790090392075212 0.9414802065404475 0.9496527777777778 Human
spend time： 2.8743460178375244 s
Training on 3804 samples...
Train epoch: 104 [0/3804 (0%)]	Loss: 0.019261 Loss_all: 0.063927
Train epoch: 104 [2560/3804 (67%)]	Loss: 0.005780 Loss_all: 0.049886
Train epoch: 104	Loss: 0.014407
0.9822036822408409 No improvement since epoch  71 ; best_AUROC, best_AUPRC, best_precision, best_recall: 0.9864502851361295 0.9790090392075212 0.9414802065404475 0.9496527777777778 Human
spend time： 2.883291482925415 s
Training on 3804 samples...
Train epoch: 105 [0/3804 (0%)]	Loss: 0.016575 Loss_all: 0.062955
Train epoch: 105 [2560/3804 (67%)]	Loss: 0.020428 Loss_all: 0.063821
Train epoch: 105	Loss: 0.011782
0.984216440028665 No improvement since epoch  71 ; best_AUROC, best_AUPRC, best_precision, best_recall: 0.9864502851361295 0.9790090392075212 0.9414802065404475 0.9496527777777778 Human
spend time： 3.035686492919922 s
Training on 3804 samples...
Train epoch: 106 [0/3804 (0%)]	Loss: 0.003131 Loss_all: 0.046099
Train epoch: 106 [2560/3804 (67%)]	Loss: 0.004485 Loss_all: 0.046610
Train epoch: 106	Loss: 0.006027
0.9852582080704951 No improvement since epoch  71 ; best_AUROC, best_AUPRC, best_precision, best_recall: 0.9864502851361295 0.9790090392075212 0.9414802065404475 0.9496527777777778 Human
spend time： 2.8967349529266357 s
Training on 3804 samples...
Train epoch: 107 [0/3804 (0%)]	Loss: 0.003904 Loss_all: 0.047288
Train epoch: 107 [2560/3804 (67%)]	Loss: 0.003275 Loss_all: 0.048040
Train epoch: 107	Loss: 0.006784
0.9846941935255553 No improvement since epoch  71 ; best_AUROC, best_AUPRC, best_precision, best_recall: 0.9864502851361295 0.9790090392075212 0.9414802065404475 0.9496527777777778 Human
spend time： 2.788891315460205 s
Training on 3804 samples...
Train epoch: 108 [0/3804 (0%)]	Loss: 0.002004 Loss_all: 0.044827
Train epoch: 108 [2560/3804 (67%)]	Loss: 0.002437 Loss_all: 0.044546
Train epoch: 108	Loss: 0.007015
0.9851586760919764 No improvement since epoch  71 ; best_AUROC, best_AUPRC, best_precision, best_recall: 0.9864502851361295 0.9790090392075212 0.9414802065404475 0.9496527777777778 Human
spend time： 2.063154458999634 s
Training on 3804 samples...
Train epoch: 109 [0/3804 (0%)]	Loss: 0.000696 Loss_all: 0.041870
Train epoch: 109 [2560/3804 (67%)]	Loss: 0.002967 Loss_all: 0.044097
Train epoch: 109	Loss: 0.006465
0.9844442576683858 No improvement since epoch  71 ; best_AUROC, best_AUPRC, best_precision, best_recall: 0.9864502851361295 0.9790090392075212 0.9414802065404475 0.9496527777777778 Human
spend time： 1.9576807022094727 s
Training on 3804 samples...
Train epoch: 110 [0/3804 (0%)]	Loss: 0.002361 Loss_all: 0.045393
Train epoch: 110 [2560/3804 (67%)]	Loss: 0.021921 Loss_all: 0.063013
Train epoch: 110	Loss: 0.005862
0.984539366003415 No improvement since epoch  71 ; best_AUROC, best_AUPRC, best_precision, best_recall: 0.9864502851361295 0.9790090392075212 0.9414802065404475 0.9496527777777778 Human
spend time： 1.9158356189727783 s
Training on 3804 samples...
Train epoch: 111 [0/3804 (0%)]	Loss: 0.002080 Loss_all: 0.043349
Train epoch: 111 [2560/3804 (67%)]	Loss: 0.009600 Loss_all: 0.050116
Train epoch: 111	Loss: 0.004195
0.9831923665607942 No improvement since epoch  71 ; best_AUROC, best_AUPRC, best_precision, best_recall: 0.9864502851361295 0.9790090392075212 0.9414802065404475 0.9496527777777778 Human
spend time： 2.4944469928741455 s
Training on 3804 samples...
Train epoch: 112 [0/3804 (0%)]	Loss: 0.003474 Loss_all: 0.044285
Train epoch: 112 [2560/3804 (67%)]	Loss: 0.001020 Loss_all: 0.041586
Train epoch: 112	Loss: 0.005917
0.9835329871095028 No improvement since epoch  71 ; best_AUROC, best_AUPRC, best_precision, best_recall: 0.9864502851361295 0.9790090392075212 0.9414802065404475 0.9496527777777778 Human
spend time： 2.8231661319732666 s
Training on 3804 samples...
Train epoch: 113 [0/3804 (0%)]	Loss: 0.000706 Loss_all: 0.044403
Train epoch: 113 [2560/3804 (67%)]	Loss: 0.012349 Loss_all: 0.051676
Train epoch: 113	Loss: 0.010654
0.9837475338187543 No improvement since epoch  71 ; best_AUROC, best_AUPRC, best_precision, best_recall: 0.9864502851361295 0.9790090392075212 0.9414802065404475 0.9496527777777778 Human
spend time： 2.825145959854126 s
Training on 3804 samples...
Train epoch: 114 [0/3804 (0%)]	Loss: 0.003240 Loss_all: 0.044012
Train epoch: 114 [2560/3804 (67%)]	Loss: 0.001404 Loss_all: 0.042758
Train epoch: 114	Loss: 0.004333
0.9835440462182272 No improvement since epoch  71 ; best_AUROC, best_AUPRC, best_precision, best_recall: 0.9864502851361295 0.9790090392075212 0.9414802065404475 0.9496527777777778 Human
spend time： 3.292872667312622 s
Training on 3804 samples...
Train epoch: 115 [0/3804 (0%)]	Loss: 0.001407 Loss_all: 0.040858
Train epoch: 115 [2560/3804 (67%)]	Loss: 0.006279 Loss_all: 0.046274
Train epoch: 115	Loss: 0.011653
0.9843845384812747 No improvement since epoch  71 ; best_AUROC, best_AUPRC, best_precision, best_recall: 0.9864502851361295 0.9790090392075212 0.9414802065404475 0.9496527777777778 Human
spend time： 2.776897430419922 s
Training on 3804 samples...
Train epoch: 116 [0/3804 (0%)]	Loss: 0.023290 Loss_all: 0.063585
Train epoch: 116 [2560/3804 (67%)]	Loss: 0.012852 Loss_all: 0.054448
Train epoch: 116	Loss: 0.012271
0.9835683762574208 No improvement since epoch  71 ; best_AUROC, best_AUPRC, best_precision, best_recall: 0.9864502851361295 0.9790090392075212 0.9414802065404475 0.9496527777777778 Human
spend time： 2.6969799995422363 s
Training on 3804 samples...
Train epoch: 117 [0/3804 (0%)]	Loss: 0.001958 Loss_all: 0.044153
Train epoch: 117 [2560/3804 (67%)]	Loss: 0.002357 Loss_all: 0.044042
Train epoch: 117	Loss: 0.007986
0.9830928345822753 No improvement since epoch  71 ; best_AUROC, best_AUPRC, best_precision, best_recall: 0.9864502851361295 0.9790090392075212 0.9414802065404475 0.9496527777777778 Human
spend time： 2.0376460552215576 s
Training on 3804 samples...
Train epoch: 118 [0/3804 (0%)]	Loss: 0.029635 Loss_all: 0.070709
Train epoch: 118 [2560/3804 (67%)]	Loss: 0.023279 Loss_all: 0.063706
Train epoch: 118	Loss: 0.020193
0.9842385582461138 No improvement since epoch  71 ; best_AUROC, best_AUPRC, best_precision, best_recall: 0.9864502851361295 0.9790090392075212 0.9414802065404475 0.9496527777777778 Human
spend time： 2.0081088542938232 s
Training on 3804 samples...
Train epoch: 119 [0/3804 (0%)]	Loss: 0.032648 Loss_all: 0.074699
Train epoch: 119 [2560/3804 (67%)]	Loss: 0.006383 Loss_all: 0.048073
Train epoch: 119	Loss: 0.019044
0.9847450654256872 No improvement since epoch  71 ; best_AUROC, best_AUPRC, best_precision, best_recall: 0.9864502851361295 0.9790090392075212 0.9414802065404475 0.9496527777777778 Human
/root/HAG-DTA/py38_env/lib/python3.8/site-packages/torch_geometric/deprecation.py:26: UserWarning: 'data.DenseDataLoader' is deprecated, use 'loader.DenseDataLoader' instead
  warnings.warn(out)
spend time： 1.8817191123962402 s
Training on 3804 samples...
Train epoch: 120 [0/3804 (0%)]	Loss: 0.012167 Loss_all: 0.054696
Train epoch: 120 [2560/3804 (67%)]	Loss: 0.028311 Loss_all: 0.068606
Train epoch: 120	Loss: 0.014910
0.9855302621451132 No improvement since epoch  71 ; best_AUROC, best_AUPRC, best_precision, best_recall: 0.9864502851361295 0.9790090392075212 0.9414802065404475 0.9496527777777778 Human
spend time： 2.3155224323272705 s
Training on 3804 samples...
Train epoch: 121 [0/3804 (0%)]	Loss: 0.012342 Loss_all: 0.052637
Train epoch: 121 [2560/3804 (67%)]	Loss: 0.025963 Loss_all: 0.068877
Train epoch: 121	Loss: 0.014373
0.9863043997558149 No improvement since epoch  71 ; best_AUROC, best_AUPRC, best_precision, best_recall: 0.9864502851361295 0.9790090392075212 0.9414802065404475 0.9496527777777778 Human
spend time： 2.7930963039398193 s
early stopping at epoch  121  due to no validation improvement.
