Diff_DTA_GIN
fold_id: 0
Learning rate:  0.0005
Epochs:  1000
Validation interval:  1
Early stop patience:  50

running on  Human
Pre-processed data found: /root/autodl-tmp/HAG-DTA-cache/processed/Human_fold0_train.pt, loading ...
Pre-processed data found: /root/autodl-tmp/HAG-DTA-cache/processed/Human_fold0_val.pt, loading ...
Pre-processed data found: /root/autodl-tmp/HAG-DTA-cache/processed/Human_fold0_test.pt, loading ...
Training on 3804 samples...
Train epoch: 1 [0/3804 (0%)]	Loss: 0.689520 Loss_all: 0.738273
Train epoch: 1 [2560/3804 (67%)]	Loss: 0.536022 Loss_all: 0.584103
Train epoch: 1	Loss: 0.563756
val AUROC improved at epoch  1 ; best_AUROC, best_AUPRC, best_precision, best_recall: 0.8649052612214864 0.8516956336665192 0.7041095890410959 0.8923611111111112 Human
spend time： 5.865431785583496 s
Training on 3804 samples...
Train epoch: 2 [0/3804 (0%)]	Loss: 0.535250 Loss_all: 0.577223
Train epoch: 2 [2560/3804 (67%)]	Loss: 0.414914 Loss_all: 0.460496
Train epoch: 2	Loss: 0.430931
val AUROC improved at epoch  2 ; best_AUROC, best_AUPRC, best_precision, best_recall: 0.9400150616261956 0.9463655212065689 0.7167325428194994 0.9444444444444444 Human
spend time： 5.752611398696899 s
Training on 3804 samples...
Train epoch: 3 [0/3804 (0%)]	Loss: 0.341534 Loss_all: 0.382293
Train epoch: 3 [2560/3804 (67%)]	Loss: 0.279436 Loss_all: 0.320233
Train epoch: 3	Loss: 0.309272
val AUROC improved at epoch  3 ; best_AUROC, best_AUPRC, best_precision, best_recall: 0.9624551600441503 0.9645815551831419 0.9043478260869565 0.9027777777777778 Human
spend time： 4.182964324951172 s
Training on 3804 samples...
Train epoch: 4 [0/3804 (0%)]	Loss: 0.280328 Loss_all: 0.320275
Train epoch: 4 [2560/3804 (67%)]	Loss: 0.293791 Loss_all: 0.332853
Train epoch: 4	Loss: 0.256387
val AUROC improved at epoch  4 ; best_AUROC, best_AUPRC, best_precision, best_recall: 0.9704746136865343 0.9732718137019024 0.9191564147627417 0.9079861111111112 Human
spend time： 4.207796812057495 s
Training on 3804 samples...
Train epoch: 5 [0/3804 (0%)]	Loss: 0.248363 Loss_all: 0.289132
Train epoch: 5 [2560/3804 (67%)]	Loss: 0.222871 Loss_all: 0.263223
Train epoch: 5	Loss: 0.205567
0.9650841819356094 No improvement since epoch  4 ; best_AUROC, best_AUPRC, best_precision, best_recall: 0.9704746136865343 0.9732718137019024 0.9191564147627417 0.9079861111111112 Human
spend time： 2.8004672527313232 s
Training on 3804 samples...
Train epoch: 6 [0/3804 (0%)]	Loss: 0.201407 Loss_all: 0.239899
Train epoch: 6 [2560/3804 (67%)]	Loss: 0.177406 Loss_all: 0.215202
Train epoch: 6	Loss: 0.189986
val AUROC improved at epoch  6 ; best_AUROC, best_AUPRC, best_precision, best_recall: 0.9745102097130244 0.9759286164454802 0.936247723132969 0.8923611111111112 Human
spend time： 3.2202036380767822 s
Training on 3804 samples...
Train epoch: 7 [0/3804 (0%)]	Loss: 0.181097 Loss_all: 0.220896
Train epoch: 7 [2560/3804 (67%)]	Loss: 0.155159 Loss_all: 0.192710
Train epoch: 7	Loss: 0.161737
val AUROC improved at epoch  7 ; best_AUROC, best_AUPRC, best_precision, best_recall: 0.9755909676232525 0.9773738720723446 0.9111111111111111 0.9253472222222222 Human
spend time： 3.7933189868927 s
Training on 3804 samples...
Train epoch: 8 [0/3804 (0%)]	Loss: 0.166824 Loss_all: 0.205167
Train epoch: 8 [2560/3804 (67%)]	Loss: 0.115771 Loss_all: 0.153269
Train epoch: 8	Loss: 0.148098
val AUROC improved at epoch  8 ; best_AUROC, best_AUPRC, best_precision, best_recall: 0.9749557349153789 0.9769128371560083 0.9709864603481625 0.8715277777777778 Human
spend time： 3.97377610206604 s
Training on 3804 samples...
Train epoch: 9 [0/3804 (0%)]	Loss: 0.119517 Loss_all: 0.158971
Train epoch: 9 [2560/3804 (67%)]	Loss: 0.132426 Loss_all: 0.169937
Train epoch: 9	Loss: 0.148608
0.972365499119695 No improvement since epoch  8 ; best_AUROC, best_AUPRC, best_precision, best_recall: 0.9749557349153789 0.9769128371560083 0.9709864603481625 0.8715277777777778 Human
spend time： 4.863582372665405 s
Training on 3804 samples...
Train epoch: 10 [0/3804 (0%)]	Loss: 0.152266 Loss_all: 0.189666
Train epoch: 10 [2560/3804 (67%)]	Loss: 0.120240 Loss_all: 0.157896
Train epoch: 10	Loss: 0.133601
val AUROC improved at epoch  10 ; best_AUROC, best_AUPRC, best_precision, best_recall: 0.9820467715231788 0.9841447498352089 0.9029605263157895 0.953125 Human
spend time： 4.714369297027588 s
Training on 3804 samples...
Train epoch: 11 [0/3804 (0%)]	Loss: 0.103312 Loss_all: 0.140104
Train epoch: 11 [2560/3804 (67%)]	Loss: 0.108132 Loss_all: 0.145044
Train epoch: 11	Loss: 0.119672
val AUROC improved at epoch  11 ; best_AUROC, best_AUPRC, best_precision, best_recall: 0.9831993883370125 0.9837495754638431 0.9654545454545455 0.921875 Human
spend time： 4.564333915710449 s
Training on 3804 samples...
Train epoch: 12 [0/3804 (0%)]	Loss: 0.108463 Loss_all: 0.146074
Train epoch: 12 [2560/3804 (67%)]	Loss: 0.118524 Loss_all: 0.156658
Train epoch: 12	Loss: 0.111294
val AUROC improved at epoch  12 ; best_AUROC, best_AUPRC, best_precision, best_recall: 0.9835529341427519 0.9850204446241936 0.9380378657487092 0.9461805555555556 Human
spend time： 3.2257766723632812 s
Training on 3804 samples...
Train epoch: 13 [0/3804 (0%)]	Loss: 0.114357 Loss_all: 0.152100
Train epoch: 13 [2560/3804 (67%)]	Loss: 0.098957 Loss_all: 0.136134
Train epoch: 13	Loss: 0.097715
val AUROC improved at epoch  13 ; best_AUROC, best_AUPRC, best_precision, best_recall: 0.9810637417218544 0.9825277852218482 0.8821656050955414 0.9618055555555556 Human
spend time： 3.2566115856170654 s
Training on 3804 samples...
Train epoch: 14 [0/3804 (0%)]	Loss: 0.067488 Loss_all: 0.103795
Train epoch: 14 [2560/3804 (67%)]	Loss: 0.089529 Loss_all: 0.125694
Train epoch: 14	Loss: 0.087331
0.9800007077829583 No improvement since epoch  13 ; best_AUROC, best_AUPRC, best_precision, best_recall: 0.9810637417218544 0.9825277852218482 0.8821656050955414 0.9618055555555556 Human
spend time： 2.541773557662964 s
Training on 3804 samples...
Train epoch: 15 [0/3804 (0%)]	Loss: 0.088692 Loss_all: 0.124851
Train epoch: 15 [2560/3804 (67%)]	Loss: 0.141031 Loss_all: 0.178872
Train epoch: 15	Loss: 0.090363
0.980805810898088 No improvement since epoch  13 ; best_AUROC, best_AUPRC, best_precision, best_recall: 0.9810637417218544 0.9825277852218482 0.8821656050955414 0.9618055555555556 Human
spend time： 3.7610318660736084 s
Training on 3804 samples...
Train epoch: 16 [0/3804 (0%)]	Loss: 0.100144 Loss_all: 0.137345
Train epoch: 16 [2560/3804 (67%)]	Loss: 0.109827 Loss_all: 0.150865
Train epoch: 16	Loss: 0.099167
0.976913004627131 No improvement since epoch  13 ; best_AUROC, best_AUPRC, best_precision, best_recall: 0.9810637417218544 0.9825277852218482 0.8821656050955414 0.9618055555555556 Human
spend time： 3.452012777328491 s
Training on 3804 samples...
Train epoch: 17 [0/3804 (0%)]	Loss: 0.085806 Loss_all: 0.122351
Train epoch: 17 [2560/3804 (67%)]	Loss: 0.085332 Loss_all: 0.122058
Train epoch: 17	Loss: 0.097268
val AUROC improved at epoch  17 ; best_AUROC, best_AUPRC, best_precision, best_recall: 0.9825670299852832 0.983003461018043 0.8869426751592356 0.9670138888888888 Human
spend time： 5.728901147842407 s
Training on 3804 samples...
Train epoch: 18 [0/3804 (0%)]	Loss: 0.099965 Loss_all: 0.137158
Train epoch: 18 [2560/3804 (67%)]	Loss: 0.073063 Loss_all: 0.110127
Train epoch: 18	Loss: 0.098605
0.9800714860787939 No improvement since epoch  17 ; best_AUROC, best_AUPRC, best_precision, best_recall: 0.9825670299852832 0.983003461018043 0.8869426751592356 0.9670138888888888 Human
spend time： 3.6623077392578125 s
Training on 3804 samples...
Train epoch: 19 [0/3804 (0%)]	Loss: 0.069808 Loss_all: 0.109282
Train epoch: 19 [2560/3804 (67%)]	Loss: 0.104093 Loss_all: 0.145439
Train epoch: 19	Loss: 0.093602
0.9758513301895974 No improvement since epoch  17 ; best_AUROC, best_AUPRC, best_precision, best_recall: 0.9825670299852832 0.983003461018043 0.8869426751592356 0.9670138888888888 Human
spend time： 3.9483866691589355 s
Training on 3804 samples...
Train epoch: 20 [0/3804 (0%)]	Loss: 0.092833 Loss_all: 0.132530
Train epoch: 20 [2560/3804 (67%)]	Loss: 0.079078 Loss_all: 0.119105
Train epoch: 20	Loss: 0.099581
0.977426147271939 No improvement since epoch  17 ; best_AUROC, best_AUPRC, best_precision, best_recall: 0.9825670299852832 0.983003461018043 0.8869426751592356 0.9670138888888888 Human
spend time： 2.8864336013793945 s
Training on 3804 samples...
Train epoch: 21 [0/3804 (0%)]	Loss: 0.086017 Loss_all: 0.127046
Train epoch: 21 [2560/3804 (67%)]	Loss: 0.075595 Loss_all: 0.115772
Train epoch: 21	Loss: 0.089956
0.9792752302506437 No improvement since epoch  17 ; best_AUROC, best_AUPRC, best_precision, best_recall: 0.9825670299852832 0.983003461018043 0.8869426751592356 0.9670138888888888 Human
spend time： 2.8464090824127197 s
Training on 3804 samples...
Train epoch: 22 [0/3804 (0%)]	Loss: 0.078085 Loss_all: 0.116946
Train epoch: 22 [2560/3804 (67%)]	Loss: 0.101684 Loss_all: 0.143517
Train epoch: 22	Loss: 0.075911
0.9817568942483788 No improvement since epoch  17 ; best_AUROC, best_AUPRC, best_precision, best_recall: 0.9825670299852832 0.983003461018043 0.8869426751592356 0.9670138888888888 Human
spend time： 2.786083936691284 s
Training on 3804 samples...
Train epoch: 23 [0/3804 (0%)]	Loss: 0.075494 Loss_all: 0.116480
Train epoch: 23 [2560/3804 (67%)]	Loss: 0.086789 Loss_all: 0.126014
Train epoch: 23	Loss: 0.071414
val AUROC improved at epoch  23 ; best_AUROC, best_AUPRC, best_precision, best_recall: 0.9833747240618103 0.9835051417193054 0.912106135986733 0.9548611111111112 Human
spend time： 4.535943031311035 s
Training on 3804 samples...
Train epoch: 24 [0/3804 (0%)]	Loss: 0.044944 Loss_all: 0.085331
Train epoch: 24 [2560/3804 (67%)]	Loss: 0.073304 Loss_all: 0.113299
Train epoch: 24	Loss: 0.060837
0.9805182740712561 No improvement since epoch  23 ; best_AUROC, best_AUPRC, best_precision, best_recall: 0.9833747240618103 0.9835051417193054 0.912106135986733 0.9548611111111112 Human
spend time： 3.7410836219787598 s
Training on 3804 samples...
Train epoch: 25 [0/3804 (0%)]	Loss: 0.058011 Loss_all: 0.099587
Train epoch: 25 [2560/3804 (67%)]	Loss: 0.068353 Loss_all: 0.107290
Train epoch: 25	Loss: 0.061764
val AUROC improved at epoch  25 ; best_AUROC, best_AUPRC, best_precision, best_recall: 0.9815178899926417 0.982084603300016 0.8851674641148325 0.9635416666666666 Human
spend time： 5.6563920974731445 s
Training on 3804 samples...
Train epoch: 26 [0/3804 (0%)]	Loss: 0.076586 Loss_all: 0.118420
Train epoch: 26 [2560/3804 (67%)]	Loss: 0.045806 Loss_all: 0.085750
Train epoch: 26	Loss: 0.061931
0.9820665492926595 No improvement since epoch  25 ; best_AUROC, best_AUPRC, best_precision, best_recall: 0.9815178899926417 0.982084603300016 0.8851674641148325 0.9635416666666666 Human
spend time： 3.414536476135254 s
Training on 3804 samples...
Train epoch: 27 [0/3804 (0%)]	Loss: 0.070615 Loss_all: 0.109295
Train epoch: 27 [2560/3804 (67%)]	Loss: 0.020987 Loss_all: 0.060141
Train epoch: 27	Loss: 0.063473
0.9787842058232844 No improvement since epoch  25 ; best_AUROC, best_AUPRC, best_precision, best_recall: 0.9815178899926417 0.982084603300016 0.8851674641148325 0.9635416666666666 Human
spend time： 3.7295119762420654 s
Training on 3804 samples...
Train epoch: 28 [0/3804 (0%)]	Loss: 0.031385 Loss_all: 0.072365
Train epoch: 28 [2560/3804 (67%)]	Loss: 0.083564 Loss_all: 0.122775
Train epoch: 28	Loss: 0.057636
0.9812172097426324 No improvement since epoch  25 ; best_AUROC, best_AUPRC, best_precision, best_recall: 0.9815178899926417 0.982084603300016 0.8851674641148325 0.9635416666666666 Human
spend time： 2.5299577713012695 s
Training on 3804 samples...
Train epoch: 29 [0/3804 (0%)]	Loss: 0.054722 Loss_all: 0.094306
Train epoch: 29 [2560/3804 (67%)]	Loss: 0.035986 Loss_all: 0.074968
Train epoch: 29	Loss: 0.053944
0.9815489830043618 No improvement since epoch  25 ; best_AUROC, best_AUPRC, best_precision, best_recall: 0.9815178899926417 0.982084603300016 0.8851674641148325 0.9635416666666666 Human
spend time： 2.8279008865356445 s
Training on 3804 samples...
Train epoch: 30 [0/3804 (0%)]	Loss: 0.094047 Loss_all: 0.133955
Train epoch: 30 [2560/3804 (67%)]	Loss: 0.051353 Loss_all: 0.090831
Train epoch: 30	Loss: 0.060222
0.9815489830043617 No improvement since epoch  25 ; best_AUROC, best_AUPRC, best_precision, best_recall: 0.9815178899926417 0.982084603300016 0.8851674641148325 0.9635416666666666 Human
spend time： 2.7666261196136475 s
Training on 3804 samples...
Train epoch: 31 [0/3804 (0%)]	Loss: 0.056704 Loss_all: 0.095909
Train epoch: 31 [2560/3804 (67%)]	Loss: 0.090318 Loss_all: 0.129288
Train epoch: 31	Loss: 0.072756
0.9809075546983518 No improvement since epoch  25 ; best_AUROC, best_AUPRC, best_precision, best_recall: 0.9815178899926417 0.982084603300016 0.8851674641148325 0.9635416666666666 Human
spend time： 3.9778494834899902 s
Training on 3804 samples...
Train epoch: 32 [0/3804 (0%)]	Loss: 0.150581 Loss_all: 0.189124
Train epoch: 32 [2560/3804 (67%)]	Loss: 0.073472 Loss_all: 0.111494
Train epoch: 32	Loss: 0.075016
0.9821859876668819 No improvement since epoch  25 ; best_AUROC, best_AUPRC, best_precision, best_recall: 0.9815178899926417 0.982084603300016 0.8851674641148325 0.9635416666666666 Human
spend time： 3.851346015930176 s
Training on 3804 samples...
Train epoch: 33 [0/3804 (0%)]	Loss: 0.033428 Loss_all: 0.071070
Train epoch: 33 [2560/3804 (67%)]	Loss: 0.094719 Loss_all: 0.132950
Train epoch: 33	Loss: 0.078984
0.9789876934238115 No improvement since epoch  25 ; best_AUROC, best_AUPRC, best_precision, best_recall: 0.9815178899926417 0.982084603300016 0.8851674641148325 0.9635416666666666 Human
spend time： 4.858515739440918 s
Training on 3804 samples...
Train epoch: 34 [0/3804 (0%)]	Loss: 0.085981 Loss_all: 0.125405
Train epoch: 34 [2560/3804 (67%)]	Loss: 0.046301 Loss_all: 0.089114
Train epoch: 34	Loss: 0.075993
0.9808500473329854 No improvement since epoch  25 ; best_AUROC, best_AUPRC, best_precision, best_recall: 0.9815178899926417 0.982084603300016 0.8851674641148325 0.9635416666666666 Human
spend time： 4.1159539222717285 s
Training on 3804 samples...
Train epoch: 35 [0/3804 (0%)]	Loss: 0.038763 Loss_all: 0.077168
Train epoch: 35 [2560/3804 (67%)]	Loss: 0.083090 Loss_all: 0.122554
Train epoch: 35	Loss: 0.050979
0.9803413283316672 No improvement since epoch  25 ; best_AUROC, best_AUPRC, best_precision, best_recall: 0.9815178899926417 0.982084603300016 0.8851674641148325 0.9635416666666666 Human
spend time： 3.5144760608673096 s
Training on 3804 samples...
Train epoch: 36 [0/3804 (0%)]	Loss: 0.032630 Loss_all: 0.071242
Train epoch: 36 [2560/3804 (67%)]	Loss: 0.026858 Loss_all: 0.065395
Train epoch: 36	Loss: 0.040144
0.9811154659423688 No improvement since epoch  25 ; best_AUROC, best_AUPRC, best_precision, best_recall: 0.9815178899926417 0.982084603300016 0.8851674641148325 0.9635416666666666 Human
spend time： 2.7992711067199707 s
Training on 3804 samples...
Train epoch: 37 [0/3804 (0%)]	Loss: 0.052080 Loss_all: 0.090344
Train epoch: 37 [2560/3804 (67%)]	Loss: 0.051066 Loss_all: 0.089495
Train epoch: 37	Loss: 0.043047
0.9823629334064709 No improvement since epoch  25 ; best_AUROC, best_AUPRC, best_precision, best_recall: 0.9815178899926417 0.982084603300016 0.8851674641148325 0.9635416666666666 Human
spend time： 2.533933639526367 s
Training on 3804 samples...
Train epoch: 38 [0/3804 (0%)]	Loss: 0.019784 Loss_all: 0.061055
Train epoch: 38 [2560/3804 (67%)]	Loss: 0.052420 Loss_all: 0.090987
Train epoch: 38	Loss: 0.033321
0.9819913473533342 No improvement since epoch  25 ; best_AUROC, best_AUPRC, best_precision, best_recall: 0.9815178899926417 0.982084603300016 0.8851674641148325 0.9635416666666666 Human
spend time： 2.8292131423950195 s
Training on 3804 samples...
Train epoch: 39 [0/3804 (0%)]	Loss: 0.029270 Loss_all: 0.067444
Train epoch: 39 [2560/3804 (67%)]	Loss: 0.055480 Loss_all: 0.093917
Train epoch: 39	Loss: 0.035684
0.9813720372647727 No improvement since epoch  25 ; best_AUROC, best_AUPRC, best_precision, best_recall: 0.9815178899926417 0.982084603300016 0.8851674641148325 0.9635416666666666 Human
spend time： 3.194298505783081 s
Training on 3804 samples...
Train epoch: 40 [0/3804 (0%)]	Loss: 0.024357 Loss_all: 0.061865
Train epoch: 40 [2560/3804 (67%)]	Loss: 0.065221 Loss_all: 0.102333
Train epoch: 40	Loss: 0.034108
val AUROC improved at epoch  40 ; best_AUROC, best_AUPRC, best_precision, best_recall: 0.9853810246504782 0.9828134385799457 0.9261744966442953 0.9583333333333334 Human
spend time： 4.894550561904907 s
Training on 3804 samples...
Train epoch: 41 [0/3804 (0%)]	Loss: 0.014497 Loss_all: 0.053474
Train epoch: 41 [2560/3804 (67%)]	Loss: 0.023819 Loss_all: 0.061712
Train epoch: 41	Loss: 0.040119
0.9827212485291386 No improvement since epoch  40 ; best_AUROC, best_AUPRC, best_precision, best_recall: 0.9853810246504782 0.9828134385799457 0.9261744966442953 0.9583333333333334 Human
spend time： 4.517675876617432 s
Training on 3804 samples...
Train epoch: 42 [0/3804 (0%)]	Loss: 0.028260 Loss_all: 0.066360
Train epoch: 42 [2560/3804 (67%)]	Loss: 0.030311 Loss_all: 0.068640
Train epoch: 42	Loss: 0.033517
0.9837696520362029 No improvement since epoch  40 ; best_AUROC, best_AUPRC, best_precision, best_recall: 0.9853810246504782 0.9828134385799457 0.9261744966442953 0.9583333333333334 Human
spend time： 4.704220771789551 s
Training on 3804 samples...
Train epoch: 43 [0/3804 (0%)]	Loss: 0.084337 Loss_all: 0.120400
Train epoch: 43 [2560/3804 (67%)]	Loss: 0.022810 Loss_all: 0.060599
Train epoch: 43	Loss: 0.031732
0.9835219280007784 No improvement since epoch  40 ; best_AUROC, best_AUPRC, best_precision, best_recall: 0.9853810246504782 0.9828134385799457 0.9261744966442953 0.9583333333333334 Human
spend time： 3.2680397033691406 s
Training on 3804 samples...
Train epoch: 44 [0/3804 (0%)]	Loss: 0.030123 Loss_all: 0.068186
Train epoch: 44 [2560/3804 (67%)]	Loss: 0.037756 Loss_all: 0.077144
Train epoch: 44	Loss: 0.035418
0.9852869617531783 No improvement since epoch  40 ; best_AUROC, best_AUPRC, best_precision, best_recall: 0.9853810246504782 0.9828134385799457 0.9261744966442953 0.9583333333333334 Human
spend time： 2.902139663696289 s
Training on 3804 samples...
Train epoch: 45 [0/3804 (0%)]	Loss: 0.024211 Loss_all: 0.062310
Train epoch: 45 [2560/3804 (67%)]	Loss: 0.060097 Loss_all: 0.096915
Train epoch: 45	Loss: 0.032816
val AUROC improved at epoch  45 ; best_AUROC, best_AUPRC, best_precision, best_recall: 0.9851596992273731 0.9862262764594463 0.9727272727272728 0.9288194444444444 Human
spend time： 2.936232328414917 s
Training on 3804 samples...
Train epoch: 46 [0/3804 (0%)]	Loss: 0.034386 Loss_all: 0.071750
Train epoch: 46 [2560/3804 (67%)]	Loss: 0.027639 Loss_all: 0.064762
Train epoch: 46	Loss: 0.024380
0.9839642923497508 No improvement since epoch  45 ; best_AUROC, best_AUPRC, best_precision, best_recall: 0.9851596992273731 0.9862262764594463 0.9727272727272728 0.9288194444444444 Human
spend time： 2.8511672019958496 s
Training on 3804 samples...
Train epoch: 47 [0/3804 (0%)]	Loss: 0.022067 Loss_all: 0.058711
Train epoch: 47 [2560/3804 (67%)]	Loss: 0.028339 Loss_all: 0.065276
Train epoch: 47	Loss: 0.028234
0.984972883065408 No improvement since epoch  45 ; best_AUROC, best_AUPRC, best_precision, best_recall: 0.9851596992273731 0.9862262764594463 0.9727272727272728 0.9288194444444444 Human
spend time： 3.096177816390991 s
Training on 3804 samples...
Train epoch: 48 [0/3804 (0%)]	Loss: 0.017422 Loss_all: 0.053137
Train epoch: 48 [2560/3804 (67%)]	Loss: 0.034604 Loss_all: 0.073357
Train epoch: 48	Loss: 0.053706
0.9800891806527527 No improvement since epoch  45 ; best_AUROC, best_AUPRC, best_precision, best_recall: 0.9851596992273731 0.9862262764594463 0.9727272727272728 0.9288194444444444 Human
spend time： 4.493649244308472 s
Training on 3804 samples...
Train epoch: 49 [0/3804 (0%)]	Loss: 0.035337 Loss_all: 0.072276
Train epoch: 49 [2560/3804 (67%)]	Loss: 0.053085 Loss_all: 0.088006
Train epoch: 49	Loss: 0.039173
0.9827610613205461 No improvement since epoch  45 ; best_AUROC, best_AUPRC, best_precision, best_recall: 0.9851596992273731 0.9862262764594463 0.9727272727272728 0.9288194444444444 Human
spend time： 4.531212091445923 s
Training on 3804 samples...
Train epoch: 50 [0/3804 (0%)]	Loss: 0.058783 Loss_all: 0.094313
Train epoch: 50 [2560/3804 (67%)]	Loss: 0.042338 Loss_all: 0.077903
Train epoch: 50	Loss: 0.036416
0.9831857310955596 No improvement since epoch  45 ; best_AUROC, best_AUPRC, best_precision, best_recall: 0.9851596992273731 0.9862262764594463 0.9727272727272728 0.9288194444444444 Human
spend time： 4.150599479675293 s
Training on 3804 samples...
Train epoch: 51 [0/3804 (0%)]	Loss: 0.031369 Loss_all: 0.069782
Train epoch: 51 [2560/3804 (67%)]	Loss: 0.018810 Loss_all: 0.054276
Train epoch: 51	Loss: 0.034662
0.9812216333861221 No improvement since epoch  45 ; best_AUROC, best_AUPRC, best_precision, best_recall: 0.9851596992273731 0.9862262764594463 0.9727272727272728 0.9288194444444444 Human
spend time： 3.7429378032684326 s
Training on 3804 samples...
Train epoch: 52 [0/3804 (0%)]	Loss: 0.026405 Loss_all: 0.061580
Train epoch: 52 [2560/3804 (67%)]	Loss: 0.033586 Loss_all: 0.069212
Train epoch: 52	Loss: 0.033842
0.9823806279804298 No improvement since epoch  45 ; best_AUROC, best_AUPRC, best_precision, best_recall: 0.9851596992273731 0.9862262764594463 0.9727272727272728 0.9288194444444444 Human
spend time： 2.7139148712158203 s
Training on 3804 samples...
Train epoch: 53 [0/3804 (0%)]	Loss: 0.013364 Loss_all: 0.048128
Train epoch: 53 [2560/3804 (67%)]	Loss: 0.034081 Loss_all: 0.072355
Train epoch: 53	Loss: 0.027088
0.982199258597351 No improvement since epoch  45 ; best_AUROC, best_AUPRC, best_precision, best_recall: 0.9851596992273731 0.9862262764594463 0.9727272727272728 0.9288194444444444 Human
spend time： 2.745741605758667 s
Training on 3804 samples...
Train epoch: 54 [0/3804 (0%)]	Loss: 0.006162 Loss_all: 0.040987
Train epoch: 54 [2560/3804 (67%)]	Loss: 0.071810 Loss_all: 0.106948
Train epoch: 54	Loss: 0.025446
0.9822479186757381 No improvement since epoch  45 ; best_AUROC, best_AUPRC, best_precision, best_recall: 0.9851596992273731 0.9862262764594463 0.9727272727272728 0.9288194444444444 Human
spend time： 2.572756767272949 s
Training on 3804 samples...
Train epoch: 55 [0/3804 (0%)]	Loss: 0.031355 Loss_all: 0.066430
Train epoch: 55 [2560/3804 (67%)]	Loss: 0.009991 Loss_all: 0.045057
Train epoch: 55	Loss: 0.023601
0.9821085739058117 No improvement since epoch  45 ; best_AUROC, best_AUPRC, best_precision, best_recall: 0.9851596992273731 0.9862262764594463 0.9727272727272728 0.9288194444444444 Human
spend time： 3.553914785385132 s
Training on 3804 samples...
Train epoch: 56 [0/3804 (0%)]	Loss: 0.029481 Loss_all: 0.063919
Train epoch: 56 [2560/3804 (67%)]	Loss: 0.041325 Loss_all: 0.074871
Train epoch: 56	Loss: 0.029228
0.9794787178511709 No improvement since epoch  45 ; best_AUROC, best_AUPRC, best_precision, best_recall: 0.9851596992273731 0.9862262764594463 0.9727272727272728 0.9288194444444444 Human
spend time： 3.474555015563965 s
Training on 3804 samples...
Train epoch: 57 [0/3804 (0%)]	Loss: 0.012374 Loss_all: 0.046136
Train epoch: 57 [2560/3804 (67%)]	Loss: 0.013601 Loss_all: 0.048427
Train epoch: 57	Loss: 0.026441
0.9827522140335666 No improvement since epoch  45 ; best_AUROC, best_AUPRC, best_precision, best_recall: 0.9851596992273731 0.9862262764594463 0.9727272727272728 0.9288194444444444 Human
spend time： 5.117315769195557 s
Training on 3804 samples...
Train epoch: 58 [0/3804 (0%)]	Loss: 0.011614 Loss_all: 0.046218
Train epoch: 58 [2560/3804 (67%)]	Loss: 0.009594 Loss_all: 0.043456
Train epoch: 58	Loss: 0.024091
0.981770165178848 No improvement since epoch  45 ; best_AUROC, best_AUPRC, best_precision, best_recall: 0.9851596992273731 0.9862262764594463 0.9727272727272728 0.9288194444444444 Human
spend time： 3.8946692943573 s
Training on 3804 samples...
Train epoch: 59 [0/3804 (0%)]	Loss: 0.017044 Loss_all: 0.050879
Train epoch: 59 [2560/3804 (67%)]	Loss: 0.018004 Loss_all: 0.051828
Train epoch: 59	Loss: 0.017325
0.979396880446611 No improvement since epoch  45 ; best_AUROC, best_AUPRC, best_precision, best_recall: 0.9851596992273731 0.9862262764594463 0.9727272727272728 0.9288194444444444 Human
spend time： 3.992567539215088 s
Training on 3804 samples...
Train epoch: 60 [0/3804 (0%)]	Loss: 0.011284 Loss_all: 0.044682
Train epoch: 60 [2560/3804 (67%)]	Loss: 0.030452 Loss_all: 0.065520
Train epoch: 60	Loss: 0.022731
0.9814936874607401 No improvement since epoch  45 ; best_AUROC, best_AUPRC, best_precision, best_recall: 0.9851596992273731 0.9862262764594463 0.9727272727272728 0.9288194444444444 Human
spend time： 2.9766225814819336 s
Training on 3804 samples...
Train epoch: 61 [0/3804 (0%)]	Loss: 0.019100 Loss_all: 0.054444
Train epoch: 61 [2560/3804 (67%)]	Loss: 0.023971 Loss_all: 0.058061
Train epoch: 61	Loss: 0.020643
0.9800936042962425 No improvement since epoch  45 ; best_AUROC, best_AUPRC, best_precision, best_recall: 0.9851596992273731 0.9862262764594463 0.9727272727272728 0.9288194444444444 Human
spend time： 2.8022868633270264 s
Training on 3804 samples...
Train epoch: 62 [0/3804 (0%)]	Loss: 0.016648 Loss_all: 0.050958
Train epoch: 62 [2560/3804 (67%)]	Loss: 0.016084 Loss_all: 0.049144
Train epoch: 62	Loss: 0.018192
0.9817613178918684 No improvement since epoch  45 ; best_AUROC, best_AUPRC, best_precision, best_recall: 0.9851596992273731 0.9862262764594463 0.9727272727272728 0.9288194444444444 Human
spend time： 2.561945915222168 s
Training on 3804 samples...
Train epoch: 63 [0/3804 (0%)]	Loss: 0.013890 Loss_all: 0.047462
Train epoch: 63 [2560/3804 (67%)]	Loss: 0.037457 Loss_all: 0.072058
Train epoch: 63	Loss: 0.021520
0.9813720372647727 No improvement since epoch  45 ; best_AUROC, best_AUPRC, best_precision, best_recall: 0.9851596992273731 0.9862262764594463 0.9727272727272728 0.9288194444444444 Human
spend time： 3.6459548473358154 s
Training on 3804 samples...
Train epoch: 64 [0/3804 (0%)]	Loss: 0.005711 Loss_all: 0.038547
Train epoch: 64 [2560/3804 (67%)]	Loss: 0.015096 Loss_all: 0.048849
Train epoch: 64	Loss: 0.020658
0.9803059391837493 No improvement since epoch  45 ; best_AUROC, best_AUPRC, best_precision, best_recall: 0.9851596992273731 0.9862262764594463 0.9727272727272728 0.9288194444444444 Human
spend time： 3.4677066802978516 s
Training on 3804 samples...
Train epoch: 65 [0/3804 (0%)]	Loss: 0.008426 Loss_all: 0.041577
Train epoch: 65 [2560/3804 (67%)]	Loss: 0.015693 Loss_all: 0.049204
Train epoch: 65	Loss: 0.022365
0.9820355837882314 No improvement since epoch  45 ; best_AUROC, best_AUPRC, best_precision, best_recall: 0.9851596992273731 0.9862262764594463 0.9727272727272728 0.9288194444444444 Human
spend time： 4.9863831996917725 s
Training on 3804 samples...
Train epoch: 66 [0/3804 (0%)]	Loss: 0.026533 Loss_all: 0.062193
Train epoch: 66 [2560/3804 (67%)]	Loss: 0.041483 Loss_all: 0.075256
Train epoch: 66	Loss: 0.018232
0.9794477523467429 No improvement since epoch  45 ; best_AUROC, best_AUPRC, best_precision, best_recall: 0.9851596992273731 0.9862262764594463 0.9727272727272728 0.9288194444444444 Human
spend time： 4.439276456832886 s
Training on 3804 samples...
Train epoch: 67 [0/3804 (0%)]	Loss: 0.005595 Loss_all: 0.039110
Train epoch: 67 [2560/3804 (67%)]	Loss: 0.009809 Loss_all: 0.043523
Train epoch: 67	Loss: 0.017489
0.9789655752063631 No improvement since epoch  45 ; best_AUROC, best_AUPRC, best_precision, best_recall: 0.9851596992273731 0.9862262764594463 0.9727272727272728 0.9288194444444444 Human
spend time： 3.7735235691070557 s
Training on 3804 samples...
Train epoch: 68 [0/3804 (0%)]	Loss: 0.002721 Loss_all: 0.036129
Train epoch: 68 [2560/3804 (67%)]	Loss: 0.005094 Loss_all: 0.039923
Train epoch: 68	Loss: 0.013162
0.9812570225340399 No improvement since epoch  45 ; best_AUROC, best_AUPRC, best_precision, best_recall: 0.9851596992273731 0.9862262764594463 0.9727272727272728 0.9288194444444444 Human
spend time： 3.269540309906006 s
Training on 3804 samples...
Train epoch: 69 [0/3804 (0%)]	Loss: 0.004852 Loss_all: 0.039057
Train epoch: 69 [2560/3804 (67%)]	Loss: 0.026580 Loss_all: 0.058694
Train epoch: 69	Loss: 0.015532
0.9777358023162197 No improvement since epoch  45 ; best_AUROC, best_AUPRC, best_precision, best_recall: 0.9851596992273731 0.9862262764594463 0.9727272727272728 0.9288194444444444 Human
spend time： 2.759528636932373 s
Training on 3804 samples...
Train epoch: 70 [0/3804 (0%)]	Loss: 0.035182 Loss_all: 0.066606
Train epoch: 70 [2560/3804 (67%)]	Loss: 0.038251 Loss_all: 0.071469
Train epoch: 70	Loss: 0.017673
0.9791159790850136 No improvement since epoch  45 ; best_AUROC, best_AUPRC, best_precision, best_recall: 0.9851596992273731 0.9862262764594463 0.9727272727272728 0.9288194444444444 Human
spend time： 2.741044759750366 s
Training on 3804 samples...
Train epoch: 71 [0/3804 (0%)]	Loss: 0.007861 Loss_all: 0.045076
Train epoch: 71 [2560/3804 (67%)]	Loss: 0.008847 Loss_all: 0.041554
Train epoch: 71	Loss: 0.019394
0.9790496244326677 No improvement since epoch  45 ; best_AUROC, best_AUPRC, best_precision, best_recall: 0.9851596992273731 0.9862262764594463 0.9727272727272728 0.9288194444444444 Human
spend time： 3.4488813877105713 s
Training on 3804 samples...
Train epoch: 72 [0/3804 (0%)]	Loss: 0.008364 Loss_all: 0.040565
Train epoch: 72 [2560/3804 (67%)]	Loss: 0.049110 Loss_all: 0.081753
Train epoch: 72	Loss: 0.018700
0.9800515796830901 No improvement since epoch  45 ; best_AUROC, best_AUPRC, best_precision, best_recall: 0.9851596992273731 0.9862262764594463 0.9727272727272728 0.9288194444444444 Human
spend time： 3.663677930831909 s
Training on 3804 samples...
Train epoch: 73 [0/3804 (0%)]	Loss: 0.002529 Loss_all: 0.034711
Train epoch: 73 [2560/3804 (67%)]	Loss: 0.004904 Loss_all: 0.036978
Train epoch: 73	Loss: 0.015284
0.9809296729158004 No improvement since epoch  45 ; best_AUROC, best_AUPRC, best_precision, best_recall: 0.9851596992273731 0.9862262764594463 0.9727272727272728 0.9288194444444444 Human
spend time： 4.5730860233306885 s
Training on 3804 samples...
Train epoch: 74 [0/3804 (0%)]	Loss: 0.011164 Loss_all: 0.044502
Train epoch: 74 [2560/3804 (67%)]	Loss: 0.019468 Loss_all: 0.052145
Train epoch: 74	Loss: 0.011335
0.9795848852949243 No improvement since epoch  45 ; best_AUROC, best_AUPRC, best_precision, best_recall: 0.9851596992273731 0.9862262764594463 0.9727272727272728 0.9288194444444444 Human
spend time： 4.828793048858643 s
Training on 3804 samples...
Train epoch: 75 [0/3804 (0%)]	Loss: 0.012370 Loss_all: 0.045491
Train epoch: 75 [2560/3804 (67%)]	Loss: 0.003563 Loss_all: 0.035888
Train epoch: 75	Loss: 0.013133
0.9791646391634005 No improvement since epoch  45 ; best_AUROC, best_AUPRC, best_precision, best_recall: 0.9851596992273731 0.9862262764594463 0.9727272727272728 0.9288194444444444 Human
spend time： 3.630431652069092 s
Training on 3804 samples...
Train epoch: 76 [0/3804 (0%)]	Loss: 0.019815 Loss_all: 0.053416
Train epoch: 76 [2560/3804 (67%)]	Loss: 0.046149 Loss_all: 0.077202
Train epoch: 76	Loss: 0.017987
0.9830707163648267 No improvement since epoch  45 ; best_AUROC, best_AUPRC, best_precision, best_recall: 0.9851596992273731 0.9862262764594463 0.9727272727272728 0.9288194444444444 Human
spend time： 3.6884522438049316 s
Training on 3804 samples...
Train epoch: 77 [0/3804 (0%)]	Loss: 0.003829 Loss_all: 0.036589
Train epoch: 77 [2560/3804 (67%)]	Loss: 0.021124 Loss_all: 0.052985
Train epoch: 77	Loss: 0.019482
0.9812194215643774 No improvement since epoch  45 ; best_AUROC, best_AUPRC, best_precision, best_recall: 0.9851596992273731 0.9862262764594463 0.9727272727272728 0.9288194444444444 Human
spend time： 2.738276958465576 s
Training on 3804 samples...
Train epoch: 78 [0/3804 (0%)]	Loss: 0.011942 Loss_all: 0.044102
Train epoch: 78 [2560/3804 (67%)]	Loss: 0.009376 Loss_all: 0.042519
Train epoch: 78	Loss: 0.015005
0.9833582531916588 No improvement since epoch  45 ; best_AUROC, best_AUPRC, best_precision, best_recall: 0.9851596992273731 0.9862262764594463 0.9727272727272728 0.9288194444444444 Human
spend time： 2.740596055984497 s
Training on 3804 samples...
Train epoch: 79 [0/3804 (0%)]	Loss: 0.006359 Loss_all: 0.038811
Train epoch: 79 [2560/3804 (67%)]	Loss: 0.005759 Loss_all: 0.037960
Train epoch: 79	Loss: 0.015668
0.9851188633005689 No improvement since epoch  45 ; best_AUROC, best_AUPRC, best_precision, best_recall: 0.9851596992273731 0.9862262764594463 0.9727272727272728 0.9288194444444444 Human
spend time： 3.2261180877685547 s
Training on 3804 samples...
Train epoch: 80 [0/3804 (0%)]	Loss: 0.019507 Loss_all: 0.051521
/root/HAG-DTA/py38_env/lib/python3.8/site-packages/torch_geometric/deprecation.py:26: UserWarning: 'data.DenseDataLoader' is deprecated, use 'loader.DenseDataLoader' instead
  warnings.warn(out)
Train epoch: 80 [2560/3804 (67%)]	Loss: 0.006503 Loss_all: 0.039928
Train epoch: 80	Loss: 0.017511
0.9830485981473781 No improvement since epoch  45 ; best_AUROC, best_AUPRC, best_precision, best_recall: 0.9851596992273731 0.9862262764594463 0.9727272727272728 0.9288194444444444 Human
spend time： 3.6856422424316406 s
Training on 3804 samples...
Train epoch: 81 [0/3804 (0%)]	Loss: 0.024593 Loss_all: 0.057841
Train epoch: 81 [2560/3804 (67%)]	Loss: 0.023131 Loss_all: 0.056004
Train epoch: 81	Loss: 0.019304
0.9853931291969318 No improvement since epoch  45 ; best_AUROC, best_AUPRC, best_precision, best_recall: 0.9851596992273731 0.9862262764594463 0.9727272727272728 0.9288194444444444 Human
spend time： 4.477283954620361 s
Training on 3804 samples...
Train epoch: 82 [0/3804 (0%)]	Loss: 0.002418 Loss_all: 0.034705
Train epoch: 82 [2560/3804 (67%)]	Loss: 0.025536 Loss_all: 0.059501
Train epoch: 82	Loss: 0.012783
0.9848490210476958 No improvement since epoch  45 ; best_AUROC, best_AUPRC, best_precision, best_recall: 0.9851596992273731 0.9862262764594463 0.9727272727272728 0.9288194444444444 Human
spend time： 4.966534852981567 s
Training on 3804 samples...
Train epoch: 83 [0/3804 (0%)]	Loss: 0.012629 Loss_all: 0.046679
Train epoch: 83 [2560/3804 (67%)]	Loss: 0.034835 Loss_all: 0.068189
Train epoch: 83	Loss: 0.012482
0.9843668439073158 No improvement since epoch  45 ; best_AUROC, best_AUPRC, best_precision, best_recall: 0.9851596992273731 0.9862262764594463 0.9727272727272728 0.9288194444444444 Human
spend time： 3.2252063751220703 s
Training on 3804 samples...
Train epoch: 84 [0/3804 (0%)]	Loss: 0.013280 Loss_all: 0.045161
Train epoch: 84 [2560/3804 (67%)]	Loss: 0.007598 Loss_all: 0.039800
Train epoch: 84	Loss: 0.014942
0.9849950012828567 No improvement since epoch  45 ; best_AUROC, best_AUPRC, best_precision, best_recall: 0.9851596992273731 0.9862262764594463 0.9727272727272728 0.9288194444444444 Human
spend time： 3.8842010498046875 s
Training on 3804 samples...
Train epoch: 85 [0/3804 (0%)]	Loss: 0.016786 Loss_all: 0.052557
Train epoch: 85 [2560/3804 (67%)]	Loss: 0.021418 Loss_all: 0.056559
Train epoch: 85	Loss: 0.012245
0.983530775287758 No improvement since epoch  45 ; best_AUROC, best_AUPRC, best_precision, best_recall: 0.9851596992273731 0.9862262764594463 0.9727272727272728 0.9288194444444444 Human
spend time： 2.65671443939209 s
Training on 3804 samples...
Train epoch: 86 [0/3804 (0%)]	Loss: 0.001292 Loss_all: 0.034187
Train epoch: 86 [2560/3804 (67%)]	Loss: 0.034650 Loss_all: 0.066891
Train epoch: 86	Loss: 0.013099
0.9842385582461138 No improvement since epoch  45 ; best_AUROC, best_AUPRC, best_precision, best_recall: 0.9851596992273731 0.9862262764594463 0.9727272727272728 0.9288194444444444 Human
spend time： 2.824045181274414 s
Training on 3804 samples...
Train epoch: 87 [0/3804 (0%)]	Loss: 0.003181 Loss_all: 0.036936
Train epoch: 87 [2560/3804 (67%)]	Loss: 0.053891 Loss_all: 0.086465
Train epoch: 87	Loss: 0.018740
0.9844420458466411 No improvement since epoch  45 ; best_AUROC, best_AUPRC, best_precision, best_recall: 0.9851596992273731 0.9862262764594463 0.9727272727272728 0.9288194444444444 Human
spend time： 3.067502498626709 s
Training on 3804 samples...
Train epoch: 88 [0/3804 (0%)]	Loss: 0.006731 Loss_all: 0.039098
Train epoch: 88 [2560/3804 (67%)]	Loss: 0.011288 Loss_all: 0.044230
Train epoch: 88	Loss: 0.013633
0.9840262233586071 No improvement since epoch  45 ; best_AUROC, best_AUPRC, best_precision, best_recall: 0.9851596992273731 0.9862262764594463 0.9727272727272728 0.9288194444444444 Human
spend time： 3.920867919921875 s
Training on 3804 samples...
Train epoch: 89 [0/3804 (0%)]	Loss: 0.005977 Loss_all: 0.038733
Train epoch: 89 [2560/3804 (67%)]	Loss: 0.014387 Loss_all: 0.046841
Train epoch: 89	Loss: 0.014688
0.9846057206557609 No improvement since epoch  45 ; best_AUROC, best_AUPRC, best_precision, best_recall: 0.9851596992273731 0.9862262764594463 0.9727272727272728 0.9288194444444444 Human
spend time： 3.944195032119751 s
Training on 3804 samples...
Train epoch: 90 [0/3804 (0%)]	Loss: 0.005642 Loss_all: 0.038059
Train epoch: 90 [2560/3804 (67%)]	Loss: 0.042112 Loss_all: 0.074099
Train epoch: 90	Loss: 0.009680
0.9863619071211813 No improvement since epoch  45 ; best_AUROC, best_AUPRC, best_precision, best_recall: 0.9851596992273731 0.9862262764594463 0.9727272727272728 0.9288194444444444 Human
spend time： 5.0803728103637695 s
Training on 3804 samples...
Train epoch: 91 [0/3804 (0%)]	Loss: 0.027338 Loss_all: 0.059314
Train epoch: 91 [2560/3804 (67%)]	Loss: 0.012221 Loss_all: 0.043480
Train epoch: 91	Loss: 0.011162
0.9857691388935582 No improvement since epoch  45 ; best_AUROC, best_AUPRC, best_precision, best_recall: 0.9851596992273731 0.9862262764594463 0.9727272727272728 0.9288194444444444 Human
spend time： 3.5134646892547607 s
Training on 3804 samples...
Train epoch: 92 [0/3804 (0%)]	Loss: 0.017255 Loss_all: 0.049137
Train epoch: 92 [2560/3804 (67%)]	Loss: 0.003260 Loss_all: 0.035171
Train epoch: 92	Loss: 0.009538
0.9856497005193358 No improvement since epoch  45 ; best_AUROC, best_AUPRC, best_precision, best_recall: 0.9851596992273731 0.9862262764594463 0.9727272727272728 0.9288194444444444 Human
spend time： 3.65929913520813 s
Training on 3804 samples...
Train epoch: 93 [0/3804 (0%)]	Loss: 0.002600 Loss_all: 0.034171
Train epoch: 93 [2560/3804 (67%)]	Loss: 0.010988 Loss_all: 0.042906
Train epoch: 93	Loss: 0.005024
0.9861097594422671 No improvement since epoch  45 ; best_AUROC, best_AUPRC, best_precision, best_recall: 0.9851596992273731 0.9862262764594463 0.9727272727272728 0.9288194444444444 Human
spend time： 2.6654281616210938 s
Training on 3804 samples...
Train epoch: 94 [0/3804 (0%)]	Loss: 0.001855 Loss_all: 0.032927
Train epoch: 94 [2560/3804 (67%)]	Loss: 0.002882 Loss_all: 0.035733
Train epoch: 94	Loss: 0.004801
0.9844508931336206 No improvement since epoch  45 ; best_AUROC, best_AUPRC, best_precision, best_recall: 0.9851596992273731 0.9862262764594463 0.9727272727272728 0.9288194444444444 Human
spend time： 2.881201982498169 s
Training on 3804 samples...
Train epoch: 95 [0/3804 (0%)]	Loss: 0.007133 Loss_all: 0.037939
Train epoch: 95 [2560/3804 (67%)]	Loss: 0.001577 Loss_all: 0.032138
Train epoch: 95	Loss: 0.006987
0.983738686531775 No improvement since epoch  45 ; best_AUROC, best_AUPRC, best_precision, best_recall: 0.9851596992273731 0.9862262764594463 0.9727272727272728 0.9288194444444444 Human
spend time： 2.9539952278137207 s
early stopping at epoch  95  due to no validation improvement.
