Diff_DTA_GIN
fold_id: 0
Learning rate:  0.0005
Epochs:  1000
Validation interval:  1
Early stop patience:  50

running on  Human
Pre-processed data found: /root/autodl-tmp/HAG-DTA-cache/processed/Human_fold0_train.pt, loading ...
Pre-processed data found: /root/autodl-tmp/HAG-DTA-cache/processed/Human_fold0_val.pt, loading ...
Pre-processed data found: /root/autodl-tmp/HAG-DTA-cache/processed/Human_fold0_test.pt, loading ...
Training on 3804 samples...
Train epoch: 1 [0/3804 (0%)]	Loss: 0.682119 Loss_all: 0.757764
Train epoch: 1 [2560/3804 (67%)]	Loss: 0.529590 Loss_all: 0.601290
Train epoch: 1	Loss: 0.562211
val AUROC improved at epoch  1 ; best_AUROC, best_AUPRC, best_precision, best_recall: 0.8893171679543783 0.8949916196752229 0.6497041420118344 0.953125 Human
spend time： 4.067345142364502 s
Training on 3804 samples...
Train epoch: 2 [0/3804 (0%)]	Loss: 0.464249 Loss_all: 0.533451
Train epoch: 2 [2560/3804 (67%)]	Loss: 0.369736 Loss_all: 0.465474
Train epoch: 2	Loss: 0.398644
val AUROC improved at epoch  2 ; best_AUROC, best_AUPRC, best_precision, best_recall: 0.9427054589771893 0.9482247917983736 0.7496542185338866 0.9409722222222222 Human
spend time： 2.805206060409546 s
Training on 3804 samples...
Train epoch: 3 [0/3804 (0%)]	Loss: 0.287099 Loss_all: 0.355202
Train epoch: 3 [2560/3804 (67%)]	Loss: 0.274491 Loss_all: 0.346401
Train epoch: 3	Loss: 0.305667
val AUROC improved at epoch  3 ; best_AUROC, best_AUPRC, best_precision, best_recall: 0.9642056429359823 0.9656054337145569 0.9117647058823529 0.8611111111111112 Human
spend time： 4.381845712661743 s
Training on 3804 samples...
Train epoch: 4 [0/3804 (0%)]	Loss: 0.233785 Loss_all: 0.302525
Train epoch: 4 [2560/3804 (67%)]	Loss: 0.287351 Loss_all: 0.353221
Train epoch: 4	Loss: 0.239119
val AUROC improved at epoch  4 ; best_AUROC, best_AUPRC, best_precision, best_recall: 0.9729436856144223 0.9743493558539676 0.8983050847457628 0.9201388888888888 Human
spend time： 4.788675308227539 s
Training on 3804 samples...
Train epoch: 5 [0/3804 (0%)]	Loss: 0.147231 Loss_all: 0.213470
Train epoch: 5 [2560/3804 (67%)]	Loss: 0.190085 Loss_all: 0.256813
Train epoch: 5	Loss: 0.203524
val AUROC improved at epoch  5 ; best_AUROC, best_AUPRC, best_precision, best_recall: 0.9777064937454011 0.9783860967275291 0.9339285714285714 0.9079861111111112 Human
spend time： 3.7171051502227783 s
Training on 3804 samples...
Train epoch: 6 [0/3804 (0%)]	Loss: 0.174823 Loss_all: 0.239901
Train epoch: 6 [2560/3804 (67%)]	Loss: 0.181890 Loss_all: 0.248209
Train epoch: 6	Loss: 0.178483
val AUROC improved at epoch  6 ; best_AUROC, best_AUPRC, best_precision, best_recall: 0.9758841519499631 0.97825785274309 0.9003378378378378 0.9253472222222222 Human
spend time： 2.107834815979004 s
Training on 3804 samples...
Train epoch: 7 [0/3804 (0%)]	Loss: 0.158104 Loss_all: 0.224099
Train epoch: 7 [2560/3804 (67%)]	Loss: 0.116390 Loss_all: 0.180676
Train epoch: 7	Loss: 0.173691
val AUROC improved at epoch  7 ; best_AUROC, best_AUPRC, best_precision, best_recall: 0.9787872516556292 0.9799181250200921 0.9568480300187617 0.8854166666666666 Human
spend time： 2.1098756790161133 s
Training on 3804 samples...
Train epoch: 8 [0/3804 (0%)]	Loss: 0.117716 Loss_all: 0.182155
Train epoch: 8 [2560/3804 (67%)]	Loss: 0.187108 Loss_all: 0.251151
Train epoch: 8	Loss: 0.150698
val AUROC improved at epoch  8 ; best_AUROC, best_AUPRC, best_precision, best_recall: 0.9806009703826344 0.9823620569852429 0.8809523809523809 0.9635416666666666 Human
spend time： 2.2353644371032715 s
Training on 3804 samples...
Train epoch: 9 [0/3804 (0%)]	Loss: 0.122294 Loss_all: 0.187177
Train epoch: 9 [2560/3804 (67%)]	Loss: 0.139092 Loss_all: 0.202924
Train epoch: 9	Loss: 0.124236
0.9820488547187005 No improvement since epoch  8 ; best_AUROC, best_AUPRC, best_precision, best_recall: 0.9806009703826344 0.9823620569852429 0.8809523809523809 0.9635416666666666 Human
spend time： 2.004901647567749 s
Training on 3804 samples...
Train epoch: 10 [0/3804 (0%)]	Loss: 0.091323 Loss_all: 0.158782
Train epoch: 10 [2560/3804 (67%)]	Loss: 0.119762 Loss_all: 0.184335
Train epoch: 10	Loss: 0.122104
0.9798326093303488 No improvement since epoch  8 ; best_AUROC, best_AUPRC, best_precision, best_recall: 0.9806009703826344 0.9823620569852429 0.8809523809523809 0.9635416666666666 Human
spend time： 1.895125150680542 s
Training on 3804 samples...
Train epoch: 11 [0/3804 (0%)]	Loss: 0.101650 Loss_all: 0.166419
Train epoch: 11 [2560/3804 (67%)]	Loss: 0.098087 Loss_all: 0.163978
Train epoch: 11	Loss: 0.116381
0.9800847570092631 No improvement since epoch  8 ; best_AUROC, best_AUPRC, best_precision, best_recall: 0.9806009703826344 0.9823620569852429 0.8809523809523809 0.9635416666666666 Human
spend time： 1.8752083778381348 s
Training on 3804 samples...
Train epoch: 12 [0/3804 (0%)]	Loss: 0.108210 Loss_all: 0.172313
Train epoch: 12 [2560/3804 (67%)]	Loss: 0.122402 Loss_all: 0.185851
Train epoch: 12	Loss: 0.111339
val AUROC improved at epoch  12 ; best_AUROC, best_AUPRC, best_precision, best_recall: 0.9849872378587198 0.985402212520034 0.9040650406504065 0.9652777777777778 Human
spend time： 2.882685422897339 s
Training on 3804 samples...
Train epoch: 13 [0/3804 (0%)]	Loss: 0.054439 Loss_all: 0.123337
Train epoch: 13 [2560/3804 (67%)]	Loss: 0.120101 Loss_all: 0.185722
Train epoch: 13	Loss: 0.106743
0.9842783710375212 No improvement since epoch  12 ; best_AUROC, best_AUPRC, best_precision, best_recall: 0.9849872378587198 0.985402212520034 0.9040650406504065 0.9652777777777778 Human
spend time： 3.9092214107513428 s
Training on 3804 samples...
Train epoch: 14 [0/3804 (0%)]	Loss: 0.081302 Loss_all: 0.145783
Train epoch: 14 [2560/3804 (67%)]	Loss: 0.141675 Loss_all: 0.204828
Train epoch: 14	Loss: 0.097704
val AUROC improved at epoch  14 ; best_AUROC, best_AUPRC, best_precision, best_recall: 0.9841680463576159 0.9843523640556143 0.9017713365539453 0.9722222222222222 Human
spend time： 4.407824754714966 s
Training on 3804 samples...
Train epoch: 15 [0/3804 (0%)]	Loss: 0.084918 Loss_all: 0.147909
Train epoch: 15 [2560/3804 (67%)]	Loss: 0.086040 Loss_all: 0.153274
Train epoch: 15	Loss: 0.092487
0.9833582531916588 No improvement since epoch  14 ; best_AUROC, best_AUPRC, best_precision, best_recall: 0.9841680463576159 0.9843523640556143 0.9017713365539453 0.9722222222222222 Human
spend time： 3.2840919494628906 s
Training on 3804 samples...
Train epoch: 16 [0/3804 (0%)]	Loss: 0.075628 Loss_all: 0.141944
Train epoch: 16 [2560/3804 (67%)]	Loss: 0.072009 Loss_all: 0.137070
Train epoch: 16	Loss: 0.074091
val AUROC improved at epoch  16 ; best_AUROC, best_AUPRC, best_precision, best_recall: 0.9848320226269315 0.9850809592656041 0.886435331230284 0.9756944444444444 Human
spend time： 2.2630350589752197 s
Training on 3804 samples...
Train epoch: 17 [0/3804 (0%)]	Loss: 0.046704 Loss_all: 0.108575
Train epoch: 17 [2560/3804 (67%)]	Loss: 0.071728 Loss_all: 0.136798
Train epoch: 17	Loss: 0.076842
0.9837298392447955 No improvement since epoch  16 ; best_AUROC, best_AUPRC, best_precision, best_recall: 0.9848320226269315 0.9850809592656041 0.886435331230284 0.9756944444444444 Human
spend time： 1.9942307472229004 s
Training on 3804 samples...
Train epoch: 18 [0/3804 (0%)]	Loss: 0.074992 Loss_all: 0.140593
Train epoch: 18 [2560/3804 (67%)]	Loss: 0.065882 Loss_all: 0.129115
Train epoch: 18	Loss: 0.083527
0.9798591511912872 No improvement since epoch  16 ; best_AUROC, best_AUPRC, best_precision, best_recall: 0.9848320226269315 0.9850809592656041 0.886435331230284 0.9756944444444444 Human
spend time： 1.910315990447998 s
Training on 3804 samples...
Train epoch: 19 [0/3804 (0%)]	Loss: 0.060716 Loss_all: 0.123452
Train epoch: 19 [2560/3804 (67%)]	Loss: 0.074482 Loss_all: 0.136574
Train epoch: 19	Loss: 0.101818
0.9818055543267658 No improvement since epoch  16 ; best_AUROC, best_AUPRC, best_precision, best_recall: 0.9848320226269315 0.9850809592656041 0.886435331230284 0.9756944444444444 Human
spend time： 1.7468059062957764 s
Training on 3804 samples...
Train epoch: 20 [0/3804 (0%)]	Loss: 0.093843 Loss_all: 0.155783
Train epoch: 20 [2560/3804 (67%)]	Loss: 0.119926 Loss_all: 0.183486
Train epoch: 20	Loss: 0.086639
0.9835219280007785 No improvement since epoch  16 ; best_AUROC, best_AUPRC, best_precision, best_recall: 0.9848320226269315 0.9850809592656041 0.886435331230284 0.9756944444444444 Human
spend time： 2.0543277263641357 s
Training on 3804 samples...
Train epoch: 21 [0/3804 (0%)]	Loss: 0.107312 Loss_all: 0.169132
Train epoch: 21 [2560/3804 (67%)]	Loss: 0.100417 Loss_all: 0.161446
Train epoch: 21	Loss: 0.094963
0.9796423926602907 No improvement since epoch  16 ; best_AUROC, best_AUPRC, best_precision, best_recall: 0.9848320226269315 0.9850809592656041 0.886435331230284 0.9756944444444444 Human
spend time： 1.9437241554260254 s
Training on 3804 samples...
Train epoch: 22 [0/3804 (0%)]	Loss: 0.087867 Loss_all: 0.149855
Train epoch: 22 [2560/3804 (67%)]	Loss: 0.090855 Loss_all: 0.155651
Train epoch: 22	Loss: 0.087484
0.9822346477452689 No improvement since epoch  16 ; best_AUROC, best_AUPRC, best_precision, best_recall: 0.9848320226269315 0.9850809592656041 0.886435331230284 0.9756944444444444 Human
spend time： 2.0998075008392334 s
Training on 3804 samples...
Train epoch: 23 [0/3804 (0%)]	Loss: 0.076592 Loss_all: 0.137286
Train epoch: 23 [2560/3804 (67%)]	Loss: 0.081009 Loss_all: 0.142617
Train epoch: 23	Loss: 0.070496
0.9846588043776376 No improvement since epoch  16 ; best_AUROC, best_AUPRC, best_precision, best_recall: 0.9848320226269315 0.9850809592656041 0.886435331230284 0.9756944444444444 Human
spend time： 3.8970205783843994 s
Training on 3804 samples...
Train epoch: 24 [0/3804 (0%)]	Loss: 0.061408 Loss_all: 0.122092
Train epoch: 24 [2560/3804 (67%)]	Loss: 0.034310 Loss_all: 0.096326
Train epoch: 24	Loss: 0.070001
0.9848755629086341 No improvement since epoch  16 ; best_AUROC, best_AUPRC, best_precision, best_recall: 0.9848320226269315 0.9850809592656041 0.886435331230284 0.9756944444444444 Human
spend time： 3.9847302436828613 s
Training on 3804 samples...
Train epoch: 25 [0/3804 (0%)]	Loss: 0.083257 Loss_all: 0.143375
Train epoch: 25 [2560/3804 (67%)]	Loss: 0.040064 Loss_all: 0.099115
Train epoch: 25	Loss: 0.057563
0.9823585097629812 No improvement since epoch  16 ; best_AUROC, best_AUPRC, best_precision, best_recall: 0.9848320226269315 0.9850809592656041 0.886435331230284 0.9756944444444444 Human
spend time： 3.815748453140259 s
Training on 3804 samples...
Train epoch: 26 [0/3804 (0%)]	Loss: 0.041639 Loss_all: 0.100671
Train epoch: 26 [2560/3804 (67%)]	Loss: 0.036049 Loss_all: 0.094149
Train epoch: 26	Loss: 0.054096
0.983451149704943 No improvement since epoch  16 ; best_AUROC, best_AUPRC, best_precision, best_recall: 0.9848320226269315 0.9850809592656041 0.886435331230284 0.9756944444444444 Human
spend time： 2.214137077331543 s
Training on 3804 samples...
Train epoch: 27 [0/3804 (0%)]	Loss: 0.040767 Loss_all: 0.101705
Train epoch: 27 [2560/3804 (67%)]	Loss: 0.075834 Loss_all: 0.135848
Train epoch: 27	Loss: 0.051979
0.9847738191083704 No improvement since epoch  16 ; best_AUROC, best_AUPRC, best_precision, best_recall: 0.9848320226269315 0.9850809592656041 0.886435331230284 0.9756944444444444 Human
spend time： 2.1133954524993896 s
Training on 3804 samples...
Train epoch: 28 [0/3804 (0%)]	Loss: 0.064447 Loss_all: 0.124709
Train epoch: 28 [2560/3804 (67%)]	Loss: 0.066528 Loss_all: 0.126029
Train epoch: 28	Loss: 0.064318
0.9836590609489599 No improvement since epoch  16 ; best_AUROC, best_AUPRC, best_precision, best_recall: 0.9848320226269315 0.9850809592656041 0.886435331230284 0.9756944444444444 Human
spend time： 2.056295156478882 s
Training on 3804 samples...
Train epoch: 29 [0/3804 (0%)]	Loss: 0.022747 Loss_all: 0.082612
Train epoch: 29 [2560/3804 (67%)]	Loss: 0.100597 Loss_all: 0.158653
Train epoch: 29	Loss: 0.051625
0.9800139787134275 No improvement since epoch  16 ; best_AUROC, best_AUPRC, best_precision, best_recall: 0.9848320226269315 0.9850809592656041 0.886435331230284 0.9756944444444444 Human
spend time： 1.9311950206756592 s
Training on 3804 samples...
Train epoch: 30 [0/3804 (0%)]	Loss: 0.053533 Loss_all: 0.112484
Train epoch: 30 [2560/3804 (67%)]	Loss: 0.035606 Loss_all: 0.093650
Train epoch: 30	Loss: 0.062343
0.9823319679020429 No improvement since epoch  16 ; best_AUROC, best_AUPRC, best_precision, best_recall: 0.9848320226269315 0.9850809592656041 0.886435331230284 0.9756944444444444 Human
spend time： 2.058638334274292 s
Training on 3804 samples...
Train epoch: 31 [0/3804 (0%)]	Loss: 0.027371 Loss_all: 0.085890
Train epoch: 31 [2560/3804 (67%)]	Loss: 0.063216 Loss_all: 0.122960
Train epoch: 31	Loss: 0.061383
0.9834378787744739 No improvement since epoch  16 ; best_AUROC, best_AUPRC, best_precision, best_recall: 0.9848320226269315 0.9850809592656041 0.886435331230284 0.9756944444444444 Human
spend time： 2.0818610191345215 s
Training on 3804 samples...
Train epoch: 32 [0/3804 (0%)]	Loss: 0.036824 Loss_all: 0.095077
Train epoch: 32 [2560/3804 (67%)]	Loss: 0.055249 Loss_all: 0.111725
Train epoch: 32	Loss: 0.053242
0.9847163117430039 No improvement since epoch  16 ; best_AUROC, best_AUPRC, best_precision, best_recall: 0.9848320226269315 0.9850809592656041 0.886435331230284 0.9756944444444444 Human
spend time： 1.8496530055999756 s
Training on 3804 samples...
Train epoch: 33 [0/3804 (0%)]	Loss: 0.035433 Loss_all: 0.094076
Train epoch: 33 [2560/3804 (67%)]	Loss: 0.032937 Loss_all: 0.091795
Train epoch: 33	Loss: 0.040594
0.9826150810853851 No improvement since epoch  16 ; best_AUROC, best_AUPRC, best_precision, best_recall: 0.9848320226269315 0.9850809592656041 0.886435331230284 0.9756944444444444 Human
spend time： 2.7046236991882324 s
Training on 3804 samples...
Train epoch: 34 [0/3804 (0%)]	Loss: 0.031906 Loss_all: 0.089249
Train epoch: 34 [2560/3804 (67%)]	Loss: 0.050531 Loss_all: 0.106203
Train epoch: 34	Loss: 0.043346
0.9817613178918685 No improvement since epoch  16 ; best_AUROC, best_AUPRC, best_precision, best_recall: 0.9848320226269315 0.9850809592656041 0.886435331230284 0.9756944444444444 Human
spend time： 3.8190619945526123 s
Training on 3804 samples...
Train epoch: 35 [0/3804 (0%)]	Loss: 0.023566 Loss_all: 0.080901
Train epoch: 35 [2560/3804 (67%)]	Loss: 0.029710 Loss_all: 0.085144
Train epoch: 35	Loss: 0.045066
0.982265613249697 No improvement since epoch  16 ; best_AUROC, best_AUPRC, best_precision, best_recall: 0.9848320226269315 0.9850809592656041 0.886435331230284 0.9756944444444444 Human
spend time： 3.9380910396575928 s
Training on 3804 samples...
Train epoch: 36 [0/3804 (0%)]	Loss: 0.038638 Loss_all: 0.095422
Train epoch: 36 [2560/3804 (67%)]	Loss: 0.032239 Loss_all: 0.091003
Train epoch: 36	Loss: 0.041063
0.9823275442585531 No improvement since epoch  16 ; best_AUROC, best_AUPRC, best_precision, best_recall: 0.9848320226269315 0.9850809592656041 0.886435331230284 0.9756944444444444 Human
spend time： 3.35752010345459 s
Training on 3804 samples...
Train epoch: 37 [0/3804 (0%)]	Loss: 0.044913 Loss_all: 0.102060
Train epoch: 37 [2560/3804 (67%)]	Loss: 0.033094 Loss_all: 0.088535
Train epoch: 37	Loss: 0.051309
0.981911721770519 No improvement since epoch  16 ; best_AUROC, best_AUPRC, best_precision, best_recall: 0.9848320226269315 0.9850809592656041 0.886435331230284 0.9756944444444444 Human
spend time： 1.8854200839996338 s
Training on 3804 samples...
Train epoch: 38 [0/3804 (0%)]	Loss: 0.073331 Loss_all: 0.130494
Train epoch: 38 [2560/3804 (67%)]	Loss: 0.084734 Loss_all: 0.142083
Train epoch: 38	Loss: 0.056227
0.9826902830247104 No improvement since epoch  16 ; best_AUROC, best_AUPRC, best_precision, best_recall: 0.9848320226269315 0.9850809592656041 0.886435331230284 0.9756944444444444 Human
spend time： 1.9848055839538574 s
Training on 3804 samples...
Train epoch: 39 [0/3804 (0%)]	Loss: 0.046191 Loss_all: 0.105059
Train epoch: 39 [2560/3804 (67%)]	Loss: 0.051010 Loss_all: 0.107177
Train epoch: 39	Loss: 0.042128
0.9832520857479053 No improvement since epoch  16 ; best_AUROC, best_AUPRC, best_precision, best_recall: 0.9848320226269315 0.9850809592656041 0.886435331230284 0.9756944444444444 Human
spend time： 1.9486610889434814 s
Training on 3804 samples...
Train epoch: 40 [0/3804 (0%)]	Loss: 0.025728 Loss_all: 0.082921
Train epoch: 40 [2560/3804 (67%)]	Loss: 0.028496 Loss_all: 0.084705
Train epoch: 40	Loss: 0.040844
0.9848180555432677 No improvement since epoch  16 ; best_AUROC, best_AUPRC, best_precision, best_recall: 0.9848320226269315 0.9850809592656041 0.886435331230284 0.9756944444444444 Human
spend time： 1.9141106605529785 s
Training on 3804 samples...
Train epoch: 41 [0/3804 (0%)]	Loss: 0.026854 Loss_all: 0.082251
Train epoch: 41 [2560/3804 (67%)]	Loss: 0.077046 Loss_all: 0.134642
Train epoch: 41	Loss: 0.036768
0.9830176326429501 No improvement since epoch  16 ; best_AUROC, best_AUPRC, best_precision, best_recall: 0.9848320226269315 0.9850809592656041 0.886435331230284 0.9756944444444444 Human
spend time： 1.9148595333099365 s
Training on 3804 samples...
Train epoch: 42 [0/3804 (0%)]	Loss: 0.025151 Loss_all: 0.080575
Train epoch: 42 [2560/3804 (67%)]	Loss: 0.027270 Loss_all: 0.083842
Train epoch: 42	Loss: 0.031778
0.9849773067088977 No improvement since epoch  16 ; best_AUROC, best_AUPRC, best_precision, best_recall: 0.9848320226269315 0.9850809592656041 0.886435331230284 0.9756944444444444 Human
spend time： 2.1712141036987305 s
Training on 3804 samples...
Train epoch: 43 [0/3804 (0%)]	Loss: 0.013545 Loss_all: 0.069093
Train epoch: 43 [2560/3804 (67%)]	Loss: 0.046647 Loss_all: 0.103652
Train epoch: 43	Loss: 0.031029
0.9843203956506736 No improvement since epoch  16 ; best_AUROC, best_AUPRC, best_precision, best_recall: 0.9848320226269315 0.9850809592656041 0.886435331230284 0.9756944444444444 Human
spend time： 2.146817922592163 s
Training on 3804 samples...
Train epoch: 44 [0/3804 (0%)]	Loss: 0.034609 Loss_all: 0.091357
Train epoch: 44 [2560/3804 (67%)]	Loss: 0.026838 Loss_all: 0.080741
Train epoch: 44	Loss: 0.035617
0.9796556635907598 No improvement since epoch  16 ; best_AUROC, best_AUPRC, best_precision, best_recall: 0.9848320226269315 0.9850809592656041 0.886435331230284 0.9756944444444444 Human
spend time： 3.348841667175293 s
Training on 3804 samples...
Train epoch: 45 [0/3804 (0%)]	Loss: 0.019537 Loss_all: 0.073246
Train epoch: 45 [2560/3804 (67%)]	Loss: 0.030237 Loss_all: 0.084785
Train epoch: 45	Loss: 0.035095
val AUROC improved at epoch  45 ; best_AUROC, best_AUPRC, best_precision, best_recall: 0.9840257657284768 0.9719022906748586 0.9478260869565217 0.9461805555555556 Human
spend time： 4.49318528175354 s
Training on 3804 samples...
Train epoch: 46 [0/3804 (0%)]	Loss: 0.038751 Loss_all: 0.096525
Train epoch: 46 [2560/3804 (67%)]	Loss: 0.065423 Loss_all: 0.120951
Train epoch: 46	Loss: 0.040027
0.9813322244733653 No improvement since epoch  45 ; best_AUROC, best_AUPRC, best_precision, best_recall: 0.9840257657284768 0.9719022906748586 0.9478260869565217 0.9461805555555556 Human
spend time： 3.781956672668457 s
Training on 3804 samples...
Train epoch: 47 [0/3804 (0%)]	Loss: 0.060921 Loss_all: 0.114847
Train epoch: 47 [2560/3804 (67%)]	Loss: 0.052303 Loss_all: 0.106843
Train epoch: 47	Loss: 0.044138
0.9805802050801122 No improvement since epoch  45 ; best_AUROC, best_AUPRC, best_precision, best_recall: 0.9840257657284768 0.9719022906748586 0.9478260869565217 0.9461805555555556 Human
spend time： 2.3447279930114746 s
Training on 3804 samples...
Train epoch: 48 [0/3804 (0%)]	Loss: 0.051099 Loss_all: 0.105834
Train epoch: 48 [2560/3804 (67%)]	Loss: 0.043092 Loss_all: 0.095855
Train epoch: 48	Loss: 0.043866
0.9828052977554432 No improvement since epoch  45 ; best_AUROC, best_AUPRC, best_precision, best_recall: 0.9840257657284768 0.9719022906748586 0.9478260869565217 0.9461805555555556 Human
spend time： 1.8088138103485107 s
Training on 3804 samples...
Train epoch: 49 [0/3804 (0%)]	Loss: 0.024247 Loss_all: 0.077955
Train epoch: 49 [2560/3804 (67%)]	Loss: 0.020601 Loss_all: 0.074428
Train epoch: 49	Loss: 0.032088
0.9825089136416317 No improvement since epoch  45 ; best_AUROC, best_AUPRC, best_precision, best_recall: 0.9840257657284768 0.9719022906748586 0.9478260869565217 0.9461805555555556 Human
spend time： 1.9393842220306396 s
Training on 3804 samples...
Train epoch: 50 [0/3804 (0%)]	Loss: 0.023755 Loss_all: 0.076872
Train epoch: 50 [2560/3804 (67%)]	Loss: 0.042543 Loss_all: 0.095286
Train epoch: 50	Loss: 0.026237
0.9836789673446638 No improvement since epoch  45 ; best_AUROC, best_AUPRC, best_precision, best_recall: 0.9840257657284768 0.9719022906748586 0.9478260869565217 0.9461805555555556 Human
spend time： 1.944413185119629 s
Training on 3804 samples...
Train epoch: 51 [0/3804 (0%)]	Loss: 0.018872 Loss_all: 0.075664
Train epoch: 51 [2560/3804 (67%)]	Loss: 0.024776 Loss_all: 0.079770
Train epoch: 51	Loss: 0.019987
0.9828760760512789 No improvement since epoch  45 ; best_AUROC, best_AUPRC, best_precision, best_recall: 0.9840257657284768 0.9719022906748586 0.9478260869565217 0.9461805555555556 Human
spend time： 1.8503532409667969 s
Training on 3804 samples...
Train epoch: 52 [0/3804 (0%)]	Loss: 0.027932 Loss_all: 0.081363
Train epoch: 52 [2560/3804 (67%)]	Loss: 0.012425 Loss_all: 0.063535
Train epoch: 52	Loss: 0.024555
0.9820532783621903 No improvement since epoch  45 ; best_AUROC, best_AUPRC, best_precision, best_recall: 0.9840257657284768 0.9719022906748586 0.9478260869565217 0.9461805555555556 Human
spend time： 1.8499870300292969 s
Training on 3804 samples...
Train epoch: 53 [0/3804 (0%)]	Loss: 0.035320 Loss_all: 0.088922
Train epoch: 53 [2560/3804 (67%)]	Loss: 0.019013 Loss_all: 0.074661
Train epoch: 53	Loss: 0.026265
0.9845437896469047 No improvement since epoch  45 ; best_AUROC, best_AUPRC, best_precision, best_recall: 0.9840257657284768 0.9719022906748586 0.9478260869565217 0.9461805555555556 Human
spend time： 1.7868638038635254 s
Training on 3804 samples...
Train epoch: 54 [0/3804 (0%)]	Loss: 0.015025 Loss_all: 0.069384
Train epoch: 54 [2560/3804 (67%)]	Loss: 0.017809 Loss_all: 0.069662
Train epoch: 54	Loss: 0.026955
0.9826371993028339 No improvement since epoch  45 ; best_AUROC, best_AUPRC, best_precision, best_recall: 0.9840257657284768 0.9719022906748586 0.9478260869565217 0.9461805555555556 Human
spend time： 2.106377601623535 s
Training on 3804 samples...
Train epoch: 55 [0/3804 (0%)]	Loss: 0.022993 Loss_all: 0.075351
Train epoch: 55 [2560/3804 (67%)]	Loss: 0.058494 Loss_all: 0.110042
Train epoch: 55	Loss: 0.025398
0.982986667138522 No improvement since epoch  45 ; best_AUROC, best_AUPRC, best_precision, best_recall: 0.9840257657284768 0.9719022906748586 0.9478260869565217 0.9461805555555556 Human
spend time： 3.4782161712646484 s
Training on 3804 samples...
Train epoch: 56 [0/3804 (0%)]	Loss: 0.018204 Loss_all: 0.072232
Train epoch: 56 [2560/3804 (67%)]	Loss: 0.008733 Loss_all: 0.058597
Train epoch: 56	Loss: 0.021053
0.9833626768351486 No improvement since epoch  45 ; best_AUROC, best_AUPRC, best_precision, best_recall: 0.9840257657284768 0.9719022906748586 0.9478260869565217 0.9461805555555556 Human
spend time： 3.9097845554351807 s
Training on 3804 samples...
Train epoch: 57 [0/3804 (0%)]	Loss: 0.007191 Loss_all: 0.058462
Train epoch: 57 [2560/3804 (67%)]	Loss: 0.017418 Loss_all: 0.068862
Train epoch: 57	Loss: 0.017922
0.9835219280007785 No improvement since epoch  45 ; best_AUROC, best_AUPRC, best_precision, best_recall: 0.9840257657284768 0.9719022906748586 0.9478260869565217 0.9461805555555556 Human
spend time： 3.81394624710083 s
Training on 3804 samples...
Train epoch: 58 [0/3804 (0%)]	Loss: 0.019491 Loss_all: 0.072106
Train epoch: 58 [2560/3804 (67%)]	Loss: 0.042253 Loss_all: 0.093353
Train epoch: 58	Loss: 0.025065
0.9834732679223916 No improvement since epoch  45 ; best_AUROC, best_AUPRC, best_precision, best_recall: 0.9840257657284768 0.9719022906748586 0.9478260869565217 0.9461805555555556 Human
spend time： 2.243544816970825 s
Training on 3804 samples...
Train epoch: 59 [0/3804 (0%)]	Loss: 0.041562 Loss_all: 0.091832
Train epoch: 59 [2560/3804 (67%)]	Loss: 0.018104 Loss_all: 0.069118
Train epoch: 59	Loss: 0.019278
0.9821904113103717 No improvement since epoch  45 ; best_AUROC, best_AUPRC, best_precision, best_recall: 0.9840257657284768 0.9719022906748586 0.9478260869565217 0.9461805555555556 Human
spend time： 1.7490499019622803 s
Training on 3804 samples...
Train epoch: 60 [0/3804 (0%)]	Loss: 0.038287 Loss_all: 0.090695
Train epoch: 60 [2560/3804 (67%)]	Loss: 0.010275 Loss_all: 0.062441
Train epoch: 60	Loss: 0.020353
0.9819780764228649 No improvement since epoch  45 ; best_AUROC, best_AUPRC, best_precision, best_recall: 0.9840257657284768 0.9719022906748586 0.9478260869565217 0.9461805555555556 Human
spend time： 1.8622822761535645 s
Training on 3804 samples...
Train epoch: 61 [0/3804 (0%)]	Loss: 0.005257 Loss_all: 0.054123
Train epoch: 61 [2560/3804 (67%)]	Loss: 0.026655 Loss_all: 0.076068
Train epoch: 61	Loss: 0.019673
0.9829468543471145 No improvement since epoch  45 ; best_AUROC, best_AUPRC, best_precision, best_recall: 0.9840257657284768 0.9719022906748586 0.9478260869565217 0.9461805555555556 Human
spend time： 1.9301471710205078 s
Training on 3804 samples...
Train epoch: 62 [0/3804 (0%)]	Loss: 0.024539 Loss_all: 0.073592
Train epoch: 62 [2560/3804 (67%)]	Loss: 0.025120 Loss_all: 0.074520
Train epoch: 62	Loss: 0.029003
0.9813543426908138 No improvement since epoch  45 ; best_AUROC, best_AUPRC, best_precision, best_recall: 0.9840257657284768 0.9719022906748586 0.9478260869565217 0.9461805555555556 Human
spend time： 1.7663679122924805 s
Training on 3804 samples...
Train epoch: 63 [0/3804 (0%)]	Loss: 0.053876 Loss_all: 0.103602
Train epoch: 63 [2560/3804 (67%)]	Loss: 0.071687 Loss_all: 0.120150
Train epoch: 63	Loss: 0.048973
0.9819493227401817 No improvement since epoch  45 ; best_AUROC, best_AUPRC, best_precision, best_recall: 0.9840257657284768 0.9719022906748586 0.9478260869565217 0.9461805555555556 Human
spend time： 1.7855725288391113 s
Training on 3804 samples...
Train epoch: 64 [0/3804 (0%)]	Loss: 0.011553 Loss_all: 0.059251
Train epoch: 64 [2560/3804 (67%)]	Loss: 0.044287 Loss_all: 0.096415
Train epoch: 64	Loss: 0.030560
0.9820046182838033 No improvement since epoch  45 ; best_AUROC, best_AUPRC, best_precision, best_recall: 0.9840257657284768 0.9719022906748586 0.9478260869565217 0.9461805555555556 Human
spend time： 1.6993696689605713 s
Training on 3804 samples...
Train epoch: 65 [0/3804 (0%)]	Loss: 0.024686 Loss_all: 0.080308
Train epoch: 65 [2560/3804 (67%)]	Loss: 0.014863 Loss_all: 0.070416
Train epoch: 65	Loss: 0.032171
0.982460253563245 No improvement since epoch  45 ; best_AUROC, best_AUPRC, best_precision, best_recall: 0.9840257657284768 0.9719022906748586 0.9478260869565217 0.9461805555555556 Human
spend time： 2.0014965534210205 s
Training on 3804 samples...
Train epoch: 66 [0/3804 (0%)]	Loss: 0.023945 Loss_all: 0.077364
Train epoch: 66 [2560/3804 (67%)]	Loss: 0.028135 Loss_all: 0.080017
Train epoch: 66	Loss: 0.015166
0.9824425589892859 No improvement since epoch  45 ; best_AUROC, best_AUPRC, best_precision, best_recall: 0.9840257657284768 0.9719022906748586 0.9478260869565217 0.9461805555555556 Human
spend time： 3.4180796146392822 s
Training on 3804 samples...
Train epoch: 67 [0/3804 (0%)]	Loss: 0.024072 Loss_all: 0.075671
Train epoch: 67 [2560/3804 (67%)]	Loss: 0.054044 Loss_all: 0.104820
Train epoch: 67	Loss: 0.022572
0.9821660812711782 No improvement since epoch  45 ; best_AUROC, best_AUPRC, best_precision, best_recall: 0.9840257657284768 0.9719022906748586 0.9478260869565217 0.9461805555555556 Human
spend time： 3.8090367317199707 s
Training on 3804 samples...
Train epoch: 68 [0/3804 (0%)]	Loss: 0.012707 Loss_all: 0.064585
Train epoch: 68 [2560/3804 (67%)]	Loss: 0.004965 Loss_all: 0.056897
Train epoch: 68	Loss: 0.017449
0.9832830512523334 No improvement since epoch  45 ; best_AUROC, best_AUPRC, best_precision, best_recall: 0.9840257657284768 0.9719022906748586 0.9478260869565217 0.9461805555555556 Human
spend time： 3.7270138263702393 s
Training on 3804 samples...
Train epoch: 69 [0/3804 (0%)]	Loss: 0.062628 Loss_all: 0.112965
Train epoch: 69 [2560/3804 (67%)]	Loss: 0.010568 Loss_all: 0.060919
Train epoch: 69	Loss: 0.021236
0.9840793070804837 No improvement since epoch  45 ; best_AUROC, best_AUPRC, best_precision, best_recall: 0.9840257657284768 0.9719022906748586 0.9478260869565217 0.9461805555555556 Human
spend time： 2.5801661014556885 s
Training on 3804 samples...
Train epoch: 70 [0/3804 (0%)]	Loss: 0.005981 Loss_all: 0.056386
Train epoch: 70 [2560/3804 (67%)]	Loss: 0.018757 Loss_all: 0.068413
Train epoch: 70	Loss: 0.017572
0.9825575737200187 No improvement since epoch  45 ; best_AUROC, best_AUPRC, best_precision, best_recall: 0.9840257657284768 0.9719022906748586 0.9478260869565217 0.9461805555555556 Human
spend time： 1.8472929000854492 s
Training on 3804 samples...
Train epoch: 71 [0/3804 (0%)]	Loss: 0.011719 Loss_all: 0.062835
Train epoch: 71 [2560/3804 (67%)]	Loss: 0.036114 Loss_all: 0.084637
Train epoch: 71	Loss: 0.021062
0.9837032973838572 No improvement since epoch  45 ; best_AUROC, best_AUPRC, best_precision, best_recall: 0.9840257657284768 0.9719022906748586 0.9478260869565217 0.9461805555555556 Human
spend time： 1.775073766708374 s
Training on 3804 samples...
Train epoch: 72 [0/3804 (0%)]	Loss: 0.002804 Loss_all: 0.054091
Train epoch: 72 [2560/3804 (67%)]	Loss: 0.004039 Loss_all: 0.052925
Train epoch: 72	Loss: 0.011781
0.9812570225340399 No improvement since epoch  45 ; best_AUROC, best_AUPRC, best_precision, best_recall: 0.9840257657284768 0.9719022906748586 0.9478260869565217 0.9461805555555556 Human
spend time： 1.8704113960266113 s
Training on 3804 samples...
Train epoch: 73 [0/3804 (0%)]	Loss: 0.010694 Loss_all: 0.061911
Train epoch: 73 [2560/3804 (67%)]	Loss: 0.041635 Loss_all: 0.091363
Train epoch: 73	Loss: 0.019154
0.9818851799095808 No improvement since epoch  45 ; best_AUROC, best_AUPRC, best_precision, best_recall: 0.9840257657284768 0.9719022906748586 0.9478260869565217 0.9461805555555556 Human
spend time： 1.8548216819763184 s
Training on 3804 samples...
Train epoch: 74 [0/3804 (0%)]	Loss: 0.002243 Loss_all: 0.051343
Train epoch: 74 [2560/3804 (67%)]	Loss: 0.016194 Loss_all: 0.064352
Train epoch: 74	Loss: 0.029799
0.98253545550257 No improvement since epoch  45 ; best_AUROC, best_AUPRC, best_precision, best_recall: 0.9840257657284768 0.9719022906748586 0.9478260869565217 0.9461805555555556 Human
spend time： 1.6895802021026611 s
Training on 3804 samples...
Train epoch: 75 [0/3804 (0%)]	Loss: 0.014541 Loss_all: 0.063807
Train epoch: 75 [2560/3804 (67%)]	Loss: 0.018367 Loss_all: 0.068075
Train epoch: 75	Loss: 0.021595
0.9806421360889682 No improvement since epoch  45 ; best_AUROC, best_AUPRC, best_precision, best_recall: 0.9840257657284768 0.9719022906748586 0.9478260869565217 0.9461805555555556 Human
spend time： 1.715857982635498 s
Training on 3804 samples...
Train epoch: 76 [0/3804 (0%)]	Loss: 0.013920 Loss_all: 0.059916
Train epoch: 76 [2560/3804 (67%)]	Loss: 0.025056 Loss_all: 0.073232
Train epoch: 76	Loss: 0.014428
0.9833361349742101 No improvement since epoch  45 ; best_AUROC, best_AUPRC, best_precision, best_recall: 0.9840257657284768 0.9719022906748586 0.9478260869565217 0.9461805555555556 Human
spend time： 2.1760542392730713 s
Training on 3804 samples...
Train epoch: 77 [0/3804 (0%)]	Loss: 0.002894 Loss_all: 0.050298
Train epoch: 77 [2560/3804 (67%)]	Loss: 0.005146 Loss_all: 0.051894
Train epoch: 77	Loss: 0.013655
0.9810800767944511 No improvement since epoch  45 ; best_AUROC, best_AUPRC, best_precision, best_recall: 0.9840257657284768 0.9719022906748586 0.9478260869565217 0.9461805555555556 Human
spend time： 3.5178449153900146 s
Training on 3804 samples...
Train epoch: 78 [0/3804 (0%)]	Loss: 0.003568 Loss_all: 0.050978
Train epoch: 78 [2560/3804 (67%)]	Loss: 0.007081 Loss_all: 0.056234
Train epoch: 78	Loss: 0.015036
0.9814737810650364 No improvement since epoch  45 ; best_AUROC, best_AUPRC, best_precision, best_recall: 0.9840257657284768 0.9719022906748586 0.9478260869565217 0.9461805555555556 Human
spend time： 3.8682291507720947 s
Training on 3804 samples...
Train epoch: 79 [0/3804 (0%)]	Loss: 0.034139 Loss_all: 0.081927
Train epoch: 79 [2560/3804 (67%)]	Loss: 0.016930 Loss_all: 0.063497
Train epoch: 79	Loss: 0.020110
0.982712401242159 No improvement since epoch  45 ; best_AUROC, best_AUPRC, best_precision, best_recall: 0.9840257657284768 0.9719022906748586 0.9478260869565217 0.9461805555555556 Human
/root/HAG-DTA/py38_env/lib/python3.8/site-packages/torch_geometric/deprecation.py:26: UserWarning: 'data.DenseDataLoader' is deprecated, use 'loader.DenseDataLoader' instead
  warnings.warn(out)
spend time： 3.5497357845306396 s
Training on 3804 samples...
Train epoch: 80 [0/3804 (0%)]	Loss: 0.003073 Loss_all: 0.050087
Train epoch: 80 [2560/3804 (67%)]	Loss: 0.055608 Loss_all: 0.102664
Train epoch: 80	Loss: 0.016416
0.9823894752674094 No improvement since epoch  45 ; best_AUROC, best_AUPRC, best_precision, best_recall: 0.9840257657284768 0.9719022906748586 0.9478260869565217 0.9461805555555556 Human
spend time： 2.500364065170288 s
Training on 3804 samples...
Train epoch: 81 [0/3804 (0%)]	Loss: 0.004088 Loss_all: 0.051573
Train epoch: 81 [2560/3804 (67%)]	Loss: 0.021464 Loss_all: 0.066689
Train epoch: 81	Loss: 0.027083
0.9829910907820116 No improvement since epoch  45 ; best_AUROC, best_AUPRC, best_precision, best_recall: 0.9840257657284768 0.9719022906748586 0.9478260869565217 0.9461805555555556 Human
spend time： 1.9909412860870361 s
Training on 3804 samples...
Train epoch: 82 [0/3804 (0%)]	Loss: 0.009724 Loss_all: 0.056771
Train epoch: 82 [2560/3804 (67%)]	Loss: 0.016754 Loss_all: 0.062719
Train epoch: 82	Loss: 0.017958
0.9838138884711003 No improvement since epoch  45 ; best_AUROC, best_AUPRC, best_precision, best_recall: 0.9840257657284768 0.9719022906748586 0.9478260869565217 0.9461805555555556 Human
spend time： 1.9200115203857422 s
Training on 3804 samples...
Train epoch: 83 [0/3804 (0%)]	Loss: 0.010625 Loss_all: 0.058238
Train epoch: 83 [2560/3804 (67%)]	Loss: 0.014643 Loss_all: 0.060589
Train epoch: 83	Loss: 0.029650
0.9829557016340938 No improvement since epoch  45 ; best_AUROC, best_AUPRC, best_precision, best_recall: 0.9840257657284768 0.9719022906748586 0.9478260869565217 0.9461805555555556 Human
spend time： 1.914320468902588 s
Training on 3804 samples...
Train epoch: 84 [0/3804 (0%)]	Loss: 0.019236 Loss_all: 0.066019
Train epoch: 84 [2560/3804 (67%)]	Loss: 0.025475 Loss_all: 0.068949
Train epoch: 84	Loss: 0.036914
0.9817082341699918 No improvement since epoch  45 ; best_AUROC, best_AUPRC, best_precision, best_recall: 0.9840257657284768 0.9719022906748586 0.9478260869565217 0.9461805555555556 Human
spend time： 1.909306287765503 s
Training on 3804 samples...
Train epoch: 85 [0/3804 (0%)]	Loss: 0.026558 Loss_all: 0.072002
Train epoch: 85 [2560/3804 (67%)]	Loss: 0.017114 Loss_all: 0.060246
Train epoch: 85	Loss: 0.020884
0.9841191198718914 No improvement since epoch  45 ; best_AUROC, best_AUPRC, best_precision, best_recall: 0.9840257657284768 0.9719022906748586 0.9478260869565217 0.9461805555555556 Human
spend time： 1.8854916095733643 s
Training on 3804 samples...
Train epoch: 86 [0/3804 (0%)]	Loss: 0.007294 Loss_all: 0.051277
Train epoch: 86 [2560/3804 (67%)]	Loss: 0.012409 Loss_all: 0.054480
Train epoch: 86	Loss: 0.018033
0.9838337948668039 No improvement since epoch  45 ; best_AUROC, best_AUPRC, best_precision, best_recall: 0.9840257657284768 0.9719022906748586 0.9478260869565217 0.9461805555555556 Human
spend time： 1.8948755264282227 s
Training on 3804 samples...
Train epoch: 87 [0/3804 (0%)]	Loss: 0.022398 Loss_all: 0.064455
Train epoch: 87 [2560/3804 (67%)]	Loss: 0.004219 Loss_all: 0.047121
Train epoch: 87	Loss: 0.011349
0.9834599969919224 No improvement since epoch  45 ; best_AUROC, best_AUPRC, best_precision, best_recall: 0.9840257657284768 0.9719022906748586 0.9478260869565217 0.9461805555555556 Human
spend time： 2.7778215408325195 s
Training on 3804 samples...
Train epoch: 88 [0/3804 (0%)]	Loss: 0.000923 Loss_all: 0.048106
Train epoch: 88 [2560/3804 (67%)]	Loss: 0.015558 Loss_all: 0.058390
Train epoch: 88	Loss: 0.015644
0.9850878977961409 No improvement since epoch  45 ; best_AUROC, best_AUPRC, best_precision, best_recall: 0.9840257657284768 0.9719022906748586 0.9478260869565217 0.9461805555555556 Human
spend time： 3.8297388553619385 s
Training on 3804 samples...
Train epoch: 89 [0/3804 (0%)]	Loss: 0.004807 Loss_all: 0.047906
Train epoch: 89 [2560/3804 (67%)]	Loss: 0.009215 Loss_all: 0.052640
Train epoch: 89	Loss: 0.013875
0.9861672668076333 No improvement since epoch  45 ; best_AUROC, best_AUPRC, best_precision, best_recall: 0.9840257657284768 0.9719022906748586 0.9478260869565217 0.9461805555555556 Human
spend time： 4.018370628356934 s
Training on 3804 samples...
Train epoch: 90 [0/3804 (0%)]	Loss: 0.034257 Loss_all: 0.076149
Train epoch: 90 [2560/3804 (67%)]	Loss: 0.018171 Loss_all: 0.062236
Train epoch: 90	Loss: 0.018690
0.9825310318590804 No improvement since epoch  45 ; best_AUROC, best_AUPRC, best_precision, best_recall: 0.9840257657284768 0.9719022906748586 0.9478260869565217 0.9461805555555556 Human
spend time： 2.855468273162842 s
Training on 3804 samples...
Train epoch: 91 [0/3804 (0%)]	Loss: 0.035079 Loss_all: 0.081029
Train epoch: 91 [2560/3804 (67%)]	Loss: 0.004185 Loss_all: 0.047596
Train epoch: 91	Loss: 0.023887
0.9802771855010662 No improvement since epoch  45 ; best_AUROC, best_AUPRC, best_precision, best_recall: 0.9840257657284768 0.9719022906748586 0.9478260869565217 0.9461805555555556 Human
spend time： 2.032578229904175 s
Training on 3804 samples...
Train epoch: 92 [0/3804 (0%)]	Loss: 0.042705 Loss_all: 0.087537
Train epoch: 92 [2560/3804 (67%)]	Loss: 0.009246 Loss_all: 0.057239
Train epoch: 92	Loss: 0.025804
0.9820798202231286 No improvement since epoch  45 ; best_AUROC, best_AUPRC, best_precision, best_recall: 0.9840257657284768 0.9719022906748586 0.9478260869565217 0.9461805555555556 Human
spend time： 1.9339330196380615 s
Training on 3804 samples...
Train epoch: 93 [0/3804 (0%)]	Loss: 0.042166 Loss_all: 0.090046
Train epoch: 93 [2560/3804 (67%)]	Loss: 0.033174 Loss_all: 0.078683
Train epoch: 93	Loss: 0.028331
0.9818099779702554 No improvement since epoch  45 ; best_AUROC, best_AUPRC, best_precision, best_recall: 0.9840257657284768 0.9719022906748586 0.9478260869565217 0.9461805555555556 Human
spend time： 1.9081788063049316 s
Training on 3804 samples...
Train epoch: 94 [0/3804 (0%)]	Loss: 0.022204 Loss_all: 0.069858
Train epoch: 94 [2560/3804 (67%)]	Loss: 0.024369 Loss_all: 0.071055
Train epoch: 94	Loss: 0.020669
0.9818409434746834 No improvement since epoch  45 ; best_AUROC, best_AUPRC, best_precision, best_recall: 0.9840257657284768 0.9719022906748586 0.9478260869565217 0.9461805555555556 Human
spend time： 1.7909011840820312 s
Training on 3804 samples...
Train epoch: 95 [0/3804 (0%)]	Loss: 0.012324 Loss_all: 0.054579
Train epoch: 95 [2560/3804 (67%)]	Loss: 0.010855 Loss_all: 0.056776
Train epoch: 95	Loss: 0.018227
0.9841412380893398 No improvement since epoch  45 ; best_AUROC, best_AUPRC, best_precision, best_recall: 0.9840257657284768 0.9719022906748586 0.9478260869565217 0.9461805555555556 Human
spend time： 1.822040319442749 s
early stopping at epoch  95  due to no validation improvement.
