Diff_DTA_GIN
fold_id: 0
Learning rate:  0.0005
Epochs:  1000
Validation interval:  1
Early stop patience:  50

running on  Human
Pre-processed data found: /root/autodl-tmp/HAG-DTA-cache/processed/Human_fold0_train.pt, loading ...
Pre-processed data found: /root/autodl-tmp/HAG-DTA-cache/processed/Human_fold0_val.pt, loading ...
Pre-processed data found: /root/autodl-tmp/HAG-DTA-cache/processed/Human_fold0_test.pt, loading ...
Training on 3804 samples...
Train epoch: 1 [0/3804 (0%)]	Loss: 0.744266 Loss_all: 0.790038
Train epoch: 1 [2560/3804 (67%)]	Loss: 0.490207 Loss_all: 0.536710
Train epoch: 1	Loss: 0.571878
val AUROC improved at epoch  1 ; best_AUROC, best_AUPRC, best_precision, best_recall: 0.8847153237674761 0.895013179695374 0.5503355704697986 0.9965277777777778 Human
spend time： 5.060015916824341 s
Training on 3804 samples...
Train epoch: 2 [0/3804 (0%)]	Loss: 0.463415 Loss_all: 0.507661
Train epoch: 2 [2560/3804 (67%)]	Loss: 0.381455 Loss_all: 0.426243
Train epoch: 2	Loss: 0.389742
val AUROC improved at epoch  2 ; best_AUROC, best_AUPRC, best_precision, best_recall: 0.944464564937454 0.9490050806640803 0.7459016393442623 0.9479166666666666 Human
spend time： 2.9198455810546875 s
Training on 3804 samples...
Train epoch: 3 [0/3804 (0%)]	Loss: 0.285711 Loss_all: 0.328284
Train epoch: 3 [2560/3804 (67%)]	Loss: 0.245149 Loss_all: 0.289918
Train epoch: 3	Loss: 0.288951
val AUROC improved at epoch  3 ; best_AUROC, best_AUPRC, best_precision, best_recall: 0.9676146293230317 0.9688792624482024 0.9133574007220217 0.8784722222222222 Human
spend time： 2.4014508724212646 s
Training on 3804 samples...
Train epoch: 4 [0/3804 (0%)]	Loss: 0.254326 Loss_all: 0.297445
Train epoch: 4 [2560/3804 (67%)]	Loss: 0.180374 Loss_all: 0.223816
Train epoch: 4	Loss: 0.230801
val AUROC improved at epoch  4 ; best_AUROC, best_AUPRC, best_precision, best_recall: 0.9773242043782193 0.979611043240864 0.815406976744186 0.9739583333333334 Human
spend time： 2.310065507888794 s
Training on 3804 samples...
Train epoch: 5 [0/3804 (0%)]	Loss: 0.186426 Loss_all: 0.229868
Train epoch: 5 [2560/3804 (67%)]	Loss: 0.130013 Loss_all: 0.174250
Train epoch: 5	Loss: 0.182864
0.9737943359668757 No improvement since epoch  4 ; best_AUROC, best_AUPRC, best_precision, best_recall: 0.9773242043782193 0.979611043240864 0.815406976744186 0.9739583333333334 Human
spend time： 2.586824893951416 s
Training on 3804 samples...
Train epoch: 6 [0/3804 (0%)]	Loss: 0.165528 Loss_all: 0.207917
Train epoch: 6 [2560/3804 (67%)]	Loss: 0.201457 Loss_all: 0.244407
Train epoch: 6	Loss: 0.176429
val AUROC improved at epoch  6 ; best_AUROC, best_AUPRC, best_precision, best_recall: 0.9805636037527594 0.981529840969867 0.8910569105691057 0.9513888888888888 Human
spend time： 3.2934682369232178 s
Training on 3804 samples...
Train epoch: 7 [0/3804 (0%)]	Loss: 0.196025 Loss_all: 0.238288
Train epoch: 7 [2560/3804 (67%)]	Loss: 0.160102 Loss_all: 0.202580
Train epoch: 7	Loss: 0.173796
val AUROC improved at epoch  7 ; best_AUROC, best_AUPRC, best_precision, best_recall: 0.9808251701618838 0.9793902782606267 0.945750452079566 0.9079861111111112 Human
spend time： 3.582716226577759 s
Training on 3804 samples...
Train epoch: 8 [0/3804 (0%)]	Loss: 0.140409 Loss_all: 0.187649
Train epoch: 8 [2560/3804 (67%)]	Loss: 0.159699 Loss_all: 0.202672
Train epoch: 8	Loss: 0.166468
0.9798193383998797 No improvement since epoch  7 ; best_AUROC, best_AUPRC, best_precision, best_recall: 0.9808251701618838 0.9793902782606267 0.945750452079566 0.9079861111111112 Human
spend time： 2.97465443611145 s
Training on 3804 samples...
Train epoch: 9 [0/3804 (0%)]	Loss: 0.141763 Loss_all: 0.183798
Train epoch: 9 [2560/3804 (67%)]	Loss: 0.158220 Loss_all: 0.199806
Train epoch: 9	Loss: 0.147314
0.9800537915048351 No improvement since epoch  7 ; best_AUROC, best_AUPRC, best_precision, best_recall: 0.9808251701618838 0.9793902782606267 0.945750452079566 0.9079861111111112 Human
spend time： 2.926923990249634 s
Training on 3804 samples...
Train epoch: 10 [0/3804 (0%)]	Loss: 0.096836 Loss_all: 0.138942
Train epoch: 10 [2560/3804 (67%)]	Loss: 0.098267 Loss_all: 0.139323
Train epoch: 10	Loss: 0.115336
val AUROC improved at epoch  10 ; best_AUROC, best_AUPRC, best_precision, best_recall: 0.9839467209345106 0.9845276551273273 0.9717514124293786 0.8958333333333334 Human
spend time： 2.6891682147979736 s
Training on 3804 samples...
Train epoch: 11 [0/3804 (0%)]	Loss: 0.131907 Loss_all: 0.175889
Train epoch: 11 [2560/3804 (67%)]	Loss: 0.113593 Loss_all: 0.155049
Train epoch: 11	Loss: 0.110135
val AUROC improved at epoch  11 ; best_AUROC, best_AUPRC, best_precision, best_recall: 0.984195352740986 0.9853476234641698 0.9602169981916817 0.921875 Human
spend time： 2.1858530044555664 s
Training on 3804 samples...
Train epoch: 12 [0/3804 (0%)]	Loss: 0.066520 Loss_all: 0.107000
Train epoch: 12 [2560/3804 (67%)]	Loss: 0.119877 Loss_all: 0.161500
Train epoch: 12	Loss: 0.111171
val AUROC improved at epoch  12 ; best_AUROC, best_AUPRC, best_precision, best_recall: 0.9839582183590875 0.9843373297042132 0.9661654135338346 0.8923611111111112 Human
spend time： 2.1397390365600586 s
Training on 3804 samples...
Train epoch: 13 [0/3804 (0%)]	Loss: 0.096929 Loss_all: 0.138607
Train epoch: 13 [2560/3804 (67%)]	Loss: 0.094228 Loss_all: 0.134927
Train epoch: 13	Loss: 0.105207
0.9844331985596616 No improvement since epoch  12 ; best_AUROC, best_AUPRC, best_precision, best_recall: 0.9839582183590875 0.9843373297042132 0.9661654135338346 0.8923611111111112 Human
spend time： 2.151244878768921 s
Training on 3804 samples...
Train epoch: 14 [0/3804 (0%)]	Loss: 0.067546 Loss_all: 0.107810
Train epoch: 14 [2560/3804 (67%)]	Loss: 0.117598 Loss_all: 0.158682
Train epoch: 14	Loss: 0.097264
val AUROC improved at epoch  14 ; best_AUROC, best_AUPRC, best_precision, best_recall: 0.9846911791758646 0.980041365394667 0.950354609929078 0.9305555555555556 Human
spend time： 3.26678204536438 s
Training on 3804 samples...
Train epoch: 15 [0/3804 (0%)]	Loss: 0.084606 Loss_all: 0.125237
Train epoch: 15 [2560/3804 (67%)]	Loss: 0.077959 Loss_all: 0.120004
Train epoch: 15	Loss: 0.087603
0.982840686903361 No improvement since epoch  14 ; best_AUROC, best_AUPRC, best_precision, best_recall: 0.9846911791758646 0.980041365394667 0.950354609929078 0.9305555555555556 Human
spend time： 2.764827251434326 s
Training on 3804 samples...
Train epoch: 16 [0/3804 (0%)]	Loss: 0.082452 Loss_all: 0.124799
Train epoch: 16 [2560/3804 (67%)]	Loss: 0.106993 Loss_all: 0.148151
Train epoch: 16	Loss: 0.092165
0.9854285183448496 No improvement since epoch  14 ; best_AUROC, best_AUPRC, best_precision, best_recall: 0.9846911791758646 0.980041365394667 0.950354609929078 0.9305555555555556 Human
spend time： 3.3689749240875244 s
Training on 3804 samples...
Train epoch: 17 [0/3804 (0%)]	Loss: 0.072364 Loss_all: 0.112001
Train epoch: 17 [2560/3804 (67%)]	Loss: 0.082650 Loss_all: 0.123868
Train epoch: 17	Loss: 0.083409
val AUROC improved at epoch  17 ; best_AUROC, best_AUPRC, best_precision, best_recall: 0.9847285458057395 0.9850327317421333 0.9306260575296108 0.9548611111111112 Human
spend time： 3.413421392440796 s
Training on 3804 samples...
Train epoch: 18 [0/3804 (0%)]	Loss: 0.046093 Loss_all: 0.086618
Train epoch: 18 [2560/3804 (67%)]	Loss: 0.059298 Loss_all: 0.101284
Train epoch: 18	Loss: 0.070017
0.9858266462589247 No improvement since epoch  17 ; best_AUROC, best_AUPRC, best_precision, best_recall: 0.9847285458057395 0.9850327317421333 0.9306260575296108 0.9548611111111112 Human
spend time： 2.8185811042785645 s
Training on 3804 samples...
Train epoch: 19 [0/3804 (0%)]	Loss: 0.051134 Loss_all: 0.091832
Train epoch: 19 [2560/3804 (67%)]	Loss: 0.083952 Loss_all: 0.124079
Train epoch: 19	Loss: 0.077087
0.9771961178104734 No improvement since epoch  17 ; best_AUROC, best_AUPRC, best_precision, best_recall: 0.9847285458057395 0.9850327317421333 0.9306260575296108 0.9548611111111112 Human
spend time： 1.995377540588379 s
Training on 3804 samples...
Train epoch: 20 [0/3804 (0%)]	Loss: 0.063838 Loss_all: 0.103843
Train epoch: 20 [2560/3804 (67%)]	Loss: 0.078396 Loss_all: 0.118687
Train epoch: 20	Loss: 0.075052
0.9847605481779013 No improvement since epoch  17 ; best_AUROC, best_AUPRC, best_precision, best_recall: 0.9847285458057395 0.9850327317421333 0.9306260575296108 0.9548611111111112 Human
spend time： 2.0479137897491455 s
Training on 3804 samples...
Train epoch: 21 [0/3804 (0%)]	Loss: 0.082572 Loss_all: 0.123368
Train epoch: 21 [2560/3804 (67%)]	Loss: 0.087055 Loss_all: 0.127827
Train epoch: 21	Loss: 0.065560
0.9831326473736829 No improvement since epoch  17 ; best_AUROC, best_AUPRC, best_precision, best_recall: 0.9847285458057395 0.9850327317421333 0.9306260575296108 0.9548611111111112 Human
spend time： 1.8468496799468994 s
Training on 3804 samples...
Train epoch: 22 [0/3804 (0%)]	Loss: 0.064772 Loss_all: 0.105181
Train epoch: 22 [2560/3804 (67%)]	Loss: 0.096493 Loss_all: 0.137072
Train epoch: 22	Loss: 0.063462
0.9863132470427943 No improvement since epoch  17 ; best_AUROC, best_AUPRC, best_precision, best_recall: 0.9847285458057395 0.9850327317421333 0.9306260575296108 0.9548611111111112 Human
spend time： 2.082873582839966 s
Training on 3804 samples...
Train epoch: 23 [0/3804 (0%)]	Loss: 0.036933 Loss_all: 0.079292
Train epoch: 23 [2560/3804 (67%)]	Loss: 0.054757 Loss_all: 0.095599
Train epoch: 23	Loss: 0.057559
0.9819117217705191 No improvement since epoch  17 ; best_AUROC, best_AUPRC, best_precision, best_recall: 0.9847285458057395 0.9850327317421333 0.9306260575296108 0.9548611111111112 Human
spend time： 2.937845230102539 s
Training on 3804 samples...
Train epoch: 24 [0/3804 (0%)]	Loss: 0.067790 Loss_all: 0.108707
Train epoch: 24 [2560/3804 (67%)]	Loss: 0.047306 Loss_all: 0.088247
Train epoch: 24	Loss: 0.055600
0.9819072981270294 No improvement since epoch  17 ; best_AUROC, best_AUPRC, best_precision, best_recall: 0.9847285458057395 0.9850327317421333 0.9306260575296108 0.9548611111111112 Human
spend time： 2.7245230674743652 s
Training on 3804 samples...
Train epoch: 25 [0/3804 (0%)]	Loss: 0.047680 Loss_all: 0.089531
Train epoch: 25 [2560/3804 (67%)]	Loss: 0.061763 Loss_all: 0.102511
Train epoch: 25	Loss: 0.054223
0.9817347760309302 No improvement since epoch  17 ; best_AUROC, best_AUPRC, best_precision, best_recall: 0.9847285458057395 0.9850327317421333 0.9306260575296108 0.9548611111111112 Human
spend time： 3.3170158863067627 s
Training on 3804 samples...
Train epoch: 26 [0/3804 (0%)]	Loss: 0.040289 Loss_all: 0.081408
Train epoch: 26 [2560/3804 (67%)]	Loss: 0.079391 Loss_all: 0.120280
Train epoch: 26	Loss: 0.063605
0.9842827946810111 No improvement since epoch  17 ; best_AUROC, best_AUPRC, best_precision, best_recall: 0.9847285458057395 0.9850327317421333 0.9306260575296108 0.9548611111111112 Human
spend time： 2.8776941299438477 s
Training on 3804 samples...
Train epoch: 27 [0/3804 (0%)]	Loss: 0.074125 Loss_all: 0.114085
Train epoch: 27 [2560/3804 (67%)]	Loss: 0.031378 Loss_all: 0.072626
Train epoch: 27	Loss: 0.062484
0.984349149333357 No improvement since epoch  17 ; best_AUROC, best_AUPRC, best_precision, best_recall: 0.9847285458057395 0.9850327317421333 0.9306260575296108 0.9548611111111112 Human
spend time： 2.851461172103882 s
Training on 3804 samples...
Train epoch: 28 [0/3804 (0%)]	Loss: 0.056209 Loss_all: 0.096448
Train epoch: 28 [2560/3804 (67%)]	Loss: 0.027621 Loss_all: 0.068900
Train epoch: 28	Loss: 0.053706
0.9827477903900769 No improvement since epoch  17 ; best_AUROC, best_AUPRC, best_precision, best_recall: 0.9847285458057395 0.9850327317421333 0.9306260575296108 0.9548611111111112 Human
spend time： 2.1346595287323 s
Training on 3804 samples...
Train epoch: 29 [0/3804 (0%)]	Loss: 0.021456 Loss_all: 0.060691
Train epoch: 29 [2560/3804 (67%)]	Loss: 0.044038 Loss_all: 0.086096
Train epoch: 29	Loss: 0.040629
0.9812216333861222 No improvement since epoch  17 ; best_AUROC, best_AUPRC, best_precision, best_recall: 0.9847285458057395 0.9850327317421333 0.9306260575296108 0.9548611111111112 Human
spend time： 2.0352120399475098 s
Training on 3804 samples...
Train epoch: 30 [0/3804 (0%)]	Loss: 0.045036 Loss_all: 0.084072
Train epoch: 30 [2560/3804 (67%)]	Loss: 0.072196 Loss_all: 0.111970
Train epoch: 30	Loss: 0.046343
0.9823850516239195 No improvement since epoch  17 ; best_AUROC, best_AUPRC, best_precision, best_recall: 0.9847285458057395 0.9850327317421333 0.9306260575296108 0.9548611111111112 Human
spend time： 1.8906018733978271 s
Training on 3804 samples...
Train epoch: 31 [0/3804 (0%)]	Loss: 0.056383 Loss_all: 0.095053
Train epoch: 31 [2560/3804 (67%)]	Loss: 0.044870 Loss_all: 0.085230
Train epoch: 31	Loss: 0.043798
val AUROC improved at epoch  31 ; best_AUROC, best_AUPRC, best_precision, best_recall: 0.9879162067696836 0.987863091438915 0.9261744966442953 0.9583333333333334 Human
spend time： 2.3259363174438477 s
Training on 3804 samples...
Train epoch: 32 [0/3804 (0%)]	Loss: 0.076633 Loss_all: 0.119474
Train epoch: 32 [2560/3804 (67%)]	Loss: 0.044252 Loss_all: 0.084083
Train epoch: 32	Loss: 0.053589
0.984251829176583 No improvement since epoch  31 ; best_AUROC, best_AUPRC, best_precision, best_recall: 0.9879162067696836 0.987863091438915 0.9261744966442953 0.9583333333333334 Human
spend time： 2.856351852416992 s
Training on 3804 samples...
Train epoch: 33 [0/3804 (0%)]	Loss: 0.048734 Loss_all: 0.089917
Train epoch: 33 [2560/3804 (67%)]	Loss: 0.057565 Loss_all: 0.097272
Train epoch: 33	Loss: 0.044038
0.986476921851914 No improvement since epoch  31 ; best_AUROC, best_AUPRC, best_precision, best_recall: 0.9879162067696836 0.987863091438915 0.9261744966442953 0.9583333333333334 Human
spend time： 2.7087340354919434 s
Training on 3804 samples...
Train epoch: 34 [0/3804 (0%)]	Loss: 0.043406 Loss_all: 0.081468
Train epoch: 34 [2560/3804 (67%)]	Loss: 0.039200 Loss_all: 0.079650
Train epoch: 34	Loss: 0.042809
0.9840748834369941 No improvement since epoch  31 ; best_AUROC, best_AUPRC, best_precision, best_recall: 0.9879162067696836 0.987863091438915 0.9261744966442953 0.9583333333333334 Human
spend time： 3.7868776321411133 s
Training on 3804 samples...
Train epoch: 35 [0/3804 (0%)]	Loss: 0.020227 Loss_all: 0.059661
Train epoch: 35 [2560/3804 (67%)]	Loss: 0.031090 Loss_all: 0.070349
Train epoch: 35	Loss: 0.036041
0.9851763706659352 No improvement since epoch  31 ; best_AUROC, best_AUPRC, best_precision, best_recall: 0.9879162067696836 0.987863091438915 0.9261744966442953 0.9583333333333334 Human
spend time： 2.7910754680633545 s
Training on 3804 samples...
Train epoch: 36 [0/3804 (0%)]	Loss: 0.044180 Loss_all: 0.083344
Train epoch: 36 [2560/3804 (67%)]	Loss: 0.041304 Loss_all: 0.080752
Train epoch: 36	Loss: 0.045290
0.9855479567190721 No improvement since epoch  31 ; best_AUROC, best_AUPRC, best_precision, best_recall: 0.9879162067696836 0.987863091438915 0.9261744966442953 0.9583333333333334 Human
spend time： 2.7383928298950195 s
Training on 3804 samples...
Train epoch: 37 [0/3804 (0%)]	Loss: 0.026272 Loss_all: 0.065839
Train epoch: 37 [2560/3804 (67%)]	Loss: 0.036673 Loss_all: 0.076655
Train epoch: 37	Loss: 0.054772
0.9849640357784285 No improvement since epoch  31 ; best_AUROC, best_AUPRC, best_precision, best_recall: 0.9879162067696836 0.987863091438915 0.9261744966442953 0.9583333333333334 Human
spend time： 2.296032428741455 s
Training on 3804 samples...
Train epoch: 38 [0/3804 (0%)]	Loss: 0.066068 Loss_all: 0.106462
Train epoch: 38 [2560/3804 (67%)]	Loss: 0.062460 Loss_all: 0.102054
Train epoch: 38	Loss: 0.038623
0.9855568040060515 No improvement since epoch  31 ; best_AUROC, best_AUPRC, best_precision, best_recall: 0.9879162067696836 0.987863091438915 0.9261744966442953 0.9583333333333334 Human
spend time： 1.8702881336212158 s
Training on 3804 samples...
Train epoch: 39 [0/3804 (0%)]	Loss: 0.021606 Loss_all: 0.061912
Train epoch: 39 [2560/3804 (67%)]	Loss: 0.031331 Loss_all: 0.070025
Train epoch: 39	Loss: 0.036114
0.9861628431641437 No improvement since epoch  31 ; best_AUROC, best_AUPRC, best_precision, best_recall: 0.9879162067696836 0.987863091438915 0.9261744966442953 0.9583333333333334 Human
spend time： 1.9419784545898438 s
Training on 3804 samples...
Train epoch: 40 [0/3804 (0%)]	Loss: 0.018375 Loss_all: 0.058007
Train epoch: 40 [2560/3804 (67%)]	Loss: 0.046853 Loss_all: 0.086684
Train epoch: 40	Loss: 0.036127
0.9876757292376293 No improvement since epoch  31 ; best_AUROC, best_AUPRC, best_precision, best_recall: 0.9879162067696836 0.987863091438915 0.9261744966442953 0.9583333333333334 Human
spend time： 1.8991284370422363 s
Training on 3804 samples...
Train epoch: 41 [0/3804 (0%)]	Loss: 0.017140 Loss_all: 0.056874
Train epoch: 41 [2560/3804 (67%)]	Loss: 0.029452 Loss_all: 0.068005
Train epoch: 41	Loss: 0.024091
0.9841854745242371 No improvement since epoch  31 ; best_AUROC, best_AUPRC, best_precision, best_recall: 0.9879162067696836 0.987863091438915 0.9261744966442953 0.9583333333333334 Human
spend time： 2.5521657466888428 s
Training on 3804 samples...
Train epoch: 42 [0/3804 (0%)]	Loss: 0.057003 Loss_all: 0.097653
Train epoch: 42 [2560/3804 (67%)]	Loss: 0.017976 Loss_all: 0.056217
Train epoch: 42	Loss: 0.032034
0.9844553167771103 No improvement since epoch  31 ; best_AUROC, best_AUPRC, best_precision, best_recall: 0.9879162067696836 0.987863091438915 0.9261744966442953 0.9583333333333334 Human
spend time： 2.7567641735076904 s
Training on 3804 samples...
Train epoch: 43 [0/3804 (0%)]	Loss: 0.028755 Loss_all: 0.067557
Train epoch: 43 [2560/3804 (67%)]	Loss: 0.041558 Loss_all: 0.079357
Train epoch: 43	Loss: 0.033047
0.9875607145068964 No improvement since epoch  31 ; best_AUROC, best_AUPRC, best_precision, best_recall: 0.9879162067696836 0.987863091438915 0.9261744966442953 0.9583333333333334 Human
spend time： 2.9097700119018555 s
Training on 3804 samples...
Train epoch: 44 [0/3804 (0%)]	Loss: 0.017958 Loss_all: 0.055672
Train epoch: 44 [2560/3804 (67%)]	Loss: 0.010860 Loss_all: 0.052356
Train epoch: 44	Loss: 0.038688
0.9829822434950323 No improvement since epoch  31 ; best_AUROC, best_AUPRC, best_precision, best_recall: 0.9879162067696836 0.987863091438915 0.9261744966442953 0.9583333333333334 Human
spend time： 3.2969462871551514 s
Training on 3804 samples...
Train epoch: 45 [0/3804 (0%)]	Loss: 0.009565 Loss_all: 0.048340
Train epoch: 45 [2560/3804 (67%)]	Loss: 0.038076 Loss_all: 0.077274
Train epoch: 45	Loss: 0.028419
0.9851542524484865 No improvement since epoch  31 ; best_AUROC, best_AUPRC, best_precision, best_recall: 0.9879162067696836 0.987863091438915 0.9261744966442953 0.9583333333333334 Human
spend time： 2.8103859424591064 s
Training on 3804 samples...
Train epoch: 46 [0/3804 (0%)]	Loss: 0.015466 Loss_all: 0.054469
Train epoch: 46 [2560/3804 (67%)]	Loss: 0.058967 Loss_all: 0.097233
Train epoch: 46	Loss: 0.042410
0.9845570605773739 No improvement since epoch  31 ; best_AUROC, best_AUPRC, best_precision, best_recall: 0.9879162067696836 0.987863091438915 0.9261744966442953 0.9583333333333334 Human
spend time： 2.623650550842285 s
Training on 3804 samples...
Train epoch: 47 [0/3804 (0%)]	Loss: 0.037451 Loss_all: 0.075972
Train epoch: 47 [2560/3804 (67%)]	Loss: 0.013154 Loss_all: 0.051004
Train epoch: 47	Loss: 0.023705
0.9832963221828027 No improvement since epoch  31 ; best_AUROC, best_AUPRC, best_precision, best_recall: 0.9879162067696836 0.987863091438915 0.9261744966442953 0.9583333333333334 Human
spend time： 1.914989709854126 s
Training on 3804 samples...
Train epoch: 48 [0/3804 (0%)]	Loss: 0.030747 Loss_all: 0.070785
Train epoch: 48 [2560/3804 (67%)]	Loss: 0.047749 Loss_all: 0.085843
Train epoch: 48	Loss: 0.032707
0.9824469826327756 No improvement since epoch  31 ; best_AUROC, best_AUPRC, best_precision, best_recall: 0.9879162067696836 0.987863091438915 0.9261744966442953 0.9583333333333334 Human
spend time： 1.9144847393035889 s
Training on 3804 samples...
Train epoch: 49 [0/3804 (0%)]	Loss: 0.012270 Loss_all: 0.053205
Train epoch: 49 [2560/3804 (67%)]	Loss: 0.020255 Loss_all: 0.057217
Train epoch: 49	Loss: 0.035609
0.9845216714294562 No improvement since epoch  31 ; best_AUROC, best_AUPRC, best_precision, best_recall: 0.9879162067696836 0.987863091438915 0.9261744966442953 0.9583333333333334 Human
spend time： 1.9747085571289062 s
Training on 3804 samples...
Train epoch: 50 [0/3804 (0%)]	Loss: 0.034938 Loss_all: 0.073734
Train epoch: 50 [2560/3804 (67%)]	Loss: 0.038931 Loss_all: 0.077290
Train epoch: 50	Loss: 0.033796
0.9848755629086341 No improvement since epoch  31 ; best_AUROC, best_AUPRC, best_precision, best_recall: 0.9879162067696836 0.987863091438915 0.9261744966442953 0.9583333333333334 Human
spend time： 2.09108829498291 s
Training on 3804 samples...
Train epoch: 51 [0/3804 (0%)]	Loss: 0.023781 Loss_all: 0.060985
Train epoch: 51 [2560/3804 (67%)]	Loss: 0.035227 Loss_all: 0.073987
Train epoch: 51	Loss: 0.027929
0.9845747551513327 No improvement since epoch  31 ; best_AUROC, best_AUPRC, best_precision, best_recall: 0.9879162067696836 0.987863091438915 0.9261744966442953 0.9583333333333334 Human
spend time： 2.8021459579467773 s
Training on 3804 samples...
Train epoch: 52 [0/3804 (0%)]	Loss: 0.026355 Loss_all: 0.066706
Train epoch: 52 [2560/3804 (67%)]	Loss: 0.027119 Loss_all: 0.064596
Train epoch: 52	Loss: 0.021207
0.9858443408328836 No improvement since epoch  31 ; best_AUROC, best_AUPRC, best_precision, best_recall: 0.9879162067696836 0.987863091438915 0.9261744966442953 0.9583333333333334 Human
spend time： 2.9634828567504883 s
Training on 3804 samples...
Train epoch: 53 [0/3804 (0%)]	Loss: 0.033757 Loss_all: 0.070823
Train epoch: 53 [2560/3804 (67%)]	Loss: 0.025112 Loss_all: 0.061851
Train epoch: 53	Loss: 0.026613
0.9868131187571332 No improvement since epoch  31 ; best_AUROC, best_AUPRC, best_precision, best_recall: 0.9879162067696836 0.987863091438915 0.9261744966442953 0.9583333333333334 Human
spend time： 3.6450071334838867 s
Training on 3804 samples...
Train epoch: 54 [0/3804 (0%)]	Loss: 0.024376 Loss_all: 0.062005
Train epoch: 54 [2560/3804 (67%)]	Loss: 0.057729 Loss_all: 0.094594
Train epoch: 54	Loss: 0.036241
0.9851454051615073 No improvement since epoch  31 ; best_AUROC, best_AUPRC, best_precision, best_recall: 0.9879162067696836 0.987863091438915 0.9261744966442953 0.9583333333333334 Human
spend time： 2.7285404205322266 s
Training on 3804 samples...
Train epoch: 55 [0/3804 (0%)]	Loss: 0.021981 Loss_all: 0.059066
Train epoch: 55 [2560/3804 (67%)]	Loss: 0.026251 Loss_all: 0.062741
Train epoch: 55	Loss: 0.022763
0.9850259667872847 No improvement since epoch  31 ; best_AUROC, best_AUPRC, best_precision, best_recall: 0.9879162067696836 0.987863091438915 0.9261744966442953 0.9583333333333334 Human
spend time： 2.775928497314453 s
Training on 3804 samples...
Train epoch: 56 [0/3804 (0%)]	Loss: 0.015626 Loss_all: 0.051457
Train epoch: 56 [2560/3804 (67%)]	Loss: 0.013738 Loss_all: 0.050320
Train epoch: 56	Loss: 0.025060
0.9851542524484868 No improvement since epoch  31 ; best_AUROC, best_AUPRC, best_precision, best_recall: 0.9879162067696836 0.987863091438915 0.9261744966442953 0.9583333333333334 Human
spend time： 2.0335404872894287 s
Training on 3804 samples...
Train epoch: 57 [0/3804 (0%)]	Loss: 0.022822 Loss_all: 0.058703
Train epoch: 57 [2560/3804 (67%)]	Loss: 0.008538 Loss_all: 0.046636
Train epoch: 57	Loss: 0.023698
0.9834467260614532 No improvement since epoch  31 ; best_AUROC, best_AUPRC, best_precision, best_recall: 0.9879162067696836 0.987863091438915 0.9261744966442953 0.9583333333333334 Human
spend time： 1.8334455490112305 s
Training on 3804 samples...
Train epoch: 58 [0/3804 (0%)]	Loss: 0.026801 Loss_all: 0.063867
Train epoch: 58 [2560/3804 (67%)]	Loss: 0.004582 Loss_all: 0.040825
Train epoch: 58	Loss: 0.019565
0.9827876031814844 No improvement since epoch  31 ; best_AUROC, best_AUPRC, best_precision, best_recall: 0.9879162067696836 0.987863091438915 0.9261744966442953 0.9583333333333334 Human
spend time： 1.7903459072113037 s
Training on 3804 samples...
Train epoch: 59 [0/3804 (0%)]	Loss: 0.020521 Loss_all: 0.057455
Train epoch: 59 [2560/3804 (67%)]	Loss: 0.016212 Loss_all: 0.053968
Train epoch: 59	Loss: 0.017685
0.9838913022321704 No improvement since epoch  31 ; best_AUROC, best_AUPRC, best_precision, best_recall: 0.9879162067696836 0.987863091438915 0.9261744966442953 0.9583333333333334 Human
spend time： 1.7887861728668213 s
Training on 3804 samples...
Train epoch: 60 [0/3804 (0%)]	Loss: 0.011188 Loss_all: 0.048478
Train epoch: 60 [2560/3804 (67%)]	Loss: 0.018610 Loss_all: 0.053880
Train epoch: 60	Loss: 0.014586
0.9837784993231825 No improvement since epoch  31 ; best_AUROC, best_AUPRC, best_precision, best_recall: 0.9879162067696836 0.987863091438915 0.9261744966442953 0.9583333333333334 Human
spend time： 2.3008153438568115 s
Training on 3804 samples...
Train epoch: 61 [0/3804 (0%)]	Loss: 0.025844 Loss_all: 0.062057
Train epoch: 61 [2560/3804 (67%)]	Loss: 0.030705 Loss_all: 0.066530
Train epoch: 61	Loss: 0.014762
0.9823408151890222 No improvement since epoch  31 ; best_AUROC, best_AUPRC, best_precision, best_recall: 0.9879162067696836 0.987863091438915 0.9261744966442953 0.9583333333333334 Human
spend time： 2.798203945159912 s
Training on 3804 samples...
Train epoch: 62 [0/3804 (0%)]	Loss: 0.022231 Loss_all: 0.059020
Train epoch: 62 [2560/3804 (67%)]	Loss: 0.038533 Loss_all: 0.073957
Train epoch: 62	Loss: 0.025336
0.9854329419883392 No improvement since epoch  31 ; best_AUROC, best_AUPRC, best_precision, best_recall: 0.9879162067696836 0.987863091438915 0.9261744966442953 0.9583333333333334 Human
spend time： 3.0835165977478027 s
Training on 3804 samples...
Train epoch: 63 [0/3804 (0%)]	Loss: 0.016959 Loss_all: 0.051886
Train epoch: 63 [2560/3804 (67%)]	Loss: 0.035493 Loss_all: 0.071422
Train epoch: 63	Loss: 0.020859
0.9866096311566057 No improvement since epoch  31 ; best_AUROC, best_AUPRC, best_precision, best_recall: 0.9879162067696836 0.987863091438915 0.9261744966442953 0.9583333333333334 Human
spend time： 3.526010513305664 s
Training on 3804 samples...
Train epoch: 64 [0/3804 (0%)]	Loss: 0.031101 Loss_all: 0.067810
Train epoch: 64 [2560/3804 (67%)]	Loss: 0.026386 Loss_all: 0.061558
Train epoch: 64	Loss: 0.023896
0.9857160551716816 No improvement since epoch  31 ; best_AUROC, best_AUPRC, best_precision, best_recall: 0.9879162067696836 0.987863091438915 0.9261744966442953 0.9583333333333334 Human
spend time： 2.7314422130584717 s
Training on 3804 samples...
Train epoch: 65 [0/3804 (0%)]	Loss: 0.010415 Loss_all: 0.045102
Train epoch: 65 [2560/3804 (67%)]	Loss: 0.043877 Loss_all: 0.079194
Train epoch: 65	Loss: 0.020042
0.9844243512726822 No improvement since epoch  31 ; best_AUROC, best_AUPRC, best_precision, best_recall: 0.9879162067696836 0.987863091438915 0.9261744966442953 0.9583333333333334 Human
spend time： 2.784858226776123 s
Training on 3804 samples...
Train epoch: 66 [0/3804 (0%)]	Loss: 0.020998 Loss_all: 0.056625
Train epoch: 66 [2560/3804 (67%)]	Loss: 0.062463 Loss_all: 0.097871
Train epoch: 66	Loss: 0.029497
0.9842031690981959 No improvement since epoch  31 ; best_AUROC, best_AUPRC, best_precision, best_recall: 0.9879162067696836 0.987863091438915 0.9261744966442953 0.9583333333333334 Human
spend time： 1.9407501220703125 s
Training on 3804 samples...
Train epoch: 67 [0/3804 (0%)]	Loss: 0.022302 Loss_all: 0.059167
Train epoch: 67 [2560/3804 (67%)]	Loss: 0.046282 Loss_all: 0.082955
Train epoch: 67	Loss: 0.022825
0.9863884489821197 No improvement since epoch  31 ; best_AUROC, best_AUPRC, best_precision, best_recall: 0.9879162067696836 0.987863091438915 0.9261744966442953 0.9583333333333334 Human
spend time： 1.8359136581420898 s
Training on 3804 samples...
Train epoch: 68 [0/3804 (0%)]	Loss: 0.009518 Loss_all: 0.047044
Train epoch: 68 [2560/3804 (67%)]	Loss: 0.019937 Loss_all: 0.055120
Train epoch: 68	Loss: 0.021808
0.9857779861805378 No improvement since epoch  31 ; best_AUROC, best_AUPRC, best_precision, best_recall: 0.9879162067696836 0.987863091438915 0.9261744966442953 0.9583333333333334 Human
spend time： 1.898733377456665 s
Training on 3804 samples...
Train epoch: 69 [0/3804 (0%)]	Loss: 0.037057 Loss_all: 0.075682
Train epoch: 69 [2560/3804 (67%)]	Loss: 0.035527 Loss_all: 0.070114
Train epoch: 69	Loss: 0.031609
0.9852537844270055 No improvement since epoch  31 ; best_AUROC, best_AUPRC, best_precision, best_recall: 0.9879162067696836 0.987863091438915 0.9261744966442953 0.9583333333333334 Human
spend time： 1.943938970565796 s
Training on 3804 samples...
Train epoch: 70 [0/3804 (0%)]	Loss: 0.029636 Loss_all: 0.064615
Train epoch: 70 [2560/3804 (67%)]	Loss: 0.034614 Loss_all: 0.069469
Train epoch: 70	Loss: 0.018535
0.9840483415760558 No improvement since epoch  31 ; best_AUROC, best_AUPRC, best_precision, best_recall: 0.9879162067696836 0.987863091438915 0.9261744966442953 0.9583333333333334 Human
spend time： 2.5905227661132812 s
Training on 3804 samples...
Train epoch: 71 [0/3804 (0%)]	Loss: 0.034781 Loss_all: 0.069732
Train epoch: 71 [2560/3804 (67%)]	Loss: 0.017600 Loss_all: 0.051400
Train epoch: 71	Loss: 0.017407
0.9837032973838572 No improvement since epoch  31 ; best_AUROC, best_AUPRC, best_precision, best_recall: 0.9879162067696836 0.987863091438915 0.9261744966442953 0.9583333333333334 Human
spend time： 2.7346010208129883 s
Training on 3804 samples...
Train epoch: 72 [0/3804 (0%)]	Loss: 0.008189 Loss_all: 0.043276
Train epoch: 72 [2560/3804 (67%)]	Loss: 0.003706 Loss_all: 0.039191
Train epoch: 72	Loss: 0.017723
0.9842252873156447 No improvement since epoch  31 ; best_AUROC, best_AUPRC, best_precision, best_recall: 0.9879162067696836 0.987863091438915 0.9261744966442953 0.9583333333333334 Human
spend time： 3.7869067192077637 s
Training on 3804 samples...
Train epoch: 73 [0/3804 (0%)]	Loss: 0.027158 Loss_all: 0.060847
Train epoch: 73 [2560/3804 (67%)]	Loss: 0.012840 Loss_all: 0.046764
Train epoch: 73	Loss: 0.015630
0.9830751400083165 No improvement since epoch  31 ; best_AUROC, best_AUPRC, best_precision, best_recall: 0.9879162067696836 0.987863091438915 0.9261744966442953 0.9583333333333334 Human
spend time： 3.080279588699341 s
Training on 3804 samples...
Train epoch: 74 [0/3804 (0%)]	Loss: 0.005219 Loss_all: 0.039678
Train epoch: 74 [2560/3804 (67%)]	Loss: 0.038390 Loss_all: 0.071830
Train epoch: 74	Loss: 0.020799
0.9843181838289288 No improvement since epoch  31 ; best_AUROC, best_AUPRC, best_precision, best_recall: 0.9879162067696836 0.987863091438915 0.9261744966442953 0.9583333333333334 Human
spend time： 2.6444122791290283 s
Training on 3804 samples...
Train epoch: 75 [0/3804 (0%)]	Loss: 0.032020 Loss_all: 0.066767
Train epoch: 75 [2560/3804 (67%)]	Loss: 0.039651 Loss_all: 0.072804
Train epoch: 75	Loss: 0.020360
0.9834931743180954 No improvement since epoch  31 ; best_AUROC, best_AUPRC, best_precision, best_recall: 0.9879162067696836 0.987863091438915 0.9261744966442953 0.9583333333333334 Human
spend time： 2.0936615467071533 s
Training on 3804 samples...
Train epoch: 76 [0/3804 (0%)]	Loss: 0.010042 Loss_all: 0.043683
Train epoch: 76 [2560/3804 (67%)]	Loss: 0.011939 Loss_all: 0.046915
Train epoch: 76	Loss: 0.016607
0.9815091702129541 No improvement since epoch  31 ; best_AUROC, best_AUPRC, best_precision, best_recall: 0.9879162067696836 0.987863091438915 0.9261744966442953 0.9583333333333334 Human
spend time： 1.8908557891845703 s
Training on 3804 samples...
Train epoch: 77 [0/3804 (0%)]	Loss: 0.010503 Loss_all: 0.045517
Train epoch: 77 [2560/3804 (67%)]	Loss: 0.007383 Loss_all: 0.042715
Train epoch: 77	Loss: 0.019542
0.9838006175406311 No improvement since epoch  31 ; best_AUROC, best_AUPRC, best_precision, best_recall: 0.9879162067696836 0.987863091438915 0.9261744966442953 0.9583333333333334 Human
spend time： 1.9679465293884277 s
Training on 3804 samples...
Train epoch: 78 [0/3804 (0%)]	Loss: 0.032719 Loss_all: 0.067148
Train epoch: 78 [2560/3804 (67%)]	Loss: 0.006929 Loss_all: 0.042481
Train epoch: 78	Loss: 0.025901
0.9824292880588167 No improvement since epoch  31 ; best_AUROC, best_AUPRC, best_precision, best_recall: 0.9879162067696836 0.987863091438915 0.9261744966442953 0.9583333333333334 Human
spend time： 1.9236834049224854 s
Training on 3804 samples...
Train epoch: 79 [0/3804 (0%)]	Loss: 0.019819 Loss_all: 0.056975
Train epoch: 79 [2560/3804 (67%)]	Loss: 0.027486 Loss_all: 0.062885
Train epoch: 79	Loss: 0.032873
0.983707721027347 No improvement since epoch  31 ; best_AUROC, best_AUPRC, best_precision, best_recall: 0.9879162067696836 0.987863091438915 0.9261744966442953 0.9583333333333334 Human
spend time： 1.8252496719360352 s
Training on 3804 samples...
/root/HAG-DTA/py38_env/lib/python3.8/site-packages/torch_geometric/deprecation.py:26: UserWarning: 'data.DenseDataLoader' is deprecated, use 'loader.DenseDataLoader' instead
  warnings.warn(out)
Train epoch: 80 [0/3804 (0%)]	Loss: 0.014315 Loss_all: 0.050798
Train epoch: 80 [2560/3804 (67%)]	Loss: 0.025786 Loss_all: 0.062063
Train epoch: 80	Loss: 0.029224
0.9805625105061533 No improvement since epoch  31 ; best_AUROC, best_AUPRC, best_precision, best_recall: 0.9879162067696836 0.987863091438915 0.9261744966442953 0.9583333333333334 Human
spend time： 2.668180227279663 s
Training on 3804 samples...
Train epoch: 81 [0/3804 (0%)]	Loss: 0.012906 Loss_all: 0.049093
Train epoch: 81 [2560/3804 (67%)]	Loss: 0.011731 Loss_all: 0.048135
Train epoch: 81	Loss: 0.031176
0.9846322625166993 No improvement since epoch  31 ; best_AUROC, best_AUPRC, best_precision, best_recall: 0.9879162067696836 0.987863091438915 0.9261744966442953 0.9583333333333334 Human
spend time： 2.7158713340759277 s
early stopping at epoch  81  due to no validation improvement.
