Diff_DTA_GIN
fold_id: 0
Learning rate:  0.0005
Epochs:  1000
Validation interval:  1
Early stop patience:  50

running on  Human
Pre-processed data found: /root/autodl-tmp/HAG-DTA-cache/processed/Human_fold0_train.pt, loading ...
Pre-processed data found: /root/autodl-tmp/HAG-DTA-cache/processed/Human_fold0_val.pt, loading ...
Pre-processed data found: /root/autodl-tmp/HAG-DTA-cache/processed/Human_fold0_test.pt, loading ...
Training on 3804 samples...
Train epoch: 1 [0/3804 (0%)]	Loss: 0.707328 Loss_all: 0.772703
Train epoch: 1 [2560/3804 (67%)]	Loss: 0.514377 Loss_all: 0.579970
Train epoch: 1	Loss: 0.570168
val AUROC improved at epoch  1 ; best_AUROC, best_AUPRC, best_precision, best_recall: 0.8743647672921266 0.8701675900053771 0.8673469387755102 0.5902777777777778 Human
spend time： 4.399231195449829 s
Training on 3804 samples...
Train epoch: 2 [0/3804 (0%)]	Loss: 0.450749 Loss_all: 0.530104
Train epoch: 2 [2560/3804 (67%)]	Loss: 0.372644 Loss_all: 0.430677
Train epoch: 2	Loss: 0.403368
val AUROC improved at epoch  2 ; best_AUROC, best_AUPRC, best_precision, best_recall: 0.9340910136129508 0.9383592302881603 0.8895238095238095 0.8107638888888888 Human
spend time： 2.313293695449829 s
Training on 3804 samples...
Train epoch: 3 [0/3804 (0%)]	Loss: 0.330920 Loss_all: 0.389806
Train epoch: 3 [2560/3804 (67%)]	Loss: 0.302576 Loss_all: 0.367070
Train epoch: 3	Loss: 0.299939
val AUROC improved at epoch  3 ; best_AUROC, best_AUPRC, best_precision, best_recall: 0.9576894775570273 0.9606276786257372 0.9549356223175965 0.7725694444444444 Human
spend time： 2.3171226978302 s
Training on 3804 samples...
Train epoch: 4 [0/3804 (0%)]	Loss: 0.310938 Loss_all: 0.367415
Train epoch: 4 [2560/3804 (67%)]	Loss: 0.231937 Loss_all: 0.288819
Train epoch: 4	Loss: 0.248244
val AUROC improved at epoch  4 ; best_AUROC, best_AUPRC, best_precision, best_recall: 0.9637831125827814 0.9678953314536877 0.8981001727115717 0.9027777777777778 Human
spend time： 2.3558366298675537 s
Training on 3804 samples...
Train epoch: 5 [0/3804 (0%)]	Loss: 0.223113 Loss_all: 0.280322
Train epoch: 5 [2560/3804 (67%)]	Loss: 0.222990 Loss_all: 0.279472
Train epoch: 5	Loss: 0.219565
val AUROC improved at epoch  5 ; best_AUROC, best_AUPRC, best_precision, best_recall: 0.9735243055555556 0.9751074595594381 0.9620758483033932 0.8368055555555556 Human
spend time： 2.3776185512542725 s
Training on 3804 samples...
Train epoch: 6 [0/3804 (0%)]	Loss: 0.189826 Loss_all: 0.244361
Train epoch: 6 [2560/3804 (67%)]	Loss: 0.157559 Loss_all: 0.211710
Train epoch: 6	Loss: 0.183708
val AUROC improved at epoch  6 ; best_AUROC, best_AUPRC, best_precision, best_recall: 0.9748350119573216 0.9775867628497233 0.8531684698608965 0.9583333333333334 Human
spend time： 3.2014434337615967 s
Training on 3804 samples...
Train epoch: 7 [0/3804 (0%)]	Loss: 0.200818 Loss_all: 0.254873
Train epoch: 7 [2560/3804 (67%)]	Loss: 0.169361 Loss_all: 0.224658
Train epoch: 7	Loss: 0.175965
val AUROC improved at epoch  7 ; best_AUROC, best_AUPRC, best_precision, best_recall: 0.980750436902134 0.98145150115362 0.9669260700389105 0.8628472222222222 Human
spend time： 4.498282432556152 s
Training on 3804 samples...
Train epoch: 8 [0/3804 (0%)]	Loss: 0.143018 Loss_all: 0.198994
Train epoch: 8 [2560/3804 (67%)]	Loss: 0.178901 Loss_all: 0.234780
Train epoch: 8	Loss: 0.166903
0.9697555494607579 No improvement since epoch  7 ; best_AUROC, best_AUPRC, best_precision, best_recall: 0.980750436902134 0.98145150115362 0.9669260700389105 0.8628472222222222 Human
spend time： 3.4081599712371826 s
Training on 3804 samples...
Train epoch: 9 [0/3804 (0%)]	Loss: 0.127756 Loss_all: 0.185181
Train epoch: 9 [2560/3804 (67%)]	Loss: 0.143983 Loss_all: 0.200613
Train epoch: 9	Loss: 0.151493
val AUROC improved at epoch  9 ; best_AUROC, best_AUPRC, best_precision, best_recall: 0.9822939661515819 0.9830153063537302 0.945054945054945 0.8958333333333334 Human
spend time： 3.2165355682373047 s
Training on 3804 samples...
Train epoch: 10 [0/3804 (0%)]	Loss: 0.184627 Loss_all: 0.240381
Train epoch: 10 [2560/3804 (67%)]	Loss: 0.123864 Loss_all: 0.184460
Train epoch: 10	Loss: 0.140374
0.9767095170266037 No improvement since epoch  9 ; best_AUROC, best_AUPRC, best_precision, best_recall: 0.9822939661515819 0.9830153063537302 0.945054945054945 0.8958333333333334 Human
spend time： 1.9546897411346436 s
Training on 3804 samples...
Train epoch: 11 [0/3804 (0%)]	Loss: 0.133416 Loss_all: 0.189577
Train epoch: 11 [2560/3804 (67%)]	Loss: 0.177974 Loss_all: 0.233676
Train epoch: 11	Loss: 0.133552
0.9768953100531723 No improvement since epoch  9 ; best_AUROC, best_AUPRC, best_precision, best_recall: 0.9822939661515819 0.9830153063537302 0.945054945054945 0.8958333333333334 Human
spend time： 1.9551382064819336 s
Training on 3804 samples...
Train epoch: 12 [0/3804 (0%)]	Loss: 0.152674 Loss_all: 0.209033
Train epoch: 12 [2560/3804 (67%)]	Loss: 0.093484 Loss_all: 0.148440
Train epoch: 12	Loss: 0.119089
val AUROC improved at epoch  12 ; best_AUROC, best_AUPRC, best_precision, best_recall: 0.9774334299116997 0.98067974238358 0.9558823529411765 0.9027777777777778 Human
spend time： 2.2933826446533203 s
Training on 3804 samples...
Train epoch: 13 [0/3804 (0%)]	Loss: 0.064121 Loss_all: 0.118776
Train epoch: 13 [2560/3804 (67%)]	Loss: 0.108312 Loss_all: 0.166688
Train epoch: 13	Loss: 0.106853
val AUROC improved at epoch  13 ; best_AUROC, best_AUPRC, best_precision, best_recall: 0.9805377345474613 0.9827722194161495 0.9328743545611016 0.9409722222222222 Human
spend time： 2.180471420288086 s
Training on 3804 samples...
Train epoch: 14 [0/3804 (0%)]	Loss: 0.097138 Loss_all: 0.152161
Train epoch: 14 [2560/3804 (67%)]	Loss: 0.131056 Loss_all: 0.188496
Train epoch: 14	Loss: 0.116942
0.9788417131886507 No improvement since epoch  13 ; best_AUROC, best_AUPRC, best_precision, best_recall: 0.9805377345474613 0.9827722194161495 0.9328743545611016 0.9409722222222222 Human
spend time： 2.16275954246521 s
Training on 3804 samples...
Train epoch: 15 [0/3804 (0%)]	Loss: 0.110616 Loss_all: 0.165541
Train epoch: 15 [2560/3804 (67%)]	Loss: 0.163485 Loss_all: 0.222986
Train epoch: 15	Loss: 0.113783
val AUROC improved at epoch  15 ; best_AUROC, best_AUPRC, best_precision, best_recall: 0.9835730546357616 0.9846324464369529 0.8742138364779874 0.9652777777777778 Human
spend time： 3.4300737380981445 s
Training on 3804 samples...
Train epoch: 16 [0/3804 (0%)]	Loss: 0.070632 Loss_all: 0.125798
Train epoch: 16 [2560/3804 (67%)]	Loss: 0.085200 Loss_all: 0.139646
Train epoch: 16	Loss: 0.090067
0.980823505472047 No improvement since epoch  15 ; best_AUROC, best_AUPRC, best_precision, best_recall: 0.9835730546357616 0.9846324464369529 0.8742138364779874 0.9652777777777778 Human
spend time： 3.917710781097412 s
Training on 3804 samples...
Train epoch: 17 [0/3804 (0%)]	Loss: 0.045174 Loss_all: 0.101079
Train epoch: 17 [2560/3804 (67%)]	Loss: 0.099285 Loss_all: 0.154070
Train epoch: 17	Loss: 0.077613
val AUROC improved at epoch  17 ; best_AUROC, best_AUPRC, best_precision, best_recall: 0.9850102327078735 0.9859575639250482 0.9074380165289256 0.953125 Human
spend time： 3.880904197692871 s
Training on 3804 samples...
Train epoch: 18 [0/3804 (0%)]	Loss: 0.072524 Loss_all: 0.127987
Train epoch: 18 [2560/3804 (67%)]	Loss: 0.138061 Loss_all: 0.194591
Train epoch: 18	Loss: 0.074788
0.9820798202231286 No improvement since epoch  17 ; best_AUROC, best_AUPRC, best_precision, best_recall: 0.9850102327078735 0.9859575639250482 0.9074380165289256 0.953125 Human
spend time： 2.7671830654144287 s
Training on 3804 samples...
Train epoch: 19 [0/3804 (0%)]	Loss: 0.035830 Loss_all: 0.090728
Train epoch: 19 [2560/3804 (67%)]	Loss: 0.088214 Loss_all: 0.143297
Train epoch: 19	Loss: 0.074340
0.9792309938157464 No improvement since epoch  17 ; best_AUROC, best_AUPRC, best_precision, best_recall: 0.9850102327078735 0.9859575639250482 0.9074380165289256 0.953125 Human
spend time： 2.3310914039611816 s
Training on 3804 samples...
Train epoch: 20 [0/3804 (0%)]	Loss: 0.106914 Loss_all: 0.161381
Train epoch: 20 [2560/3804 (67%)]	Loss: 0.090368 Loss_all: 0.144395
Train epoch: 20	Loss: 0.078084
val AUROC improved at epoch  20 ; best_AUROC, best_AUPRC, best_precision, best_recall: 0.9848895097498161 0.9846849989035209 0.8771653543307086 0.9670138888888888 Human
spend time： 2.5420615673065186 s
Training on 3804 samples...
Train epoch: 21 [0/3804 (0%)]	Loss: 0.070193 Loss_all: 0.124637
Train epoch: 21 [2560/3804 (67%)]	Loss: 0.046878 Loss_all: 0.100725
Train epoch: 21	Loss: 0.067722
0.9790098116412601 No improvement since epoch  20 ; best_AUROC, best_AUPRC, best_precision, best_recall: 0.9848895097498161 0.9846849989035209 0.8771653543307086 0.9670138888888888 Human
spend time： 2.1485519409179688 s
Training on 3804 samples...
Train epoch: 22 [0/3804 (0%)]	Loss: 0.038933 Loss_all: 0.092705
Train epoch: 22 [2560/3804 (67%)]	Loss: 0.056195 Loss_all: 0.111890
Train epoch: 22	Loss: 0.066101
val AUROC improved at epoch  22 ; best_AUROC, best_AUPRC, best_precision, best_recall: 0.9835759289919058 0.984368790662915 0.9320557491289199 0.9288194444444444 Human
spend time： 2.5371828079223633 s
Training on 3804 samples...
Train epoch: 23 [0/3804 (0%)]	Loss: 0.054507 Loss_all: 0.108042
Train epoch: 23 [2560/3804 (67%)]	Loss: 0.040109 Loss_all: 0.093684
Train epoch: 23	Loss: 0.052222
0.983915632271364 No improvement since epoch  22 ; best_AUROC, best_AUPRC, best_precision, best_recall: 0.9835759289919058 0.984368790662915 0.9320557491289199 0.9288194444444444 Human
spend time： 2.687767505645752 s
Training on 3804 samples...
Train epoch: 24 [0/3804 (0%)]	Loss: 0.053327 Loss_all: 0.105838
Train epoch: 24 [2560/3804 (67%)]	Loss: 0.059208 Loss_all: 0.112231
Train epoch: 24	Loss: 0.058107
0.9813410717603447 No improvement since epoch  22 ; best_AUROC, best_AUPRC, best_precision, best_recall: 0.9835759289919058 0.984368790662915 0.9320557491289199 0.9288194444444444 Human
spend time： 3.180093765258789 s
Training on 3804 samples...
Train epoch: 25 [0/3804 (0%)]	Loss: 0.068934 Loss_all: 0.122420
Train epoch: 25 [2560/3804 (67%)]	Loss: 0.093126 Loss_all: 0.145499
Train epoch: 25	Loss: 0.055180
0.9822921551106353 No improvement since epoch  22 ; best_AUROC, best_AUPRC, best_precision, best_recall: 0.9835759289919058 0.984368790662915 0.9320557491289199 0.9288194444444444 Human
spend time： 3.9481685161590576 s
Training on 3804 samples...
Train epoch: 26 [0/3804 (0%)]	Loss: 0.060746 Loss_all: 0.110616
Train epoch: 26 [2560/3804 (67%)]	Loss: 0.074405 Loss_all: 0.126955
Train epoch: 26	Loss: 0.048805
0.9803147864707287 No improvement since epoch  22 ; best_AUROC, best_AUPRC, best_precision, best_recall: 0.9835759289919058 0.984368790662915 0.9320557491289199 0.9288194444444444 Human
spend time： 3.394423484802246 s
Training on 3804 samples...
Train epoch: 27 [0/3804 (0%)]	Loss: 0.034369 Loss_all: 0.086401
Train epoch: 27 [2560/3804 (67%)]	Loss: 0.054505 Loss_all: 0.106038
Train epoch: 27	Loss: 0.065024
0.9822877314671457 No improvement since epoch  22 ; best_AUROC, best_AUPRC, best_precision, best_recall: 0.9835759289919058 0.984368790662915 0.9320557491289199 0.9288194444444444 Human
spend time： 2.63138484954834 s
Training on 3804 samples...
Train epoch: 28 [0/3804 (0%)]	Loss: 0.029252 Loss_all: 0.079645
Train epoch: 28 [2560/3804 (67%)]	Loss: 0.029058 Loss_all: 0.079740
Train epoch: 28	Loss: 0.052582
0.9804121066275027 No improvement since epoch  22 ; best_AUROC, best_AUPRC, best_precision, best_recall: 0.9835759289919058 0.984368790662915 0.9320557491289199 0.9288194444444444 Human
spend time： 1.903454065322876 s
Training on 3804 samples...
Train epoch: 29 [0/3804 (0%)]	Loss: 0.099782 Loss_all: 0.152070
Train epoch: 29 [2560/3804 (67%)]	Loss: 0.124205 Loss_all: 0.173314
Train epoch: 29	Loss: 0.062187
0.9807527271762115 No improvement since epoch  22 ; best_AUROC, best_AUPRC, best_precision, best_recall: 0.9835759289919058 0.984368790662915 0.9320557491289199 0.9288194444444444 Human
spend time： 1.800154447555542 s
Training on 3804 samples...
Train epoch: 30 [0/3804 (0%)]	Loss: 0.050314 Loss_all: 0.102418
Train epoch: 30 [2560/3804 (67%)]	Loss: 0.085201 Loss_all: 0.134911
Train epoch: 30	Loss: 0.051900
0.9832830512523335 No improvement since epoch  22 ; best_AUROC, best_AUPRC, best_precision, best_recall: 0.9835759289919058 0.984368790662915 0.9320557491289199 0.9288194444444444 Human
spend time： 1.8519923686981201 s
Training on 3804 samples...
Train epoch: 31 [0/3804 (0%)]	Loss: 0.046798 Loss_all: 0.096243
Train epoch: 31 [2560/3804 (67%)]	Loss: 0.036368 Loss_all: 0.085111
Train epoch: 31	Loss: 0.062387
0.9835175043572889 No improvement since epoch  22 ; best_AUROC, best_AUPRC, best_precision, best_recall: 0.9835759289919058 0.984368790662915 0.9320557491289199 0.9288194444444444 Human
spend time： 1.9337880611419678 s
Training on 3804 samples...
Train epoch: 32 [0/3804 (0%)]	Loss: 0.089413 Loss_all: 0.139180
Train epoch: 32 [2560/3804 (67%)]	Loss: 0.046075 Loss_all: 0.096972
Train epoch: 32	Loss: 0.053401
0.9830839872952959 No improvement since epoch  22 ; best_AUROC, best_AUPRC, best_precision, best_recall: 0.9835759289919058 0.984368790662915 0.9320557491289199 0.9288194444444444 Human
spend time： 1.9138860702514648 s
Training on 3804 samples...
Train epoch: 33 [0/3804 (0%)]	Loss: 0.027147 Loss_all: 0.077125
Train epoch: 33 [2560/3804 (67%)]	Loss: 0.052931 Loss_all: 0.105519
Train epoch: 33	Loss: 0.043285
0.9821417512319845 No improvement since epoch  22 ; best_AUROC, best_AUPRC, best_precision, best_recall: 0.9835759289919058 0.984368790662915 0.9320557491289199 0.9288194444444444 Human
spend time： 2.1353466510772705 s
Training on 3804 samples...
Train epoch: 34 [0/3804 (0%)]	Loss: 0.032524 Loss_all: 0.083847
Train epoch: 34 [2560/3804 (67%)]	Loss: 0.043172 Loss_all: 0.095007
Train epoch: 34	Loss: 0.039124
0.9824027461978784 No improvement since epoch  22 ; best_AUROC, best_AUPRC, best_precision, best_recall: 0.9835759289919058 0.984368790662915 0.9320557491289199 0.9288194444444444 Human
spend time： 2.7867321968078613 s
Training on 3804 samples...
Train epoch: 35 [0/3804 (0%)]	Loss: 0.043564 Loss_all: 0.093361
Train epoch: 35 [2560/3804 (67%)]	Loss: 0.067763 Loss_all: 0.120043
Train epoch: 35	Loss: 0.044222
0.9838183121145901 No improvement since epoch  22 ; best_AUROC, best_AUPRC, best_precision, best_recall: 0.9835759289919058 0.984368790662915 0.9320557491289199 0.9288194444444444 Human
spend time： 3.9502618312835693 s
Training on 3804 samples...
Train epoch: 36 [0/3804 (0%)]	Loss: 0.024663 Loss_all: 0.077214
Train epoch: 36 [2560/3804 (67%)]	Loss: 0.054225 Loss_all: 0.103853
Train epoch: 36	Loss: 0.040717
0.9831326473736829 No improvement since epoch  22 ; best_AUROC, best_AUPRC, best_precision, best_recall: 0.9835759289919058 0.984368790662915 0.9320557491289199 0.9288194444444444 Human
spend time： 3.9921607971191406 s
Training on 3804 samples...
Train epoch: 37 [0/3804 (0%)]	Loss: 0.036797 Loss_all: 0.086424
Train epoch: 37 [2560/3804 (67%)]	Loss: 0.023761 Loss_all: 0.071722
Train epoch: 37	Loss: 0.034752
0.982040007431721 No improvement since epoch  22 ; best_AUROC, best_AUPRC, best_precision, best_recall: 0.9835759289919058 0.984368790662915 0.9320557491289199 0.9288194444444444 Human
spend time： 2.7826039791107178 s
Training on 3804 samples...
Train epoch: 38 [0/3804 (0%)]	Loss: 0.012329 Loss_all: 0.063144
Train epoch: 38 [2560/3804 (67%)]	Loss: 0.044834 Loss_all: 0.093323
Train epoch: 38	Loss: 0.027566
0.9829468543471145 No improvement since epoch  22 ; best_AUROC, best_AUPRC, best_precision, best_recall: 0.9835759289919058 0.984368790662915 0.9320557491289199 0.9288194444444444 Human
spend time： 1.932262897491455 s
Training on 3804 samples...
Train epoch: 39 [0/3804 (0%)]	Loss: 0.033507 Loss_all: 0.082133
Train epoch: 39 [2560/3804 (67%)]	Loss: 0.047844 Loss_all: 0.097166
Train epoch: 39	Loss: 0.038532
0.9843447256898672 No improvement since epoch  22 ; best_AUROC, best_AUPRC, best_precision, best_recall: 0.9835759289919058 0.984368790662915 0.9320557491289199 0.9288194444444444 Human
spend time： 1.8922119140625 s
Training on 3804 samples...
Train epoch: 40 [0/3804 (0%)]	Loss: 0.015073 Loss_all: 0.065092
Train epoch: 40 [2560/3804 (67%)]	Loss: 0.037121 Loss_all: 0.088520
Train epoch: 40	Loss: 0.028209
0.9820665492926592 No improvement since epoch  22 ; best_AUROC, best_AUPRC, best_precision, best_recall: 0.9835759289919058 0.984368790662915 0.9320557491289199 0.9288194444444444 Human
spend time： 2.0389721393585205 s
Training on 3804 samples...
Train epoch: 41 [0/3804 (0%)]	Loss: 0.022760 Loss_all: 0.073148
Train epoch: 41 [2560/3804 (67%)]	Loss: 0.016229 Loss_all: 0.064896
Train epoch: 41	Loss: 0.031448
0.9842872183245008 No improvement since epoch  22 ; best_AUROC, best_AUPRC, best_precision, best_recall: 0.9835759289919058 0.984368790662915 0.9320557491289199 0.9288194444444444 Human
spend time： 1.8578860759735107 s
Training on 3804 samples...
Train epoch: 42 [0/3804 (0%)]	Loss: 0.020513 Loss_all: 0.071196
Train epoch: 42 [2560/3804 (67%)]	Loss: 0.026127 Loss_all: 0.078445
Train epoch: 42	Loss: 0.028597
0.9820444310752108 No improvement since epoch  22 ; best_AUROC, best_AUPRC, best_precision, best_recall: 0.9835759289919058 0.984368790662915 0.9320557491289199 0.9288194444444444 Human
spend time： 1.8413498401641846 s
Training on 3804 samples...
Train epoch: 43 [0/3804 (0%)]	Loss: 0.021206 Loss_all: 0.071322
Train epoch: 43 [2560/3804 (67%)]	Loss: 0.037349 Loss_all: 0.090045
Train epoch: 43	Loss: 0.033057
0.9834467260614533 No improvement since epoch  22 ; best_AUROC, best_AUPRC, best_precision, best_recall: 0.9835759289919058 0.984368790662915 0.9320557491289199 0.9288194444444444 Human
spend time： 1.8920347690582275 s
Training on 3804 samples...
Train epoch: 44 [0/3804 (0%)]	Loss: 0.034756 Loss_all: 0.086416
Train epoch: 44 [2560/3804 (67%)]	Loss: 0.021244 Loss_all: 0.073577
Train epoch: 44	Loss: 0.036392
0.9811552787337762 No improvement since epoch  22 ; best_AUROC, best_AUPRC, best_precision, best_recall: 0.9835759289919058 0.984368790662915 0.9320557491289199 0.9288194444444444 Human
spend time： 2.792801856994629 s
Training on 3804 samples...
Train epoch: 45 [0/3804 (0%)]	Loss: 0.015106 Loss_all: 0.064812
Train epoch: 45 [2560/3804 (67%)]	Loss: 0.027571 Loss_all: 0.078373
Train epoch: 45	Loss: 0.036596
0.9824558299197551 No improvement since epoch  22 ; best_AUROC, best_AUPRC, best_precision, best_recall: 0.9835759289919058 0.984368790662915 0.9320557491289199 0.9288194444444444 Human
spend time： 3.972707748413086 s
Training on 3804 samples...
Train epoch: 46 [0/3804 (0%)]	Loss: 0.050157 Loss_all: 0.098223
Train epoch: 46 [2560/3804 (67%)]	Loss: 0.038833 Loss_all: 0.086369
Train epoch: 46	Loss: 0.031202
0.984092578010953 No improvement since epoch  22 ; best_AUROC, best_AUPRC, best_precision, best_recall: 0.9835759289919058 0.984368790662915 0.9320557491289199 0.9288194444444444 Human
spend time： 3.9287874698638916 s
Training on 3804 samples...
Train epoch: 47 [0/3804 (0%)]	Loss: 0.011342 Loss_all: 0.060118
Train epoch: 47 [2560/3804 (67%)]	Loss: 0.076406 Loss_all: 0.124813
Train epoch: 47	Loss: 0.037029
0.9812349043165912 No improvement since epoch  22 ; best_AUROC, best_AUPRC, best_precision, best_recall: 0.9835759289919058 0.984368790662915 0.9320557491289199 0.9288194444444444 Human
spend time： 2.8921782970428467 s
Training on 3804 samples...
Train epoch: 48 [0/3804 (0%)]	Loss: 0.066600 Loss_all: 0.118482
Train epoch: 48 [2560/3804 (67%)]	Loss: 0.025736 Loss_all: 0.074593
Train epoch: 48	Loss: 0.044667
0.9811420078033071 No improvement since epoch  22 ; best_AUROC, best_AUPRC, best_precision, best_recall: 0.9835759289919058 0.984368790662915 0.9320557491289199 0.9288194444444444 Human
spend time： 2.165417194366455 s
Training on 3804 samples...
Train epoch: 49 [0/3804 (0%)]	Loss: 0.026303 Loss_all: 0.077040
Train epoch: 49 [2560/3804 (67%)]	Loss: 0.040868 Loss_all: 0.089001
Train epoch: 49	Loss: 0.028923
0.9814074264126905 No improvement since epoch  22 ; best_AUROC, best_AUPRC, best_precision, best_recall: 0.9835759289919058 0.984368790662915 0.9320557491289199 0.9288194444444444 Human
spend time： 1.921379566192627 s
Training on 3804 samples...
Train epoch: 50 [0/3804 (0%)]	Loss: 0.043716 Loss_all: 0.094618
Train epoch: 50 [2560/3804 (67%)]	Loss: 0.065147 Loss_all: 0.112912
Train epoch: 50	Loss: 0.040103
0.9827433667465871 No improvement since epoch  22 ; best_AUROC, best_AUPRC, best_precision, best_recall: 0.9835759289919058 0.984368790662915 0.9320557491289199 0.9288194444444444 Human
spend time： 1.9035894870758057 s
Training on 3804 samples...
Train epoch: 51 [0/3804 (0%)]	Loss: 0.026458 Loss_all: 0.075904
Train epoch: 51 [2560/3804 (67%)]	Loss: 0.033663 Loss_all: 0.081945
Train epoch: 51	Loss: 0.032530
0.9830662927213369 No improvement since epoch  22 ; best_AUROC, best_AUPRC, best_precision, best_recall: 0.9835759289919058 0.984368790662915 0.9320557491289199 0.9288194444444444 Human
spend time： 1.9606318473815918 s
Training on 3804 samples...
Train epoch: 52 [0/3804 (0%)]	Loss: 0.009329 Loss_all: 0.059451
Train epoch: 52 [2560/3804 (67%)]	Loss: 0.030378 Loss_all: 0.080486
Train epoch: 52	Loss: 0.038581
0.9803855647665644 No improvement since epoch  22 ; best_AUROC, best_AUPRC, best_precision, best_recall: 0.9835759289919058 0.984368790662915 0.9320557491289199 0.9288194444444444 Human
spend time： 2.03497052192688 s
Training on 3804 samples...
Train epoch: 53 [0/3804 (0%)]	Loss: 0.035082 Loss_all: 0.085726
Train epoch: 53 [2560/3804 (67%)]	Loss: 0.015110 Loss_all: 0.064356
Train epoch: 53	Loss: 0.037081
0.9792177228852772 No improvement since epoch  22 ; best_AUROC, best_AUPRC, best_precision, best_recall: 0.9835759289919058 0.984368790662915 0.9320557491289199 0.9288194444444444 Human
spend time： 2.1706433296203613 s
Training on 3804 samples...
Train epoch: 54 [0/3804 (0%)]	Loss: 0.077725 Loss_all: 0.129067
Train epoch: 54 [2560/3804 (67%)]	Loss: 0.035055 Loss_all: 0.082783
Train epoch: 54	Loss: 0.044017
0.9829557016340937 No improvement since epoch  22 ; best_AUROC, best_AUPRC, best_precision, best_recall: 0.9835759289919058 0.984368790662915 0.9320557491289199 0.9288194444444444 Human
spend time： 3.284709930419922 s
Training on 3804 samples...
Train epoch: 55 [0/3804 (0%)]	Loss: 0.011161 Loss_all: 0.060701
Train epoch: 55 [2560/3804 (67%)]	Loss: 0.030628 Loss_all: 0.080618
Train epoch: 55	Loss: 0.040497
0.9842872183245007 No improvement since epoch  22 ; best_AUROC, best_AUPRC, best_precision, best_recall: 0.9835759289919058 0.984368790662915 0.9320557491289199 0.9288194444444444 Human
spend time： 3.8476076126098633 s
Training on 3804 samples...
Train epoch: 56 [0/3804 (0%)]	Loss: 0.033724 Loss_all: 0.082975
Train epoch: 56 [2560/3804 (67%)]	Loss: 0.023576 Loss_all: 0.074743
Train epoch: 56	Loss: 0.037670
0.9837121446708367 No improvement since epoch  22 ; best_AUROC, best_AUPRC, best_precision, best_recall: 0.9835759289919058 0.984368790662915 0.9320557491289199 0.9288194444444444 Human
spend time： 3.7881088256835938 s
Training on 3804 samples...
Train epoch: 57 [0/3804 (0%)]	Loss: 0.014179 Loss_all: 0.064462
Train epoch: 57 [2560/3804 (67%)]	Loss: 0.032934 Loss_all: 0.084014
Train epoch: 57	Loss: 0.027064
0.9830707163648268 No improvement since epoch  22 ; best_AUROC, best_AUPRC, best_precision, best_recall: 0.9835759289919058 0.984368790662915 0.9320557491289199 0.9288194444444444 Human
spend time： 2.5193605422973633 s
Training on 3804 samples...
Train epoch: 58 [0/3804 (0%)]	Loss: 0.013345 Loss_all: 0.063185
Train epoch: 58 [2560/3804 (67%)]	Loss: 0.034263 Loss_all: 0.081974
Train epoch: 58	Loss: 0.029413
0.982314273328084 No improvement since epoch  22 ; best_AUROC, best_AUPRC, best_precision, best_recall: 0.9835759289919058 0.984368790662915 0.9320557491289199 0.9288194444444444 Human
spend time： 1.857095718383789 s
Training on 3804 samples...
Train epoch: 59 [0/3804 (0%)]	Loss: 0.024330 Loss_all: 0.072594
Train epoch: 59 [2560/3804 (67%)]	Loss: 0.020968 Loss_all: 0.069530
Train epoch: 59	Loss: 0.027109
0.9830087853559706 No improvement since epoch  22 ; best_AUROC, best_AUPRC, best_precision, best_recall: 0.9835759289919058 0.984368790662915 0.9320557491289199 0.9288194444444444 Human
spend time： 1.8257458209991455 s
Training on 3804 samples...
Train epoch: 60 [0/3804 (0%)]	Loss: 0.033472 Loss_all: 0.081246
Train epoch: 60 [2560/3804 (67%)]	Loss: 0.008667 Loss_all: 0.055817
Train epoch: 60	Loss: 0.024823
0.9833140167567614 No improvement since epoch  22 ; best_AUROC, best_AUPRC, best_precision, best_recall: 0.9835759289919058 0.984368790662915 0.9320557491289199 0.9288194444444444 Human
spend time： 1.9096746444702148 s
Training on 3804 samples...
Train epoch: 61 [0/3804 (0%)]	Loss: 0.051299 Loss_all: 0.097736
Train epoch: 61 [2560/3804 (67%)]	Loss: 0.026357 Loss_all: 0.073267
Train epoch: 61	Loss: 0.034196
0.9828561696555751 No improvement since epoch  22 ; best_AUROC, best_AUPRC, best_precision, best_recall: 0.9835759289919058 0.984368790662915 0.9320557491289199 0.9288194444444444 Human
spend time： 1.86714768409729 s
Training on 3804 samples...
Train epoch: 62 [0/3804 (0%)]	Loss: 0.016679 Loss_all: 0.064493
Train epoch: 62 [2560/3804 (67%)]	Loss: 0.033843 Loss_all: 0.081831
Train epoch: 62	Loss: 0.031867
0.9811884560599493 No improvement since epoch  22 ; best_AUROC, best_AUPRC, best_precision, best_recall: 0.9835759289919058 0.984368790662915 0.9320557491289199 0.9288194444444444 Human
spend time： 1.8913545608520508 s
Training on 3804 samples...
Train epoch: 63 [0/3804 (0%)]	Loss: 0.017313 Loss_all: 0.063639
Train epoch: 63 [2560/3804 (67%)]	Loss: 0.010575 Loss_all: 0.056904
Train epoch: 63	Loss: 0.028848
0.9838360066885489 No improvement since epoch  22 ; best_AUROC, best_AUPRC, best_precision, best_recall: 0.9835759289919058 0.984368790662915 0.9320557491289199 0.9288194444444444 Human
spend time： 2.009045362472534 s
Training on 3804 samples...
Train epoch: 64 [0/3804 (0%)]	Loss: 0.035213 Loss_all: 0.081202
Train epoch: 64 [2560/3804 (67%)]	Loss: 0.020859 Loss_all: 0.068662
Train epoch: 64	Loss: 0.028577
0.9834069132700457 No improvement since epoch  22 ; best_AUROC, best_AUPRC, best_precision, best_recall: 0.9835759289919058 0.984368790662915 0.9320557491289199 0.9288194444444444 Human
spend time： 2.341036796569824 s
Training on 3804 samples...
Train epoch: 65 [0/3804 (0%)]	Loss: 0.015419 Loss_all: 0.063854
Train epoch: 65 [2560/3804 (67%)]	Loss: 0.019727 Loss_all: 0.065984
Train epoch: 65	Loss: 0.025434
0.984698617169045 No improvement since epoch  22 ; best_AUROC, best_AUPRC, best_precision, best_recall: 0.9835759289919058 0.984368790662915 0.9320557491289199 0.9288194444444444 Human
spend time： 3.6519339084625244 s
Training on 3804 samples...
Train epoch: 66 [0/3804 (0%)]	Loss: 0.005681 Loss_all: 0.052097
Train epoch: 66 [2560/3804 (67%)]	Loss: 0.042857 Loss_all: 0.091498
Train epoch: 66	Loss: 0.018782
0.9832122729564978 No improvement since epoch  22 ; best_AUROC, best_AUPRC, best_precision, best_recall: 0.9835759289919058 0.984368790662915 0.9320557491289199 0.9288194444444444 Human
spend time： 3.948859214782715 s
Training on 3804 samples...
Train epoch: 67 [0/3804 (0%)]	Loss: 0.021118 Loss_all: 0.068469
Train epoch: 67 [2560/3804 (67%)]	Loss: 0.034785 Loss_all: 0.080363
Train epoch: 67	Loss: 0.013352
0.9826548938767927 No improvement since epoch  22 ; best_AUROC, best_AUPRC, best_precision, best_recall: 0.9835759289919058 0.984368790662915 0.9320557491289199 0.9288194444444444 Human
spend time： 3.6577720642089844 s
Training on 3804 samples...
Train epoch: 68 [0/3804 (0%)]	Loss: 0.003890 Loss_all: 0.051049
Train epoch: 68 [2560/3804 (67%)]	Loss: 0.019460 Loss_all: 0.064933
Train epoch: 68	Loss: 0.010547
0.9846189915862301 No improvement since epoch  22 ; best_AUROC, best_AUPRC, best_precision, best_recall: 0.9835759289919058 0.984368790662915 0.9320557491289199 0.9288194444444444 Human
spend time： 2.119636297225952 s
Training on 3804 samples...
Train epoch: 69 [0/3804 (0%)]	Loss: 0.009991 Loss_all: 0.055819
Train epoch: 69 [2560/3804 (67%)]	Loss: 0.002961 Loss_all: 0.049424
Train epoch: 69	Loss: 0.010930
val AUROC improved at epoch  69 ; best_AUROC, best_AUPRC, best_precision, best_recall: 0.9878874632082413 0.9882258307630467 0.9170812603648425 0.9600694444444444 Human
spend time： 2.3128838539123535 s
Training on 3804 samples...
Train epoch: 70 [0/3804 (0%)]	Loss: 0.046463 Loss_all: 0.094063
Train epoch: 70 [2560/3804 (67%)]	Loss: 0.043158 Loss_all: 0.091902
Train epoch: 70	Loss: 0.023751
0.9836104008705732 No improvement since epoch  69 ; best_AUROC, best_AUPRC, best_precision, best_recall: 0.9878874632082413 0.9882258307630467 0.9170812603648425 0.9600694444444444 Human
spend time： 1.8759279251098633 s
Training on 3804 samples...
Train epoch: 71 [0/3804 (0%)]	Loss: 0.016865 Loss_all: 0.062206
Train epoch: 71 [2560/3804 (67%)]	Loss: 0.014119 Loss_all: 0.058303
Train epoch: 71	Loss: 0.015876
0.9830928345822754 No improvement since epoch  69 ; best_AUROC, best_AUPRC, best_precision, best_recall: 0.9878874632082413 0.9882258307630467 0.9170812603648425 0.9600694444444444 Human
spend time： 1.9849870204925537 s
Training on 3804 samples...
Train epoch: 72 [0/3804 (0%)]	Loss: 0.013659 Loss_all: 0.059488
Train epoch: 72 [2560/3804 (67%)]	Loss: 0.005413 Loss_all: 0.051357
Train epoch: 72	Loss: 0.018206
0.9846543807341478 No improvement since epoch  69 ; best_AUROC, best_AUPRC, best_precision, best_recall: 0.9878874632082413 0.9882258307630467 0.9170812603648425 0.9600694444444444 Human
spend time： 1.9531524181365967 s
Training on 3804 samples...
Train epoch: 73 [0/3804 (0%)]	Loss: 0.008689 Loss_all: 0.053695
Train epoch: 73 [2560/3804 (67%)]	Loss: 0.021662 Loss_all: 0.066932
Train epoch: 73	Loss: 0.012040
0.9843491493333568 No improvement since epoch  69 ; best_AUROC, best_AUPRC, best_precision, best_recall: 0.9878874632082413 0.9882258307630467 0.9170812603648425 0.9600694444444444 Human
spend time： 1.977442741394043 s
Training on 3804 samples...
Train epoch: 74 [0/3804 (0%)]	Loss: 0.003625 Loss_all: 0.050464
Train epoch: 74 [2560/3804 (67%)]	Loss: 0.003420 Loss_all: 0.048265
Train epoch: 74	Loss: 0.016655
0.9855214148581337 No improvement since epoch  69 ; best_AUROC, best_AUPRC, best_precision, best_recall: 0.9878874632082413 0.9882258307630467 0.9170812603648425 0.9600694444444444 Human
spend time： 2.1256494522094727 s
Training on 3804 samples...
Train epoch: 75 [0/3804 (0%)]	Loss: 0.013708 Loss_all: 0.058435
Train epoch: 75 [2560/3804 (67%)]	Loss: 0.016246 Loss_all: 0.061484
Train epoch: 75	Loss: 0.017739
val AUROC improved at epoch  75 ; best_AUROC, best_AUPRC, best_precision, best_recall: 0.9877379966887417 0.988147311529158 0.9668508287292817 0.9114583333333334 Human
spend time： 3.989630937576294 s
Training on 3804 samples...
Train epoch: 76 [0/3804 (0%)]	Loss: 0.008505 Loss_all: 0.052067
Train epoch: 76 [2560/3804 (67%)]	Loss: 0.019363 Loss_all: 0.064385
Train epoch: 76	Loss: 0.010072
0.9858885772677808 No improvement since epoch  75 ; best_AUROC, best_AUPRC, best_precision, best_recall: 0.9877379966887417 0.988147311529158 0.9668508287292817 0.9114583333333334 Human
spend time： 3.9273908138275146 s
Training on 3804 samples...
Train epoch: 77 [0/3804 (0%)]	Loss: 0.002913 Loss_all: 0.046420
Train epoch: 77 [2560/3804 (67%)]	Loss: 0.019140 Loss_all: 0.064615
Train epoch: 77	Loss: 0.010664
0.984428774916172 No improvement since epoch  75 ; best_AUROC, best_AUPRC, best_precision, best_recall: 0.9877379966887417 0.988147311529158 0.9668508287292817 0.9114583333333334 Human
spend time： 3.644137144088745 s
Training on 3804 samples...
Train epoch: 78 [0/3804 (0%)]	Loss: 0.021619 Loss_all: 0.067497
Train epoch: 78 [2560/3804 (67%)]	Loss: 0.003445 Loss_all: 0.047657
Train epoch: 78	Loss: 0.012568
0.9855966167974591 No improvement since epoch  75 ; best_AUROC, best_AUPRC, best_precision, best_recall: 0.9877379966887417 0.988147311529158 0.9668508287292817 0.9114583333333334 Human
spend time： 2.2831149101257324 s
Training on 3804 samples...
Train epoch: 79 [0/3804 (0%)]	Loss: 0.002079 Loss_all: 0.048901
Train epoch: 79 [2560/3804 (67%)]	Loss: 0.011023 Loss_all: 0.055121
Train epoch: 79	Loss: 0.012272
0.9861407249466951 No improvement since epoch  75 ; best_AUROC, best_AUPRC, best_precision, best_recall: 0.9877379966887417 0.988147311529158 0.9668508287292817 0.9114583333333334 Human
spend time： 2.0343832969665527 s
Training on 3804 samples...
Train epoch: 80 [0/3804 (0%)]	Loss: 0.003405 Loss_all: 0.047452
Train epoch: 80 [2560/3804 (67%)]	Loss: 0.023199 Loss_all: 0.067675
Train epoch: 80	Loss: 0.014337
0.9848490210476957 No improvement since epoch  75 ; best_AUROC, best_AUPRC, best_precision, best_recall: 0.9877379966887417 0.988147311529158 0.9668508287292817 0.9114583333333334 Human
spend time： 1.9943132400512695 s
Training on 3804 samples...
Train epoch: 81 [0/3804 (0%)]	Loss: 0.015222 Loss_all: 0.059890
Train epoch: 81 [2560/3804 (67%)]	Loss: 0.005234 Loss_all: 0.052031
Train epoch: 81	Loss: 0.013849
0.9857425970326199 No improvement since epoch  75 ; best_AUROC, best_AUPRC, best_precision, best_recall: 0.9877379966887417 0.988147311529158 0.9668508287292817 0.9114583333333334 Human
spend time： 1.8132679462432861 s
Training on 3804 samples...
Train epoch: 82 [0/3804 (0%)]	Loss: 0.007326 Loss_all: 0.052746
Train epoch: 82 [2560/3804 (67%)]	Loss: 0.005879 Loss_all: 0.052006
Train epoch: 82	Loss: 0.007136
val AUROC improved at epoch  82 ; best_AUROC, best_AUPRC, best_precision, best_recall: 0.9846624356144222 0.984822022757957 0.9408695652173913 0.9392361111111112 Human
spend time： 2.39585018157959 s
Training on 3804 samples...
Train epoch: 83 [0/3804 (0%)]	Loss: 0.015689 Loss_all: 0.060198
Train epoch: 83 [2560/3804 (67%)]	Loss: 0.011856 Loss_all: 0.055408
Train epoch: 83	Loss: 0.014756
0.9851719470224456 No improvement since epoch  82 ; best_AUROC, best_AUPRC, best_precision, best_recall: 0.9846624356144222 0.984822022757957 0.9408695652173913 0.9392361111111112 Human
spend time： 2.061962842941284 s
Training on 3804 samples...
Train epoch: 84 [0/3804 (0%)]	Loss: 0.012969 Loss_all: 0.056475
Train epoch: 84 [2560/3804 (67%)]	Loss: 0.016674 Loss_all: 0.062011
Train epoch: 84	Loss: 0.014949
0.9853090799706271 No improvement since epoch  82 ; best_AUROC, best_AUPRC, best_precision, best_recall: 0.9846624356144222 0.984822022757957 0.9408695652173913 0.9392361111111112 Human
spend time： 1.8330345153808594 s
Training on 3804 samples...
Train epoch: 85 [0/3804 (0%)]	Loss: 0.020466 Loss_all: 0.065270
Train epoch: 85 [2560/3804 (67%)]	Loss: 0.037948 Loss_all: 0.081311
Train epoch: 85	Loss: 0.021563
0.982473524493714 No improvement since epoch  82 ; best_AUROC, best_AUPRC, best_precision, best_recall: 0.9846624356144222 0.984822022757957 0.9408695652173913 0.9392361111111112 Human
spend time： 3.3756935596466064 s
Training on 3804 samples...
Train epoch: 86 [0/3804 (0%)]	Loss: 0.010665 Loss_all: 0.054212
Train epoch: 86 [2560/3804 (67%)]	Loss: 0.010923 Loss_all: 0.053918
Train epoch: 86	Loss: 0.019387
0.98277654407276 No improvement since epoch  82 ; best_AUROC, best_AUPRC, best_precision, best_recall: 0.9846624356144222 0.984822022757957 0.9408695652173913 0.9392361111111112 Human
spend time： 3.9016215801239014 s
Training on 3804 samples...
Train epoch: 87 [0/3804 (0%)]	Loss: 0.005384 Loss_all: 0.049095
Train epoch: 87 [2560/3804 (67%)]	Loss: 0.015933 Loss_all: 0.061073
Train epoch: 87	Loss: 0.016870
0.9818763326226013 No improvement since epoch  82 ; best_AUROC, best_AUPRC, best_precision, best_recall: 0.9846624356144222 0.984822022757957 0.9408695652173913 0.9392361111111112 Human
spend time： 3.696288824081421 s
Training on 3804 samples...
Train epoch: 88 [0/3804 (0%)]	Loss: 0.012058 Loss_all: 0.056254
Train epoch: 88 [2560/3804 (67%)]	Loss: 0.023031 Loss_all: 0.066069
Train epoch: 88	Loss: 0.024066
0.9830861991170408 No improvement since epoch  82 ; best_AUROC, best_AUPRC, best_precision, best_recall: 0.9846624356144222 0.984822022757957 0.9408695652173913 0.9392361111111112 Human
spend time： 2.932676076889038 s
Training on 3804 samples...
Train epoch: 89 [0/3804 (0%)]	Loss: 0.008974 Loss_all: 0.051886
Train epoch: 89 [2560/3804 (67%)]	Loss: 0.007836 Loss_all: 0.050462
Train epoch: 89	Loss: 0.014993
0.981464933778057 No improvement since epoch  82 ; best_AUROC, best_AUPRC, best_precision, best_recall: 0.9846624356144222 0.984822022757957 0.9408695652173913 0.9392361111111112 Human
spend time： 1.9007892608642578 s
Training on 3804 samples...
Train epoch: 90 [0/3804 (0%)]	Loss: 0.004793 Loss_all: 0.048142
Train epoch: 90 [2560/3804 (67%)]	Loss: 0.011971 Loss_all: 0.054803
Train epoch: 90	Loss: 0.014609
0.9836789673446639 No improvement since epoch  82 ; best_AUROC, best_AUPRC, best_precision, best_recall: 0.9846624356144222 0.984822022757957 0.9408695652173913 0.9392361111111112 Human
spend time： 1.9995791912078857 s
Training on 3804 samples...
Train epoch: 91 [0/3804 (0%)]	Loss: 0.008353 Loss_all: 0.051511
Train epoch: 91 [2560/3804 (67%)]	Loss: 0.007462 Loss_all: 0.050856
Train epoch: 91	Loss: 0.014569
0.9844243512726824 No improvement since epoch  82 ; best_AUROC, best_AUPRC, best_precision, best_recall: 0.9846624356144222 0.984822022757957 0.9408695652173913 0.9392361111111112 Human
spend time： 1.8693063259124756 s
Training on 3804 samples...
Train epoch: 92 [0/3804 (0%)]	Loss: 0.003282 Loss_all: 0.045562
Train epoch: 92 [2560/3804 (67%)]	Loss: 0.009196 Loss_all: 0.053347
Train epoch: 92	Loss: 0.009969
0.9842208636721549 No improvement since epoch  82 ; best_AUROC, best_AUPRC, best_precision, best_recall: 0.9846624356144222 0.984822022757957 0.9408695652173913 0.9392361111111112 Human
spend time： 1.903052568435669 s
Training on 3804 samples...
Train epoch: 93 [0/3804 (0%)]	Loss: 0.014876 Loss_all: 0.058221
Train epoch: 93 [2560/3804 (67%)]	Loss: 0.007244 Loss_all: 0.049535
Train epoch: 93	Loss: 0.009120
0.9844796468163037 No improvement since epoch  82 ; best_AUROC, best_AUPRC, best_precision, best_recall: 0.9846624356144222 0.984822022757957 0.9408695652173913 0.9392361111111112 Human
spend time： 1.8285632133483887 s
Training on 3804 samples...
Train epoch: 94 [0/3804 (0%)]	Loss: 0.021220 Loss_all: 0.062488
Train epoch: 94 [2560/3804 (67%)]	Loss: 0.013401 Loss_all: 0.055872
Train epoch: 94	Loss: 0.011629
0.9844862822815383 No improvement since epoch  82 ; best_AUROC, best_AUPRC, best_precision, best_recall: 0.9846624356144222 0.984822022757957 0.9408695652173913 0.9392361111111112 Human
spend time： 1.8714077472686768 s
Training on 3804 samples...
Train epoch: 95 [0/3804 (0%)]	Loss: 0.002276 Loss_all: 0.044121
Train epoch: 95 [2560/3804 (67%)]	Loss: 0.004559 Loss_all: 0.047541
Train epoch: 95	Loss: 0.012740
0.9834246078440047 No improvement since epoch  82 ; best_AUROC, best_AUPRC, best_precision, best_recall: 0.9846624356144222 0.984822022757957 0.9408695652173913 0.9392361111111112 Human
spend time： 2.163444995880127 s
Training on 3804 samples...
Train epoch: 96 [0/3804 (0%)]	Loss: 0.018164 Loss_all: 0.061963
Train epoch: 96 [2560/3804 (67%)]	Loss: 0.035370 Loss_all: 0.076907
Train epoch: 96	Loss: 0.016574
0.9825796919374675 No improvement since epoch  82 ; best_AUROC, best_AUPRC, best_precision, best_recall: 0.9846624356144222 0.984822022757957 0.9408695652173913 0.9392361111111112 Human
spend time： 3.8881962299346924 s
Training on 3804 samples...
Train epoch: 97 [0/3804 (0%)]	Loss: 0.002910 Loss_all: 0.045006
Train epoch: 97 [2560/3804 (67%)]	Loss: 0.003636 Loss_all: 0.044468
Train epoch: 97	Loss: 0.017305
0.9811397959815622 No improvement since epoch  82 ; best_AUROC, best_AUPRC, best_precision, best_recall: 0.9846624356144222 0.984822022757957 0.9408695652173913 0.9392361111111112 Human
spend time： 3.807765007019043 s
Training on 3804 samples...
Train epoch: 98 [0/3804 (0%)]	Loss: 0.008990 Loss_all: 0.052199
Train epoch: 98 [2560/3804 (67%)]	Loss: 0.006896 Loss_all: 0.049804
Train epoch: 98	Loss: 0.015873
0.9818077661485106 No improvement since epoch  82 ; best_AUROC, best_AUPRC, best_precision, best_recall: 0.9846624356144222 0.984822022757957 0.9408695652173913 0.9392361111111112 Human
spend time： 3.758321762084961 s
Training on 3804 samples...
Train epoch: 99 [0/3804 (0%)]	Loss: 0.024137 Loss_all: 0.065458
Train epoch: 99 [2560/3804 (67%)]	Loss: 0.027864 Loss_all: 0.068608
Train epoch: 99	Loss: 0.018848
0.9815733130435552 No improvement since epoch  82 ; best_AUROC, best_AUPRC, best_precision, best_recall: 0.9846624356144222 0.984822022757957 0.9408695652173913 0.9392361111111112 Human
spend time： 2.283409595489502 s
Training on 3804 samples...
Train epoch: 100 [0/3804 (0%)]	Loss: 0.006702 Loss_all: 0.048288
Train epoch: 100 [2560/3804 (67%)]	Loss: 0.038816 Loss_all: 0.081828
Train epoch: 100	Loss: 0.015022
0.983738686531775 No improvement since epoch  82 ; best_AUROC, best_AUPRC, best_precision, best_recall: 0.9846624356144222 0.984822022757957 0.9408695652173913 0.9392361111111112 Human
spend time： 1.9840409755706787 s
Training on 3804 samples...
Train epoch: 101 [0/3804 (0%)]	Loss: 0.015420 Loss_all: 0.056054
Train epoch: 101 [2560/3804 (67%)]	Loss: 0.013564 Loss_all: 0.056094
Train epoch: 101	Loss: 0.010757
0.9839510214192818 No improvement since epoch  82 ; best_AUROC, best_AUPRC, best_precision, best_recall: 0.9846624356144222 0.984822022757957 0.9408695652173913 0.9392361111111112 Human
spend time： 1.8597404956817627 s
Training on 3804 samples...
Train epoch: 102 [0/3804 (0%)]	Loss: 0.017676 Loss_all: 0.059488
Train epoch: 102 [2560/3804 (67%)]	Loss: 0.002812 Loss_all: 0.043367
Train epoch: 102	Loss: 0.016983
0.9830972582257651 No improvement since epoch  82 ; best_AUROC, best_AUPRC, best_precision, best_recall: 0.9846624356144222 0.984822022757957 0.9408695652173913 0.9392361111111112 Human
spend time： 1.8575780391693115 s
Training on 3804 samples...
Train epoch: 103 [0/3804 (0%)]	Loss: 0.010837 Loss_all: 0.051327
Train epoch: 103 [2560/3804 (67%)]	Loss: 0.001911 Loss_all: 0.043161
Train epoch: 103	Loss: 0.018741
0.9800847570092631 No improvement since epoch  82 ; best_AUROC, best_AUPRC, best_precision, best_recall: 0.9846624356144222 0.984822022757957 0.9408695652173913 0.9392361111111112 Human
spend time： 1.9266211986541748 s
Training on 3804 samples...
Train epoch: 104 [0/3804 (0%)]	Loss: 0.023437 Loss_all: 0.064879
Train epoch: 104 [2560/3804 (67%)]	Loss: 0.020297 Loss_all: 0.062098
Train epoch: 104	Loss: 0.017545
0.9820267365012518 No improvement since epoch  82 ; best_AUROC, best_AUPRC, best_precision, best_recall: 0.9846624356144222 0.984822022757957 0.9408695652173913 0.9392361111111112 Human
spend time： 1.8741674423217773 s
Training on 3804 samples...
Train epoch: 105 [0/3804 (0%)]	Loss: 0.006780 Loss_all: 0.048607
Train epoch: 105 [2560/3804 (67%)]	Loss: 0.024732 Loss_all: 0.068160
Train epoch: 105	Loss: 0.021460
0.9817657415353582 No improvement since epoch  82 ; best_AUROC, best_AUPRC, best_precision, best_recall: 0.9846624356144222 0.984822022757957 0.9408695652173913 0.9392361111111112 Human
spend time： 1.9666874408721924 s
Training on 3804 samples...
Train epoch: 106 [0/3804 (0%)]	Loss: 0.026905 Loss_all: 0.070948
Train epoch: 106 [2560/3804 (67%)]	Loss: 0.040068 Loss_all: 0.083523
Train epoch: 106	Loss: 0.013955
0.9843579966203364 No improvement since epoch  82 ; best_AUROC, best_AUPRC, best_precision, best_recall: 0.9846624356144222 0.984822022757957 0.9408695652173913 0.9392361111111112 Human
spend time： 1.8028171062469482 s
Training on 3804 samples...
Train epoch: 107 [0/3804 (0%)]	Loss: 0.018041 Loss_all: 0.061140
Train epoch: 107 [2560/3804 (67%)]	Loss: 0.003333 Loss_all: 0.044739
Train epoch: 107	Loss: 0.011906
0.9848733510868892 No improvement since epoch  82 ; best_AUROC, best_AUPRC, best_precision, best_recall: 0.9846624356144222 0.984822022757957 0.9408695652173913 0.9392361111111112 Human
spend time： 3.2431488037109375 s
Training on 3804 samples...
Train epoch: 108 [0/3804 (0%)]	Loss: 0.001857 Loss_all: 0.043634
Train epoch: 108 [2560/3804 (67%)]	Loss: 0.014603 Loss_all: 0.054795
Train epoch: 108	Loss: 0.011881
0.9826681648072619 No improvement since epoch  82 ; best_AUROC, best_AUPRC, best_precision, best_recall: 0.9846624356144222 0.984822022757957 0.9408695652173913 0.9392361111111112 Human
spend time： 3.8461432456970215 s
Training on 3804 samples...
Train epoch: 109 [0/3804 (0%)]	Loss: 0.020875 Loss_all: 0.063091
Train epoch: 109 [2560/3804 (67%)]	Loss: 0.003844 Loss_all: 0.044797
Train epoch: 109	Loss: 0.010379
0.9815534066478514 No improvement since epoch  82 ; best_AUROC, best_AUPRC, best_precision, best_recall: 0.9846624356144222 0.984822022757957 0.9408695652173913 0.9392361111111112 Human
spend time： 3.8951961994171143 s
Training on 3804 samples...
Train epoch: 110 [0/3804 (0%)]	Loss: 0.003936 Loss_all: 0.045264
Train epoch: 110 [2560/3804 (67%)]	Loss: 0.013453 Loss_all: 0.053534
Train epoch: 110	Loss: 0.009062
0.983628095444532 No improvement since epoch  82 ; best_AUROC, best_AUPRC, best_precision, best_recall: 0.9846624356144222 0.984822022757957 0.9408695652173913 0.9392361111111112 Human
spend time： 2.7967145442962646 s
Training on 3804 samples...
Train epoch: 111 [0/3804 (0%)]	Loss: 0.014817 Loss_all: 0.055662
Train epoch: 111 [2560/3804 (67%)]	Loss: 0.004957 Loss_all: 0.044138
Train epoch: 111	Loss: 0.006366
0.9845791787948224 No improvement since epoch  82 ; best_AUROC, best_AUPRC, best_precision, best_recall: 0.9846624356144222 0.984822022757957 0.9408695652173913 0.9392361111111112 Human
spend time： 1.9055123329162598 s
Training on 3804 samples...
Train epoch: 112 [0/3804 (0%)]	Loss: 0.002999 Loss_all: 0.042027
Train epoch: 112 [2560/3804 (67%)]	Loss: 0.014092 Loss_all: 0.053797
Train epoch: 112	Loss: 0.007766
0.9849861539958771 No improvement since epoch  82 ; best_AUROC, best_AUPRC, best_precision, best_recall: 0.9846624356144222 0.984822022757957 0.9408695652173913 0.9392361111111112 Human
spend time： 2.040623426437378 s
Training on 3804 samples...
Train epoch: 113 [0/3804 (0%)]	Loss: 0.003016 Loss_all: 0.041847
Train epoch: 113 [2560/3804 (67%)]	Loss: 0.068084 Loss_all: 0.107082
Train epoch: 113	Loss: 0.009713
0.9830618690778472 No improvement since epoch  82 ; best_AUROC, best_AUPRC, best_precision, best_recall: 0.9846624356144222 0.984822022757957 0.9408695652173913 0.9392361111111112 Human
spend time： 1.903383493423462 s
Training on 3804 samples...
Train epoch: 114 [0/3804 (0%)]	Loss: 0.003425 Loss_all: 0.043012
Train epoch: 114 [2560/3804 (67%)]	Loss: 0.009299 Loss_all: 0.049271
Train epoch: 114	Loss: 0.004809
0.9826770120942413 No improvement since epoch  82 ; best_AUROC, best_AUPRC, best_precision, best_recall: 0.9846624356144222 0.984822022757957 0.9408695652173913 0.9392361111111112 Human
spend time： 1.8444523811340332 s
Training on 3804 samples...
Train epoch: 115 [0/3804 (0%)]	Loss: 0.001155 Loss_all: 0.041143
Train epoch: 115 [2560/3804 (67%)]	Loss: 0.050956 Loss_all: 0.090783
Train epoch: 115	Loss: 0.015581
0.981223845207867 No improvement since epoch  82 ; best_AUROC, best_AUPRC, best_precision, best_recall: 0.9846624356144222 0.984822022757957 0.9408695652173913 0.9392361111111112 Human
spend time： 2.0069215297698975 s
Training on 3804 samples...
Train epoch: 116 [0/3804 (0%)]	Loss: 0.022379 Loss_all: 0.060558
Train epoch: 116 [2560/3804 (67%)]	Loss: 0.043906 Loss_all: 0.084065
Train epoch: 116	Loss: 0.014880
0.9830950464040201 No improvement since epoch  82 ; best_AUROC, best_AUPRC, best_precision, best_recall: 0.9846624356144222 0.984822022757957 0.9408695652173913 0.9392361111111112 Human
spend time： 2.050337553024292 s
Training on 3804 samples...
Train epoch: 117 [0/3804 (0%)]	Loss: 0.003724 Loss_all: 0.041138
Train epoch: 117 [2560/3804 (67%)]	Loss: 0.029254 Loss_all: 0.069170
Train epoch: 117	Loss: 0.017098
0.9803015155402596 No improvement since epoch  82 ; best_AUROC, best_AUPRC, best_precision, best_recall: 0.9846624356144222 0.984822022757957 0.9408695652173913 0.9392361111111112 Human
spend time： 2.210932493209839 s
Training on 3804 samples...
Train epoch: 118 [0/3804 (0%)]	Loss: 0.000998 Loss_all: 0.040652
Train epoch: 118 [2560/3804 (67%)]	Loss: 0.016378 Loss_all: 0.057813
Train epoch: 118	Loss: 0.021296
0.9818542144051526 No improvement since epoch  82 ; best_AUROC, best_AUPRC, best_precision, best_recall: 0.9846624356144222 0.984822022757957 0.9408695652173913 0.9392361111111112 Human
spend time： 3.7263569831848145 s
Training on 3804 samples...
Train epoch: 119 [0/3804 (0%)]	Loss: 0.034121 Loss_all: 0.077068
Train epoch: 119 [2560/3804 (67%)]	Loss: 0.026594 Loss_all: 0.071901
Train epoch: 119	Loss: 0.026695
0.9822213768147997 No improvement since epoch  82 ; best_AUROC, best_AUPRC, best_precision, best_recall: 0.9846624356144222 0.984822022757957 /root/HAG-DTA/py38_env/lib/python3.8/site-packages/torch_geometric/deprecation.py:26: UserWarning: 'data.DenseDataLoader' is deprecated, use 'loader.DenseDataLoader' instead
  warnings.warn(out)
0.9408695652173913 0.9392361111111112 Human
spend time： 3.9578404426574707 s
Training on 3804 samples...
Train epoch: 120 [0/3804 (0%)]	Loss: 0.022711 Loss_all: 0.065303
Train epoch: 120 [2560/3804 (67%)]	Loss: 0.029675 Loss_all: 0.073167
Train epoch: 120	Loss: 0.019002
0.9844995532120075 No improvement since epoch  82 ; best_AUROC, best_AUPRC, best_precision, best_recall: 0.9846624356144222 0.984822022757957 0.9408695652173913 0.9392361111111112 Human
spend time： 3.948357582092285 s
Training on 3804 samples...
Train epoch: 121 [0/3804 (0%)]	Loss: 0.013514 Loss_all: 0.057735
Train epoch: 121 [2560/3804 (67%)]	Loss: 0.017575 Loss_all: 0.061152
Train epoch: 121	Loss: 0.019835
0.9826902830247103 No improvement since epoch  82 ; best_AUROC, best_AUPRC, best_precision, best_recall: 0.9846624356144222 0.984822022757957 0.9408695652173913 0.9392361111111112 Human
spend time： 2.495224952697754 s
Training on 3804 samples...
Train epoch: 122 [0/3804 (0%)]	Loss: 0.005127 Loss_all: 0.048441
Train epoch: 122 [2560/3804 (67%)]	Loss: 0.025176 Loss_all: 0.065206
Train epoch: 122	Loss: 0.015298
0.9826371993028338 No improvement since epoch  82 ; best_AUROC, best_AUPRC, best_precision, best_recall: 0.9846624356144222 0.984822022757957 0.9408695652173913 0.9392361111111112 Human
spend time： 1.9499728679656982 s
Training on 3804 samples...
Train epoch: 123 [0/3804 (0%)]	Loss: 0.003437 Loss_all: 0.045888
Train epoch: 123 [2560/3804 (67%)]	Loss: 0.037675 Loss_all: 0.078137
Train epoch: 123	Loss: 0.015641
0.9839244795583434 No improvement since epoch  82 ; best_AUROC, best_AUPRC, best_precision, best_recall: 0.9846624356144222 0.984822022757957 0.9408695652173913 0.9392361111111112 Human
spend time： 1.8768224716186523 s
Training on 3804 samples...
Train epoch: 124 [0/3804 (0%)]	Loss: 0.001321 Loss_all: 0.042339
Train epoch: 124 [2560/3804 (67%)]	Loss: 0.014274 Loss_all: 0.055221
Train epoch: 124	Loss: 0.012002
0.9849021047695724 No improvement since epoch  82 ; best_AUROC, best_AUPRC, best_precision, best_recall: 0.9846624356144222 0.984822022757957 0.9408695652173913 0.9392361111111112 Human
spend time： 1.953608751296997 s
Training on 3804 samples...
Train epoch: 125 [0/3804 (0%)]	Loss: 0.013831 Loss_all: 0.055030
Train epoch: 125 [2560/3804 (67%)]	Loss: 0.005689 Loss_all: 0.044830
Train epoch: 125	Loss: 0.010960
0.9849374939174901 No improvement since epoch  82 ; best_AUROC, best_AUPRC, best_precision, best_recall: 0.9846624356144222 0.984822022757957 0.9408695652173913 0.9392361111111112 Human
spend time： 1.9817533493041992 s
Training on 3804 samples...
Train epoch: 126 [0/3804 (0%)]	Loss: 0.018092 Loss_all: 0.058306
Train epoch: 126 [2560/3804 (67%)]	Loss: 0.002771 Loss_all: 0.041515
Train epoch: 126	Loss: 0.013882
0.98405940068478 No improvement since epoch  82 ; best_AUROC, best_AUPRC, best_precision, best_recall: 0.9846624356144222 0.984822022757957 0.9408695652173913 0.9392361111111112 Human
spend time： 1.933974266052246 s
Training on 3804 samples...
Train epoch: 127 [0/3804 (0%)]	Loss: 0.002546 Loss_all: 0.040746
Train epoch: 127 [2560/3804 (67%)]	Loss: 0.022286 Loss_all: 0.062949
Train epoch: 127	Loss: 0.009565
0.9805890523670917 No improvement since epoch  82 ; best_AUROC, best_AUPRC, best_precision, best_recall: 0.9846624356144222 0.984822022757957 0.9408695652173913 0.9392361111111112 Human
spend time： 2.1293883323669434 s
Training on 3804 samples...
Train epoch: 128 [0/3804 (0%)]	Loss: 0.016357 Loss_all: 0.056918
Train epoch: 128 [2560/3804 (67%)]	Loss: 0.030469 Loss_all: 0.069871
Train epoch: 128	Loss: 0.010505
0.9830707163648267 No improvement since epoch  82 ; best_AUROC, best_AUPRC, best_precision, best_recall: 0.9846624356144222 0.984822022757957 0.9408695652173913 0.9392361111111112 Human
spend time： 3.2665531635284424 s
Training on 3804 samples...
Train epoch: 129 [0/3804 (0%)]	Loss: 0.009856 Loss_all: 0.050742
Train epoch: 129 [2560/3804 (67%)]	Loss: 0.006800 Loss_all: 0.045300
Train epoch: 129	Loss: 0.010829
0.9829778198515425 No improvement since epoch  82 ; best_AUROC, best_AUPRC, best_precision, best_recall: 0.9846624356144222 0.984822022757957 0.9408695652173913 0.9392361111111112 Human
spend time： 3.8492000102996826 s
Training on 3804 samples...
Train epoch: 130 [0/3804 (0%)]	Loss: 0.007778 Loss_all: 0.045115
Train epoch: 130 [2560/3804 (67%)]	Loss: 0.019107 Loss_all: 0.055957
Train epoch: 130	Loss: 0.015746
0.9856275823018873 No improvement since epoch  82 ; best_AUROC, best_AUPRC, best_precision, best_recall: 0.9846624356144222 0.984822022757957 0.9408695652173913 0.9392361111111112 Human
spend time： 3.8606603145599365 s
Training on 3804 samples...
Train epoch: 131 [0/3804 (0%)]	Loss: 0.004820 Loss_all: 0.042633
Train epoch: 131 [2560/3804 (67%)]	Loss: 0.016058 Loss_all: 0.052963
Train epoch: 131	Loss: 0.007271
0.9844553167771103 No improvement since epoch  82 ; best_AUROC, best_AUPRC, best_precision, best_recall: 0.9846624356144222 0.984822022757957 0.9408695652173913 0.9392361111111112 Human
spend time： 3.0226447582244873 s
Training on 3804 samples...
Train epoch: 132 [0/3804 (0%)]	Loss: 0.000962 Loss_all: 0.038080
Train epoch: 132 [2560/3804 (67%)]	Loss: 0.002599 Loss_all: 0.041761
Train epoch: 132	Loss: 0.004903
0.9844862822815383 No improvement since epoch  82 ; best_AUROC, best_AUPRC, best_precision, best_recall: 0.9846624356144222 0.984822022757957 0.9408695652173913 0.9392361111111112 Human
spend time： 2.152202844619751 s
early stopping at epoch  132  due to no validation improvement.
