Diff_DTA_GIN
fold_id: 0
Learning rate:  0.0005
Epochs:  1000
Validation interval:  1
Early stop patience:  50

running on  Human
Pre-processed data found: /root/autodl-tmp/HAG-DTA-cache/processed/Human_fold0_train.pt, loading ...
Pre-processed data found: /root/autodl-tmp/HAG-DTA-cache/processed/Human_fold0_val.pt, loading ...
Pre-processed data found: /root/autodl-tmp/HAG-DTA-cache/processed/Human_fold0_test.pt, loading ...
Training on 3804 samples...
Train epoch: 1 [0/3804 (0%)]	Loss: 0.691224 Loss_all: 0.755394
Train epoch: 1 [2560/3804 (67%)]	Loss: 0.541285 Loss_all: 0.599726
Train epoch: 1	Loss: 0.567345
val AUROC improved at epoch  1 ; best_AUROC, best_AUPRC, best_precision, best_recall: 0.8708867963576159 0.8699580499046309 0.9040247678018576 0.5069444444444444 Human
spend time： 6.252179145812988 s
Training on 3804 samples...
Train epoch: 2 [0/3804 (0%)]	Loss: 0.445071 Loss_all: 0.503277
Train epoch: 2 [2560/3804 (67%)]	Loss: 0.391965 Loss_all: 0.451515
Train epoch: 2	Loss: 0.384682
val AUROC improved at epoch  2 ; best_AUROC, best_AUPRC, best_precision, best_recall: 0.9356920299852833 0.9442780726337271 0.9655172413793104 0.6319444444444444 Human
spend time： 3.533191204071045 s
Training on 3804 samples...
Train epoch: 3 [0/3804 (0%)]	Loss: 0.297995 Loss_all: 0.356417
Train epoch: 3 [2560/3804 (67%)]	Loss: 0.302877 Loss_all: 0.362537
Train epoch: 3	Loss: 0.300825
val AUROC improved at epoch  3 ; best_AUROC, best_AUPRC, best_precision, best_recall: 0.9582212334437086 0.9605776663858411 0.9295238095238095 0.8472222222222222 Human
spend time： 2.708634376525879 s
Training on 3804 samples...
Train epoch: 4 [0/3804 (0%)]	Loss: 0.243546 Loss_all: 0.301901
Train epoch: 4 [2560/3804 (67%)]	Loss: 0.288446 Loss_all: 0.343859
Train epoch: 4	Loss: 0.254587
val AUROC improved at epoch  4 ; best_AUROC, best_AUPRC, best_precision, best_recall: 0.9650679497792495 0.9670901015024087 0.8587479935794543 0.9288194444444444 Human
spend time： 2.265833616256714 s
Training on 3804 samples...
Train epoch: 5 [0/3804 (0%)]	Loss: 0.198728 Loss_all: 0.255399
Train epoch: 5 [2560/3804 (67%)]	Loss: 0.184315 Loss_all: 0.242550
Train epoch: 5	Loss: 0.215098
val AUROC improved at epoch  5 ; best_AUROC, best_AUPRC, best_precision, best_recall: 0.9752949089403973 0.9777075343116138 0.8966666666666666 0.9340277777777778 Human
spend time： 2.1407392024993896 s
Training on 3804 samples...
Train epoch: 6 [0/3804 (0%)]	Loss: 0.165436 Loss_all: 0.223982
Train epoch: 6 [2560/3804 (67%)]	Loss: 0.128204 Loss_all: 0.183750
Train epoch: 6	Loss: 0.176560
val AUROC improved at epoch  6 ; best_AUROC, best_AUPRC, best_precision, best_recall: 0.9788447387785136 0.9794644368463428 0.8470948012232415 0.9618055555555556 Human
spend time： 2.3016140460968018 s
Training on 3804 samples...
Train epoch: 7 [0/3804 (0%)]	Loss: 0.156162 Loss_all: 0.210886
Train epoch: 7 [2560/3804 (67%)]	Loss: 0.139652 Loss_all: 0.195071
Train epoch: 7	Loss: 0.171371
val AUROC improved at epoch  7 ; best_AUROC, best_AUPRC, best_precision, best_recall: 0.9791896615158204 0.9805142382397487 0.9092436974789916 0.9392361111111112 Human
spend time： 2.299607992172241 s
Training on 3804 samples...
Train epoch: 8 [0/3804 (0%)]	Loss: 0.131882 Loss_all: 0.188156
Train epoch: 8 [2560/3804 (67%)]	Loss: 0.174856 Loss_all: 0.232689
Train epoch: 8	Loss: 0.148448
val AUROC improved at epoch  8 ; best_AUROC, best_AUPRC, best_precision, best_recall: 0.9815351361295069 0.9828402620751231 0.8372781065088757 0.9826388888888888 Human
spend time： 3.1806931495666504 s
Training on 3804 samples...
Train epoch: 9 [0/3804 (0%)]	Loss: 0.135953 Loss_all: 0.192608
Train epoch: 9 [2560/3804 (67%)]	Loss: 0.162400 Loss_all: 0.218297
Train epoch: 9	Loss: 0.128521
val AUROC improved at epoch  9 ; best_AUROC, best_AUPRC, best_precision, best_recall: 0.9840415746872699 0.9854811885827465 0.9615384615384616 0.9114583333333334 Human
spend time： 4.584002733230591 s
Training on 3804 samples...
Train epoch: 10 [0/3804 (0%)]	Loss: 0.156205 Loss_all: 0.215750
Train epoch: 10 [2560/3804 (67%)]	Loss: 0.118113 Loss_all: 0.174197
Train epoch: 10	Loss: 0.109966
val AUROC improved at epoch  10 ; best_AUROC, best_AUPRC, best_precision, best_recall: 0.9867549668874173 0.9878429046482468 0.9318568994889267 0.9496527777777778 Human
spend time： 3.8101086616516113 s
Training on 3804 samples...
Train epoch: 11 [0/3804 (0%)]	Loss: 0.148743 Loss_all: 0.206059
Train epoch: 11 [2560/3804 (67%)]	Loss: 0.110824 Loss_all: 0.166144
Train epoch: 11	Loss: 0.129503
0.9851409815180174 No improvement since epoch  10 ; best_AUROC, best_AUPRC, best_precision, best_recall: 0.9867549668874173 0.9878429046482468 0.9318568994889267 0.9496527777777778 Human
spend time： 2.7118706703186035 s
Training on 3804 samples...
Train epoch: 12 [0/3804 (0%)]	Loss: 0.131385 Loss_all: 0.185217
Train epoch: 12 [2560/3804 (67%)]	Loss: 0.179411 Loss_all: 0.233440
Train epoch: 12	Loss: 0.117927
0.982712401242159 No improvement since epoch  10 ; best_AUROC, best_AUPRC, best_precision, best_recall: 0.9867549668874173 0.9878429046482468 0.9318568994889267 0.9496527777777778 Human
spend time： 1.8938734531402588 s
Training on 3804 samples...
Train epoch: 13 [0/3804 (0%)]	Loss: 0.078885 Loss_all: 0.134562
Train epoch: 13 [2560/3804 (67%)]	Loss: 0.147133 Loss_all: 0.203421
Train epoch: 13	Loss: 0.115041
0.984411080342213 No improvement since epoch  10 ; best_AUROC, best_AUPRC, best_precision, best_recall: 0.9867549668874173 0.9878429046482468 0.9318568994889267 0.9496527777777778 Human
spend time： 1.8692128658294678 s
Training on 3804 samples...
Train epoch: 14 [0/3804 (0%)]	Loss: 0.112481 Loss_all: 0.165813
Train epoch: 14 [2560/3804 (67%)]	Loss: 0.064859 Loss_all: 0.120743
Train epoch: 14	Loss: 0.109080
0.9835617407921861 No improvement since epoch  10 ; best_AUROC, best_AUPRC, best_precision, best_recall: 0.9867549668874173 0.9878429046482468 0.9318568994889267 0.9496527777777778 Human
spend time： 1.8373405933380127 s
Training on 3804 samples...
Train epoch: 15 [0/3804 (0%)]	Loss: 0.068484 Loss_all: 0.121260
Train epoch: 15 [2560/3804 (67%)]	Loss: 0.053254 Loss_all: 0.110738
Train epoch: 15	Loss: 0.092855
0.9852250307443222 No improvement since epoch  10 ; best_AUROC, best_AUPRC, best_precision, best_recall: 0.9867549668874173 0.9878429046482468 0.9318568994889267 0.9496527777777778 Human
spend time： 1.8506951332092285 s
Training on 3804 samples...
Train epoch: 16 [0/3804 (0%)]	Loss: 0.102172 Loss_all: 0.156629
Train epoch: 16 [2560/3804 (67%)]	Loss: 0.104790 Loss_all: 0.162792
Train epoch: 16	Loss: 0.090727
0.9850436613612437 No improvement since epoch  10 ; best_AUROC, best_AUPRC, best_precision, best_recall: 0.9867549668874173 0.9878429046482468 0.9318568994889267 0.9496527777777778 Human
spend time： 1.924950361251831 s
Training on 3804 samples...
Train epoch: 17 [0/3804 (0%)]	Loss: 0.063913 Loss_all: 0.120003
Train epoch: 17 [2560/3804 (67%)]	Loss: 0.058022 Loss_all: 0.116490
Train epoch: 17	Loss: 0.093900
0.981593219439259 No improvement since epoch  10 ; best_AUROC, best_AUPRC, best_precision, best_recall: 0.9867549668874173 0.9878429046482468 0.9318568994889267 0.9496527777777778 Human
spend time： 2.643834352493286 s
Training on 3804 samples...
Train epoch: 18 [0/3804 (0%)]	Loss: 0.079548 Loss_all: 0.141325
Train epoch: 18 [2560/3804 (67%)]	Loss: 0.078268 Loss_all: 0.138499
Train epoch: 18	Loss: 0.107563
0.983579435366145 No improvement since epoch  10 ; best_AUROC, best_AUPRC, best_precision, best_recall: 0.9867549668874173 0.9878429046482468 0.9318568994889267 0.9496527777777778 Human
spend time： 3.049689531326294 s
Training on 3804 samples...
Train epoch: 19 [0/3804 (0%)]	Loss: 0.089065 Loss_all: 0.146674
Train epoch: 19 [2560/3804 (67%)]	Loss: 0.100101 Loss_all: 0.157423
Train epoch: 19	Loss: 0.091137
0.981226057029612 No improvement since epoch  10 ; best_AUROC, best_AUPRC, best_precision, best_recall: 0.9867549668874173 0.9878429046482468 0.9318568994889267 0.9496527777777778 Human
spend time： 3.8905375003814697 s
Training on 3804 samples...
Train epoch: 20 [0/3804 (0%)]	Loss: 0.116984 Loss_all: 0.174051
Train epoch: 20 [2560/3804 (67%)]	Loss: 0.132675 Loss_all: 0.189134
Train epoch: 20	Loss: 0.087438
0.9842341346026241 No improvement since epoch  10 ; best_AUROC, best_AUPRC, best_precision, best_recall: 0.9867549668874173 0.9878429046482468 0.9318568994889267 0.9496527777777778 Human
spend time： 3.1315758228302 s
Training on 3804 samples...
Train epoch: 21 [0/3804 (0%)]	Loss: 0.040809 Loss_all: 0.097401
Train epoch: 21 [2560/3804 (67%)]	Loss: 0.061762 Loss_all: 0.121784
Train epoch: 21	Loss: 0.069268
0.9846809225950861 No improvement since epoch  10 ; best_AUROC, best_AUPRC, best_precision, best_recall: 0.9867549668874173 0.9878429046482468 0.9318568994889267 0.9496527777777778 Human
spend time： 2.6290018558502197 s
Training on 3804 samples...
Train epoch: 22 [0/3804 (0%)]	Loss: 0.084239 Loss_all: 0.140581
Train epoch: 22 [2560/3804 (67%)]	Loss: 0.058400 Loss_all: 0.117394
Train epoch: 22	Loss: 0.065885
0.986189385025082 No improvement since epoch  10 ; best_AUROC, best_AUPRC, best_precision, best_recall: 0.9867549668874173 0.9878429046482468 0.9318568994889267 0.9496527777777778 Human
spend time： 1.8922803401947021 s
Training on 3804 samples...
Train epoch: 23 [0/3804 (0%)]	Loss: 0.052851 Loss_all: 0.108054
Train epoch: 23 [2560/3804 (67%)]	Loss: 0.039642 Loss_all: 0.096334
Train epoch: 23	Loss: 0.062918
val AUROC improved at epoch  23 ; best_AUROC, best_AUPRC, best_precision, best_recall: 0.9863583057395143 0.9832724597592656 0.8977635782747604 0.9756944444444444 Human
spend time： 2.2264320850372314 s
Training on 3804 samples...
Train epoch: 24 [0/3804 (0%)]	Loss: 0.062585 Loss_all: 0.118052
Train epoch: 24 [2560/3804 (67%)]	Loss: 0.023452 Loss_all: 0.082347
Train epoch: 24	Loss: 0.066475
0.984074883436994 No improvement since epoch  23 ; best_AUROC, best_AUPRC, best_precision, best_recall: 0.9863583057395143 0.9832724597592656 0.8977635782747604 0.9756944444444444 Human
spend time： 2.021522283554077 s
Training on 3804 samples...
Train epoch: 25 [0/3804 (0%)]	Loss: 0.040596 Loss_all: 0.095390
Train epoch: 25 [2560/3804 (67%)]	Loss: 0.055276 Loss_all: 0.111223
Train epoch: 25	Loss: 0.053227
0.983866972192977 No improvement since epoch  23 ; best_AUROC, best_AUPRC, best_precision, best_recall: 0.9863583057395143 0.9832724597592656 0.8977635782747604 0.9756944444444444 Human
spend time： 1.9723005294799805 s
Training on 3804 samples...
Train epoch: 26 [0/3804 (0%)]	Loss: 0.065870 Loss_all: 0.121518
Train epoch: 26 [2560/3804 (67%)]	Loss: 0.055884 Loss_all: 0.113317
Train epoch: 26	Loss: 0.051192
0.9809517911332489 No improvement since epoch  23 ; best_AUROC, best_AUPRC, best_precision, best_recall: 0.9863583057395143 0.9832724597592656 0.8977635782747604 0.9756944444444444 Human
spend time： 2.1831157207489014 s
Training on 3804 samples...
Train epoch: 27 [0/3804 (0%)]	Loss: 0.065273 Loss_all: 0.121979
Train epoch: 27 [2560/3804 (67%)]	Loss: 0.110037 Loss_all: 0.166622
Train epoch: 27	Loss: 0.059365
0.98349980978333 No improvement since epoch  23 ; best_AUROC, best_AUPRC, best_precision, best_recall: 0.9863583057395143 0.9832724597592656 0.8977635782747604 0.9756944444444444 Human
spend time： 2.951362371444702 s
Training on 3804 samples...
Train epoch: 28 [0/3804 (0%)]	Loss: 0.068532 Loss_all: 0.127452
Train epoch: 28 [2560/3804 (67%)]	Loss: 0.047732 Loss_all: 0.104817
Train epoch: 28	Loss: 0.055382
0.9842208636721549 No improvement since epoch  23 ; best_AUROC, best_AUPRC, best_precision, best_recall: 0.9863583057395143 0.9832724597592656 0.8977635782747604 0.9756944444444444 Human
spend time： 3.483182907104492 s
Training on 3804 samples...
Train epoch: 29 [0/3804 (0%)]	Loss: 0.029093 Loss_all: 0.089241
Train epoch: 29 [2560/3804 (67%)]	Loss: 0.044804 Loss_all: 0.099286
Train epoch: 29	Loss: 0.055351
0.9854152474143804 No improvement since epoch  23 ; best_AUROC, best_AUPRC, best_precision, best_recall: 0.9863583057395143 0.9832724597592656 0.8977635782747604 0.9756944444444444 Human
spend time： 3.5630691051483154 s
Training on 3804 samples...
Train epoch: 30 [0/3804 (0%)]	Loss: 0.058959 Loss_all: 0.114121
Train epoch: 30 [2560/3804 (67%)]	Loss: 0.069543 Loss_all: 0.126871
Train epoch: 30	Loss: 0.049749
0.9829645489210732 No improvement since epoch  23 ; best_AUROC, best_AUPRC, best_precision, best_recall: 0.9863583057395143 0.9832724597592656 0.8977635782747604 0.9756944444444444 Human
spend time： 2.7297210693359375 s
Training on 3804 samples...
Train epoch: 31 [0/3804 (0%)]	Loss: 0.028541 Loss_all: 0.087026
Train epoch: 31 [2560/3804 (67%)]	Loss: 0.067577 Loss_all: 0.122956
Train epoch: 31	Loss: 0.051057
0.9859151191287192 No improvement since epoch  23 ; best_AUROC, best_AUPRC, best_precision, best_recall: 0.9863583057395143 0.9832724597592656 0.8977635782747604 0.9756944444444444 Human
spend time： 2.4421627521514893 s
Training on 3804 samples...
Train epoch: 32 [0/3804 (0%)]	Loss: 0.036423 Loss_all: 0.090810
Train epoch: 32 [2560/3804 (67%)]	Loss: 0.038961 Loss_all: 0.092475
Train epoch: 32	Loss: 0.043808
0.9857735625370481 No improvement since epoch  23 ; best_AUROC, best_AUPRC, best_precision, best_recall: 0.9863583057395143 0.9832724597592656 0.8977635782747604 0.9756944444444444 Human
spend time： 1.9535012245178223 s
Training on 3804 samples...
Train epoch: 33 [0/3804 (0%)]	Loss: 0.033934 Loss_all: 0.087387
Train epoch: 33 [2560/3804 (67%)]	Loss: 0.057237 Loss_all: 0.111715
Train epoch: 33	Loss: 0.036270
0.9838138884711004 No improvement since epoch  23 ; best_AUROC, best_AUPRC, best_precision, best_recall: 0.9863583057395143 0.9832724597592656 0.8977635782747604 0.9756944444444444 Human
spend time： 1.9504621028900146 s
Training on 3804 samples...
Train epoch: 34 [0/3804 (0%)]	Loss: 0.045574 Loss_all: 0.099586
Train epoch: 34 [2560/3804 (67%)]	Loss: 0.020741 Loss_all: 0.075104
Train epoch: 34	Loss: 0.037467
0.9830220562864398 No improvement since epoch  23 ; best_AUROC, best_AUPRC, best_precision, best_recall: 0.9863583057395143 0.9832724597592656 0.8977635782747604 0.9756944444444444 Human
spend time： 1.8344197273254395 s
Training on 3804 samples...
Train epoch: 35 [0/3804 (0%)]	Loss: 0.040481 Loss_all: 0.097549
Train epoch: 35 [2560/3804 (67%)]	Loss: 0.037163 Loss_all: 0.090025
Train epoch: 35	Loss: 0.045273
0.9851984888833839 No improvement since epoch  23 ; best_AUROC, best_AUPRC, best_precision, best_recall: 0.9863583057395143 0.9832724597592656 0.8977635782747604 0.9756944444444444 Human
spend time： 1.8886232376098633 s
Training on 3804 samples...
Train epoch: 36 [0/3804 (0%)]	Loss: 0.029089 Loss_all: 0.082592
Train epoch: 36 [2560/3804 (67%)]	Loss: 0.033493 Loss_all: 0.086456
Train epoch: 36	Loss: 0.039717
0.9836192481575525 No improvement since epoch  23 ; best_AUROC, best_AUPRC, best_precision, best_recall: 0.9863583057395143 0.9832724597592656 0.8977635782747604 0.9756944444444444 Human
spend time： 2.203502655029297 s
Training on 3804 samples...
Train epoch: 37 [0/3804 (0%)]	Loss: 0.036558 Loss_all: 0.089835
Train epoch: 37 [2560/3804 (67%)]	Loss: 0.047576 Loss_all: 0.099676
Train epoch: 37	Loss: 0.031747
0.9841898981677267 No improvement since epoch  23 ; best_AUROC, best_AUPRC, best_precision, best_recall: 0.9863583057395143 0.9832724597592656 0.8977635782747604 0.9756944444444444 Human
spend time： 2.764875888824463 s
Training on 3804 samples...
Train epoch: 38 [0/3804 (0%)]	Loss: 0.035855 Loss_all: 0.090955
Train epoch: 38 [2560/3804 (67%)]	Loss: 0.044122 Loss_all: 0.098528
Train epoch: 38	Loss: 0.025022
0.9824514062762654 No improvement since epoch  23 ; best_AUROC, best_AUPRC, best_precision, best_recall: 0.9863583057395143 0.9832724597592656 0.8977635782747604 0.9756944444444444 Human
spend time： 3.2568857669830322 s
Training on 3804 samples...
Train epoch: 39 [0/3804 (0%)]	Loss: 0.016664 Loss_all: 0.069431
Train epoch: 39 [2560/3804 (67%)]	Loss: 0.011624 Loss_all: 0.064191
Train epoch: 39	Loss: 0.029604
0.9841589326632988 No improvement since epoch  23 ; best_AUROC, best_AUPRC, best_precision, best_recall: 0.9863583057395143 0.9832724597592656 0.8977635782747604 0.9756944444444444 Human
spend time： 3.5380845069885254 s
Training on 3804 samples...
Train epoch: 40 [0/3804 (0%)]	Loss: 0.050747 Loss_all: 0.104426
Train epoch: 40 [2560/3804 (67%)]	Loss: 0.039962 Loss_all: 0.094553
Train epoch: 40	Loss: 0.037444
0.9811552787337762 No improvement since epoch  23 ; best_AUROC, best_AUPRC, best_precision, best_recall: 0.9863583057395143 0.9832724597592656 0.8977635782747604 0.9756944444444444 Human
spend time： 2.8053550720214844 s
Training on 3804 samples...
Train epoch: 41 [0/3804 (0%)]	Loss: 0.032616 Loss_all: 0.086007
Train epoch: 41 [2560/3804 (67%)]	Loss: 0.059597 Loss_all: 0.119425
Train epoch: 41	Loss: 0.034603
0.984331454759398 No improvement since epoch  23 ; best_AUROC, best_AUPRC, best_precision, best_recall: 0.9863583057395143 0.9832724597592656 0.8977635782747604 0.9756944444444444 Human
spend time： 2.506312131881714 s
Training on 3804 samples...
Train epoch: 42 [0/3804 (0%)]	Loss: 0.009015 Loss_all: 0.061816
Train epoch: 42 [2560/3804 (67%)]	Loss: 0.036167 Loss_all: 0.094170
Train epoch: 42	Loss: 0.039690
0.9836369427315115 No improvement since epoch  23 ; best_AUROC, best_AUPRC, best_precision, best_recall: 0.9863583057395143 0.9832724597592656 0.8977635782747604 0.9756944444444444 Human
spend time： 1.9359934329986572 s
Training on 3804 samples...
Train epoch: 43 [0/3804 (0%)]	Loss: 0.014057 Loss_all: 0.067635
Train epoch: 43 [2560/3804 (67%)]	Loss: 0.023058 Loss_all: 0.077174
Train epoch: 43	Loss: 0.037016
0.9829999380689912 No improvement since epoch  23 ; best_AUROC, best_AUPRC, best_precision, best_recall: 0.9863583057395143 0.9832724597592656 0.8977635782747604 0.9756944444444444 Human
spend time： 1.9648025035858154 s
Training on 3804 samples...
Train epoch: 44 [0/3804 (0%)]	Loss: 0.032032 Loss_all: 0.086386
Train epoch: 44 [2560/3804 (67%)]	Loss: 0.029030 Loss_all: 0.083056
Train epoch: 44	Loss: 0.051009
0.9819471109184369 No improvement since epoch  23 ; best_AUROC, best_AUPRC, best_precision, best_recall: 0.9863583057395143 0.9832724597592656 0.8977635782747604 0.9756944444444444 Human
spend time： 1.8813459873199463 s
Training on 3804 samples...
Train epoch: 45 [0/3804 (0%)]	Loss: 0.031547 Loss_all: 0.083553
Train epoch: 45 [2560/3804 (67%)]	Loss: 0.059248 Loss_all: 0.112844
Train epoch: 45	Loss: 0.059295
0.9852648435357297 No improvement since epoch  23 ; best_AUROC, best_AUPRC, best_precision, best_recall: 0.9863583057395143 0.9832724597592656 0.8977635782747604 0.9756944444444444 Human
spend time： 1.842731237411499 s
Training on 3804 samples...
Train epoch: 46 [0/3804 (0%)]	Loss: 0.046682 Loss_all: 0.099405
Train epoch: 46 [2560/3804 (67%)]	Loss: 0.031374 Loss_all: 0.085229
Train epoch: 46	Loss: 0.037624
0.9853488927620345 No improvement since epoch  23 ; best_AUROC, best_AUPRC, best_precision, best_recall: 0.9863583057395143 0.9832724597592656 0.8977635782747604 0.9756944444444444 Human
spend time： 2.6645572185516357 s
Training on 3804 samples...
Train epoch: 47 [0/3804 (0%)]	Loss: 0.018818 Loss_all: 0.070918
Train epoch: 47 [2560/3804 (67%)]	Loss: 0.019404 Loss_all: 0.072013
Train epoch: 47	Loss: 0.025864
0.9846455334471684 No improvement since epoch  23 ; best_AUROC, best_AUPRC, best_precision, best_recall: 0.9863583057395143 0.9832724597592656 0.8977635782747604 0.9756944444444444 Human
spend time： 2.819591522216797 s
Training on 3804 samples...
Train epoch: 48 [0/3804 (0%)]	Loss: 0.029412 Loss_all: 0.081209
Train epoch: 48 [2560/3804 (67%)]	Loss: 0.024540 Loss_all: 0.077449
Train epoch: 48	Loss: 0.028475
0.9841146962284015 No improvement since epoch  23 ; best_AUROC, best_AUPRC, best_precision, best_recall: 0.9863583057395143 0.9832724597592656 0.8977635782747604 0.9756944444444444 Human
spend time： 3.5805068016052246 s
Training on 3804 samples...
Train epoch: 49 [0/3804 (0%)]	Loss: 0.018787 Loss_all: 0.071737
Train epoch: 49 [2560/3804 (67%)]	Loss: 0.037862 Loss_all: 0.090512
Train epoch: 49	Loss: 0.027456
0.986255739677428 No improvement since epoch  23 ; best_AUROC, best_AUPRC, best_precision, best_recall: 0.9863583057395143 0.9832724597592656 0.8977635782747604 0.9756944444444444 Human
spend time： 2.9023935794830322 s
Training on 3804 samples...
Train epoch: 50 [0/3804 (0%)]	Loss: 0.026143 Loss_all: 0.078309
Train epoch: 50 [2560/3804 (67%)]	Loss: 0.012292 Loss_all: 0.065728
Train epoch: 50	Loss: 0.032197
0.9831282237301932 No improvement since epoch  23 ; best_AUROC, best_AUPRC, best_precision, best_recall: 0.9863583057395143 0.9832724597592656 0.8977635782747604 0.9756944444444444 Human
spend time： 2.724703311920166 s
Training on 3804 samples...
Train epoch: 51 [0/3804 (0%)]	Loss: 0.007530 Loss_all: 0.058534
Train epoch: 51 [2560/3804 (67%)]	Loss: 0.022518 Loss_all: 0.074249
Train epoch: 51	Loss: 0.019955
0.9840262233586071 No improvement since epoch  23 ; best_AUROC, best_AUPRC, best_precision, best_recall: 0.9863583057395143 0.9832724597592656 0.8977635782747604 0.9756944444444444 Human
spend time： 2.2238290309906006 s
Training on 3804 samples...
Train epoch: 52 [0/3804 (0%)]	Loss: 0.006819 Loss_all: 0.057233
Train epoch: 52 [2560/3804 (67%)]	Loss: 0.028502 Loss_all: 0.084267
Train epoch: 52	Loss: 0.023614
0.9852029125268736 No improvement since epoch  23 ; best_AUROC, best_AUPRC, best_precision, best_recall: 0.9863583057395143 0.9832724597592656 0.8977635782747604 0.9756944444444444 Human
spend time： 1.9037089347839355 s
Training on 3804 samples...
Train epoch: 53 [0/3804 (0%)]	Loss: 0.023360 Loss_all: 0.076740
Train epoch: 53 [2560/3804 (67%)]	Loss: 0.018047 Loss_all: 0.069243
Train epoch: 53	Loss: 0.029284
0.9836192481575524 No improvement since epoch  23 ; best_AUROC, best_AUPRC, best_precision, best_recall: 0.9863583057395143 0.9832724597592656 0.8977635782747604 0.9756944444444444 Human
spend time： 1.8356318473815918 s
Training on 3804 samples...
Train epoch: 54 [0/3804 (0%)]	Loss: 0.029282 Loss_all: 0.088801
Train epoch: 54 [2560/3804 (67%)]	Loss: 0.030615 Loss_all: 0.081765
Train epoch: 54	Loss: 0.031415
val AUROC improved at epoch  54 ; best_AUROC, best_AUPRC, best_precision, best_recall: 0.9866399926416481 0.9858282094279472 0.9527972027972028 0.9461805555555556 Human
spend time： 2.105988025665283 s
Training on 3804 samples...
Train epoch: 55 [0/3804 (0%)]	Loss: 0.030268 Loss_all: 0.082214
Train epoch: 55 [2560/3804 (67%)]	Loss: 0.016328 Loss_all: 0.066442
Train epoch: 55	Loss: 0.024736
0.9846278388732096 No improvement since epoch  54 ; best_AUROC, best_AUPRC, best_precision, best_recall: 0.9866399926416481 0.9858282094279472 0.9527972027972028 0.9461805555555556 Human
spend time： 2.2738113403320312 s
Training on 3804 samples...
Train epoch: 56 [0/3804 (0%)]	Loss: 0.006644 Loss_all: 0.060085
Train epoch: 56 [2560/3804 (67%)]	Loss: 0.013053 Loss_all: 0.069067
Train epoch: 56	Loss: 0.030426
0.9854904493537056 No improvement since epoch  54 ; best_AUROC, best_AUPRC, best_precision, best_recall: 0.9866399926416481 0.9858282094279472 0.9527972027972028 0.9461805555555556 Human
spend time： 2.861633062362671 s
Training on 3804 samples...
Train epoch: 57 [0/3804 (0%)]	Loss: 0.015046 Loss_all: 0.065884
Train epoch: 57 [2560/3804 (67%)]	Loss: 0.015991 Loss_all: 0.069244
Train epoch: 57	Loss: 0.026496
0.9823319679020427 No improvement since epoch  54 ; best_AUROC, best_AUPRC, best_precision, best_recall: 0.9866399926416481 0.9858282094279472 0.9527972027972028 0.9461805555555556 Human
spend time： 3.0556790828704834 s
Training on 3804 samples...
Train epoch: 58 [0/3804 (0%)]	Loss: 0.015119 Loss_all: 0.067034
Train epoch: 58 [2560/3804 (67%)]	Loss: 0.030636 Loss_all: 0.082666
Train epoch: 58	Loss: 0.023285
0.9831901547390492 No improvement since epoch  54 ; best_AUROC, best_AUPRC, best_precision, best_recall: 0.9866399926416481 0.9858282094279472 0.9527972027972028 0.9461805555555556 Human
spend time： 3.294670343399048 s
Training on 3804 samples...
Train epoch: 59 [0/3804 (0%)]	Loss: 0.027997 Loss_all: 0.079273
Train epoch: 59 [2560/3804 (67%)]	Loss: 0.022207 Loss_all: 0.074217
Train epoch: 59	Loss: 0.028021
0.9826814357377309 No improvement since epoch  54 ; best_AUROC, best_AUPRC, best_precision, best_recall: 0.9866399926416481 0.9858282094279472 0.9527972027972028 0.9461805555555556 Human
spend time： 2.87216854095459 s
Training on 3804 samples...
Train epoch: 60 [0/3804 (0%)]	Loss: 0.023825 Loss_all: 0.075313
Train epoch: 60 [2560/3804 (67%)]	Loss: 0.039093 Loss_all: 0.091565
Train epoch: 60	Loss: 0.026681
0.9816772686655637 No improvement since epoch  54 ; best_AUROC, best_AUPRC, best_precision, best_recall: 0.9866399926416481 0.9858282094279472 0.9527972027972028 0.9461805555555556 Human
spend time： 2.662595748901367 s
Training on 3804 samples...
Train epoch: 61 [0/3804 (0%)]	Loss: 0.030429 Loss_all: 0.082194
Train epoch: 61 [2560/3804 (67%)]	Loss: 0.012014 Loss_all: 0.065574
Train epoch: 61	Loss: 0.022221
0.9838293712233144 No improvement since epoch  54 ; best_AUROC, best_AUPRC, best_precision, best_recall: 0.9866399926416481 0.9858282094279472 0.9527972027972028 0.9461805555555556 Human
spend time： 1.9352831840515137 s
Training on 3804 samples...
Train epoch: 62 [0/3804 (0%)]	Loss: 0.010075 Loss_all: 0.060947
Train epoch: 62 [2560/3804 (67%)]	Loss: 0.025420 Loss_all: 0.074759
Train epoch: 62	Loss: 0.018040
0.9844907059250281 No improvement since epoch  54 ; best_AUROC, best_AUPRC, best_precision, best_recall: 0.9866399926416481 0.9858282094279472 0.9527972027972028 0.9461805555555556 Human
spend time： 1.8545517921447754 s
Training on 3804 samples...
Train epoch: 63 [0/3804 (0%)]	Loss: 0.004268 Loss_all: 0.058744
Train epoch: 63 [2560/3804 (67%)]	Loss: 0.012713 Loss_all: 0.063525
Train epoch: 63	Loss: 0.024063
0.9798193383998797 No improvement since epoch  54 ; best_AUROC, best_AUPRC, best_precision, best_recall: 0.9866399926416481 0.9858282094279472 0.9527972027972028 0.9461805555555556 Human
spend time： 1.8632097244262695 s
Training on 3804 samples...
Train epoch: 64 [0/3804 (0%)]	Loss: 0.005054 Loss_all: 0.055933
Train epoch: 64 [2560/3804 (67%)]	Loss: 0.043151 Loss_all: 0.093974
Train epoch: 64	Loss: 0.029662
0.9822036822408409 No improvement since epoch  54 ; best_AUROC, best_AUPRC, best_precision, best_recall: 0.9866399926416481 0.9858282094279472 0.9527972027972028 0.9461805555555556 Human
spend time： 2.253704786300659 s
Training on 3804 samples...
Train epoch: 65 [0/3804 (0%)]	Loss: 0.022056 Loss_all: 0.072697
Train epoch: 65 [2560/3804 (67%)]	Loss: 0.016457 Loss_all: 0.068184
Train epoch: 65	Loss: 0.031950
0.9802395845314034 No improvement since epoch  54 ; best_AUROC, best_AUPRC, best_precision, best_recall: 0.9866399926416481 0.9858282094279472 0.9527972027972028 0.9461805555555556 Human
spend time： 2.912490129470825 s
Training on 3804 samples...
Train epoch: 66 [0/3804 (0%)]	Loss: 0.024108 Loss_all: 0.077092
Train epoch: 66 [2560/3804 (67%)]	Loss: 0.051552 Loss_all: 0.101466
Train epoch: 66	Loss: 0.027379
0.9801245698006706 No improvement since epoch  54 ; best_AUROC, best_AUPRC, best_precision, best_recall: 0.9866399926416481 0.9858282094279472 0.9527972027972028 0.9461805555555556 Human
spend time： 2.6892800331115723 s
Training on 3804 samples...
Train epoch: 67 [0/3804 (0%)]	Loss: 0.009716 Loss_all: 0.060931
Train epoch: 67 [2560/3804 (67%)]	Loss: 0.019054 Loss_all: 0.071304
Train epoch: 67	Loss: 0.022910
0.9809075546983517 No improvement since epoch  54 ; best_AUROC, best_AUPRC, best_precision, best_recall: 0.9866399926416481 0.9858282094279472 0.9527972027972028 0.9461805555555556 Human
spend time： 3.22833251953125 s
Training on 3804 samples...
Train epoch: 68 [0/3804 (0%)]	Loss: 0.011229 Loss_all: 0.063999
Train epoch: 68 [2560/3804 (67%)]	Loss: 0.008734 Loss_all: 0.059917
Train epoch: 68	Loss: 0.020022
0.9793150430420512 No improvement since epoch  54 ; best_AUROC, best_AUPRC, best_precision, best_recall: 0.9866399926416481 0.9858282094279472 0.9527972027972028 0.9461805555555556 Human
spend time： 2.741666793823242 s
Training on 3804 samples...
Train epoch: 69 [0/3804 (0%)]	Loss: 0.028296 Loss_all: 0.082626
Train epoch: 69 [2560/3804 (67%)]	Loss: 0.040954 Loss_all: 0.090905
Train epoch: 69	Loss: 0.024677
0.980967273885463 No improvement since epoch  54 ; best_AUROC, best_AUPRC, best_precision, best_recall: 0.9866399926416481 0.9858282094279472 0.9527972027972028 0.9461805555555556 Human
spend time： 2.9431416988372803 s
Training on 3804 samples...
Train epoch: 70 [0/3804 (0%)]	Loss: 0.006504 Loss_all: 0.057058
Train epoch: 70 [2560/3804 (67%)]	Loss: 0.011925 Loss_all: 0.061785
Train epoch: 70	Loss: 0.021215
0.9814914756389953 No improvement since epoch  54 ; best_AUROC, best_AUPRC, best_precision, best_recall: 0.9866399926416481 0.9858282094279472 0.9527972027972028 0.9461805555555556 Human
spend time： 2.0063140392303467 s
Training on 3804 samples...
Train epoch: 71 [0/3804 (0%)]	Loss: 0.027274 Loss_all: 0.080913
Train epoch: 71 [2560/3804 (67%)]	Loss: 0.023307 Loss_all: 0.074236
Train epoch: 71	Loss: 0.015401
0.9835042334268196 No improvement since epoch  54 ; best_AUROC, best_AUPRC, best_precision, best_recall: 0.9866399926416481 0.9858282094279472 0.9527972027972028 0.9461805555555556 Human
spend time： 1.8793797492980957 s
Training on 3804 samples...
Train epoch: 72 [0/3804 (0%)]	Loss: 0.008649 Loss_all: 0.058522
Train epoch: 72 [2560/3804 (67%)]	Loss: 0.017430 Loss_all: 0.068980
Train epoch: 72	Loss: 0.017358
0.9847693954648807 No improvement since epoch  54 ; best_AUROC, best_AUPRC, best_precision, best_recall: 0.9866399926416481 0.9858282094279472 0.9527972027972028 0.9461805555555556 Human
spend time： 2.1342053413391113 s
Training on 3804 samples...
Train epoch: 73 [0/3804 (0%)]	Loss: 0.004620 Loss_all: 0.055478
Train epoch: 73 [2560/3804 (67%)]	Loss: 0.025010 Loss_all: 0.075395
Train epoch: 73	Loss: 0.018267
0.9839864105671995 No improvement since epoch  54 ; best_AUROC, best_AUPRC, best_precision, best_recall: 0.9866399926416481 0.9858282094279472 0.9527972027972028 0.9461805555555556 Human
spend time： 1.913287878036499 s
Training on 3804 samples...
Train epoch: 74 [0/3804 (0%)]	Loss: 0.009167 Loss_all: 0.058895
Train epoch: 74 [2560/3804 (67%)]	Loss: 0.008509 Loss_all: 0.059227
Train epoch: 74	Loss: 0.017948
0.9828539578338303 No improvement since epoch  54 ; best_AUROC, best_AUPRC, best_precision, best_recall: 0.9866399926416481 0.9858282094279472 0.9527972027972028 0.9461805555555556 Human
spend time： 2.230973720550537 s
Training on 3804 samples...
Train epoch: 75 [0/3804 (0%)]	Loss: 0.024474 Loss_all: 0.073919
Train epoch: 75 [2560/3804 (67%)]	Loss: 0.008422 Loss_all: 0.059571
Train epoch: 75	Loss: 0.017003
0.9829910907820116 No improvement since epoch  54 ; best_AUROC, best_AUPRC, best_precision, best_recall: 0.9866399926416481 0.9858282094279472 0.9527972027972028 0.9461805555555556 Human
spend time： 2.7532262802124023 s
Training on 3804 samples...
Train epoch: 76 [0/3804 (0%)]	Loss: 0.008851 Loss_all: 0.058888
Train epoch: 76 [2560/3804 (67%)]	Loss: 0.008770 Loss_all: 0.058281
Train epoch: 76	Loss: 0.012396
0.984203169098196 No improvement since epoch  54 ; best_AUROC, best_AUPRC, best_precision, best_recall: 0.9866399926416481 0.9858282094279472 0.9527972027972028 0.9461805555555556 Human
spend time： 2.868854284286499 s
Training on 3804 samples...
Train epoch: 77 [0/3804 (0%)]	Loss: 0.012609 Loss_all: 0.062589
Train epoch: 77 [2560/3804 (67%)]	Loss: 0.006236 Loss_all: 0.055194
Train epoch: 77	Loss: 0.011181
0.9827522140335666 No improvement since epoch  54 ; best_AUROC, best_AUPRC, best_precision, best_recall: 0.9866399926416481 0.9858282094279472 0.9527972027972028 0.9461805555555556 Human
spend time： 3.6303255558013916 s
Training on 3804 samples...
Train epoch: 78 [0/3804 (0%)]	Loss: 0.006452 Loss_all: 0.055535
Train epoch: 78 [2560/3804 (67%)]	Loss: 0.005508 Loss_all: 0.055454
Train epoch: 78	Loss: 0.013418
0.9813543426908137 No improvement since epoch  54 ; best_AUROC, best_AUPRC, best_precision, best_recall: 0.9866399926416481 0.9858282094279472 0.9527972027972028 0.9461805555555556 Human
spend time： 2.6694657802581787 s
Training on 3804 samples...
Train epoch: 79 [0/3804 (0%)]	Loss: 0.003158 Loss_all: 0.052461
Train epoch: 79 [2560/3804 (67%)]	Loss: 0.020507 Loss_all: 0.070565
Train epoch: 79	Loss: 0.017681
0.9841722035937681 No improvement since epoch  54 ; best_AUROC, best_AUPRC, best_precision, best_recall: 0.9866399926416481 0.9858282094279472 0.9527972027972028 0.9461805555555556 Human
spend time： 2.731140375137329 s
Training on 3804 samples...
Train epoch: 80 [0/3804 (0%)]	Loss: 0.012637 Loss_all: 0.061952
Train epoch: 80 [2560/3804 (67%)]	Loss: 0.016056 Loss_all: 0.065223
Train epoch: 80	Loss: 0.011840
0.983594918118359 No improvement since epoch  54 ; best_AUROC, best_AUPRC, best_precision, best_recall: 0.9866399926416481 0.9858282094279472 0.9527972027972028 0.9461805555555556 Human
spend time： 2.1259915828704834 s
Training on 3804 samples...
Train epoch: 81 [0/3804 (0%)]	Loss: 0.016233 Loss_all: 0.064498
Train epoch: 81 [2560/3804 (67%)]	Loss: 0.024456 Loss_all: 0.072882
Train epoch: 81	Loss: 0.016261
0.9833759477656178 No improvement since epoch  54 ; best_AUROC, best_AUPRC, best_precision, best_recall: 0.9866399926416481 0.9858282094279472 0.9527972027972028 0.9461805555555556 Human
spend time： 1.8522393703460693 s
Training on 3804 samples...
Train epoch: 82 [0/3804 (0%)]	Loss: 0.013657 Loss_all: 0.061777
Train epoch: 82 [2560/3804 (67%)]	Loss: 0.019571 Loss_all: 0.068426
Train epoch: 82	Loss: 0.019823
0.982088667510108 No improvement since epoch  54 ; best_AUROC, best_AUPRC, best_precision, best_recall: 0.9866399926416481 0.9858282094279472 0.9527972027972028 0.9461805555555556 Human
spend time： 1.8874921798706055 s
Training on 3804 samples...
Train epoch: 83 [0/3804 (0%)]	Loss: 0.020340 Loss_all: 0.069731
Train epoch: 83 [2560/3804 (67%)]	Loss: 0.018037 Loss_all: 0.068264
Train epoch: 83	Loss: 0.018798
0.9814560864910774 No improvement since epoch  54 ; best_AUROC, best_AUPRC, best_precision, best_recall: 0.9866399926416481 0.9858282094279472 0.9527972027972028 0.9461805555555556 Human
spend time： 1.849698781967163 s
Training on 3804 samples...
Train epoch: 84 [0/3804 (0%)]	Loss: 0.020877 Loss_all: 0.069818
Train epoch: 84 [2560/3804 (67%)]	Loss: 0.015182 Loss_all: 0.064190
Train epoch: 84	Loss: 0.021914
0.9801024515832221 No improvement since epoch  54 ; best_AUROC, best_AUPRC, best_precision, best_recall: 0.9866399926416481 0.9858282094279472 0.9527972027972028 0.9461805555555556 Human
spend time： 2.3096415996551514 s
Training on 3804 samples...
Train epoch: 85 [0/3804 (0%)]	Loss: 0.013642 Loss_all: 0.065278
Train epoch: 85 [2560/3804 (67%)]	Loss: 0.022219 Loss_all: 0.069445
Train epoch: 85	Loss: 0.013788
0.9792309938157464 No improvement since epoch  54 ; best_AUROC, best_AUPRC, best_precision, best_recall: 0.9866399926416481 0.9858282094279472 0.9527972027972028 0.9461805555555556 Human
spend time： 2.880223035812378 s
Training on 3804 samples...
Train epoch: 86 [0/3804 (0%)]	Loss: 0.004343 Loss_all: 0.051200
Train epoch: 86 [2560/3804 (67%)]	Loss: 0.057498 Loss_all: 0.104489
Train epoch: 86	Loss: 0.015715
0.9796512399472701 No improvement since epoch  54 ; best_AUROC, best_AUPRC, best_precision, best_recall: 0.9866399926416481 0.9858282094279472 0.9527972027972028 0.9461805555555556 Human
spend time： 3.0494744777679443 s
Training on 3804 samples...
Train epoch: 87 [0/3804 (0%)]	Loss: 0.002604 Loss_all: 0.049139
Train epoch: 87 [2560/3804 (67%)]	Loss: 0.003138 Loss_all: 0.050970
Train epoch: 87	Loss: 0.010609
0.9803192101142185 No improvement since epoch  54 ; best_AUROC, best_AUPRC, best_precision, best_recall: 0.9866399926416481 0.9858282094279472 0.9527972027972028 0.9461805555555556 Human
spend time： 3.200451612472534 s
Training on 3804 samples...
Train epoch: 88 [0/3804 (0%)]	Loss: 0.007916 Loss_all: 0.058280
Train epoch: 88 [2560/3804 (67%)]	Loss: 0.061322 Loss_all: 0.109568
Train epoch: 88	Loss: 0.024978
0.9832166965999876 No improvement since epoch  54 ; best_AUROC, best_AUPRC, best_precision, best_recall: 0.9866399926416481 0.9858282094279472 0.9527972027972028 0.9461805555555556 Human
spend time： 2.6516494750976562 s
Training on 3804 samples...
Train epoch: 89 [0/3804 (0%)]	Loss: 0.007017 Loss_all: 0.053980
Train epoch: 89 [2560/3804 (67%)]	Loss: 0.008216 Loss_all: 0.056212
Train epoch: 89	Loss: 0.012500
0.9829910907820116 No improvement since epoch  54 ; best_AUROC, best_AUPRC, best_precision, best_recall: 0.9866399926416481 0.9858282094279472 0.9527972027972028 0.9461805555555556 Human
spend time： 2.651639699935913 s
Training on 3804 samples...
Train epoch: 90 [0/3804 (0%)]	Loss: 0.013506 Loss_all: 0.060426
Train epoch: 90 [2560/3804 (67%)]	Loss: 0.003621 Loss_all: 0.050479
Train epoch: 90	Loss: 0.012888
0.9834599969919224 No improvement since epoch  54 ; best_AUROC, best_AUPRC, best_precision, best_recall: 0.9866399926416481 0.9858282094279472 0.9527972027972028 0.9461805555555556 Human
spend time： 1.9063410758972168 s
Training on 3804 samples...
Train epoch: 91 [0/3804 (0%)]	Loss: 0.007562 Loss_all: 0.056516
Train epoch: 91 [2560/3804 (67%)]	Loss: 0.010756 Loss_all: 0.057576
Train epoch: 91	Loss: 0.012562
0.9843624202638261 No improvement since epoch  54 ; best_AUROC, best_AUPRC, best_precision, best_recall: 0.9866399926416481 0.9858282094279472 0.9527972027972028 0.9461805555555556 Human
spend time： 1.8106787204742432 s
Training on 3804 samples...
Train epoch: 92 [0/3804 (0%)]	Loss: 0.015195 Loss_all: 0.061031
Train epoch: 92 [2560/3804 (67%)]	Loss: 0.009645 Loss_all: 0.057886
Train epoch: 92	Loss: 0.019303
0.9803280574011979 No improvement since epoch  54 ; best_AUROC, best_AUPRC, best_precision, best_recall: 0.9866399926416481 0.9858282094279472 0.9527972027972028 0.9461805555555556 Human
spend time： 2.092226028442383 s
Training on 3804 samples...
Train epoch: 93 [0/3804 (0%)]	Loss: 0.032961 Loss_all: 0.080484
Train epoch: 93 [2560/3804 (67%)]	Loss: 0.003147 Loss_all: 0.050657
Train epoch: 93	Loss: 0.033913
0.9842208636721549 No improvement since epoch  54 ; best_AUROC, best_AUPRC, best_precision, best_recall: 0.9866399926416481 0.9858282094279472 0.9527972027972028 0.9461805555555556 Human
spend time： 2.2518885135650635 s
Training on 3804 samples...
Train epoch: 94 [0/3804 (0%)]	Loss: 0.009109 Loss_all: 0.056725
Train epoch: 94 [2560/3804 (67%)]	Loss: 0.008665 Loss_all: 0.058251
Train epoch: 94	Loss: 0.021670
0.9856828778455087 No improvement since epoch  54 ; best_AUROC, best_AUPRC, best_precision, best_recall: 0.9866399926416481 0.9858282094279472 0.9527972027972028 0.9461805555555556 Human
spend time： 2.6859021186828613 s
Training on 3804 samples...
Train epoch: 95 [0/3804 (0%)]	Loss: 0.008753 Loss_all: 0.055170
Train epoch: 95 [2560/3804 (67%)]	Loss: 0.020657 Loss_all: 0.069529
Train epoch: 95	Loss: 0.016517
0.9862159268860202 No improvement since epoch  54 ; best_AUROC, best_AUPRC, best_precision, best_recall: 0.9866399926416481 0.9858282094279472 0.9527972027972028 0.9461805555555556 Human
spend time： 2.571200370788574 s
Training on 3804 samples...
Train epoch: 96 [0/3804 (0%)]	Loss: 0.039827 Loss_all: 0.085957
Train epoch: 96 [2560/3804 (67%)]	Loss: 0.019056 Loss_all: 0.065331
Train epoch: 96	Loss: 0.020885
0.985773562537048 No improvement since epoch  54 ; best_AUROC, best_AUPRC, best_precision, best_recall: 0.9866399926416481 0.9858282094279472 0.9527972027972028 0.9461805555555556 Human
spend time： 2.915163516998291 s
Training on 3804 samples...
Train epoch: 97 [0/3804 (0%)]	Loss: 0.011555 Loss_all: 0.057735
Train epoch: 97 [2560/3804 (67%)]	Loss: 0.008344 Loss_all: 0.053762
Train epoch: 97	Loss: 0.017057
0.9854639074927674 No improvement since epoch  54 ; best_AUROC, best_AUPRC, best_precision, best_recall: 0.9866399926416481 0.9858282094279472 0.9527972027972028 0.9461805555555556 Human
spend time： 2.7672476768493652 s
Training on 3804 samples...
Train epoch: 98 [0/3804 (0%)]	Loss: 0.003141 Loss_all: 0.048237
Train epoch: 98 [2560/3804 (67%)]	Loss: 0.015557 Loss_all: 0.062835
Train epoch: 98	Loss: 0.012485
0.9845482132903945 No improvement since epoch  54 ; best_AUROC, best_AUPRC, best_precision, best_recall: 0.9866399926416481 0.9858282094279472 0.9527972027972028 0.9461805555555556 Human
spend time： 2.7009944915771484 s
Training on 3804 samples...
Train epoch: 99 [0/3804 (0%)]	Loss: 0.015630 Loss_all: 0.064853
Train epoch: 99 [2560/3804 (67%)]	Loss: 0.002136 Loss_all: 0.051982
Train epoch: 99	Loss: 0.009486
0.9834378787744738 No improvement since epoch  54 /root/HAG-DTA/py38_env/lib/python3.8/site-packages/torch_geometric/deprecation.py:26: UserWarning: 'data.DenseDataLoader' is deprecated, use 'loader.DenseDataLoader' instead
  warnings.warn(out)
; best_AUROC, best_AUPRC, best_precision, best_recall: 0.9866399926416481 0.9858282094279472 0.9527972027972028 0.9461805555555556 Human
spend time： 2.785033941268921 s
Training on 3804 samples...
Train epoch: 100 [0/3804 (0%)]	Loss: 0.011435 Loss_all: 0.059286
Train epoch: 100 [2560/3804 (67%)]	Loss: 0.005943 Loss_all: 0.052859
Train epoch: 100	Loss: 0.013897
0.9854970848189402 No improvement since epoch  54 ; best_AUROC, best_AUPRC, best_precision, best_recall: 0.9866399926416481 0.9858282094279472 0.9527972027972028 0.9461805555555556 Human
spend time： 2.068089246749878 s
Training on 3804 samples...
Train epoch: 101 [0/3804 (0%)]	Loss: 0.002753 Loss_all: 0.050480
Train epoch: 101 [2560/3804 (67%)]	Loss: 0.007053 Loss_all: 0.056991
Train epoch: 101	Loss: 0.010669
0.9850657795786921 No improvement since epoch  54 ; best_AUROC, best_AUPRC, best_precision, best_recall: 0.9866399926416481 0.9858282094279472 0.9527972027972028 0.9461805555555556 Human
spend time： 1.990210771560669 s
Training on 3804 samples...
Train epoch: 102 [0/3804 (0%)]	Loss: 0.008959 Loss_all: 0.056451
Train epoch: 102 [2560/3804 (67%)]	Loss: 0.022999 Loss_all: 0.068974
Train epoch: 102	Loss: 0.011747
0.9854329419883392 No improvement since epoch  54 ; best_AUROC, best_AUPRC, best_precision, best_recall: 0.9866399926416481 0.9858282094279472 0.9527972027972028 0.9461805555555556 Human
spend time： 2.093766450881958 s
Training on 3804 samples...
Train epoch: 103 [0/3804 (0%)]	Loss: 0.002207 Loss_all: 0.047251
Train epoch: 103 [2560/3804 (67%)]	Loss: 0.012948 Loss_all: 0.057149
Train epoch: 103	Loss: 0.007984
0.9846588043776375 No improvement since epoch  54 ; best_AUROC, best_AUPRC, best_precision, best_recall: 0.9866399926416481 0.9858282094279472 0.9527972027972028 0.9461805555555556 Human
spend time： 2.882154703140259 s
Training on 3804 samples...
Train epoch: 104 [0/3804 (0%)]	Loss: 0.013275 Loss_all: 0.058453
Train epoch: 104 [2560/3804 (67%)]	Loss: 0.006232 Loss_all: 0.054216
Train epoch: 104	Loss: 0.004670
0.9846853462385758 No improvement since epoch  54 ; best_AUROC, best_AUPRC, best_precision, best_recall: 0.9866399926416481 0.9858282094279472 0.9527972027972028 0.9461805555555556 Human
spend time： 2.7134556770324707 s
early stopping at epoch  104  due to no validation improvement.
