Diff_DTA_GIN
dataset: Human
Learning rate: 0.0005
Epochs: 1000
Validation interval: 1
Early stop patience: 200
pool_alpha: 0.05
mmd_beta: 0.4

running on Human, seed=100
Pre-processed data found: /root/autodl-tmp/HAG-DTA-cache/processed/Human_train.pt, loading ...
Pre-processed data found: /root/autodl-tmp/HAG-DTA-cache/processed/Human_val.pt, loading ...
Pre-processed data found: /root/autodl-tmp/HAG-DTA-cache/processed/Human_test.pt, loading ...
Hierarchical pooling: n1=7, n2=3
[FIND BEST!] epoch 1 | val AUROC=0.8951 AUPRC=0.9056 Precision=0.8879 Recall=0.6667|
test AUROC=0.8914 AUPRC=0.8949 Precision=0.8638 Recall=0.7276
[FIND BEST!] epoch 2 | val AUROC=0.9420 AUPRC=0.9499 Precision=0.7647 Recall=0.9192|
test AUROC=0.9323 AUPRC=0.9384 Precision=0.7239 Recall=0.9211
[FIND BEST!] epoch 3 | val AUROC=0.9535 AUPRC=0.9622 Precision=0.7886 Recall=0.9293|
test AUROC=0.9485 AUPRC=0.9520 Precision=0.7738 Recall=0.9319
[FIND BEST!] epoch 4 | val AUROC=0.9748 AUPRC=0.9791 Precision=0.9352 Recall=0.9226|
test AUROC=0.9653 AUPRC=0.9664 Precision=0.9025 Recall=0.8961
epoch 5 | val AUROC=0.9701 AUPRC=0.9754 Precision=0.9128 Recall=0.9158
[FIND BEST!] epoch 6 | val AUROC=0.9760 AUPRC=0.9702 Precision=0.9844 Recall=0.8519|
test AUROC=0.9714 AUPRC=0.9532 Precision=0.9449 Recall=0.8602
[FIND BEST!] epoch 7 | val AUROC=0.9840 AUPRC=0.9861 Precision=0.9388 Recall=0.9293|
test AUROC=0.9676 AUPRC=0.9688 Precision=0.9197 Recall=0.9032
[FIND BEST!] epoch 8 | val AUROC=0.9856 AUPRC=0.9872 Precision=0.8758 Recall=0.9731|
test AUROC=0.9744 AUPRC=0.9740 Precision=0.8466 Recall=0.9498
epoch 9 | val AUROC=0.9815 AUPRC=0.9839 Precision=0.8969 Recall=0.9663
epoch 10 | val AUROC=0.9795 AUPRC=0.9824 Precision=0.9420 Recall=0.9293
[FIND BEST!] epoch 11 | val AUROC=0.9864 AUPRC=0.9875 Precision=0.9208 Recall=0.9394|
test AUROC=0.9780 AUPRC=0.9775 Precision=0.9007 Recall=0.9104
[FIND BEST!] epoch 12 | val AUROC=0.9888 AUPRC=0.9900 Precision=0.9316 Recall=0.9630|
test AUROC=0.9758 AUPRC=0.9582 Precision=0.8953 Recall=0.9498
epoch 13 | val AUROC=0.9865 AUPRC=0.9885 Precision=0.9673 Recall=0.8956
epoch 14 | val AUROC=0.9883 AUPRC=0.9884 Precision=0.9288 Recall=0.9663
epoch 15 | val AUROC=0.9878 AUPRC=0.9890 Precision=0.9459 Recall=0.9428
epoch 16 | val AUROC=0.9887 AUPRC=0.9899 Precision=0.9783 Recall=0.9125
epoch 17 | val AUROC=0.9871 AUPRC=0.9883 Precision=0.9288 Recall=0.9663
epoch 18 | val AUROC=0.9873 AUPRC=0.9890 Precision=0.9377 Recall=0.9630
epoch 19 | val AUROC=0.9853 AUPRC=0.9878 Precision=0.9707 Recall=0.8923
[FIND BEST!] epoch 20 | val AUROC=0.9893 AUPRC=0.9905 Precision=0.8978 Recall=0.9764|
test AUROC=0.9775 AUPRC=0.9772 Precision=0.8660 Recall=0.9498
epoch 21 | val AUROC=0.9889 AUPRC=0.9902 Precision=0.9542 Recall=0.9125
[FIND BEST!] epoch 22 | val AUROC=0.9906 AUPRC=0.9913 Precision=0.9529 Recall=0.9529|
test AUROC=0.9773 AUPRC=0.9777 Precision=0.9255 Recall=0.9355
epoch 23 | val AUROC=0.9883 AUPRC=0.9900 Precision=0.9231 Recall=0.9697
epoch 24 | val AUROC=0.9834 AUPRC=0.9855 Precision=0.9585 Recall=0.9327
epoch 25 | val AUROC=0.9847 AUPRC=0.9874 Precision=0.9439 Recall=0.9630
epoch 26 | val AUROC=0.9866 AUPRC=0.9877 Precision=0.9636 Recall=0.8923
epoch 27 | val AUROC=0.9872 AUPRC=0.9886 Precision=0.9281 Recall=0.9562
epoch 28 | val AUROC=0.9849 AUPRC=0.9868 Precision=0.9561 Recall=0.9529
epoch 29 | val AUROC=0.9872 AUPRC=0.9880 Precision=0.8673 Recall=0.9899
epoch 30 | val AUROC=0.9889 AUPRC=0.9902 Precision=0.9590 Recall=0.9461
epoch 31 | val AUROC=0.9874 AUPRC=0.9882 Precision=0.9344 Recall=0.9596
epoch 32 | val AUROC=0.9867 AUPRC=0.9826 Precision=0.9472 Recall=0.9663
epoch 33 | val AUROC=0.9885 AUPRC=0.9895 Precision=0.9648 Recall=0.9226
epoch 34 | val AUROC=0.9890 AUPRC=0.9905 Precision=0.9439 Recall=0.9630
epoch 35 | val AUROC=0.9870 AUPRC=0.9887 Precision=0.8841 Recall=0.9764
epoch 36 | val AUROC=0.9868 AUPRC=0.9881 Precision=0.9344 Recall=0.9596
epoch 37 | val AUROC=0.9870 AUPRC=0.9879 Precision=0.9498 Recall=0.9562
epoch 38 | val AUROC=0.9890 AUPRC=0.9896 Precision=0.9340 Recall=0.9529
epoch 39 | val AUROC=0.9875 AUPRC=0.9880 Precision=0.9314 Recall=0.9596
epoch 40 | val AUROC=0.9875 AUPRC=0.9884 Precision=0.9433 Recall=0.9529
epoch 41 | val AUROC=0.9891 AUPRC=0.9897 Precision=0.9508 Recall=0.9764
epoch 42 | val AUROC=0.9865 AUPRC=0.9877 Precision=0.9408 Recall=0.9630
epoch 43 | val AUROC=0.9866 AUPRC=0.9877 Precision=0.9475 Recall=0.9731
epoch 44 | val AUROC=0.9874 AUPRC=0.9886 Precision=0.9009 Recall=0.9798
epoch 45 | val AUROC=0.9901 AUPRC=0.9909 Precision=0.9529 Recall=0.9529
epoch 46 | val AUROC=0.9883 AUPRC=0.9892 Precision=0.9495 Recall=0.9495
epoch 47 | val AUROC=0.9906 AUPRC=0.9910 Precision=0.9497 Recall=0.9529
epoch 48 | val AUROC=0.9897 AUPRC=0.9908 Precision=0.9441 Recall=0.9663
epoch 49 | val AUROC=0.9891 AUPRC=0.9896 Precision=0.9194 Recall=0.9596
epoch 50 | val AUROC=0.9865 AUPRC=0.9872 Precision=0.9579 Recall=0.9192
epoch 51 | val AUROC=0.9896 AUPRC=0.9902 Precision=0.9529 Recall=0.9529
epoch 52 | val AUROC=0.9891 AUPRC=0.9896 Precision=0.9550 Recall=0.9293
epoch 53 | val AUROC=0.9893 AUPRC=0.9900 Precision=0.9410 Recall=0.9663
epoch 54 | val AUROC=0.9893 AUPRC=0.9903 Precision=0.9684 Recall=0.9293
epoch 55 | val AUROC=0.9875 AUPRC=0.9877 Precision=0.9404 Recall=0.9562
epoch 56 | val AUROC=0.9900 AUPRC=0.9899 Precision=0.9498 Recall=0.9562
[FIND BEST!] epoch 57 | val AUROC=0.9911 AUPRC=0.9913 Precision=0.9618 Recall=0.9327|
test AUROC=0.9755 AUPRC=0.9715 Precision=0.9283 Recall=0.9283
epoch 58 | val AUROC=0.9898 AUPRC=0.9899 Precision=0.9673 Recall=0.8956
epoch 59 | val AUROC=0.9890 AUPRC=0.9897 Precision=0.9406 Recall=0.9596
epoch 60 | val AUROC=0.9892 AUPRC=0.9890 Precision=0.9589 Recall=0.9428
epoch 61 | val AUROC=0.9881 AUPRC=0.9882 Precision=0.9562 Recall=0.9562
epoch 62 | val AUROC=0.9896 AUPRC=0.9902 Precision=0.9375 Recall=0.9596
[FIND BEST!] epoch 63 | val AUROC=0.9918 AUPRC=0.9920 Precision=0.9463 Recall=0.9495|
test AUROC=0.9802 AUPRC=0.9803 Precision=0.9196 Recall=0.9427
epoch 64 | val AUROC=0.9912 AUPRC=0.9915 Precision=0.9467 Recall=0.9562
epoch 65 | val AUROC=0.9918 AUPRC=0.9919 Precision=0.9498 Recall=0.9562
epoch 66 | val AUROC=0.9901 AUPRC=0.9907 Precision=0.9658 Recall=0.9495
epoch 67 | val AUROC=0.9907 AUPRC=0.9919 Precision=0.9590 Recall=0.9461
epoch 68 | val AUROC=0.9909 AUPRC=0.9916 Precision=0.9470 Recall=0.9630
epoch 69 | val AUROC=0.9875 AUPRC=0.9880 Precision=0.9550 Recall=0.9293
epoch 70 | val AUROC=0.9894 AUPRC=0.9900 Precision=0.9527 Recall=0.9495
epoch 71 | val AUROC=0.9890 AUPRC=0.9896 Precision=0.9493 Recall=0.9461
epoch 72 | val AUROC=0.9899 AUPRC=0.9907 Precision=0.9327 Recall=0.9798
epoch 73 | val AUROC=0.9901 AUPRC=0.9905 Precision=0.9525 Recall=0.9461
epoch 74 | val AUROC=0.9895 AUPRC=0.9898 Precision=0.9625 Recall=0.9495
epoch 75 | val AUROC=0.9878 AUPRC=0.9888 Precision=0.9406 Recall=0.9596
epoch 76 | val AUROC=0.9887 AUPRC=0.9894 Precision=0.9519 Recall=0.9327
epoch 77 | val AUROC=0.9900 AUPRC=0.9906 Precision=0.9344 Recall=0.9596
epoch 78 | val AUROC=0.9908 AUPRC=0.9909 Precision=0.9406 Recall=0.9596
epoch 79 | val AUROC=0.9912 AUPRC=0.9910 Precision=0.9720 Recall=0.9360
epoch 80 | val AUROC=0.9916 AUPRC=0.9924 Precision=0.9527 Recall=0.9495
epoch 81 | val AUROC=0.9914 AUPRC=0.9920 Precision=0.9474 Recall=0.9697
[FIND BEST!] epoch 82 | val AUROC=0.9923 AUPRC=0.9931 Precision=0.9723 Recall=0.9461|
test AUROC=0.9772 AUPRC=0.9768 Precision=0.9273 Recall=0.9140
epoch 83 | val AUROC=0.9910 AUPRC=0.9918 Precision=0.9505 Recall=0.9697
epoch 84 | val AUROC=0.9904 AUPRC=0.9916 Precision=0.9477 Recall=0.9764
epoch 85 | val AUROC=0.9894 AUPRC=0.9904 Precision=0.9468 Recall=0.9596
epoch 86 | val AUROC=0.9895 AUPRC=0.9902 Precision=0.9529 Recall=0.9529
epoch 87 | val AUROC=0.9899 AUPRC=0.9910 Precision=0.9519 Recall=0.9327
epoch 88 | val AUROC=0.9905 AUPRC=0.9921 Precision=0.9470 Recall=0.9630
epoch 89 | val AUROC=0.9881 AUPRC=0.9896 Precision=0.9329 Recall=0.9360
epoch 90 | val AUROC=0.9878 AUPRC=0.9897 Precision=0.9492 Recall=0.9428
epoch 91 | val AUROC=0.9900 AUPRC=0.9919 Precision=0.9750 Recall=0.9192
epoch 92 | val AUROC=0.9904 AUPRC=0.9915 Precision=0.9182 Recall=0.9832
epoch 93 | val AUROC=0.9913 AUPRC=0.9926 Precision=0.9623 Recall=0.9461
epoch 94 | val AUROC=0.9906 AUPRC=0.9919 Precision=0.9555 Recall=0.9394
epoch 95 | val AUROC=0.9908 AUPRC=0.9917 Precision=0.9209 Recall=0.9798
epoch 96 | val AUROC=0.9904 AUPRC=0.9918 Precision=0.9553 Recall=0.9360
epoch 97 | val AUROC=0.9913 AUPRC=0.9927 Precision=0.9446 Recall=0.9764
epoch 98 | val AUROC=0.9911 AUPRC=0.9925 Precision=0.9381 Recall=0.9697
epoch 99 | val AUROC=0.9910 AUPRC=0.9924 Precision=0.9785 Recall=0.9192
[FIND BEST!] epoch 100 | val AUROC=0.9928 AUPRC=0.9935 Precision=0.9632 Recall=0.9697|
test AUROC=0.9651 AUPRC=0.9350 Precision=0.9097 Recall=0.9391
[FIND BEST!] epoch 101 | val AUROC=0.9935 AUPRC=0.9939 Precision=0.9727 Recall=0.9596|
test AUROC=0.9769 AUPRC=0.9783 Precision=0.9152 Recall=0.9283
epoch 102 | val AUROC=0.9907 AUPRC=0.9915 Precision=0.8845 Recall=0.9798
epoch 103 | val AUROC=0.9926 AUPRC=0.9936 Precision=0.9719 Recall=0.9327
epoch 104 | val AUROC=0.9905 AUPRC=0.9920 Precision=0.9201 Recall=0.9697
epoch 105 | val AUROC=0.9909 AUPRC=0.9924 Precision=0.9588 Recall=0.9394
epoch 106 | val AUROC=0.9907 AUPRC=0.9923 Precision=0.9592 Recall=0.9495
epoch 107 | val AUROC=0.9904 AUPRC=0.9920 Precision=0.9527 Recall=0.9495
epoch 108 | val AUROC=0.9902 AUPRC=0.9918 Precision=0.9441 Recall=0.9663
epoch 109 | val AUROC=0.9919 AUPRC=0.9931 Precision=0.9561 Recall=0.9529
epoch 110 | val AUROC=0.9906 AUPRC=0.9918 Precision=0.9590 Recall=0.9461
epoch 111 | val AUROC=0.9923 AUPRC=0.9934 Precision=0.9417 Recall=0.9798
epoch 112 | val AUROC=0.9918 AUPRC=0.9931 Precision=0.9688 Recall=0.9394
epoch 113 | val AUROC=0.9924 AUPRC=0.9937 Precision=0.9757 Recall=0.9461
epoch 114 | val AUROC=0.9920 AUPRC=0.9933 Precision=0.9448 Recall=0.9798
epoch 115 | val AUROC=0.9906 AUPRC=0.9920 Precision=0.9596 Recall=0.9596
epoch 116 | val AUROC=0.9919 AUPRC=0.9935 Precision=0.9658 Recall=0.9495
epoch 117 | val AUROC=0.9928 AUPRC=0.9941 Precision=0.9601 Recall=0.9731
epoch 118 | val AUROC=0.9911 AUPRC=0.9921 Precision=0.9626 Recall=0.9529
epoch 119 | val AUROC=0.9917 AUPRC=0.9924 Precision=0.9404 Recall=0.9562
epoch 120 | val AUROC=0.9904 AUPRC=0.9918 Precision=0.9592 Recall=0.9495
epoch 121 | val AUROC=0.9878 AUPRC=0.9894 Precision=0.9561 Recall=0.9529
epoch 122 | val AUROC=0.9924 AUPRC=0.9929 Precision=0.9446 Recall=0.9764
epoch 123 | val AUROC=0.9924 AUPRC=0.9933 Precision=0.9628 Recall=0.9596
epoch 124 | val AUROC=0.9870 AUPRC=0.9878 Precision=0.9615 Recall=0.9259
epoch 125 | val AUROC=0.9900 AUPRC=0.9904 Precision=0.9046 Recall=0.9899
epoch 126 | val AUROC=0.9905 AUPRC=0.9913 Precision=0.9688 Recall=0.9394
epoch 127 | val AUROC=0.9914 AUPRC=0.9921 Precision=0.9597 Recall=0.9630
epoch 128 | val AUROC=0.9928 AUPRC=0.9932 Precision=0.9596 Recall=0.9596
epoch 129 | val AUROC=0.9922 AUPRC=0.9925 Precision=0.9592 Recall=0.9495
epoch 130 | val AUROC=0.9933 AUPRC=0.9938 Precision=0.9535 Recall=0.9663
epoch 131 | val AUROC=0.9931 AUPRC=0.9940 Precision=0.9600 Recall=0.9697
epoch 132 | val AUROC=0.9912 AUPRC=0.9921 Precision=0.9593 Recall=0.9529
epoch 133 | val AUROC=0.9914 AUPRC=0.9924 Precision=0.9596 Recall=0.9596
epoch 134 | val AUROC=0.9911 AUPRC=0.9920 Precision=0.9595 Recall=0.9562
epoch 135 | val AUROC=0.9921 AUPRC=0.9923 Precision=0.9532 Recall=0.9596
epoch 136 | val AUROC=0.9926 AUPRC=0.9929 Precision=0.9558 Recall=0.9461
epoch 137 | val AUROC=0.9933 AUPRC=0.9936 Precision=0.9627 Recall=0.9562
epoch 138 | val AUROC=0.9925 AUPRC=0.9928 Precision=0.9659 Recall=0.9529
epoch 139 | val AUROC=0.9926 AUPRC=0.9926 Precision=0.9538 Recall=0.9731
[FIND BEST!] epoch 140 | val AUROC=0.9938 AUPRC=0.9935 Precision=0.9564 Recall=0.9596|
test AUROC=0.9768 AUPRC=0.9727 Precision=0.9296 Recall=0.9462
epoch 141 | val AUROC=0.9933 AUPRC=0.9932 Precision=0.9414 Recall=0.9731
epoch 142 | val AUROC=0.9937 AUPRC=0.9935 Precision=0.9568 Recall=0.9697
[FIND BEST!] epoch 143 | val AUROC=0.9939 AUPRC=0.9940 Precision=0.9595 Recall=0.9562|
test AUROC=0.9746 AUPRC=0.9727 Precision=0.9427 Recall=0.9427
epoch 144 | val AUROC=0.9932 AUPRC=0.9932 Precision=0.9599 Recall=0.9663
epoch 145 | val AUROC=0.9924 AUPRC=0.9914 Precision=0.9565 Recall=0.9630
[FIND BEST!] epoch 146 | val AUROC=0.9943 AUPRC=0.9942 Precision=0.9414 Recall=0.9731|
test AUROC=0.9738 AUPRC=0.9629 Precision=0.9187 Recall=0.9319
epoch 147 | val AUROC=0.9929 AUPRC=0.9929 Precision=0.9597 Recall=0.9630
epoch 148 | val AUROC=0.9935 AUPRC=0.9937 Precision=0.9359 Recall=0.9832
epoch 149 | val AUROC=0.9937 AUPRC=0.9940 Precision=0.9694 Recall=0.9596
epoch 150 | val AUROC=0.9921 AUPRC=0.9927 Precision=0.9467 Recall=0.9562
epoch 151 | val AUROC=0.9932 AUPRC=0.9936 Precision=0.9443 Recall=0.9697
epoch 152 | val AUROC=0.9930 AUPRC=0.9937 Precision=0.9535 Recall=0.9663
epoch 153 | val AUROC=0.9906 AUPRC=0.9920 Precision=0.9571 Recall=0.9764
epoch 154 | val AUROC=0.9896 AUPRC=0.9904 Precision=0.9627 Recall=0.9562
epoch 155 | val AUROC=0.9899 AUPRC=0.9914 Precision=0.9628 Recall=0.9596
epoch 156 | val AUROC=0.9893 AUPRC=0.9901 Precision=0.9536 Recall=0.9697
epoch 157 | val AUROC=0.9892 AUPRC=0.9908 Precision=0.9690 Recall=0.9461
epoch 158 | val AUROC=0.9885 AUPRC=0.9898 Precision=0.9530 Recall=0.9562
epoch 159 | val AUROC=0.9923 AUPRC=0.9933 Precision=0.9658 Recall=0.9495
epoch 160 | val AUROC=0.9922 AUPRC=0.9931 Precision=0.9889 Recall=0.8990
epoch 161 | val AUROC=0.9905 AUPRC=0.9920 Precision=0.9015 Recall=0.9865
epoch 162 | val AUROC=0.9886 AUPRC=0.9909 Precision=0.9721 Recall=0.9394
epoch 163 | val AUROC=0.9908 AUPRC=0.9919 Precision=0.9443 Recall=0.9697
epoch 164 | val AUROC=0.9928 AUPRC=0.9933 Precision=0.9597 Recall=0.9630
epoch 165 | val AUROC=0.9923 AUPRC=0.9932 Precision=0.9498 Recall=0.9562
epoch 166 | val AUROC=0.9908 AUPRC=0.9920 Precision=0.9625 Recall=0.9495
epoch 167 | val AUROC=0.9895 AUPRC=0.9906 Precision=0.9593 Recall=0.9529
epoch 168 | val AUROC=0.9903 AUPRC=0.9916 Precision=0.9532 Recall=0.9596
epoch 169 | val AUROC=0.9899 AUPRC=0.9909 Precision=0.9204 Recall=0.9731
epoch 170 | val AUROC=0.9894 AUPRC=0.9909 Precision=0.9586 Recall=0.9360
epoch 171 | val AUROC=0.9903 AUPRC=0.9916 Precision=0.9498 Recall=0.9562
epoch 172 | val AUROC=0.9898 AUPRC=0.9909 Precision=0.9500 Recall=0.9596
epoch 173 | val AUROC=0.9918 AUPRC=0.9925 Precision=0.9628 Recall=0.9596
epoch 174 | val AUROC=0.9908 AUPRC=0.9917 Precision=0.9377 Recall=0.9630
epoch 175 | val AUROC=0.9899 AUPRC=0.9915 Precision=0.9474 Recall=0.9697
epoch 176 | val AUROC=0.9891 AUPRC=0.9905 Precision=0.9500 Recall=0.9596
epoch 177 | val AUROC=0.9901 AUPRC=0.9912 Precision=0.9592 Recall=0.9495
epoch 178 | val AUROC=0.9903 AUPRC=0.9914 Precision=0.9568 Recall=0.9697
epoch 179 | val AUROC=0.9918 AUPRC=0.9927 Precision=0.9630 Recall=0.9630
epoch 180 | val AUROC=0.9905 AUPRC=0.9913 Precision=0.9628 Recall=0.9596
epoch 181 | val AUROC=0.9913 AUPRC=0.9925 Precision=0.9538 Recall=0.9731
epoch 182 | val AUROC=0.9912 AUPRC=0.9927 Precision=0.9474 Recall=0.9697
epoch 183 | val AUROC=0.9920 AUPRC=0.9933 Precision=0.9568 Recall=0.9697
epoch 184 | val AUROC=0.9913 AUPRC=0.9928 Precision=0.9500 Recall=0.9596
epoch 185 | val AUROC=0.9914 AUPRC=0.9929 Precision=0.9538 Recall=0.9731
epoch 186 | val AUROC=0.9933 AUPRC=0.9946 Precision=0.9695 Recall=0.9630
epoch 187 | val AUROC=0.9927 AUPRC=0.9941 Precision=0.9631 Recall=0.9663
epoch 188 | val AUROC=0.9901 AUPRC=0.9913 Precision=0.9477 Recall=0.9764
epoch 189 | val AUROC=0.9913 AUPRC=0.9931 Precision=0.9727 Recall=0.9596
epoch 190 | val AUROC=0.9906 AUPRC=0.9922 Precision=0.9663 Recall=0.9663
epoch 191 | val AUROC=0.9878 AUPRC=0.9891 Precision=0.9500 Recall=0.9596
epoch 192 | val AUROC=0.9898 AUPRC=0.9911 Precision=0.9379 Recall=0.9663
epoch 193 | val AUROC=0.9894 AUPRC=0.9913 Precision=0.9527 Recall=0.9495
epoch 194 | val AUROC=0.9920 AUPRC=0.9932 Precision=0.9694 Recall=0.9596
epoch 195 | val AUROC=0.9917 AUPRC=0.9927 Precision=0.9143 Recall=0.9697
epoch 196 | val AUROC=0.9907 AUPRC=0.9925 Precision=0.9503 Recall=0.9663
epoch 197 | val AUROC=0.9900 AUPRC=0.9917 Precision=0.9628 Recall=0.9596
epoch 198 | val AUROC=0.9913 AUPRC=0.9924 Precision=0.9385 Recall=0.9764
epoch 199 | val AUROC=0.9914 AUPRC=0.9923 Precision=0.9527 Recall=0.9495
epoch 200 | val AUROC=0.9912 AUPRC=0.9920 Precision=0.9754 Recall=0.9360
epoch 201 | val AUROC=0.9901 AUPRC=0.9921 Precision=0.9792 Recall=0.9495
epoch 202 | val AUROC=0.9881 AUPRC=0.9907 Precision=0.9695 Recall=0.9630
epoch 203 | val AUROC=0.9875 AUPRC=0.9899 Precision=0.9530 Recall=0.9562
epoch 204 | val AUROC=0.9879 AUPRC=0.9901 Precision=0.9630 Recall=0.9630
epoch 205 | val AUROC=0.9868 AUPRC=0.9893 Precision=0.9689 Recall=0.9428
epoch 206 | val AUROC=0.9860 AUPRC=0.9878 Precision=0.9592 Recall=0.9495
epoch 207 | val AUROC=0.9880 AUPRC=0.9899 Precision=0.9470 Recall=0.9630
epoch 208 | val AUROC=0.9874 AUPRC=0.9895 Precision=0.9414 Recall=0.9731
epoch 209 | val AUROC=0.9879 AUPRC=0.9902 Precision=0.9654 Recall=0.9394
epoch 210 | val AUROC=0.9882 AUPRC=0.9902 Precision=0.9535 Recall=0.9663
epoch 211 | val AUROC=0.9906 AUPRC=0.9914 Precision=0.9288 Recall=0.9663
epoch 212 | val AUROC=0.9904 AUPRC=0.9917 Precision=0.9596 Recall=0.9596
epoch 213 | val AUROC=0.9873 AUPRC=0.9888 Precision=0.9693 Recall=0.9562
epoch 214 | val AUROC=0.9874 AUPRC=0.9892 Precision=0.9561 Recall=0.9529
epoch 215 | val AUROC=0.9911 AUPRC=0.9927 Precision=0.9443 Recall=0.9697
epoch 216 | val AUROC=0.9903 AUPRC=0.9920 Precision=0.9493 Recall=0.9461
epoch 217 | val AUROC=0.9925 AUPRC=0.9936 Precision=0.9787 Recall=0.9293
epoch 218 | val AUROC=0.9901 AUPRC=0.9910 Precision=0.9065 Recall=0.9798
epoch 219 | val AUROC=0.9921 AUPRC=0.9930 Precision=0.9788 Recall=0.9327
epoch 220 | val AUROC=0.9907 AUPRC=0.9927 Precision=0.9789 Recall=0.9394
epoch 221 | val AUROC=0.9906 AUPRC=0.9924 Precision=0.9754 Recall=0.9327
epoch 222 | val AUROC=0.9911 AUPRC=0.9924 Precision=0.9529 Recall=0.9529
epoch 223 | val AUROC=0.9901 AUPRC=0.9921 Precision=0.9723 Recall=0.9461
epoch 224 | val AUROC=0.9905 AUPRC=0.9926 Precision=0.9692 Recall=0.9529
epoch 225 | val AUROC=0.9917 AUPRC=0.9931 Precision=0.9505 Recall=0.9697
epoch 226 | val AUROC=0.9906 AUPRC=0.9924 Precision=0.9792 Recall=0.9495
epoch 227 | val AUROC=0.9918 AUPRC=0.9929 Precision=0.9627 Recall=0.9562
epoch 228 | val AUROC=0.9906 AUPRC=0.9918 Precision=0.9721 Recall=0.9394
epoch 229 | val AUROC=0.9904 AUPRC=0.9916 Precision=0.9564 Recall=0.9596
epoch 230 | val AUROC=0.9876 AUPRC=0.9896 Precision=0.9383 Recall=0.9731
epoch 231 | val AUROC=0.9897 AUPRC=0.9914 Precision=0.9562 Recall=0.9562
epoch 232 | val AUROC=0.9899 AUPRC=0.9915 Precision=0.9381 Recall=0.9697
epoch 233 | val AUROC=0.9899 AUPRC=0.9913 Precision=0.9660 Recall=0.9562
epoch 234 | val AUROC=0.9920 AUPRC=0.9932 Precision=0.9695 Recall=0.9630
epoch 235 | val AUROC=0.9910 AUPRC=0.9919 Precision=0.9502 Recall=0.9630
epoch 236 | val AUROC=0.9912 AUPRC=0.9928 Precision=0.9596 Recall=0.9596
epoch 237 | val AUROC=0.9908 AUPRC=0.9923 Precision=0.9690 Recall=0.9461
epoch 238 | val AUROC=0.9906 AUPRC=0.9914 Precision=0.9564 Recall=0.9596
epoch 239 | val AUROC=0.9921 AUPRC=0.9932 Precision=0.9660 Recall=0.9562
epoch 240 | val AUROC=0.9911 AUPRC=0.9922 Precision=0.9564 Recall=0.9596
epoch 241 | val AUROC=0.9892 AUPRC=0.9900 Precision=0.9690 Recall=0.9461
epoch 242 | val AUROC=0.9896 AUPRC=0.9902 Precision=0.9564 Recall=0.9596
epoch 243 | val AUROC=0.9892 AUPRC=0.9899 Precision=0.9463 Recall=0.9495
epoch 244 | val AUROC=0.9907 AUPRC=0.9913 Precision=0.9627 Recall=0.9562
epoch 245 | val AUROC=0.9897 AUPRC=0.9908 Precision=0.9727 Recall=0.9596
epoch 246 | val AUROC=0.9917 AUPRC=0.9922 Precision=0.9564 Recall=0.9596
epoch 247 | val AUROC=0.9907 AUPRC=0.9921 Precision=0.9692 Recall=0.9529
epoch 248 | val AUROC=0.9905 AUPRC=0.9918 Precision=0.9663 Recall=0.9663
epoch 249 | val AUROC=0.9903 AUPRC=0.9914 Precision=0.9626 Recall=0.9529
epoch 250 | val AUROC=0.9893 AUPRC=0.9910 Precision=0.9474 Recall=0.9697
epoch 251 | val AUROC=0.9879 AUPRC=0.9890 Precision=0.9692 Recall=0.9529
epoch 252 | val AUROC=0.9898 AUPRC=0.9910 Precision=0.9408 Recall=0.9630
epoch 253 | val AUROC=0.9896 AUPRC=0.9906 Precision=0.9500 Recall=0.9596
epoch 254 | val AUROC=0.9892 AUPRC=0.9908 Precision=0.9658 Recall=0.9495
epoch 255 | val AUROC=0.9900 AUPRC=0.9916 Precision=0.9596 Recall=0.9596
epoch 256 | val AUROC=0.9866 AUPRC=0.9881 Precision=0.9565 Recall=0.9630
epoch 257 | val AUROC=0.9872 AUPRC=0.9887 Precision=0.9661 Recall=0.9596
epoch 258 | val AUROC=0.9879 AUPRC=0.9896 Precision=0.9695 Recall=0.9630
epoch 259 | val AUROC=0.9887 AUPRC=0.9906 Precision=0.9792 Recall=0.9495
epoch 260 | val AUROC=0.9865 AUPRC=0.9885 Precision=0.9435 Recall=0.9562
epoch 261 | val AUROC=0.9886 AUPRC=0.9906 Precision=0.9500 Recall=0.9596
epoch 262 | val AUROC=0.9890 AUPRC=0.9901 Precision=0.9722 Recall=0.9428
epoch 263 | val AUROC=0.9903 AUPRC=0.9920 Precision=0.9533 Recall=0.9630
epoch 264 | val AUROC=0.9895 AUPRC=0.9907 Precision=0.9565 Recall=0.9630
epoch 265 | val AUROC=0.9878 AUPRC=0.9876 Precision=0.9439 Recall=0.9630
epoch 266 | val AUROC=0.9885 AUPRC=0.9884 Precision=0.9437 Recall=0.9596
epoch 267 | val AUROC=0.9885 AUPRC=0.9858 Precision=0.9406 Recall=0.9596
epoch 268 | val AUROC=0.9901 AUPRC=0.9900 Precision=0.9689 Recall=0.9428
epoch 269 | val AUROC=0.9885 AUPRC=0.9886 Precision=0.9465 Recall=0.9529
epoch 270 | val AUROC=0.9912 AUPRC=0.9916 Precision=0.9408 Recall=0.9630
epoch 271 | val AUROC=0.9889 AUPRC=0.9900 Precision=0.9759 Recall=0.9529
epoch 272 | val AUROC=0.9901 AUPRC=0.9911 Precision=0.9726 Recall=0.9562
epoch 273 | val AUROC=0.9875 AUPRC=0.9886 Precision=0.9344 Recall=0.9596
epoch 274 | val AUROC=0.9887 AUPRC=0.9899 Precision=0.9592 Recall=0.9495
epoch 275 | val AUROC=0.9896 AUPRC=0.9906 Precision=0.9654 Recall=0.9394
epoch 276 | val AUROC=0.9902 AUPRC=0.9911 Precision=0.9718 Recall=0.9293
epoch 277 | val AUROC=0.9925 AUPRC=0.9927 Precision=0.9757 Recall=0.9461
epoch 278 | val AUROC=0.9917 AUPRC=0.9919 Precision=0.9597 Recall=0.9630
epoch 279 | val AUROC=0.9910 AUPRC=0.9912 Precision=0.9628 Recall=0.9596
epoch 280 | val AUROC=0.9915 AUPRC=0.9920 Precision=0.9655 Recall=0.9428
epoch 281 | val AUROC=0.9901 AUPRC=0.9908 Precision=0.9500 Recall=0.9596
epoch 282 | val AUROC=0.9921 AUPRC=0.9927 Precision=0.9599 Recall=0.9663
epoch 283 | val AUROC=0.9939 AUPRC=0.9944 Precision=0.9691 Recall=0.9495
epoch 284 | val AUROC=0.9882 AUPRC=0.9877 Precision=0.9472 Recall=0.9663
epoch 285 | val AUROC=0.9907 AUPRC=0.9912 Precision=0.9470 Recall=0.9630
epoch 286 | val AUROC=0.9902 AUPRC=0.9906 Precision=0.9527 Recall=0.9495
epoch 287 | val AUROC=0.9912 AUPRC=0.9913 Precision=0.9653 Recall=0.9360
epoch 288 | val AUROC=0.9912 AUPRC=0.9917 Precision=0.9533 Recall=0.9630
epoch 289 | val AUROC=0.9920 AUPRC=0.9923 Precision=0.9596 Recall=0.9596
epoch 290 | val AUROC=0.9903 AUPRC=0.9902 Precision=0.9535 Recall=0.9663
epoch 291 | val AUROC=0.9899 AUPRC=0.9901 Precision=0.9586 Recall=0.9360
epoch 292 | val AUROC=0.9891 AUPRC=0.9898 Precision=0.9710 Recall=0.9024
epoch 293 | val AUROC=0.9856 AUPRC=0.9695 Precision=0.9500 Recall=0.9596
epoch 294 | val AUROC=0.9913 AUPRC=0.9916 Precision=0.9596 Recall=0.9596
epoch 295 | val AUROC=0.9929 AUPRC=0.9927 Precision=0.9658 Recall=0.9495
epoch 296 | val AUROC=0.9923 AUPRC=0.9921 Precision=0.9439 Recall=0.9630
epoch 297 | val AUROC=0.9923 AUPRC=0.9923 Precision=0.9722 Recall=0.9428
epoch 298 | val AUROC=0.9914 AUPRC=0.9912 Precision=0.9465 Recall=0.9529
epoch 299 | val AUROC=0.9897 AUPRC=0.9897 Precision=0.9371 Recall=0.9529
epoch 300 | val AUROC=0.9907 AUPRC=0.9910 Precision=0.9562 Recall=0.9562
epoch 301 | val AUROC=0.9924 AUPRC=0.9934 Precision=0.9727 Recall=0.9596
epoch 302 | val AUROC=0.9928 AUPRC=0.9932 Precision=0.9628 Recall=0.9596
epoch 303 | val AUROC=0.9918 AUPRC=0.9922 Precision=0.9535 Recall=0.9663
epoch 304 | val AUROC=0.9919 AUPRC=0.9921 Precision=0.9597 Recall=0.9630
epoch 305 | val AUROC=0.9926 AUPRC=0.9930 Precision=0.9693 Recall=0.9562
epoch 306 | val AUROC=0.9920 AUPRC=0.9926 Precision=0.9626 Recall=0.9529
epoch 307 | val AUROC=0.9914 AUPRC=0.9917 Precision=0.9631 Recall=0.9663
epoch 308 | val AUROC=0.9913 AUPRC=0.9919 Precision=0.9567 Recall=0.9663
epoch 309 | val AUROC=0.9916 AUPRC=0.9923 Precision=0.9726 Recall=0.9562
epoch 310 | val AUROC=0.9909 AUPRC=0.9912 Precision=0.9696 Recall=0.9663
epoch 311 | val AUROC=0.9904 AUPRC=0.9910 Precision=0.9658 Recall=0.9495
/root/HAG-DTA/py38_env/lib/python3.8/site-packages/torch_geometric/deprecation.py:26: UserWarning: 'data.DenseDataLoader' is deprecated, use 'loader.DenseDataLoader' instead
  warnings.warn(out)
epoch 312 | val AUROC=0.9923 AUPRC=0.9927 Precision=0.9626 Recall=0.9529
epoch 313 | val AUROC=0.9927 AUPRC=0.9929 Precision=0.9535 Recall=0.9663
epoch 314 | val AUROC=0.9887 AUPRC=0.9894 Precision=0.9852 Recall=0.8990
epoch 315 | val AUROC=0.9897 AUPRC=0.9909 Precision=0.9692 Recall=0.9529
epoch 316 | val AUROC=0.9905 AUPRC=0.9911 Precision=0.9595 Recall=0.9562
epoch 317 | val AUROC=0.9916 AUPRC=0.9932 Precision=0.9857 Recall=0.9259
epoch 318 | val AUROC=0.9903 AUPRC=0.9908 Precision=0.9756 Recall=0.9428
epoch 319 | val AUROC=0.9916 AUPRC=0.9929 Precision=0.9723 Recall=0.9461
epoch 320 | val AUROC=0.9919 AUPRC=0.9930 Precision=0.9723 Recall=0.9461
epoch 321 | val AUROC=0.9917 AUPRC=0.9924 Precision=0.9622 Recall=0.9428
epoch 322 | val AUROC=0.9931 AUPRC=0.9935 Precision=0.9502 Recall=0.9630
epoch 323 | val AUROC=0.9933 AUPRC=0.9936 Precision=0.9659 Recall=0.9529
epoch 324 | val AUROC=0.9929 AUPRC=0.9934 Precision=0.9535 Recall=0.9663
epoch 325 | val AUROC=0.9929 AUPRC=0.9935 Precision=0.9691 Recall=0.9495
epoch 326 | val AUROC=0.9919 AUPRC=0.9926 Precision=0.9626 Recall=0.9529
epoch 327 | val AUROC=0.9921 AUPRC=0.9928 Precision=0.9721 Recall=0.9394
epoch 328 | val AUROC=0.9923 AUPRC=0.9930 Precision=0.9497 Recall=0.9529
epoch 329 | val AUROC=0.9933 AUPRC=0.9938 Precision=0.9658 Recall=0.9495
epoch 330 | val AUROC=0.9919 AUPRC=0.9920 Precision=0.9595 Recall=0.9562
epoch 331 | val AUROC=0.9911 AUPRC=0.9911 Precision=0.9625 Recall=0.9495
epoch 332 | val AUROC=0.9918 AUPRC=0.9921 Precision=0.9623 Recall=0.9461
epoch 333 | val AUROC=0.9921 AUPRC=0.9923 Precision=0.9625 Recall=0.9495
epoch 334 | val AUROC=0.9890 AUPRC=0.9911 Precision=0.9468 Recall=0.9596
epoch 335 | val AUROC=0.9912 AUPRC=0.9921 Precision=0.9593 Recall=0.9529
epoch 336 | val AUROC=0.9919 AUPRC=0.9919 Precision=0.9383 Recall=0.9731
epoch 337 | val AUROC=0.9929 AUPRC=0.9928 Precision=0.9532 Recall=0.9596
epoch 338 | val AUROC=0.9934 AUPRC=0.9937 Precision=0.9826 Recall=0.9495
epoch 339 | val AUROC=0.9921 AUPRC=0.9926 Precision=0.9621 Recall=0.9394
epoch 340 | val AUROC=0.9925 AUPRC=0.9932 Precision=0.9474 Recall=0.9697
epoch 341 | val AUROC=0.9936 AUPRC=0.9942 Precision=0.9658 Recall=0.9495
epoch 342 | val AUROC=0.9921 AUPRC=0.9928 Precision=0.9723 Recall=0.9461
epoch 343 | val AUROC=0.9903 AUPRC=0.9917 Precision=0.9565 Recall=0.9630
epoch 344 | val AUROC=0.9918 AUPRC=0.9927 Precision=0.9441 Recall=0.9663
epoch 345 | val AUROC=0.9921 AUPRC=0.9927 Precision=0.9472 Recall=0.9663
epoch 346 | val AUROC=0.9896 AUPRC=0.9882 Precision=0.9718 Recall=0.9293
early stopping at epoch 346
