Diff_DTA_GIN
dataset: Human
Learning rate: 0.0005
Epochs: 1000
Validation interval: 1
Early stop patience: 200
pool_alpha: 0.05
mmd_beta: 1.0

running on Human, seed=100
Pre-processed data found: /root/autodl-tmp/HAG-DTA-cache/processed/Human_train.pt, loading ...
Pre-processed data found: /root/autodl-tmp/HAG-DTA-cache/processed/Human_val.pt, loading ...
Pre-processed data found: /root/autodl-tmp/HAG-DTA-cache/processed/Human_test.pt, loading ...
Hierarchical pooling: n1=7, n2=3
[FIND BEST!] epoch 1 | val AUROC=0.8884 AUPRC=0.9003 Precision=0.7530 Recall=0.8316|
test AUROC=0.8878 AUPRC=0.8921 Precision=0.7370 Recall=0.8638
[FIND BEST!] epoch 2 | val AUROC=0.9305 AUPRC=0.9403 Precision=0.7053 Recall=0.9428|
test AUROC=0.9254 AUPRC=0.9302 Precision=0.6761 Recall=0.9427
[FIND BEST!] epoch 3 | val AUROC=0.9443 AUPRC=0.9541 Precision=0.8633 Recall=0.8721|
test AUROC=0.9375 AUPRC=0.9425 Precision=0.8221 Recall=0.8781
[FIND BEST!] epoch 4 | val AUROC=0.9699 AUPRC=0.9722 Precision=0.8980 Recall=0.8889|
test AUROC=0.9632 AUPRC=0.9593 Precision=0.8785 Recall=0.9068
[FIND BEST!] epoch 5 | val AUROC=0.9734 AUPRC=0.9755 Precision=0.9570 Recall=0.8249|
test AUROC=0.9640 AUPRC=0.9643 Precision=0.9360 Recall=0.8387
[FIND BEST!] epoch 6 | val AUROC=0.9787 AUPRC=0.9804 Precision=0.9612 Recall=0.8350|
test AUROC=0.9651 AUPRC=0.9669 Precision=0.9480 Recall=0.8495
epoch 7 | val AUROC=0.9752 AUPRC=0.9792 Precision=0.8804 Recall=0.9663
[FIND BEST!] epoch 8 | val AUROC=0.9804 AUPRC=0.9826 Precision=0.8896 Recall=0.9495|
test AUROC=0.9696 AUPRC=0.9732 Precision=0.8553 Recall=0.9534
[FIND BEST!] epoch 9 | val AUROC=0.9811 AUPRC=0.9817 Precision=0.9414 Recall=0.9192|
test AUROC=0.9718 AUPRC=0.9720 Precision=0.9296 Recall=0.8996
epoch 10 | val AUROC=0.9745 AUPRC=0.9788 Precision=0.8343 Recall=0.9663
epoch 11 | val AUROC=0.9730 AUPRC=0.9776 Precision=0.9091 Recall=0.9428
epoch 12 | val AUROC=0.9794 AUPRC=0.9829 Precision=0.9428 Recall=0.9428
[FIND BEST!] epoch 13 | val AUROC=0.9847 AUPRC=0.9855 Precision=0.9609 Recall=0.9091|
test AUROC=0.9745 AUPRC=0.9763 Precision=0.9547 Recall=0.9068
epoch 14 | val AUROC=0.9839 AUPRC=0.9854 Precision=0.8981 Recall=0.9495
epoch 15 | val AUROC=0.9838 AUPRC=0.9856 Precision=0.9216 Recall=0.9495
epoch 16 | val AUROC=0.9826 AUPRC=0.9853 Precision=0.9545 Recall=0.9192
epoch 17 | val AUROC=0.9830 AUPRC=0.9854 Precision=0.9426 Recall=0.9394
epoch 18 | val AUROC=0.9827 AUPRC=0.9853 Precision=0.9340 Recall=0.9529
epoch 19 | val AUROC=0.9825 AUPRC=0.9844 Precision=0.9510 Recall=0.9158
epoch 20 | val AUROC=0.9788 AUPRC=0.9816 Precision=0.8229 Recall=0.9697
epoch 21 | val AUROC=0.9805 AUPRC=0.9834 Precision=0.9718 Recall=0.9293
epoch 22 | val AUROC=0.9830 AUPRC=0.9856 Precision=0.9488 Recall=0.9360
epoch 23 | val AUROC=0.9837 AUPRC=0.9848 Precision=0.9582 Recall=0.9259
epoch 24 | val AUROC=0.9832 AUPRC=0.9854 Precision=0.9524 Recall=0.9428
epoch 25 | val AUROC=0.9820 AUPRC=0.9822 Precision=0.9588 Recall=0.9394
[FIND BEST!] epoch 26 | val AUROC=0.9877 AUPRC=0.9880 Precision=0.9622 Recall=0.9428|
test AUROC=0.9771 AUPRC=0.9798 Precision=0.9556 Recall=0.9247
epoch 27 | val AUROC=0.9872 AUPRC=0.9873 Precision=0.9400 Recall=0.9495
[FIND BEST!] epoch 28 | val AUROC=0.9879 AUPRC=0.9883 Precision=0.9435 Recall=0.9562|
test AUROC=0.9771 AUPRC=0.9779 Precision=0.9314 Recall=0.9247
epoch 29 | val AUROC=0.9870 AUPRC=0.9875 Precision=0.9655 Recall=0.9428
epoch 30 | val AUROC=0.9846 AUPRC=0.9845 Precision=0.9226 Recall=0.9630
epoch 31 | val AUROC=0.9835 AUPRC=0.9844 Precision=0.9555 Recall=0.9394
epoch 32 | val AUROC=0.9851 AUPRC=0.9868 Precision=0.9498 Recall=0.9562
epoch 33 | val AUROC=0.9816 AUPRC=0.9829 Precision=0.9293 Recall=0.9293
epoch 34 | val AUROC=0.9830 AUPRC=0.9849 Precision=0.9456 Recall=0.9360
epoch 35 | val AUROC=0.9854 AUPRC=0.9874 Precision=0.9057 Recall=0.9697
epoch 36 | val AUROC=0.9865 AUPRC=0.9868 Precision=0.9276 Recall=0.9495
epoch 37 | val AUROC=0.9843 AUPRC=0.9853 Precision=0.9456 Recall=0.9360
epoch 38 | val AUROC=0.9874 AUPRC=0.9879 Precision=0.9201 Recall=0.9697
[FIND BEST!] epoch 39 | val AUROC=0.9909 AUPRC=0.9910 Precision=0.9349 Recall=0.9663|
test AUROC=0.9789 AUPRC=0.9797 Precision=0.9172 Recall=0.9534
epoch 40 | val AUROC=0.9896 AUPRC=0.9893 Precision=0.9404 Recall=0.9562
epoch 41 | val AUROC=0.9879 AUPRC=0.9873 Precision=0.9595 Recall=0.9562
epoch 42 | val AUROC=0.9901 AUPRC=0.9902 Precision=0.9561 Recall=0.9529
epoch 43 | val AUROC=0.9884 AUPRC=0.9888 Precision=0.9497 Recall=0.9529
epoch 44 | val AUROC=0.9870 AUPRC=0.9868 Precision=0.9320 Recall=0.9697
epoch 45 | val AUROC=0.9857 AUPRC=0.9820 Precision=0.9435 Recall=0.9562
epoch 46 | val AUROC=0.9837 AUPRC=0.9838 Precision=0.9094 Recall=0.9798
epoch 47 | val AUROC=0.9823 AUPRC=0.9842 Precision=0.9281 Recall=0.9562
epoch 48 | val AUROC=0.9866 AUPRC=0.9876 Precision=0.9712 Recall=0.9091
epoch 49 | val AUROC=0.9886 AUPRC=0.9883 Precision=0.9316 Recall=0.9630
epoch 50 | val AUROC=0.9870 AUPRC=0.9873 Precision=0.9525 Recall=0.9461
epoch 51 | val AUROC=0.9887 AUPRC=0.9885 Precision=0.9009 Recall=0.9798
epoch 52 | val AUROC=0.9883 AUPRC=0.9883 Precision=0.9691 Recall=0.9495
epoch 53 | val AUROC=0.9885 AUPRC=0.9888 Precision=0.9530 Recall=0.9562
epoch 54 | val AUROC=0.9885 AUPRC=0.9880 Precision=0.9723 Recall=0.9461
epoch 55 | val AUROC=0.9879 AUPRC=0.9873 Precision=0.9493 Recall=0.9461
epoch 56 | val AUROC=0.9876 AUPRC=0.9878 Precision=0.9618 Recall=0.9327
epoch 57 | val AUROC=0.9882 AUPRC=0.9896 Precision=0.9441 Recall=0.9663
epoch 58 | val AUROC=0.9865 AUPRC=0.9881 Precision=0.9558 Recall=0.9461
epoch 59 | val AUROC=0.9868 AUPRC=0.9886 Precision=0.9519 Recall=0.9327
epoch 60 | val AUROC=0.9866 AUPRC=0.9882 Precision=0.9079 Recall=0.9630
epoch 61 | val AUROC=0.9880 AUPRC=0.9889 Precision=0.9689 Recall=0.9428
epoch 62 | val AUROC=0.9883 AUPRC=0.9893 Precision=0.9226 Recall=0.9630
epoch 63 | val AUROC=0.9883 AUPRC=0.9895 Precision=0.9426 Recall=0.9394
epoch 64 | val AUROC=0.9873 AUPRC=0.9878 Precision=0.9433 Recall=0.9529
epoch 65 | val AUROC=0.9880 AUPRC=0.9885 Precision=0.9410 Recall=0.9663
epoch 66 | val AUROC=0.9899 AUPRC=0.9906 Precision=0.9524 Recall=0.9428
epoch 67 | val AUROC=0.9903 AUPRC=0.9908 Precision=0.9623 Recall=0.9461
epoch 68 | val AUROC=0.9879 AUPRC=0.9887 Precision=0.9524 Recall=0.9428
epoch 69 | val AUROC=0.9899 AUPRC=0.9904 Precision=0.9443 Recall=0.9697
epoch 70 | val AUROC=0.9898 AUPRC=0.9906 Precision=0.9652 Recall=0.9327
epoch 71 | val AUROC=0.9881 AUPRC=0.9881 Precision=0.9290 Recall=0.9697
epoch 72 | val AUROC=0.9892 AUPRC=0.9890 Precision=0.9286 Recall=0.9630
epoch 73 | val AUROC=0.9886 AUPRC=0.9902 Precision=0.9495 Recall=0.9495
epoch 74 | val AUROC=0.9859 AUPRC=0.9877 Precision=0.9683 Recall=0.9259
epoch 75 | val AUROC=0.9895 AUPRC=0.9900 Precision=0.9561 Recall=0.9529
epoch 76 | val AUROC=0.9892 AUPRC=0.9897 Precision=0.9342 Recall=0.9562
epoch 77 | val AUROC=0.9874 AUPRC=0.9895 Precision=0.9091 Recall=0.9764
epoch 78 | val AUROC=0.9885 AUPRC=0.9908 Precision=0.9721 Recall=0.9394
epoch 79 | val AUROC=0.9888 AUPRC=0.9910 Precision=0.9527 Recall=0.9495
epoch 80 | val AUROC=0.9884 AUPRC=0.9900 Precision=0.9589 Recall=0.9428
epoch 81 | val AUROC=0.9905 AUPRC=0.9918 Precision=0.9495 Recall=0.9495
epoch 82 | val AUROC=0.9895 AUPRC=0.9905 Precision=0.9468 Recall=0.9596
epoch 83 | val AUROC=0.9860 AUPRC=0.9876 Precision=0.9676 Recall=0.9057
epoch 84 | val AUROC=0.9843 AUPRC=0.9867 Precision=0.9521 Recall=0.9360
epoch 85 | val AUROC=0.9869 AUPRC=0.9888 Precision=0.9377 Recall=0.9630
epoch 86 | val AUROC=0.9883 AUPRC=0.9902 Precision=0.9685 Recall=0.9327
epoch 87 | val AUROC=0.9866 AUPRC=0.9880 Precision=0.9279 Recall=0.9529
epoch 88 | val AUROC=0.9891 AUPRC=0.9905 Precision=0.9519 Recall=0.9327
epoch 89 | val AUROC=0.9882 AUPRC=0.9898 Precision=0.9241 Recall=0.9428
epoch 90 | val AUROC=0.9874 AUPRC=0.9894 Precision=0.9586 Recall=0.9360
epoch 91 | val AUROC=0.9850 AUPRC=0.9869 Precision=0.9365 Recall=0.9428
epoch 92 | val AUROC=0.9881 AUPRC=0.9895 Precision=0.9586 Recall=0.9360
epoch 93 | val AUROC=0.9880 AUPRC=0.9896 Precision=0.9456 Recall=0.9360
epoch 94 | val AUROC=0.9886 AUPRC=0.9902 Precision=0.9251 Recall=0.9562
epoch 95 | val AUROC=0.9894 AUPRC=0.9910 Precision=0.9529 Recall=0.9529
epoch 96 | val AUROC=0.9854 AUPRC=0.9872 Precision=0.9529 Recall=0.9529
epoch 97 | val AUROC=0.9855 AUPRC=0.9877 Precision=0.9373 Recall=0.9562
epoch 98 | val AUROC=0.9889 AUPRC=0.9905 Precision=0.9655 Recall=0.9428
epoch 99 | val AUROC=0.9892 AUPRC=0.9904 Precision=0.9626 Recall=0.9529
epoch 100 | val AUROC=0.9900 AUPRC=0.9914 Precision=0.9316 Recall=0.9630
epoch 101 | val AUROC=0.9908 AUPRC=0.9924 Precision=0.9532 Recall=0.9596
epoch 102 | val AUROC=0.9898 AUPRC=0.9915 Precision=0.9593 Recall=0.9529
epoch 103 | val AUROC=0.9896 AUPRC=0.9905 Precision=0.9406 Recall=0.9596
[FIND BEST!] epoch 104 | val AUROC=0.9915 AUPRC=0.9914 Precision=0.9351 Recall=0.9697|
test AUROC=0.9753 AUPRC=0.9744 Precision=0.9000 Recall=0.9677
epoch 105 | val AUROC=0.9895 AUPRC=0.9897 Precision=0.9500 Recall=0.9596
epoch 106 | val AUROC=0.9863 AUPRC=0.9871 Precision=0.9390 Recall=0.9327
epoch 107 | val AUROC=0.9865 AUPRC=0.9888 Precision=0.9606 Recall=0.9024
epoch 108 | val AUROC=0.9899 AUPRC=0.9908 Precision=0.9430 Recall=0.9461
epoch 109 | val AUROC=0.9890 AUPRC=0.9892 Precision=0.9342 Recall=0.9562
epoch 110 | val AUROC=0.9870 AUPRC=0.9873 Precision=0.9614 Recall=0.9226
epoch 111 | val AUROC=0.9860 AUPRC=0.9876 Precision=0.9525 Recall=0.9461
epoch 112 | val AUROC=0.9863 AUPRC=0.9879 Precision=0.9561 Recall=0.9529
epoch 113 | val AUROC=0.9877 AUPRC=0.9897 Precision=0.9564 Recall=0.9596
epoch 114 | val AUROC=0.9870 AUPRC=0.9887 Precision=0.9593 Recall=0.9529
epoch 115 | val AUROC=0.9874 AUPRC=0.9891 Precision=0.9260 Recall=0.9697
epoch 116 | val AUROC=0.9883 AUPRC=0.9900 Precision=0.9402 Recall=0.9529
epoch 117 | val AUROC=0.9885 AUPRC=0.9896 Precision=0.9371 Recall=0.9529
epoch 118 | val AUROC=0.9885 AUPRC=0.9899 Precision=0.9623 Recall=0.9461
epoch 119 | val AUROC=0.9890 AUPRC=0.9904 Precision=0.9309 Recall=0.9529
epoch 120 | val AUROC=0.9884 AUPRC=0.9900 Precision=0.9525 Recall=0.9461
epoch 121 | val AUROC=0.9887 AUPRC=0.9901 Precision=0.9519 Recall=0.9327
epoch 122 | val AUROC=0.9891 AUPRC=0.9904 Precision=0.9461 Recall=0.9461
epoch 123 | val AUROC=0.9901 AUPRC=0.9909 Precision=0.9550 Recall=0.9293
epoch 124 | val AUROC=0.9881 AUPRC=0.9893 Precision=0.9649 Recall=0.9259
epoch 125 | val AUROC=0.9886 AUPRC=0.9903 Precision=0.9404 Recall=0.9562
epoch 126 | val AUROC=0.9894 AUPRC=0.9907 Precision=0.9404 Recall=0.9562
epoch 127 | val AUROC=0.9888 AUPRC=0.9908 Precision=0.9686 Recall=0.9360
epoch 128 | val AUROC=0.9890 AUPRC=0.9899 Precision=0.9351 Recall=0.9697
epoch 129 | val AUROC=0.9865 AUPRC=0.9886 Precision=0.9746 Recall=0.9057
epoch 130 | val AUROC=0.9869 AUPRC=0.9890 Precision=0.9530 Recall=0.9562
epoch 131 | val AUROC=0.9873 AUPRC=0.9891 Precision=0.9373 Recall=0.9562
epoch 132 | val AUROC=0.9868 AUPRC=0.9884 Precision=0.9615 Recall=0.9259
epoch 133 | val AUROC=0.9886 AUPRC=0.9902 Precision=0.9589 Recall=0.9428
epoch 134 | val AUROC=0.9870 AUPRC=0.9893 Precision=0.9623 Recall=0.9461
epoch 135 | val AUROC=0.9894 AUPRC=0.9909 Precision=0.9439 Recall=0.9630
epoch 136 | val AUROC=0.9885 AUPRC=0.9907 Precision=0.9654 Recall=0.9394
epoch 137 | val AUROC=0.9892 AUPRC=0.9908 Precision=0.9437 Recall=0.9596
epoch 138 | val AUROC=0.9893 AUPRC=0.9909 Precision=0.9590 Recall=0.9461
epoch 139 | val AUROC=0.9884 AUPRC=0.9900 Precision=0.9492 Recall=0.9428
epoch 140 | val AUROC=0.9892 AUPRC=0.9908 Precision=0.9623 Recall=0.9461
epoch 141 | val AUROC=0.9858 AUPRC=0.9880 Precision=0.9579 Recall=0.9192
epoch 142 | val AUROC=0.9872 AUPRC=0.9888 Precision=0.9031 Recall=0.9731
epoch 143 | val AUROC=0.9880 AUPRC=0.9896 Precision=0.9680 Recall=0.9158
epoch 144 | val AUROC=0.9884 AUPRC=0.9895 Precision=0.9588 Recall=0.9394
epoch 145 | val AUROC=0.9870 AUPRC=0.9886 Precision=0.9336 Recall=0.9461
epoch 146 | val AUROC=0.9849 AUPRC=0.9867 Precision=0.9555 Recall=0.9394
epoch 147 | val AUROC=0.9872 AUPRC=0.9886 Precision=0.9617 Recall=0.9293
epoch 148 | val AUROC=0.9850 AUPRC=0.9874 Precision=0.9493 Recall=0.9461
epoch 149 | val AUROC=0.9864 AUPRC=0.9888 Precision=0.9822 Recall=0.9293
epoch 150 | val AUROC=0.9882 AUPRC=0.9905 Precision=0.9656 Recall=0.9461
epoch 151 | val AUROC=0.9879 AUPRC=0.9902 Precision=0.9468 Recall=0.9596
epoch 152 | val AUROC=0.9866 AUPRC=0.9893 Precision=0.9653 Recall=0.9360
epoch 153 | val AUROC=0.9880 AUPRC=0.9900 Precision=0.9618 Recall=0.9327
epoch 154 | val AUROC=0.9851 AUPRC=0.9887 Precision=0.9721 Recall=0.9394
epoch 155 | val AUROC=0.9885 AUPRC=0.9914 Precision=0.9596 Recall=0.9596
epoch 156 | val AUROC=0.9881 AUPRC=0.9906 Precision=0.9689 Recall=0.9428
epoch 157 | val AUROC=0.9894 AUPRC=0.9913 Precision=0.9623 Recall=0.9461
epoch 158 | val AUROC=0.9869 AUPRC=0.9897 Precision=0.9750 Recall=0.9192
epoch 159 | val AUROC=0.9851 AUPRC=0.9708 Precision=0.9490 Recall=0.9394
epoch 160 | val AUROC=0.9852 AUPRC=0.9872 Precision=0.9521 Recall=0.9360
epoch 161 | val AUROC=0.9836 AUPRC=0.9861 Precision=0.9402 Recall=0.9529
epoch 162 | val AUROC=0.9874 AUPRC=0.9894 Precision=0.9784 Recall=0.9158
epoch 163 | val AUROC=0.9849 AUPRC=0.9865 Precision=0.9167 Recall=0.9630
epoch 164 | val AUROC=0.9855 AUPRC=0.9878 Precision=0.9588 Recall=0.9394
epoch 165 | val AUROC=0.9875 AUPRC=0.9895 Precision=0.9519 Recall=0.9327
epoch 166 | val AUROC=0.9876 AUPRC=0.9894 Precision=0.9719 Recall=0.9327
epoch 167 | val AUROC=0.9876 AUPRC=0.9897 Precision=0.9410 Recall=0.9663
epoch 168 | val AUROC=0.9865 AUPRC=0.9887 Precision=0.9525 Recall=0.9461
epoch 169 | val AUROC=0.9869 AUPRC=0.9888 Precision=0.9621 Recall=0.9394
epoch 170 | val AUROC=0.9886 AUPRC=0.9904 Precision=0.9559 Recall=0.9495
epoch 171 | val AUROC=0.9865 AUPRC=0.9880 Precision=0.9529 Recall=0.9529
epoch 172 | val AUROC=0.9854 AUPRC=0.9878 Precision=0.9592 Recall=0.9495
epoch 173 | val AUROC=0.9827 AUPRC=0.9855 Precision=0.9655 Recall=0.9428
epoch 174 | val AUROC=0.9832 AUPRC=0.9861 Precision=0.9614 Recall=0.9226
epoch 175 | val AUROC=0.9848 AUPRC=0.9872 Precision=0.9555 Recall=0.9394
epoch 176 | val AUROC=0.9842 AUPRC=0.9866 Precision=0.9556 Recall=0.9428
epoch 177 | val AUROC=0.9848 AUPRC=0.9876 Precision=0.9435 Recall=0.9562
epoch 178 | val AUROC=0.9874 AUPRC=0.9902 Precision=0.9792 Recall=0.9495
epoch 179 | val AUROC=0.9865 AUPRC=0.9895 Precision=0.9725 Recall=0.9529
epoch 180 | val AUROC=0.9866 AUPRC=0.9893 Precision=0.9468 Recall=0.9596
epoch 181 | val AUROC=0.9882 AUPRC=0.9904 Precision=0.9754 Recall=0.9360
epoch 182 | val AUROC=0.9888 AUPRC=0.9907 Precision=0.9596 Recall=0.9596
epoch 183 | val AUROC=0.9877 AUPRC=0.9899 Precision=0.9502 Recall=0.9630
epoch 184 | val AUROC=0.9869 AUPRC=0.9895 Precision=0.9628 Recall=0.9596
epoch 185 | val AUROC=0.9880 AUPRC=0.9902 Precision=0.9661 Recall=0.9596
epoch 186 | val AUROC=0.9885 AUPRC=0.9906 Precision=0.9631 Recall=0.9663
epoch 187 | val AUROC=0.9877 AUPRC=0.9903 Precision=0.9626 Recall=0.9529
epoch 188 | val AUROC=0.9860 AUPRC=0.9895 Precision=0.9693 Recall=0.9562
epoch 189 | val AUROC=0.9854 AUPRC=0.9884 Precision=0.9564 Recall=0.9596
epoch 190 | val AUROC=0.9873 AUPRC=0.9899 Precision=0.9595 Recall=0.9562
epoch 191 | val AUROC=0.9878 AUPRC=0.9899 Precision=0.9377 Recall=0.9630
epoch 192 | val AUROC=0.9881 AUPRC=0.9904 Precision=0.9660 Recall=0.9562
epoch 193 | val AUROC=0.9877 AUPRC=0.9903 Precision=0.9626 Recall=0.9529
epoch 194 | val AUROC=0.9865 AUPRC=0.9892 Precision=0.9500 Recall=0.9596
epoch 195 | val AUROC=0.9880 AUPRC=0.9908 Precision=0.9758 Recall=0.9495
epoch 196 | val AUROC=0.9867 AUPRC=0.9897 Precision=0.9755 Recall=0.9394
epoch 197 | val AUROC=0.9882 AUPRC=0.9904 Precision=0.9595 Recall=0.9562
epoch 198 | val AUROC=0.9895 AUPRC=0.9912 Precision=0.9500 Recall=0.9596
epoch 199 | val AUROC=0.9876 AUPRC=0.9897 Precision=0.9717 Recall=0.9259
epoch 200 | val AUROC=0.9881 AUPRC=0.9900 Precision=0.9521 Recall=0.9360
epoch 201 | val AUROC=0.9876 AUPRC=0.9895 Precision=0.9652 Recall=0.9327
epoch 202 | val AUROC=0.9852 AUPRC=0.9874 Precision=0.9493 Recall=0.9461
epoch 203 | val AUROC=0.9883 AUPRC=0.9901 Precision=0.9783 Recall=0.9125
epoch 204 | val AUROC=0.9872 AUPRC=0.9892 Precision=0.9589 Recall=0.9428
epoch 205 | val AUROC=0.9852 AUPRC=0.9868 Precision=0.9618 Recall=0.9327
/root/HAG-DTA/py38_env/lib/python3.8/site-packages/torch_geometric/deprecation.py:26: UserWarning: 'data.DenseDataLoader' is deprecated, use 'loader.DenseDataLoader' instead
  warnings.warn(out)
epoch 206 | val AUROC=0.9843 AUPRC=0.9869 Precision=0.9558 Recall=0.9461
epoch 207 | val AUROC=0.9872 AUPRC=0.9882 Precision=0.9621 Recall=0.9394
epoch 208 | val AUROC=0.9859 AUPRC=0.9870 Precision=0.9585 Recall=0.9327
epoch 209 | val AUROC=0.9875 AUPRC=0.9881 Precision=0.9590 Recall=0.9461
epoch 210 | val AUROC=0.9860 AUPRC=0.9869 Precision=0.9649 Recall=0.9259
epoch 211 | val AUROC=0.9872 AUPRC=0.9882 Precision=0.9524 Recall=0.9428
epoch 212 | val AUROC=0.9870 AUPRC=0.9877 Precision=0.9686 Recall=0.9360
epoch 213 | val AUROC=0.9858 AUPRC=0.9868 Precision=0.9614 Recall=0.9226
epoch 214 | val AUROC=0.9855 AUPRC=0.9866 Precision=0.9497 Recall=0.9529
epoch 215 | val AUROC=0.9881 AUPRC=0.9896 Precision=0.9527 Recall=0.9495
epoch 216 | val AUROC=0.9884 AUPRC=0.9898 Precision=0.9654 Recall=0.9394
epoch 217 | val AUROC=0.9869 AUPRC=0.9882 Precision=0.9625 Recall=0.9495
epoch 218 | val AUROC=0.9858 AUPRC=0.9873 Precision=0.9650 Recall=0.9293
epoch 219 | val AUROC=0.9879 AUPRC=0.9892 Precision=0.9592 Recall=0.9495
epoch 220 | val AUROC=0.9859 AUPRC=0.9877 Precision=0.9689 Recall=0.9428
epoch 221 | val AUROC=0.9872 AUPRC=0.9891 Precision=0.9688 Recall=0.9394
epoch 222 | val AUROC=0.9886 AUPRC=0.9902 Precision=0.9688 Recall=0.9394
epoch 223 | val AUROC=0.9875 AUPRC=0.9894 Precision=0.9719 Recall=0.9327
epoch 224 | val AUROC=0.9867 AUPRC=0.9884 Precision=0.9686 Recall=0.9360
epoch 225 | val AUROC=0.9892 AUPRC=0.9906 Precision=0.9756 Recall=0.9428
epoch 226 | val AUROC=0.9883 AUPRC=0.9899 Precision=0.9722 Recall=0.9428
epoch 227 | val AUROC=0.9873 AUPRC=0.9890 Precision=0.9654 Recall=0.9394
non-finite loss at epoch 228: Non-finite training loss: bce=0.000647068, link=0.0191428, entropy=0.834178, mmd=nan, total=nan
stopping seed=100 and keeping best epoch=104
