Diff_DTA_GIN
dataset: Human
Learning rate: 0.0005
Epochs: 1000
Validation interval: 1
Early stop patience: 200

running on Human, seed=100
Pre-processed data found: /root/autodl-tmp/HAG-DTA-cache/processed/Human_train.pt, loading ...
Pre-processed data found: /root/autodl-tmp/HAG-DTA-cache/processed/Human_val.pt, loading ...
Pre-processed data found: /root/autodl-tmp/HAG-DTA-cache/processed/Human_test.pt, loading ...
Hierarchical pooling: n1=7, n2=3
[FIND BEST!] epoch 1 | val AUROC=0.8952 AUPRC=0.9078 Precision=0.8218 Recall=0.7609|
test AUROC=0.8906 AUPRC=0.8949 Precision=0.7895 Recall=0.8065
[FIND BEST!] epoch 2 | val AUROC=0.9382 AUPRC=0.9458 Precision=0.8949 Recall=0.8316|
test AUROC=0.9310 AUPRC=0.9333 Precision=0.8755 Recall=0.8315
[FIND BEST!] epoch 3 | val AUROC=0.9596 AUPRC=0.9640 Precision=0.8389 Recall=0.9293|
test AUROC=0.9465 AUPRC=0.9509 Precision=0.8129 Recall=0.9032
[FIND BEST!] epoch 4 | val AUROC=0.9801 AUPRC=0.9813 Precision=0.8864 Recall=0.9461|
test AUROC=0.9643 AUPRC=0.9667 Precision=0.8472 Recall=0.9140
epoch 5 | val AUROC=0.9762 AUPRC=0.9794 Precision=0.9212 Recall=0.9057
[FIND BEST!] epoch 6 | val AUROC=0.9813 AUPRC=0.9837 Precision=0.8868 Recall=0.9495|
test AUROC=0.9731 AUPRC=0.9722 Precision=0.8754 Recall=0.9319
[FIND BEST!] epoch 7 | val AUROC=0.9860 AUPRC=0.9873 Precision=0.9461 Recall=0.9461|
test AUROC=0.9749 AUPRC=0.9748 Precision=0.9247 Recall=0.9247
[FIND BEST!] epoch 8 | val AUROC=0.9862 AUPRC=0.9883 Precision=0.9307 Recall=0.9495|
test AUROC=0.9748 AUPRC=0.9750 Precision=0.9211 Recall=0.9211
epoch 9 | val AUROC=0.9817 AUPRC=0.9836 Precision=0.8742 Recall=0.9596
epoch 10 | val AUROC=0.9798 AUPRC=0.9825 Precision=0.9562 Recall=0.8822
epoch 11 | val AUROC=0.9836 AUPRC=0.9853 Precision=0.9189 Recall=0.9158
epoch 12 | val AUROC=0.9828 AUPRC=0.9853 Precision=0.9362 Recall=0.9394
epoch 13 | val AUROC=0.9859 AUPRC=0.9869 Precision=0.9486 Recall=0.9327
[FIND BEST!] epoch 14 | val AUROC=0.9863 AUPRC=0.9871 Precision=0.8348 Recall=0.9865|
test AUROC=0.9758 AUPRC=0.9743 Precision=0.8065 Recall=0.9713
[FIND BEST!] epoch 15 | val AUROC=0.9886 AUPRC=0.9895 Precision=0.9196 Recall=0.9630|
test AUROC=0.9766 AUPRC=0.9756 Precision=0.8969 Recall=0.9355
epoch 16 | val AUROC=0.9845 AUPRC=0.9867 Precision=0.9431 Recall=0.9495
epoch 17 | val AUROC=0.9870 AUPRC=0.9890 Precision=0.9561 Recall=0.9529
epoch 18 | val AUROC=0.9852 AUPRC=0.9871 Precision=0.8538 Recall=0.9832
epoch 19 | val AUROC=0.9857 AUPRC=0.9877 Precision=0.9525 Recall=0.9461
epoch 20 | val AUROC=0.9862 AUPRC=0.9889 Precision=0.9344 Recall=0.9596
epoch 21 | val AUROC=0.9867 AUPRC=0.9873 Precision=0.9228 Recall=0.9663
epoch 22 | val AUROC=0.9879 AUPRC=0.9895 Precision=0.9675 Recall=0.9024
epoch 23 | val AUROC=0.9870 AUPRC=0.9882 Precision=0.9216 Recall=0.9495
epoch 24 | val AUROC=0.9882 AUPRC=0.9894 Precision=0.9550 Recall=0.9293
[FIND BEST!] epoch 25 | val AUROC=0.9896 AUPRC=0.9904 Precision=0.9283 Recall=0.9596|
test AUROC=0.9779 AUPRC=0.9787 Precision=0.9319 Recall=0.9319
epoch 26 | val AUROC=0.9845 AUPRC=0.9866 Precision=0.8716 Recall=0.9832
epoch 27 | val AUROC=0.9830 AUPRC=0.9849 Precision=0.9541 Recall=0.9091
epoch 28 | val AUROC=0.9865 AUPRC=0.9882 Precision=0.9283 Recall=0.9596
epoch 29 | val AUROC=0.9843 AUPRC=0.9859 Precision=0.9188 Recall=0.9529
epoch 30 | val AUROC=0.9831 AUPRC=0.9842 Precision=0.9544 Recall=0.9158
epoch 31 | val AUROC=0.9840 AUPRC=0.9857 Precision=0.9213 Recall=0.9461
epoch 32 | val AUROC=0.9842 AUPRC=0.9861 Precision=0.9137 Recall=0.9630
epoch 33 | val AUROC=0.9860 AUPRC=0.9869 Precision=0.9577 Recall=0.9158
epoch 34 | val AUROC=0.9847 AUPRC=0.9863 Precision=0.9458 Recall=0.9394
epoch 35 | val AUROC=0.9860 AUPRC=0.9882 Precision=0.9351 Recall=0.9697
epoch 36 | val AUROC=0.9856 AUPRC=0.9876 Precision=0.9196 Recall=0.9630
epoch 37 | val AUROC=0.9880 AUPRC=0.9891 Precision=0.9588 Recall=0.9394
epoch 38 | val AUROC=0.9894 AUPRC=0.9906 Precision=0.9270 Recall=0.9832
epoch 39 | val AUROC=0.9886 AUPRC=0.9896 Precision=0.9559 Recall=0.9495
epoch 40 | val AUROC=0.9854 AUPRC=0.9872 Precision=0.9283 Recall=0.9596
epoch 41 | val AUROC=0.9867 AUPRC=0.9880 Precision=0.9258 Recall=0.9663
epoch 42 | val AUROC=0.9892 AUPRC=0.9900 Precision=0.9375 Recall=0.9596
epoch 43 | val AUROC=0.9880 AUPRC=0.9884 Precision=0.9517 Recall=0.9293
epoch 44 | val AUROC=0.9881 AUPRC=0.9883 Precision=0.9775 Recall=0.8788
epoch 45 | val AUROC=0.9873 AUPRC=0.9880 Precision=0.8795 Recall=0.9832
epoch 46 | val AUROC=0.9882 AUPRC=0.9890 Precision=0.9342 Recall=0.9562
epoch 47 | val AUROC=0.9879 AUPRC=0.9890 Precision=0.9439 Recall=0.9630
epoch 48 | val AUROC=0.9879 AUPRC=0.9895 Precision=0.9619 Recall=0.9360
epoch 49 | val AUROC=0.9877 AUPRC=0.9881 Precision=0.9437 Recall=0.9596
epoch 50 | val AUROC=0.9885 AUPRC=0.9895 Precision=0.9532 Recall=0.9596
epoch 51 | val AUROC=0.9880 AUPRC=0.9895 Precision=0.9316 Recall=0.9630
epoch 52 | val AUROC=0.9887 AUPRC=0.9900 Precision=0.9439 Recall=0.9630
epoch 53 | val AUROC=0.9890 AUPRC=0.9897 Precision=0.9437 Recall=0.9596
epoch 54 | val AUROC=0.9895 AUPRC=0.9905 Precision=0.9338 Recall=0.9495
epoch 55 | val AUROC=0.9889 AUPRC=0.9905 Precision=0.9590 Recall=0.9461
epoch 56 | val AUROC=0.9869 AUPRC=0.9883 Precision=0.9402 Recall=0.9529
epoch 57 | val AUROC=0.9869 AUPRC=0.9883 Precision=0.9497 Recall=0.9529
epoch 58 | val AUROC=0.9879 AUPRC=0.9893 Precision=0.9088 Recall=0.9731
epoch 59 | val AUROC=0.9886 AUPRC=0.9901 Precision=0.9532 Recall=0.9596
epoch 60 | val AUROC=0.9864 AUPRC=0.9875 Precision=0.9125 Recall=0.9832
epoch 61 | val AUROC=0.9891 AUPRC=0.9895 Precision=0.9373 Recall=0.9562
[FIND BEST!] epoch 62 | val AUROC=0.9901 AUPRC=0.9905 Precision=0.9290 Recall=0.9697|
test AUROC=0.9714 AUPRC=0.9725 Precision=0.9258 Recall=0.9391
epoch 63 | val AUROC=0.9875 AUPRC=0.9885 Precision=0.9288 Recall=0.9663
epoch 64 | val AUROC=0.9870 AUPRC=0.9883 Precision=0.9428 Recall=0.9428
epoch 65 | val AUROC=0.9848 AUPRC=0.9859 Precision=0.9309 Recall=0.9529
epoch 66 | val AUROC=0.9885 AUPRC=0.9902 Precision=0.9260 Recall=0.9697
epoch 67 | val AUROC=0.9894 AUPRC=0.9904 Precision=0.9577 Recall=0.9158
[FIND BEST!] epoch 68 | val AUROC=0.9906 AUPRC=0.9912 Precision=0.9373 Recall=0.9562|
test AUROC=0.9804 AUPRC=0.9799 Precision=0.9414 Recall=0.9211
[FIND BEST!] epoch 69 | val AUROC=0.9909 AUPRC=0.9911 Precision=0.9443 Recall=0.9697|
test AUROC=0.9804 AUPRC=0.9788 Precision=0.9286 Recall=0.9319
epoch 70 | val AUROC=0.9899 AUPRC=0.9903 Precision=0.9251 Recall=0.9562
epoch 71 | val AUROC=0.9902 AUPRC=0.9908 Precision=0.9125 Recall=0.9832
epoch 72 | val AUROC=0.9888 AUPRC=0.9894 Precision=0.9524 Recall=0.9428
epoch 73 | val AUROC=0.9873 AUPRC=0.9874 Precision=0.9454 Recall=0.9327
epoch 74 | val AUROC=0.9872 AUPRC=0.9881 Precision=0.9088 Recall=0.9731
epoch 75 | val AUROC=0.9888 AUPRC=0.9900 Precision=0.9650 Recall=0.9293
epoch 76 | val AUROC=0.9893 AUPRC=0.9903 Precision=0.9288 Recall=0.9663
epoch 77 | val AUROC=0.9879 AUPRC=0.9889 Precision=0.9402 Recall=0.9529
epoch 78 | val AUROC=0.9860 AUPRC=0.9877 Precision=0.9143 Recall=0.9697
epoch 79 | val AUROC=0.9879 AUPRC=0.9891 Precision=0.9400 Recall=0.9495
epoch 80 | val AUROC=0.9889 AUPRC=0.9903 Precision=0.9433 Recall=0.9529
epoch 81 | val AUROC=0.9879 AUPRC=0.9898 Precision=0.9344 Recall=0.9596
epoch 82 | val AUROC=0.9902 AUPRC=0.9913 Precision=0.9467 Recall=0.9562
epoch 83 | val AUROC=0.9872 AUPRC=0.9887 Precision=0.9196 Recall=0.9630
epoch 84 | val AUROC=0.9875 AUPRC=0.9895 Precision=0.9430 Recall=0.9461
epoch 85 | val AUROC=0.9878 AUPRC=0.9889 Precision=0.9233 Recall=0.9731
epoch 86 | val AUROC=0.9901 AUPRC=0.9914 Precision=0.9588 Recall=0.9394
epoch 87 | val AUROC=0.9875 AUPRC=0.9892 Precision=0.9218 Recall=0.9529
epoch 88 | val AUROC=0.9866 AUPRC=0.9879 Precision=0.9085 Recall=0.9697
epoch 89 | val AUROC=0.9886 AUPRC=0.9898 Precision=0.9146 Recall=0.9731
epoch 90 | val AUROC=0.9882 AUPRC=0.9899 Precision=0.8920 Recall=0.9731
epoch 91 | val AUROC=0.9852 AUPRC=0.9872 Precision=0.9704 Recall=0.8822
epoch 92 | val AUROC=0.9888 AUPRC=0.9900 Precision=0.9091 Recall=0.9764
epoch 93 | val AUROC=0.9886 AUPRC=0.9895 Precision=0.9479 Recall=0.9192
epoch 94 | val AUROC=0.9889 AUPRC=0.9901 Precision=0.9430 Recall=0.9461
epoch 95 | val AUROC=0.9890 AUPRC=0.9907 Precision=0.9417 Recall=0.9798
epoch 96 | val AUROC=0.9894 AUPRC=0.9907 Precision=0.9398 Recall=0.9461
epoch 97 | val AUROC=0.9883 AUPRC=0.9897 Precision=0.9454 Recall=0.9327
epoch 98 | val AUROC=0.9901 AUPRC=0.9916 Precision=0.9412 Recall=0.9697
epoch 99 | val AUROC=0.9901 AUPRC=0.9916 Precision=0.9404 Recall=0.9562
epoch 100 | val AUROC=0.9885 AUPRC=0.9899 Precision=0.9424 Recall=0.9360
epoch 101 | val AUROC=0.9890 AUPRC=0.9902 Precision=0.9375 Recall=0.9596
epoch 102 | val AUROC=0.9886 AUPRC=0.9901 Precision=0.9398 Recall=0.9461
epoch 103 | val AUROC=0.9876 AUPRC=0.9888 Precision=0.9248 Recall=0.9529
epoch 104 | val AUROC=0.9866 AUPRC=0.9874 Precision=0.9283 Recall=0.9596
epoch 105 | val AUROC=0.9878 AUPRC=0.9888 Precision=0.9490 Recall=0.9394
epoch 106 | val AUROC=0.9860 AUPRC=0.9876 Precision=0.9336 Recall=0.9461
epoch 107 | val AUROC=0.9878 AUPRC=0.9887 Precision=0.9288 Recall=0.9663
epoch 108 | val AUROC=0.9883 AUPRC=0.9895 Precision=0.9290 Recall=0.9697
epoch 109 | val AUROC=0.9880 AUPRC=0.9886 Precision=0.9555 Recall=0.9394
epoch 110 | val AUROC=0.9874 AUPRC=0.9886 Precision=0.9146 Recall=0.9731
epoch 111 | val AUROC=0.9878 AUPRC=0.9884 Precision=0.9524 Recall=0.9428
epoch 112 | val AUROC=0.9860 AUPRC=0.9870 Precision=0.9351 Recall=0.9697
epoch 113 | val AUROC=0.9863 AUPRC=0.9872 Precision=0.9517 Recall=0.9293
epoch 114 | val AUROC=0.9876 AUPRC=0.9888 Precision=0.9586 Recall=0.9360
epoch 115 | val AUROC=0.9883 AUPRC=0.9897 Precision=0.9508 Recall=0.9764
epoch 116 | val AUROC=0.9874 AUPRC=0.9891 Precision=0.9293 Recall=0.9731
epoch 117 | val AUROC=0.9892 AUPRC=0.9903 Precision=0.9597 Recall=0.9630
epoch 118 | val AUROC=0.9846 AUPRC=0.9860 Precision=0.9371 Recall=0.9529
epoch 119 | val AUROC=0.9888 AUPRC=0.9905 Precision=0.9529 Recall=0.9529
epoch 120 | val AUROC=0.9875 AUPRC=0.9892 Precision=0.9463 Recall=0.9495
epoch 121 | val AUROC=0.9865 AUPRC=0.9881 Precision=0.9288 Recall=0.9663
epoch 122 | val AUROC=0.9877 AUPRC=0.9891 Precision=0.9342 Recall=0.9562
epoch 123 | val AUROC=0.9893 AUPRC=0.9899 Precision=0.9555 Recall=0.9394
epoch 124 | val AUROC=0.9871 AUPRC=0.9883 Precision=0.9360 Recall=0.9360
epoch 125 | val AUROC=0.9870 AUPRC=0.9885 Precision=0.9430 Recall=0.9461
epoch 126 | val AUROC=0.9890 AUPRC=0.9908 Precision=0.9065 Recall=0.9798
epoch 127 | val AUROC=0.9866 AUPRC=0.9884 Precision=0.9610 Recall=0.9125
epoch 128 | val AUROC=0.9851 AUPRC=0.9874 Precision=0.9146 Recall=0.9731
epoch 129 | val AUROC=0.9850 AUPRC=0.9871 Precision=0.9485 Recall=0.9293
epoch 130 | val AUROC=0.9872 AUPRC=0.9887 Precision=0.9458 Recall=0.9394
epoch 131 | val AUROC=0.9869 AUPRC=0.9885 Precision=0.9463 Recall=0.9495
epoch 132 | val AUROC=0.9876 AUPRC=0.9892 Precision=0.9426 Recall=0.9394
epoch 133 | val AUROC=0.9854 AUPRC=0.9871 Precision=0.9396 Recall=0.9428
epoch 134 | val AUROC=0.9841 AUPRC=0.9860 Precision=0.9490 Recall=0.9394
epoch 135 | val AUROC=0.9880 AUPRC=0.9889 Precision=0.9465 Recall=0.9529
epoch 136 | val AUROC=0.9872 AUPRC=0.9886 Precision=0.9404 Recall=0.9562
epoch 137 | val AUROC=0.9878 AUPRC=0.9892 Precision=0.9314 Recall=0.9596
epoch 138 | val AUROC=0.9886 AUPRC=0.9895 Precision=0.9558 Recall=0.9461
epoch 139 | val AUROC=0.9890 AUPRC=0.9900 Precision=0.9394 Recall=0.9394
epoch 140 | val AUROC=0.9886 AUPRC=0.9901 Precision=0.9426 Recall=0.9394
epoch 141 | val AUROC=0.9894 AUPRC=0.9902 Precision=0.9428 Recall=0.9428
epoch 142 | val AUROC=0.9886 AUPRC=0.9898 Precision=0.9396 Recall=0.9428
epoch 143 | val AUROC=0.9892 AUPRC=0.9905 Precision=0.9314 Recall=0.9596
epoch 144 | val AUROC=0.9881 AUPRC=0.9898 Precision=0.9456 Recall=0.9360
epoch 145 | val AUROC=0.9886 AUPRC=0.9904 Precision=0.9371 Recall=0.9529
epoch 146 | val AUROC=0.9878 AUPRC=0.9894 Precision=0.9593 Recall=0.9529
epoch 147 | val AUROC=0.9879 AUPRC=0.9893 Precision=0.9450 Recall=0.9259
epoch 148 | val AUROC=0.9867 AUPRC=0.9892 Precision=0.9265 Recall=0.9764
epoch 149 | val AUROC=0.9887 AUPRC=0.9907 Precision=0.9490 Recall=0.9394
epoch 150 | val AUROC=0.9891 AUPRC=0.9911 Precision=0.9619 Recall=0.9360
epoch 151 | val AUROC=0.9896 AUPRC=0.9911 Precision=0.9377 Recall=0.9630
epoch 152 | val AUROC=0.9890 AUPRC=0.9909 Precision=0.9492 Recall=0.9428
epoch 153 | val AUROC=0.9886 AUPRC=0.9903 Precision=0.9433 Recall=0.9529
epoch 154 | val AUROC=0.9883 AUPRC=0.9898 Precision=0.9365 Recall=0.9428
epoch 155 | val AUROC=0.9885 AUPRC=0.9903 Precision=0.9309 Recall=0.9529
epoch 156 | val AUROC=0.9886 AUPRC=0.9906 Precision=0.9279 Recall=0.9529
epoch 157 | val AUROC=0.9887 AUPRC=0.9905 Precision=0.9367 Recall=0.9461
epoch 158 | val AUROC=0.9894 AUPRC=0.9911 Precision=0.9377 Recall=0.9630
epoch 159 | val AUROC=0.9883 AUPRC=0.9905 Precision=0.9553 Recall=0.9360
epoch 160 | val AUROC=0.9889 AUPRC=0.9907 Precision=0.9281 Recall=0.9562
epoch 161 | val AUROC=0.9872 AUPRC=0.9897 Precision=0.9204 Recall=0.9731
epoch 162 | val AUROC=0.9845 AUPRC=0.9877 Precision=0.9585 Recall=0.9327
epoch 163 | val AUROC=0.9854 AUPRC=0.9884 Precision=0.9305 Recall=0.9461
epoch 164 | val AUROC=0.9858 AUPRC=0.9891 Precision=0.9369 Recall=0.9495
epoch 165 | val AUROC=0.9883 AUPRC=0.9911 Precision=0.9553 Recall=0.9360
epoch 166 | val AUROC=0.9883 AUPRC=0.9907 Precision=0.9495 Recall=0.9495
epoch 167 | val AUROC=0.9900 AUPRC=0.9921 Precision=0.9689 Recall=0.9428
epoch 168 | val AUROC=0.9898 AUPRC=0.9923 Precision=0.9567 Recall=0.9663
epoch 169 | val AUROC=0.9890 AUPRC=0.9914 Precision=0.9689 Recall=0.9428
epoch 170 | val AUROC=0.9899 AUPRC=0.9920 Precision=0.9503 Recall=0.9663
epoch 171 | val AUROC=0.9899 AUPRC=0.9919 Precision=0.9658 Recall=0.9495
epoch 172 | val AUROC=0.9865 AUPRC=0.9885 Precision=0.9571 Recall=0.9764
epoch 173 | val AUROC=0.9865 AUPRC=0.9880 Precision=0.9530 Recall=0.9562
epoch 174 | val AUROC=0.9864 AUPRC=0.9873 Precision=0.9295 Recall=0.9764
epoch 175 | val AUROC=0.9869 AUPRC=0.9885 Precision=0.9684 Recall=0.9293
epoch 176 | val AUROC=0.9879 AUPRC=0.9897 Precision=0.9241 Recall=0.9832
epoch 177 | val AUROC=0.9880 AUPRC=0.9901 Precision=0.9419 Recall=0.9832
epoch 178 | val AUROC=0.9887 AUPRC=0.9901 Precision=0.9599 Recall=0.9663
epoch 179 | val AUROC=0.9896 AUPRC=0.9903 Precision=0.9524 Recall=0.9428
epoch 180 | val AUROC=0.9852 AUPRC=0.9864 Precision=0.9258 Recall=0.9663
epoch 181 | val AUROC=0.9890 AUPRC=0.9910 Precision=0.9561 Recall=0.9529
epoch 182 | val AUROC=0.9868 AUPRC=0.9886 Precision=0.9522 Recall=0.9394
epoch 183 | val AUROC=0.9883 AUPRC=0.9901 Precision=0.9369 Recall=0.9495
epoch 184 | val AUROC=0.9888 AUPRC=0.9914 Precision=0.9539 Recall=0.9764
epoch 185 | val AUROC=0.9859 AUPRC=0.9879 Precision=0.9493 Recall=0.9461
epoch 186 | val AUROC=0.9870 AUPRC=0.9891 Precision=0.9231 Recall=0.9697
epoch 187 | val AUROC=0.9889 AUPRC=0.9902 Precision=0.9714 Recall=0.9158
epoch 188 | val AUROC=0.9904 AUPRC=0.9926 Precision=0.9599 Recall=0.9663
[FIND BEST!] epoch 189 | val AUROC=0.9911 AUPRC=0.9928 Precision=0.9419 Recall=0.9832|
test AUROC=0.9717 AUPRC=0.9707 Precision=0.8983 Recall=0.9498
epoch 190 | val AUROC=0.9900 AUPRC=0.9918 Precision=0.9498 Recall=0.9562
[FIND BEST!] epoch 191 | val AUROC=0.9915 AUPRC=0.9931 Precision=0.9446 Recall=0.9764|
test AUROC=0.9724 AUPRC=0.9758 Precision=0.9181 Recall=0.9247
epoch 192 | val AUROC=0.9900 AUPRC=0.9919 Precision=0.9379 Recall=0.9663
epoch 193 | val AUROC=0.9901 AUPRC=0.9924 Precision=0.9757 Recall=0.9461
epoch 194 | val AUROC=0.9903 AUPRC=0.9920 Precision=0.9470 Recall=0.9630
epoch 195 | val AUROC=0.9889 AUPRC=0.9909 Precision=0.9693 Recall=0.9562
epoch 196 | val AUROC=0.9885 AUPRC=0.9911 Precision=0.9539 Recall=0.9764
epoch 197 | val AUROC=0.9877 AUPRC=0.9900 Precision=0.9559 Recall=0.9495
epoch 198 | val AUROC=0.9887 AUPRC=0.9909 Precision=0.9233 Recall=0.9731
epoch 199 | val AUROC=0.9887 AUPRC=0.9906 Precision=0.9693 Recall=0.9562
epoch 200 | val AUROC=0.9872 AUPRC=0.9894 Precision=0.9410 Recall=0.9663
epoch 201 | val AUROC=0.9888 AUPRC=0.9905 Precision=0.9632 Recall=0.9697
epoch 202 | val AUROC=0.9897 AUPRC=0.9915 Precision=0.9694 Recall=0.9596
epoch 203 | val AUROC=0.9883 AUPRC=0.9900 Precision=0.9441 Recall=0.9663
epoch 204 | val AUROC=0.9879 AUPRC=0.9896 Precision=0.9318 Recall=0.9663
[FIND BEST!] epoch 205 | val AUROC=0.9917 AUPRC=0.9930 Precision=0.9726 Recall=0.9562|
test AUROC=0.9777 AUPRC=0.9786 Precision=0.9427 Recall=0.9427
epoch 206 | val AUROC=0.9904 AUPRC=0.9922 Precision=0.9444 Recall=0.9731
epoch 207 | val AUROC=0.9889 AUPRC=0.9908 Precision=0.9404 Recall=0.9562
epoch 208 | val AUROC=0.9902 AUPRC=0.9920 Precision=0.9532 Recall=0.9596
epoch 209 | val AUROC=0.9894 AUPRC=0.9910 Precision=0.9323 Recall=0.9731
[FIND BEST!] epoch 210 | val AUROC=0.9922 AUPRC=0.9936 Precision=0.9693 Recall=0.9562|
test AUROC=0.9772 AUPRC=0.9801 Precision=0.9449 Recall=0.9211
epoch 211 | val AUROC=0.9921 AUPRC=0.9933 Precision=0.9532 Recall=0.9596
epoch 212 | val AUROC=0.9915 AUPRC=0.9924 Precision=0.9355 Recall=0.9764
[FIND BEST!] epoch 213 | val AUROC=0.9928 AUPRC=0.9937 Precision=0.9593 Recall=0.9529|
test AUROC=0.9767 AUPRC=0.9789 Precision=0.9324 Recall=0.9391
epoch 214 | val AUROC=0.9920 AUPRC=0.9929 Precision=0.9659 Recall=0.9529
epoch 215 | val AUROC=0.9906 AUPRC=0.9924 Precision=0.9630 Recall=0.9630
epoch 216 | val AUROC=0.9912 AUPRC=0.9923 Precision=0.9625 Recall=0.9495
epoch 217 | val AUROC=0.9924 AUPRC=0.9935 Precision=0.9590 Recall=0.9461
epoch 218 | val AUROC=0.9902 AUPRC=0.9914 Precision=0.9502 Recall=0.9630
epoch 219 | val AUROC=0.9892 AUPRC=0.9897 Precision=0.9410 Recall=0.9663
epoch 220 | val AUROC=0.9899 AUPRC=0.9907 Precision=0.9500 Recall=0.9596
epoch 221 | val AUROC=0.9904 AUPRC=0.9917 Precision=0.9592 Recall=0.9495
epoch 222 | val AUROC=0.9880 AUPRC=0.9896 Precision=0.9233 Recall=0.9731
epoch 223 | val AUROC=0.9888 AUPRC=0.9898 Precision=0.9172 Recall=0.9697
epoch 224 | val AUROC=0.9890 AUPRC=0.9900 Precision=0.9689 Recall=0.9428
epoch 225 | val AUROC=0.9901 AUPRC=0.9919 Precision=0.9559 Recall=0.9495
epoch 226 | val AUROC=0.9886 AUPRC=0.9897 Precision=0.9412 Recall=0.9697
epoch 227 | val AUROC=0.9903 AUPRC=0.9918 Precision=0.9564 Recall=0.9596
epoch 228 | val AUROC=0.9880 AUPRC=0.9903 Precision=0.9565 Recall=0.9630
epoch 229 | val AUROC=0.9870 AUPRC=0.9893 Precision=0.9658 Recall=0.9495
epoch 230 | val AUROC=0.9874 AUPRC=0.9897 Precision=0.9532 Recall=0.9596
epoch 231 | val AUROC=0.9891 AUPRC=0.9911 Precision=0.9567 Recall=0.9663
epoch 232 | val AUROC=0.9890 AUPRC=0.9909 Precision=0.9444 Recall=0.9731
epoch 233 | val AUROC=0.9880 AUPRC=0.9901 Precision=0.9470 Recall=0.9630
epoch 234 | val AUROC=0.9885 AUPRC=0.9903 Precision=0.9622 Recall=0.9428
epoch 235 | val AUROC=0.9879 AUPRC=0.9895 Precision=0.9718 Recall=0.9293
epoch 236 | val AUROC=0.9874 AUPRC=0.9898 Precision=0.9433 Recall=0.9529
epoch 237 | val AUROC=0.9912 AUPRC=0.9918 Precision=0.9753 Recall=0.9293
epoch 238 | val AUROC=0.9870 AUPRC=0.9885 Precision=0.9500 Recall=0.9596
epoch 239 | val AUROC=0.9850 AUPRC=0.9860 Precision=0.9653 Recall=0.9360
epoch 240 | val AUROC=0.9821 AUPRC=0.9836 Precision=0.9316 Recall=0.9630
epoch 241 | val AUROC=0.9836 AUPRC=0.9856 Precision=0.9428 Recall=0.9428
epoch 242 | val AUROC=0.9828 AUPRC=0.9844 Precision=0.9510 Recall=0.9158
epoch 243 | val AUROC=0.9858 AUPRC=0.9875 Precision=0.9302 Recall=0.9428
epoch 244 | val AUROC=0.9857 AUPRC=0.9874 Precision=0.9398 Recall=0.9461
epoch 245 | val AUROC=0.9858 AUPRC=0.9876 Precision=0.9613 Recall=0.9192
epoch 246 | val AUROC=0.9836 AUPRC=0.9858 Precision=0.9340 Recall=0.9529
epoch 247 | val AUROC=0.9843 AUPRC=0.9862 Precision=0.9426 Recall=0.9394
epoch 248 | val AUROC=0.9881 AUPRC=0.9889 Precision=0.9430 Recall=0.9461
epoch 249 | val AUROC=0.9823 AUPRC=0.9840 Precision=0.9394 Recall=0.9394
epoch 250 | val AUROC=0.9858 AUPRC=0.9871 Precision=0.9248 Recall=0.9529
epoch 251 | val AUROC=0.9857 AUPRC=0.9867 Precision=0.9305 Recall=0.9461
epoch 252 | val AUROC=0.9873 AUPRC=0.9882 Precision=0.9305 Recall=0.9461
epoch 253 | val AUROC=0.9906 AUPRC=0.9915 Precision=0.9398 Recall=0.9461
epoch 254 | val AUROC=0.9882 AUPRC=0.9896 Precision=0.9553 Recall=0.9360
epoch 255 | val AUROC=0.9883 AUPRC=0.9890 Precision=0.9490 Recall=0.9394
epoch 256 | val AUROC=0.9890 AUPRC=0.9897 Precision=0.9522 Recall=0.9394
epoch 257 | val AUROC=0.9882 AUPRC=0.9893 Precision=0.9495 Recall=0.9495
epoch 258 | val AUROC=0.9905 AUPRC=0.9910 Precision=0.9459 Recall=0.9428
epoch 259 | val AUROC=0.9909 AUPRC=0.9915 Precision=0.9783 Recall=0.9091
epoch 260 | val AUROC=0.9895 AUPRC=0.9904 Precision=0.9431 Recall=0.9495
epoch 261 | val AUROC=0.9882 AUPRC=0.9890 Precision=0.9458 Recall=0.9394
epoch 262 | val AUROC=0.9884 AUPRC=0.9894 Precision=0.9367 Recall=0.9461
epoch 263 | val AUROC=0.9894 AUPRC=0.9904 Precision=0.9521 Recall=0.9360
epoch 264 | val AUROC=0.9889 AUPRC=0.9899 Precision=0.9547 Recall=0.9226
epoch 265 | val AUROC=0.9891 AUPRC=0.9903 Precision=0.9177 Recall=0.9764
epoch 266 | val AUROC=0.9914 AUPRC=0.9924 Precision=0.9752 Recall=0.9259
epoch 267 | val AUROC=0.9890 AUPRC=0.9891 Precision=0.9430 Recall=0.9461
epoch 268 | val AUROC=0.9902 AUPRC=0.9903 Precision=0.9349 Recall=0.9663
epoch 269 | val AUROC=0.9871 AUPRC=0.9872 Precision=0.9428 Recall=0.9428
epoch 270 | val AUROC=0.9886 AUPRC=0.9887 Precision=0.9716 Recall=0.9226
epoch 271 | val AUROC=0.9877 AUPRC=0.9882 Precision=0.9461 Recall=0.9461
epoch 272 | val AUROC=0.9856 AUPRC=0.9865 Precision=0.9311 Recall=0.9562
epoch 273 | val AUROC=0.9869 AUPRC=0.9877 Precision=0.9689 Recall=0.9428
epoch 274 | val AUROC=0.9852 AUPRC=0.9867 Precision=0.9558 Recall=0.9461
epoch 275 | val AUROC=0.9862 AUPRC=0.9879 Precision=0.9456 Recall=0.9360
epoch 276 | val AUROC=0.9814 AUPRC=0.9823 Precision=0.9456 Recall=0.9360
epoch 277 | val AUROC=0.9830 AUPRC=0.9849 Precision=0.9073 Recall=0.9562
epoch 278 | val AUROC=0.9871 AUPRC=0.9874 Precision=0.9682 Recall=0.9226
epoch 279 | val AUROC=0.9855 AUPRC=0.9864 Precision=0.9525 Recall=0.9461
epoch 280 | val AUROC=0.9868 AUPRC=0.9865 Precision=0.9556 Recall=0.9428
epoch 281 | val AUROC=0.9888 AUPRC=0.9893 Precision=0.9527 Recall=0.9495
epoch 282 | val AUROC=0.9872 AUPRC=0.9871 Precision=0.9492 Recall=0.9428
epoch 283 | val AUROC=0.9892 AUPRC=0.9895 Precision=0.9752 Recall=0.9259
epoch 284 | val AUROC=0.9882 AUPRC=0.9890 Precision=0.9286 Recall=0.9630
epoch 285 | val AUROC=0.9878 AUPRC=0.9890 Precision=0.9625 Recall=0.9495
epoch 286 | val AUROC=0.9870 AUPRC=0.9884 Precision=0.9654 Recall=0.9394
epoch 287 | val AUROC=0.9873 AUPRC=0.9896 Precision=0.9622 Recall=0.9428
epoch 288 | val AUROC=0.9833 AUPRC=0.9854 Precision=0.9223 Recall=0.9596
epoch 289 | val AUROC=0.9872 AUPRC=0.9899 Precision=0.9559 Recall=0.9495
epoch 290 | val AUROC=0.9877 AUPRC=0.9907 Precision=0.9625 Recall=0.9495
epoch 291 | val AUROC=0.9876 AUPRC=0.9906 Precision=0.9529 Recall=0.9529
epoch 292 | val AUROC=0.9873 AUPRC=0.9901 Precision=0.9495 Recall=0.9495
epoch 293 | val AUROC=0.9870 AUPRC=0.9896 Precision=0.9559 Recall=0.9495
epoch 294 | val AUROC=0.9879 AUPRC=0.9903 Precision=0.9655 Recall=0.9428
epoch 295 | val AUROC=0.9878 AUPRC=0.9903 Precision=0.9589 Recall=0.9428
epoch 296 | val AUROC=0.9857 AUPRC=0.9880 Precision=0.9527 Recall=0.9495
epoch 297 | val AUROC=0.9883 AUPRC=0.9904 Precision=0.9525 Recall=0.9461
epoch 298 | val AUROC=0.9883 AUPRC=0.9905 Precision=0.9589 Recall=0.9428
epoch 299 | val AUROC=0.9882 AUPRC=0.9904 Precision=0.9689 Recall=0.9428
epoch 300 | val AUROC=0.9873 AUPRC=0.9895 Precision=0.9527 Recall=0.9495
epoch 301 | val AUROC=0.9878 AUPRC=0.9899 Precision=0.9655 Recall=0.9428
epoch 302 | val AUROC=0.9878 AUPRC=0.9902 Precision=0.9559 Recall=0.9495
epoch 303 | val AUROC=0.9872 AUPRC=0.9892 Precision=0.9458 Recall=0.9394
epoch 304 | val AUROC=0.9869 AUPRC=0.9885 Precision=0.9256 Recall=0.9630
epoch 305 | val AUROC=0.9904 AUPRC=0.9917 Precision=0.9498 Recall=0.9562
epoch 306 | val AUROC=0.9909 AUPRC=0.9920 Precision=0.9497 Recall=0.9529
epoch 307 | val AUROC=0.9883 AUPRC=0.9904 Precision=0.9461 Recall=0.9461
epoch 308 | val AUROC=0.9875 AUPRC=0.9902 Precision=0.9553 Recall=0.9360
epoch 309 | val AUROC=0.9858 AUPRC=0.9887 Precision=0.9495 Recall=0.9495
epoch 310 | val AUROC=0.9873 AUPRC=0.9893 Precision=0.9555 Recall=0.9394
epoch 311 | val AUROC=0.9899 AUPRC=0.9915 Precision=0.9498 Recall=0.9562
epoch 312 | val AUROC=0.9892 AUPRC=0.9906 Precision=0.9498 Recall=0.9562
/root/HAG-DTA/py38_env/lib/python3.8/site-packages/torch_geometric/deprecation.py:26: UserWarning: 'data.DenseDataLoader' is deprecated, use 'loader.DenseDataLoader' instead
  warnings.warn(out)
epoch 313 | val AUROC=0.9860 AUPRC=0.9884 Precision=0.9619 Recall=0.9360
epoch 314 | val AUROC=0.9882 AUPRC=0.9899 Precision=0.9583 Recall=0.9293
epoch 315 | val AUROC=0.9885 AUPRC=0.9901 Precision=0.9655 Recall=0.9428
epoch 316 | val AUROC=0.9875 AUPRC=0.9895 Precision=0.9286 Recall=0.9630
epoch 317 | val AUROC=0.9883 AUPRC=0.9904 Precision=0.9586 Recall=0.9360
epoch 318 | val AUROC=0.9874 AUPRC=0.9905 Precision=0.9596 Recall=0.9596
epoch 319 | val AUROC=0.9892 AUPRC=0.9911 Precision=0.9465 Recall=0.9529
epoch 320 | val AUROC=0.9895 AUPRC=0.9916 Precision=0.9525 Recall=0.9461
epoch 321 | val AUROC=0.9895 AUPRC=0.9920 Precision=0.9727 Recall=0.9596
epoch 322 | val AUROC=0.9899 AUPRC=0.9919 Precision=0.9567 Recall=0.9663
epoch 323 | val AUROC=0.9884 AUPRC=0.9905 Precision=0.9470 Recall=0.9630
epoch 324 | val AUROC=0.9872 AUPRC=0.9898 Precision=0.9725 Recall=0.9529
epoch 325 | val AUROC=0.9887 AUPRC=0.9907 Precision=0.9691 Recall=0.9495
epoch 326 | val AUROC=0.9898 AUPRC=0.9908 Precision=0.9228 Recall=0.9663
epoch 327 | val AUROC=0.9857 AUPRC=0.9837 Precision=0.9463 Recall=0.9495
epoch 328 | val AUROC=0.9915 AUPRC=0.9923 Precision=0.9819 Recall=0.9158
epoch 329 | val AUROC=0.9906 AUPRC=0.9916 Precision=0.9500 Recall=0.9596
epoch 330 | val AUROC=0.9882 AUPRC=0.9893 Precision=0.9281 Recall=0.9562
epoch 331 | val AUROC=0.9903 AUPRC=0.9911 Precision=0.9592 Recall=0.9495
epoch 332 | val AUROC=0.9896 AUPRC=0.9907 Precision=0.9529 Recall=0.9529
epoch 333 | val AUROC=0.9899 AUPRC=0.9911 Precision=0.9556 Recall=0.9428
epoch 334 | val AUROC=0.9885 AUPRC=0.9894 Precision=0.9654 Recall=0.9394
epoch 335 | val AUROC=0.9888 AUPRC=0.9897 Precision=0.9658 Recall=0.9495
epoch 336 | val AUROC=0.9881 AUPRC=0.9890 Precision=0.9251 Recall=0.9562
epoch 337 | val AUROC=0.9875 AUPRC=0.9889 Precision=0.9559 Recall=0.9495
epoch 338 | val AUROC=0.9888 AUPRC=0.9903 Precision=0.9400 Recall=0.9495
epoch 339 | val AUROC=0.9886 AUPRC=0.9901 Precision=0.9253 Recall=0.9596
epoch 340 | val AUROC=0.9867 AUPRC=0.9881 Precision=0.9371 Recall=0.9529
epoch 341 | val AUROC=0.9899 AUPRC=0.9909 Precision=0.9593 Recall=0.9529
epoch 342 | val AUROC=0.9881 AUPRC=0.9885 Precision=0.9692 Recall=0.9529
epoch 343 | val AUROC=0.9897 AUPRC=0.9909 Precision=0.9631 Recall=0.9663
epoch 344 | val AUROC=0.9868 AUPRC=0.9887 Precision=0.9463 Recall=0.9495
epoch 345 | val AUROC=0.9866 AUPRC=0.9892 Precision=0.9854 Recall=0.9091
epoch 346 | val AUROC=0.9861 AUPRC=0.9886 Precision=0.9329 Recall=0.9360
epoch 347 | val AUROC=0.9878 AUPRC=0.9904 Precision=0.9593 Recall=0.9529
epoch 348 | val AUROC=0.9864 AUPRC=0.9893 Precision=0.9788 Recall=0.9327
epoch 349 | val AUROC=0.9875 AUPRC=0.9898 Precision=0.9821 Recall=0.9259
epoch 350 | val AUROC=0.9858 AUPRC=0.9871 Precision=0.9556 Recall=0.9428
epoch 351 | val AUROC=0.9883 AUPRC=0.9894 Precision=0.9723 Recall=0.9461
epoch 352 | val AUROC=0.9901 AUPRC=0.9917 Precision=0.9722 Recall=0.9428
epoch 353 | val AUROC=0.9895 AUPRC=0.9909 Precision=0.9723 Recall=0.9461
epoch 354 | val AUROC=0.9876 AUPRC=0.9885 Precision=0.9690 Recall=0.9461
epoch 355 | val AUROC=0.9868 AUPRC=0.9880 Precision=0.9753 Recall=0.9293
epoch 356 | val AUROC=0.9873 AUPRC=0.9884 Precision=0.9502 Recall=0.9630
epoch 357 | val AUROC=0.9880 AUPRC=0.9891 Precision=0.9659 Recall=0.9529
epoch 358 | val AUROC=0.9872 AUPRC=0.9889 Precision=0.9592 Recall=0.9495
epoch 359 | val AUROC=0.9891 AUPRC=0.9906 Precision=0.9685 Recall=0.9327
epoch 360 | val AUROC=0.9871 AUPRC=0.9892 Precision=0.9593 Recall=0.9529
epoch 361 | val AUROC=0.9864 AUPRC=0.9883 Precision=0.9688 Recall=0.9394
epoch 362 | val AUROC=0.9869 AUPRC=0.9892 Precision=0.9592 Recall=0.9495
epoch 363 | val AUROC=0.9848 AUPRC=0.9872 Precision=0.9649 Recall=0.9259
epoch 364 | val AUROC=0.9873 AUPRC=0.9893 Precision=0.9558 Recall=0.9461
epoch 365 | val AUROC=0.9892 AUPRC=0.9910 Precision=0.9527 Recall=0.9495
epoch 366 | val AUROC=0.9846 AUPRC=0.9867 Precision=0.9465 Recall=0.9529
epoch 367 | val AUROC=0.9843 AUPRC=0.9861 Precision=0.9650 Recall=0.9293
epoch 368 | val AUROC=0.9853 AUPRC=0.9874 Precision=0.9691 Recall=0.9495
epoch 369 | val AUROC=0.9860 AUPRC=0.9881 Precision=0.9691 Recall=0.9495
epoch 370 | val AUROC=0.9854 AUPRC=0.9882 Precision=0.9721 Recall=0.9394
epoch 371 | val AUROC=0.9866 AUPRC=0.9891 Precision=0.9688 Recall=0.9394
epoch 372 | val AUROC=0.9859 AUPRC=0.9885 Precision=0.9656 Recall=0.9461
epoch 373 | val AUROC=0.9848 AUPRC=0.9874 Precision=0.9653 Recall=0.9360
epoch 374 | val AUROC=0.9834 AUPRC=0.9856 Precision=0.9755 Recall=0.9394
epoch 375 | val AUROC=0.9842 AUPRC=0.9859 Precision=0.9590 Recall=0.9461
epoch 376 | val AUROC=0.9848 AUPRC=0.9864 Precision=0.9558 Recall=0.9461
epoch 377 | val AUROC=0.9862 AUPRC=0.9876 Precision=0.9656 Recall=0.9461
epoch 378 | val AUROC=0.9848 AUPRC=0.9860 Precision=0.9433 Recall=0.9529
epoch 379 | val AUROC=0.9880 AUPRC=0.9891 Precision=0.9689 Recall=0.9428
epoch 380 | val AUROC=0.9892 AUPRC=0.9907 Precision=0.9472 Recall=0.9663
epoch 381 | val AUROC=0.9845 AUPRC=0.9859 Precision=0.9754 Recall=0.9360
epoch 382 | val AUROC=0.9888 AUPRC=0.9897 Precision=0.9498 Recall=0.9562
epoch 383 | val AUROC=0.9896 AUPRC=0.9900 Precision=0.9589 Recall=0.9428
epoch 384 | val AUROC=0.9894 AUPRC=0.9898 Precision=0.9688 Recall=0.9394
epoch 385 | val AUROC=0.9884 AUPRC=0.9890 Precision=0.9561 Recall=0.9529
epoch 386 | val AUROC=0.9903 AUPRC=0.9908 Precision=0.9650 Recall=0.9293
epoch 387 | val AUROC=0.9866 AUPRC=0.9878 Precision=0.9191 Recall=0.9562
epoch 388 | val AUROC=0.9879 AUPRC=0.9892 Precision=0.9529 Recall=0.9529
epoch 389 | val AUROC=0.9892 AUPRC=0.9905 Precision=0.9755 Recall=0.9394
epoch 390 | val AUROC=0.9867 AUPRC=0.9890 Precision=0.9433 Recall=0.9529
epoch 391 | val AUROC=0.9892 AUPRC=0.9900 Precision=0.9654 Recall=0.9394
epoch 392 | val AUROC=0.9881 AUPRC=0.9887 Precision=0.9622 Recall=0.9428
epoch 393 | val AUROC=0.9871 AUPRC=0.9882 Precision=0.9585 Recall=0.9327
epoch 394 | val AUROC=0.9874 AUPRC=0.9885 Precision=0.9618 Recall=0.9327
epoch 395 | val AUROC=0.9875 AUPRC=0.9894 Precision=0.9500 Recall=0.9596
epoch 396 | val AUROC=0.9881 AUPRC=0.9899 Precision=0.9718 Recall=0.9293
epoch 397 | val AUROC=0.9874 AUPRC=0.9895 Precision=0.9596 Recall=0.9596
epoch 398 | val AUROC=0.9867 AUPRC=0.9885 Precision=0.9625 Recall=0.9495
epoch 399 | val AUROC=0.9877 AUPRC=0.9882 Precision=0.9655 Recall=0.9428
epoch 400 | val AUROC=0.9880 AUPRC=0.9865 Precision=0.9690 Recall=0.9461
epoch 401 | val AUROC=0.9874 AUPRC=0.9862 Precision=0.9661 Recall=0.9596
epoch 402 | val AUROC=0.9870 AUPRC=0.9863 Precision=0.9626 Recall=0.9529
epoch 403 | val AUROC=0.9867 AUPRC=0.9857 Precision=0.9530 Recall=0.9562
epoch 404 | val AUROC=0.9863 AUPRC=0.9867 Precision=0.9564 Recall=0.9596
epoch 405 | val AUROC=0.9860 AUPRC=0.9867 Precision=0.9660 Recall=0.9562
epoch 406 | val AUROC=0.9868 AUPRC=0.9867 Precision=0.9693 Recall=0.9562
epoch 407 | val AUROC=0.9862 AUPRC=0.9872 Precision=0.9658 Recall=0.9495
epoch 408 | val AUROC=0.9870 AUPRC=0.9886 Precision=0.9593 Recall=0.9529
epoch 409 | val AUROC=0.9866 AUPRC=0.9886 Precision=0.9724 Recall=0.9495
epoch 410 | val AUROC=0.9844 AUPRC=0.9858 Precision=0.9655 Recall=0.9428
epoch 411 | val AUROC=0.9855 AUPRC=0.9872 Precision=0.9625 Recall=0.9495
epoch 412 | val AUROC=0.9860 AUPRC=0.9873 Precision=0.9656 Recall=0.9461
epoch 413 | val AUROC=0.9853 AUPRC=0.9853 Precision=0.9719 Recall=0.9327
early stopping at epoch 413
