Diff_DTA_GIN
dataset: Human
Learning rate: 0.0005
Epochs: 1000
Validation interval: 1
Early stop patience: 200
pool_alpha: 0.05
mmd_beta: 1.5

running on Human, seed=100
Pre-processed data found: /root/autodl-tmp/HAG-DTA-cache/processed/Human_train.pt, loading ...
Pre-processed data found: /root/autodl-tmp/HAG-DTA-cache/processed/Human_val.pt, loading ...
Pre-processed data found: /root/autodl-tmp/HAG-DTA-cache/processed/Human_test.pt, loading ...
Hierarchical pooling: n1=7, n2=3
[FIND BEST!] epoch 1 | val AUROC=0.8905 AUPRC=0.9027 Precision=0.7827 Recall=0.8249|
test AUROC=0.8856 AUPRC=0.8881 Precision=0.7597 Recall=0.8387
[FIND BEST!] epoch 2 | val AUROC=0.9299 AUPRC=0.9399 Precision=0.7541 Recall=0.9192|
test AUROC=0.9279 AUPRC=0.9320 Precision=0.7328 Recall=0.9140
[FIND BEST!] epoch 3 | val AUROC=0.9461 AUPRC=0.9562 Precision=0.9081 Recall=0.8653|
test AUROC=0.9411 AUPRC=0.9446 Precision=0.8421 Recall=0.8602
[FIND BEST!] epoch 4 | val AUROC=0.9689 AUPRC=0.9733 Precision=0.9719 Recall=0.8148|
test AUROC=0.9593 AUPRC=0.9563 Precision=0.9412 Recall=0.8029
[FIND BEST!] epoch 5 | val AUROC=0.9721 AUPRC=0.9768 Precision=0.9133 Recall=0.9226|
test AUROC=0.9653 AUPRC=0.9649 Precision=0.8685 Recall=0.8996
[FIND BEST!] epoch 6 | val AUROC=0.9755 AUPRC=0.9812 Precision=0.9579 Recall=0.9192|
test AUROC=0.9672 AUPRC=0.9399 Precision=0.9182 Recall=0.8853
[FIND BEST!] epoch 7 | val AUROC=0.9767 AUPRC=0.9637 Precision=0.9799 Recall=0.8215|
test AUROC=0.9682 AUPRC=0.9681 Precision=0.9648 Recall=0.7849
epoch 8 | val AUROC=0.9758 AUPRC=0.9798 Precision=0.8507 Recall=0.9596
[FIND BEST!] epoch 9 | val AUROC=0.9811 AUPRC=0.9837 Precision=0.9426 Recall=0.9394|
test AUROC=0.9736 AUPRC=0.9722 Precision=0.9097 Recall=0.9032
epoch 10 | val AUROC=0.9797 AUPRC=0.9832 Precision=0.9392 Recall=0.9360
[FIND BEST!] epoch 11 | val AUROC=0.9822 AUPRC=0.9845 Precision=0.9048 Recall=0.9596|
test AUROC=0.9742 AUPRC=0.9733 Precision=0.8669 Recall=0.9570
epoch 12 | val AUROC=0.9804 AUPRC=0.9841 Precision=0.9486 Recall=0.9327
[FIND BEST!] epoch 13 | val AUROC=0.9840 AUPRC=0.9692 Precision=0.9647 Recall=0.9192|
test AUROC=0.9729 AUPRC=0.9724 Precision=0.9462 Recall=0.8817
epoch 14 | val AUROC=0.9828 AUPRC=0.9854 Precision=0.9073 Recall=0.9562
[FIND BEST!] epoch 15 | val AUROC=0.9850 AUPRC=0.9871 Precision=0.8882 Recall=0.9630|
test AUROC=0.9797 AUPRC=0.9786 Precision=0.8721 Recall=0.9534
[FIND BEST!] epoch 16 | val AUROC=0.9859 AUPRC=0.9874 Precision=0.8851 Recall=0.9596|
test AUROC=0.9752 AUPRC=0.9748 Precision=0.8599 Recall=0.9462
epoch 17 | val AUROC=0.9829 AUPRC=0.9860 Precision=0.9483 Recall=0.9259
[FIND BEST!] epoch 18 | val AUROC=0.9868 AUPRC=0.9889 Precision=0.9279 Recall=0.9529|
test AUROC=0.9768 AUPRC=0.9771 Precision=0.8956 Recall=0.9534
[FIND BEST!] epoch 19 | val AUROC=0.9869 AUPRC=0.9892 Precision=0.9745 Recall=0.9024|
test AUROC=0.9783 AUPRC=0.9789 Precision=0.9605 Recall=0.8710
epoch 20 | val AUROC=0.9837 AUPRC=0.9864 Precision=0.9076 Recall=0.9596
epoch 21 | val AUROC=0.9845 AUPRC=0.9864 Precision=0.9186 Recall=0.9495
[FIND BEST!] epoch 22 | val AUROC=0.9872 AUPRC=0.9885 Precision=0.9311 Recall=0.9562|
test AUROC=0.9802 AUPRC=0.9802 Precision=0.9062 Recall=0.9355
epoch 23 | val AUROC=0.9850 AUPRC=0.9871 Precision=0.9281 Recall=0.9562
epoch 24 | val AUROC=0.9842 AUPRC=0.9867 Precision=0.8916 Recall=0.9697
epoch 25 | val AUROC=0.9862 AUPRC=0.9878 Precision=0.9707 Recall=0.8923
epoch 26 | val AUROC=0.9825 AUPRC=0.9846 Precision=0.9167 Recall=0.9630
epoch 27 | val AUROC=0.9834 AUPRC=0.9857 Precision=0.9369 Recall=0.9495
epoch 28 | val AUROC=0.9839 AUPRC=0.9860 Precision=0.9365 Recall=0.9428
epoch 29 | val AUROC=0.9840 AUPRC=0.9873 Precision=0.9140 Recall=0.9663
epoch 30 | val AUROC=0.9867 AUPRC=0.9885 Precision=0.9619 Recall=0.9360
epoch 31 | val AUROC=0.9871 AUPRC=0.9893 Precision=0.9238 Recall=0.9798
epoch 32 | val AUROC=0.9850 AUPRC=0.9876 Precision=0.9221 Recall=0.9562
epoch 33 | val AUROC=0.9862 AUPRC=0.9882 Precision=0.9555 Recall=0.9394
epoch 34 | val AUROC=0.9854 AUPRC=0.9872 Precision=0.9221 Recall=0.9562
epoch 35 | val AUROC=0.9863 AUPRC=0.9882 Precision=0.9618 Recall=0.9327
epoch 36 | val AUROC=0.9856 AUPRC=0.9883 Precision=0.9320 Recall=0.9697
epoch 37 | val AUROC=0.9819 AUPRC=0.9850 Precision=0.9424 Recall=0.9360
epoch 38 | val AUROC=0.9839 AUPRC=0.9864 Precision=0.9430 Recall=0.9461
epoch 39 | val AUROC=0.9857 AUPRC=0.9882 Precision=0.9221 Recall=0.9562
epoch 40 | val AUROC=0.9860 AUPRC=0.9886 Precision=0.9428 Recall=0.9428
epoch 41 | val AUROC=0.9852 AUPRC=0.9873 Precision=0.9132 Recall=0.9562
epoch 42 | val AUROC=0.9845 AUPRC=0.9870 Precision=0.9585 Recall=0.9327
epoch 43 | val AUROC=0.9833 AUPRC=0.9864 Precision=0.9458 Recall=0.9394
epoch 44 | val AUROC=0.9819 AUPRC=0.9860 Precision=0.9555 Recall=0.9394
epoch 45 | val AUROC=0.9855 AUPRC=0.9893 Precision=0.9228 Recall=0.9663
epoch 46 | val AUROC=0.9854 AUPRC=0.9884 Precision=0.9243 Recall=0.9461
epoch 47 | val AUROC=0.9837 AUPRC=0.9874 Precision=0.9680 Recall=0.9158
epoch 48 | val AUROC=0.9869 AUPRC=0.9892 Precision=0.9241 Recall=0.9428
epoch 49 | val AUROC=0.9848 AUPRC=0.9874 Precision=0.9221 Recall=0.9562
epoch 50 | val AUROC=0.9861 AUPRC=0.9889 Precision=0.9752 Recall=0.9259
epoch 51 | val AUROC=0.9860 AUPRC=0.9887 Precision=0.9467 Recall=0.9562
epoch 52 | val AUROC=0.9870 AUPRC=0.9899 Precision=0.9088 Recall=0.9731
epoch 53 | val AUROC=0.9866 AUPRC=0.9894 Precision=0.9336 Recall=0.9461
epoch 54 | val AUROC=0.9871 AUPRC=0.9905 Precision=0.9618 Recall=0.9327
epoch 55 | val AUROC=0.9865 AUPRC=0.9897 Precision=0.9433 Recall=0.9529
epoch 56 | val AUROC=0.9832 AUPRC=0.9873 Precision=0.9679 Recall=0.9125
epoch 57 | val AUROC=0.9857 AUPRC=0.9891 Precision=0.9223 Recall=0.9596
epoch 58 | val AUROC=0.9869 AUPRC=0.9904 Precision=0.9431 Recall=0.9495
epoch 59 | val AUROC=0.9819 AUPRC=0.9870 Precision=0.9433 Recall=0.9529
epoch 60 | val AUROC=0.9847 AUPRC=0.9885 Precision=0.9439 Recall=0.9630
epoch 61 | val AUROC=0.9844 AUPRC=0.9877 Precision=0.9349 Recall=0.9663
epoch 62 | val AUROC=0.9846 AUPRC=0.9883 Precision=0.9201 Recall=0.9697
epoch 63 | val AUROC=0.9842 AUPRC=0.9886 Precision=0.9617 Recall=0.9293
epoch 64 | val AUROC=0.9822 AUPRC=0.9861 Precision=0.9367 Recall=0.9461
epoch 65 | val AUROC=0.9838 AUPRC=0.9878 Precision=0.9243 Recall=0.9461
epoch 66 | val AUROC=0.9816 AUPRC=0.9862 Precision=0.9302 Recall=0.9428
epoch 67 | val AUROC=0.9841 AUPRC=0.9869 Precision=0.9223 Recall=0.9596
epoch 68 | val AUROC=0.9842 AUPRC=0.9875 Precision=0.9186 Recall=0.9495
epoch 69 | val AUROC=0.9842 AUPRC=0.9874 Precision=0.9333 Recall=0.9428
[FIND BEST!] epoch 70 | val AUROC=0.9872 AUPRC=0.9895 Precision=0.9079 Recall=0.9630|
test AUROC=0.9742 AUPRC=0.9761 Precision=0.8796 Recall=0.9427
epoch 71 | val AUROC=0.9860 AUPRC=0.9885 Precision=0.9377 Recall=0.9630
[FIND BEST!] epoch 72 | val AUROC=0.9882 AUPRC=0.9903 Precision=0.9309 Recall=0.9529|
test AUROC=0.9757 AUPRC=0.9761 Precision=0.9190 Recall=0.9355
epoch 73 | val AUROC=0.9868 AUPRC=0.9895 Precision=0.9251 Recall=0.9562
epoch 74 | val AUROC=0.9864 AUPRC=0.9885 Precision=0.9307 Recall=0.9495
epoch 75 | val AUROC=0.9871 AUPRC=0.9895 Precision=0.9619 Recall=0.9360
epoch 76 | val AUROC=0.9877 AUPRC=0.9897 Precision=0.9406 Recall=0.9596
epoch 77 | val AUROC=0.9851 AUPRC=0.9882 Precision=0.9458 Recall=0.9394
epoch 78 | val AUROC=0.9875 AUPRC=0.9902 Precision=0.9349 Recall=0.9663
epoch 79 | val AUROC=0.9846 AUPRC=0.9881 Precision=0.9375 Recall=0.9596
epoch 80 | val AUROC=0.9874 AUPRC=0.9900 Precision=0.9493 Recall=0.9461
epoch 81 | val AUROC=0.9859 AUPRC=0.9896 Precision=0.9248 Recall=0.9529
epoch 82 | val AUROC=0.9861 AUPRC=0.9901 Precision=0.9263 Recall=0.9731
epoch 83 | val AUROC=0.9828 AUPRC=0.9873 Precision=0.9305 Recall=0.9461
epoch 84 | val AUROC=0.9827 AUPRC=0.9868 Precision=0.9461 Recall=0.9461
epoch 85 | val AUROC=0.9850 AUPRC=0.9883 Precision=0.9233 Recall=0.9731
epoch 86 | val AUROC=0.9834 AUPRC=0.9874 Precision=0.9373 Recall=0.9562
epoch 87 | val AUROC=0.9847 AUPRC=0.9879 Precision=0.9025 Recall=0.9663
epoch 88 | val AUROC=0.9873 AUPRC=0.9895 Precision=0.9519 Recall=0.9327
/root/HAG-DTA/py38_env/lib/python3.8/site-packages/torch_geometric/deprecation.py:26: UserWarning: 'data.DenseDataLoader' is deprecated, use 'loader.DenseDataLoader' instead
  warnings.warn(out)
[FIND BEST!] epoch 89 | val AUROC=0.9887 AUPRC=0.9900 Precision=0.9260 Recall=0.9697|
test AUROC=0.9732 AUPRC=0.9715 Precision=0.9158 Recall=0.9355
epoch 90 | val AUROC=0.9878 AUPRC=0.9900 Precision=0.9281 Recall=0.9562
epoch 91 | val AUROC=0.9865 AUPRC=0.9890 Precision=0.9555 Recall=0.9394
epoch 92 | val AUROC=0.9873 AUPRC=0.9892 Precision=0.9143 Recall=0.9697
epoch 93 | val AUROC=0.9874 AUPRC=0.9891 Precision=0.9585 Recall=0.9327
epoch 94 | val AUROC=0.9881 AUPRC=0.9900 Precision=0.9338 Recall=0.9495
epoch 95 | val AUROC=0.9880 AUPRC=0.9903 Precision=0.9556 Recall=0.9428
[FIND BEST!] epoch 96 | val AUROC=0.9893 AUPRC=0.9909 Precision=0.9369 Recall=0.9495|
test AUROC=0.9772 AUPRC=0.9746 Precision=0.9357 Recall=0.9391
epoch 97 | val AUROC=0.9882 AUPRC=0.9902 Precision=0.9595 Recall=0.9562
epoch 98 | val AUROC=0.9889 AUPRC=0.9906 Precision=0.9402 Recall=0.9529
epoch 99 | val AUROC=0.9854 AUPRC=0.9861 Precision=0.9477 Recall=0.9158
[FIND BEST!] epoch 100 | val AUROC=0.9895 AUPRC=0.9902 Precision=0.9408 Recall=0.9630|
test AUROC=0.9742 AUPRC=0.9745 Precision=0.9193 Recall=0.9391
epoch 101 | val AUROC=0.9872 AUPRC=0.9887 Precision=0.9529 Recall=0.9529
[FIND BEST!] epoch 102 | val AUROC=0.9900 AUPRC=0.9908 Precision=0.9132 Recall=0.9562|
test AUROC=0.9776 AUPRC=0.9757 Precision=0.9103 Recall=0.9462
epoch 103 | val AUROC=0.9890 AUPRC=0.9897 Precision=0.9521 Recall=0.9360
epoch 104 | val AUROC=0.9899 AUPRC=0.9900 Precision=0.9246 Recall=0.9495
[FIND BEST!] epoch 105 | val AUROC=0.9911 AUPRC=0.9920 Precision=0.9558 Recall=0.9461|
test AUROC=0.9735 AUPRC=0.9741 Precision=0.9375 Recall=0.9140
epoch 106 | val AUROC=0.9885 AUPRC=0.9901 Precision=0.9167 Recall=0.9630
epoch 107 | val AUROC=0.9871 AUPRC=0.9889 Precision=0.9613 Recall=0.9192
epoch 108 | val AUROC=0.9885 AUPRC=0.9905 Precision=0.9256 Recall=0.9630
epoch 109 | val AUROC=0.9890 AUPRC=0.9911 Precision=0.9373 Recall=0.9562
epoch 110 | val AUROC=0.9871 AUPRC=0.9897 Precision=0.9373 Recall=0.9562
epoch 111 | val AUROC=0.9866 AUPRC=0.9893 Precision=0.9156 Recall=0.9495
epoch 112 | val AUROC=0.9875 AUPRC=0.9896 Precision=0.9333 Recall=0.9428
epoch 113 | val AUROC=0.9863 AUPRC=0.9889 Precision=0.9524 Recall=0.9428
epoch 114 | val AUROC=0.9874 AUPRC=0.9898 Precision=0.9248 Recall=0.9529
epoch 115 | val AUROC=0.9870 AUPRC=0.9889 Precision=0.9367 Recall=0.9461
epoch 116 | val AUROC=0.9859 AUPRC=0.9880 Precision=0.9241 Recall=0.9428
epoch 117 | val AUROC=0.9878 AUPRC=0.9899 Precision=0.9394 Recall=0.9394
epoch 118 | val AUROC=0.9872 AUPRC=0.9895 Precision=0.9256 Recall=0.9630
epoch 119 | val AUROC=0.9888 AUPRC=0.9905 Precision=0.9342 Recall=0.9562
epoch 120 | val AUROC=0.9886 AUPRC=0.9906 Precision=0.9459 Recall=0.9428
epoch 121 | val AUROC=0.9893 AUPRC=0.9910 Precision=0.9463 Recall=0.9495
epoch 122 | val AUROC=0.9848 AUPRC=0.9875 Precision=0.9647 Recall=0.9192
epoch 123 | val AUROC=0.9856 AUPRC=0.9880 Precision=0.9420 Recall=0.9293
epoch 124 | val AUROC=0.9872 AUPRC=0.9894 Precision=0.9583 Recall=0.9293
epoch 125 | val AUROC=0.9875 AUPRC=0.9892 Precision=0.9218 Recall=0.9529
epoch 126 | val AUROC=0.9849 AUPRC=0.9873 Precision=0.9607 Recall=0.9057
epoch 127 | val AUROC=0.9849 AUPRC=0.9873 Precision=0.9216 Recall=0.9495
epoch 128 | val AUROC=0.9861 AUPRC=0.9879 Precision=0.9430 Recall=0.9461
epoch 129 | val AUROC=0.9867 AUPRC=0.9887 Precision=0.9307 Recall=0.9495
epoch 130 | val AUROC=0.9881 AUPRC=0.9901 Precision=0.9524 Recall=0.9428
epoch 131 | val AUROC=0.9881 AUPRC=0.9902 Precision=0.9369 Recall=0.9495
epoch 132 | val AUROC=0.9880 AUPRC=0.9901 Precision=0.9430 Recall=0.9461
epoch 133 | val AUROC=0.9893 AUPRC=0.9910 Precision=0.9493 Recall=0.9461
epoch 134 | val AUROC=0.9896 AUPRC=0.9910 Precision=0.9369 Recall=0.9495
epoch 135 | val AUROC=0.9887 AUPRC=0.9906 Precision=0.9529 Recall=0.9529
epoch 136 | val AUROC=0.9886 AUPRC=0.9901 Precision=0.9433 Recall=0.9529
epoch 137 | val AUROC=0.9888 AUPRC=0.9897 Precision=0.9311 Recall=0.9562
epoch 138 | val AUROC=0.9864 AUPRC=0.9884 Precision=0.9164 Recall=0.9596
epoch 139 | val AUROC=0.9880 AUPRC=0.9898 Precision=0.9433 Recall=0.9529
epoch 140 | val AUROC=0.9852 AUPRC=0.9838 Precision=0.9463 Recall=0.9495
epoch 141 | val AUROC=0.9855 AUPRC=0.9836 Precision=0.9256 Recall=0.9630
epoch 142 | val AUROC=0.9855 AUPRC=0.9872 Precision=0.9514 Recall=0.9226
epoch 143 | val AUROC=0.9864 AUPRC=0.9877 Precision=0.8969 Recall=0.9663
epoch 144 | val AUROC=0.9890 AUPRC=0.9898 Precision=0.9371 Recall=0.9529
non-finite loss at epoch 145: Non-finite training loss: bce=0.00736574, link=0.0176001, entropy=0.670235, mmd=nan, total=nan
stopping seed=100 and keeping best epoch=105
