Diff_DTA_GIN
fold_id: 0
cuda_name: cuda:0
Learning rate:  0.0005
Epochs:  1000
Validation interval:  5
Early stop patience:  50

running on  davis
Pre-processed data found: /root/autodl-tmp/HAG-DTA-cache/processed/davis_fold0_train.pt, loading ...
Pre-processed data found: /root/autodl-tmp/HAG-DTA-cache/processed/davis_fold0_val.pt, loading ...
Pre-processed data found: /root/autodl-tmp/HAG-DTA-cache/processed/davis_fold0_test.pt, loading ...
epoch 1 | val mse= 6.1378 ci= 0.6708 r2= -0.0921 | davis seed= 100
epoch 5 | val mse= 0.6631 ci= 0.8009 r2= 0.3453 | davis seed= 100
epoch 10 | val mse= 0.5066 ci= 0.787 r2= 0.3466 | davis seed= 100
epoch 15 | val mse= 0.412 ci= 0.8293 r2= 0.4118 | davis seed= 100
epoch 20 | val mse= 0.3771 ci= 0.8283 r2= 0.4698 | davis seed= 100
epoch 25 | val mse= 0.3614 ci= 0.8212 r2= 0.5088 | davis seed= 100
epoch 30 | val mse= 0.3498 ci= 0.8281 r2= 0.5447 | davis seed= 100
epoch 35 | val mse= 0.2883 ci= 0.8628 r2= 0.6071 | davis seed= 100
epoch 40 | val mse= 0.2962 ci= 0.8541 r2= 0.6035 | davis seed= 100 (no improvement)
epoch 45 | val mse= 0.2871 ci= 0.8498 r2= 0.6045 | davis seed= 100
epoch 50 | val mse= 0.2786 ci= 0.8772 r2= 0.6043 | davis seed= 100
epoch 55 | val mse= 0.2524 ci= 0.8756 r2= 0.6479 | davis seed= 100
epoch 60 | val mse= 0.2625 ci= 0.8789 r2= 0.5987 | davis seed= 100 (no improvement)
epoch 65 | val mse= 0.2453 ci= 0.8759 r2= 0.6586 | davis seed= 100
epoch 70 | val mse= 0.2561 ci= 0.87 r2= 0.6322 | davis seed= 100 (no improvement)
epoch 75 | val mse= 0.2443 ci= 0.8818 r2= 0.6453 | davis seed= 100
epoch 80 | val mse= 0.2414 ci= 0.8767 r2= 0.6594 | davis seed= 100
epoch 85 | val mse= 0.2414 ci= 0.8733 r2= 0.6675 | davis seed= 100 (no improvement)
epoch 90 | val mse= 0.2374 ci= 0.8782 r2= 0.6513 | davis seed= 100
epoch 95 | val mse= 0.231 ci= 0.8835 r2= 0.6624 | davis seed= 100
epoch 100 | val mse= 0.2402 ci= 0.8873 r2= 0.6231 | davis seed= 100 (no improvement)
epoch 105 | val mse= 0.2282 ci= 0.8812 r2= 0.6765 | davis seed= 100
epoch 110 | val mse= 0.2496 ci= 0.8736 r2= 0.6454 | davis seed= 100 (no improvement)
epoch 115 | val mse= 0.2326 ci= 0.8821 r2= 0.6386 | davis seed= 100 (no improvement)
epoch 120 | val mse= 0.2367 ci= 0.8809 r2= 0.673 | davis seed= 100 (no improvement)
epoch 125 | val mse= 0.2313 ci= 0.88 r2= 0.6569 | davis seed= 100 (no improvement)
epoch 130 | val mse= 0.2366 ci= 0.8781 r2= 0.6838 | davis seed= 100 (no improvement)
epoch 135 | val mse= 0.23 ci= 0.8755 r2= 0.6819 | davis seed= 100 (no improvement)
epoch 140 | val mse= 0.2307 ci= 0.8776 r2= 0.6591 | davis seed= 100 (no improvement)
epoch 145 | val mse= 0.2316 ci= 0.883 r2= 0.6347 | davis seed= 100 (no improvement)
epoch 150 | val mse= 0.2276 ci= 0.8803 r2= 0.6597 | davis seed= 100
epoch 155 | val mse= 0.2279 ci= 0.888 r2= 0.646 | davis seed= 100 (no improvement)
epoch 160 | val mse= 0.2292 ci= 0.8832 r2= 0.6374 | davis seed= 100 (no improvement)
epoch 165 | val mse= 0.2253 ci= 0.8749 r2= 0.6856 | davis seed= 100
epoch 170 | val mse= 0.2264 ci= 0.8844 r2= 0.655 | davis seed= 100 (no improvement)
epoch 175 | val mse= 0.2411 ci= 0.8903 r2= 0.6404 | davis seed= 100 (no improvement)
epoch 180 | val mse= 0.2224 ci= 0.8895 r2= 0.6642 | davis seed= 100
epoch 185 | val mse= 0.2284 ci= 0.8847 r2= 0.6511 | davis seed= 100 (no improvement)
epoch 190 | val mse= 0.2203 ci= 0.8899 r2= 0.6564 | davis seed= 100
epoch 195 | val mse= 0.2223 ci= 0.8893 r2= 0.6743 | davis seed= 100 (no improvement)
epoch 200 | val mse= 0.2269 ci= 0.8899 r2= 0.6448 | davis seed= 100 (no improvement)
epoch 205 | val mse= 0.2191 ci= 0.8873 r2= 0.6732 | davis seed= 100
epoch 210 | val mse= 0.2251 ci= 0.8897 r2= 0.6414 | davis seed= 100 (no improvement)
epoch 215 | val mse= 0.2279 ci= 0.8855 r2= 0.6575 | davis seed= 100 (no improvement)
epoch 220 | val mse= 0.2226 ci= 0.8806 r2= 0.6876 | davis seed= 100 (no improvement)
epoch 225 | val mse= 0.223 ci= 0.8845 r2= 0.6771 | davis seed= 100 (no improvement)
epoch 230 | val mse= 0.2229 ci= 0.8818 r2= 0.6595 | davis seed= 100 (no improvement)
epoch 235 | val mse= 0.2241 ci= 0.8894 r2= 0.6465 | davis seed= 100 (no improvement)
epoch 240 | val mse= 0.2235 ci= 0.8878 r2= 0.6538 | davis seed= 100 (no improvement)
epoch 245 | val mse= 0.2245 ci= 0.8857 r2= 0.6581 | davis seed= 100 (no improvement)
epoch 250 | val mse= 0.2204 ci= 0.8816 r2= 0.6838 | davis seed= 100 (no improvement)
epoch 255 | val mse= 0.2221 ci= 0.8838 r2= 0.6754 | davis seed= 100 (no improvement)
epoch 260 | val mse= 0.221 ci= 0.8874 r2= 0.6693 | davis seed= 100 (no improvement)
epoch 265 | val mse= 0.2272 ci= 0.8865 r2= 0.6422 | davis seed= 100 (no improvement)
epoch 270 | val mse= 0.2255 ci= 0.8832 r2= 0.6636 | davis seed= 100 (no improvement)
epoch 275 | val mse= 0.2241 ci= 0.8906 r2= 0.6684 | davis seed= 100 (no improvement)
epoch 280 | val mse= 0.2198 ci= 0.8914 r2= 0.6824 | davis seed= 100 (no improvement)
epoch 285 | val mse= 0.2207 ci= 0.8875 r2= 0.6704 | davis seed= 100 (no improvement)
epoch 290 | val mse= 0.2174 ci= 0.8844 r2= 0.6888 | davis seed= 100
epoch 295 | val mse= 0.2225 ci= 0.8873 r2= 0.6552 | davis seed= 100 (no improvement)
epoch 300 | val mse= 0.2174 ci= 0.8903 r2= 0.6752 | davis seed= 100
epoch 305 | val mse= 0.2186 ci= 0.887 r2= 0.6796 | davis seed= 100 (no improvement)
epoch 310 | val mse= 0.2173 ci= 0.8917 r2= 0.6851 | davis seed= 100
epoch 315 | val mse= 0.2245 ci= 0.8827 r2= 0.6471 | davis seed= 100 (no improvement)
epoch 320 | val mse= 0.2183 ci= 0.8944 r2= 0.6653 | davis seed= 100 (no improvement)
epoch 325 | val mse= 0.2189 ci= 0.8878 r2= 0.6819 | davis seed= 100 (no improvement)
epoch 330 | val mse= 0.2214 ci= 0.8901 r2= 0.652 | davis seed= 100 (no improvement)
epoch 335 | val mse= 0.2262 ci= 0.8944 r2= 0.6434 | davis seed= 100 (no improvement)
epoch 340 | val mse= 0.218 ci= 0.8897 r2= 0.6763 | davis seed= 100 (no improvement)
epoch 345 | val mse= 0.2184 ci= 0.8911 r2= 0.6753 | davis seed= 100 (no improvement)
epoch 350 | val mse= 0.2236 ci= 0.8866 r2= 0.6653 | davis seed= 100 (no improvement)
epoch 355 | val mse= 0.2183 ci= 0.8951 r2= 0.6568 | davis seed= 100 (no improvement)
epoch 360 | val mse= 0.2201 ci= 0.8934 r2= 0.6579 | davis seed= 100 (no improvement)
epoch 365 | val mse= 0.2198 ci= 0.8906 r2= 0.6606 | davis seed= 100 (no improvement)
epoch 370 | val mse= 0.2197 ci= 0.892 r2= 0.6561 | davis seed= 100 (no improvement)
epoch 375 | val mse= 0.2208 ci= 0.8807 r2= 0.6636 | davis seed= 100 (no improvement)
epoch 380 | val mse= 0.2168 ci= 0.8898 r2= 0.6887 | davis seed= 100
epoch 385 | val mse= 0.2223 ci= 0.8816 r2= 0.6912 | davis seed= 100 (no improvement)
epoch 390 | val mse= 0.2193 ci= 0.8895 r2= 0.6663 | davis seed= 100 (no improvement)
epoch 395 | val mse= 0.2183 ci= 0.8891 r2= 0.6846 | davis seed= 100 (no improvement)
epoch 400 | val mse= 0.2173 ci= 0.8902 r2= 0.6964 | davis seed= 100 (no improvement)
epoch 405 | val mse= 0.2184 ci= 0.8893 r2= 0.6833 | davis seed= 100 (no improvement)
epoch 410 | val mse= 0.2182 ci= 0.8852 r2= 0.6779 | davis seed= 100 (no improvement)
epoch 415 | val mse= 0.2178 ci= 0.892 r2= 0.684 | davis seed= 100 (no improvement)
epoch 420 | val mse= 0.2201 ci= 0.8841 r2= 0.679 | davis seed= 100 (no improvement)
epoch 425 | val mse= 0.2209 ci= 0.8852 r2= 0.6815 | davis seed= 100 (no improvement)
epoch 430 | val mse= 0.2209 ci= 0.8864 r2= 0.6752 | davis seed= 100 (no improvement)
epoch 435 | val mse= 0.2187 ci= 0.8889 r2= 0.6626 | davis seed= 100 (no improvement)
epoch 440 | val mse= 0.2173 ci= 0.8892 r2= 0.6997 | davis seed= 100 (no improvement)
epoch 445 | val mse= 0.2159 ci= 0.8898 r2= 0.6749 | davis seed= 100
epoch 450 | val mse= 0.2149 ci= 0.8927 r2= 0.6887 | davis seed= 100
epoch 455 | val mse= 0.2186 ci= 0.8888 r2= 0.6733 | davis seed= 100 (no improvement)
epoch 460 | val mse= 0.2172 ci= 0.8883 r2= 0.6839 | davis seed= 100 (no improvement)
epoch 465 | val mse= 0.2152 ci= 0.8941 r2= 0.6712 | davis seed= 100 (no improvement)
epoch 470 | val mse= 0.2161 ci= 0.8914 r2= 0.6813 | davis seed= 100 (no improvement)
epoch 475 | val mse= 0.215 ci= 0.8949 r2= 0.6724 | davis seed= 100 (no improvement)
epoch 480 | val mse= 0.2204 ci= 0.8906 r2= 0.6753 | davis seed= 100 (no improvement)
epoch 485 | val mse= 0.2196 ci= 0.8928 r2= 0.664 | davis seed= 100 (no improvement)
epoch 490 | val mse= 0.2171 ci= 0.8928 r2= 0.6654 | davis seed= 100 (no improvement)
epoch 495 | val mse= 0.2177 ci= 0.8954 r2= 0.6632 | davis seed= 100 (no improvement)
epoch 500 | val mse= 0.2212 ci= 0.8907 r2= 0.6773 | davis seed= 100 (no improvement)
epoch 505 | val mse= 0.2148 ci= 0.8952 r2= 0.6979 | davis seed= 100
epoch 510 | val mse= 0.217 ci= 0.8874 r2= 0.6833 | davis seed= 100 (no improvement)
epoch 515 | val mse= 0.2205 ci= 0.891 r2= 0.6659 | davis seed= 100 (no improvement)
epoch 520 | val mse= 0.2196 ci= 0.8895 r2= 0.6931 | davis seed= 100 (no improvement)
epoch 525 | val mse= 0.2165 ci= 0.8929 r2= 0.6819 | davis seed= 100 (no improvement)
epoch 530 | val mse= 0.2172 ci= 0.8956 r2= 0.6724 | davis seed= 100 (no improvement)
epoch 535 | val mse= 0.2186 ci= 0.8957 r2= 0.6652 | davis seed= 100 (no improvement)
epoch 540 | val mse= 0.2181 ci= 0.8902 r2= 0.6751 | davis seed= 100 (no improvement)
epoch 545 | val mse= 0.2189 ci= 0.8933 r2= 0.6745 | davis seed= 100 (no improvement)
epoch 550 | val mse= 0.2223 ci= 0.8964 r2= 0.6506 | davis seed= 100 (no improvement)
epoch 555 | val mse= 0.2149 ci= 0.8961 r2= 0.688 | davis seed= 100 (no improvement)
epoch 560 | val mse= 0.2172 ci= 0.89 r2= 0.6779 | davis seed= 100 (no improvement)
epoch 565 | val mse= 0.2185 ci= 0.8894 r2= 0.6981 | davis seed= 100 (no improvement)
epoch 570 | val mse= 0.2177 ci= 0.8902 r2= 0.6955 | davis seed= 100 (no improvement)
epoch 575 | val mse= 0.2189 ci= 0.8889 r2= 0.6895 | davis seed= 100 (no improvement)
epoch 580 | val mse= 0.2174 ci= 0.8945 r2= 0.6623 | davis seed= 100 (no improvement)
epoch 585 | val mse= 0.2151 ci= 0.896 r2= 0.6791 | davis seed= 100 (no improvement)
epoch 590 | val mse= 0.2161 ci= 0.8926 r2= 0.669 | davis seed= 100 (no improvement)
epoch 595 | val mse= 0.2178 ci= 0.8907 r2= 0.6732 | davis seed= 100 (no improvement)
epoch 600 | val mse= 0.2165 ci= 0.8918 r2= 0.6752 | davis seed= 100 (no improvement)
epoch 605 | val mse= 0.2173 ci= 0.889 r2= 0.6883 | davis seed= 100 (no improvement)
epoch 610 | val mse= 0.2163 ci= 0.8932 r2= 0.6841 | davis seed= 100 (no improvement)
epoch 615 | val mse= 0.2174 ci= 0.8956 r2= 0.6565 | davis seed= 100 (no improvement)
epoch 620 | val mse= 0.2142 ci= 0.8937 r2= 0.684 | davis seed= 100
epoch 625 | val mse= 0.2146 ci= 0.8934 r2= 0.6872 | davis seed= 100 (no improvement)
epoch 630 | val mse= 0.2151 ci= 0.8945 r2= 0.6739 | davis seed= 100 (no improvement)
epoch 635 | val mse= 0.2147 ci= 0.8875 r2= 0.686 | davis seed= 100 (no improvement)
epoch 640 | val mse= 0.2145 ci= 0.895 r2= 0.6884 | davis seed= 100 (no improvement)
epoch 645 | val mse= 0.2196 ci= 0.8943 r2= 0.6856 | davis seed= 100 (no improvement)
epoch 650 | val mse= 0.2164 ci= 0.8924 r2= 0.6921 | davis seed= 100 (no improvement)
epoch 655 | val mse= 0.2144 ci= 0.8931 r2= 0.6782 | davis seed= 100 (no improvement)
epoch 660 | val mse= 0.2184 ci= 0.8936 r2= 0.6908 | davis seed= 100 (no improvement)
epoch 665 | val mse= 0.212 ci= 0.8926 r2= 0.6937 | davis seed= 100
epoch 670 | val mse= 0.2153 ci= 0.8955 r2= 0.691 | davis seed= 100 (no improvement)
epoch 675 | val mse= 0.2131 ci= 0.8885 r2= 0.6976 | davis seed= 100 (no improvement)
epoch 680 | val mse= 0.2147 ci= 0.8951 r2= 0.6807 | davis seed= 100 (no improvement)
epoch 685 | val mse= 0.2126 ci= 0.8954 r2= 0.6944 | davis seed= 100 (no improvement)
epoch 690 | val mse= 0.2159 ci= 0.893 r2= 0.6811 | davis seed= 100 (no improvement)
epoch 695 | val mse= 0.2159 ci= 0.8904 r2= 0.6791 | davis seed= 100 (no improvement)
epoch 700 | val mse= 0.2134 ci= 0.8969 r2= 0.6982 | davis seed= 100 (no improvement)
epoch 705 | val mse= 0.2109 ci= 0.896 r2= 0.6903 | davis seed= 100
epoch 710 | val mse= 0.2121 ci= 0.8972 r2= 0.6901 | davis seed= 100 (no improvement)
epoch 715 | val mse= 0.2168 ci= 0.8961 r2= 0.6841 | davis seed= 100 (no improvement)
epoch 720 | val mse= 0.2134 ci= 0.8946 r2= 0.6886 | davis seed= 100 (no improvement)
epoch 725 | val mse= 0.2176 ci= 0.8906 r2= 0.7042 | davis seed= 100 (no improvement)
epoch 730 | val mse= 0.2151 ci= 0.8973 r2= 0.677 | davis seed= 100 (no improvement)
epoch 735 | val mse= 0.2148 ci= 0.8958 r2= 0.6798 | davis seed= 100 (no improvement)
epoch 740 | val mse= 0.2178 ci= 0.8908 r2= 0.6678 | davis seed= 100 (no improvement)
epoch 745 | val mse= 0.2173 ci= 0.8888 r2= 0.6912 | davis seed= 100 (no improvement)
epoch 750 | val mse= 0.2124 ci= 0.8975 r2= 0.6839 | davis seed= 100 (no improvement)
epoch 755 | val mse= 0.2104 ci= 0.896 r2= 0.6889 | davis seed= 100
epoch 760 | val mse= 0.2133 ci= 0.8972 r2= 0.6763 | davis seed= 100 (no improvement)
epoch 765 | val mse= 0.215 ci= 0.8929 r2= 0.6809 | davis seed= 100 (no improvement)
epoch 770 | val mse= 0.2139 ci= 0.8971 r2= 0.6872 | davis seed= 100 (no improvement)
epoch 775 | val mse= 0.2144 ci= 0.8914 r2= 0.6963 | davis seed= 100 (no improvement)
epoch 780 | val mse= 0.2143 ci= 0.894 r2= 0.6862 | davis seed= 100 (no improvement)
epoch 785 | val mse= 0.2128 ci= 0.8934 r2= 0.7043 | davis seed= 100 (no improvement)
epoch 790 | val mse= 0.2161 ci= 0.8874 r2= 0.7007 | davis seed= 100 (no improvement)
epoch 795 | val mse= 0.2133 ci= 0.8978 r2= 0.6914 | davis seed= 100 (no improvement)
epoch 800 | val mse= 0.2153 ci= 0.8955 r2= 0.6933 | davis seed= 100 (no improvement)
epoch 805 | val mse= 0.2114 ci= 0.8979 r2= 0.7057 | davis seed= 100 (no improvement)
epoch 810 | val mse= 0.2148 ci= 0.8909 r2= 0.6811 | davis seed= 100 (no improvement)
epoch 815 | val mse= 0.2119 ci= 0.8978 r2= 0.6887 | davis seed= 100 (no improvement)
epoch 820 | val mse= 0.2127 ci= 0.8954 r2= 0.6801 | davis seed= 100 (no improvement)
epoch 825 | val mse= 0.2123 ci= 0.8964 r2= 0.6993 | davis seed= 100 (no improvement)
epoch 830 | val mse= 0.2124 ci= 0.8954 r2= 0.6904 | davis seed= 100 (no improvement)
epoch 835 | val mse= 0.2139 ci= 0.8918 r2= 0.699 | davis seed= 100 (no improvement)
epoch 840 | val mse= 0.2143 ci= 0.8936 r2= 0.6872 | davis seed= 100 (no improvement)
epoch 845 | val mse= 0.2166 ci= 0.8968 r2= 0.6829 | davis seed= 100 (no improvement)
epoch 850 | val mse= 0.213 ci= 0.8903 r2= 0.6998 | davis seed= 100 (no improvement)
epoch 855 | val mse= 0.2164 ci= 0.8927 r2= 0.6769 | davis seed= 100 (no improvement)
epoch 860 | val mse= 0.2159 ci= 0.8981 r2= 0.6778 | davis seed= 100 (no improvement)
epoch 865 | val mse= 0.2127 ci= 0.8916 r2= 0.6924 | davis seed= 100 (no improvement)
epoch 870 | val mse= 0.2124 ci= 0.8967 r2= 0.6936 | davis seed= 100 (no improvement)
epoch 875 | val mse= 0.2126 ci= 0.8986 r2= 0.675 | davis seed= 100 (no improvement)
epoch 880 | val mse= 0.2143 ci= 0.8957 r2= 0.6926 | davis seed= 100 (no improvement)
epoch 885 | val mse= 0.209 ci= 0.8959 r2= 0.6912 | davis seed= 100
epoch 890 | val mse= 0.2088 ci= 0.8985 r2= 0.7015 | davis seed= 100
epoch 895 | val mse= 0.2081 ci= 0.8976 r2= 0.7091 | davis seed= 100
epoch 900 | val mse= 0.2131 ci= 0.897 r2= 0.691 | davis seed= 100 (no improvement)
epoch 905 | val mse= 0.2151 ci= 0.8938 r2= 0.6869 | davis seed= 100 (no improvement)
epoch 910 | val mse= 0.2186 ci= 0.8947 r2= 0.7042 | davis seed= 100 (no improvement)
epoch 915 | val mse= 0.2111 ci= 0.8974 r2= 0.6878 | davis seed= 100 (no improvement)
epoch 920 | val mse= 0.2151 ci= 0.8935 r2= 0.6925 | davis seed= 100 (no improvement)
epoch 925 | val mse= 0.2129 ci= 0.8952 r2= 0.6874 | davis seed= 100 (no improvement)
epoch 930 | val mse= 0.2123 ci= 0.8942 r2= 0.7015 | davis seed= 100 (no improvement)
epoch 935 | val mse= 0.2152 ci= 0.9001 r2= 0.688 | davis seed= 100 (no improvement)
epoch 940 | val mse= 0.2097 ci= 0.8979 r2= 0.6883 | davis seed= 100 (no improvement)
epoch 945 | val mse= 0.2112 ci= 0.896 r2= 0.6984 | davis seed= 100 (no improvement)
epoch 950 | val mse= 0.2126 ci= 0.8967 r2= 0.6746 | davis seed= 100 (no improvement)
epoch 955 | val mse= 0.214 ci= 0.8983 r2= 0.6896 | davis seed= 100 (no improvement)
epoch 960 | val mse= 0.2134 ci= 0.899 r2= 0.693 | davis seed= 100 (no improvement)
epoch 965 | val mse= 0.212 ci= 0.8958 r2= 0.7019 | davis seed= 100 (no improvement)
epoch 970 | val mse= 0.2105 ci= 0.8942 r2= 0.6963 | davis seed= 100 (no improvement)
epoch 975 | val mse= 0.2099 ci= 0.8945 r2= 0.6978 |/root/HAG-DTA/py38_env/lib/python3.8/site-packages/torch_geometric/deprecation.py:26: UserWarning: 'data.DenseDataLoader' is deprecated, use 'loader.DenseDataLoader' instead
  warnings.warn(out)
 davis seed= 100 (no improvement)
epoch 980 | val mse= 0.2155 ci= 0.8901 r2= 0.6862 | davis seed= 100 (no improvement)
epoch 985 | val mse= 0.2118 ci= 0.8968 r2= 0.6949 | davis seed= 100 (no improvement)
epoch 990 | val mse= 0.216 ci= 0.8955 r2= 0.7024 | davis seed= 100 (no improvement)
epoch 995 | val mse= 0.2145 ci= 0.8977 r2= 0.6774 | davis seed= 100 (no improvement)
epoch 1000 | val mse= 0.2096 ci= 0.8979 r2= 0.7037 | davis seed= 100 (no improvement)
final test metrics at best val MSE epoch  895 : mse= 0.20807742  ci= 0.8976230853688444  rm2= 0.7091122206391166
