Diff_DTA_GIN
fold_id: 0
cuda_name: cuda:0
Learning rate:  0.0005
Epochs:  1000
Validation interval:  1
Early stop patience:  50

running on  davis
Pre-processed data found: /root/autodl-tmp/HAG-DTA-cache/processed/davis_fold0_train.pt, loading ...
Pre-processed data found: /root/autodl-tmp/HAG-DTA-cache/processed/davis_fold0_val.pt, loading ...
Pre-processed data found: /root/autodl-tmp/HAG-DTA-cache/processed/davis_fold0_test.pt, loading ...
Training on 19235 samples...
Train epoch: 1 [0/19235 (0%)]	Loss: 30.726318 Loss_all: 30.888550
Train epoch: 1 [5120/19235 (26%)]	Loss: 19.610189 Loss_all: 19.760334
Train epoch: 1 [10240/19235 (53%)]	Loss: 13.296844 Loss_all: 13.442150
Train epoch: 1 [15360/19235 (79%)]	Loss: 10.073460 Loss_all: 10.213285
注意力分数 x_H_1, x_H_2, xt, x_G: [0.29183152 0.34286734 0.03639102 0.32891014]
Train epoch: 1	Loss: 16.160332
Make prediction for 4809 samples...
val CI improved at epoch  1 ; best_val_ci, best_val_mse, best_val_r2: 0.6538977081937599 6.428678 0.08660092280399685 davis
spend time： 27.40839695930481 s
Training on 19235 samples...
Train epoch: 2 [0/19235 (0%)]	Loss: 7.071752 Loss_all: 7.202055
Train epoch: 2 [5120/19235 (26%)]	Loss: 5.687524 Loss_all: 5.818360
Train epoch: 2 [10240/19235 (53%)]	Loss: 3.769099 Loss_all: 3.896438
Train epoch: 2 [15360/19235 (79%)]	Loss: 2.686703 Loss_all: 2.811480
注意力分数 x_H_1, x_H_2, xt, x_G: [0.29750293 0.4061541  0.00826973 0.28807318]
Train epoch: 2	Loss: 4.296254
Make prediction for 4809 samples...
val CI improved at epoch  2 ; best_val_ci, best_val_mse, best_val_r2: 0.6616825972447875 2.143383 0.11127943768713373 davis
spend time： 22.748087406158447 s
Training on 19235 samples...
Train epoch: 3 [0/19235 (0%)]	Loss: 1.791587 Loss_all: 1.909309
Train epoch: 3 [5120/19235 (26%)]	Loss: 1.367715 Loss_all: 1.482383
Train epoch: 3 [10240/19235 (53%)]	Loss: 1.049233 Loss_all: 1.159721
Train epoch: 3 [15360/19235 (79%)]	Loss: 0.765041 Loss_all: 0.873150
注意力分数 x_H_1, x_H_2, xt, x_G: [0.32078877 0.40293208 0.01521451 0.2610646 ]
Train epoch: 3	Loss: 1.214622
Make prediction for 4809 samples...
val CI improved at epoch  3 ; best_val_ci, best_val_mse, best_val_r2: 0.6803728575768343 1.0157028 0.11918439623311262 davis
spend time： 22.01831603050232 s
Training on 19235 samples...
Train epoch: 4 [0/19235 (0%)]	Loss: 0.967239 Loss_all: 1.070587
Train epoch: 4 [5120/19235 (26%)]	Loss: 0.929926 Loss_all: 1.027571
Train epoch: 4 [10240/19235 (53%)]	Loss: 1.040093 Loss_all: 1.129585
Train epoch: 4 [15360/19235 (79%)]	Loss: 0.837005 Loss_all: 0.926817
注意力分数 x_H_1, x_H_2, xt, x_G: [0.2882855  0.3229306  0.13376212 0.25502178]
Train epoch: 4	Loss: 0.855625
Make prediction for 4809 samples...
val CI improved at epoch  4 ; best_val_ci, best_val_mse, best_val_r2: 0.7567056251576557 0.7987033 0.22733302799725902 davis
spend time： 22.837920665740967 s
Training on 19235 samples...
Train epoch: 5 [0/19235 (0%)]	Loss: 0.855343 Loss_all: 0.942630
Train epoch: 5 [5120/19235 (26%)]	Loss: 0.799375 Loss_all: 0.885950
Train epoch: 5 [10240/19235 (53%)]	Loss: 0.737866 Loss_all: 0.820993
Train epoch: 5 [15360/19235 (79%)]	Loss: 0.693436 Loss_all: 0.773417
注意力分数 x_H_1, x_H_2, xt, x_G: [0.26065308 0.2865786  0.18527868 0.26748958]
Train epoch: 5	Loss: 0.737102
Make prediction for 4809 samples...
val CI improved at epoch  5 ; best_val_ci, best_val_mse, best_val_r2: 0.7707664002679809 0.61201996 0.29585090172746475 davis
spend time： 23.721395015716553 s
Training on 19235 samples...
Train epoch: 6 [0/19235 (0%)]	Loss: 0.793944 Loss_all: 0.873748
Train epoch: 6 [5120/19235 (26%)]	Loss: 0.729460 Loss_all: 0.805999
Train epoch: 6 [10240/19235 (53%)]	Loss: 0.852407 Loss_all: 0.929529
Train epoch: 6 [15360/19235 (79%)]	Loss: 0.609607 Loss_all: 0.686127
注意力分数 x_H_1, x_H_2, xt, x_G: [0.2569802  0.2700372  0.18415597 0.28882656]
Train epoch: 6	Loss: 0.691242
Make prediction for 4809 samples...
val CI improved at epoch  6 ; best_val_ci, best_val_mse, best_val_r2: 0.7708119170127182 0.5803539 0.3185048341111416 davis
spend time： 22.3240225315094 s
Training on 19235 samples...
Train epoch: 7 [0/19235 (0%)]	Loss: 0.589538 Loss_all: 0.664524
Train epoch: 7 [5120/19235 (26%)]	Loss: 0.666052 Loss_all: 0.741889
Train epoch: 7 [10240/19235 (53%)]	Loss: 0.684350 Loss_all: 0.757855
Train epoch: 7 [15360/19235 (79%)]	Loss: 0.699558 Loss_all: 0.773350
注意力分数 x_H_1, x_H_2, xt, x_G: [0.24086373 0.27887735 0.1797657  0.3004933 ]
Train epoch: 7	Loss: 0.667272
Make prediction for 4809 samples...
val CI improved at epoch  7 ; best_val_ci, best_val_mse, best_val_r2: 0.7845701795309249 0.53857315 0.3349701122551046 davis
spend time： 21.62587261199951 s
Training on 19235 samples...
Train epoch: 8 [0/19235 (0%)]	Loss: 0.726871 Loss_all: 0.800152
Train epoch: 8 [5120/19235 (26%)]	Loss: 0.596077 Loss_all: 0.667998
Train epoch: 8 [10240/19235 (53%)]	Loss: 0.627632 Loss_all: 0.698895
Train epoch: 8 [15360/19235 (79%)]	Loss: 0.698083 Loss_all: 0.768212
注意力分数 x_H_1, x_H_2, xt, x_G: [0.22877759 0.27484405 0.18936473 0.3070137 ]
Train epoch: 8	Loss: 0.634438
Make prediction for 4809 samples...
val CI improved at epoch  8 ; best_val_ci, best_val_mse, best_val_r2: 0.8091932974940531 0.5282955 0.37311709194663994 davis
spend time： 20.085334300994873 s
Training on 19235 samples...
Train epoch: 9 [0/19235 (0%)]	Loss: 0.775328 Loss_all: 0.845320
Train epoch: 9 [5120/19235 (26%)]	Loss: 0.575602 Loss_all: 0.645361
Train epoch: 9 [10240/19235 (53%)]	Loss: 0.631261 Loss_all: 0.701029
Train epoch: 9 [15360/19235 (79%)]	Loss: 0.719318 Loss_all: 0.786884
注意力分数 x_H_1, x_H_2, xt, x_G: [0.21804902 0.28150046 0.19365889 0.30679157]
Train epoch: 9	Loss: 0.639519
Make prediction for 4809 samples...
0.7760460036128598 No improvement since epoch  8 ; best_val_ci, best_val_mse, best_val_r2: 0.8091932974940531 0.5282955 0.37311709194663994 davis
spend time： 19.89508056640625 s
Training on 19235 samples...
Train epoch: 10 [0/19235 (0%)]	Loss: 0.607626 Loss_all: 0.675382
Train epoch: 10 [5120/19235 (26%)]	Loss: 0.590348 Loss_all: 0.658356
Train epoch: 10 [10240/19235 (53%)]	Loss: 0.599998 Loss_all: 0.667408
Train epoch: 10 [15360/19235 (79%)]	Loss: 0.804248 Loss_all: 0.870798
注意力分数 x_H_1, x_H_2, xt, x_G: [0.21179628 0.28571177 0.19318958 0.3093025 ]
Train epoch: 10	Loss: 0.616119
Make prediction for 4809 samples...
0.7845505997021832 No improvement since epoch  8 ; best_val_ci, best_val_mse, best_val_r2: 0.8091932974940531 0.5282955 0.37311709194663994 davis
spend time： 19.925880670547485 s
Training on 19235 samples...
Train epoch: 11 [0/19235 (0%)]	Loss: 0.729482 Loss_all: 0.795490
Train epoch: 11 [5120/19235 (26%)]	Loss: 0.564439 Loss_all: 0.629654
Train epoch: 11 [10240/19235 (53%)]	Loss: 0.758013 Loss_all: 0.823301
Train epoch: 11 [15360/19235 (79%)]	Loss: 0.526764 Loss_all: 0.591197
注意力分数 x_H_1, x_H_2, xt, x_G: [0.22223216 0.27610728 0.18062688 0.3210337 ]
Train epoch: 11	Loss: 0.605170
Make prediction for 4809 samples...
val CI improved at epoch  11 ; best_val_ci, best_val_mse, best_val_r2: 0.8102850212784425 0.47257587 0.4147368770334893 davis
spend time： 20.312572240829468 s
Training on 19235 samples...
Train epoch: 12 [0/19235 (0%)]	Loss: 0.475698 Loss_all: 0.539892
Train epoch: 12 [5120/19235 (26%)]	Loss: 0.489706 Loss_all: 0.554149
Train epoch: 12 [10240/19235 (53%)]	Loss: 0.527266 Loss_all: 0.590763
Train epoch: 12 [15360/19235 (79%)]	Loss: 0.507913 Loss_all: 0.571509
注意力分数 x_H_1, x_H_2, xt, x_G: [0.22018716 0.27214426 0.19771905 0.30994955]
Train epoch: 12	Loss: 0.583184
Make prediction for 4809 samples...
val CI improved at epoch  12 ; best_val_ci, best_val_mse, best_val_r2: 0.8125934915632128 0.4599883 0.42839245592853126 davis
spend time： 20.29581356048584 s
Training on 19235 samples...
Train epoch: 13 [0/19235 (0%)]	Loss: 0.583234 Loss_all: 0.646311
Train epoch: 13 [5120/19235 (26%)]	Loss: 0.621096 Loss_all: 0.683702
Train epoch: 13 [10240/19235 (53%)]	Loss: 0.610050 Loss_all: 0.672453
Train epoch: 13 [15360/19235 (79%)]	Loss: 0.511590 Loss_all: 0.573422
注意力分数 x_H_1, x_H_2, xt, x_G: [0.21287125 0.27944583 0.19404408 0.31363884]
Train epoch: 13	Loss: 0.563228
Make prediction for 4809 samples...
val CI improved at epoch  13 ; best_val_ci, best_val_mse, best_val_r2: 0.8150669918330924 0.44982207 0.46059991672572187 davis
spend time： 19.70403242111206 s
Training on 19235 samples...
Train epoch: 14 [0/19235 (0%)]	Loss: 0.530220 Loss_all: 0.592023
Train epoch: 14 [5120/19235 (26%)]	Loss: 0.492869 Loss_all: 0.554008
Train epoch: 14 [10240/19235 (53%)]	Loss: 0.510245 Loss_all: 0.571437
Train epoch: 14 [15360/19235 (79%)]	Loss: 0.467449 Loss_all: 0.527764
注意力分数 x_H_1, x_H_2, xt, x_G: [0.19961365 0.2814012  0.20228809 0.316697  ]
Train epoch: 14	Loss: 0.538562
Make prediction for 4809 samples...
0.8088253492838021 No improvement since epoch  13 ; best_val_ci, best_val_mse, best_val_r2: 0.8150669918330924 0.44982207 0.46059991672572187 davis
spend time： 19.897063493728638 s
Training on 19235 samples...
Train epoch: 15 [0/19235 (0%)]	Loss: 0.491681 Loss_all: 0.552772
Train epoch: 15 [5120/19235 (26%)]	Loss: 0.513078 Loss_all: 0.573366
Train epoch: 15 [10240/19235 (53%)]	Loss: 0.496951 Loss_all: 0.557063
Train epoch: 15 [15360/19235 (79%)]	Loss: 0.744494 Loss_all: 0.804444
注意力分数 x_H_1, x_H_2, xt, x_G: [0.19747518 0.28269708 0.20578693 0.31404075]
Train epoch: 15	Loss: 0.533284
Make prediction for 4809 samples...
0.7872858424445933 No improvement since epoch  13 ; best_val_ci, best_val_mse, best_val_r2: 0.8150669918330924 0.44982207 0.46059991672572187 davis
spend time： 21.9527747631073 s
Training on 19235 samples...
Train epoch: 16 [0/19235 (0%)]	Loss: 0.555845 Loss_all: 0.615457
Train epoch: 16 [5120/19235 (26%)]	Loss: 0.520938 Loss_all: 0.580498
Train epoch: 16 [10240/19235 (53%)]	Loss: 0.588542 Loss_all: 0.648388
Train epoch: 16 [15360/19235 (79%)]	Loss: 0.571511 Loss_all: 0.631141
注意力分数 x_H_1, x_H_2, xt, x_G: [0.20036353 0.27978912 0.20449369 0.3153537 ]
Train epoch: 16	Loss: 0.507954
Make prediction for 4809 samples...
0.8143264335486041 No improvement since epoch  13 ; best_val_ci, best_val_mse, best_val_r2: 0.8150669918330924 0.44982207 0.46059991672572187 davis
spend time： 21.062337636947632 s
Training on 19235 samples...
Train epoch: 17 [0/19235 (0%)]	Loss: 0.479684 Loss_all: 0.539657
Train epoch: 17 [5120/19235 (26%)]	Loss: 0.474303 Loss_all: 0.533374
Train epoch: 17 [10240/19235 (53%)]	Loss: 0.567304 Loss_all: 0.626250
Train epoch: 17 [15360/19235 (79%)]	Loss: 0.436402 Loss_all: 0.495124
注意力分数 x_H_1, x_H_2, xt, x_G: [0.19863991 0.28290725 0.21293482 0.305518  ]
Train epoch: 17	Loss: 0.483621
Make prediction for 4809 samples...
val CI improved at epoch  17 ; best_val_ci, best_val_mse, best_val_r2: 0.8286980278450593 0.3960391 0.514008854715323 davis
spend time： 20.809932947158813 s
Training on 19235 samples...
Train epoch: 18 [0/19235 (0%)]	Loss: 0.427927 Loss_all: 0.487017
Train epoch: 18 [5120/19235 (26%)]	Loss: 0.466525 Loss_all: 0.524544
Train epoch: 18 [10240/19235 (53%)]	Loss: 0.517871 Loss_all: 0.574874
Train epoch: 18 [15360/19235 (79%)]	Loss: 0.439978 Loss_all: 0.497810
注意力分数 x_H_1, x_H_2, xt, x_G: [0.19570698 0.28107065 0.22013    0.3030923 ]
Train epoch: 18	Loss: 0.473252
Make prediction for 4809 samples...
val CI improved at epoch  18 ; best_val_ci, best_val_mse, best_val_r2: 0.831418606906204 0.38391784 0.5144691315167803 davis
spend time： 20.801085233688354 s
Training on 19235 samples...
Train epoch: 19 [0/19235 (0%)]	Loss: 0.462928 Loss_all: 0.521036
Train epoch: 19 [5120/19235 (26%)]	Loss: 0.394910 Loss_all: 0.452393
Train epoch: 19 [10240/19235 (53%)]	Loss: 0.363810 Loss_all: 0.421666
Train epoch: 19 [15360/19235 (79%)]	Loss: 0.394969 Loss_all: 0.452221
注意力分数 x_H_1, x_H_2, xt, x_G: [0.18721364 0.29340914 0.22127005 0.2981071 ]
Train epoch: 19	Loss: 0.470258
Make prediction for 4809 samples...
0.8309247883683273 No improvement since epoch  18 ; best_val_ci, best_val_mse, best_val_r2: 0.831418606906204 0.38391784 0.5144691315167803 davis
spend time： 20.520536422729492 s
Training on 19235 samples...
Train epoch: 20 [0/19235 (0%)]	Loss: 0.382813 Loss_all: 0.440455
Train epoch: 20 [5120/19235 (26%)]	Loss: 0.474809 Loss_all: 0.532656
Train epoch: 20 [10240/19235 (53%)]	Loss: 0.468374 Loss_all: 0.525588
Train epoch: 20 [15360/19235 (79%)]	Loss: 0.453049 Loss_all: 0.510336
注意力分数 x_H_1, x_H_2, xt, x_G: [0.1838416  0.29572746 0.23141906 0.28901184]
Train epoch: 20	Loss: 0.454817
Make prediction for 4809 samples...
val CI improved at epoch  20 ; best_val_ci, best_val_mse, best_val_r2: 0.839781736613839 0.36800054 0.5333870137641222 davis
spend time： 20.671616315841675 s
Training on 19235 samples...
Train epoch: 21 [0/19235 (0%)]	Loss: 0.471958 Loss_all: 0.527808
Train epoch: 21 [5120/19235 (26%)]	Loss: 0.415051 Loss_all: 0.471189
Train epoch: 21 [10240/19235 (53%)]	Loss: 0.449367 Loss_all: 0.505610
Train epoch: 21 [15360/19235 (79%)]	Loss: 0.502373 Loss_all: 0.558186
注意力分数 x_H_1, x_H_2, xt, x_G: [0.18508221 0.2806515  0.24901061 0.2852557 ]
Train epoch: 21	Loss: 0.447336
Make prediction for 4809 samples...
val CI improved at epoch  21 ; best_val_ci, best_val_mse, best_val_r2: 0.8402046100579631 0.36397615 0.5551251051024562 davis
spend time： 21.00926661491394 s
Training on 19235 samples...
Train epoch: 22 [0/19235 (0%)]	Loss: 0.452123 Loss_all: 0.508709
Train epoch: 22 [5120/19235 (26%)]	Loss: 0.358954 Loss_all: 0.413788
Train epoch: 22 [10240/19235 (53%)]	Loss: 0.353906 Loss_all: 0.409726
Train epoch: 22 [15360/19235 (79%)]	Loss: 0.395689 Loss_all: 0.450360
注意力分数 x_H_1, x_H_2, xt, x_G: [0.18702841 0.27995217 0.25090632 0.28211316]
Train epoch: 22	Loss: 0.438471
Make prediction for 4809 samples...
val CI improved at epoch  22 ; best_val_ci, best_val_mse, best_val_r2: 0.8458237666233593 0.35213298 0.5737679316704449 davis
spend time： 20.85629916191101 s
Training on 19235 samples...
Train epoch: 23 [0/19235 (0%)]	Loss: 0.384568 Loss_all: 0.439015
Train epoch: 23 [5120/19235 (26%)]	Loss: 0.372556 Loss_all: 0.426494
Train epoch: 23 [10240/19235 (53%)]	Loss: 0.525504 Loss_all: 0.580559
Train epoch: 23 [15360/19235 (79%)]	Loss: 0.526449 Loss_all: 0.580703
注意力分数 x_H_1, x_H_2, xt, x_G: [0.17483692 0.2773744  0.2702641  0.27752462]
Train epoch: 23	Loss: 0.426099
Make prediction for 4809 samples...
0.8429710449084986 No improvement since epoch  22 ; best_val_ci, best_val_mse, best_val_r2: 0.8458237666233593 0.35213298 0.5737679316704449 davis
spend time： 21.419384002685547 s
Training on 19235 samples...
Train epoch: 24 [0/19235 (0%)]	Loss: 0.391895 Loss_all: 0.446451
Train epoch: 24 [5120/19235 (26%)]	Loss: 0.394176 Loss_all: 0.448441
Train epoch: 24 [10240/19235 (53%)]	Loss: 0.367748 Loss_all: 0.421671
Train epoch: 24 [15360/19235 (79%)]	Loss: 0.345377 Loss_all: 0.399050
注意力分数 x_H_1, x_H_2, xt, x_G: [0.18392876 0.27436498 0.27212414 0.26958215]
Train epoch: 24	Loss: 0.416623
Make prediction for 4809 samples...
0.8358795021739543 No improvement since epoch  22 ; best_val_ci, best_val_mse, best_val_r2: 0.8458237666233593 0.35213298 0.5737679316704449 davis
spend time： 21.304056644439697 s
Training on 19235 samples...
Train epoch: 25 [0/19235 (0%)]	Loss: 0.428924 Loss_all: 0.482070
Train epoch: 25 [5120/19235 (26%)]	Loss: 0.397028 Loss_all: 0.450390
Train epoch: 25 [10240/19235 (53%)]	Loss: 0.445983 Loss_all: 0.498843
Train epoch: 25 [15360/19235 (79%)]	Loss: 0.393748 Loss_all: 0.446761
注意力分数 x_H_1, x_H_2, xt, x_G: [0.17128569 0.2798726  0.28003907 0.26880264]
Train epoch: 25	Loss: 0.419193
Make prediction for 4809 samples...
val CI improved at epoch  25 ; best_val_ci, best_val_mse, best_val_r2: 0.8507253351795445 0.33819473 0.582319658708681 davis
spend time： 20.705880403518677 s
Training on 19235 samples...
Train epoch: 26 [0/19235 (0%)]	Loss: 0.414569 Loss_all: 0.467056
Train epoch: 26 [5120/19235 (26%)]	Loss: 0.352785 Loss_all: 0.405416
Train epoch: 26 [10240/19235 (53%)]	Loss: 0.357768 Loss_all: 0.409824
Train epoch: 26 [15360/19235 (79%)]	Loss: 0.364797 Loss_all: 0.416862
注意力分数 x_H_1, x_H_2, xt, x_G: [0.16657089 0.27307224 0.29485103 0.2655058 ]
Train epoch: 26	Loss: 0.406067
Make prediction for 4809 samples...
0.8496979451181639 No improvement since epoch  25 ; best_val_ci, best_val_mse, best_val_r2: 0.8507253351795445 0.33819473 0.582319658708681 davis
spend time： 20.54916787147522 s
Training on 19235 samples...
Train epoch: 27 [0/19235 (0%)]	Loss: 0.428411 Loss_all: 0.479691
Train epoch: 27 [5120/19235 (26%)]	Loss: 0.419893 Loss_all: 0.471887
Train epoch: 27 [10240/19235 (53%)]	Loss: 0.461834 Loss_all: 0.513349
Train epoch: 27 [15360/19235 (79%)]	Loss: 0.399479 Loss_all: 0.451490
注意力分数 x_H_1, x_H_2, xt, x_G: [0.1697227  0.26693994 0.2976733  0.26566404]
Train epoch: 27	Loss: 0.403524
Make prediction for 4809 samples...
0.8457141704391035 No improvement since epoch  25 ; best_val_ci, best_val_mse, best_val_r2: 0.8507253351795445 0.33819473 0.582319658708681 davis
spend time： 21.441654443740845 s
Training on 19235 samples...
Train epoch: 28 [0/19235 (0%)]	Loss: 0.292977 Loss_all: 0.344048
Train epoch: 28 [5120/19235 (26%)]	Loss: 0.400583 Loss_all: 0.451935
Train epoch: 28 [10240/19235 (53%)]	Loss: 0.398666 Loss_all: 0.449815
Train epoch: 28 [15360/19235 (79%)]	Loss: 0.382163 Loss_all: 0.432867
注意力分数 x_H_1, x_H_2, xt, x_G: [0.16391727 0.2610735  0.30724674 0.26776254]
Train epoch: 28	Loss: 0.384279
Make prediction for 4809 samples...
0.8440128443676546 No improvement since epoch  25 ; best_val_ci, best_val_mse, best_val_r2: 0.8507253351795445 0.33819473 0.582319658708681 davis
spend time： 22.106173515319824 s
Training on 19235 samples...
Train epoch: 29 [0/19235 (0%)]	Loss: 0.408280 Loss_all: 0.459697
Train epoch: 29 [5120/19235 (26%)]	Loss: 0.384659 Loss_all: 0.435754
Train epoch: 29 [10240/19235 (53%)]	Loss: 0.343666 Loss_all: 0.394157
Train epoch: 29 [15360/19235 (79%)]	Loss: 0.393187 Loss_all: 0.443322
注意力分数 x_H_1, x_H_2, xt, x_G: [0.16104779 0.26364812 0.31309274 0.26221132]
Train epoch: 29	Loss: 0.389383
Make prediction for 4809 samples...
val CI improved at epoch  29 ; best_val_ci, best_val_mse, best_val_r2: 0.8588416403794046 0.3267023 0.5638049018311408 davis
spend time： 21.675466537475586 s
Training on 19235 samples...
Train epoch: 30 [0/19235 (0%)]	Loss: 0.359265 Loss_all: 0.408999
Train epoch: 30 [5120/19235 (26%)]	Loss: 0.357541 Loss_all: 0.407014
Train epoch: 30 [10240/19235 (53%)]	Loss: 0.359003 Loss_all: 0.408368
Train epoch: 30 [15360/19235 (79%)]	Loss: 0.484820 Loss_all: 0.534560
注意力分数 x_H_1, x_H_2, xt, x_G: [0.16157585 0.26147583 0.31549814 0.26145005]
Train epoch: 30	Loss: 0.385983
Make prediction for 4809 samples...
0.8466962132780735 No improvement since epoch  29 ; best_val_ci, best_val_mse, best_val_r2: 0.8588416403794046 0.3267023 0.5638049018311408 davis
spend time： 21.694724798202515 s
Training on 19235 samples...
Train epoch: 31 [0/19235 (0%)]	Loss: 0.354947 Loss_all: 0.404409
Train epoch: 31 [5120/19235 (26%)]	Loss: 0.339105 Loss_all: 0.388416
Train epoch: 31 [10240/19235 (53%)]	Loss: 0.323902 Loss_all: 0.372626
Train epoch: 31 [15360/19235 (79%)]	Loss: 0.351652 Loss_all: 0.400371
注意力分数 x_H_1, x_H_2, xt, x_G: [0.16450389 0.26112428 0.320801   0.25357082]
Train epoch: 31	Loss: 0.375960
Make prediction for 4809 samples...
val CI improved at epoch  31 ; best_val_ci, best_val_mse, best_val_r2: 0.8664426824670517 0.3170723 0.5760844892696576 davis
spend time： 21.17736577987671 s
Training on 19235 samples...
Train epoch: 32 [0/19235 (0%)]	Loss: 0.291955 Loss_all: 0.341041
Train epoch: 32 [5120/19235 (26%)]	Loss: 0.365575 Loss_all: 0.414114
Train epoch: 32 [10240/19235 (53%)]	Loss: 0.441706 Loss_all: 0.490419
Train epoch: 32 [15360/19235 (79%)]	Loss: 0.365831 Loss_all: 0.414519
注意力分数 x_H_1, x_H_2, xt, x_G: [0.16921195 0.26679987 0.31201956 0.2519686 ]
Train epoch: 32	Loss: 0.367292
Make prediction for 4809 samples...
0.8368871428842665 No improvement since epoch  31 ; best_val_ci, best_val_mse, best_val_r2: 0.8664426824670517 0.3170723 0.5760844892696576 davis
spend time： 21.535556316375732 s
Training on 19235 samples...
Train epoch: 33 [0/19235 (0%)]	Loss: 0.398601 Loss_all: 0.447582
Train epoch: 33 [5120/19235 (26%)]	Loss: 0.441968 Loss_all: 0.489970
Train epoch: 33 [10240/19235 (53%)]	Loss: 0.322020 Loss_all: 0.371013
Train epoch: 33 [15360/19235 (79%)]	Loss: 0.343157 Loss_all: 0.391161
注意力分数 x_H_1, x_H_2, xt, x_G: [0.16358785 0.26470444 0.31405962 0.25764814]
Train epoch: 33	Loss: 0.372681
Make prediction for 4809 samples...
0.8541559585063592 No improvement since epoch  31 ; best_val_ci, best_val_mse, best_val_r2: 0.8664426824670517 0.3170723 0.5760844892696576 davis
spend time： 21.072617053985596 s
Training on 19235 samples...
Train epoch: 34 [0/19235 (0%)]	Loss: 0.333531 Loss_all: 0.381055
Train epoch: 34 [5120/19235 (26%)]	Loss: 0.319755 Loss_all: 0.367770
Train epoch: 34 [10240/19235 (53%)]	Loss: 0.355072 Loss_all: 0.402554
Train epoch: 34 [15360/19235 (79%)]	Loss: 0.313324 Loss_all: 0.360668
注意力分数 x_H_1, x_H_2, xt, x_G: [0.16534135 0.26271605 0.31245494 0.2594877 ]
Train epoch: 34	Loss: 0.364918
Make prediction for 4809 samples...
0.8483501578591907 No improvement since epoch  31 ; best_val_ci, best_val_mse, best_val_r2: 0.8664426824670517 0.3170723 0.5760844892696576 davis
spend time： 21.484513759613037 s
Training on 19235 samples...
Train epoch: 35 [0/19235 (0%)]	Loss: 0.326913 Loss_all: 0.373775
Train epoch: 35 [5120/19235 (26%)]	Loss: 0.383325 Loss_all: 0.430360
Train epoch: 35 [10240/19235 (53%)]	Loss: 0.403862 Loss_all: 0.450349
Train epoch: 35 [15360/19235 (79%)]	Loss: 0.505467 Loss_all: 0.552446
注意力分数 x_H_1, x_H_2, xt, x_G: [0.16161312 0.26007473 0.32113284 0.25717935]
Train epoch: 35	Loss: 0.355710
Make prediction for 4809 samples...
0.8462444362772354 No improvement since epoch  31 ; best_val_ci, best_val_mse, best_val_r2: 0.8664426824670517 0.3170723 0.5760844892696576 davis
spend time： 21.51714515686035 s
Training on 19235 samples...
Train epoch: 36 [0/19235 (0%)]	Loss: 0.344652 Loss_all: 0.390062
Train epoch: 36 [5120/19235 (26%)]	Loss: 0.338776 Loss_all: 0.384629
Train epoch: 36 [10240/19235 (53%)]	Loss: 0.387475 Loss_all: 0.433723
Train epoch: 36 [15360/19235 (79%)]	Loss: 0.388912 Loss_all: 0.434100
注意力分数 x_H_1, x_H_2, xt, x_G: [0.16387083 0.2549458  0.32456484 0.2566185 ]
Train epoch: 36	Loss: 0.351514
Make prediction for 4809 samples...
0.8612148681930005 No improvement since epoch  31 ; best_val_ci, best_val_mse, best_val_r2: 0.8664426824670517 0.3170723 0.5760844892696576 davis
spend time： 21.20611882209778 s
Training on 19235 samples...
Train epoch: 37 [0/19235 (0%)]	Loss: 0.348545 Loss_all: 0.394258
Train epoch: 37 [5120/19235 (26%)]	Loss: 0.287599 Loss_all: 0.332598
Train epoch: 37 [10240/19235 (53%)]	Loss: 0.372447 Loss_all: 0.417613
Train epoch: 37 [15360/19235 (79%)]	Loss: 0.386393 Loss_all: 0.430632
注意力分数 x_H_1, x_H_2, xt, x_G: [0.16243973 0.25836813 0.3269555  0.25223655]
Train epoch: 37	Loss: 0.347077
Make prediction for 4809 samples...
0.8516744059259581 No improvement since epoch  31 ; best_val_ci, best_val_mse, best_val_r2: 0.8664426824670517 0.3170723 0.5760844892696576 davis
spend time： 21.294422388076782 s
Training on 19235 samples...
Train epoch: 38 [0/19235 (0%)]	Loss: 0.340711 Loss_all: 0.385363
Train epoch: 38 [5120/19235 (26%)]	Loss: 0.288093 Loss_all: 0.332439
Train epoch: 38 [10240/19235 (53%)]	Loss: 0.351906 Loss_all: 0.397091
Train epoch: 38 [15360/19235 (79%)]	Loss: 0.316823 Loss_all: 0.361385
注意力分数 x_H_1, x_H_2, xt, x_G: [0.1600773  0.26197752 0.32939923 0.24854594]
Train epoch: 38	Loss: 0.337658
Make prediction for 4809 samples...
0.8612580963863264 No improvement since epoch  31 ; best_val_ci, best_val_mse, best_val_r2: 0.8664426824670517 0.3170723 0.5760844892696576 davis
spend time： 21.288928747177124 s
Training on 19235 samples...
Train epoch: 39 [0/19235 (0%)]	Loss: 0.291107 Loss_all: 0.335887
Train epoch: 39 [5120/19235 (26%)]	Loss: 0.295752 Loss_all: 0.340761
Train epoch: 39 [10240/19235 (53%)]	Loss: 0.359997 Loss_all: 0.404370
Train epoch: 39 [15360/19235 (79%)]	Loss: 0.371431 Loss_all: 0.415215
注意力分数 x_H_1, x_H_2, xt, x_G: [0.15371177 0.26960617 0.3244824  0.2521997 ]
Train epoch: 39	Loss: 0.342146
Make prediction for 4809 samples...
0.843471390055956 No improvement since epoch  31 ; best_val_ci, best_val_mse, best_val_r2: 0.8664426824670517 0.3170723 0.5760844892696576 davis
spend time： 20.11407232284546 s
Training on 19235 samples...
Train epoch: 40 [0/19235 (0%)]	Loss: 0.327411 Loss_all: 0.371705
Train epoch: 40 [5120/19235 (26%)]	Loss: 0.286014 Loss_all: 0.330199
Train epoch: 40 [10240/19235 (53%)]	Loss: 0.365451 Loss_all: 0.409272
Train epoch: 40 [15360/19235 (79%)]	Loss: 0.354335 Loss_all: 0.398616
注意力分数 x_H_1, x_H_2, xt, x_G: [0.16577516 0.2608304  0.32139587 0.25199857]
Train epoch: 40	Loss: 0.341566
Make prediction for 4809 samples...
0.8473134440698378 No improvement since epoch  31 ; best_val_ci, best_val_mse, best_val_r2: 0.8664426824670517 0.3170723 0.5760844892696576 davis
spend time： 19.981873035430908 s
Training on 19235 samples...
Train epoch: 41 [0/19235 (0%)]	Loss: 0.249901 Loss_all: 0.293740
Train epoch: 41 [5120/19235 (26%)]	Loss: 0.346488 Loss_all: 0.389576
Train epoch: 41 [10240/19235 (53%)]	Loss: 0.379394 Loss_all: 0.422379
Train epoch: 41 [15360/19235 (79%)]	Loss: 0.347784 Loss_all: 0.392488
注意力分数 x_H_1, x_H_2, xt, x_G: [0.15924181 0.2634243  0.32374755 0.25358635]
Train epoch: 41	Loss: 0.337588
Make prediction for 4809 samples...
0.859437087552179 No improvement since epoch  31 ; best_val_ci, best_val_mse, best_val_r2: 0.8664426824670517 0.3170723 0.5760844892696576 davis
spend time： 20.015299320220947 s
Training on 19235 samples...
Train epoch: 42 [0/19235 (0%)]	Loss: 0.290742 Loss_all: 0.333610
Train epoch: 42 [5120/19235 (26%)]	Loss: 0.287213 Loss_all: 0.329659
Train epoch: 42 [10240/19235 (53%)]	Loss: 0.324094 Loss_all: 0.366327
Train epoch: 42 [15360/19235 (79%)]	Loss: 0.328408 Loss_all: 0.370557
注意力分数 x_H_1, x_H_2, xt, x_G: [0.15453796 0.2586879  0.33241454 0.25435963]
Train epoch: 42	Loss: 0.325140
Make prediction for 4809 samples...
0.8608862491625597 No improvement since epoch  31 ; best_val_ci, best_val_mse, best_val_r2: 0.8664426824670517 0.3170723 0.5760844892696576 davis
spend time： 19.24876117706299 s
Training on 19235 samples...
Train epoch: 43 [0/19235 (0%)]	Loss: 0.314513 Loss_all: 0.358033
Train epoch: 43 [5120/19235 (26%)]	Loss: 0.326509 Loss_all: 0.369032
Train epoch: 43 [10240/19235 (53%)]	Loss: 0.311556 Loss_all: 0.353475
Train epoch: 43 [15360/19235 (79%)]	Loss: 0.322994 Loss_all: 0.365004
注意力分数 x_H_1, x_H_2, xt, x_G: [0.15668543 0.25455874 0.33479002 0.25396582]
Train epoch: 43	Loss: 0.328560
Make prediction for 4809 samples...
val CI improved at epoch  43 ; best_val_ci, best_val_mse, best_val_r2: 0.8676503595229507 0.282378 0.6429985259808146 davis
spend time： 18.94440484046936 s
Training on 19235 samples...
Train epoch: 44 [0/19235 (0%)]	Loss: 0.300544 Loss_all: 0.342365
Train epoch: 44 [5120/19235 (26%)]	Loss: 0.271156 Loss_all: 0.312790
Train epoch: 44 [10240/19235 (53%)]	Loss: 0.339580 Loss_all: 0.380680
Train epoch: 44 [15360/19235 (79%)]	Loss: 0.358784 Loss_all: 0.399998
注意力分数 x_H_1, x_H_2, xt, x_G: [0.15636496 0.25580555 0.3318412  0.25598833]
Train epoch: 44	Loss: 0.313640
Make prediction for 4809 samples...
0.8566334425509178 No improvement since epoch  43 ; best_val_ci, best_val_mse, best_val_r2: 0.8676503595229507 0.282378 0.6429985259808146 davis
spend time： 20.028645277023315 s
Training on 19235 samples...
Train epoch: 45 [0/19235 (0%)]	Loss: 0.313989 Loss_all: 0.355514
Train epoch: 45 [5120/19235 (26%)]	Loss: 0.356074 Loss_all: 0.397611
Train epoch: 45 [10240/19235 (53%)]	Loss: 0.289705 Loss_all: 0.330794
Train epoch: 45 [15360/19235 (79%)]	Loss: 0.347517 Loss_all: 0.388674
注意力分数 x_H_1, x_H_2, xt, x_G: [0.15453169 0.26361743 0.31887493 0.26297605]
Train epoch: 45	Loss: 0.329919
Make prediction for 4809 samples...
0.852134065714991 No improvement since epoch  43 ; best_val_ci, best_val_mse, best_val_r2: 0.8676503595229507 0.282378 0.6429985259808146 davis
spend time： 19.439366102218628 s
Training on 19235 samples...
Train epoch: 46 [0/19235 (0%)]	Loss: 0.308125 Loss_all: 0.349638
Train epoch: 46 [5120/19235 (26%)]	Loss: 0.286008 Loss_all: 0.326633
Train epoch: 46 [10240/19235 (53%)]	Loss: 0.354211 Loss_all: 0.395156
Train epoch: 46 [15360/19235 (79%)]	Loss: 0.353299 Loss_all: 0.393714
注意力分数 x_H_1, x_H_2, xt, x_G: [0.15910055 0.25956997 0.3265461  0.25478348]
Train epoch: 46	Loss: 0.315420
Make prediction for 4809 samples...
0.8537659723936282 No improvement since epoch  43 ; best_val_ci, best_val_mse, best_val_r2: 0.8676503595229507 0.282378 0.6429985259808146 davis
spend time： 19.675070762634277 s
Training on 19235 samples...
Train epoch: 47 [0/19235 (0%)]	Loss: 0.310075 Loss_all: 0.350710
Train epoch: 47 [5120/19235 (26%)]	Loss: 0.406145 Loss_all: 0.446616
Train epoch: 47 [10240/19235 (53%)]	Loss: 0.287611 Loss_all: 0.327535
Train epoch: 47 [15360/19235 (79%)]	Loss: 0.320205 Loss_all: 0.359955
注意力分数 x_H_1, x_H_2, xt, x_G: [0.15770414 0.2609037  0.32857674 0.25281554]
Train epoch: 47	Loss: 0.312732
Make prediction for 4809 samples...
0.8531409435748326 No improvement since epoch  43 ; best_val_ci, best_val_mse, best_val_r2: 0.8676503595229507 0.282378 0.6429985259808146 davis
spend time： 19.50196146965027 s
Training on 19235 samples...
Train epoch: 48 [0/19235 (0%)]	Loss: 0.251878 Loss_all: 0.293045
Train epoch: 48 [5120/19235 (26%)]	Loss: 0.306188 Loss_all: 0.347354
Train epoch: 48 [10240/19235 (53%)]	Loss: 0.294080 Loss_all: 0.334929
Train epoch: 48 [15360/19235 (79%)]	Loss: 0.356847 Loss_all: 0.398444
注意力分数 x_H_1, x_H_2, xt, x_G: [0.16474614 0.2553997  0.33263913 0.24721509]
Train epoch: 48	Loss: 0.307731
Make prediction for 4809 samples...
0.8605475435536762 No improvement since epoch  43 ; best_val_ci, best_val_mse, best_val_r2: 0.8676503595229507 0.282378 0.6429985259808146 davis
spend time： 19.8728506565094 s
Training on 19235 samples...
Train epoch: 49 [0/19235 (0%)]	Loss: 0.358112 Loss_all: 0.398670
Train epoch: 49 [5120/19235 (26%)]	Loss: 0.301484 Loss_all: 0.341474
Train epoch: 49 [10240/19235 (53%)]	Loss: 0.347662 Loss_all: 0.387651
Train epoch: 49 [15360/19235 (79%)]	Loss: 0.307625 Loss_all: 0.347464
注意力分数 x_H_1, x_H_2, xt, x_G: [0.15002586 0.26430583 0.33640388 0.24926442]
Train epoch: 49	Loss: 0.305379
Make prediction for 4809 samples...
0.8473320915257823 No improvement since epoch  43 ; best_val_ci, best_val_mse, best_val_r2: 0.8676503595229507 0.282378 0.6429985259808146 davis
spend time： 19.188930988311768 s
Training on 19235 samples...
Train epoch: 50 [0/19235 (0%)]	Loss: 0.285233 Loss_all: 0.324875
Train epoch: 50 [5120/19235 (26%)]	Loss: 0.317359 Loss_all: 0.356557
Train epoch: 50 [10240/19235 (53%)]	Loss: 0.325095 Loss_all: 0.364393
Train epoch: 50 [15360/19235 (79%)]	Loss: 0.323384 Loss_all: 0.362056
注意力分数 x_H_1, x_H_2, xt, x_G: [0.1532594  0.26133817 0.33372566 0.25167668]
Train epoch: 50	Loss: 0.305371
Make prediction for 4809 samples...
0.8638133064177085 No improvement since epoch  43 ; best_val_ci, best_val_mse, best_val_r2: 0.8676503595229507 0.282378 0.6429985259808146 davis
spend time： 18.788275718688965 s
Training on 19235 samples...
Train epoch: 51 [0/19235 (0%)]	Loss: 0.273105 Loss_all: 0.312269
Train epoch: 51 [5120/19235 (26%)]	Loss: 0.385424 Loss_all: 0.423760
Train epoch: 51 [10240/19235 (53%)]	Loss: 0.360054 Loss_all: 0.398287
Train epoch: 51 [15360/19235 (79%)]	Loss: 0.305157 Loss_all: 0.343379
注意力分数 x_H_1, x_H_2, xt, x_G: [0.15419887 0.26245165 0.33076376 0.25258577]
Train epoch: 51	Loss: 0.300905
Make prediction for 4809 samples...
0.8650507346419553 No improvement since epoch  43 ; best_val_ci, best_val_mse, best_val_r2: 0.8676503595229507 0.282378 0.6429985259808146 davis
spend time： 19.367152452468872 s
Training on 19235 samples...
Train epoch: 52 [0/19235 (0%)]	Loss: 0.289766 Loss_all: 0.327115
Train epoch: 52 [5120/19235 (26%)]	Loss: 0.306615 Loss_all: 0.345235
Train epoch: 52 [10240/19235 (53%)]	Loss: 0.318325 Loss_all: 0.356826
Train epoch: 52 [15360/19235 (79%)]	Loss: 0.297468 Loss_all: 0.336185
注意力分数 x_H_1, x_H_2, xt, x_G: [0.14912112 0.2589191  0.3367083  0.2552515 ]
Train epoch: 52	Loss: 0.297137
Make prediction for 4809 samples...
0.8587561163655498 No improvement since epoch  43 ; best_val_ci, best_val_mse, best_val_r2: 0.8676503595229507 0.282378 0.6429985259808146 davis
spend time： 19.236180782318115 s
Training on 19235 samples...
Train epoch: 53 [0/19235 (0%)]	Loss: 0.323889 Loss_all: 0.362259
Train epoch: 53 [5120/19235 (26%)]	Loss: 0.269563 Loss_all: 0.307152
Train epoch: 53 [10240/19235 (53%)]	Loss: 0.286444 Loss_all: 0.323853
Train epoch: 53 [15360/19235 (79%)]	Loss: 0.256937 Loss_all: 0.293630
注意力分数 x_H_1, x_H_2, xt, x_G: [0.14771336 0.249301   0.34841877 0.25456682]
Train epoch: 53	Loss: 0.286102
Make prediction for 4809 samples...
0.8650391223625716 No improvement since epoch  43 ; best_val_ci, best_val_mse, best_val_r2: 0.8676503595229507 0.282378 0.6429985259808146 davis
spend time： 19.214238166809082 s
Training on 19235 samples...
Train epoch: 54 [0/19235 (0%)]	Loss: 0.257207 Loss_all: 0.294081
Train epoch: 54 [5120/19235 (26%)]	Loss: 0.306210 Loss_all: 0.342797
Train epoch: 54 [10240/19235 (53%)]	Loss: 0.274713 Loss_all: 0.310788
Train epoch: 54 [15360/19235 (79%)]	Loss: 0.261497 Loss_all: 0.297880
注意力分数 x_H_1, x_H_2, xt, x_G: [0.14717036 0.25039238 0.34219265 0.2602446 ]
Train epoch: 54	Loss: 0.289253
Make prediction for 4809 samples...
0.8637916923210455 No improvement since epoch  43 ; best_val_ci, best_val_mse, best_val_r2: 0.8676503595229507 0.282378 0.6429985259808146 davis
spend time： 19.641104698181152 s
Training on 19235 samples...
Train epoch: 55 [0/19235 (0%)]	Loss: 0.256324 Loss_all: 0.291952
Train epoch: 55 [5120/19235 (26%)]	Loss: 0.261526 Loss_all: 0.297946
Train epoch: 55 [10240/19235 (53%)]	Loss: 0.328024 Loss_all: 0.364123
Train epoch: 55 [15360/19235 (79%)]	Loss: 0.367076 Loss_all: 0.403094
注意力分数 x_H_1, x_H_2, xt, x_G: [0.15805863 0.2511614  0.345901   0.24487899]
Train epoch: 55	Loss: 0.291210
Make prediction for 4809 samples...
0.8671335707097968 No improvement since epoch  43 ; best_val_ci, best_val_mse, best_val_r2: 0.8676503595229507 0.282378 0.6429985259808146 davis
spend time： 19.74104332923889 s
Training on 19235 samples...
Train epoch: 56 [0/19235 (0%)]	Loss: 0.298709 Loss_all: 0.333862
Train epoch: 56 [5120/19235 (26%)]	Loss: 0.269140 Loss_all: 0.304368
Train epoch: 56 [10240/19235 (53%)]	Loss: 0.243582 Loss_all: 0.279580
Train epoch: 56 [15360/19235 (79%)]	Loss: 0.322055 Loss_all: 0.357392
注意力分数 x_H_1, x_H_2, xt, x_G: [0.15125538 0.25826672 0.33915597 0.25132185]
Train epoch: 56	Loss: 0.290694
Make prediction for 4809 samples...
val CI improved at epoch  56 ; best_val_ci, best_val_mse, best_val_r2: 0.8679395646124177 0.27825156 0.6097750852000955 davis
spend time： 19.69742465019226 s
Training on 19235 samples...
Train epoch: 57 [0/19235 (0%)]	Loss: 0.232614 Loss_all: 0.267737
Train epoch: 57 [5120/19235 (26%)]	Loss: 0.215837 Loss_all: 0.250887
Train epoch: 57 [10240/19235 (53%)]	Loss: 0.314296 Loss_all: 0.348636
Train epoch: 57 [15360/19235 (79%)]	Loss: 0.245453 Loss_all: 0.279880
注意力分数 x_H_1, x_H_2, xt, x_G: [0.15150893 0.25464597 0.3431406  0.25070444]
Train epoch: 57	Loss: 0.282116
Make prediction for 4809 samples...
0.8674942294599968 No improvement since epoch  56 ; best_val_ci, best_val_mse, best_val_r2: 0.8679395646124177 0.27825156 0.6097750852000955 davis
spend time： 19.024561882019043 s
Training on 19235 samples...
Train epoch: 58 [0/19235 (0%)]	Loss: 0.258503 Loss_all: 0.292944
Train epoch: 58 [5120/19235 (26%)]	Loss: 0.283429 Loss_all: 0.317075
Train epoch: 58 [10240/19235 (53%)]	Loss: 0.333856 Loss_all: 0.367459
Train epoch: 58 [15360/19235 (79%)]	Loss: 0.318653 Loss_all: 0.351874
注意力分数 x_H_1, x_H_2, xt, x_G: [0.15289305 0.25100702 0.34335935 0.25274053]
Train epoch: 58	Loss: 0.275156
Make prediction for 4809 samples...
val CI improved at epoch  58 ; best_val_ci, best_val_mse, best_val_r2: 0.8683459096296818 0.291002 0.603602959728666 davis
spend time： 19.08171582221985 s
Training on 19235 samples...
Train epoch: 59 [0/19235 (0%)]	Loss: 0.348433 Loss_all: 0.381978
Train epoch: 59 [5120/19235 (26%)]	Loss: 0.238224 Loss_all: 0.271408
Train epoch: 59 [10240/19235 (53%)]	Loss: 0.242587 Loss_all: 0.276067
Train epoch: 59 [15360/19235 (79%)]	Loss: 0.300986 Loss_all: 0.333887
注意力分数 x_H_1, x_H_2, xt, x_G: [0.15279917 0.25297222 0.345174   0.24905458]
Train epoch: 59	Loss: 0.271360
Make prediction for 4809 samples...
0.8627481976386218 No improvement since epoch  58 ; best_val_ci, best_val_mse, best_val_r2: 0.8683459096296818 0.291002 0.603602959728666 davis
spend time： 20.949938535690308 s
Training on 19235 samples...
Train epoch: 60 [0/19235 (0%)]	Loss: 0.282062 Loss_all: 0.315007
Train epoch: 60 [5120/19235 (26%)]	Loss: 0.306489 Loss_all: 0.339556
Train epoch: 60 [10240/19235 (53%)]	Loss: 0.240428 Loss_all: 0.272921
Train epoch: 60 [15360/19235 (79%)]	Loss: 0.294076 Loss_all: 0.327212
注意力分数 x_H_1, x_H_2, xt, x_G: [0.1480522  0.2592884  0.34603605 0.2466234 ]
Train epoch: 60	Loss: 0.269150
Make prediction for 4809 samples...
val CI improved at epoch  60 ; best_val_ci, best_val_mse, best_val_r2: 0.8712581336812384 0.25762552 0.6695770436212789 davis
spend time： 20.815561532974243 s
Training on 19235 samples...
Train epoch: 61 [0/19235 (0%)]	Loss: 0.266390 Loss_all: 0.299303
Train epoch: 61 [5120/19235 (26%)]	Loss: 0.264603 Loss_all: 0.297146
Train epoch: 61 [10240/19235 (53%)]	Loss: 0.283018 Loss_all: 0.314991
Train epoch: 61 [15360/19235 (79%)]	Loss: 0.258815 Loss_all: 0.291241
注意力分数 x_H_1, x_H_2, xt, x_G: [0.15184261 0.2530111  0.34736285 0.24778344]
Train epoch: 61	Loss: 0.272488
Make prediction for 4809 samples...
0.8665600766783389 No improvement since epoch  60 ; best_val_ci, best_val_mse, best_val_r2: 0.8712581336812384 0.25762552 0.6695770436212789 davis
spend time： 21.986990928649902 s
Training on 19235 samples...
Train epoch: 62 [0/19235 (0%)]	Loss: 0.225660 Loss_all: 0.258255
Train epoch: 62 [5120/19235 (26%)]	Loss: 0.240027 Loss_all: 0.271491
Train epoch: 62 [10240/19235 (53%)]	Loss: 0.246964 Loss_all: 0.278687
Train epoch: 62 [15360/19235 (79%)]	Loss: 0.250403 Loss_all: 0.282026
注意力分数 x_H_1, x_H_2, xt, x_G: [0.15503167 0.2540906  0.3426217  0.24825606]
Train epoch: 62	Loss: 0.259274
Make prediction for 4809 samples...
0.8650966751925095 No improvement since epoch  60 ; best_val_ci, best_val_mse, best_val_r2: 0.8712581336812384 0.25762552 0.6695770436212789 davis
spend time： 22.876609802246094 s
Training on 19235 samples...
Train epoch: 63 [0/19235 (0%)]	Loss: 0.310929 Loss_all: 0.343614
Train epoch: 63 [5120/19235 (26%)]	Loss: 0.220126 Loss_all: 0.252412
Train epoch: 63 [10240/19235 (53%)]	Loss: 0.287341 Loss_all: 0.318912
Train epoch: 63 [15360/19235 (79%)]	Loss: 0.286088 Loss_all: 0.317552
注意力分数 x_H_1, x_H_2, xt, x_G: [0.15145588 0.25981796 0.34523243 0.24349369]
Train epoch: 63	Loss: 0.275455
Make prediction for 4809 samples...
val CI improved at epoch  63 ; best_val_ci, best_val_mse, best_val_r2: 0.8725843916047119 0.25779784 0.6627248464763559 davis
spend time： 20.262753009796143 s
Training on 19235 samples...
Train epoch: 64 [0/19235 (0%)]	Loss: 0.232381 Loss_all: 0.263292
Train epoch: 64 [5120/19235 (26%)]	Loss: 0.262847 Loss_all: 0.294179
Train epoch: 64 [10240/19235 (53%)]	Loss: 0.264861 Loss_all: 0.295975
Train epoch: 64 [15360/19235 (79%)]	Loss: 0.248569 Loss_all: 0.280112
注意力分数 x_H_1, x_H_2, xt, x_G: [0.15162899 0.25513712 0.34274378 0.25049016]
Train epoch: 64	Loss: 0.261183
Make prediction for 4809 samples...
0.8693766053764345 No improvement since epoch  63 ; best_val_ci, best_val_mse, best_val_r2: 0.8725843916047119 0.25779784 0.6627248464763559 davis
spend time： 20.73039174079895 s
Training on 19235 samples...
Train epoch: 65 [0/19235 (0%)]	Loss: 0.291690 Loss_all: 0.323136
Train epoch: 65 [5120/19235 (26%)]	Loss: 0.278797 Loss_all: 0.309825
Train epoch: 65 [10240/19235 (53%)]	Loss: 0.276216 Loss_all: 0.307690
Train epoch: 65 [15360/19235 (79%)]	Loss: 0.237302 Loss_all: 0.268210
注意力分数 x_H_1, x_H_2, xt, x_G: [0.14740215 0.26468694 0.34290466 0.24500623]
Train epoch: 65	Loss: 0.265227
Make prediction for 4809 samples...
0.8676873153901862 No improvement since epoch  63 ; best_val_ci, best_val_mse, best_val_r2: 0.8725843916047119 0.25779784 0.6627248464763559 davis
spend time： 24.245365142822266 s
Training on 19235 samples...
Train epoch: 66 [0/19235 (0%)]	Loss: 0.243580 Loss_all: 0.274322
Train epoch: 66 [5120/19235 (26%)]	Loss: 0.290249 Loss_all: 0.321423
Train epoch: 66 [10240/19235 (53%)]	Loss: 0.256235 Loss_all: 0.286933
Train epoch: 66 [15360/19235 (79%)]	Loss: 0.285055 Loss_all: 0.315487
注意力分数 x_H_1, x_H_2, xt, x_G: [0.14930959 0.25191337 0.35102648 0.24775046]
Train epoch: 66	Loss: 0.265851
Make prediction for 4809 samples...
0.8656942413943686 No improvement since epoch  63 ; best_val_ci, best_val_mse, best_val_r2: 0.8725843916047119 0.25779784 0.6627248464763559 davis
spend time： 22.825719594955444 s
Training on 19235 samples...
Train epoch: 67 [0/19235 (0%)]	Loss: 0.240583 Loss_all: 0.270915
Train epoch: 67 [5120/19235 (26%)]	Loss: 0.246789 Loss_all: 0.276751
Train epoch: 67 [10240/19235 (53%)]	Loss: 0.239160 Loss_all: 0.270781
Train epoch: 67 [15360/19235 (79%)]	Loss: 0.262133 Loss_all: 0.292624
注意力分数 x_H_1, x_H_2, xt, x_G: [0.15459509 0.25390932 0.34792662 0.24356893]
Train epoch: 67	Loss: 0.258086
Make prediction for 4809 samples...
0.8686289271542219 No improvement since epoch  63 ; best_val_ci, best_val_mse, best_val_r2: 0.8725843916047119 0.25779784 0.6627248464763559 davis
spend time： 23.638728380203247 s
Training on 19235 samples...
Train epoch: 68 [0/19235 (0%)]	Loss: 0.212107 Loss_all: 0.242394
Train epoch: 68 [5120/19235 (26%)]	Loss: 0.319576 Loss_all: 0.349252
Train epoch: 68 [10240/19235 (53%)]	Loss: 0.243507 Loss_all: 0.273267
Train epoch: 68 [15360/19235 (79%)]	Loss: 0.288355 Loss_all: 0.317783
注意力分数 x_H_1, x_H_2, xt, x_G: [0.15113768 0.25725406 0.34613967 0.24546851]
Train epoch: 68	Loss: 0.249542
Make prediction for 4809 samples...
0.8723025607364593 No improvement since epoch  63 ; best_val_ci, best_val_mse, best_val_r2: 0.8725843916047119 0.25779784 0.6627248464763559 davis
spend time： 24.79214882850647 s
Training on 19235 samples...
Train epoch: 69 [0/19235 (0%)]	Loss: 0.223257 Loss_all: 0.253223
Train epoch: 69 [5120/19235 (26%)]	Loss: 0.242566 Loss_all: 0.271085
Train epoch: 69 [10240/19235 (53%)]	Loss: 0.310686 Loss_all: 0.339494
Train epoch: 69 [15360/19235 (79%)]	Loss: 0.230780 Loss_all: 0.259068
注意力分数 x_H_1, x_H_2, xt, x_G: [0.1524687  0.25578746 0.3456312  0.24611264]
Train epoch: 69	Loss: 0.249268
Make prediction for 4809 samples...
0.864645237236325 No improvement since epoch  63 ; best_val_ci, best_val_mse, best_val_r2: 0.8725843916047119 0.25779784 0.6627248464763559 davis
spend time： 23.26468324661255 s
Training on 19235 samples...
Train epoch: 70 [0/19235 (0%)]	Loss: 0.213478 Loss_all: 0.242765
Train epoch: 70 [5120/19235 (26%)]	Loss: 0.197964 Loss_all: 0.226266
Train epoch: 70 [10240/19235 (53%)]	Loss: 0.255432 Loss_all: 0.284381
Train epoch: 70 [15360/19235 (79%)]	Loss: 0.243316 Loss_all: 0.270952
注意力分数 x_H_1, x_H_2, xt, x_G: [0.15457064 0.25651604 0.3472753  0.24163808]
Train epoch: 70	Loss: 0.247054
Make prediction for 4809 samples...
0.8690935030907311 No improvement since epoch  63 ; best_val_ci, best_val_mse, best_val_r2: 0.8725843916047119 0.25779784 0.6627248464763559 davis
spend time： 24.633286476135254 s
Training on 19235 samples...
Train epoch: 71 [0/19235 (0%)]	Loss: 0.242394 Loss_all: 0.270425
Train epoch: 71 [5120/19235 (26%)]	Loss: 0.300435 Loss_all: 0.329263
Train epoch: 71 [10240/19235 (53%)]	Loss: 0.284137 Loss_all: 0.312569
Train epoch: 71 [15360/19235 (79%)]	Loss: 0.217819 Loss_all: 0.245690
注意力分数 x_H_1, x_H_2, xt, x_G: [0.15041001 0.25554493 0.34962186 0.24442314]
Train epoch: 71	Loss: 0.251093
Make prediction for 4809 samples...
0.8667110363103262 No improvement since epoch  63 ; best_val_ci, best_val_mse, best_val_r2: 0.8725843916047119 0.25779784 0.6627248464763559 davis
spend time： 25.24345088005066 s
Training on 19235 samples...
Train epoch: 72 [0/19235 (0%)]	Loss: 0.293634 Loss_all: 0.321704
Train epoch: 72 [5120/19235 (26%)]	Loss: 0.240014 Loss_all: 0.267793
Train epoch: 72 [10240/19235 (53%)]	Loss: 0.269861 Loss_all: 0.296837
Train epoch: 72 [15360/19235 (79%)]	Loss: 0.236045 Loss_all: 0.263872
注意力分数 x_H_1, x_H_2, xt, x_G: [0.15151283 0.25949162 0.3449896  0.24400596]
Train epoch: 72	Loss: 0.245102
Make prediction for 4809 samples...
0.8694805225627436 No improvement since epoch  63 ; best_val_ci, best_val_mse, best_val_r2: 0.8725843916047119 0.25779784 0.6627248464763559 davis
spend time： 21.6195867061615 s
Training on 19235 samples...
Train epoch: 73 [0/19235 (0%)]	Loss: 0.241887 Loss_all: 0.269590
Train epoch: 73 [5120/19235 (26%)]	Loss: 0.288673 Loss_all: 0.315770
Train epoch: 73 [10240/19235 (53%)]	Loss: 0.298230 Loss_all: 0.325403
Train epoch: 73 [15360/19235 (79%)]	Loss: 0.258023 Loss_all: 0.285215
注意力分数 x_H_1, x_H_2, xt, x_G: [0.14486006 0.2590614  0.35007915 0.24599947]
Train epoch: 73	Loss: 0.250688
Make prediction for 4809 samples...
0.8691314760919272 No improvement since epoch  63 ; best_val_ci, best_val_mse, best_val_r2: 0.8725843916047119 0.25779784 0.6627248464763559 davis
spend time： 21.54586625099182 s
Training on 19235 samples...
Train epoch: 74 [0/19235 (0%)]	Loss: 0.232978 Loss_all: 0.260307
Train epoch: 74 [5120/19235 (26%)]	Loss: 0.242449 Loss_all: 0.269815
Train epoch: 74 [10240/19235 (53%)]	Loss: 0.264131 Loss_all: 0.292016
Train epoch: 74 [15360/19235 (79%)]	Loss: 0.219326 Loss_all: 0.246299
注意力分数 x_H_1, x_H_2, xt, x_G: [0.14332227 0.25921127 0.34636393 0.25110266]
Train epoch: 74	Loss: 0.241688
Make prediction for 4809 samples...
val CI improved at epoch  74 ; best_val_ci, best_val_mse, best_val_r2: 0.8788974030535718 0.2515512 0.663834306672257 davis
spend time： 21.123836994171143 s
Training on 19235 samples...
Train epoch: 75 [0/19235 (0%)]	Loss: 0.240354 Loss_all: 0.267620
Train epoch: 75 [5120/19235 (26%)]	Loss: 0.229632 Loss_all: 0.256114
Train epoch: 75 [10240/19235 (53%)]	Loss: 0.277020 Loss_all: 0.303249
Train epoch: 75 [15360/19235 (79%)]	Loss: 0.203187 Loss_all: 0.230023
注意力分数 x_H_1, x_H_2, xt, x_G: [0.14938746 0.2720928  0.3372462  0.24127354]
Train epoch: 75	Loss: 0.238467
Make prediction for 4809 samples...
0.8714212141595897 No improvement since epoch  74 ; best_val_ci, best_val_mse, best_val_r2: 0.8788974030535718 0.2515512 0.663834306672257 davis
spend time： 21.61966347694397 s
Training on 19235 samples...
Train epoch: 76 [0/19235 (0%)]	Loss: 0.190921 Loss_all: 0.216921
Train epoch: 76 [5120/19235 (26%)]	Loss: 0.226645 Loss_all: 0.252835
Train epoch: 76 [10240/19235 (53%)]	Loss: 0.232384 Loss_all: 0.258628
Train epoch: 76 [15360/19235 (79%)]	Loss: 0.200459 Loss_all: 0.227276
注意力分数 x_H_1, x_H_2, xt, x_G: [0.15074393 0.26740777 0.3405629  0.24128532]
Train epoch: 76	Loss: 0.238285
Make prediction for 4809 samples...
0.8633238106991643 No improvement since epoch  74 ; best_val_ci, best_val_mse, best_val_r2: 0.8788974030535718 0.2515512 0.663834306672257 davis
spend time： 23.411010265350342 s
Training on 19235 samples...
Train epoch: 77 [0/19235 (0%)]	Loss: 0.197999 Loss_all: 0.224304
Train epoch: 77 [5120/19235 (26%)]	Loss: 0.270454 Loss_all: 0.297205
Train epoch: 77 [10240/19235 (53%)]	Loss: 0.224969 Loss_all: 0.253487
Train epoch: 77 [15360/19235 (79%)]	Loss: 0.262070 Loss_all: 0.290354
注意力分数 x_H_1, x_H_2, xt, x_G: [0.15115504 0.2634397  0.3367514  0.24865389]
Train epoch: 77	Loss: 0.236453
Make prediction for 4809 samples...
0.8669148869082653 No improvement since epoch  74 ; best_val_ci, best_val_mse, best_val_r2: 0.8788974030535718 0.2515512 0.663834306672257 davis
spend time： 23.77372908592224 s
Training on 19235 samples...
Train epoch: 78 [0/19235 (0%)]	Loss: 0.239464 Loss_all: 0.267412
Train epoch: 78 [5120/19235 (26%)]	Loss: 0.288054 Loss_all: 0.315501
Train epoch: 78 [10240/19235 (53%)]	Loss: 0.227365 Loss_all: 0.254041
Train epoch: 78 [15360/19235 (79%)]	Loss: 0.195816 Loss_all: 0.221865
注意力分数 x_H_1, x_H_2, xt, x_G: [0.14654762 0.25825307 0.34695914 0.24824014]
Train epoch: 78	Loss: 0.235295
Make prediction for 4809 samples...
0.8740561844457162 No improvement since epoch  74 ; best_val_ci, best_val_mse, best_val_r2: 0.8788974030535718 0.2515512 0.663834306672257 davis
spend time： 25.109461307525635 s
Training on 19235 samples...
Train epoch: 79 [0/19235 (0%)]	Loss: 0.211439 Loss_all: 0.237213
Train epoch: 79 [5120/19235 (26%)]	Loss: 0.267957 Loss_all: 0.293184
Train epoch: 79 [10240/19235 (53%)]	Loss: 0.257276 Loss_all: 0.282723
Train epoch: 79 [15360/19235 (79%)]	Loss: 0.230811 Loss_all: 0.255562
注意力分数 x_H_1, x_H_2, xt, x_G: [0.14832097 0.25909698 0.34597772 0.24660422]
Train epoch: 79	Loss: 0.234474
Make prediction for 4809 samples...
0.8687466604101627 No improvement since epoch  74 ; best_val_ci, best_val_mse, best_val_r2: 0.8788974030535718 0.2515512 0.663834306672257 davis
spend time： 21.990713119506836 s
Training on 19235 samples...
Train epoch: 80 [0/19235 (0%)]	Loss: 0.196228 Loss_all: 0.221428
Train epoch: 80 [5120/19235 (26%)]	Loss: 0.223707 Loss_all: 0.248431
Train epoch: 80 [10240/19235 (53%)]	Loss: 0.217229 Loss_all: 0.241959
Train epoch: 80 [15360/19235 (79%)]	Loss: 0.207000 Loss_all: 0.232052
注意力分数 x_H_1, x_H_2, xt, x_G: [0.1443626  0.2656654  0.34127033 0.24870168]
Train epoch: 80	Loss: 0.239883
Make prediction for 4809 samples...
0.8508920603879213 No improvement since epoch  74 ; best_val_ci, best_val_mse, best_val_r2: 0.8788974030535718 0.2515512 0.663834306672257 davis
spend time： 22.087801933288574 s
Training on 19235 samples...
Train epoch: 81 [0/19235 (0%)]	Loss: 0.184041 Loss_all: 0.208827
Train epoch: 81 [5120/19235 (26%)]	Loss: 0.218839 Loss_all: 0.243685
Train epoch: 81 [10240/19235 (53%)]	Loss: 0.221905 Loss_all: 0.246840
Train epoch: 81 [15360/19235 (79%)]	Loss: 0.230447 Loss_all: 0.255071
注意力分数 x_H_1, x_H_2, xt, x_G: [0.15074848 0.2609173  0.3453823  0.24295184]
Train epoch: 81	Loss: 0.230916
Make prediction for 4809 samples...
0.8765526549908729 No improvement since epoch  74 ; best_val_ci, best_val_mse, best_val_r2: 0.8788974030535718 0.2515512 0.663834306672257 davis
spend time： 21.61433720588684 s
Training on 19235 samples...
Train epoch: 82 [0/19235 (0%)]	Loss: 0.236108 Loss_all: 0.260700
Train epoch: 82 [5120/19235 (26%)]	Loss: 0.212823 Loss_all: 0.237806
Train epoch: 82 [10240/19235 (53%)]	Loss: 0.275202 Loss_all: 0.299749
Train epoch: 82 [15360/19235 (79%)]	Loss: 0.215477 Loss_all: 0.239668
注意力分数 x_H_1, x_H_2, xt, x_G: [0.14144526 0.2666393  0.34956306 0.2423523 ]
Train epoch: 82	Loss: 0.238442
Make prediction for 4809 samples...
0.8716296418603515 No improvement since epoch  74 ; best_val_ci, best_val_mse, best_val_r2: 0.8788974030535718 0.2515512 0.663834306672257 davis
spend time： 21.412373065948486 s
Training on 19235 samples...
Train epoch: 83 [0/19235 (0%)]	Loss: 0.226805 Loss_all: 0.251875
Train epoch: 83 [5120/19235 (26%)]	Loss: 0.208540 Loss_all: 0.232979
Train epoch: 83 [10240/19235 (53%)]	Loss: 0.241080 Loss_all: 0.265270
Train epoch: 83 [15360/19235 (79%)]	Loss: 0.202452 Loss_all: 0.226622
注意力分数 x_H_1, x_H_2, xt, x_G: [0.14721249 0.25774023 0.348529   0.24651831]
Train epoch: 83	Loss: 0.223507
Make prediction for 4809 samples...
0.8708132223346343 No improvement since epoch  74 ; best_val_ci, best_val_mse, best_val_r2: 0.8788974030535718 0.2515512 0.663834306672257 davis
spend time： 21.160615921020508 s
Training on 19235 samples...
Train epoch: 84 [0/19235 (0%)]	Loss: 0.172303 Loss_all: 0.195701
Train epoch: 84 [5120/19235 (26%)]	Loss: 0.210544 Loss_all: 0.234295
Train epoch: 84 [10240/19235 (53%)]	Loss: 0.246158 Loss_all: 0.269880
Train epoch: 84 [15360/19235 (79%)]	Loss: 0.286764 Loss_all: 0.309885
注意力分数 x_H_1, x_H_2, xt, x_G: [0.14619742 0.2636442  0.34708554 0.24307284]
Train epoch: 84	Loss: 0.227713
Make prediction for 4809 samples...
0.8659524238980371 No improvement since epoch  74 ; best_val_ci, best_val_mse, best_val_r2: 0.8788974030535718 0.2515512 0.663834306672257 davis
spend time： 21.154783964157104 s
Training on 19235 samples...
Train epoch: 85 [0/19235 (0%)]	Loss: 0.193456 Loss_all: 0.216661
Train epoch: 85 [5120/19235 (26%)]	Loss: 0.204118 Loss_all: 0.227273
Train epoch: 85 [10240/19235 (53%)]	Loss: 0.248519 Loss_all: 0.271530
Train epoch: 85 [15360/19235 (79%)]	Loss: 0.258531 Loss_all: 0.281478
注意力分数 x_H_1, x_H_2, xt, x_G: [0.147224   0.26132622 0.34714496 0.24430491]
Train epoch: 85	Loss: 0.222724
Make prediction for 4809 samples...
val CI improved at epoch  85 ; best_val_ci, best_val_mse, best_val_r2: 0.8813153847614347 0.24836361 0.6412888882026413 davis
spend time： 21.546579122543335 s
Training on 19235 samples...
Train epoch: 86 [0/19235 (0%)]	Loss: 0.223750 Loss_all: 0.246442
Train epoch: 86 [5120/19235 (26%)]	Loss: 0.205322 Loss_all: 0.228282
Train epoch: 86 [10240/19235 (53%)]	Loss: 0.219206 Loss_all: 0.243750
Train epoch: 86 [15360/19235 (79%)]	Loss: 0.213110 Loss_all: 0.237132
注意力分数 x_H_1, x_H_2, xt, x_G: [0.1517508  0.2570657  0.3469281  0.24425536]
Train epoch: 86	Loss: 0.223714
Make prediction for 4809 samples...
0.8779639283612208 No improvement since epoch  85 ; best_val_ci, best_val_mse, best_val_r2: 0.8813153847614347 0.24836361 0.6412888882026413 davis
spend time： 22.436479568481445 s
Training on 19235 samples...
Train epoch: 87 [0/19235 (0%)]	Loss: 0.248850 Loss_all: 0.272368
Train epoch: 87 [5120/19235 (26%)]	Loss: 0.201913 Loss_all: 0.225072
Train epoch: 87 [10240/19235 (53%)]	Loss: 0.190884 Loss_all: 0.213897
Train epoch: 87 [15360/19235 (79%)]	Loss: 0.221443 Loss_all: 0.244219
注意力分数 x_H_1, x_H_2, xt, x_G: [0.1466943  0.25717595 0.3541882  0.24194163]
Train epoch: 87	Loss: 0.217338
Make prediction for 4809 samples...
val CI improved at epoch  87 ; best_val_ci, best_val_mse, best_val_r2: 0.8823407405548941 0.23981072 0.6748159115235911 davis
spend time： 22.024704694747925 s
Training on 19235 samples...
Train epoch: 88 [0/19235 (0%)]	Loss: 0.230800 Loss_all: 0.253223
Train epoch: 88 [5120/19235 (26%)]	Loss: 0.225723 Loss_all: 0.248520
Train epoch: 88 [10240/19235 (53%)]	Loss: 0.247035 Loss_all: 0.269880
Train epoch: 88 [15360/19235 (79%)]	Loss: 0.242130 Loss_all: 0.265782
注意力分数 x_H_1, x_H_2, xt, x_G: [0.14706728 0.25834486 0.35141146 0.24317642]
Train epoch: 88	Loss: 0.218989
Make prediction for 4809 samples...
0.858826298608832 No improvement since epoch  87 ; best_val_ci, best_val_mse, best_val_r2: 0.8823407405548941 0.23981072 0.6748159115235911 davis
spend time： 21.884624242782593 s
Training on 19235 samples...
Train epoch: 89 [0/19235 (0%)]	Loss: 0.249485 Loss_all: 0.272400
Train epoch: 89 [5120/19235 (26%)]	Loss: 0.187675 Loss_all: 0.209482
Train epoch: 89 [10240/19235 (53%)]	Loss: 0.226512 Loss_all: 0.248137
Train epoch: 89 [15360/19235 (79%)]	Loss: 0.173653 Loss_all: 0.195600
注意力分数 x_H_1, x_H_2, xt, x_G: [0.14458972 0.26177803 0.35141945 0.24221277]
Train epoch: 89	Loss: 0.218095
Make prediction for 4809 samples...
0.8631092801946387 No improvement since epoch  87 ; best_val_ci, best_val_mse, best_val_r2: 0.8823407405548941 0.23981072 0.6748159115235911 davis
spend time： 21.72794818878174 s
Training on 19235 samples...
Train epoch: 90 [0/19235 (0%)]	Loss: 0.209062 Loss_all: 0.230801
Train epoch: 90 [5120/19235 (26%)]	Loss: 0.183774 Loss_all: 0.205360
Train epoch: 90 [10240/19235 (53%)]	Loss: 0.236169 Loss_all: 0.257587
Train epoch: 90 [15360/19235 (79%)]	Loss: 0.207778 Loss_all: 0.229256
注意力分数 x_H_1, x_H_2, xt, x_G: [0.1443978  0.2590618  0.34595534 0.2505851 ]
Train epoch: 90	Loss: 0.215519
Make prediction for 4809 samples...
0.8539183729653931 No improvement since epoch  87 ; best_val_ci, best_val_mse, best_val_r2: 0.8823407405548941 0.23981072 0.6748159115235911 davis
spend time： 21.445963144302368 s
Training on 19235 samples...
Train epoch: 91 [0/19235 (0%)]	Loss: 0.234624 Loss_all: 0.256058
Train epoch: 91 [5120/19235 (26%)]	Loss: 0.187537 Loss_all: 0.209176
Train epoch: 91 [10240/19235 (53%)]	Loss: 0.279889 Loss_all: 0.300817
Train epoch: 91 [15360/19235 (79%)]	Loss: 0.217652 Loss_all: 0.239242
注意力分数 x_H_1, x_H_2, xt, x_G: [0.14010355 0.25925097 0.35162994 0.24901561]
Train epoch: 91	Loss: 0.220113
Make prediction for 4809 samples...
0.8557471798265719 No improvement since epoch  87 ; best_val_ci, best_val_mse, best_val_r2: 0.8823407405548941 0.23981072 0.6748159115235911 davis
spend time： 22.00791597366333 s
Training on 19235 samples...
Train epoch: 92 [0/19235 (0%)]	Loss: 0.196652 Loss_all: 0.218128
Train epoch: 92 [5120/19235 (26%)]	Loss: 0.183636 Loss_all: 0.204756
Train epoch: 92 [10240/19235 (53%)]	Loss: 0.184034 Loss_all: 0.204724
Train epoch: 92 [15360/19235 (79%)]	Loss: 0.192615 Loss_all: 0.213252
注意力分数 x_H_1, x_H_2, xt, x_G: [0.14557299 0.26102445 0.34834912 0.2450534 ]
Train epoch: 92	Loss: 0.207175
Make prediction for 4809 samples...
0.8621842816186263 No improvement since epoch  87 ; best_val_ci, best_val_mse, best_val_r2: 0.8823407405548941 0.23981072 0.6748159115235911 davis
spend time： 21.72497034072876 s
Training on 19235 samples...
Train epoch: 93 [0/19235 (0%)]	Loss: 0.204753 Loss_all: 0.225429
Train epoch: 93 [5120/19235 (26%)]	Loss: 0.253732 Loss_all: 0.274451
Train epoch: 93 [10240/19235 (53%)]	Loss: 0.212335 Loss_all: 0.232991
Train epoch: 93 [15360/19235 (79%)]	Loss: 0.222185 Loss_all: 0.243524
注意力分数 x_H_1, x_H_2, xt, x_G: [0.14472073 0.26146245 0.34641674 0.24740013]
Train epoch: 93	Loss: 0.213744
Make prediction for 4809 samples...
0.8718393409785642 No improvement since epoch  87 ; best_val_ci, best_val_mse, best_val_r2: 0.8823407405548941 0.23981072 0.6748159115235911 davis
spend time： 22.776472330093384 s
Training on 19235 samples...
Train epoch: 94 [0/19235 (0%)]	Loss: 0.176819 Loss_all: 0.197482
Train epoch: 94 [5120/19235 (26%)]	Loss: 0.221903 Loss_all: 0.244025
Train epoch: 94 [10240/19235 (53%)]	Loss: 0.240143 Loss_all: 0.261081
Train epoch: 94 [15360/19235 (79%)]	Loss: 0.262074 Loss_all: 0.282040
注意力分数 x_H_1, x_H_2, xt, x_G: [0.14385422 0.26298842 0.34723023 0.24592708]
Train epoch: 94	Loss: 0.215552
Make prediction for 4809 samples...
0.8732896892452323 No improvement since epoch  87 ; best_val_ci, best_val_mse, best_val_r2: 0.8823407405548941 0.23981072 0.6748159115235911 davis
spend time： 22.11257290840149 s
Training on 19235 samples...
Train epoch: 95 [0/19235 (0%)]	Loss: 0.191587 Loss_all: 0.211885
Train epoch: 95 [5120/19235 (26%)]	Loss: 0.210272 Loss_all: 0.230597
Train epoch: 95 [10240/19235 (53%)]	Loss: 0.181530 Loss_all: 0.201484
Train epoch: 95 [15360/19235 (79%)]	Loss: 0.180814 Loss_all: 0.200681
注意力分数 x_H_1, x_H_2, xt, x_G: [0.14230295 0.25915748 0.35066983 0.24786972]
Train epoch: 95	Loss: 0.211716
Make prediction for 4809 samples...
0.8669363314826016 No improvement since epoch  87 ; best_val_ci, best_val_mse, best_val_r2: 0.8823407405548941 0.23981072 0.6748159115235911 davis
spend time： 21.578747510910034 s
Training on 19235 samples...
Train epoch: 96 [0/19235 (0%)]	Loss: 0.212864 Loss_all: 0.232543
Train epoch: 96 [5120/19235 (26%)]	Loss: 0.241454 Loss_all: 0.260735
Train epoch: 96 [10240/19235 (53%)]	Loss: 0.244968 Loss_all: 0.264868
Train epoch: 96 [15360/19235 (79%)]	Loss: 0.216504 Loss_all: 0.236175
注意力分数 x_H_1, x_H_2, xt, x_G: [0.14505398 0.26613608 0.35285717 0.23595282]
Train epoch: 96	Loss: 0.212167
Make prediction for 4809 samples...
0.8764710299905338 No improvement since epoch  87 ; best_val_ci, best_val_mse, best_val_r2: 0.8823407405548941 0.23981072 0.6748159115235911 davis
spend time： 21.09979224205017 s
Training on 19235 samples...
Train epoch: 97 [0/19235 (0%)]	Loss: 0.147233 Loss_all: 0.166396
Train epoch: 97 [5120/19235 (26%)]	Loss: 0.244722 Loss_all: 0.264248
Train epoch: 97 [10240/19235 (53%)]	Loss: 0.239920 Loss_all: 0.258772
Train epoch: 97 [15360/19235 (79%)]	Loss: 0.228713 Loss_all: 0.248025
注意力分数 x_H_1, x_H_2, xt, x_G: [0.14288634 0.26321873 0.35174894 0.24214597]
Train epoch: 97	Loss: 0.209077
Make prediction for 4809 samples...
0.8741870556819815 No improvement since epoch  87 ; best_val_ci, best_val_mse, best_val_r2: 0.8823407405548941 0.23981072 0.6748159115235911 davis
spend time： 21.26228356361389 s
Training on 19235 samples...
Train epoch: 98 [0/19235 (0%)]	Loss: 0.222955 Loss_all: 0.241830
Train epoch: 98 [5120/19235 (26%)]	Loss: 0.230662 Loss_all: 0.249446
Train epoch: 98 [10240/19235 (53%)]	Loss: 0.201143 Loss_all: 0.220393
Train epoch: 98 [15360/19235 (79%)]	Loss: 0.227561 Loss_all: 0.246897
注意力分数 x_H_1, x_H_2, xt, x_G: [0.14344552 0.27069107 0.34754923 0.23831412]
Train epoch: 98	Loss: 0.216022
Make prediction for 4809 samples...
0.8726227036505616 No improvement since epoch  87 ; best_val_ci, best_val_mse, best_val_r2: 0.8823407405548941 0.23981072 0.6748159115235911 davis
spend time： 20.96147847175598 s
Training on 19235 samples...
Train epoch: 99 [0/19235 (0%)]	Loss: 0.180011 Loss_all: 0.198963
Train epoch: 99 [5120/19235 (26%)]	Loss: 0.190660 Loss_all: 0.209278
Train epoch: 99 [10240/19235 (53%)]	Loss: 0.199142 Loss_all: 0.219119
Train epoch: 99 [15360/19235 (79%)]	Loss: 0.215645 Loss_all: 0.237320
注意力分数 x_H_1, x_H_2, xt, x_G: [0.14164224 0.2660023  0.3524978  0.23985764]
Train epoch: 99	Loss: 0.205920
Make prediction for 4809 samples...
0.8815060126178859 No improvement since epoch  87 ; best_val_ci, best_val_mse, best_val_r2: 0.8823407405548941 0.23981072 0.6748159115235911 davis
spend time： 20.73382306098938 s
Training on 19235 samples...
Train epoch: 100 [0/19235 (0%)]	Loss: 0.166391 Loss_all: 0.186868
Train epoch: 100 [5120/19235 (26%)]	Loss: 0.208319 Loss_all: 0.228694
Train epoch: 100 [10240/19235 (53%)]	Loss: 0.172271 Loss_all: 0.191890
Train epoch: 100 [15360/19235 (79%)]	Loss: 0.199969 Loss_all: 0.220796
注意力分数 x_H_1, x_H_2, xt, x_G: [0.13371776 0.27417958 0.34137002 0.25073263]
Train epoch: 100	Loss: 0.209320
Make prediction for 4809 samples...
0.8763210874925071 No improvement since epoch  87 ; best_val_ci, best_val_mse, best_val_r2: 0.8823407405548941 0.23981072 0.6748159115235911 davis
spend time： 20.632752895355225 s
Training on 19235 samples...
Train epoch: 101 [0/19235 (0%)]	Loss: 0.151707 Loss_all: 0.171815
Train epoch: 101 [5120/19235 (26%)]	Loss: 0.255296 Loss_all: 0.277259
Train epoch: 101 [10240/19235 (53%)]	Loss: 0.223786 Loss_all: 0.247044
Train epoch: 101 [15360/19235 (79%)]	Loss: 0.184273 Loss_all: 0.207888
注意力分数 x_H_1, x_H_2, xt, x_G: [0.13213967 0.2702584  0.3443785  0.25322345]
Train epoch: 101	Loss: 0.207254
Make prediction for 4809 samples...
0.8781850702364904 No improvement since epoch  87 ; best_val_ci, best_val_mse, best_val_r2: 0.8823407405548941 0.23981072 0.6748159115235911 davis
spend time： 20.395673751831055 s
Training on 19235 samples...
Train epoch: 102 [0/19235 (0%)]	Loss: 0.238686 Loss_all: 0.261108
Train epoch: 102 [5120/19235 (26%)]	Loss: 0.209396 Loss_all: 0.232041
Train epoch: 102 [10240/19235 (53%)]	Loss: 0.201044 Loss_all: 0.222399
Train epoch: 102 [15360/19235 (79%)]	Loss: 0.195157 Loss_all: 0.215705
注意力分数 x_H_1, x_H_2, xt, x_G: [0.14241587 0.2630485  0.34160006 0.25293553]
Train epoch: 102	Loss: 0.200977
Make prediction for 4809 samples...
0.8747767390956459 No improvement since epoch  87 ; best_val_ci, best_val_mse, best_val_r2: 0.8823407405548941 0.23981072 0.6748159115235911 davis
spend time： 20.48891258239746 s
Training on 19235 samples...
Train epoch: 103 [0/19235 (0%)]	Loss: 0.193622 Loss_all: 0.213756
Train epoch: 103 [5120/19235 (26%)]	Loss: 0.186643 Loss_all: 0.206664
Train epoch: 103 [10240/19235 (53%)]	Loss: 0.228188 Loss_all: 0.247605
Train epoch: 103 [15360/19235 (79%)]	Loss: 0.210564 Loss_all: 0.229280
注意力分数 x_H_1, x_H_2, xt, x_G: [0.1399951  0.2675998  0.34643692 0.24596822]
Train epoch: 103	Loss: 0.196770
Make prediction for 4809 samples...
0.8796276204761272 No improvement since epoch  87 ; best_val_ci, best_val_mse, best_val_r2: 0.8823407405548941 0.23981072 0.6748159115235911 davis
spend time： 20.625054359436035 s
Training on 19235 samples...
Train epoch: 104 [0/19235 (0%)]	Loss: 0.200336 Loss_all: 0.219293
Train epoch: 104 [5120/19235 (26%)]	Loss: 0.234094 Loss_all: 0.253437
Train epoch: 104 [10240/19235 (53%)]	Loss: 0.208123 Loss_all: 0.227124
Train epoch: 104 [15360/19235 (79%)]	Loss: 0.219995 Loss_all: 0.238978
注意力分数 x_H_1, x_H_2, xt, x_G: [0.14131407 0.26722223 0.34911644 0.24234724]
Train epoch: 104	Loss: 0.199808
Make prediction for 4809 samples...
0.8740077858214238 No improvement since epoch  87 ; best_val_ci, best_val_mse, best_val_r2: 0.8823407405548941 0.23981072 0.6748159115235911 davis
spend time： 20.570507764816284 s
Training on 19235 samples...
Train epoch: 105 [0/19235 (0%)]	Loss: 0.178927 Loss_all: 0.198155
Train epoch: 105 [5120/19235 (26%)]	Loss: 0.227014 Loss_all: 0.247624
Train epoch: 105 [10240/19235 (53%)]	Loss: 0.185614 Loss_all: 0.207430
Train epoch: 105 [15360/19235 (79%)]	Loss: 0.235305 Loss_all: 0.256694
注意力分数 x_H_1, x_H_2, xt, x_G: [0.13984446 0.27229577 0.34086874 0.24699104]
Train epoch: 105	Loss: 0.207447
Make prediction for 4809 samples...
0.878415281556242 No improvement since epoch  87 ; best_val_ci, best_val_mse, best_val_r2: 0.8823407405548941 0.23981072 0.6748159115235911 davis
spend time： 20.19332790374756 s
Training on 19235 samples...
Train epoch: 106 [0/19235 (0%)]	Loss: 0.180490 Loss_all: 0.203074
Train epoch: 106 [5120/19235 (26%)]	Loss: 0.170351 Loss_all: 0.191197
Train epoch: 106 [10240/19235 (53%)]	Loss: 0.216980 Loss_all: 0.236859
Train epoch: 106 [15360/19235 (79%)]	Loss: 0.221238 Loss_all: 0.240523
注意力分数 x_H_1, x_H_2, xt, x_G: [0.13347995 0.2709793  0.33881006 0.25673074]
Train epoch: 106	Loss: 0.197715
Make prediction for 4809 samples...
0.8765368046533201 No improvement since epoch  87 ; best_val_ci, best_val_mse, best_val_r2: 0.8823407405548941 0.23981072 0.6748159115235911 davis
spend time： 20.136125087738037 s
Training on 19235 samples...
Train epoch: 107 [0/19235 (0%)]	Loss: 0.197868 Loss_all: 0.216356
Train epoch: 107 [5120/19235 (26%)]	Loss: 0.194523 Loss_all: 0.213545
Train epoch: 107 [10240/19235 (53%)]	Loss: 0.219361 Loss_all: 0.237875
Train epoch: 107 [15360/19235 (79%)]	Loss: 0.165375 Loss_all: 0.183455
注意力分数 x_H_1, x_H_2, xt, x_G: [0.13855664 0.27034858 0.33789524 0.25319952]
Train epoch: 107	Loss: 0.202338
Make prediction for 4809 samples...
0.8812535938733275 No improvement since epoch  87 ; best_val_ci, best_val_mse, best_val_r2: 0.8823407405548941 0.23981072 0.6748159115235911 davis
spend time： 20.862635135650635 s
Training on 19235 samples...
Train epoch: 108 [0/19235 (0%)]	Loss: 0.172644 Loss_all: 0.190987
Train epoch: 108 [5120/19235 (26%)]	Loss: 0.204260 Loss_all: 0.225870
Train epoch: 108 [10240/19235 (53%)]	Loss: 0.185302 Loss_all: 0.205597
Train epoch: 108 [15360/19235 (79%)]	Loss: 0.228152 Loss_all: 0.247151
注意力分数 x_H_1, x_H_2, xt, x_G: [0.14503667 0.26233494 0.33926892 0.25335956]
Train epoch: 108	Loss: 0.200426
Make prediction for 4809 samples...
0.8567732137093383 No improvement since epoch  87 ; best_val_ci, best_val_mse, best_val_r2: 0.8823407405548941 0.23981072 0.6748159115235911 davis
spend time： 20.62084650993347 s
Training on 19235 samples...
Train epoch: 109 [0/19235 (0%)]	Loss: 0.202445 Loss_all: 0.221735
Train epoch: 109 [5120/19235 (26%)]	Loss: 0.201624 Loss_all: 0.220341
Train epoch: 109 [10240/19235 (53%)]	Loss: 0.173163 Loss_all: 0.191049
Train epoch: 109 [15360/19235 (79%)]	Loss: 0.223032 Loss_all: 0.241147
注意力分数 x_H_1, x_H_2, xt, x_G: [0.13904001 0.26915213 0.3436897  0.2481182 ]
Train epoch: 109	Loss: 0.193857
Make prediction for 4809 samples...
0.8761861477203994 No improvement since epoch  87 ; best_val_ci, best_val_mse, best_val_r2: 0.8823407405548941 0.23981072 0.6748159115235911 davis
spend time： 20.664217710494995 s
Training on 19235 samples...
Train epoch: 110 [0/19235 (0%)]	Loss: 0.193754 Loss_all: 0.211232
Train epoch: 110 [5120/19235 (26%)]	Loss: 0.204509 Loss_all: 0.221904
Train epoch: 110 [10240/19235 (53%)]	Loss: 0.205266 Loss_all: 0.222288
Train epoch: 110 [15360/19235 (79%)]	Loss: 0.202856 Loss_all: 0.220080
注意力分数 x_H_1, x_H_2, xt, x_G: [0.13934587 0.27166113 0.3430515  0.24594153]
Train epoch: 110	Loss: 0.198916
Make prediction for 4809 samples...
0.8707613485026432 No improvement since epoch  87 ; best_val_ci, best_val_mse, best_val_r2: 0.8823407405548941 0.23981072 0.6748159115235911 davis
spend time： 20.697309255599976 s
Training on 19235 samples...
Train epoch: 111 [0/19235 (0%)]	Loss: 0.200223 Loss_all: 0.217661
Train epoch: 111 [5120/19235 (26%)]	Loss: 0.194827 Loss_all: 0.212990
Train epoch: 111 [10240/19235 (53%)]	Loss: 0.201896 Loss_all: 0.219576
Train epoch: 111 [15360/19235 (79%)]	Loss: 0.212875 Loss_all: 0.230688
注意力分数 x_H_1, x_H_2, xt, x_G: [0.13406359 0.26649502 0.34736228 0.2520791 ]
Train epoch: 111	Loss: 0.199845
Make prediction for 4809 samples...
0.8527873200011934 No improvement since epoch  87 ; best_val_ci, best_val_mse, best_val_r2: 0.8823407405548941 0.23981072 0.6748159115235911 davis
spend time： 20.343034267425537 s
Training on 19235 samples...
Train epoch: 112 [0/19235 (0%)]	Loss: 0.193564 Loss_all: 0.210779
Train epoch: 112 [5120/19235 (26%)]	Loss: 0.190519 Loss_all: 0.208076
Train epoch: 112 [10240/19235 (53%)]	Loss: 0.213068 Loss_all: 0.230575
Train epoch: 112 [15360/19235 (79%)]	Loss: 0.209862 Loss_all: 0.227027
注意力分数 x_H_1, x_H_2, xt, x_G: [0.13599242 0.26942644 0.346286   0.24829519]
Train epoch: 112	Loss: 0.198245
Make prediction for 4809 samples...
0.8746445964419298 No improvement since epoch  87 ; best_val_ci, best_val_mse, best_val_r2: 0.8823407405548941 0.23981072 0.6748159115235911 davis
spend time： 20.06599473953247 s
Training on 19235 samples...
Train epoch: 113 [0/19235 (0%)]	Loss: 0.188640 Loss_all: 0.206496
Train epoch: 113 [5120/19235 (26%)]	Loss: 0.185161 Loss_all: 0.202269
Train epoch: 113 [10240/19235 (53%)]	Loss: 0.160117 Loss_all: 0.176516
Train epoch: 113 [15360/19235 (79%)]	Loss: 0.237131 Loss_all: 0.253522
注意力分数 x_H_1, x_H_2, xt, x_G: [0.14024632 0.26561677 0.3471261  0.24701089]
Train epoch: 113	Loss: 0.192625
Make prediction for 4809 samples...
0.8696778465511021 No improvement since epoch  87 ; best_val_ci, best_val_mse, best_val_r2: 0.8823407405548941 0.23981072 0.6748159115235911 davis
spend time： 20.27427864074707 s
Training on 19235 samples...
Train epoch: 114 [0/19235 (0%)]	Loss: 0.215332 Loss_all: 0.231741
Train epoch: 114 [5120/19235 (26%)]	Loss: 0.193474 Loss_all: 0.210047
Train epoch: 114 [10240/19235 (53%)]	Loss: 0.187178 Loss_all: 0.203232
Train epoch: 114 [15360/19235 (79%)]	Loss: 0.219059 Loss_all: 0.235029
注意力分数 x_H_1, x_H_2, xt, x_G: [0.13860595 0.26342225 0.3506326  0.24733917]
Train epoch: 114	Loss: 0.192730
Make prediction for 4809 samples...
0.8777616034642226 No improvement since epoch  87 ; best_val_ci, best_val_mse, best_val_r2: 0.8823407405548941 0.23981072 0.6748159115235911 davis
spend time： 20.16858696937561 s
Training on 19235 samples...
Train epoch: 115 [0/19235 (0%)]	Loss: 0.164533 Loss_all: 0.181209
Train epoch: 115 [5120/19235 (26%)]	Loss: 0.219678 Loss_all: 0.236958
Train epoch: 115 [10240/19235 (53%)]	Loss: 0.195041 Loss_all: 0.212434
Train epoch: 115 [15360/19235 (79%)]	Loss: 0.179556 Loss_all: 0.196322
注意力分数 x_H_1, x_H_2, xt, x_G: [0.13622658 0.2706534  0.34237465 0.2507454 ]
Train epoch: 115	Loss: 0.192706
Make prediction for 4809 samples...
0.8697239566239832 No improvement since epoch  87 ; best_val_ci, best_val_mse, best_val_r2: 0.8823407405548941 0.23981072 0.6748159115235911 davis
spend time： 19.984795570373535 s
Training on 19235 samples...
Train epoch: 116 [0/19235 (0%)]	Loss: 0.191348 Loss_all: 0.208307
Train epoch: 116 [5120/19235 (26%)]	Loss: 0.191933 Loss_all: 0.208959
Train epoch: 116 [10240/19235 (53%)]	Loss: 0.184166 Loss_all: 0.200711
Train epoch: 116 [15360/19235 (79%)]	Loss: 0.176265 Loss_all: 0.193232
注意力分数 x_H_1, x_H_2, xt, x_G: [0.13755152 0.26569557 0.34000805 0.25674504]
Train epoch: 116	Loss: 0.193624
Make prediction for 4809 samples...
0.8770090090945338 No improvement since epoch  87 ; best_val_ci, best_val_mse, best_val_r2: 0.8823407405548941 0.23981072 0.6748159115235911 davis
spend time： 19.871321439743042 s
Training on 19235 samples...
Train epoch: 117 [0/19235 (0%)]	Loss: 0.154634 Loss_all: 0.170720
Train epoch: 117 [5120/19235 (26%)]	Loss: 0.166594 Loss_all: 0.182707
Train epoch: 117 [10240/19235 (53%)]	Loss: 0.225793 Loss_all: 0.242291
Train epoch: 117 [15360/19235 (79%)]	Loss: 0.169979 Loss_all: 0.185962
注意力分数 x_H_1, x_H_2, xt, x_G: [0.13461982 0.26921976 0.34574458 0.25041595]
Train epoch: 117	Loss: 0.180911
Make prediction for 4809 samples...
0.8683782883940947 No improvement since epoch  87 ; best_val_ci, best_val_mse, best_val_r2: 0.8823407405548941 0.23981072 0.6748159115235911 davis
spend time： 19.7715163230896 s
Training on 19235 samples...
Train epoch: 118 [0/19235 (0%)]	Loss: 0.169298 Loss_all: 0.184924
Train epoch: 118 [5120/19235 (26%)]	Loss: 0.222868 Loss_all: 0.238302
Train epoch: 118 [10240/19235 (53%)]	Loss: 0.172834 Loss_all: 0.188004
Train epoch: 118 [15360/19235 (79%)]	Loss: 0.176975 Loss_all: 0.192245
注意力分数 x_H_1, x_H_2, xt, x_G: [0.1316584  0.27440906 0.3487852  0.24514736]
Train epoch: 118	Loss: 0.186906
Make prediction for 4809 samples...
0.874350390443823 No improvement since epoch  87 ; best_val_ci, best_val_mse, best_val_r2: 0.8823407405548941 0.23981072 0.6748159115235911 davis
spend time： 19.73452377319336 s
Training on 19235 samples...
Train epoch: 119 [0/19235 (0%)]	Loss: 0.161654 Loss_all: 0.176639
Train epoch: 119 [5120/19235 (26%)]	Loss: 0.204536 Loss_all: 0.219898
Train epoch: 119 [10240/19235 (53%)]	Loss: 0.188593 Loss_all: 0.203736
Train epoch: 119 [15360/19235 (79%)]	Loss: 0.253425 Loss_all: 0.267904
注意力分数 x_H_1, x_H_2, xt, x_G: [0.13579874 0.2695442  0.3469072  0.2477498 ]
Train epoch: 119	Loss: 0.194777
Make prediction for 4809 samples...
0.8719278316331374 No improvement since epoch  87 ; best_val_ci, best_val_mse, best_val_r2: 0.8823407405548941 0.23981072 0.6748159115235911 davis
spend time： 19.659726858139038 s
Training on 19235 samples...
Train epoch: 120 [0/19235 (0%)]	Loss: 0.217376 Loss_all: 0.232364
Train epoch: 120 [5120/19235 (26%)]	Loss: 0.222446 Loss_all: 0.237267
Train epoch: 120 [10240/19235 (53%)]	Loss: 0.199069 Loss_all: 0.213754
Train epoch: 120 [15360/19235 (79%)]	Loss: 0.165340 Loss_all: 0.179995
注意力分数 x_H_1, x_H_2, xt, x_G: [0.13625927 0.26662236 0.34631833 0.25079998]
Train epoch: 120	Loss: 0.190407
Make prediction for 4809 samples...
0.8779168011543792 No improvement since epoch  87 ; best_val_ci, best_val_mse, best_val_r2: 0.8823407405548941 0.23981072 0.6748159115235911 davis
spend time： 20.922471284866333 s
Training on 19235 samples...
Train epoch: 121 [0/19235 (0%)]	Loss: 0.179048 Loss_all: 0.193770
Train epoch: 121 [5120/19235 (26%)]	Loss: 0.141822 Loss_all: 0.156723
Train epoch: 121 [10240/19235 (53%)]	Loss: 0.182999 Loss_all: 0.197461
Train epoch: 121 [15360/19235 (79%)]	Loss: 0.178079 Loss_all: 0.192710
注意力分数 x_H_1, x_H_2, xt, x_G: [0.13552141 0.2765478  0.34327605 0.2446547 ]
Train epoch: 121	Loss: 0.180829
Make prediction for 4809 samples...
0.870904679629926 No improvement since epoch  87 ; best_val_ci, best_val_mse, best_val_r2: 0.8823407405548941 0.23981072 0.6748159115235911 davis
spend time： 20.31986141204834 s
Training on 19235 samples...
Train epoch: 122 [0/19235 (0%)]	Loss: 0.184309 Loss_all: 0.199005
Train epoch: 122 [5120/19235 (26%)]	Loss: 0.181657 Loss_all: 0.195807
Train epoch: 122 [10240/19235 (53%)]	Loss: 0.173708 Loss_all: 0.188068
Train epoch: 122 [15360/19235 (79%)]	Loss: 0.179724 Loss_all: 0.193947
注意力分数 x_H_1, x_H_2, xt, x_G: [0.13716948 0.26936486 0.34669662 0.24676903]
Train epoch: 122	Loss: 0.183142
Make prediction for 4809 samples...
0.8687890409918548 No improvement since epoch  87 ; best_val_ci, best_val_mse, best_val_r2: 0.8823407405548941 0.23981072 0.6748159115235911 davis
spend time： 20.43864369392395 s
Training on 19235 samples...
Train epoch: 123 [0/19235 (0%)]	Loss: 0.179753 Loss_all: 0.194113
Train epoch: 123 [5120/19235 (26%)]	Loss: 0.245479 Loss_all: 0.259753
Train epoch: 123 [10240/19235 (53%)]	Loss: 0.189694 Loss_all: 0.203747
Train epoch: 123 [15360/19235 (79%)]	Loss: 0.179175 Loss_all: 0.192813
注意力分数 x_H_1, x_H_2, xt, x_G: [0.13650204 0.2749519  0.3456014  0.24294467]
Train epoch: 123	Loss: 0.177826
Make prediction for 4809 samples...
0.8753540473794561 No improvement since epoch  87 ; best_val_ci, best_val_mse, best_val_r2: 0.8823407405548941 0.23981072 0.6748159115235911 davis
spend time： 20.427304983139038 s
Training on 19235 samples...
Train epoch: 124 [0/19235 (0%)]	Loss: 0.154422 Loss_all: 0.169047
Train epoch: 124 [5120/19235 (26%)]	Loss: 0.211754 Loss_all: 0.225961
Train epoch: 124 [10240/19235 (53%)]	Loss: 0.185607 Loss_all: 0.199156
Train epoch: 124 [15360/19235 (79%)]	Loss: 0.198548 Loss_all: 0.213546
注意力分数 x_H_1, x_H_2, xt, x_G: [0.13606195 0.27325684 0.34829596 0.2423852 ]
Train epoch: 124	Loss: 0.185455
Make prediction for 4809 samples...
0.8759702610372596 No improvement since epoch  87 ; best_val_ci, best_val_mse, best_val_r2: 0.8823407405548941 0.23981072 0.6748159115235911 davis
spend time： 20.193309783935547 s
Training on 19235 samples...
Train epoch: 125 [0/19235 (0%)]	Loss: 0.153285 Loss_all: 0.167096
Train epoch: 125 [5120/19235 (26%)]	Loss: 0.158371 Loss_all: 0.172984
Train epoch: 125 [10240/19235 (53%)]	Loss: 0.185589 Loss_all: 0.199246
Train epoch: 125 [15360/19235 (79%)]	Loss: 0.215580 Loss_all: 0.229319
注意力分数 x_H_1, x_H_2, xt, x_G: [0.13438447 0.2733249  0.3485393  0.2437514 ]
Train epoch: 125	Loss: 0.180308
Make prediction for 4809 samples...
0.8699307738626408 No improvement since epoch  87 ; best_val_ci, best_val_mse, best_val_r2: 0.8823407405548941 0.23981072 0.6748159115235911 davis
spend time： 19.373929262161255 s
Training on 19235 samples...
Train epoch: 126 [0/19235 (0%)]	Loss: 0.206057 Loss_all: 0.220051
Train epoch: 126 [5120/19235 (26%)]	Loss: 0.197326 Loss_all: 0.211711
Train epoch: 126 [10240/19235 (53%)]	Loss: 0.178366 Loss_all: 0.192035
Train epoch: 126 [15360/19235 (79%)]	Loss: 0.254370 Loss_all: 0.267841
注意力分数 x_H_1, x_H_2, xt, x_G: [0.13826813 0.26548076 0.349318   0.24693313]
Train epoch: 126	Loss: 0.182347
Make prediction for 4809 samples...
0.8591285569174603 No improvement since epoch  87 ; best_val_ci, best_val_mse, best_val_r2: 0.8823407405548941 0.23981072 0.6748159115235911 davis
spend time： 19.860748052597046 s
Training on 19235 samples...
Train epoch: 127 [0/19235 (0%)]	Loss: 0.179901 Loss_all: 0.193363
Train epoch: 127 [5120/19235 (26%)]	Loss: 0.160426 Loss_all: 0.174095
Train epoch: 127 [10240/19235 (53%)]	Loss: 0.180899 Loss_all: 0.194043
Train epoch: 127 [15360/19235 (79%)]	Loss: 0.181699 Loss_all: 0.195599
注意力分数 x_H_1, x_H_2, xt, x_G: [0.1358391  0.26421732 0.35040802 0.24953559]
Train epoch: 127	Loss: 0.181414
Make prediction for 4809 samples...
0.8736432280577081 No improvement since epoch  87 ; best_val_ci, best_val_mse, best_val_r2: 0.8823407405548941 0.23981072 0.6748159115235911 davis
spend time： 20.969758987426758 s
Training on 19235 samples...
Train epoch: 128 [0/19235 (0%)]	Loss: 0.160203 Loss_all: 0.173663
Train epoch: 128 [5120/19235 (26%)]	Loss: 0.164586 Loss_all: 0.177881
Train epoch: 128 [10240/19235 (53%)]	Loss: 0.179816 Loss_all: 0.193348
Train epoch: 128 [15360/19235 (79%)]	Loss: 0.172102 Loss_all: 0.185459
注意力分数 x_H_1, x_H_2, xt, x_G: [0.13720544 0.2681393  0.35656852 0.23808675]
Train epoch: 128	Loss: 0.182140
Make prediction for 4809 samples...
0.8530753384343731 No improvement since epoch  87 ; best_val_ci, best_val_mse, best_val_r2: 0.8823407405548941 0.23981072 0.6748159115235911 davis
spend time： 20.931838274002075 s
Training on 19235 samples...
Train epoch: 129 [0/19235 (0%)]	Loss: 0.187022 Loss_all: 0.200350
Train epoch: 129 [5120/19235 (26%)]	Loss: 0.188416 Loss_all: 0.201782
Train epoch: 129 [10240/19235 (53%)]	Loss: 0.217927 Loss_all: 0.231291
Train epoch: 129 [15360/19235 (79%)]	Loss: 0.160250 Loss_all: 0.173753
注意力分数 x_H_1, x_H_2, xt, x_G: /root/HAG-DTA/py38_env/lib/python3.8/site-packages/torch_geometric/deprecation.py:26: UserWarning: 'data.DenseDataLoader' is deprecated, use 'loader.DenseDataLoader' instead
  warnings.warn(out)
[0.13687176 0.26994666 0.3502626  0.24291904]
Train epoch: 129	Loss: 0.182502
Make prediction for 4809 samples...
0.8781324335540288 No improvement since epoch  87 ; best_val_ci, best_val_mse, best_val_r2: 0.8823407405548941 0.23981072 0.6748159115235911 davis
spend time： 21.798290491104126 s
Training on 19235 samples...
Train epoch: 130 [0/19235 (0%)]	Loss: 0.181572 Loss_all: 0.196375
Train epoch: 130 [5120/19235 (26%)]	Loss: 0.169063 Loss_all: 0.183074
Train epoch: 130 [10240/19235 (53%)]	Loss: 0.158511 Loss_all: 0.172427
Train epoch: 130 [15360/19235 (79%)]	Loss: 0.215776 Loss_all: 0.229516
注意力分数 x_H_1, x_H_2, xt, x_G: [0.1398515  0.27259564 0.34748754 0.2400653 ]
Train epoch: 130	Loss: 0.176613
Make prediction for 4809 samples...
0.8732633285234198 No improvement since epoch  87 ; best_val_ci, best_val_mse, best_val_r2: 0.8823407405548941 0.23981072 0.6748159115235911 davis
spend time： 21.295125246047974 s
Training on 19235 samples...
Train epoch: 131 [0/19235 (0%)]	Loss: 0.141906 Loss_all: 0.155580
Train epoch: 131 [5120/19235 (26%)]	Loss: 0.186935 Loss_all: 0.200612
Train epoch: 131 [10240/19235 (53%)]	Loss: 0.240049 Loss_all: 0.253621
Train epoch: 131 [15360/19235 (79%)]	Loss: 0.161253 Loss_all: 0.174510
注意力分数 x_H_1, x_H_2, xt, x_G: [0.13235418 0.27566862 0.34974694 0.24223034]
Train epoch: 131	Loss: 0.179840
Make prediction for 4809 samples...
0.8819267670329253 No improvement since epoch  87 ; best_val_ci, best_val_mse, best_val_r2: 0.8823407405548941 0.23981072 0.6748159115235911 davis
spend time： 21.973285675048828 s
Training on 19235 samples...
Train epoch: 132 [0/19235 (0%)]	Loss: 0.157564 Loss_all: 0.170800
Train epoch: 132 [5120/19235 (26%)]	Loss: 0.200638 Loss_all: 0.213554
Train epoch: 132 [10240/19235 (53%)]	Loss: 0.180348 Loss_all: 0.193435
Train epoch: 132 [15360/19235 (79%)]	Loss: 0.160605 Loss_all: 0.173267
注意力分数 x_H_1, x_H_2, xt, x_G: [0.13584256 0.272718   0.3467655  0.24467394]
Train epoch: 132	Loss: 0.177863
Make prediction for 4809 samples...
0.8678599738799999 No improvement since epoch  87 ; best_val_ci, best_val_mse, best_val_r2: 0.8823407405548941 0.23981072 0.6748159115235911 davis
spend time： 22.13551139831543 s
Training on 19235 samples...
Train epoch: 133 [0/19235 (0%)]	Loss: 0.192878 Loss_all: 0.206279
Train epoch: 133 [5120/19235 (26%)]	Loss: 0.178285 Loss_all: 0.190965
Train epoch: 133 [10240/19235 (53%)]	Loss: 0.182986 Loss_all: 0.195423
Train epoch: 133 [15360/19235 (79%)]	Loss: 0.145697 Loss_all: 0.158771
注意力分数 x_H_1, x_H_2, xt, x_G: [0.1355146  0.27098548 0.3466882  0.24681172]
Train epoch: 133	Loss: 0.176898
Make prediction for 4809 samples...
0.872471489735084 No improvement since epoch  87 ; best_val_ci, best_val_mse, best_val_r2: 0.8823407405548941 0.23981072 0.6748159115235911 davis
spend time： 21.772589445114136 s
Training on 19235 samples...
Train epoch: 134 [0/19235 (0%)]	Loss: 0.143674 Loss_all: 0.156438
Train epoch: 134 [5120/19235 (26%)]	Loss: 0.172116 Loss_all: 0.184846
Train epoch: 134 [10240/19235 (53%)]	Loss: 0.142133 Loss_all: 0.155227
Train epoch: 134 [15360/19235 (79%)]	Loss: 0.136607 Loss_all: 0.148753
注意力分数 x_H_1, x_H_2, xt, x_G: [0.13278116 0.27479863 0.34590802 0.24651223]
Train epoch: 134	Loss: 0.176041
Make prediction for 4809 samples...
0.8791682997317478 No improvement since epoch  87 ; best_val_ci, best_val_mse, best_val_r2: 0.8823407405548941 0.23981072 0.6748159115235911 davis
spend time： 21.711917877197266 s
Training on 19235 samples...
Train epoch: 135 [0/19235 (0%)]	Loss: 0.152007 Loss_all: 0.164404
Train epoch: 135 [5120/19235 (26%)]	Loss: 0.191244 Loss_all: 0.203378
Train epoch: 135 [10240/19235 (53%)]	Loss: 0.202043 Loss_all: 0.214315
Train epoch: 135 [15360/19235 (79%)]	Loss: 0.178581 Loss_all: 0.190941
注意力分数 x_H_1, x_H_2, xt, x_G: [0.13167727 0.27780673 0.34373394 0.24678203]
Train epoch: 135	Loss: 0.183848
Make prediction for 4809 samples...
0.8702963487603171 No improvement since epoch  87 ; best_val_ci, best_val_mse, best_val_r2: 0.8823407405548941 0.23981072 0.6748159115235911 davis
spend time： 22.330092430114746 s
Training on 19235 samples...
Train epoch: 136 [0/19235 (0%)]	Loss: 0.156554 Loss_all: 0.168682
Train epoch: 136 [5120/19235 (26%)]	Loss: 0.176767 Loss_all: 0.189097
Train epoch: 136 [10240/19235 (53%)]	Loss: 0.144034 Loss_all: 0.155879
Train epoch: 136 [15360/19235 (79%)]	Loss: 0.180144 Loss_all: 0.192181
注意力分数 x_H_1, x_H_2, xt, x_G: [0.13592117 0.27595386 0.35090378 0.2372212 ]
Train epoch: 136	Loss: 0.176947
Make prediction for 4809 samples...
0.8719121508179113 No improvement since epoch  87 ; best_val_ci, best_val_mse, best_val_r2: 0.8823407405548941 0.23981072 0.6748159115235911 davis
spend time： 22.394272327423096 s
Training on 19235 samples...
Train epoch: 137 [0/19235 (0%)]	Loss: 0.167398 Loss_all: 0.180058
Train epoch: 137 [5120/19235 (26%)]	Loss: 0.165750 Loss_all: 0.178023
Train epoch: 137 [10240/19235 (53%)]	Loss: 0.163179 Loss_all: 0.175463
Train epoch: 137 [15360/19235 (79%)]	Loss: 0.199974 Loss_all: 0.212120
注意力分数 x_H_1, x_H_2, xt, x_G: [0.13535328 0.2773074  0.3483105  0.23902878]
Train epoch: 137	Loss: 0.175085
Make prediction for 4809 samples...
0.8720737055953217 No improvement since epoch  87 ; best_val_ci, best_val_mse, best_val_r2: 0.8823407405548941 0.23981072 0.6748159115235911 davis
spend time： 22.65488052368164 s
early stopping at epoch  137  due to no validation improvement.
Make prediction for 6012 samples...
final test metrics at best val CI epoch  87 : mse= 0.22985846  ci= 0.8878500862966394  rm2= 0.6459563380962262
