Diff_DTA_GIN
fold_id: 0
cuda_name: cuda:0
Learning rate:  0.0005
Epochs:  1000
Validation interval:  5
Early stop patience:  50

running on  davis
Pre-processed data found: /root/autodl-tmp/HAG-DTA-cache/processed/davis_fold0_train.pt, loading ...
Pre-processed data found: /root/autodl-tmp/HAG-DTA-cache/processed/davis_fold0_val.pt, loading ...
Pre-processed data found: /root/autodl-tmp/HAG-DTA-cache/processed/davis_fold0_test.pt, loading ...
epoch 1 | val mse= 2.6954 ci= 0.689 r2= 0.1114 | davis seed= 100
epoch 5 | val mse= 0.5976 ci= 0.7756 r2= 0.2612 | davis seed= 100
epoch 10 | val mse= 0.4687 ci= 0.8212 r2= 0.3521 | davis seed= 100
epoch 15 | val mse= 0.4425 ci= 0.8144 r2= 0.4114 | davis seed= 100
epoch 20 | val mse= 0.4523 ci= 0.7857 r2= 0.4303 | davis seed= 100 (no improvement)
epoch 25 | val mse= 0.344 ci= 0.8331 r2= 0.5389 | davis seed= 100
epoch 30 | val mse= 0.3326 ci= 0.8533 r2= 0.5609 | davis seed= 100
epoch 35 | val mse= 0.2978 ci= 0.8632 r2= 0.5945 | davis seed= 100
epoch 40 | val mse= 0.2898 ci= 0.8631 r2= 0.5972 | davis seed= 100
epoch 45 | val mse= 0.2873 ci= 0.8703 r2= 0.5883 | davis seed= 100
epoch 50 | val mse= 0.2615 ci= 0.8698 r2= 0.6451 | davis seed= 100
epoch 55 | val mse= 0.2524 ci= 0.8725 r2= 0.6467 | davis seed= 100
epoch 60 | val mse= 0.2579 ci= 0.8543 r2= 0.6557 | davis seed= 100 (no improvement)
epoch 65 | val mse= 0.2485 ci= 0.871 r2= 0.6422 | davis seed= 100
epoch 70 | val mse= 0.257 ci= 0.875 r2= 0.607 | davis seed= 100 (no improvement)
epoch 75 | val mse= 0.2414 ci= 0.8741 r2= 0.6478 | davis seed= 100
epoch 80 | val mse= 0.2464 ci= 0.8707 r2= 0.6257 | davis seed= 100 (no improvement)
epoch 85 | val mse= 0.2376 ci= 0.8742 r2= 0.6838 | davis seed= 100
epoch 90 | val mse= 0.2337 ci= 0.8716 r2= 0.6657 | davis seed= 100
epoch 95 | val mse= 0.2439 ci= 0.8691 r2= 0.6671 | davis seed= 100 (no improvement)
epoch 100 | val mse= 0.2337 ci= 0.8817 r2= 0.653 | davis seed= 100
epoch 105 | val mse= 0.2344 ci= 0.8797 r2= 0.6895 | davis seed= 100 (no improvement)
epoch 110 | val mse= 0.236 ci= 0.8823 r2= 0.645 | davis seed= 100 (no improvement)
epoch 115 | val mse= 0.2283 ci= 0.8774 r2= 0.6655 | davis seed= 100
epoch 120 | val mse= 0.2319 ci= 0.8717 r2= 0.6927 | davis seed= 100 (no improvement)
epoch 125 | val mse= 0.231 ci= 0.8806 r2= 0.6438 | davis seed= 100 (no improvement)
epoch 130 | val mse= 0.2219 ci= 0.8878 r2= 0.6721 | davis seed= 100
epoch 135 | val mse= 0.2305 ci= 0.8818 r2= 0.6383 | davis seed= 100 (no improvement)
epoch 140 | val mse= 0.2277 ci= 0.88 r2= 0.6686 | davis seed= 100 (no improvement)
epoch 145 | val mse= 0.2303 ci= 0.8845 r2= 0.6487 | davis seed= 100 (no improvement)
epoch 150 | val mse= 0.2333 ci= 0.8842 r2= 0.6292 | davis seed= 100 (no improvement)
epoch 155 | val mse= 0.2287 ci= 0.8811 r2= 0.6601 | davis seed= 100 (no improvement)
epoch 160 | val mse= 0.2301 ci= 0.8796 r2= 0.6823 | davis seed= 100 (no improvement)
epoch 165 | val mse= 0.2287 ci= 0.8729 r2= 0.6846 | davis seed= 100 (no improvement)
epoch 170 | val mse= 0.2278 ci= 0.8775 r2= 0.6638 | davis seed= 100 (no improvement)
epoch 175 | val mse= 0.2307 ci= 0.8851 r2= 0.6806 | davis seed= 100 (no improvement)
epoch 180 | val mse= 0.2272 ci= 0.8871 r2= 0.646 | davis seed= 100 (no improvement)
epoch 185 | val mse= 0.2181 ci= 0.8901 r2= 0.6644 | davis seed= 100
epoch 190 | val mse= 0.2224 ci= 0.8914 r2= 0.6435 | davis seed= 100 (no improvement)
epoch 195 | val mse= 0.2186 ci= 0.8837 r2= 0.6713 | davis seed= 100 (no improvement)
epoch 200 | val mse= 0.2199 ci= 0.8854 r2= 0.6769 | davis seed= 100 (no improvement)
epoch 205 | val mse= 0.2207 ci= 0.8916 r2= 0.6616 | davis seed= 100 (no improvement)
epoch 210 | val mse= 0.2235 ci= 0.8872 r2= 0.6777 | davis seed= 100 (no improvement)
epoch 215 | val mse= 0.2268 ci= 0.8839 r2= 0.6655 | davis seed= 100 (no improvement)
epoch 220 | val mse= 0.2232 ci= 0.8908 r2= 0.6633 | davis seed= 100 (no improvement)
epoch 225 | val mse= 0.2162 ci= 0.8896 r2= 0.6773 | davis seed= 100
epoch 230 | val mse= 0.2265 ci= 0.8907 r2= 0.6674 | davis seed= 100 (no improvement)
epoch 235 | val mse= 0.2236 ci= 0.89 r2= 0.6532 | davis seed= 100 (no improvement)
epoch 240 | val mse= 0.2231 ci= 0.8901 r2= 0.6546 | davis seed= 100 (no improvement)
epoch 245 | val mse= 0.2211 ci= 0.8866 r2= 0.6648 | davis seed= 100 (no improvement)
epoch 250 | val mse= 0.2171 ci= 0.891 r2= 0.6769 | davis seed= 100 (no improvement)
epoch 255 | val mse= 0.2242 ci= 0.8898 r2= 0.7063 | davis seed= 100 (no improvement)
epoch 260 | val mse= 0.2144 ci= 0.8884 r2= 0.683 | davis seed= 100
epoch 265 | val mse= 0.2159 ci= 0.8951 r2= 0.6752 | davis seed= 100 (no improvement)
epoch 270 | val mse= 0.2175 ci= 0.8876 r2= 0.6741 | davis seed= 100 (no improvement)
epoch 275 | val mse= 0.2254 ci= 0.8817 r2= 0.6611 | davis seed= 100 (no improvement)
epoch 280 | val mse= 0.2147 ci= 0.8918 r2= 0.6688 | davis seed= 100 (no improvement)
epoch 285 | val mse= 0.2177 ci= 0.8836 r2= 0.6863 | davis seed= 100 (no improvement)
epoch 290 | val mse= 0.2157 ci= 0.8931 r2= 0.6824 | davis seed= 100 (no improvement)
epoch 295 | val mse= 0.2193 ci= 0.8932 r2= 0.6758 | davis seed= 100 (no improvement)
epoch 300 | val mse= 0.2158 ci= 0.8928 r2= 0.6872 | davis seed= 100 (no improvement)
epoch 305 | val mse= 0.2213 ci= 0.8905 r2= 0.6463 | davis seed= 100 (no improvement)
epoch 310 | val mse= 0.2173 ci= 0.8926 r2= 0.6744 | davis seed= 100 (no improvement)
epoch 315 | val mse= 0.2162 ci= 0.8885 r2= 0.6773 | davis seed= 100 (no improvement)
epoch 320 | val mse= 0.2188 ci= 0.8902 r2= 0.6682 | davis seed= 100 (no improvement)
epoch 325 | val mse= 0.2211 ci= 0.8914 r2= 0.6831 | davis seed= 100 (no improvement)
epoch 330 | val mse= 0.2158 ci= 0.8907 r2= 0.6842 | davis seed= 100 (no improvement)
epoch 335 | val mse= 0.2182 ci= 0.8898 r2= 0.6655 | davis seed= 100 (no improvement)
epoch 340 | val mse= 0.2147 ci= 0.8913 r2= 0.6975 | davis seed= 100 (no improvement)
epoch 345 | val mse= 0.2153 ci= 0.8885 r2= 0.6808 | davis seed= 100 (no improvement)
epoch 350 | val mse= 0.2153 ci= 0.892 r2= 0.6722 | davis seed= 100 (no improvement)
epoch 355 | val mse= 0.226 ci= 0.8882 r2= 0.6681 | davis seed= 100 (no improvement)
epoch 360 | val mse= 0.2162 ci= 0.8922 r2= 0.6692 | davis seed= 100 (no improvement)
epoch 365 | val mse= 0.2149 ci= 0.8907 r2= 0.6906 | davis seed= 100 (no improvement)
epoch 370 | val mse= 0.2282 ci= 0.8823 r2= 0.6692 | davis seed= 100 (no improvement)
epoch 375 | val mse= 0.2198 ci= 0.8903 r2= 0.6754 | davis seed= 100 (no improvement)
epoch 380 | val mse= 0.2206 ci= 0.8867 r2= 0.6721 | davis seed= 100 (no improvement)
epoch 385 | val mse= 0.218 ci= 0.8875 r2= 0.6625 | davis seed= 100 (no improvement)
epoch 390 | val mse= 0.2193 ci= 0.887 r2= 0.677 | davis seed= 100 (no improvement)
epoch 395 | val mse= 0.2222 ci= 0.8925 r2= 0.6873 | davis seed= 100 (no improvement)
epoch 400 | val mse= 0.2203 ci= 0.8931 r2= 0.6705 | davis seed= 100 (no improvement)
epoch 405 | val mse= 0.217 ci= 0.8947 r2= 0.6671 | davis seed= 100 (no improvement)
epoch 410 | val mse= 0.2186 ci= 0.8944 r2= 0.6649 | davis seed= 100 (no improvement)
epoch 415 | val mse= 0.2188 ci= 0.8909 r2= 0.6637 | davis seed= 100 (no improvement)
epoch 420 | val mse= 0.2182 ci= 0.8945 r2= 0.6737 | davis seed= 100 (no improvement)
epoch 425 | val mse= 0.2209 ci= 0.8921 r2= 0.6619 | davis seed= 100 (no improvement)
epoch 430 | val mse= 0.2185 ci= 0.8918 r2= 0.6901 | davis seed= 100 (no improvement)
epoch 435 | val mse= 0.2235 ci= 0.8943 r2= 0.6704 | davis seed= 100 (no improvement)
epoch 440 | val mse= 0.2202 ci= 0.8862 r2= 0.6842 | davis seed= 100 (no improvement)
epoch 445 | val mse= 0.2134 ci= 0.8934 r2= 0.6847 | davis seed= 100
epoch 450 | val mse= 0.2147 ci= 0.896 r2= 0.6856 | davis seed= 100 (no improvement)
epoch 455 | val mse= 0.2239 ci= 0.8874 r2= 0.6705 | davis seed= 100 (no improvement)
epoch 460 | val mse= 0.2143 ci= 0.8946 r2= 0.6888 | davis seed= 100 (no improvement)
epoch 465 | val mse= 0.2169 ci= 0.8944 r2= 0.6638 | davis seed= 100 (no improvement)
epoch 470 | val mse= 0.2118 ci= 0.8958 r2= 0.6847 | davis seed= 100
epoch 475 | val mse= 0.2143 ci= 0.8944 r2= 0.6723 | davis seed= 100 (no improvement)
epoch 480 | val mse= 0.217 ci= 0.8924 r2= 0.6821 | davis seed= 100 (no improvement)
epoch 485 | val mse= 0.2142 ci= 0.8932 r2= 0.6734 | davis seed= 100 (no improvement)
epoch 490 | val mse= 0.2125 ci= 0.8951 r2= 0.6852 | davis seed= 100 (no improvement)
epoch 495 | val mse= 0.2181 ci= 0.8885 r2= 0.6859 | davis seed= 100 (no improvement)
epoch 500 | val mse= 0.2154 ci= 0.8938 r2= 0.668 | davis seed= 100 (no improvement)
epoch 505 | val mse= 0.218 ci= 0.8908 r2= 0.6797 | davis seed= 100 (no improvement)
epoch 510 | val mse= 0.2187 ci= 0.8907 r2= 0.6843 | davis seed= 100 (no improvement)
epoch 515 | val mse= 0.2221 ci= 0.8925 r2= 0.6846 | davis seed= 100 (no improvement)
epoch 520 | val mse= 0.2153 ci= 0.8945 r2= 0.6788 | davis seed= 100 (no improvement)
epoch 525 | val mse= 0.2166 ci= 0.8914 r2= 0.6778 | davis seed= 100 (no improvement)
epoch 530 | val mse= 0.2186 ci= 0.8861 r2= 0.701 | davis seed= 100 (no improvement)
epoch 535 | val mse= 0.2184 ci= 0.8887 r2= 0.6815 | davis seed= 100 (no improvement)
epoch 540 | val mse= 0.2208 ci= 0.8882 r2= 0.6794 | davis seed= 100 (no improvement)
epoch 545 | val mse= 0.2142 ci= 0.8899 r2= 0.6896 | davis seed= 100 (no improvement)
epoch 550 | val mse= 0.2187 ci= 0.8918 r2= 0.6722 | davis seed= 100 (no improvement)
epoch 555 | val mse= 0.2152 ci= 0.8943 r2= 0.6763 | davis seed= 100 (no improvement)
epoch 560 | val mse= 0.219 ci= 0.886 r2= 0.6709 | davis seed= 100 (no improvement)
epoch 565 | val mse= 0.2129 ci= 0.8876 r2= 0.6935 | davis seed= 100 (no improvement)
epoch 570 | val mse= 0.2141 ci= 0.8884 r2= 0.7002 | davis seed= 100 (no improvement)
epoch 575 | val mse= 0.2183 ci= 0.8852 r2= 0.6694 | davis seed= 100 (no improvement)
epoch 580 | val mse= 0.2172 ci= 0.8879 r2= 0.6819 | davis seed= 100 (no improvement)
epoch 585 | val mse= 0.2162 ci= 0.8932 r2= 0.6791 | davis seed= 100 (no improvement)
epoch 590 | val mse= 0.2243 ci= 0.8924 r2= 0.6781 | davis seed= 100 (no improvement)
epoch 595 | val mse= 0.2136 ci= 0.8933 r2= 0.6844 | davis seed= 100 (no improvement)
epoch 600 | val mse= 0.213 ci= 0.8902 r2= 0.695 | davis seed= 100 (no improvement)
epoch 605 | val mse= 0.2162 ci= 0.8874 r2= 0.6795 | davis seed= 100 (no improvement)
epoch 610 | val mse= 0.213 ci= 0.8929 r2= 0.6906 | davis seed= 100 (no improvement)
epoch 615 | val mse= 0.21 ci= 0.8938 r2= 0.7028 | davis seed= 100
epoch 620 | val mse= 0.2133 ci= 0.8939 r2= 0.6893 | davis seed= 100 (no improvement)
epoch 625 | val mse= 0.2113 ci= 0.8954 r2= 0.6963 | davis seed= 100 (no improvement)
epoch 630 | val mse= 0.2161 ci= 0.8962 r2= 0.6815 | davis seed= 100 (no improvement)
epoch 635 | val mse= 0.2127 ci= 0.8963 r2= 0.6836 | davis seed= 100 (no improvement)
epoch 640 | val mse= 0.2149 ci= 0.8956 r2= 0.678 | davis seed= 100 (no improvement)
epoch 645 | val mse= 0.2123 ci= 0.894 r2= 0.6903 | davis seed= 100 (no improvement)
epoch 650 | val mse= 0.2114 ci= 0.8947 r2= 0.6889 | davis seed= 100 (no improvement)
epoch 655 | val mse= 0.2157 ci= 0.8938 r2= 0.6784 | davis seed= 100 (no improvement)
epoch 660 | val mse= 0.2133 ci= 0.8913 r2= 0.6923 | davis seed= 100 (no improvement)
epoch 665 | val mse= 0.2144 ci= 0.8931 r2= 0.6733 | davis seed= 100 (no improvement)
epoch 670 | val mse= 0.2107 ci= 0.8933 r2= 0.7035 | davis seed= 100 (no improvement)
epoch 675 | val mse= 0.2159 ci= 0.8967 r2= 0.673 | davis seed= 100 (no improvement)
epoch 680 | val mse= 0.2165 ci= 0.8913 r2= 0.677 | davis seed= 100 (no improvement)
epoch 685 | val mse= 0.2154 ci= 0.8919 r2= 0.7068 | davis seed= 100 (no improvement)
epoch 690 | val mse= 0.2131 ci= 0.8935 r2= 0.6813 | davis seed= 100 (no improvement)
epoch 695 | val mse= 0.2148 ci= 0.8926 r2= 0.6907 | davis seed= 100 (no improvement)
epoch 700 | val mse= 0.2126 ci= 0.8936 r2= 0.686 | davis seed= 100 (no improvement)
epoch 705 | val mse= 0.2155 ci= 0.8898 r2= 0.7008 | davis seed= 100 (no improvement)
epoch 710 | val mse= 0.2133 ci= 0.8915 r2= 0.6949 | davis seed= 100 (no improvement)
epoch 715 | val mse= 0.2149 ci= 0.8923 r2= 0.6789 | davis seed= 100 (no improvement)
epoch 720 | val mse= 0.2129 ci= 0.8943 r2= 0.6773 | davis seed= 100 (no improvement)
epoch 725 | val mse= 0.2094 ci= 0.8958 r2= 0.6877 | davis seed= 100
epoch 730 | val mse= 0.2111 ci= 0.8945 r2= 0.6977 | davis seed= 100 (no improvement)
epoch 735 | val mse= 0.2133 ci= 0.8965 r2= 0.6804 | davis seed= 100 (no improvement)
epoch 740 | val mse= 0.2131 ci= 0.8914 r2= 0.6872 | davis seed= 100 (no improvement)
epoch 745 | val mse= 0.215 ci= 0.8941 r2= 0.685 | davis seed= 100 (no improvement)
epoch 750 | val mse= 0.2143 ci= 0.8923 r2= 0.6773 | davis seed= 100 (no improvement)
epoch 755 | val mse= 0.2154 ci= 0.8964 r2= 0.6773 | davis seed= 100 (no improvement)
epoch 760 | val mse= 0.2123 ci= 0.8935 r2= 0.6693 | davis seed= 100 (no improvement)
epoch 765 | val mse= 0.213 ci= 0.8933 r2= 0.6865 | davis seed= 100 (no improvement)
epoch 770 | val mse= 0.2135 ci= 0.8952 r2= 0.6863 | davis seed= 100 (no improvement)
epoch 775 | val mse= 0.2154 ci= 0.8932 r2= 0.6886 | davis seed= 100 (no improvement)
epoch 780 | val mse= 0.2145 ci= 0.8919 r2= 0.6945 | davis seed= 100 (no improvement)
epoch 785 | val mse= 0.2126 ci= 0.894 r2= 0.6958 | davis seed= 100 (no improvement)
epoch 790 | val mse= 0.2108 ci= 0.8936 r2= 0.699 | davis seed= 100 (no improvement)
epoch 795 | val mse= 0.2143 ci= 0.8946 r2= 0.6805 | davis seed= 100 (no improvement)
epoch 800 | val mse= 0.2095 ci= 0.8922 r2= 0.6918 | davis seed= 100 (no improvement)
epoch 805 | val mse= 0.2153 ci= 0.8935 r2= 0.6963 | davis seed= 100 (no improvement)
epoch 810 | val mse= 0.2101 ci= 0.8931 r2= 0.6873 | davis seed= 100 (no improvement)
epoch 815 | val mse= 0.2115 ci= 0.8949 r2= 0.6959 | davis seed= 100 (no improvement)
epoch 820 | val mse= 0.213 ci= 0.8911 r2= 0.6785 | davis seed= 100 (no improvement)
epoch 825 | val mse= 0.2127 ci= 0.8956 r2= 0.6812 | davis seed= 100 (no improvement)
epoch 830 | val mse= 0.2124 ci= 0.8928 r2= 0.6906 | davis seed= 100 (no improvement)
epoch 835 | val mse= 0.2092 ci= 0.8922 r2= 0.6996 | davis seed= 100
epoch 840 | val mse= 0.2116 ci= 0.8901 r2= 0.7093 | davis seed= 100 (no improvement)
epoch 845 | val mse= 0.2154 ci= 0.8948 r2= 0.6882 | davis seed= 100 (no improvement)
epoch 850 | val mse= 0.2128 ci= 0.891 r2= 0.6851 | davis seed= 100 (no improvement)
epoch 855 | val mse= 0.2119 ci= 0.8954 r2= 0.6927 | davis seed= 100 (no improvement)
epoch 860 | val mse= 0.2115 ci= 0.8973 r2= 0.6931 | davis seed= 100 (no improvement)
epoch 865 | val mse= 0.2148 ci= 0.8948 r2= 0.6821 | davis seed= 100 (no improvement)
epoch 870 | val mse= 0.2109 ci= 0.894 r2= 0.6932 | davis seed= 100 (no improvement)
epoch 875 | val mse= 0.2125 ci= 0.8929 r2= 0.7084 | davis seed= 100 (no improvement)
epoch 880 | val mse= 0.2112 ci= 0.8948 r2= 0.6989 | davis seed= 100 (no improvement)
epoch 885 | val mse= 0.2136 ci= 0.893 r2= 0.698 | davis seed= 100 (no improvement)
epoch 890 | val mse= 0.2215 ci= 0.8944 r2= 0.6913 | davis seed= 100 (no improvement)
epoch 895 | val mse= 0.2123 ci= 0.8932 r2= 0.7049 | davis seed= 100 (no improvement)
epoch 900 | val mse= 0.2112 ci= 0.8968 r2= 0.6848 | davis seed= 100 (no improvement)
epoch 905 | val mse= 0.2101 ci= 0.8926 r2= 0.6951 | davis seed= 100 (no improvement)
epoch 910 | val mse= 0.2121 ci= 0.893 r2= 0.691 | davis seed= 100 (no improvement)
epoch 915 | val mse= 0.2135 ci= 0.8942 r2= 0.6997 | davis seed= 100 (no improvement)
epoch 920 | val mse= 0.216 ci= 0.8934 r2= 0.6912 | davis seed= 100 (no improvement)
epoch 925 | val mse= 0.2112 ci= 0.8959 r2= 0.6856 | davis seed= 100 (no improvement)
epoch 930 | val mse= 0.2147 ci= 0.8946 r2= 0.72 | davis seed= 100 (no improvement)
epoch 935 | val mse= 0.2104 ci= 0.898 r2= 0.6949 | davis seed= 100 (no improvement)
epoch 940 | val mse= 0.2125 ci= 0.8908 r2= 0.6925 | davis seed= 100 (no improvement)
epoch 945 | val mse= 0.2121 ci= 0.8919 r2= 0.7051 | davis seed= 100 (no improvement)
epoch 950 | val mse= 0.213 ci= 0.8975 r2= 0.689 | davis seed= 100 (no improvement)
epoch 955 | val mse= 0.2115 ci= 0.8963 r2= 0.6865 | davis seed= 100 (no improvement)
epoch 960 | val mse= 0.2165 ci= 0.8943 r2= 0.698 | davis seed= 100 (no improvement)
epoch 965 | val mse= 0.2099 ci= 0.8985 r2= 0.6952 | /root/HAG-DTA/py38_env/lib/python3.8/site-packages/torch_geometric/deprecation.py:26: UserWarning: 'data.DenseDataLoader' is deprecated, use 'loader.DenseDataLoader' instead
  warnings.warn(out)
davis seed= 100 (no improvement)
epoch 970 | val mse= 0.2123 ci= 0.8917 r2= 0.6939 | davis seed= 100 (no improvement)
epoch 975 | val mse= 0.2114 ci= 0.897 r2= 0.6882 | davis seed= 100 (no improvement)
epoch 980 | val mse= 0.2121 ci= 0.8994 r2= 0.6828 | davis seed= 100 (no improvement)
epoch 985 | val mse= 0.2117 ci= 0.8912 r2= 0.6914 | davis seed= 100 (no improvement)
epoch 990 | val mse= 0.2121 ci= 0.8974 r2= 0.6947 | davis seed= 100 (no improvement)
epoch 995 | val mse= 0.2127 ci= 0.897 r2= 0.684 | davis seed= 100 (no improvement)
epoch 1000 | val mse= 0.2185 ci= 0.8915 r2= 0.6917 | davis seed= 100 (no improvement)
final test metrics at best val MSE epoch  835 : mse= 0.2092495  ci= 0.8922395758418393  rm2= 0.699556587786726
