Diff_DTA_GIN
fold_id: 0
cuda_name: cuda:0
Learning rate:  0.0005
Epochs:  1000
Validation interval:  5
Early stop patience:  50

running on  davis
Pre-processed data found: /root/autodl-tmp/HAG-DTA-cache/processed/davis_fold0_train.pt, loading ...
Pre-processed data found: /root/autodl-tmp/HAG-DTA-cache/processed/davis_fold0_val.pt, loading ...
Pre-processed data found: /root/autodl-tmp/HAG-DTA-cache/processed/davis_fold0_test.pt, loading ...
epoch 1 | val mse= 4.3598 ci= 0.7012 r2= 0.0725 | davis seed= 100
epoch 5 | val mse= 0.6764 ci= 0.7464 r2= 0.2505 | davis seed= 100
epoch 10 | val mse= 0.5462 ci= 0.7965 r2= 0.3367 | davis seed= 100
epoch 15 | val mse= 0.4488 ci= 0.809 r2= 0.3889 | davis seed= 100
epoch 20 | val mse= 0.5041 ci= 0.8208 r2= 0.3248 | davis seed= 100 (no improvement)
epoch 25 | val mse= 0.4084 ci= 0.8178 r2= 0.4604 | davis seed= 100
epoch 30 | val mse= 0.3611 ci= 0.8275 r2= 0.4903 | davis seed= 100
epoch 35 | val mse= 0.3376 ci= 0.8417 r2= 0.5382 | davis seed= 100
epoch 40 | val mse= 0.3356 ci= 0.8402 r2= 0.5504 | davis seed= 100
epoch 45 | val mse= 0.3195 ci= 0.8344 r2= 0.5461 | davis seed= 100
epoch 50 | val mse= 0.3281 ci= 0.8537 r2= 0.5093 | davis seed= 100 (no improvement)
epoch 55 | val mse= 0.2891 ci= 0.8702 r2= 0.5892 | davis seed= 100
epoch 60 | val mse= 0.3222 ci= 0.8657 r2= 0.5222 | davis seed= 100 (no improvement)
epoch 65 | val mse= 0.2909 ci= 0.8671 r2= 0.5448 | davis seed= 100 (no improvement)
epoch 70 | val mse= 0.2627 ci= 0.8744 r2= 0.6523 | davis seed= 100
epoch 75 | val mse= 0.2639 ci= 0.8587 r2= 0.6459 | davis seed= 100 (no improvement)
epoch 80 | val mse= 0.2509 ci= 0.8793 r2= 0.636 | davis seed= 100
epoch 85 | val mse= 0.2474 ci= 0.8776 r2= 0.6629 | davis seed= 100
epoch 90 | val mse= 0.257 ci= 0.8774 r2= 0.6178 | davis seed= 100 (no improvement)
epoch 95 | val mse= 0.2445 ci= 0.879 r2= 0.6357 | davis seed= 100
epoch 100 | val mse= 0.2669 ci= 0.8824 r2= 0.5732 | davis seed= 100 (no improvement)
epoch 105 | val mse= 0.2375 ci= 0.8791 r2= 0.6518 | davis seed= 100
epoch 110 | val mse= 0.2501 ci= 0.8742 r2= 0.6685 | davis seed= 100 (no improvement)
epoch 115 | val mse= 0.2558 ci= 0.8814 r2= 0.5978 | davis seed= 100 (no improvement)
epoch 120 | val mse= 0.2332 ci= 0.8769 r2= 0.6729 | davis seed= 100
epoch 125 | val mse= 0.239 ci= 0.8756 r2= 0.6417 | davis seed= 100 (no improvement)
epoch 130 | val mse= 0.2433 ci= 0.8729 r2= 0.6496 | davis seed= 100 (no improvement)
epoch 135 | val mse= 0.2433 ci= 0.8639 r2= 0.6695 | davis seed= 100 (no improvement)
epoch 140 | val mse= 0.2297 ci= 0.8759 r2= 0.6628 | davis seed= 100
epoch 145 | val mse= 0.2349 ci= 0.8708 r2= 0.6555 | davis seed= 100 (no improvement)
epoch 150 | val mse= 0.2421 ci= 0.8678 r2= 0.627 | davis seed= 100 (no improvement)
epoch 155 | val mse= 0.2308 ci= 0.8829 r2= 0.6497 | davis seed= 100 (no improvement)
epoch 160 | val mse= 0.2381 ci= 0.8861 r2= 0.6116 | davis seed= 100 (no improvement)
epoch 165 | val mse= 0.2309 ci= 0.8828 r2= 0.6782 | davis seed= 100 (no improvement)
epoch 170 | val mse= 0.2305 ci= 0.8874 r2= 0.6413 | davis seed= 100 (no improvement)
epoch 175 | val mse= 0.2354 ci= 0.8892 r2= 0.6289 | davis seed= 100 (no improvement)
epoch 180 | val mse= 0.229 ci= 0.889 r2= 0.6345 | davis seed= 100
epoch 185 | val mse= 0.233 ci= 0.8855 r2= 0.6206 | davis seed= 100 (no improvement)
epoch 190 | val mse= 0.2318 ci= 0.8866 r2= 0.6237 | davis seed= 100 (no improvement)
epoch 195 | val mse= 0.2214 ci= 0.8833 r2= 0.6672 | davis seed= 100
epoch 200 | val mse= 0.2286 ci= 0.8817 r2= 0.6438 | davis seed= 100 (no improvement)
epoch 205 | val mse= 0.2292 ci= 0.8748 r2= 0.6644 | davis seed= 100 (no improvement)
epoch 210 | val mse= 0.2285 ci= 0.8889 r2= 0.6314 | davis seed= 100 (no improvement)
epoch 215 | val mse= 0.2368 ci= 0.8863 r2= 0.6243 | davis seed= 100 (no improvement)
epoch 220 | val mse= 0.2283 ci= 0.8708 r2= 0.6739 | davis seed= 100 (no improvement)
epoch 225 | val mse= 0.2223 ci= 0.886 r2= 0.6846 | davis seed= 100 (no improvement)
epoch 230 | val mse= 0.2228 ci= 0.8858 r2= 0.6628 | davis seed= 100 (no improvement)
epoch 235 | val mse= 0.2253 ci= 0.8841 r2= 0.6707 | davis seed= 100 (no improvement)
epoch 240 | val mse= 0.2247 ci= 0.8891 r2= 0.6424 | davis seed= 100 (no improvement)
epoch 245 | val mse= 0.2232 ci= 0.8843 r2= 0.6564 | davis seed= 100 (no improvement)
epoch 250 | val mse= 0.2228 ci= 0.8863 r2= 0.6679 | davis seed= 100 (no improvement)
epoch 255 | val mse= 0.2258 ci= 0.8767 r2= 0.6891 | davis seed= 100 (no improvement)
epoch 260 | val mse= 0.234 ci= 0.8879 r2= 0.6503 | davis seed= 100 (no improvement)
epoch 265 | val mse= 0.2234 ci= 0.8894 r2= 0.6619 | davis seed= 100 (no improvement)
epoch 270 | val mse= 0.225 ci= 0.8862 r2= 0.6616 | davis seed= 100 (no improvement)
epoch 275 | val mse= 0.2251 ci= 0.8773 r2= 0.6891 | davis seed= 100 (no improvement)
epoch 280 | val mse= 0.2214 ci= 0.8891 r2= 0.657 | davis seed= 100 (no improvement)
epoch 285 | val mse= 0.2266 ci= 0.877 r2= 0.6685 | davis seed= 100 (no improvement)
epoch 290 | val mse= 0.2217 ci= 0.8804 r2= 0.6737 | davis seed= 100 (no improvement)
epoch 295 | val mse= 0.2277 ci= 0.8887 r2= 0.6452 | davis seed= 100 (no improvement)
epoch 300 | val mse= 0.2268 ci= 0.8812 r2= 0.6538 | davis seed= 100 (no improvement)
epoch 305 | val mse= 0.2231 ci= 0.8906 r2= 0.6491 | davis seed= 100 (no improvement)
epoch 310 | val mse= 0.2238 ci= 0.8916 r2= 0.6504 | davis seed= 100 (no improvement)
epoch 315 | val mse= 0.2277 ci= 0.8887 r2= 0.6445 | davis seed= 100 (no improvement)
epoch 320 | val mse= 0.2198 ci= 0.8929 r2= 0.659 | davis seed= 100
epoch 325 | val mse= 0.2216 ci= 0.8911 r2= 0.6709 | davis seed= 100 (no improvement)
epoch 330 | val mse= 0.2192 ci= 0.8901 r2= 0.6686 | davis seed= 100
epoch 335 | val mse= 0.2203 ci= 0.8903 r2= 0.6631 | davis seed= 100 (no improvement)
epoch 340 | val mse= 0.2223 ci= 0.8898 r2= 0.6525 | davis seed= 100 (no improvement)
epoch 345 | val mse= 0.2193 ci= 0.8916 r2= 0.6805 | davis seed= 100 (no improvement)
epoch 350 | val mse= 0.2234 ci= 0.8855 r2= 0.669 | davis seed= 100 (no improvement)
epoch 355 | val mse= 0.219 ci= 0.8913 r2= 0.6725 | davis seed= 100
epoch 360 | val mse= 0.2197 ci= 0.8949 r2= 0.6563 | davis seed= 100 (no improvement)
epoch 365 | val mse= 0.2167 ci= 0.8916 r2= 0.6831 | davis seed= 100
epoch 370 | val mse= 0.2268 ci= 0.8898 r2= 0.6589 | davis seed= 100 (no improvement)
epoch 375 | val mse= 0.2264 ci= 0.8796 r2= 0.6519 | davis seed= 100 (no improvement)
epoch 380 | val mse= 0.2203 ci= 0.8889 r2= 0.6764 | davis seed= 100 (no improvement)
epoch 385 | val mse= 0.2256 ci= 0.8832 r2= 0.6657 | davis seed= 100 (no improvement)
epoch 390 | val mse= 0.2202 ci= 0.8895 r2= 0.6659 | davis seed= 100 (no improvement)
epoch 395 | val mse= 0.2216 ci= 0.891 r2= 0.6622 | davis seed= 100 (no improvement)
epoch 400 | val mse= 0.2205 ci= 0.8842 r2= 0.6709 | davis seed= 100 (no improvement)
epoch 405 | val mse= 0.2238 ci= 0.8899 r2= 0.6684 | davis seed= 100 (no improvement)
epoch 410 | val mse= 0.2213 ci= 0.886 r2= 0.6666 | davis seed= 100 (no improvement)
epoch 415 | val mse= 0.2221 ci= 0.8893 r2= 0.6876 | davis seed= 100 (no improvement)
epoch 420 | val mse= 0.2226 ci= 0.8846 r2= 0.6633 | davis seed= 100 (no improvement)
epoch 425 | val mse= 0.2202 ci= 0.8895 r2= 0.6863 | davis seed= 100 (no improvement)
epoch 430 | val mse= 0.2248 ci= 0.8817 r2= 0.6651 | davis seed= 100 (no improvement)
epoch 435 | val mse= 0.2181 ci= 0.8932 r2= 0.6581 | davis seed= 100 (no improvement)
epoch 440 | val mse= 0.22 ci= 0.8858 r2= 0.682 | davis seed= 100 (no improvement)
epoch 445 | val mse= 0.2178 ci= 0.8942 r2= 0.6858 | davis seed= 100 (no improvement)
epoch 450 | val mse= 0.22 ci= 0.8836 r2= 0.6806 | davis seed= 100 (no improvement)
epoch 455 | val mse= 0.2268 ci= 0.8911 r2= 0.6782 | davis seed= 100 (no improvement)
epoch 460 | val mse= 0.2227 ci= 0.8865 r2= 0.6768 | davis seed= 100 (no improvement)
epoch 465 | val mse= 0.2213 ci= 0.8896 r2= 0.6582 | davis seed= 100 (no improvement)
epoch 470 | val mse= 0.2186 ci= 0.8919 r2= 0.6703 | davis seed= 100 (no improvement)
epoch 475 | val mse= 0.2191 ci= 0.8895 r2= 0.6699 | davis seed= 100 (no improvement)
epoch 480 | val mse= /root/HAG-DTA/py38_env/lib/python3.8/site-packages/torch_geometric/deprecation.py:26: UserWarning: 'data.DenseDataLoader' is deprecated, use 'loader.DenseDataLoader' instead
  warnings.warn(out)
0.2212 ci= 0.8893 r2= 0.6729 | davis seed= 100 (no improvement)
epoch 485 | val mse= 0.2202 ci= 0.8917 r2= 0.6746 | davis seed= 100 (no improvement)
epoch 490 | val mse= 0.2243 ci= 0.8927 r2= 0.6372 | davis seed= 100 (no improvement)
epoch 495 | val mse= 0.2209 ci= 0.891 r2= 0.6762 | davis seed= 100 (no improvement)
epoch 500 | val mse= 0.2268 ci= 0.8885 r2= 0.6737 | davis seed= 100 (no improvement)
epoch 505 | val mse= 0.2151 ci= 0.8878 r2= 0.7061 | davis seed= 100
epoch 510 | val mse= 0.2251 ci= 0.894 r2= 0.6658 | davis seed= 100 (no improvement)
epoch 515 | val mse= 0.2178 ci= 0.8938 r2= 0.6701 | davis seed= 100 (no improvement)
epoch 520 | val mse= 0.2258 ci= 0.8899 r2= 0.6834 | davis seed= 100 (no improvement)
epoch 525 | val mse= 0.2226 ci= 0.8935 r2= 0.6611 | davis seed= 100 (no improvement)
epoch 530 | val mse= 0.2189 ci= 0.89 r2= 0.6803 | davis seed= 100 (no improvement)
epoch 535 | val mse= 0.2178 ci= 0.8957 r2= 0.6775 | davis seed= 100 (no improvement)
epoch 540 | val mse= 0.2244 ci= 0.8912 r2= 0.6546 | davis seed= 100 (no improvement)
epoch 545 | val mse= 0.2199 ci= 0.8934 r2= 0.6583 | davis seed= 100 (no improvement)
epoch 550 | val mse= 0.218 ci= 0.8943 r2= 0.6707 | davis seed= 100 (no improvement)
epoch 555 | val mse= 0.2174 ci= 0.8911 r2= 0.6803 | davis seed= 100 (no improvement)
epoch 560 | val mse= 0.216 ci= 0.8952 r2= 0.6774 | davis seed= 100 (no improvement)
epoch 565 | val mse= 0.2246 ci= 0.8893 r2= 0.6737 | davis seed= 100 (no improvement)
epoch 570 | val mse= 0.2161 ci= 0.8942 r2= 0.6732 | davis seed= 100 (no improvement)
epoch 575 | val mse= 0.2204 ci= 0.8933 r2= 0.6845 | davis seed= 100 (no improvement)
epoch 580 | val mse= 0.22 ci= 0.8946 r2= 0.6713 | davis seed= 100 (no improvement)
epoch 585 | val mse= 0.2175 ci= 0.8937 r2= 0.6785 | davis seed= 100 (no improvement)
epoch 590 | val mse= 0.2192 ci= 0.8933 r2= 0.6524 | davis seed= 100 (no improvement)
epoch 595 | val mse= 0.219 ci= 0.8898 r2= 0.6794 | davis seed= 100 (no improvement)
epoch 600 | val mse= 0.2193 ci= 0.8953 r2= 0.6624 | davis seed= 100 (no improvement)
epoch 605 | val mse= 0.2192 ci= 0.8875 r2= 0.6882 | davis seed= 100 (no improvement)
epoch 610 | val mse= 0.2157 ci= 0.893 r2= 0.679 | davis seed= 100 (no improvement)
epoch 615 | val mse= 0.2195 ci= 0.8916 r2= 0.6543 | davis seed= 100 (no improvement)
epoch 620 | val mse= 0.2197 ci= 0.8904 r2= 0.6722 | davis seed= 100 (no improvement)
epoch 625 | val mse= 0.2159 ci= 0.8893 r2= 0.6822 | davis seed= 100 (no improvement)
epoch 630 | val mse= 0.2182 ci= 0.894 r2= 0.6697 | davis seed= 100 (no improvement)
epoch 635 | val mse= 0.2203 ci= 0.8882 r2= 0.6662 | davis seed= 100 (no improvement)
epoch 640 | val mse= 0.2164 ci= 0.8955 r2= 0.6766 | davis seed= 100 (no improvement)
epoch 645 | val mse= 0.2182 ci= 0.8879 r2= 0.6846 | davis seed= 100 (no improvement)
epoch 650 | val mse= 0.2164 ci= 0.8953 r2= 0.6814 | davis seed= 100 (no improvement)
epoch 655 | val mse= 0.2164 ci= 0.8858 r2= 0.6898 | davis seed= 100 (no improvement)
epoch 660 | val mse= 0.2204 ci= 0.8865 r2= 0.6979 | davis seed= 100 (no improvement)
epoch 665 | val mse= 0.2152 ci= 0.8884 r2= 0.6988 | davis seed= 100 (no improvement)
epoch 670 | val mse= 0.2176 ci= 0.8896 r2= 0.6849 | davis seed= 100 (no improvement)
epoch 675 | val mse= 0.2184 ci= 0.8871 r2= 0.683 | davis seed= 100 (no improvement)
epoch 680 | val mse= 0.2173 ci= 0.8926 r2= 0.6685 | davis seed= 100 (no improvement)
epoch 685 | val mse= 0.2163 ci= 0.8932 r2= 0.6866 | davis seed= 100 (no improvement)
epoch 690 | val mse= 0.2179 ci= 0.8904 r2= 0.6852 | davis seed= 100 (no improvement)
epoch 695 | val mse= 0.2195 ci= 0.8904 r2= 0.6611 | davis seed= 100 (no improvement)
epoch 700 | val mse= 0.213 ci= 0.898 r2= 0.6819 | davis seed= 100
epoch 705 | val mse= 0.2183 ci= 0.8963 r2= 0.6678 | davis seed= 100 (no improvement)
epoch 710 | val mse= 0.2185 ci= 0.8871 r2= 0.6885 | davis seed= 100 (no improvement)
epoch 715 | val mse= 0.2224 ci= 0.895 r2= 0.6803 | davis seed= 100 (no improvement)
epoch 720 | val mse= 0.215 ci= 0.8916 r2= 0.6804 | davis seed= 100 (no improvement)
epoch 725 | val mse= 0.2245 ci= 0.8953 r2= 0.7027 | davis seed= 100 (no improvement)
epoch 730 | val mse= 0.2164 ci= 0.8934 r2= 0.6765 | davis seed= 100 (no improvement)
epoch 735 | val mse= 0.2193 ci= 0.8931 r2= 0.6771 | davis seed= 100 (no improvement)
epoch 740 | val mse= 0.2158 ci= 0.8971 r2= 0.6733 | davis seed= 100 (no improvement)
epoch 745 | val mse= 0.2204 ci= 0.8908 r2= 0.6881 | davis seed= 100 (no improvement)
epoch 750 | val mse= 0.2186 ci= 0.8893 r2= 0.6738 | davis seed= 100 (no improvement)
epoch 755 | val mse= 0.2189 ci= 0.8913 r2= 0.6789 | davis seed= 100 (no improvement)
epoch 760 | val mse= 0.2232 ci= 0.8946 r2= 0.6639 | davis seed= 100 (no improvement)
epoch 765 | val mse= 0.2216 ci= 0.8922 r2= 0.6543 | davis seed= 100 (no improvement)
epoch 770 | val mse= 0.2187 ci= 0.8918 r2= 0.6716 | davis seed= 100 (no improvement)
epoch 775 | val mse= 0.2184 ci= 0.8879 r2= 0.6825 | davis seed= 100 (no improvement)
epoch 780 | val mse= 0.2197 ci= 0.8939 r2= 0.6745 | davis seed= 100 (no improvement)
epoch 785 | val mse= 0.2181 ci= 0.8939 r2= 0.6862 | davis seed= 100 (no improvement)
epoch 790 | val mse= 0.2186 ci= 0.8957 r2= 0.6754 | davis seed= 100 (no improvement)
epoch 795 | val mse= 0.2165 ci= 0.8955 r2= 0.6753 | davis seed= 100 (no improvement)
epoch 800 | val mse= 0.2194 ci= 0.8938 r2= 0.6884 | davis seed= 100 (no improvement)
epoch 805 | val mse= 0.2143 ci= 0.8918 r2= 0.6891 | davis seed= 100 (no improvement)
epoch 810 | val mse= 0.2157 ci= 0.8922 r2= 0.6781 | davis seed= 100 (no improvement)
epoch 815 | val mse= 0.2158 ci= 0.8933 r2= 0.6904 | davis seed= 100 (no improvement)
epoch 820 | val mse= 0.2177 ci= 0.8959 r2= 0.672 | davis seed= 100 (no improvement)
epoch 825 | val mse= 0.2171 ci= 0.8984 r2= 0.6735 | davis seed= 100 (no improvement)
epoch 830 | val mse= 0.2175 ci= 0.8881 r2= 0.6794 | davis seed= 100 (no improvement)
epoch 835 | val mse= 0.218 ci= 0.895 r2= 0.6846 | davis seed= 100 (no improvement)
epoch 840 | val mse= 0.2151 ci= 0.8945 r2= 0.6856 | davis seed= 100 (no improvement)
epoch 845 | val mse= 0.2175 ci= 0.8963 r2= 0.679 | davis seed= 100 (no improvement)
epoch 850 | val mse= 0.2158 ci= 0.8947 r2= 0.6858 | davis seed= 100 (no improvement)
epoch 855 | val mse= 0.2199 ci= 0.893 r2= 0.6824 | davis seed= 100 (no improvement)
epoch 860 | val mse= 0.2209 ci= 0.897 r2= 0.6648 | davis seed= 100 (no improvement)
epoch 865 | val mse= 0.2181 ci= 0.8939 r2= 0.6771 | davis seed= 100 (no improvement)
epoch 870 | val mse= 0.2147 ci= 0.8948 r2= 0.6811 | davis seed= 100 (no improvement)
epoch 875 | val mse= 0.2131 ci= 0.8966 r2= 0.6748 | davis seed= 100 (no improvement)
epoch 880 | val mse= 0.2157 ci= 0.8932 r2= 0.6866 | davis seed= 100 (no improvement)
epoch 885 | val mse= 0.213 ci= 0.8932 r2= 0.6808 | davis seed= 100 (no improvement)
epoch 890 | val mse= 0.2138 ci= 0.8952 r2= 0.6865 | davis seed= 100 (no improvement)
epoch 895 | val mse= 0.2148 ci= 0.8952 r2= 0.6896 | davis seed= 100 (no improvement)
epoch 900 | val mse= 0.2176 ci= 0.893 r2= 0.676 | davis seed= 100 (no improvement)
epoch 905 | val mse= 0.2138 ci= 0.8911 r2= 0.6919 | davis seed= 100 (no improvement)
epoch 910 | val mse= 0.2196 ci= 0.8906 r2= 0.6963 | davis seed= 100 (no improvement)
epoch 915 | val mse= 0.2213 ci= 0.8944 r2= 0.646 | davis seed= 100 (no improvement)
epoch 920 | val mse= 0.216 ci= 0.8948 r2= 0.6882 | davis seed= 100 (no improvement)
epoch 925 | val mse= 0.2171 ci= 0.8939 r2= 0.6801 | davis seed= 100 (no improvement)
epoch 930 | val mse= 0.2184 ci= 0.8964 r2= 0.6828 | davis seed= 100 (no improvement)
epoch 935 | val mse= 0.2195 ci= 0.8935 r2= 0.6819 | davis seed= 100 (no improvement)
epoch 940 | val mse= 0.2192 ci= 0.8917 r2= 0.688 | davis seed= 100 (no improvement)
epoch 945 | val mse= 0.215 ci= 0.8917 r2= 0.6968 | davis seed= 100 (no improvement)
epoch 950 | val mse= 0.2186 ci= 0.8895 r2= 0.6729 | davis seed= 100 (no improvement)
early stopping at epoch  950  due to no validation improvement.
final test metrics at best val MSE epoch  700 : mse= 0.21303892  ci= 0.897955714414466  rm2= 0.681858468200759
